[2024-01-28T06:40:52.529+0100] {processor.py:161} INFO - Started process (PID=11468) to work on /home/ubuntu/.local/lib/python3.10/site-packages/airflow/example_dags/example_short_circuit_operator.py
[2024-01-28T06:40:52.537+0100] {processor.py:830} INFO - Processing file /home/ubuntu/.local/lib/python3.10/site-packages/airflow/example_dags/example_short_circuit_operator.py for tasks to queue
[2024-01-28T06:40:52.576+0100] {logging_mixin.py:188} INFO - [2024-01-28T06:40:52.538+0100] {dagbag.py:538} INFO - Filling up the DagBag from /home/ubuntu/.local/lib/python3.10/site-packages/airflow/example_dags/example_short_circuit_operator.py
[2024-01-28T06:40:52.667+0100] {processor.py:840} INFO - DAG(s) 'example_short_circuit_operator' retrieved from /home/ubuntu/.local/lib/python3.10/site-packages/airflow/example_dags/example_short_circuit_operator.py
[2024-01-28T06:40:52.841+0100] {logging_mixin.py:188} INFO - [2024-01-28T06:40:52.841+0100] {dag.py:3033} INFO - Sync 1 DAGs
[2024-01-28T06:40:52.986+0100] {logging_mixin.py:188} INFO - [2024-01-28T06:40:52.986+0100] {dag.py:3820} INFO - Setting next_dagrun for example_short_circuit_operator to 2024-01-27T00:00:00+00:00, run_after=2024-01-28T00:00:00+00:00
[2024-01-28T06:40:53.432+0100] {processor.py:183} INFO - Processing /home/ubuntu/.local/lib/python3.10/site-packages/airflow/example_dags/example_short_circuit_operator.py took 0.957 seconds
[2024-01-28T06:43:08.439+0100] {processor.py:161} INFO - Started process (PID=11547) to work on /home/ubuntu/.local/lib/python3.10/site-packages/airflow/example_dags/example_short_circuit_operator.py
[2024-01-28T06:43:08.525+0100] {processor.py:830} INFO - Processing file /home/ubuntu/.local/lib/python3.10/site-packages/airflow/example_dags/example_short_circuit_operator.py for tasks to queue
[2024-01-28T06:43:08.529+0100] {logging_mixin.py:188} INFO - [2024-01-28T06:43:08.528+0100] {dagbag.py:538} INFO - Filling up the DagBag from /home/ubuntu/.local/lib/python3.10/site-packages/airflow/example_dags/example_short_circuit_operator.py
[2024-01-28T06:43:08.656+0100] {processor.py:840} INFO - DAG(s) 'example_short_circuit_operator' retrieved from /home/ubuntu/.local/lib/python3.10/site-packages/airflow/example_dags/example_short_circuit_operator.py
[2024-01-28T06:43:09.771+0100] {logging_mixin.py:188} INFO - [2024-01-28T06:43:09.769+0100] {dag.py:3033} INFO - Sync 1 DAGs
[2024-01-28T06:43:10.018+0100] {logging_mixin.py:188} INFO - [2024-01-28T06:43:10.017+0100] {dag.py:3820} INFO - Setting next_dagrun for example_short_circuit_operator to 2024-01-27T00:00:00+00:00, run_after=2024-01-28T00:00:00+00:00
[2024-01-28T06:43:11.161+0100] {processor.py:183} INFO - Processing /home/ubuntu/.local/lib/python3.10/site-packages/airflow/example_dags/example_short_circuit_operator.py took 2.802 seconds
[2024-01-28T06:45:23.031+0100] {processor.py:161} INFO - Started process (PID=11601) to work on /home/ubuntu/.local/lib/python3.10/site-packages/airflow/example_dags/example_short_circuit_operator.py
[2024-01-28T06:45:23.086+0100] {processor.py:830} INFO - Processing file /home/ubuntu/.local/lib/python3.10/site-packages/airflow/example_dags/example_short_circuit_operator.py for tasks to queue
[2024-01-28T06:45:23.101+0100] {logging_mixin.py:188} INFO - [2024-01-28T06:45:23.100+0100] {dagbag.py:538} INFO - Filling up the DagBag from /home/ubuntu/.local/lib/python3.10/site-packages/airflow/example_dags/example_short_circuit_operator.py
[2024-01-28T06:45:23.224+0100] {processor.py:840} INFO - DAG(s) 'example_short_circuit_operator' retrieved from /home/ubuntu/.local/lib/python3.10/site-packages/airflow/example_dags/example_short_circuit_operator.py
[2024-01-28T06:45:23.541+0100] {logging_mixin.py:188} INFO - [2024-01-28T06:45:23.541+0100] {dag.py:3033} INFO - Sync 1 DAGs
[2024-01-28T06:45:23.756+0100] {logging_mixin.py:188} INFO - [2024-01-28T06:45:23.756+0100] {dag.py:3820} INFO - Setting next_dagrun for example_short_circuit_operator to 2024-01-27T00:00:00+00:00, run_after=2024-01-28T00:00:00+00:00
[2024-01-28T06:45:24.017+0100] {processor.py:183} INFO - Processing /home/ubuntu/.local/lib/python3.10/site-packages/airflow/example_dags/example_short_circuit_operator.py took 1.019 seconds
[2024-01-28T06:47:22.447+0100] {processor.py:161} INFO - Started process (PID=11654) to work on /home/ubuntu/.local/lib/python3.10/site-packages/airflow/example_dags/example_short_circuit_operator.py
[2024-01-28T06:47:22.527+0100] {processor.py:830} INFO - Processing file /home/ubuntu/.local/lib/python3.10/site-packages/airflow/example_dags/example_short_circuit_operator.py for tasks to queue
[2024-01-28T06:47:22.530+0100] {logging_mixin.py:188} INFO - [2024-01-28T06:47:22.529+0100] {dagbag.py:538} INFO - Filling up the DagBag from /home/ubuntu/.local/lib/python3.10/site-packages/airflow/example_dags/example_short_circuit_operator.py
[2024-01-28T06:47:22.552+0100] {processor.py:840} INFO - DAG(s) 'example_short_circuit_operator' retrieved from /home/ubuntu/.local/lib/python3.10/site-packages/airflow/example_dags/example_short_circuit_operator.py
[2024-01-28T06:47:22.642+0100] {logging_mixin.py:188} INFO - [2024-01-28T06:47:22.642+0100] {dag.py:3033} INFO - Sync 1 DAGs
[2024-01-28T06:47:22.682+0100] {logging_mixin.py:188} INFO - [2024-01-28T06:47:22.681+0100] {dag.py:3820} INFO - Setting next_dagrun for example_short_circuit_operator to 2024-01-27T00:00:00+00:00, run_after=2024-01-28T00:00:00+00:00
[2024-01-28T06:47:23.249+0100] {processor.py:183} INFO - Processing /home/ubuntu/.local/lib/python3.10/site-packages/airflow/example_dags/example_short_circuit_operator.py took 0.832 seconds
[2024-01-28T06:49:20.492+0100] {processor.py:161} INFO - Started process (PID=11705) to work on /home/ubuntu/.local/lib/python3.10/site-packages/airflow/example_dags/example_short_circuit_operator.py
[2024-01-28T06:49:20.500+0100] {processor.py:830} INFO - Processing file /home/ubuntu/.local/lib/python3.10/site-packages/airflow/example_dags/example_short_circuit_operator.py for tasks to queue
[2024-01-28T06:49:20.504+0100] {logging_mixin.py:188} INFO - [2024-01-28T06:49:20.503+0100] {dagbag.py:538} INFO - Filling up the DagBag from /home/ubuntu/.local/lib/python3.10/site-packages/airflow/example_dags/example_short_circuit_operator.py
[2024-01-28T06:49:20.621+0100] {processor.py:840} INFO - DAG(s) 'example_short_circuit_operator' retrieved from /home/ubuntu/.local/lib/python3.10/site-packages/airflow/example_dags/example_short_circuit_operator.py
[2024-01-28T06:49:20.876+0100] {logging_mixin.py:188} INFO - [2024-01-28T06:49:20.876+0100] {dag.py:3033} INFO - Sync 1 DAGs
[2024-01-28T06:49:21.190+0100] {logging_mixin.py:188} INFO - [2024-01-28T06:49:21.189+0100] {dag.py:3820} INFO - Setting next_dagrun for example_short_circuit_operator to 2024-01-27T00:00:00+00:00, run_after=2024-01-28T00:00:00+00:00
[2024-01-28T06:49:21.843+0100] {processor.py:183} INFO - Processing /home/ubuntu/.local/lib/python3.10/site-packages/airflow/example_dags/example_short_circuit_operator.py took 1.398 seconds
[2024-01-28T06:51:23.951+0100] {processor.py:161} INFO - Started process (PID=11760) to work on /home/ubuntu/.local/lib/python3.10/site-packages/airflow/example_dags/example_short_circuit_operator.py
[2024-01-28T06:51:23.995+0100] {processor.py:830} INFO - Processing file /home/ubuntu/.local/lib/python3.10/site-packages/airflow/example_dags/example_short_circuit_operator.py for tasks to queue
[2024-01-28T06:51:23.997+0100] {logging_mixin.py:188} INFO - [2024-01-28T06:51:23.996+0100] {dagbag.py:538} INFO - Filling up the DagBag from /home/ubuntu/.local/lib/python3.10/site-packages/airflow/example_dags/example_short_circuit_operator.py
[2024-01-28T06:51:24.057+0100] {processor.py:840} INFO - DAG(s) 'example_short_circuit_operator' retrieved from /home/ubuntu/.local/lib/python3.10/site-packages/airflow/example_dags/example_short_circuit_operator.py
[2024-01-28T06:51:24.194+0100] {logging_mixin.py:188} INFO - [2024-01-28T06:51:24.194+0100] {dag.py:3033} INFO - Sync 1 DAGs
[2024-01-28T06:51:24.329+0100] {logging_mixin.py:188} INFO - [2024-01-28T06:51:24.329+0100] {dag.py:3820} INFO - Setting next_dagrun for example_short_circuit_operator to 2024-01-27T00:00:00+00:00, run_after=2024-01-28T00:00:00+00:00
[2024-01-28T06:51:25.008+0100] {processor.py:183} INFO - Processing /home/ubuntu/.local/lib/python3.10/site-packages/airflow/example_dags/example_short_circuit_operator.py took 1.105 seconds
[2024-01-28T06:53:25.648+0100] {processor.py:161} INFO - Started process (PID=11811) to work on /home/ubuntu/.local/lib/python3.10/site-packages/airflow/example_dags/example_short_circuit_operator.py
[2024-01-28T06:53:25.701+0100] {processor.py:830} INFO - Processing file /home/ubuntu/.local/lib/python3.10/site-packages/airflow/example_dags/example_short_circuit_operator.py for tasks to queue
[2024-01-28T06:53:25.711+0100] {logging_mixin.py:188} INFO - [2024-01-28T06:53:25.702+0100] {dagbag.py:538} INFO - Filling up the DagBag from /home/ubuntu/.local/lib/python3.10/site-packages/airflow/example_dags/example_short_circuit_operator.py
[2024-01-28T06:53:25.741+0100] {processor.py:840} INFO - DAG(s) 'example_short_circuit_operator' retrieved from /home/ubuntu/.local/lib/python3.10/site-packages/airflow/example_dags/example_short_circuit_operator.py
[2024-01-28T06:53:25.780+0100] {logging_mixin.py:188} INFO - [2024-01-28T06:53:25.779+0100] {dag.py:3033} INFO - Sync 1 DAGs
[2024-01-28T06:53:25.817+0100] {logging_mixin.py:188} INFO - [2024-01-28T06:53:25.817+0100] {dag.py:3820} INFO - Setting next_dagrun for example_short_circuit_operator to 2024-01-27T00:00:00+00:00, run_after=2024-01-28T00:00:00+00:00
[2024-01-28T06:53:26.318+0100] {processor.py:183} INFO - Processing /home/ubuntu/.local/lib/python3.10/site-packages/airflow/example_dags/example_short_circuit_operator.py took 0.680 seconds
[2024-01-28T06:55:22.845+0100] {processor.py:161} INFO - Started process (PID=11867) to work on /home/ubuntu/.local/lib/python3.10/site-packages/airflow/example_dags/example_short_circuit_operator.py
[2024-01-28T06:55:22.885+0100] {processor.py:830} INFO - Processing file /home/ubuntu/.local/lib/python3.10/site-packages/airflow/example_dags/example_short_circuit_operator.py for tasks to queue
[2024-01-28T06:55:22.895+0100] {logging_mixin.py:188} INFO - [2024-01-28T06:55:22.887+0100] {dagbag.py:538} INFO - Filling up the DagBag from /home/ubuntu/.local/lib/python3.10/site-packages/airflow/example_dags/example_short_circuit_operator.py
[2024-01-28T06:55:23.063+0100] {processor.py:840} INFO - DAG(s) 'example_short_circuit_operator' retrieved from /home/ubuntu/.local/lib/python3.10/site-packages/airflow/example_dags/example_short_circuit_operator.py
[2024-01-28T06:55:23.396+0100] {logging_mixin.py:188} INFO - [2024-01-28T06:55:23.396+0100] {dag.py:3033} INFO - Sync 1 DAGs
[2024-01-28T06:55:23.628+0100] {logging_mixin.py:188} INFO - [2024-01-28T06:55:23.619+0100] {dag.py:3820} INFO - Setting next_dagrun for example_short_circuit_operator to 2024-01-27T00:00:00+00:00, run_after=2024-01-28T00:00:00+00:00
[2024-01-28T06:55:24.362+0100] {processor.py:183} INFO - Processing /home/ubuntu/.local/lib/python3.10/site-packages/airflow/example_dags/example_short_circuit_operator.py took 1.553 seconds
[2024-01-28T06:57:19.177+0100] {processor.py:161} INFO - Started process (PID=11972) to work on /home/ubuntu/.local/lib/python3.10/site-packages/airflow/example_dags/example_short_circuit_operator.py
[2024-01-28T06:57:19.215+0100] {processor.py:830} INFO - Processing file /home/ubuntu/.local/lib/python3.10/site-packages/airflow/example_dags/example_short_circuit_operator.py for tasks to queue
[2024-01-28T06:57:19.217+0100] {logging_mixin.py:188} INFO - [2024-01-28T06:57:19.216+0100] {dagbag.py:538} INFO - Filling up the DagBag from /home/ubuntu/.local/lib/python3.10/site-packages/airflow/example_dags/example_short_circuit_operator.py
[2024-01-28T06:57:19.281+0100] {processor.py:840} INFO - DAG(s) 'example_short_circuit_operator' retrieved from /home/ubuntu/.local/lib/python3.10/site-packages/airflow/example_dags/example_short_circuit_operator.py
[2024-01-28T06:57:19.455+0100] {logging_mixin.py:188} INFO - [2024-01-28T06:57:19.455+0100] {dag.py:3033} INFO - Sync 1 DAGs
[2024-01-28T06:57:19.590+0100] {logging_mixin.py:188} INFO - [2024-01-28T06:57:19.589+0100] {dag.py:3820} INFO - Setting next_dagrun for example_short_circuit_operator to 2024-01-27T00:00:00+00:00, run_after=2024-01-28T00:00:00+00:00
[2024-01-28T06:57:20.002+0100] {processor.py:183} INFO - Processing /home/ubuntu/.local/lib/python3.10/site-packages/airflow/example_dags/example_short_circuit_operator.py took 0.834 seconds
[2024-01-28T06:58:28.276+0100] {processor.py:161} INFO - Started process (PID=12045) to work on /home/ubuntu/.local/lib/python3.10/site-packages/airflow/example_dags/example_short_circuit_operator.py
[2024-01-28T06:58:28.279+0100] {processor.py:830} INFO - Processing file /home/ubuntu/.local/lib/python3.10/site-packages/airflow/example_dags/example_short_circuit_operator.py for tasks to queue
[2024-01-28T06:58:28.280+0100] {logging_mixin.py:188} INFO - [2024-01-28T06:58:28.280+0100] {dagbag.py:538} INFO - Filling up the DagBag from /home/ubuntu/.local/lib/python3.10/site-packages/airflow/example_dags/example_short_circuit_operator.py
[2024-01-28T06:58:28.304+0100] {processor.py:840} INFO - DAG(s) 'example_short_circuit_operator' retrieved from /home/ubuntu/.local/lib/python3.10/site-packages/airflow/example_dags/example_short_circuit_operator.py
[2024-01-28T06:58:28.336+0100] {logging_mixin.py:188} INFO - [2024-01-28T06:58:28.336+0100] {dag.py:3033} INFO - Sync 1 DAGs
[2024-01-28T06:58:28.362+0100] {logging_mixin.py:188} INFO - [2024-01-28T06:58:28.362+0100] {dag.py:3820} INFO - Setting next_dagrun for example_short_circuit_operator to 2024-01-27T00:00:00+00:00, run_after=2024-01-28T00:00:00+00:00
[2024-01-28T06:58:28.491+0100] {processor.py:183} INFO - Processing /home/ubuntu/.local/lib/python3.10/site-packages/airflow/example_dags/example_short_circuit_operator.py took 0.219 seconds
[2024-01-28T07:00:08.855+0100] {processor.py:161} INFO - Started process (PID=12121) to work on /home/ubuntu/.local/lib/python3.10/site-packages/airflow/example_dags/example_short_circuit_operator.py
[2024-01-28T07:00:08.857+0100] {processor.py:830} INFO - Processing file /home/ubuntu/.local/lib/python3.10/site-packages/airflow/example_dags/example_short_circuit_operator.py for tasks to queue
[2024-01-28T07:00:08.858+0100] {logging_mixin.py:188} INFO - [2024-01-28T07:00:08.858+0100] {dagbag.py:538} INFO - Filling up the DagBag from /home/ubuntu/.local/lib/python3.10/site-packages/airflow/example_dags/example_short_circuit_operator.py
[2024-01-28T07:00:08.871+0100] {processor.py:840} INFO - DAG(s) 'example_short_circuit_operator' retrieved from /home/ubuntu/.local/lib/python3.10/site-packages/airflow/example_dags/example_short_circuit_operator.py
[2024-01-28T07:00:08.895+0100] {logging_mixin.py:188} INFO - [2024-01-28T07:00:08.895+0100] {dag.py:3033} INFO - Sync 1 DAGs
[2024-01-28T07:00:08.929+0100] {logging_mixin.py:188} INFO - [2024-01-28T07:00:08.928+0100] {dag.py:3820} INFO - Setting next_dagrun for example_short_circuit_operator to 2024-01-27T00:00:00+00:00, run_after=2024-01-28T00:00:00+00:00
[2024-01-28T07:00:09.157+0100] {processor.py:183} INFO - Processing /home/ubuntu/.local/lib/python3.10/site-packages/airflow/example_dags/example_short_circuit_operator.py took 0.308 seconds
[2024-01-28T07:01:47.569+0100] {processor.py:161} INFO - Started process (PID=12198) to work on /home/ubuntu/.local/lib/python3.10/site-packages/airflow/example_dags/example_short_circuit_operator.py
[2024-01-28T07:01:47.592+0100] {processor.py:830} INFO - Processing file /home/ubuntu/.local/lib/python3.10/site-packages/airflow/example_dags/example_short_circuit_operator.py for tasks to queue
[2024-01-28T07:01:47.594+0100] {logging_mixin.py:188} INFO - [2024-01-28T07:01:47.593+0100] {dagbag.py:538} INFO - Filling up the DagBag from /home/ubuntu/.local/lib/python3.10/site-packages/airflow/example_dags/example_short_circuit_operator.py
[2024-01-28T07:01:47.612+0100] {processor.py:840} INFO - DAG(s) 'example_short_circuit_operator' retrieved from /home/ubuntu/.local/lib/python3.10/site-packages/airflow/example_dags/example_short_circuit_operator.py
[2024-01-28T07:01:47.658+0100] {logging_mixin.py:188} INFO - [2024-01-28T07:01:47.648+0100] {dag.py:3033} INFO - Sync 1 DAGs
[2024-01-28T07:01:47.768+0100] {logging_mixin.py:188} INFO - [2024-01-28T07:01:47.768+0100] {dag.py:3820} INFO - Setting next_dagrun for example_short_circuit_operator to 2024-01-27T00:00:00+00:00, run_after=2024-01-28T00:00:00+00:00
[2024-01-28T07:01:48.040+0100] {processor.py:183} INFO - Processing /home/ubuntu/.local/lib/python3.10/site-packages/airflow/example_dags/example_short_circuit_operator.py took 0.488 seconds
[2024-01-28T07:03:20.090+0100] {processor.py:161} INFO - Started process (PID=12269) to work on /home/ubuntu/.local/lib/python3.10/site-packages/airflow/example_dags/example_short_circuit_operator.py
[2024-01-28T07:03:20.093+0100] {processor.py:830} INFO - Processing file /home/ubuntu/.local/lib/python3.10/site-packages/airflow/example_dags/example_short_circuit_operator.py for tasks to queue
[2024-01-28T07:03:20.094+0100] {logging_mixin.py:188} INFO - [2024-01-28T07:03:20.094+0100] {dagbag.py:538} INFO - Filling up the DagBag from /home/ubuntu/.local/lib/python3.10/site-packages/airflow/example_dags/example_short_circuit_operator.py
[2024-01-28T07:03:20.106+0100] {processor.py:840} INFO - DAG(s) 'example_short_circuit_operator' retrieved from /home/ubuntu/.local/lib/python3.10/site-packages/airflow/example_dags/example_short_circuit_operator.py
[2024-01-28T07:03:20.137+0100] {logging_mixin.py:188} INFO - [2024-01-28T07:03:20.137+0100] {dag.py:3033} INFO - Sync 1 DAGs
[2024-01-28T07:03:20.159+0100] {logging_mixin.py:188} INFO - [2024-01-28T07:03:20.159+0100] {dag.py:3820} INFO - Setting next_dagrun for example_short_circuit_operator to 2024-01-27T00:00:00+00:00, run_after=2024-01-28T00:00:00+00:00
[2024-01-28T07:03:20.325+0100] {processor.py:183} INFO - Processing /home/ubuntu/.local/lib/python3.10/site-packages/airflow/example_dags/example_short_circuit_operator.py took 0.244 seconds
[2024-01-28T07:05:00.186+0100] {processor.py:161} INFO - Started process (PID=12342) to work on /home/ubuntu/.local/lib/python3.10/site-packages/airflow/example_dags/example_short_circuit_operator.py
[2024-01-28T07:05:00.211+0100] {processor.py:830} INFO - Processing file /home/ubuntu/.local/lib/python3.10/site-packages/airflow/example_dags/example_short_circuit_operator.py for tasks to queue
[2024-01-28T07:05:00.212+0100] {logging_mixin.py:188} INFO - [2024-01-28T07:05:00.212+0100] {dagbag.py:538} INFO - Filling up the DagBag from /home/ubuntu/.local/lib/python3.10/site-packages/airflow/example_dags/example_short_circuit_operator.py
[2024-01-28T07:05:00.234+0100] {processor.py:840} INFO - DAG(s) 'example_short_circuit_operator' retrieved from /home/ubuntu/.local/lib/python3.10/site-packages/airflow/example_dags/example_short_circuit_operator.py
[2024-01-28T07:05:00.318+0100] {logging_mixin.py:188} INFO - [2024-01-28T07:05:00.317+0100] {dag.py:3033} INFO - Sync 1 DAGs
[2024-01-28T07:05:00.367+0100] {logging_mixin.py:188} INFO - [2024-01-28T07:05:00.367+0100] {dag.py:3820} INFO - Setting next_dagrun for example_short_circuit_operator to 2024-01-27T00:00:00+00:00, run_after=2024-01-28T00:00:00+00:00
[2024-01-28T07:05:00.891+0100] {processor.py:183} INFO - Processing /home/ubuntu/.local/lib/python3.10/site-packages/airflow/example_dags/example_short_circuit_operator.py took 0.719 seconds
[2024-01-28T07:06:40.755+0100] {processor.py:161} INFO - Started process (PID=12414) to work on /home/ubuntu/.local/lib/python3.10/site-packages/airflow/example_dags/example_short_circuit_operator.py
[2024-01-28T07:06:40.779+0100] {processor.py:830} INFO - Processing file /home/ubuntu/.local/lib/python3.10/site-packages/airflow/example_dags/example_short_circuit_operator.py for tasks to queue
[2024-01-28T07:06:40.797+0100] {logging_mixin.py:188} INFO - [2024-01-28T07:06:40.792+0100] {dagbag.py:538} INFO - Filling up the DagBag from /home/ubuntu/.local/lib/python3.10/site-packages/airflow/example_dags/example_short_circuit_operator.py
[2024-01-28T07:06:40.829+0100] {processor.py:840} INFO - DAG(s) 'example_short_circuit_operator' retrieved from /home/ubuntu/.local/lib/python3.10/site-packages/airflow/example_dags/example_short_circuit_operator.py
[2024-01-28T07:06:40.882+0100] {logging_mixin.py:188} INFO - [2024-01-28T07:06:40.882+0100] {dag.py:3033} INFO - Sync 1 DAGs
[2024-01-28T07:06:40.975+0100] {logging_mixin.py:188} INFO - [2024-01-28T07:06:40.975+0100] {dag.py:3820} INFO - Setting next_dagrun for example_short_circuit_operator to 2024-01-27T00:00:00+00:00, run_after=2024-01-28T00:00:00+00:00
[2024-01-28T07:06:41.201+0100] {processor.py:183} INFO - Processing /home/ubuntu/.local/lib/python3.10/site-packages/airflow/example_dags/example_short_circuit_operator.py took 0.454 seconds
[2024-01-28T07:08:23.182+0100] {processor.py:161} INFO - Started process (PID=12489) to work on /home/ubuntu/.local/lib/python3.10/site-packages/airflow/example_dags/example_short_circuit_operator.py
[2024-01-28T07:08:23.220+0100] {processor.py:830} INFO - Processing file /home/ubuntu/.local/lib/python3.10/site-packages/airflow/example_dags/example_short_circuit_operator.py for tasks to queue
[2024-01-28T07:08:23.229+0100] {logging_mixin.py:188} INFO - [2024-01-28T07:08:23.228+0100] {dagbag.py:538} INFO - Filling up the DagBag from /home/ubuntu/.local/lib/python3.10/site-packages/airflow/example_dags/example_short_circuit_operator.py
[2024-01-28T07:08:23.255+0100] {processor.py:840} INFO - DAG(s) 'example_short_circuit_operator' retrieved from /home/ubuntu/.local/lib/python3.10/site-packages/airflow/example_dags/example_short_circuit_operator.py
[2024-01-28T07:08:23.285+0100] {logging_mixin.py:188} INFO - [2024-01-28T07:08:23.285+0100] {dag.py:3033} INFO - Sync 1 DAGs
[2024-01-28T07:08:23.330+0100] {logging_mixin.py:188} INFO - [2024-01-28T07:08:23.330+0100] {dag.py:3820} INFO - Setting next_dagrun for example_short_circuit_operator to 2024-01-27T00:00:00+00:00, run_after=2024-01-28T00:00:00+00:00
[2024-01-28T07:08:23.617+0100] {processor.py:183} INFO - Processing /home/ubuntu/.local/lib/python3.10/site-packages/airflow/example_dags/example_short_circuit_operator.py took 0.441 seconds
[2024-01-28T07:10:06.831+0100] {processor.py:161} INFO - Started process (PID=12576) to work on /home/ubuntu/.local/lib/python3.10/site-packages/airflow/example_dags/example_short_circuit_operator.py
[2024-01-28T07:10:06.868+0100] {processor.py:830} INFO - Processing file /home/ubuntu/.local/lib/python3.10/site-packages/airflow/example_dags/example_short_circuit_operator.py for tasks to queue
[2024-01-28T07:10:06.870+0100] {logging_mixin.py:188} INFO - [2024-01-28T07:10:06.869+0100] {dagbag.py:538} INFO - Filling up the DagBag from /home/ubuntu/.local/lib/python3.10/site-packages/airflow/example_dags/example_short_circuit_operator.py
[2024-01-28T07:10:06.888+0100] {processor.py:840} INFO - DAG(s) 'example_short_circuit_operator' retrieved from /home/ubuntu/.local/lib/python3.10/site-packages/airflow/example_dags/example_short_circuit_operator.py
[2024-01-28T07:10:06.980+0100] {logging_mixin.py:188} INFO - [2024-01-28T07:10:06.980+0100] {dag.py:3033} INFO - Sync 1 DAGs
[2024-01-28T07:10:07.043+0100] {logging_mixin.py:188} INFO - [2024-01-28T07:10:07.043+0100] {dag.py:3820} INFO - Setting next_dagrun for example_short_circuit_operator to 2024-01-27T00:00:00+00:00, run_after=2024-01-28T00:00:00+00:00
[2024-01-28T07:10:07.237+0100] {processor.py:183} INFO - Processing /home/ubuntu/.local/lib/python3.10/site-packages/airflow/example_dags/example_short_circuit_operator.py took 0.418 seconds
[2024-01-28T07:11:55.327+0100] {processor.py:161} INFO - Started process (PID=12692) to work on /home/ubuntu/.local/lib/python3.10/site-packages/airflow/example_dags/example_short_circuit_operator.py
[2024-01-28T07:11:55.330+0100] {processor.py:830} INFO - Processing file /home/ubuntu/.local/lib/python3.10/site-packages/airflow/example_dags/example_short_circuit_operator.py for tasks to queue
[2024-01-28T07:11:55.331+0100] {logging_mixin.py:188} INFO - [2024-01-28T07:11:55.331+0100] {dagbag.py:538} INFO - Filling up the DagBag from /home/ubuntu/.local/lib/python3.10/site-packages/airflow/example_dags/example_short_circuit_operator.py
[2024-01-28T07:11:55.355+0100] {processor.py:840} INFO - DAG(s) 'example_short_circuit_operator' retrieved from /home/ubuntu/.local/lib/python3.10/site-packages/airflow/example_dags/example_short_circuit_operator.py
[2024-01-28T07:11:55.415+0100] {logging_mixin.py:188} INFO - [2024-01-28T07:11:55.406+0100] {dag.py:3033} INFO - Sync 1 DAGs
[2024-01-28T07:11:55.457+0100] {logging_mixin.py:188} INFO - [2024-01-28T07:11:55.457+0100] {dag.py:3820} INFO - Setting next_dagrun for example_short_circuit_operator to 2024-01-27T00:00:00+00:00, run_after=2024-01-28T00:00:00+00:00
[2024-01-28T07:11:55.760+0100] {processor.py:183} INFO - Processing /home/ubuntu/.local/lib/python3.10/site-packages/airflow/example_dags/example_short_circuit_operator.py took 0.443 seconds
[2024-01-28T07:13:37.161+0100] {processor.py:161} INFO - Started process (PID=13072) to work on /home/ubuntu/.local/lib/python3.10/site-packages/airflow/example_dags/example_short_circuit_operator.py
[2024-01-28T07:13:37.165+0100] {processor.py:830} INFO - Processing file /home/ubuntu/.local/lib/python3.10/site-packages/airflow/example_dags/example_short_circuit_operator.py for tasks to queue
[2024-01-28T07:13:37.167+0100] {logging_mixin.py:188} INFO - [2024-01-28T07:13:37.166+0100] {dagbag.py:538} INFO - Filling up the DagBag from /home/ubuntu/.local/lib/python3.10/site-packages/airflow/example_dags/example_short_circuit_operator.py
[2024-01-28T07:13:37.183+0100] {processor.py:840} INFO - DAG(s) 'example_short_circuit_operator' retrieved from /home/ubuntu/.local/lib/python3.10/site-packages/airflow/example_dags/example_short_circuit_operator.py
[2024-01-28T07:13:37.214+0100] {logging_mixin.py:188} INFO - [2024-01-28T07:13:37.214+0100] {dag.py:3033} INFO - Sync 1 DAGs
[2024-01-28T07:13:37.236+0100] {logging_mixin.py:188} INFO - [2024-01-28T07:13:37.235+0100] {dag.py:3820} INFO - Setting next_dagrun for example_short_circuit_operator to 2024-01-27T00:00:00+00:00, run_after=2024-01-28T00:00:00+00:00
[2024-01-28T07:13:37.326+0100] {processor.py:183} INFO - Processing /home/ubuntu/.local/lib/python3.10/site-packages/airflow/example_dags/example_short_circuit_operator.py took 0.171 seconds
[2024-01-28T07:15:21.220+0100] {processor.py:161} INFO - Started process (PID=13204) to work on /home/ubuntu/.local/lib/python3.10/site-packages/airflow/example_dags/example_short_circuit_operator.py
[2024-01-28T07:15:21.257+0100] {processor.py:830} INFO - Processing file /home/ubuntu/.local/lib/python3.10/site-packages/airflow/example_dags/example_short_circuit_operator.py for tasks to queue
[2024-01-28T07:15:21.259+0100] {logging_mixin.py:188} INFO - [2024-01-28T07:15:21.258+0100] {dagbag.py:538} INFO - Filling up the DagBag from /home/ubuntu/.local/lib/python3.10/site-packages/airflow/example_dags/example_short_circuit_operator.py
[2024-01-28T07:15:21.273+0100] {processor.py:840} INFO - DAG(s) 'example_short_circuit_operator' retrieved from /home/ubuntu/.local/lib/python3.10/site-packages/airflow/example_dags/example_short_circuit_operator.py
[2024-01-28T07:15:21.297+0100] {logging_mixin.py:188} INFO - [2024-01-28T07:15:21.297+0100] {dag.py:3033} INFO - Sync 1 DAGs
[2024-01-28T07:15:21.318+0100] {logging_mixin.py:188} INFO - [2024-01-28T07:15:21.318+0100] {dag.py:3820} INFO - Setting next_dagrun for example_short_circuit_operator to 2024-01-27T00:00:00+00:00, run_after=2024-01-28T00:00:00+00:00
[2024-01-28T07:15:21.574+0100] {processor.py:183} INFO - Processing /home/ubuntu/.local/lib/python3.10/site-packages/airflow/example_dags/example_short_circuit_operator.py took 0.370 seconds
[2024-01-28T07:17:09.654+0100] {processor.py:161} INFO - Started process (PID=13349) to work on /home/ubuntu/.local/lib/python3.10/site-packages/airflow/example_dags/example_short_circuit_operator.py
[2024-01-28T07:17:09.664+0100] {processor.py:830} INFO - Processing file /home/ubuntu/.local/lib/python3.10/site-packages/airflow/example_dags/example_short_circuit_operator.py for tasks to queue
[2024-01-28T07:17:09.666+0100] {logging_mixin.py:188} INFO - [2024-01-28T07:17:09.665+0100] {dagbag.py:538} INFO - Filling up the DagBag from /home/ubuntu/.local/lib/python3.10/site-packages/airflow/example_dags/example_short_circuit_operator.py
[2024-01-28T07:17:09.690+0100] {processor.py:840} INFO - DAG(s) 'example_short_circuit_operator' retrieved from /home/ubuntu/.local/lib/python3.10/site-packages/airflow/example_dags/example_short_circuit_operator.py
[2024-01-28T07:17:09.723+0100] {logging_mixin.py:188} INFO - [2024-01-28T07:17:09.723+0100] {dag.py:3033} INFO - Sync 1 DAGs
[2024-01-28T07:17:09.773+0100] {logging_mixin.py:188} INFO - [2024-01-28T07:17:09.772+0100] {dag.py:3820} INFO - Setting next_dagrun for example_short_circuit_operator to 2024-01-27T00:00:00+00:00, run_after=2024-01-28T00:00:00+00:00
[2024-01-28T07:17:09.851+0100] {processor.py:183} INFO - Processing /home/ubuntu/.local/lib/python3.10/site-packages/airflow/example_dags/example_short_circuit_operator.py took 0.202 seconds
[2024-01-28T07:18:50.075+0100] {processor.py:161} INFO - Started process (PID=13466) to work on /home/ubuntu/.local/lib/python3.10/site-packages/airflow/example_dags/example_short_circuit_operator.py
[2024-01-28T07:18:50.079+0100] {processor.py:830} INFO - Processing file /home/ubuntu/.local/lib/python3.10/site-packages/airflow/example_dags/example_short_circuit_operator.py for tasks to queue
[2024-01-28T07:18:50.081+0100] {logging_mixin.py:188} INFO - [2024-01-28T07:18:50.081+0100] {dagbag.py:538} INFO - Filling up the DagBag from /home/ubuntu/.local/lib/python3.10/site-packages/airflow/example_dags/example_short_circuit_operator.py
[2024-01-28T07:18:50.091+0100] {processor.py:840} INFO - DAG(s) 'example_short_circuit_operator' retrieved from /home/ubuntu/.local/lib/python3.10/site-packages/airflow/example_dags/example_short_circuit_operator.py
[2024-01-28T07:18:50.121+0100] {logging_mixin.py:188} INFO - [2024-01-28T07:18:50.121+0100] {dag.py:3033} INFO - Sync 1 DAGs
[2024-01-28T07:18:50.140+0100] {logging_mixin.py:188} INFO - [2024-01-28T07:18:50.140+0100] {dag.py:3820} INFO - Setting next_dagrun for example_short_circuit_operator to 2024-01-27T00:00:00+00:00, run_after=2024-01-28T00:00:00+00:00
[2024-01-28T07:18:50.194+0100] {processor.py:183} INFO - Processing /home/ubuntu/.local/lib/python3.10/site-packages/airflow/example_dags/example_short_circuit_operator.py took 0.124 seconds
