[2024-01-28T06:44:21.112+0100] {processor.py:161} INFO - Started process (PID=11570) to work on /home/ubuntu/.local/lib/python3.10/site-packages/airflow/example_dags/example_latest_only_with_trigger.py
[2024-01-28T06:44:21.116+0100] {processor.py:830} INFO - Processing file /home/ubuntu/.local/lib/python3.10/site-packages/airflow/example_dags/example_latest_only_with_trigger.py for tasks to queue
[2024-01-28T06:44:21.118+0100] {logging_mixin.py:188} INFO - [2024-01-28T06:44:21.117+0100] {dagbag.py:538} INFO - Filling up the DagBag from /home/ubuntu/.local/lib/python3.10/site-packages/airflow/example_dags/example_latest_only_with_trigger.py
[2024-01-28T06:44:21.166+0100] {processor.py:840} INFO - DAG(s) 'latest_only_with_trigger' retrieved from /home/ubuntu/.local/lib/python3.10/site-packages/airflow/example_dags/example_latest_only_with_trigger.py
[2024-01-28T06:44:21.213+0100] {logging_mixin.py:188} INFO - [2024-01-28T06:44:21.213+0100] {dag.py:3033} INFO - Sync 1 DAGs
[2024-01-28T06:44:21.254+0100] {logging_mixin.py:188} INFO - [2024-01-28T06:44:21.254+0100] {dag.py:3820} INFO - Setting next_dagrun for latest_only_with_trigger to 2024-01-28T00:00:00+00:00, run_after=2024-01-28T04:00:00+00:00
[2024-01-28T06:44:21.774+0100] {processor.py:183} INFO - Processing /home/ubuntu/.local/lib/python3.10/site-packages/airflow/example_dags/example_latest_only_with_trigger.py took 0.671 seconds
[2024-01-28T06:48:21.903+0100] {processor.py:161} INFO - Started process (PID=11675) to work on /home/ubuntu/.local/lib/python3.10/site-packages/airflow/example_dags/example_latest_only_with_trigger.py
[2024-01-28T06:48:21.932+0100] {processor.py:830} INFO - Processing file /home/ubuntu/.local/lib/python3.10/site-packages/airflow/example_dags/example_latest_only_with_trigger.py for tasks to queue
[2024-01-28T06:48:21.935+0100] {logging_mixin.py:188} INFO - [2024-01-28T06:48:21.934+0100] {dagbag.py:538} INFO - Filling up the DagBag from /home/ubuntu/.local/lib/python3.10/site-packages/airflow/example_dags/example_latest_only_with_trigger.py
[2024-01-28T06:48:22.021+0100] {processor.py:840} INFO - DAG(s) 'latest_only_with_trigger' retrieved from /home/ubuntu/.local/lib/python3.10/site-packages/airflow/example_dags/example_latest_only_with_trigger.py
[2024-01-28T06:48:22.273+0100] {logging_mixin.py:188} INFO - [2024-01-28T06:48:22.272+0100] {dag.py:3033} INFO - Sync 1 DAGs
[2024-01-28T06:48:22.486+0100] {logging_mixin.py:188} INFO - [2024-01-28T06:48:22.485+0100] {dag.py:3820} INFO - Setting next_dagrun for latest_only_with_trigger to 2024-01-28T00:00:00+00:00, run_after=2024-01-28T04:00:00+00:00
[2024-01-28T06:48:23.062+0100] {processor.py:183} INFO - Processing /home/ubuntu/.local/lib/python3.10/site-packages/airflow/example_dags/example_latest_only_with_trigger.py took 1.186 seconds
[2024-01-28T06:52:22.139+0100] {processor.py:161} INFO - Started process (PID=11782) to work on /home/ubuntu/.local/lib/python3.10/site-packages/airflow/example_dags/example_latest_only_with_trigger.py
[2024-01-28T06:52:22.212+0100] {processor.py:830} INFO - Processing file /home/ubuntu/.local/lib/python3.10/site-packages/airflow/example_dags/example_latest_only_with_trigger.py for tasks to queue
[2024-01-28T06:52:22.227+0100] {logging_mixin.py:188} INFO - [2024-01-28T06:52:22.220+0100] {dagbag.py:538} INFO - Filling up the DagBag from /home/ubuntu/.local/lib/python3.10/site-packages/airflow/example_dags/example_latest_only_with_trigger.py
[2024-01-28T06:52:22.352+0100] {processor.py:840} INFO - DAG(s) 'latest_only_with_trigger' retrieved from /home/ubuntu/.local/lib/python3.10/site-packages/airflow/example_dags/example_latest_only_with_trigger.py
[2024-01-28T06:52:22.567+0100] {logging_mixin.py:188} INFO - [2024-01-28T06:52:22.567+0100] {dag.py:3033} INFO - Sync 1 DAGs
[2024-01-28T06:52:22.775+0100] {logging_mixin.py:188} INFO - [2024-01-28T06:52:22.752+0100] {dag.py:3820} INFO - Setting next_dagrun for latest_only_with_trigger to 2024-01-28T00:00:00+00:00, run_after=2024-01-28T04:00:00+00:00
[2024-01-28T06:52:23.575+0100] {processor.py:183} INFO - Processing /home/ubuntu/.local/lib/python3.10/site-packages/airflow/example_dags/example_latest_only_with_trigger.py took 1.486 seconds
[2024-01-28T06:56:20.507+0100] {processor.py:161} INFO - Started process (PID=11890) to work on /home/ubuntu/.local/lib/python3.10/site-packages/airflow/example_dags/example_latest_only_with_trigger.py
[2024-01-28T06:56:20.603+0100] {processor.py:830} INFO - Processing file /home/ubuntu/.local/lib/python3.10/site-packages/airflow/example_dags/example_latest_only_with_trigger.py for tasks to queue
[2024-01-28T06:56:20.607+0100] {logging_mixin.py:188} INFO - [2024-01-28T06:56:20.605+0100] {dagbag.py:538} INFO - Filling up the DagBag from /home/ubuntu/.local/lib/python3.10/site-packages/airflow/example_dags/example_latest_only_with_trigger.py
[2024-01-28T06:56:20.674+0100] {processor.py:840} INFO - DAG(s) 'latest_only_with_trigger' retrieved from /home/ubuntu/.local/lib/python3.10/site-packages/airflow/example_dags/example_latest_only_with_trigger.py
[2024-01-28T06:56:20.713+0100] {logging_mixin.py:188} INFO - [2024-01-28T06:56:20.712+0100] {dag.py:3033} INFO - Sync 1 DAGs
[2024-01-28T06:56:20.750+0100] {logging_mixin.py:188} INFO - [2024-01-28T06:56:20.750+0100] {dag.py:3820} INFO - Setting next_dagrun for latest_only_with_trigger to 2024-01-28T00:00:00+00:00, run_after=2024-01-28T04:00:00+00:00
[2024-01-28T06:56:21.385+0100] {processor.py:183} INFO - Processing /home/ubuntu/.local/lib/python3.10/site-packages/airflow/example_dags/example_latest_only_with_trigger.py took 0.889 seconds
[2024-01-28T06:58:48.416+0100] {processor.py:161} INFO - Started process (PID=12060) to work on /home/ubuntu/.local/lib/python3.10/site-packages/airflow/example_dags/example_latest_only_with_trigger.py
[2024-01-28T06:58:48.441+0100] {processor.py:830} INFO - Processing file /home/ubuntu/.local/lib/python3.10/site-packages/airflow/example_dags/example_latest_only_with_trigger.py for tasks to queue
[2024-01-28T06:58:48.443+0100] {logging_mixin.py:188} INFO - [2024-01-28T06:58:48.442+0100] {dagbag.py:538} INFO - Filling up the DagBag from /home/ubuntu/.local/lib/python3.10/site-packages/airflow/example_dags/example_latest_only_with_trigger.py
[2024-01-28T06:58:48.481+0100] {processor.py:840} INFO - DAG(s) 'latest_only_with_trigger' retrieved from /home/ubuntu/.local/lib/python3.10/site-packages/airflow/example_dags/example_latest_only_with_trigger.py
[2024-01-28T06:58:48.511+0100] {logging_mixin.py:188} INFO - [2024-01-28T06:58:48.511+0100] {dag.py:3033} INFO - Sync 1 DAGs
[2024-01-28T06:58:48.543+0100] {logging_mixin.py:188} INFO - [2024-01-28T06:58:48.542+0100] {dag.py:3820} INFO - Setting next_dagrun for latest_only_with_trigger to 2024-01-28T00:00:00+00:00, run_after=2024-01-28T04:00:00+00:00
[2024-01-28T06:58:48.633+0100] {processor.py:183} INFO - Processing /home/ubuntu/.local/lib/python3.10/site-packages/airflow/example_dags/example_latest_only_with_trigger.py took 0.256 seconds
[2024-01-28T07:00:28.296+0100] {processor.py:161} INFO - Started process (PID=12139) to work on /home/ubuntu/.local/lib/python3.10/site-packages/airflow/example_dags/example_latest_only_with_trigger.py
[2024-01-28T07:00:28.353+0100] {processor.py:830} INFO - Processing file /home/ubuntu/.local/lib/python3.10/site-packages/airflow/example_dags/example_latest_only_with_trigger.py for tasks to queue
[2024-01-28T07:00:28.355+0100] {logging_mixin.py:188} INFO - [2024-01-28T07:00:28.354+0100] {dagbag.py:538} INFO - Filling up the DagBag from /home/ubuntu/.local/lib/python3.10/site-packages/airflow/example_dags/example_latest_only_with_trigger.py
[2024-01-28T07:00:28.380+0100] {processor.py:840} INFO - DAG(s) 'latest_only_with_trigger' retrieved from /home/ubuntu/.local/lib/python3.10/site-packages/airflow/example_dags/example_latest_only_with_trigger.py
[2024-01-28T07:00:28.440+0100] {logging_mixin.py:188} INFO - [2024-01-28T07:00:28.439+0100] {dag.py:3033} INFO - Sync 1 DAGs
[2024-01-28T07:00:28.490+0100] {logging_mixin.py:188} INFO - [2024-01-28T07:00:28.490+0100] {dag.py:3820} INFO - Setting next_dagrun for latest_only_with_trigger to 2024-01-28T00:00:00+00:00, run_after=2024-01-28T04:00:00+00:00
[2024-01-28T07:00:28.700+0100] {processor.py:183} INFO - Processing /home/ubuntu/.local/lib/python3.10/site-packages/airflow/example_dags/example_latest_only_with_trigger.py took 0.409 seconds
[2024-01-28T07:02:08.303+0100] {processor.py:161} INFO - Started process (PID=12213) to work on /home/ubuntu/.local/lib/python3.10/site-packages/airflow/example_dags/example_latest_only_with_trigger.py
[2024-01-28T07:02:08.336+0100] {processor.py:830} INFO - Processing file /home/ubuntu/.local/lib/python3.10/site-packages/airflow/example_dags/example_latest_only_with_trigger.py for tasks to queue
[2024-01-28T07:02:08.353+0100] {logging_mixin.py:188} INFO - [2024-01-28T07:02:08.353+0100] {dagbag.py:538} INFO - Filling up the DagBag from /home/ubuntu/.local/lib/python3.10/site-packages/airflow/example_dags/example_latest_only_with_trigger.py
[2024-01-28T07:02:08.379+0100] {processor.py:840} INFO - DAG(s) 'latest_only_with_trigger' retrieved from /home/ubuntu/.local/lib/python3.10/site-packages/airflow/example_dags/example_latest_only_with_trigger.py
[2024-01-28T07:02:08.440+0100] {logging_mixin.py:188} INFO - [2024-01-28T07:02:08.440+0100] {dag.py:3033} INFO - Sync 1 DAGs
[2024-01-28T07:02:08.495+0100] {logging_mixin.py:188} INFO - [2024-01-28T07:02:08.495+0100] {dag.py:3820} INFO - Setting next_dagrun for latest_only_with_trigger to 2024-01-28T00:00:00+00:00, run_after=2024-01-28T04:00:00+00:00
[2024-01-28T07:02:08.844+0100] {processor.py:183} INFO - Processing /home/ubuntu/.local/lib/python3.10/site-packages/airflow/example_dags/example_latest_only_with_trigger.py took 0.563 seconds
[2024-01-28T07:03:41.597+0100] {processor.py:161} INFO - Started process (PID=12284) to work on /home/ubuntu/.local/lib/python3.10/site-packages/airflow/example_dags/example_latest_only_with_trigger.py
[2024-01-28T07:03:41.657+0100] {processor.py:830} INFO - Processing file /home/ubuntu/.local/lib/python3.10/site-packages/airflow/example_dags/example_latest_only_with_trigger.py for tasks to queue
[2024-01-28T07:03:41.659+0100] {logging_mixin.py:188} INFO - [2024-01-28T07:03:41.658+0100] {dagbag.py:538} INFO - Filling up the DagBag from /home/ubuntu/.local/lib/python3.10/site-packages/airflow/example_dags/example_latest_only_with_trigger.py
[2024-01-28T07:03:41.700+0100] {processor.py:840} INFO - DAG(s) 'latest_only_with_trigger' retrieved from /home/ubuntu/.local/lib/python3.10/site-packages/airflow/example_dags/example_latest_only_with_trigger.py
[2024-01-28T07:03:41.727+0100] {logging_mixin.py:188} INFO - [2024-01-28T07:03:41.727+0100] {dag.py:3033} INFO - Sync 1 DAGs
[2024-01-28T07:03:41.750+0100] {logging_mixin.py:188} INFO - [2024-01-28T07:03:41.750+0100] {dag.py:3820} INFO - Setting next_dagrun for latest_only_with_trigger to 2024-01-28T00:00:00+00:00, run_after=2024-01-28T04:00:00+00:00
[2024-01-28T07:03:41.922+0100] {processor.py:183} INFO - Processing /home/ubuntu/.local/lib/python3.10/site-packages/airflow/example_dags/example_latest_only_with_trigger.py took 0.362 seconds
[2024-01-28T07:05:21.689+0100] {processor.py:161} INFO - Started process (PID=12357) to work on /home/ubuntu/.local/lib/python3.10/site-packages/airflow/example_dags/example_latest_only_with_trigger.py
[2024-01-28T07:05:21.705+0100] {processor.py:830} INFO - Processing file /home/ubuntu/.local/lib/python3.10/site-packages/airflow/example_dags/example_latest_only_with_trigger.py for tasks to queue
[2024-01-28T07:05:21.706+0100] {logging_mixin.py:188} INFO - [2024-01-28T07:05:21.706+0100] {dagbag.py:538} INFO - Filling up the DagBag from /home/ubuntu/.local/lib/python3.10/site-packages/airflow/example_dags/example_latest_only_with_trigger.py
[2024-01-28T07:05:21.716+0100] {processor.py:840} INFO - DAG(s) 'latest_only_with_trigger' retrieved from /home/ubuntu/.local/lib/python3.10/site-packages/airflow/example_dags/example_latest_only_with_trigger.py
[2024-01-28T07:05:21.738+0100] {logging_mixin.py:188} INFO - [2024-01-28T07:05:21.738+0100] {dag.py:3033} INFO - Sync 1 DAGs
[2024-01-28T07:05:21.756+0100] {logging_mixin.py:188} INFO - [2024-01-28T07:05:21.755+0100] {dag.py:3820} INFO - Setting next_dagrun for latest_only_with_trigger to 2024-01-28T00:00:00+00:00, run_after=2024-01-28T04:00:00+00:00
[2024-01-28T07:05:21.857+0100] {processor.py:183} INFO - Processing /home/ubuntu/.local/lib/python3.10/site-packages/airflow/example_dags/example_latest_only_with_trigger.py took 0.187 seconds
[2024-01-28T07:07:00.209+0100] {processor.py:161} INFO - Started process (PID=12429) to work on /home/ubuntu/.local/lib/python3.10/site-packages/airflow/example_dags/example_latest_only_with_trigger.py
[2024-01-28T07:07:00.230+0100] {processor.py:830} INFO - Processing file /home/ubuntu/.local/lib/python3.10/site-packages/airflow/example_dags/example_latest_only_with_trigger.py for tasks to queue
[2024-01-28T07:07:00.231+0100] {logging_mixin.py:188} INFO - [2024-01-28T07:07:00.230+0100] {dagbag.py:538} INFO - Filling up the DagBag from /home/ubuntu/.local/lib/python3.10/site-packages/airflow/example_dags/example_latest_only_with_trigger.py
[2024-01-28T07:07:00.268+0100] {processor.py:840} INFO - DAG(s) 'latest_only_with_trigger' retrieved from /home/ubuntu/.local/lib/python3.10/site-packages/airflow/example_dags/example_latest_only_with_trigger.py
[2024-01-28T07:07:00.373+0100] {logging_mixin.py:188} INFO - [2024-01-28T07:07:00.372+0100] {dag.py:3033} INFO - Sync 1 DAGs
[2024-01-28T07:07:00.469+0100] {logging_mixin.py:188} INFO - [2024-01-28T07:07:00.468+0100] {dag.py:3820} INFO - Setting next_dagrun for latest_only_with_trigger to 2024-01-28T00:00:00+00:00, run_after=2024-01-28T04:00:00+00:00
[2024-01-28T07:07:00.714+0100] {processor.py:183} INFO - Processing /home/ubuntu/.local/lib/python3.10/site-packages/airflow/example_dags/example_latest_only_with_trigger.py took 0.514 seconds
[2024-01-28T07:08:45.904+0100] {processor.py:161} INFO - Started process (PID=12504) to work on /home/ubuntu/.local/lib/python3.10/site-packages/airflow/example_dags/example_latest_only_with_trigger.py
[2024-01-28T07:08:45.914+0100] {processor.py:830} INFO - Processing file /home/ubuntu/.local/lib/python3.10/site-packages/airflow/example_dags/example_latest_only_with_trigger.py for tasks to queue
[2024-01-28T07:08:45.916+0100] {logging_mixin.py:188} INFO - [2024-01-28T07:08:45.915+0100] {dagbag.py:538} INFO - Filling up the DagBag from /home/ubuntu/.local/lib/python3.10/site-packages/airflow/example_dags/example_latest_only_with_trigger.py
[2024-01-28T07:08:45.928+0100] {processor.py:840} INFO - DAG(s) 'latest_only_with_trigger' retrieved from /home/ubuntu/.local/lib/python3.10/site-packages/airflow/example_dags/example_latest_only_with_trigger.py
[2024-01-28T07:08:45.975+0100] {logging_mixin.py:188} INFO - [2024-01-28T07:08:45.974+0100] {dag.py:3033} INFO - Sync 1 DAGs
[2024-01-28T07:08:46.048+0100] {logging_mixin.py:188} INFO - [2024-01-28T07:08:46.047+0100] {dag.py:3820} INFO - Setting next_dagrun for latest_only_with_trigger to 2024-01-28T00:00:00+00:00, run_after=2024-01-28T04:00:00+00:00
[2024-01-28T07:08:46.147+0100] {processor.py:183} INFO - Processing /home/ubuntu/.local/lib/python3.10/site-packages/airflow/example_dags/example_latest_only_with_trigger.py took 0.249 seconds
[2024-01-28T07:10:29.038+0100] {processor.py:161} INFO - Started process (PID=12598) to work on /home/ubuntu/.local/lib/python3.10/site-packages/airflow/example_dags/example_latest_only_with_trigger.py
[2024-01-28T07:10:29.042+0100] {processor.py:830} INFO - Processing file /home/ubuntu/.local/lib/python3.10/site-packages/airflow/example_dags/example_latest_only_with_trigger.py for tasks to queue
[2024-01-28T07:10:29.043+0100] {logging_mixin.py:188} INFO - [2024-01-28T07:10:29.043+0100] {dagbag.py:538} INFO - Filling up the DagBag from /home/ubuntu/.local/lib/python3.10/site-packages/airflow/example_dags/example_latest_only_with_trigger.py
[2024-01-28T07:10:29.056+0100] {processor.py:840} INFO - DAG(s) 'latest_only_with_trigger' retrieved from /home/ubuntu/.local/lib/python3.10/site-packages/airflow/example_dags/example_latest_only_with_trigger.py
[2024-01-28T07:10:29.086+0100] {logging_mixin.py:188} INFO - [2024-01-28T07:10:29.086+0100] {dag.py:3033} INFO - Sync 1 DAGs
[2024-01-28T07:10:29.108+0100] {logging_mixin.py:188} INFO - [2024-01-28T07:10:29.108+0100] {dag.py:3820} INFO - Setting next_dagrun for latest_only_with_trigger to 2024-01-28T00:00:00+00:00, run_after=2024-01-28T04:00:00+00:00
[2024-01-28T07:10:29.183+0100] {processor.py:183} INFO - Processing /home/ubuntu/.local/lib/python3.10/site-packages/airflow/example_dags/example_latest_only_with_trigger.py took 0.151 seconds
[2024-01-28T07:12:19.221+0100] {processor.py:161} INFO - Started process (PID=12762) to work on /home/ubuntu/.local/lib/python3.10/site-packages/airflow/example_dags/example_latest_only_with_trigger.py
[2024-01-28T07:12:19.252+0100] {processor.py:830} INFO - Processing file /home/ubuntu/.local/lib/python3.10/site-packages/airflow/example_dags/example_latest_only_with_trigger.py for tasks to queue
[2024-01-28T07:12:19.253+0100] {logging_mixin.py:188} INFO - [2024-01-28T07:12:19.252+0100] {dagbag.py:538} INFO - Filling up the DagBag from /home/ubuntu/.local/lib/python3.10/site-packages/airflow/example_dags/example_latest_only_with_trigger.py
[2024-01-28T07:12:19.303+0100] {processor.py:840} INFO - DAG(s) 'latest_only_with_trigger' retrieved from /home/ubuntu/.local/lib/python3.10/site-packages/airflow/example_dags/example_latest_only_with_trigger.py
[2024-01-28T07:12:19.381+0100] {logging_mixin.py:188} INFO - [2024-01-28T07:12:19.380+0100] {dag.py:3033} INFO - Sync 1 DAGs
[2024-01-28T07:12:19.502+0100] {logging_mixin.py:188} INFO - [2024-01-28T07:12:19.501+0100] {dag.py:3820} INFO - Setting next_dagrun for latest_only_with_trigger to 2024-01-28T00:00:00+00:00, run_after=2024-01-28T04:00:00+00:00
[2024-01-28T07:12:19.663+0100] {processor.py:183} INFO - Processing /home/ubuntu/.local/lib/python3.10/site-packages/airflow/example_dags/example_latest_only_with_trigger.py took 0.459 seconds
[2024-01-28T07:13:56.757+0100] {processor.py:161} INFO - Started process (PID=13124) to work on /home/ubuntu/.local/lib/python3.10/site-packages/airflow/example_dags/example_latest_only_with_trigger.py
[2024-01-28T07:13:56.788+0100] {processor.py:830} INFO - Processing file /home/ubuntu/.local/lib/python3.10/site-packages/airflow/example_dags/example_latest_only_with_trigger.py for tasks to queue
[2024-01-28T07:13:56.794+0100] {logging_mixin.py:188} INFO - [2024-01-28T07:13:56.793+0100] {dagbag.py:538} INFO - Filling up the DagBag from /home/ubuntu/.local/lib/python3.10/site-packages/airflow/example_dags/example_latest_only_with_trigger.py
[2024-01-28T07:13:56.813+0100] {processor.py:840} INFO - DAG(s) 'latest_only_with_trigger' retrieved from /home/ubuntu/.local/lib/python3.10/site-packages/airflow/example_dags/example_latest_only_with_trigger.py
[2024-01-28T07:13:56.923+0100] {logging_mixin.py:188} INFO - [2024-01-28T07:13:56.910+0100] {dag.py:3033} INFO - Sync 1 DAGs
[2024-01-28T07:13:56.955+0100] {logging_mixin.py:188} INFO - [2024-01-28T07:13:56.955+0100] {dag.py:3820} INFO - Setting next_dagrun for latest_only_with_trigger to 2024-01-28T00:00:00+00:00, run_after=2024-01-28T04:00:00+00:00
[2024-01-28T07:13:57.148+0100] {processor.py:183} INFO - Processing /home/ubuntu/.local/lib/python3.10/site-packages/airflow/example_dags/example_latest_only_with_trigger.py took 0.400 seconds
[2024-01-28T07:15:42.019+0100] {processor.py:161} INFO - Started process (PID=13257) to work on /home/ubuntu/.local/lib/python3.10/site-packages/airflow/example_dags/example_latest_only_with_trigger.py
[2024-01-28T07:15:42.026+0100] {processor.py:830} INFO - Processing file /home/ubuntu/.local/lib/python3.10/site-packages/airflow/example_dags/example_latest_only_with_trigger.py for tasks to queue
[2024-01-28T07:15:42.028+0100] {logging_mixin.py:188} INFO - [2024-01-28T07:15:42.027+0100] {dagbag.py:538} INFO - Filling up the DagBag from /home/ubuntu/.local/lib/python3.10/site-packages/airflow/example_dags/example_latest_only_with_trigger.py
[2024-01-28T07:15:42.052+0100] {processor.py:840} INFO - DAG(s) 'latest_only_with_trigger' retrieved from /home/ubuntu/.local/lib/python3.10/site-packages/airflow/example_dags/example_latest_only_with_trigger.py
[2024-01-28T07:15:42.168+0100] {logging_mixin.py:188} INFO - [2024-01-28T07:15:42.165+0100] {dag.py:3033} INFO - Sync 1 DAGs
[2024-01-28T07:15:42.247+0100] {logging_mixin.py:188} INFO - [2024-01-28T07:15:42.246+0100] {dag.py:3820} INFO - Setting next_dagrun for latest_only_with_trigger to 2024-01-28T00:00:00+00:00, run_after=2024-01-28T04:00:00+00:00
[2024-01-28T07:15:42.577+0100] {processor.py:183} INFO - Processing /home/ubuntu/.local/lib/python3.10/site-packages/airflow/example_dags/example_latest_only_with_trigger.py took 0.568 seconds
[2024-01-28T07:17:29.674+0100] {processor.py:161} INFO - Started process (PID=13382) to work on /home/ubuntu/.local/lib/python3.10/site-packages/airflow/example_dags/example_latest_only_with_trigger.py
[2024-01-28T07:17:29.676+0100] {processor.py:830} INFO - Processing file /home/ubuntu/.local/lib/python3.10/site-packages/airflow/example_dags/example_latest_only_with_trigger.py for tasks to queue
[2024-01-28T07:17:29.678+0100] {logging_mixin.py:188} INFO - [2024-01-28T07:17:29.677+0100] {dagbag.py:538} INFO - Filling up the DagBag from /home/ubuntu/.local/lib/python3.10/site-packages/airflow/example_dags/example_latest_only_with_trigger.py
[2024-01-28T07:17:29.690+0100] {processor.py:840} INFO - DAG(s) 'latest_only_with_trigger' retrieved from /home/ubuntu/.local/lib/python3.10/site-packages/airflow/example_dags/example_latest_only_with_trigger.py
[2024-01-28T07:17:29.722+0100] {logging_mixin.py:188} INFO - [2024-01-28T07:17:29.722+0100] {dag.py:3033} INFO - Sync 1 DAGs
[2024-01-28T07:17:29.745+0100] {logging_mixin.py:188} INFO - [2024-01-28T07:17:29.745+0100] {dag.py:3820} INFO - Setting next_dagrun for latest_only_with_trigger to 2024-01-28T00:00:00+00:00, run_after=2024-01-28T04:00:00+00:00
[2024-01-28T07:17:29.927+0100] {processor.py:183} INFO - Processing /home/ubuntu/.local/lib/python3.10/site-packages/airflow/example_dags/example_latest_only_with_trigger.py took 0.260 seconds
[2024-01-28T07:19:10.388+0100] {processor.py:161} INFO - Started process (PID=13482) to work on /home/ubuntu/.local/lib/python3.10/site-packages/airflow/example_dags/example_latest_only_with_trigger.py
[2024-01-28T07:19:10.414+0100] {processor.py:830} INFO - Processing file /home/ubuntu/.local/lib/python3.10/site-packages/airflow/example_dags/example_latest_only_with_trigger.py for tasks to queue
[2024-01-28T07:19:10.415+0100] {logging_mixin.py:188} INFO - [2024-01-28T07:19:10.415+0100] {dagbag.py:538} INFO - Filling up the DagBag from /home/ubuntu/.local/lib/python3.10/site-packages/airflow/example_dags/example_latest_only_with_trigger.py
[2024-01-28T07:19:10.446+0100] {processor.py:840} INFO - DAG(s) 'latest_only_with_trigger' retrieved from /home/ubuntu/.local/lib/python3.10/site-packages/airflow/example_dags/example_latest_only_with_trigger.py
[2024-01-28T07:19:10.495+0100] {logging_mixin.py:188} INFO - [2024-01-28T07:19:10.495+0100] {dag.py:3033} INFO - Sync 1 DAGs
[2024-01-28T07:19:10.528+0100] {logging_mixin.py:188} INFO - [2024-01-28T07:19:10.528+0100] {dag.py:3820} INFO - Setting next_dagrun for latest_only_with_trigger to 2024-01-28T00:00:00+00:00, run_after=2024-01-28T04:00:00+00:00
[2024-01-28T07:19:10.634+0100] {processor.py:183} INFO - Processing /home/ubuntu/.local/lib/python3.10/site-packages/airflow/example_dags/example_latest_only_with_trigger.py took 0.277 seconds
