[2024-01-28T06:44:14.074+0100] {processor.py:161} INFO - Started process (PID=11568) to work on /home/ubuntu/.local/lib/python3.10/site-packages/airflow/example_dags/example_datasets.py
[2024-01-28T06:44:14.100+0100] {processor.py:830} INFO - Processing file /home/ubuntu/.local/lib/python3.10/site-packages/airflow/example_dags/example_datasets.py for tasks to queue
[2024-01-28T06:44:14.112+0100] {logging_mixin.py:188} INFO - [2024-01-28T06:44:14.111+0100] {dagbag.py:538} INFO - Filling up the DagBag from /home/ubuntu/.local/lib/python3.10/site-packages/airflow/example_dags/example_datasets.py
[2024-01-28T06:44:14.206+0100] {processor.py:840} INFO - DAG(s) 'dataset_produces_2', 'dataset_produces_1', 'dataset_consumes_unknown_never_scheduled', 'dataset_consumes_1_and_2', 'dataset_consumes_1_never_scheduled', 'dataset_consumes_1' retrieved from /home/ubuntu/.local/lib/python3.10/site-packages/airflow/example_dags/example_datasets.py
[2024-01-28T06:44:14.464+0100] {logging_mixin.py:188} INFO - [2024-01-28T06:44:14.463+0100] {dag.py:3033} INFO - Sync 6 DAGs
[2024-01-28T06:44:14.632+0100] {logging_mixin.py:188} INFO - [2024-01-28T06:44:14.632+0100] {dag.py:3820} INFO - Setting next_dagrun for dataset_consumes_1 to None, run_after=None
[2024-01-28T06:44:14.658+0100] {logging_mixin.py:188} INFO - [2024-01-28T06:44:14.657+0100] {dag.py:3820} INFO - Setting next_dagrun for dataset_consumes_1_and_2 to None, run_after=None
[2024-01-28T06:44:14.698+0100] {logging_mixin.py:188} INFO - [2024-01-28T06:44:14.697+0100] {dag.py:3820} INFO - Setting next_dagrun for dataset_consumes_1_never_scheduled to None, run_after=None
[2024-01-28T06:44:14.705+0100] {logging_mixin.py:188} INFO - [2024-01-28T06:44:14.704+0100] {dag.py:3820} INFO - Setting next_dagrun for dataset_consumes_unknown_never_scheduled to None, run_after=None
[2024-01-28T06:44:14.721+0100] {logging_mixin.py:188} INFO - [2024-01-28T06:44:14.720+0100] {dag.py:3820} INFO - Setting next_dagrun for dataset_produces_1 to 2024-01-27T00:00:00+00:00, run_after=2024-01-28T00:00:00+00:00
[2024-01-28T06:44:14.737+0100] {logging_mixin.py:188} INFO - [2024-01-28T06:44:14.736+0100] {dag.py:3820} INFO - Setting next_dagrun for dataset_produces_2 to None, run_after=None
[2024-01-28T06:44:15.943+0100] {processor.py:183} INFO - Processing /home/ubuntu/.local/lib/python3.10/site-packages/airflow/example_dags/example_datasets.py took 1.901 seconds
[2024-01-28T06:48:16.039+0100] {processor.py:161} INFO - Started process (PID=11673) to work on /home/ubuntu/.local/lib/python3.10/site-packages/airflow/example_dags/example_datasets.py
[2024-01-28T06:48:16.108+0100] {processor.py:830} INFO - Processing file /home/ubuntu/.local/lib/python3.10/site-packages/airflow/example_dags/example_datasets.py for tasks to queue
[2024-01-28T06:48:16.111+0100] {logging_mixin.py:188} INFO - [2024-01-28T06:48:16.110+0100] {dagbag.py:538} INFO - Filling up the DagBag from /home/ubuntu/.local/lib/python3.10/site-packages/airflow/example_dags/example_datasets.py
[2024-01-28T06:48:16.213+0100] {processor.py:840} INFO - DAG(s) 'dataset_consumes_unknown_never_scheduled', 'dataset_produces_1', 'dataset_consumes_1_and_2', 'dataset_consumes_1', 'dataset_produces_2', 'dataset_consumes_1_never_scheduled' retrieved from /home/ubuntu/.local/lib/python3.10/site-packages/airflow/example_dags/example_datasets.py
[2024-01-28T06:48:16.531+0100] {logging_mixin.py:188} INFO - [2024-01-28T06:48:16.530+0100] {dag.py:3033} INFO - Sync 6 DAGs
[2024-01-28T06:48:16.831+0100] {logging_mixin.py:188} INFO - [2024-01-28T06:48:16.830+0100] {dag.py:3820} INFO - Setting next_dagrun for dataset_consumes_1 to None, run_after=None
[2024-01-28T06:48:16.849+0100] {logging_mixin.py:188} INFO - [2024-01-28T06:48:16.849+0100] {dag.py:3820} INFO - Setting next_dagrun for dataset_consumes_1_and_2 to None, run_after=None
[2024-01-28T06:48:16.855+0100] {logging_mixin.py:188} INFO - [2024-01-28T06:48:16.854+0100] {dag.py:3820} INFO - Setting next_dagrun for dataset_consumes_1_never_scheduled to None, run_after=None
[2024-01-28T06:48:16.860+0100] {logging_mixin.py:188} INFO - [2024-01-28T06:48:16.859+0100] {dag.py:3820} INFO - Setting next_dagrun for dataset_consumes_unknown_never_scheduled to None, run_after=None
[2024-01-28T06:48:16.879+0100] {logging_mixin.py:188} INFO - [2024-01-28T06:48:16.878+0100] {dag.py:3820} INFO - Setting next_dagrun for dataset_produces_1 to 2024-01-27T00:00:00+00:00, run_after=2024-01-28T00:00:00+00:00
[2024-01-28T06:48:16.920+0100] {logging_mixin.py:188} INFO - [2024-01-28T06:48:16.910+0100] {dag.py:3820} INFO - Setting next_dagrun for dataset_produces_2 to None, run_after=None
[2024-01-28T06:48:17.520+0100] {processor.py:183} INFO - Processing /home/ubuntu/.local/lib/python3.10/site-packages/airflow/example_dags/example_datasets.py took 1.507 seconds
[2024-01-28T06:52:15.282+0100] {processor.py:161} INFO - Started process (PID=11780) to work on /home/ubuntu/.local/lib/python3.10/site-packages/airflow/example_dags/example_datasets.py
[2024-01-28T06:52:15.348+0100] {processor.py:830} INFO - Processing file /home/ubuntu/.local/lib/python3.10/site-packages/airflow/example_dags/example_datasets.py for tasks to queue
[2024-01-28T06:52:15.358+0100] {logging_mixin.py:188} INFO - [2024-01-28T06:52:15.356+0100] {dagbag.py:538} INFO - Filling up the DagBag from /home/ubuntu/.local/lib/python3.10/site-packages/airflow/example_dags/example_datasets.py
[2024-01-28T06:52:15.493+0100] {processor.py:840} INFO - DAG(s) 'dataset_consumes_1_never_scheduled', 'dataset_consumes_1', 'dataset_consumes_1_and_2', 'dataset_produces_2', 'dataset_produces_1', 'dataset_consumes_unknown_never_scheduled' retrieved from /home/ubuntu/.local/lib/python3.10/site-packages/airflow/example_dags/example_datasets.py
[2024-01-28T06:52:15.780+0100] {logging_mixin.py:188} INFO - [2024-01-28T06:52:15.779+0100] {dag.py:3033} INFO - Sync 6 DAGs
[2024-01-28T06:52:15.961+0100] {logging_mixin.py:188} INFO - [2024-01-28T06:52:15.960+0100] {dag.py:3820} INFO - Setting next_dagrun for dataset_consumes_1 to None, run_after=None
[2024-01-28T06:52:16.024+0100] {logging_mixin.py:188} INFO - [2024-01-28T06:52:16.024+0100] {dag.py:3820} INFO - Setting next_dagrun for dataset_consumes_1_and_2 to None, run_after=None
[2024-01-28T06:52:16.036+0100] {logging_mixin.py:188} INFO - [2024-01-28T06:52:16.027+0100] {dag.py:3820} INFO - Setting next_dagrun for dataset_consumes_1_never_scheduled to None, run_after=None
[2024-01-28T06:52:16.053+0100] {logging_mixin.py:188} INFO - [2024-01-28T06:52:16.045+0100] {dag.py:3820} INFO - Setting next_dagrun for dataset_consumes_unknown_never_scheduled to None, run_after=None
[2024-01-28T06:52:16.070+0100] {logging_mixin.py:188} INFO - [2024-01-28T06:52:16.068+0100] {dag.py:3820} INFO - Setting next_dagrun for dataset_produces_1 to 2024-01-27T00:00:00+00:00, run_after=2024-01-28T00:00:00+00:00
[2024-01-28T06:52:16.074+0100] {logging_mixin.py:188} INFO - [2024-01-28T06:52:16.073+0100] {dag.py:3820} INFO - Setting next_dagrun for dataset_produces_2 to None, run_after=None
[2024-01-28T06:52:16.838+0100] {processor.py:183} INFO - Processing /home/ubuntu/.local/lib/python3.10/site-packages/airflow/example_dags/example_datasets.py took 1.580 seconds
[2024-01-28T06:56:13.067+0100] {processor.py:161} INFO - Started process (PID=11887) to work on /home/ubuntu/.local/lib/python3.10/site-packages/airflow/example_dags/example_datasets.py
[2024-01-28T06:56:13.127+0100] {processor.py:830} INFO - Processing file /home/ubuntu/.local/lib/python3.10/site-packages/airflow/example_dags/example_datasets.py for tasks to queue
[2024-01-28T06:56:13.130+0100] {logging_mixin.py:188} INFO - [2024-01-28T06:56:13.128+0100] {dagbag.py:538} INFO - Filling up the DagBag from /home/ubuntu/.local/lib/python3.10/site-packages/airflow/example_dags/example_datasets.py
[2024-01-28T06:56:13.263+0100] {processor.py:840} INFO - DAG(s) 'dataset_consumes_1_and_2', 'dataset_consumes_unknown_never_scheduled', 'dataset_consumes_1_never_scheduled', 'dataset_consumes_1', 'dataset_produces_2', 'dataset_produces_1' retrieved from /home/ubuntu/.local/lib/python3.10/site-packages/airflow/example_dags/example_datasets.py
[2024-01-28T06:56:13.452+0100] {logging_mixin.py:188} INFO - [2024-01-28T06:56:13.451+0100] {dag.py:3033} INFO - Sync 6 DAGs
[2024-01-28T06:56:13.719+0100] {logging_mixin.py:188} INFO - [2024-01-28T06:56:13.709+0100] {dag.py:3820} INFO - Setting next_dagrun for dataset_consumes_1 to None, run_after=None
[2024-01-28T06:56:13.771+0100] {logging_mixin.py:188} INFO - [2024-01-28T06:56:13.770+0100] {dag.py:3820} INFO - Setting next_dagrun for dataset_consumes_1_and_2 to None, run_after=None
[2024-01-28T06:56:13.794+0100] {logging_mixin.py:188} INFO - [2024-01-28T06:56:13.793+0100] {dag.py:3820} INFO - Setting next_dagrun for dataset_consumes_1_never_scheduled to None, run_after=None
[2024-01-28T06:56:13.805+0100] {logging_mixin.py:188} INFO - [2024-01-28T06:56:13.804+0100] {dag.py:3820} INFO - Setting next_dagrun for dataset_consumes_unknown_never_scheduled to None, run_after=None
[2024-01-28T06:56:13.820+0100] {logging_mixin.py:188} INFO - [2024-01-28T06:56:13.812+0100] {dag.py:3820} INFO - Setting next_dagrun for dataset_produces_1 to 2024-01-27T00:00:00+00:00, run_after=2024-01-28T00:00:00+00:00
[2024-01-28T06:56:13.849+0100] {logging_mixin.py:188} INFO - [2024-01-28T06:56:13.848+0100] {dag.py:3820} INFO - Setting next_dagrun for dataset_produces_2 to None, run_after=None
[2024-01-28T06:56:14.675+0100] {processor.py:183} INFO - Processing /home/ubuntu/.local/lib/python3.10/site-packages/airflow/example_dags/example_datasets.py took 1.653 seconds
[2024-01-28T06:58:44.403+0100] {processor.py:161} INFO - Started process (PID=12058) to work on /home/ubuntu/.local/lib/python3.10/site-packages/airflow/example_dags/example_datasets.py
[2024-01-28T06:58:44.414+0100] {processor.py:830} INFO - Processing file /home/ubuntu/.local/lib/python3.10/site-packages/airflow/example_dags/example_datasets.py for tasks to queue
[2024-01-28T06:58:44.415+0100] {logging_mixin.py:188} INFO - [2024-01-28T06:58:44.415+0100] {dagbag.py:538} INFO - Filling up the DagBag from /home/ubuntu/.local/lib/python3.10/site-packages/airflow/example_dags/example_datasets.py
[2024-01-28T06:58:44.435+0100] {processor.py:840} INFO - DAG(s) 'dataset_consumes_unknown_never_scheduled', 'dataset_produces_2', 'dataset_produces_1', 'dataset_consumes_1', 'dataset_consumes_1_never_scheduled', 'dataset_consumes_1_and_2' retrieved from /home/ubuntu/.local/lib/python3.10/site-packages/airflow/example_dags/example_datasets.py
[2024-01-28T06:58:44.567+0100] {logging_mixin.py:188} INFO - [2024-01-28T06:58:44.566+0100] {dag.py:3033} INFO - Sync 6 DAGs
[2024-01-28T06:58:44.648+0100] {logging_mixin.py:188} INFO - [2024-01-28T06:58:44.648+0100] {dag.py:3820} INFO - Setting next_dagrun for dataset_consumes_1 to None, run_after=None
[2024-01-28T06:58:44.660+0100] {logging_mixin.py:188} INFO - [2024-01-28T06:58:44.659+0100] {dag.py:3820} INFO - Setting next_dagrun for dataset_consumes_1_and_2 to None, run_after=None
[2024-01-28T06:58:44.704+0100] {logging_mixin.py:188} INFO - [2024-01-28T06:58:44.704+0100] {dag.py:3820} INFO - Setting next_dagrun for dataset_consumes_1_never_scheduled to None, run_after=None
[2024-01-28T06:58:44.710+0100] {logging_mixin.py:188} INFO - [2024-01-28T06:58:44.710+0100] {dag.py:3820} INFO - Setting next_dagrun for dataset_consumes_unknown_never_scheduled to None, run_after=None
[2024-01-28T06:58:44.717+0100] {logging_mixin.py:188} INFO - [2024-01-28T06:58:44.717+0100] {dag.py:3820} INFO - Setting next_dagrun for dataset_produces_1 to 2024-01-27T00:00:00+00:00, run_after=2024-01-28T00:00:00+00:00
[2024-01-28T06:58:44.719+0100] {logging_mixin.py:188} INFO - [2024-01-28T06:58:44.718+0100] {dag.py:3820} INFO - Setting next_dagrun for dataset_produces_2 to None, run_after=None
[2024-01-28T06:58:45.113+0100] {processor.py:183} INFO - Processing /home/ubuntu/.local/lib/python3.10/site-packages/airflow/example_dags/example_datasets.py took 0.741 seconds
[2024-01-28T07:00:25.389+0100] {processor.py:161} INFO - Started process (PID=12137) to work on /home/ubuntu/.local/lib/python3.10/site-packages/airflow/example_dags/example_datasets.py
[2024-01-28T07:00:25.418+0100] {processor.py:830} INFO - Processing file /home/ubuntu/.local/lib/python3.10/site-packages/airflow/example_dags/example_datasets.py for tasks to queue
[2024-01-28T07:00:25.420+0100] {logging_mixin.py:188} INFO - [2024-01-28T07:00:25.419+0100] {dagbag.py:538} INFO - Filling up the DagBag from /home/ubuntu/.local/lib/python3.10/site-packages/airflow/example_dags/example_datasets.py
[2024-01-28T07:00:25.465+0100] {processor.py:840} INFO - DAG(s) 'dataset_consumes_1', 'dataset_consumes_1_never_scheduled', 'dataset_consumes_unknown_never_scheduled', 'dataset_produces_1', 'dataset_consumes_1_and_2', 'dataset_produces_2' retrieved from /home/ubuntu/.local/lib/python3.10/site-packages/airflow/example_dags/example_datasets.py
[2024-01-28T07:00:25.592+0100] {logging_mixin.py:188} INFO - [2024-01-28T07:00:25.592+0100] {dag.py:3033} INFO - Sync 6 DAGs
[2024-01-28T07:00:25.626+0100] {logging_mixin.py:188} INFO - [2024-01-28T07:00:25.626+0100] {dag.py:3820} INFO - Setting next_dagrun for dataset_consumes_1 to None, run_after=None
[2024-01-28T07:00:25.630+0100] {logging_mixin.py:188} INFO - [2024-01-28T07:00:25.630+0100] {dag.py:3820} INFO - Setting next_dagrun for dataset_consumes_1_and_2 to None, run_after=None
[2024-01-28T07:00:25.632+0100] {logging_mixin.py:188} INFO - [2024-01-28T07:00:25.632+0100] {dag.py:3820} INFO - Setting next_dagrun for dataset_consumes_1_never_scheduled to None, run_after=None
[2024-01-28T07:00:25.635+0100] {logging_mixin.py:188} INFO - [2024-01-28T07:00:25.634+0100] {dag.py:3820} INFO - Setting next_dagrun for dataset_consumes_unknown_never_scheduled to None, run_after=None
[2024-01-28T07:00:25.638+0100] {logging_mixin.py:188} INFO - [2024-01-28T07:00:25.638+0100] {dag.py:3820} INFO - Setting next_dagrun for dataset_produces_1 to 2024-01-27T00:00:00+00:00, run_after=2024-01-28T00:00:00+00:00
[2024-01-28T07:00:25.639+0100] {logging_mixin.py:188} INFO - [2024-01-28T07:00:25.639+0100] {dag.py:3820} INFO - Setting next_dagrun for dataset_produces_2 to None, run_after=None
[2024-01-28T07:00:25.996+0100] {processor.py:183} INFO - Processing /home/ubuntu/.local/lib/python3.10/site-packages/airflow/example_dags/example_datasets.py took 0.628 seconds
[2024-01-28T07:02:04.908+0100] {processor.py:161} INFO - Started process (PID=12211) to work on /home/ubuntu/.local/lib/python3.10/site-packages/airflow/example_dags/example_datasets.py
[2024-01-28T07:02:04.948+0100] {processor.py:830} INFO - Processing file /home/ubuntu/.local/lib/python3.10/site-packages/airflow/example_dags/example_datasets.py for tasks to queue
[2024-01-28T07:02:04.952+0100] {logging_mixin.py:188} INFO - [2024-01-28T07:02:04.951+0100] {dagbag.py:538} INFO - Filling up the DagBag from /home/ubuntu/.local/lib/python3.10/site-packages/airflow/example_dags/example_datasets.py
[2024-01-28T07:02:04.968+0100] {processor.py:840} INFO - DAG(s) 'dataset_produces_2', 'dataset_produces_1', 'dataset_consumes_1', 'dataset_consumes_1_and_2', 'dataset_consumes_1_never_scheduled', 'dataset_consumes_unknown_never_scheduled' retrieved from /home/ubuntu/.local/lib/python3.10/site-packages/airflow/example_dags/example_datasets.py
[2024-01-28T07:02:05.021+0100] {logging_mixin.py:188} INFO - [2024-01-28T07:02:05.021+0100] {dag.py:3033} INFO - Sync 6 DAGs
[2024-01-28T07:02:05.064+0100] {logging_mixin.py:188} INFO - [2024-01-28T07:02:05.063+0100] {dag.py:3820} INFO - Setting next_dagrun for dataset_consumes_1 to None, run_after=None
[2024-01-28T07:02:05.072+0100] {logging_mixin.py:188} INFO - [2024-01-28T07:02:05.072+0100] {dag.py:3820} INFO - Setting next_dagrun for dataset_consumes_1_and_2 to None, run_after=None
[2024-01-28T07:02:05.078+0100] {logging_mixin.py:188} INFO - [2024-01-28T07:02:05.078+0100] {dag.py:3820} INFO - Setting next_dagrun for dataset_consumes_1_never_scheduled to None, run_after=None
[2024-01-28T07:02:05.079+0100] {logging_mixin.py:188} INFO - [2024-01-28T07:02:05.079+0100] {dag.py:3820} INFO - Setting next_dagrun for dataset_consumes_unknown_never_scheduled to None, run_after=None
[2024-01-28T07:02:05.081+0100] {logging_mixin.py:188} INFO - [2024-01-28T07:02:05.081+0100] {dag.py:3820} INFO - Setting next_dagrun for dataset_produces_1 to 2024-01-27T00:00:00+00:00, run_after=2024-01-28T00:00:00+00:00
[2024-01-28T07:02:05.083+0100] {logging_mixin.py:188} INFO - [2024-01-28T07:02:05.083+0100] {dag.py:3820} INFO - Setting next_dagrun for dataset_produces_2 to None, run_after=None
[2024-01-28T07:02:05.471+0100] {processor.py:183} INFO - Processing /home/ubuntu/.local/lib/python3.10/site-packages/airflow/example_dags/example_datasets.py took 0.571 seconds
[2024-01-28T07:03:38.087+0100] {processor.py:161} INFO - Started process (PID=12280) to work on /home/ubuntu/.local/lib/python3.10/site-packages/airflow/example_dags/example_datasets.py
[2024-01-28T07:03:38.110+0100] {processor.py:830} INFO - Processing file /home/ubuntu/.local/lib/python3.10/site-packages/airflow/example_dags/example_datasets.py for tasks to queue
[2024-01-28T07:03:38.112+0100] {logging_mixin.py:188} INFO - [2024-01-28T07:03:38.111+0100] {dagbag.py:538} INFO - Filling up the DagBag from /home/ubuntu/.local/lib/python3.10/site-packages/airflow/example_dags/example_datasets.py
[2024-01-28T07:03:38.152+0100] {processor.py:840} INFO - DAG(s) 'dataset_consumes_unknown_never_scheduled', 'dataset_produces_1', 'dataset_consumes_1_never_scheduled', 'dataset_produces_2', 'dataset_consumes_1_and_2', 'dataset_consumes_1' retrieved from /home/ubuntu/.local/lib/python3.10/site-packages/airflow/example_dags/example_datasets.py
[2024-01-28T07:03:38.194+0100] {logging_mixin.py:188} INFO - [2024-01-28T07:03:38.193+0100] {dag.py:3033} INFO - Sync 6 DAGs
[2024-01-28T07:03:38.216+0100] {logging_mixin.py:188} INFO - [2024-01-28T07:03:38.216+0100] {dag.py:3820} INFO - Setting next_dagrun for dataset_consumes_1 to None, run_after=None
[2024-01-28T07:03:38.220+0100] {logging_mixin.py:188} INFO - [2024-01-28T07:03:38.219+0100] {dag.py:3820} INFO - Setting next_dagrun for dataset_consumes_1_and_2 to None, run_after=None
[2024-01-28T07:03:38.221+0100] {logging_mixin.py:188} INFO - [2024-01-28T07:03:38.221+0100] {dag.py:3820} INFO - Setting next_dagrun for dataset_consumes_1_never_scheduled to None, run_after=None
[2024-01-28T07:03:38.223+0100] {logging_mixin.py:188} INFO - [2024-01-28T07:03:38.222+0100] {dag.py:3820} INFO - Setting next_dagrun for dataset_consumes_unknown_never_scheduled to None, run_after=None
[2024-01-28T07:03:38.226+0100] {logging_mixin.py:188} INFO - [2024-01-28T07:03:38.225+0100] {dag.py:3820} INFO - Setting next_dagrun for dataset_produces_1 to 2024-01-27T00:00:00+00:00, run_after=2024-01-28T00:00:00+00:00
[2024-01-28T07:03:38.227+0100] {logging_mixin.py:188} INFO - [2024-01-28T07:03:38.226+0100] {dag.py:3820} INFO - Setting next_dagrun for dataset_produces_2 to None, run_after=None
[2024-01-28T07:03:38.474+0100] {processor.py:183} INFO - Processing /home/ubuntu/.local/lib/python3.10/site-packages/airflow/example_dags/example_datasets.py took 0.400 seconds
[2024-01-28T07:05:18.222+0100] {processor.py:161} INFO - Started process (PID=12355) to work on /home/ubuntu/.local/lib/python3.10/site-packages/airflow/example_dags/example_datasets.py
[2024-01-28T07:05:18.224+0100] {processor.py:830} INFO - Processing file /home/ubuntu/.local/lib/python3.10/site-packages/airflow/example_dags/example_datasets.py for tasks to queue
[2024-01-28T07:05:18.225+0100] {logging_mixin.py:188} INFO - [2024-01-28T07:05:18.225+0100] {dagbag.py:538} INFO - Filling up the DagBag from /home/ubuntu/.local/lib/python3.10/site-packages/airflow/example_dags/example_datasets.py
[2024-01-28T07:05:18.241+0100] {processor.py:840} INFO - DAG(s) 'dataset_consumes_unknown_never_scheduled', 'dataset_consumes_1_and_2', 'dataset_produces_2', 'dataset_consumes_1', 'dataset_consumes_1_never_scheduled', 'dataset_produces_1' retrieved from /home/ubuntu/.local/lib/python3.10/site-packages/airflow/example_dags/example_datasets.py
[2024-01-28T07:05:18.380+0100] {logging_mixin.py:188} INFO - [2024-01-28T07:05:18.377+0100] {dag.py:3033} INFO - Sync 6 DAGs
[2024-01-28T07:05:18.444+0100] {logging_mixin.py:188} INFO - [2024-01-28T07:05:18.444+0100] {dag.py:3820} INFO - Setting next_dagrun for dataset_consumes_1 to None, run_after=None
[2024-01-28T07:05:18.454+0100] {logging_mixin.py:188} INFO - [2024-01-28T07:05:18.454+0100] {dag.py:3820} INFO - Setting next_dagrun for dataset_consumes_1_and_2 to None, run_after=None
[2024-01-28T07:05:18.456+0100] {logging_mixin.py:188} INFO - [2024-01-28T07:05:18.456+0100] {dag.py:3820} INFO - Setting next_dagrun for dataset_consumes_1_never_scheduled to None, run_after=None
[2024-01-28T07:05:18.461+0100] {logging_mixin.py:188} INFO - [2024-01-28T07:05:18.460+0100] {dag.py:3820} INFO - Setting next_dagrun for dataset_consumes_unknown_never_scheduled to None, run_after=None
[2024-01-28T07:05:18.467+0100] {logging_mixin.py:188} INFO - [2024-01-28T07:05:18.466+0100] {dag.py:3820} INFO - Setting next_dagrun for dataset_produces_1 to 2024-01-27T00:00:00+00:00, run_after=2024-01-28T00:00:00+00:00
[2024-01-28T07:05:18.468+0100] {logging_mixin.py:188} INFO - [2024-01-28T07:05:18.468+0100] {dag.py:3820} INFO - Setting next_dagrun for dataset_produces_2 to None, run_after=None
[2024-01-28T07:05:18.734+0100] {processor.py:183} INFO - Processing /home/ubuntu/.local/lib/python3.10/site-packages/airflow/example_dags/example_datasets.py took 0.517 seconds
[2024-01-28T07:06:56.739+0100] {processor.py:161} INFO - Started process (PID=12427) to work on /home/ubuntu/.local/lib/python3.10/site-packages/airflow/example_dags/example_datasets.py
[2024-01-28T07:06:56.759+0100] {processor.py:830} INFO - Processing file /home/ubuntu/.local/lib/python3.10/site-packages/airflow/example_dags/example_datasets.py for tasks to queue
[2024-01-28T07:06:56.760+0100] {logging_mixin.py:188} INFO - [2024-01-28T07:06:56.760+0100] {dagbag.py:538} INFO - Filling up the DagBag from /home/ubuntu/.local/lib/python3.10/site-packages/airflow/example_dags/example_datasets.py
[2024-01-28T07:06:56.815+0100] {processor.py:840} INFO - DAG(s) 'dataset_consumes_unknown_never_scheduled', 'dataset_consumes_1_and_2', 'dataset_produces_2', 'dataset_produces_1', 'dataset_consumes_1_never_scheduled', 'dataset_consumes_1' retrieved from /home/ubuntu/.local/lib/python3.10/site-packages/airflow/example_dags/example_datasets.py
[2024-01-28T07:06:56.909+0100] {logging_mixin.py:188} INFO - [2024-01-28T07:06:56.905+0100] {dag.py:3033} INFO - Sync 6 DAGs
[2024-01-28T07:06:56.967+0100] {logging_mixin.py:188} INFO - [2024-01-28T07:06:56.967+0100] {dag.py:3820} INFO - Setting next_dagrun for dataset_consumes_1 to None, run_after=None
[2024-01-28T07:06:56.982+0100] {logging_mixin.py:188} INFO - [2024-01-28T07:06:56.981+0100] {dag.py:3820} INFO - Setting next_dagrun for dataset_consumes_1_and_2 to None, run_after=None
[2024-01-28T07:06:56.984+0100] {logging_mixin.py:188} INFO - [2024-01-28T07:06:56.984+0100] {dag.py:3820} INFO - Setting next_dagrun for dataset_consumes_1_never_scheduled to None, run_after=None
[2024-01-28T07:06:56.994+0100] {logging_mixin.py:188} INFO - [2024-01-28T07:06:56.994+0100] {dag.py:3820} INFO - Setting next_dagrun for dataset_consumes_unknown_never_scheduled to None, run_after=None
[2024-01-28T07:06:56.998+0100] {logging_mixin.py:188} INFO - [2024-01-28T07:06:56.998+0100] {dag.py:3820} INFO - Setting next_dagrun for dataset_produces_1 to 2024-01-27T00:00:00+00:00, run_after=2024-01-28T00:00:00+00:00
[2024-01-28T07:06:57.000+0100] {logging_mixin.py:188} INFO - [2024-01-28T07:06:57.000+0100] {dag.py:3820} INFO - Setting next_dagrun for dataset_produces_2 to None, run_after=None
[2024-01-28T07:06:57.303+0100] {processor.py:183} INFO - Processing /home/ubuntu/.local/lib/python3.10/site-packages/airflow/example_dags/example_datasets.py took 0.570 seconds
[2024-01-28T07:08:41.890+0100] {processor.py:161} INFO - Started process (PID=12500) to work on /home/ubuntu/.local/lib/python3.10/site-packages/airflow/example_dags/example_datasets.py
[2024-01-28T07:08:41.918+0100] {processor.py:830} INFO - Processing file /home/ubuntu/.local/lib/python3.10/site-packages/airflow/example_dags/example_datasets.py for tasks to queue
[2024-01-28T07:08:41.919+0100] {logging_mixin.py:188} INFO - [2024-01-28T07:08:41.919+0100] {dagbag.py:538} INFO - Filling up the DagBag from /home/ubuntu/.local/lib/python3.10/site-packages/airflow/example_dags/example_datasets.py
[2024-01-28T07:08:41.977+0100] {processor.py:840} INFO - DAG(s) 'dataset_consumes_1_and_2', 'dataset_consumes_1_never_scheduled', 'dataset_consumes_unknown_never_scheduled', 'dataset_consumes_1', 'dataset_produces_2', 'dataset_produces_1' retrieved from /home/ubuntu/.local/lib/python3.10/site-packages/airflow/example_dags/example_datasets.py
[2024-01-28T07:08:42.064+0100] {logging_mixin.py:188} INFO - [2024-01-28T07:08:42.064+0100] {dag.py:3033} INFO - Sync 6 DAGs
[2024-01-28T07:08:42.122+0100] {logging_mixin.py:188} INFO - [2024-01-28T07:08:42.122+0100] {dag.py:3820} INFO - Setting next_dagrun for dataset_consumes_1 to None, run_after=None
[2024-01-28T07:08:42.135+0100] {logging_mixin.py:188} INFO - [2024-01-28T07:08:42.134+0100] {dag.py:3820} INFO - Setting next_dagrun for dataset_consumes_1_and_2 to None, run_after=None
[2024-01-28T07:08:42.136+0100] {logging_mixin.py:188} INFO - [2024-01-28T07:08:42.136+0100] {dag.py:3820} INFO - Setting next_dagrun for dataset_consumes_1_never_scheduled to None, run_after=None
[2024-01-28T07:08:42.136+0100] {logging_mixin.py:188} INFO - [2024-01-28T07:08:42.136+0100] {dag.py:3820} INFO - Setting next_dagrun for dataset_consumes_unknown_never_scheduled to None, run_after=None
[2024-01-28T07:08:42.144+0100] {logging_mixin.py:188} INFO - [2024-01-28T07:08:42.144+0100] {dag.py:3820} INFO - Setting next_dagrun for dataset_produces_1 to 2024-01-27T00:00:00+00:00, run_after=2024-01-28T00:00:00+00:00
[2024-01-28T07:08:42.150+0100] {logging_mixin.py:188} INFO - [2024-01-28T07:08:42.150+0100] {dag.py:3820} INFO - Setting next_dagrun for dataset_produces_2 to None, run_after=None
[2024-01-28T07:08:42.467+0100] {processor.py:183} INFO - Processing /home/ubuntu/.local/lib/python3.10/site-packages/airflow/example_dags/example_datasets.py took 0.591 seconds
[2024-01-28T07:10:25.109+0100] {processor.py:161} INFO - Started process (PID=12596) to work on /home/ubuntu/.local/lib/python3.10/site-packages/airflow/example_dags/example_datasets.py
[2024-01-28T07:10:25.141+0100] {processor.py:830} INFO - Processing file /home/ubuntu/.local/lib/python3.10/site-packages/airflow/example_dags/example_datasets.py for tasks to queue
[2024-01-28T07:10:25.146+0100] {logging_mixin.py:188} INFO - [2024-01-28T07:10:25.145+0100] {dagbag.py:538} INFO - Filling up the DagBag from /home/ubuntu/.local/lib/python3.10/site-packages/airflow/example_dags/example_datasets.py
[2024-01-28T07:10:25.177+0100] {processor.py:840} INFO - DAG(s) 'dataset_produces_2', 'dataset_consumes_1_never_scheduled', 'dataset_consumes_unknown_never_scheduled', 'dataset_consumes_1_and_2', 'dataset_consumes_1', 'dataset_produces_1' retrieved from /home/ubuntu/.local/lib/python3.10/site-packages/airflow/example_dags/example_datasets.py
[2024-01-28T07:10:25.336+0100] {logging_mixin.py:188} INFO - [2024-01-28T07:10:25.336+0100] {dag.py:3033} INFO - Sync 6 DAGs
[2024-01-28T07:10:25.446+0100] {logging_mixin.py:188} INFO - [2024-01-28T07:10:25.446+0100] {dag.py:3820} INFO - Setting next_dagrun for dataset_consumes_1 to None, run_after=None
[2024-01-28T07:10:25.455+0100] {logging_mixin.py:188} INFO - [2024-01-28T07:10:25.454+0100] {dag.py:3820} INFO - Setting next_dagrun for dataset_consumes_1_and_2 to None, run_after=None
[2024-01-28T07:10:25.466+0100] {logging_mixin.py:188} INFO - [2024-01-28T07:10:25.456+0100] {dag.py:3820} INFO - Setting next_dagrun for dataset_consumes_1_never_scheduled to None, run_after=None
[2024-01-28T07:10:25.480+0100] {logging_mixin.py:188} INFO - [2024-01-28T07:10:25.479+0100] {dag.py:3820} INFO - Setting next_dagrun for dataset_consumes_unknown_never_scheduled to None, run_after=None
[2024-01-28T07:10:25.490+0100] {logging_mixin.py:188} INFO - [2024-01-28T07:10:25.490+0100] {dag.py:3820} INFO - Setting next_dagrun for dataset_produces_1 to 2024-01-27T00:00:00+00:00, run_after=2024-01-28T00:00:00+00:00
[2024-01-28T07:10:25.492+0100] {logging_mixin.py:188} INFO - [2024-01-28T07:10:25.492+0100] {dag.py:3820} INFO - Setting next_dagrun for dataset_produces_2 to None, run_after=None
[2024-01-28T07:10:25.844+0100] {processor.py:183} INFO - Processing /home/ubuntu/.local/lib/python3.10/site-packages/airflow/example_dags/example_datasets.py took 0.760 seconds
[2024-01-28T07:12:15.728+0100] {processor.py:161} INFO - Started process (PID=12746) to work on /home/ubuntu/.local/lib/python3.10/site-packages/airflow/example_dags/example_datasets.py
[2024-01-28T07:12:15.752+0100] {processor.py:830} INFO - Processing file /home/ubuntu/.local/lib/python3.10/site-packages/airflow/example_dags/example_datasets.py for tasks to queue
[2024-01-28T07:12:15.753+0100] {logging_mixin.py:188} INFO - [2024-01-28T07:12:15.753+0100] {dagbag.py:538} INFO - Filling up the DagBag from /home/ubuntu/.local/lib/python3.10/site-packages/airflow/example_dags/example_datasets.py
[2024-01-28T07:12:15.801+0100] {processor.py:840} INFO - DAG(s) 'dataset_consumes_unknown_never_scheduled', 'dataset_consumes_1', 'dataset_produces_2', 'dataset_consumes_1_and_2', 'dataset_produces_1', 'dataset_consumes_1_never_scheduled' retrieved from /home/ubuntu/.local/lib/python3.10/site-packages/airflow/example_dags/example_datasets.py
[2024-01-28T07:12:16.010+0100] {logging_mixin.py:188} INFO - [2024-01-28T07:12:16.009+0100] {dag.py:3033} INFO - Sync 6 DAGs
[2024-01-28T07:12:16.041+0100] {logging_mixin.py:188} INFO - [2024-01-28T07:12:16.041+0100] {dag.py:3820} INFO - Setting next_dagrun for dataset_consumes_1 to None, run_after=None
[2024-01-28T07:12:16.048+0100] {logging_mixin.py:188} INFO - [2024-01-28T07:12:16.048+0100] {dag.py:3820} INFO - Setting next_dagrun for dataset_consumes_1_and_2 to None, run_after=None
[2024-01-28T07:12:16.052+0100] {logging_mixin.py:188} INFO - [2024-01-28T07:12:16.052+0100] {dag.py:3820} INFO - Setting next_dagrun for dataset_consumes_1_never_scheduled to None, run_after=None
[2024-01-28T07:12:16.055+0100] {logging_mixin.py:188} INFO - [2024-01-28T07:12:16.055+0100] {dag.py:3820} INFO - Setting next_dagrun for dataset_consumes_unknown_never_scheduled to None, run_after=None
[2024-01-28T07:12:16.063+0100] {logging_mixin.py:188} INFO - [2024-01-28T07:12:16.062+0100] {dag.py:3820} INFO - Setting next_dagrun for dataset_produces_1 to 2024-01-27T00:00:00+00:00, run_after=2024-01-28T00:00:00+00:00
[2024-01-28T07:12:16.064+0100] {logging_mixin.py:188} INFO - [2024-01-28T07:12:16.064+0100] {dag.py:3820} INFO - Setting next_dagrun for dataset_produces_2 to None, run_after=None
[2024-01-28T07:12:16.298+0100] {processor.py:183} INFO - Processing /home/ubuntu/.local/lib/python3.10/site-packages/airflow/example_dags/example_datasets.py took 0.582 seconds
[2024-01-28T07:13:53.859+0100] {processor.py:161} INFO - Started process (PID=13122) to work on /home/ubuntu/.local/lib/python3.10/site-packages/airflow/example_dags/example_datasets.py
[2024-01-28T07:13:53.873+0100] {processor.py:830} INFO - Processing file /home/ubuntu/.local/lib/python3.10/site-packages/airflow/example_dags/example_datasets.py for tasks to queue
[2024-01-28T07:13:53.875+0100] {logging_mixin.py:188} INFO - [2024-01-28T07:13:53.874+0100] {dagbag.py:538} INFO - Filling up the DagBag from /home/ubuntu/.local/lib/python3.10/site-packages/airflow/example_dags/example_datasets.py
[2024-01-28T07:13:53.890+0100] {processor.py:840} INFO - DAG(s) 'dataset_consumes_1_never_scheduled', 'dataset_consumes_unknown_never_scheduled', 'dataset_produces_1', 'dataset_consumes_1', 'dataset_produces_2', 'dataset_consumes_1_and_2' retrieved from /home/ubuntu/.local/lib/python3.10/site-packages/airflow/example_dags/example_datasets.py
[2024-01-28T07:13:53.954+0100] {logging_mixin.py:188} INFO - [2024-01-28T07:13:53.954+0100] {dag.py:3033} INFO - Sync 6 DAGs
[2024-01-28T07:13:53.983+0100] {logging_mixin.py:188} INFO - [2024-01-28T07:13:53.983+0100] {dag.py:3820} INFO - Setting next_dagrun for dataset_consumes_1 to None, run_after=None
[2024-01-28T07:13:53.988+0100] {logging_mixin.py:188} INFO - [2024-01-28T07:13:53.988+0100] {dag.py:3820} INFO - Setting next_dagrun for dataset_consumes_1_and_2 to None, run_after=None
[2024-01-28T07:13:53.990+0100] {logging_mixin.py:188} INFO - [2024-01-28T07:13:53.990+0100] {dag.py:3820} INFO - Setting next_dagrun for dataset_consumes_1_never_scheduled to None, run_after=None
[2024-01-28T07:13:53.991+0100] {logging_mixin.py:188} INFO - [2024-01-28T07:13:53.991+0100] {dag.py:3820} INFO - Setting next_dagrun for dataset_consumes_unknown_never_scheduled to None, run_after=None
[2024-01-28T07:13:53.994+0100] {logging_mixin.py:188} INFO - [2024-01-28T07:13:53.994+0100] {dag.py:3820} INFO - Setting next_dagrun for dataset_produces_1 to 2024-01-27T00:00:00+00:00, run_after=2024-01-28T00:00:00+00:00
[2024-01-28T07:13:53.995+0100] {logging_mixin.py:188} INFO - [2024-01-28T07:13:53.995+0100] {dag.py:3820} INFO - Setting next_dagrun for dataset_produces_2 to None, run_after=None
[2024-01-28T07:13:54.193+0100] {processor.py:183} INFO - Processing /home/ubuntu/.local/lib/python3.10/site-packages/airflow/example_dags/example_datasets.py took 0.344 seconds
[2024-01-28T07:15:38.511+0100] {processor.py:161} INFO - Started process (PID=13251) to work on /home/ubuntu/.local/lib/python3.10/site-packages/airflow/example_dags/example_datasets.py
[2024-01-28T07:15:38.545+0100] {processor.py:830} INFO - Processing file /home/ubuntu/.local/lib/python3.10/site-packages/airflow/example_dags/example_datasets.py for tasks to queue
[2024-01-28T07:15:38.546+0100] {logging_mixin.py:188} INFO - [2024-01-28T07:15:38.545+0100] {dagbag.py:538} INFO - Filling up the DagBag from /home/ubuntu/.local/lib/python3.10/site-packages/airflow/example_dags/example_datasets.py
[2024-01-28T07:15:38.558+0100] {processor.py:840} INFO - DAG(s) 'dataset_consumes_1_never_scheduled', 'dataset_consumes_1_and_2', 'dataset_produces_2', 'dataset_consumes_1', 'dataset_consumes_unknown_never_scheduled', 'dataset_produces_1' retrieved from /home/ubuntu/.local/lib/python3.10/site-packages/airflow/example_dags/example_datasets.py
[2024-01-28T07:15:38.624+0100] {logging_mixin.py:188} INFO - [2024-01-28T07:15:38.623+0100] {dag.py:3033} INFO - Sync 6 DAGs
[2024-01-28T07:15:38.649+0100] {logging_mixin.py:188} INFO - [2024-01-28T07:15:38.649+0100] {dag.py:3820} INFO - Setting next_dagrun for dataset_consumes_1 to None, run_after=None
[2024-01-28T07:15:38.670+0100] {logging_mixin.py:188} INFO - [2024-01-28T07:15:38.670+0100] {dag.py:3820} INFO - Setting next_dagrun for dataset_consumes_1_and_2 to None, run_after=None
[2024-01-28T07:15:38.671+0100] {logging_mixin.py:188} INFO - [2024-01-28T07:15:38.671+0100] {dag.py:3820} INFO - Setting next_dagrun for dataset_consumes_1_never_scheduled to None, run_after=None
[2024-01-28T07:15:38.673+0100] {logging_mixin.py:188} INFO - [2024-01-28T07:15:38.673+0100] {dag.py:3820} INFO - Setting next_dagrun for dataset_consumes_unknown_never_scheduled to None, run_after=None
[2024-01-28T07:15:38.686+0100] {logging_mixin.py:188} INFO - [2024-01-28T07:15:38.686+0100] {dag.py:3820} INFO - Setting next_dagrun for dataset_produces_1 to 2024-01-27T00:00:00+00:00, run_after=2024-01-28T00:00:00+00:00
[2024-01-28T07:15:38.688+0100] {logging_mixin.py:188} INFO - [2024-01-28T07:15:38.687+0100] {dag.py:3820} INFO - Setting next_dagrun for dataset_produces_2 to None, run_after=None
[2024-01-28T07:15:39.018+0100] {processor.py:183} INFO - Processing /home/ubuntu/.local/lib/python3.10/site-packages/airflow/example_dags/example_datasets.py took 0.512 seconds
[2024-01-28T07:17:26.804+0100] {processor.py:161} INFO - Started process (PID=13373) to work on /home/ubuntu/.local/lib/python3.10/site-packages/airflow/example_dags/example_datasets.py
[2024-01-28T07:17:26.812+0100] {processor.py:830} INFO - Processing file /home/ubuntu/.local/lib/python3.10/site-packages/airflow/example_dags/example_datasets.py for tasks to queue
[2024-01-28T07:17:26.814+0100] {logging_mixin.py:188} INFO - [2024-01-28T07:17:26.813+0100] {dagbag.py:538} INFO - Filling up the DagBag from /home/ubuntu/.local/lib/python3.10/site-packages/airflow/example_dags/example_datasets.py
[2024-01-28T07:17:26.838+0100] {processor.py:840} INFO - DAG(s) 'dataset_consumes_1_and_2', 'dataset_consumes_1_never_scheduled', 'dataset_consumes_1', 'dataset_produces_1', 'dataset_consumes_unknown_never_scheduled', 'dataset_produces_2' retrieved from /home/ubuntu/.local/lib/python3.10/site-packages/airflow/example_dags/example_datasets.py
[2024-01-28T07:17:26.891+0100] {logging_mixin.py:188} INFO - [2024-01-28T07:17:26.890+0100] {dag.py:3033} INFO - Sync 6 DAGs
[2024-01-28T07:17:26.944+0100] {logging_mixin.py:188} INFO - [2024-01-28T07:17:26.944+0100] {dag.py:3820} INFO - Setting next_dagrun for dataset_consumes_1 to None, run_after=None
[2024-01-28T07:17:26.947+0100] {logging_mixin.py:188} INFO - [2024-01-28T07:17:26.947+0100] {dag.py:3820} INFO - Setting next_dagrun for dataset_consumes_1_and_2 to None, run_after=None
[2024-01-28T07:17:26.949+0100] {logging_mixin.py:188} INFO - [2024-01-28T07:17:26.948+0100] {dag.py:3820} INFO - Setting next_dagrun for dataset_consumes_1_never_scheduled to None, run_after=None
[2024-01-28T07:17:26.950+0100] {logging_mixin.py:188} INFO - [2024-01-28T07:17:26.949+0100] {dag.py:3820} INFO - Setting next_dagrun for dataset_consumes_unknown_never_scheduled to None, run_after=None
[2024-01-28T07:17:26.960+0100] {logging_mixin.py:188} INFO - [2024-01-28T07:17:26.960+0100] {dag.py:3820} INFO - Setting next_dagrun for dataset_produces_1 to 2024-01-27T00:00:00+00:00, run_after=2024-01-28T00:00:00+00:00
[2024-01-28T07:17:26.962+0100] {logging_mixin.py:188} INFO - [2024-01-28T07:17:26.961+0100] {dag.py:3820} INFO - Setting next_dagrun for dataset_produces_2 to None, run_after=None
[2024-01-28T07:17:27.096+0100] {processor.py:183} INFO - Processing /home/ubuntu/.local/lib/python3.10/site-packages/airflow/example_dags/example_datasets.py took 0.297 seconds
[2024-01-28T07:19:06.677+0100] {processor.py:161} INFO - Started process (PID=13480) to work on /home/ubuntu/.local/lib/python3.10/site-packages/airflow/example_dags/example_datasets.py
[2024-01-28T07:19:06.695+0100] {processor.py:830} INFO - Processing file /home/ubuntu/.local/lib/python3.10/site-packages/airflow/example_dags/example_datasets.py for tasks to queue
[2024-01-28T07:19:06.697+0100] {logging_mixin.py:188} INFO - [2024-01-28T07:19:06.696+0100] {dagbag.py:538} INFO - Filling up the DagBag from /home/ubuntu/.local/lib/python3.10/site-packages/airflow/example_dags/example_datasets.py
[2024-01-28T07:19:06.752+0100] {processor.py:840} INFO - DAG(s) 'dataset_produces_1', 'dataset_consumes_unknown_never_scheduled', 'dataset_consumes_1_never_scheduled', 'dataset_produces_2', 'dataset_consumes_1_and_2', 'dataset_consumes_1' retrieved from /home/ubuntu/.local/lib/python3.10/site-packages/airflow/example_dags/example_datasets.py
[2024-01-28T07:19:06.876+0100] {logging_mixin.py:188} INFO - [2024-01-28T07:19:06.875+0100] {dag.py:3033} INFO - Sync 6 DAGs
[2024-01-28T07:19:06.947+0100] {logging_mixin.py:188} INFO - [2024-01-28T07:19:06.947+0100] {dag.py:3820} INFO - Setting next_dagrun for dataset_consumes_1 to None, run_after=None
[2024-01-28T07:19:06.955+0100] {logging_mixin.py:188} INFO - [2024-01-28T07:19:06.955+0100] {dag.py:3820} INFO - Setting next_dagrun for dataset_consumes_1_and_2 to None, run_after=None
[2024-01-28T07:19:06.964+0100] {logging_mixin.py:188} INFO - [2024-01-28T07:19:06.964+0100] {dag.py:3820} INFO - Setting next_dagrun for dataset_consumes_1_never_scheduled to None, run_after=None
[2024-01-28T07:19:06.965+0100] {logging_mixin.py:188} INFO - [2024-01-28T07:19:06.965+0100] {dag.py:3820} INFO - Setting next_dagrun for dataset_consumes_unknown_never_scheduled to None, run_after=None
[2024-01-28T07:19:06.987+0100] {logging_mixin.py:188} INFO - [2024-01-28T07:19:06.976+0100] {dag.py:3820} INFO - Setting next_dagrun for dataset_produces_1 to 2024-01-27T00:00:00+00:00, run_after=2024-01-28T00:00:00+00:00
[2024-01-28T07:19:06.989+0100] {logging_mixin.py:188} INFO - [2024-01-28T07:19:06.989+0100] {dag.py:3820} INFO - Setting next_dagrun for dataset_produces_2 to None, run_after=None
[2024-01-28T07:19:07.300+0100] {processor.py:183} INFO - Processing /home/ubuntu/.local/lib/python3.10/site-packages/airflow/example_dags/example_datasets.py took 0.630 seconds
