[2024-01-28T06:44:17.893+0100] {processor.py:161} INFO - Started process (PID=11569) to work on /home/ubuntu/.local/lib/python3.10/site-packages/airflow/example_dags/example_branch_datetime_operator.py
[2024-01-28T06:44:17.896+0100] {processor.py:830} INFO - Processing file /home/ubuntu/.local/lib/python3.10/site-packages/airflow/example_dags/example_branch_datetime_operator.py for tasks to queue
[2024-01-28T06:44:17.897+0100] {logging_mixin.py:188} INFO - [2024-01-28T06:44:17.896+0100] {dagbag.py:538} INFO - Filling up the DagBag from /home/ubuntu/.local/lib/python3.10/site-packages/airflow/example_dags/example_branch_datetime_operator.py
[2024-01-28T06:44:18.000+0100] {processor.py:840} INFO - DAG(s) 'example_branch_datetime_operator', 'example_branch_datetime_operator_3', 'example_branch_datetime_operator_2' retrieved from /home/ubuntu/.local/lib/python3.10/site-packages/airflow/example_dags/example_branch_datetime_operator.py
[2024-01-28T06:44:18.218+0100] {logging_mixin.py:188} INFO - [2024-01-28T06:44:18.218+0100] {dag.py:3033} INFO - Sync 3 DAGs
[2024-01-28T06:44:18.400+0100] {logging_mixin.py:188} INFO - [2024-01-28T06:44:18.399+0100] {dag.py:3820} INFO - Setting next_dagrun for example_branch_datetime_operator to 2024-01-27T00:00:00+00:00, run_after=2024-01-28T00:00:00+00:00
[2024-01-28T06:44:18.425+0100] {logging_mixin.py:188} INFO - [2024-01-28T06:44:18.425+0100] {dag.py:3820} INFO - Setting next_dagrun for example_branch_datetime_operator_2 to 2024-01-27T00:00:00+00:00, run_after=2024-01-28T00:00:00+00:00
[2024-01-28T06:44:18.460+0100] {logging_mixin.py:188} INFO - [2024-01-28T06:44:18.460+0100] {dag.py:3820} INFO - Setting next_dagrun for example_branch_datetime_operator_3 to 2024-01-27T00:00:00+00:00, run_after=2024-01-28T00:00:00+00:00
[2024-01-28T06:44:19.134+0100] {processor.py:183} INFO - Processing /home/ubuntu/.local/lib/python3.10/site-packages/airflow/example_dags/example_branch_datetime_operator.py took 1.249 seconds
[2024-01-28T06:48:19.569+0100] {processor.py:161} INFO - Started process (PID=11674) to work on /home/ubuntu/.local/lib/python3.10/site-packages/airflow/example_dags/example_branch_datetime_operator.py
[2024-01-28T06:48:19.611+0100] {processor.py:830} INFO - Processing file /home/ubuntu/.local/lib/python3.10/site-packages/airflow/example_dags/example_branch_datetime_operator.py for tasks to queue
[2024-01-28T06:48:19.641+0100] {logging_mixin.py:188} INFO - [2024-01-28T06:48:19.613+0100] {dagbag.py:538} INFO - Filling up the DagBag from /home/ubuntu/.local/lib/python3.10/site-packages/airflow/example_dags/example_branch_datetime_operator.py
[2024-01-28T06:48:19.799+0100] {processor.py:840} INFO - DAG(s) 'example_branch_datetime_operator_2', 'example_branch_datetime_operator', 'example_branch_datetime_operator_3' retrieved from /home/ubuntu/.local/lib/python3.10/site-packages/airflow/example_dags/example_branch_datetime_operator.py
[2024-01-28T06:48:20.037+0100] {logging_mixin.py:188} INFO - [2024-01-28T06:48:20.037+0100] {dag.py:3033} INFO - Sync 3 DAGs
[2024-01-28T06:48:20.238+0100] {logging_mixin.py:188} INFO - [2024-01-28T06:48:20.237+0100] {dag.py:3820} INFO - Setting next_dagrun for example_branch_datetime_operator to 2024-01-27T00:00:00+00:00, run_after=2024-01-28T00:00:00+00:00
[2024-01-28T06:48:20.285+0100] {logging_mixin.py:188} INFO - [2024-01-28T06:48:20.285+0100] {dag.py:3820} INFO - Setting next_dagrun for example_branch_datetime_operator_2 to 2024-01-27T00:00:00+00:00, run_after=2024-01-28T00:00:00+00:00
[2024-01-28T06:48:20.315+0100] {logging_mixin.py:188} INFO - [2024-01-28T06:48:20.315+0100] {dag.py:3820} INFO - Setting next_dagrun for example_branch_datetime_operator_3 to 2024-01-27T00:00:00+00:00, run_after=2024-01-28T00:00:00+00:00
[2024-01-28T06:48:20.875+0100] {processor.py:183} INFO - Processing /home/ubuntu/.local/lib/python3.10/site-packages/airflow/example_dags/example_branch_datetime_operator.py took 1.317 seconds
[2024-01-28T06:52:18.804+0100] {processor.py:161} INFO - Started process (PID=11781) to work on /home/ubuntu/.local/lib/python3.10/site-packages/airflow/example_dags/example_branch_datetime_operator.py
[2024-01-28T06:52:18.851+0100] {processor.py:830} INFO - Processing file /home/ubuntu/.local/lib/python3.10/site-packages/airflow/example_dags/example_branch_datetime_operator.py for tasks to queue
[2024-01-28T06:52:18.853+0100] {logging_mixin.py:188} INFO - [2024-01-28T06:52:18.852+0100] {dagbag.py:538} INFO - Filling up the DagBag from /home/ubuntu/.local/lib/python3.10/site-packages/airflow/example_dags/example_branch_datetime_operator.py
[2024-01-28T06:52:19.049+0100] {processor.py:840} INFO - DAG(s) 'example_branch_datetime_operator', 'example_branch_datetime_operator_2', 'example_branch_datetime_operator_3' retrieved from /home/ubuntu/.local/lib/python3.10/site-packages/airflow/example_dags/example_branch_datetime_operator.py
[2024-01-28T06:52:19.343+0100] {logging_mixin.py:188} INFO - [2024-01-28T06:52:19.342+0100] {dag.py:3033} INFO - Sync 3 DAGs
[2024-01-28T06:52:19.385+0100] {logging_mixin.py:188} INFO - [2024-01-28T06:52:19.385+0100] {dag.py:3820} INFO - Setting next_dagrun for example_branch_datetime_operator to 2024-01-27T00:00:00+00:00, run_after=2024-01-28T00:00:00+00:00
[2024-01-28T06:52:19.391+0100] {logging_mixin.py:188} INFO - [2024-01-28T06:52:19.391+0100] {dag.py:3820} INFO - Setting next_dagrun for example_branch_datetime_operator_2 to 2024-01-27T00:00:00+00:00, run_after=2024-01-28T00:00:00+00:00
[2024-01-28T06:52:19.395+0100] {logging_mixin.py:188} INFO - [2024-01-28T06:52:19.395+0100] {dag.py:3820} INFO - Setting next_dagrun for example_branch_datetime_operator_3 to 2024-01-27T00:00:00+00:00, run_after=2024-01-28T00:00:00+00:00
[2024-01-28T06:52:19.720+0100] {processor.py:183} INFO - Processing /home/ubuntu/.local/lib/python3.10/site-packages/airflow/example_dags/example_branch_datetime_operator.py took 0.920 seconds
[2024-01-28T06:56:17.053+0100] {processor.py:161} INFO - Started process (PID=11888) to work on /home/ubuntu/.local/lib/python3.10/site-packages/airflow/example_dags/example_branch_datetime_operator.py
[2024-01-28T06:56:17.107+0100] {processor.py:830} INFO - Processing file /home/ubuntu/.local/lib/python3.10/site-packages/airflow/example_dags/example_branch_datetime_operator.py for tasks to queue
[2024-01-28T06:56:17.136+0100] {logging_mixin.py:188} INFO - [2024-01-28T06:56:17.109+0100] {dagbag.py:538} INFO - Filling up the DagBag from /home/ubuntu/.local/lib/python3.10/site-packages/airflow/example_dags/example_branch_datetime_operator.py
[2024-01-28T06:56:17.377+0100] {processor.py:840} INFO - DAG(s) 'example_branch_datetime_operator', 'example_branch_datetime_operator_2', 'example_branch_datetime_operator_3' retrieved from /home/ubuntu/.local/lib/python3.10/site-packages/airflow/example_dags/example_branch_datetime_operator.py
[2024-01-28T06:56:17.767+0100] {logging_mixin.py:188} INFO - [2024-01-28T06:56:17.767+0100] {dag.py:3033} INFO - Sync 3 DAGs
[2024-01-28T06:56:17.952+0100] {logging_mixin.py:188} INFO - [2024-01-28T06:56:17.938+0100] {dag.py:3820} INFO - Setting next_dagrun for example_branch_datetime_operator to 2024-01-27T00:00:00+00:00, run_after=2024-01-28T00:00:00+00:00
[2024-01-28T06:56:18.006+0100] {logging_mixin.py:188} INFO - [2024-01-28T06:56:18.005+0100] {dag.py:3820} INFO - Setting next_dagrun for example_branch_datetime_operator_2 to 2024-01-27T00:00:00+00:00, run_after=2024-01-28T00:00:00+00:00
[2024-01-28T06:56:18.044+0100] {logging_mixin.py:188} INFO - [2024-01-28T06:56:18.043+0100] {dag.py:3820} INFO - Setting next_dagrun for example_branch_datetime_operator_3 to 2024-01-27T00:00:00+00:00, run_after=2024-01-28T00:00:00+00:00
[2024-01-28T06:56:18.548+0100] {processor.py:183} INFO - Processing /home/ubuntu/.local/lib/python3.10/site-packages/airflow/example_dags/example_branch_datetime_operator.py took 1.520 seconds
[2024-01-28T06:58:46.474+0100] {processor.py:161} INFO - Started process (PID=12059) to work on /home/ubuntu/.local/lib/python3.10/site-packages/airflow/example_dags/example_branch_datetime_operator.py
[2024-01-28T06:58:46.517+0100] {processor.py:830} INFO - Processing file /home/ubuntu/.local/lib/python3.10/site-packages/airflow/example_dags/example_branch_datetime_operator.py for tasks to queue
[2024-01-28T06:58:46.524+0100] {logging_mixin.py:188} INFO - [2024-01-28T06:58:46.523+0100] {dagbag.py:538} INFO - Filling up the DagBag from /home/ubuntu/.local/lib/python3.10/site-packages/airflow/example_dags/example_branch_datetime_operator.py
[2024-01-28T06:58:46.611+0100] {processor.py:840} INFO - DAG(s) 'example_branch_datetime_operator_2', 'example_branch_datetime_operator_3', 'example_branch_datetime_operator' retrieved from /home/ubuntu/.local/lib/python3.10/site-packages/airflow/example_dags/example_branch_datetime_operator.py
[2024-01-28T06:58:46.762+0100] {logging_mixin.py:188} INFO - [2024-01-28T06:58:46.745+0100] {dag.py:3033} INFO - Sync 3 DAGs
[2024-01-28T06:58:46.832+0100] {logging_mixin.py:188} INFO - [2024-01-28T06:58:46.831+0100] {dag.py:3820} INFO - Setting next_dagrun for example_branch_datetime_operator to 2024-01-27T00:00:00+00:00, run_after=2024-01-28T00:00:00+00:00
[2024-01-28T06:58:46.836+0100] {logging_mixin.py:188} INFO - [2024-01-28T06:58:46.836+0100] {dag.py:3820} INFO - Setting next_dagrun for example_branch_datetime_operator_2 to 2024-01-27T00:00:00+00:00, run_after=2024-01-28T00:00:00+00:00
[2024-01-28T06:58:46.838+0100] {logging_mixin.py:188} INFO - [2024-01-28T06:58:46.838+0100] {dag.py:3820} INFO - Setting next_dagrun for example_branch_datetime_operator_3 to 2024-01-27T00:00:00+00:00, run_after=2024-01-28T00:00:00+00:00
[2024-01-28T06:58:47.085+0100] {processor.py:183} INFO - Processing /home/ubuntu/.local/lib/python3.10/site-packages/airflow/example_dags/example_branch_datetime_operator.py took 0.619 seconds
[2024-01-28T07:00:27.268+0100] {processor.py:161} INFO - Started process (PID=12138) to work on /home/ubuntu/.local/lib/python3.10/site-packages/airflow/example_dags/example_branch_datetime_operator.py
[2024-01-28T07:00:27.293+0100] {processor.py:830} INFO - Processing file /home/ubuntu/.local/lib/python3.10/site-packages/airflow/example_dags/example_branch_datetime_operator.py for tasks to queue
[2024-01-28T07:00:27.295+0100] {logging_mixin.py:188} INFO - [2024-01-28T07:00:27.294+0100] {dagbag.py:538} INFO - Filling up the DagBag from /home/ubuntu/.local/lib/python3.10/site-packages/airflow/example_dags/example_branch_datetime_operator.py
[2024-01-28T07:00:27.338+0100] {processor.py:840} INFO - DAG(s) 'example_branch_datetime_operator_2', 'example_branch_datetime_operator', 'example_branch_datetime_operator_3' retrieved from /home/ubuntu/.local/lib/python3.10/site-packages/airflow/example_dags/example_branch_datetime_operator.py
[2024-01-28T07:00:27.416+0100] {logging_mixin.py:188} INFO - [2024-01-28T07:00:27.416+0100] {dag.py:3033} INFO - Sync 3 DAGs
[2024-01-28T07:00:27.505+0100] {logging_mixin.py:188} INFO - [2024-01-28T07:00:27.505+0100] {dag.py:3820} INFO - Setting next_dagrun for example_branch_datetime_operator to 2024-01-27T00:00:00+00:00, run_after=2024-01-28T00:00:00+00:00
[2024-01-28T07:00:27.565+0100] {logging_mixin.py:188} INFO - [2024-01-28T07:00:27.565+0100] {dag.py:3820} INFO - Setting next_dagrun for example_branch_datetime_operator_2 to 2024-01-27T00:00:00+00:00, run_after=2024-01-28T00:00:00+00:00
[2024-01-28T07:00:27.568+0100] {logging_mixin.py:188} INFO - [2024-01-28T07:00:27.568+0100] {dag.py:3820} INFO - Setting next_dagrun for example_branch_datetime_operator_3 to 2024-01-27T00:00:00+00:00, run_after=2024-01-28T00:00:00+00:00
[2024-01-28T07:00:27.882+0100] {processor.py:183} INFO - Processing /home/ubuntu/.local/lib/python3.10/site-packages/airflow/example_dags/example_branch_datetime_operator.py took 0.618 seconds
[2024-01-28T07:02:06.146+0100] {processor.py:161} INFO - Started process (PID=12212) to work on /home/ubuntu/.local/lib/python3.10/site-packages/airflow/example_dags/example_branch_datetime_operator.py
[2024-01-28T07:02:06.159+0100] {processor.py:830} INFO - Processing file /home/ubuntu/.local/lib/python3.10/site-packages/airflow/example_dags/example_branch_datetime_operator.py for tasks to queue
[2024-01-28T07:02:06.177+0100] {logging_mixin.py:188} INFO - [2024-01-28T07:02:06.172+0100] {dagbag.py:538} INFO - Filling up the DagBag from /home/ubuntu/.local/lib/python3.10/site-packages/airflow/example_dags/example_branch_datetime_operator.py
[2024-01-28T07:02:06.225+0100] {processor.py:840} INFO - DAG(s) 'example_branch_datetime_operator', 'example_branch_datetime_operator_3', 'example_branch_datetime_operator_2' retrieved from /home/ubuntu/.local/lib/python3.10/site-packages/airflow/example_dags/example_branch_datetime_operator.py
[2024-01-28T07:02:06.302+0100] {logging_mixin.py:188} INFO - [2024-01-28T07:02:06.302+0100] {dag.py:3033} INFO - Sync 3 DAGs
[2024-01-28T07:02:06.352+0100] {logging_mixin.py:188} INFO - [2024-01-28T07:02:06.352+0100] {dag.py:3820} INFO - Setting next_dagrun for example_branch_datetime_operator to 2024-01-27T00:00:00+00:00, run_after=2024-01-28T00:00:00+00:00
[2024-01-28T07:02:06.360+0100] {logging_mixin.py:188} INFO - [2024-01-28T07:02:06.360+0100] {dag.py:3820} INFO - Setting next_dagrun for example_branch_datetime_operator_2 to 2024-01-27T00:00:00+00:00, run_after=2024-01-28T00:00:00+00:00
[2024-01-28T07:02:06.370+0100] {logging_mixin.py:188} INFO - [2024-01-28T07:02:06.370+0100] {dag.py:3820} INFO - Setting next_dagrun for example_branch_datetime_operator_3 to 2024-01-27T00:00:00+00:00, run_after=2024-01-28T00:00:00+00:00
[2024-01-28T07:02:06.635+0100] {processor.py:183} INFO - Processing /home/ubuntu/.local/lib/python3.10/site-packages/airflow/example_dags/example_branch_datetime_operator.py took 0.515 seconds
[2024-01-28T07:03:39.698+0100] {processor.py:161} INFO - Started process (PID=12281) to work on /home/ubuntu/.local/lib/python3.10/site-packages/airflow/example_dags/example_branch_datetime_operator.py
[2024-01-28T07:03:39.751+0100] {processor.py:830} INFO - Processing file /home/ubuntu/.local/lib/python3.10/site-packages/airflow/example_dags/example_branch_datetime_operator.py for tasks to queue
[2024-01-28T07:03:39.753+0100] {logging_mixin.py:188} INFO - [2024-01-28T07:03:39.752+0100] {dagbag.py:538} INFO - Filling up the DagBag from /home/ubuntu/.local/lib/python3.10/site-packages/airflow/example_dags/example_branch_datetime_operator.py
[2024-01-28T07:03:39.828+0100] {processor.py:840} INFO - DAG(s) 'example_branch_datetime_operator_3', 'example_branch_datetime_operator_2', 'example_branch_datetime_operator' retrieved from /home/ubuntu/.local/lib/python3.10/site-packages/airflow/example_dags/example_branch_datetime_operator.py
[2024-01-28T07:03:39.913+0100] {logging_mixin.py:188} INFO - [2024-01-28T07:03:39.913+0100] {dag.py:3033} INFO - Sync 3 DAGs
[2024-01-28T07:03:39.975+0100] {logging_mixin.py:188} INFO - [2024-01-28T07:03:39.974+0100] {dag.py:3820} INFO - Setting next_dagrun for example_branch_datetime_operator to 2024-01-27T00:00:00+00:00, run_after=2024-01-28T00:00:00+00:00
[2024-01-28T07:03:39.995+0100] {logging_mixin.py:188} INFO - [2024-01-28T07:03:39.995+0100] {dag.py:3820} INFO - Setting next_dagrun for example_branch_datetime_operator_2 to 2024-01-27T00:00:00+00:00, run_after=2024-01-28T00:00:00+00:00
[2024-01-28T07:03:40.019+0100] {logging_mixin.py:188} INFO - [2024-01-28T07:03:40.009+0100] {dag.py:3820} INFO - Setting next_dagrun for example_branch_datetime_operator_3 to 2024-01-27T00:00:00+00:00, run_after=2024-01-28T00:00:00+00:00
[2024-01-28T07:03:40.278+0100] {processor.py:183} INFO - Processing /home/ubuntu/.local/lib/python3.10/site-packages/airflow/example_dags/example_branch_datetime_operator.py took 0.593 seconds
[2024-01-28T07:05:20.238+0100] {processor.py:161} INFO - Started process (PID=12356) to work on /home/ubuntu/.local/lib/python3.10/site-packages/airflow/example_dags/example_branch_datetime_operator.py
[2024-01-28T07:05:20.241+0100] {processor.py:830} INFO - Processing file /home/ubuntu/.local/lib/python3.10/site-packages/airflow/example_dags/example_branch_datetime_operator.py for tasks to queue
[2024-01-28T07:05:20.243+0100] {logging_mixin.py:188} INFO - [2024-01-28T07:05:20.242+0100] {dagbag.py:538} INFO - Filling up the DagBag from /home/ubuntu/.local/lib/python3.10/site-packages/airflow/example_dags/example_branch_datetime_operator.py
[2024-01-28T07:05:20.258+0100] {processor.py:840} INFO - DAG(s) 'example_branch_datetime_operator_3', 'example_branch_datetime_operator', 'example_branch_datetime_operator_2' retrieved from /home/ubuntu/.local/lib/python3.10/site-packages/airflow/example_dags/example_branch_datetime_operator.py
[2024-01-28T07:05:20.293+0100] {logging_mixin.py:188} INFO - [2024-01-28T07:05:20.292+0100] {dag.py:3033} INFO - Sync 3 DAGs
[2024-01-28T07:05:20.316+0100] {logging_mixin.py:188} INFO - [2024-01-28T07:05:20.316+0100] {dag.py:3820} INFO - Setting next_dagrun for example_branch_datetime_operator to 2024-01-27T00:00:00+00:00, run_after=2024-01-28T00:00:00+00:00
[2024-01-28T07:05:20.321+0100] {logging_mixin.py:188} INFO - [2024-01-28T07:05:20.321+0100] {dag.py:3820} INFO - Setting next_dagrun for example_branch_datetime_operator_2 to 2024-01-27T00:00:00+00:00, run_after=2024-01-28T00:00:00+00:00
[2024-01-28T07:05:20.324+0100] {logging_mixin.py:188} INFO - [2024-01-28T07:05:20.324+0100] {dag.py:3820} INFO - Setting next_dagrun for example_branch_datetime_operator_3 to 2024-01-27T00:00:00+00:00, run_after=2024-01-28T00:00:00+00:00
[2024-01-28T07:05:20.384+0100] {processor.py:183} INFO - Processing /home/ubuntu/.local/lib/python3.10/site-packages/airflow/example_dags/example_branch_datetime_operator.py took 0.150 seconds
[2024-01-28T07:06:58.566+0100] {processor.py:161} INFO - Started process (PID=12428) to work on /home/ubuntu/.local/lib/python3.10/site-packages/airflow/example_dags/example_branch_datetime_operator.py
[2024-01-28T07:06:58.655+0100] {processor.py:830} INFO - Processing file /home/ubuntu/.local/lib/python3.10/site-packages/airflow/example_dags/example_branch_datetime_operator.py for tasks to queue
[2024-01-28T07:06:58.668+0100] {logging_mixin.py:188} INFO - [2024-01-28T07:06:58.667+0100] {dagbag.py:538} INFO - Filling up the DagBag from /home/ubuntu/.local/lib/python3.10/site-packages/airflow/example_dags/example_branch_datetime_operator.py
[2024-01-28T07:06:58.718+0100] {processor.py:840} INFO - DAG(s) 'example_branch_datetime_operator', 'example_branch_datetime_operator_3', 'example_branch_datetime_operator_2' retrieved from /home/ubuntu/.local/lib/python3.10/site-packages/airflow/example_dags/example_branch_datetime_operator.py
[2024-01-28T07:06:58.764+0100] {logging_mixin.py:188} INFO - [2024-01-28T07:06:58.764+0100] {dag.py:3033} INFO - Sync 3 DAGs
[2024-01-28T07:06:58.787+0100] {logging_mixin.py:188} INFO - [2024-01-28T07:06:58.787+0100] {dag.py:3820} INFO - Setting next_dagrun for example_branch_datetime_operator to 2024-01-27T00:00:00+00:00, run_after=2024-01-28T00:00:00+00:00
[2024-01-28T07:06:58.793+0100] {logging_mixin.py:188} INFO - [2024-01-28T07:06:58.793+0100] {dag.py:3820} INFO - Setting next_dagrun for example_branch_datetime_operator_2 to 2024-01-27T00:00:00+00:00, run_after=2024-01-28T00:00:00+00:00
[2024-01-28T07:06:58.795+0100] {logging_mixin.py:188} INFO - [2024-01-28T07:06:58.795+0100] {dag.py:3820} INFO - Setting next_dagrun for example_branch_datetime_operator_3 to 2024-01-27T00:00:00+00:00, run_after=2024-01-28T00:00:00+00:00
[2024-01-28T07:06:59.010+0100] {processor.py:183} INFO - Processing /home/ubuntu/.local/lib/python3.10/site-packages/airflow/example_dags/example_branch_datetime_operator.py took 0.462 seconds
[2024-01-28T07:08:43.914+0100] {processor.py:161} INFO - Started process (PID=12503) to work on /home/ubuntu/.local/lib/python3.10/site-packages/airflow/example_dags/example_branch_datetime_operator.py
[2024-01-28T07:08:43.940+0100] {processor.py:830} INFO - Processing file /home/ubuntu/.local/lib/python3.10/site-packages/airflow/example_dags/example_branch_datetime_operator.py for tasks to queue
[2024-01-28T07:08:43.947+0100] {logging_mixin.py:188} INFO - [2024-01-28T07:08:43.941+0100] {dagbag.py:538} INFO - Filling up the DagBag from /home/ubuntu/.local/lib/python3.10/site-packages/airflow/example_dags/example_branch_datetime_operator.py
[2024-01-28T07:08:44.029+0100] {processor.py:840} INFO - DAG(s) 'example_branch_datetime_operator', 'example_branch_datetime_operator_3', 'example_branch_datetime_operator_2' retrieved from /home/ubuntu/.local/lib/python3.10/site-packages/airflow/example_dags/example_branch_datetime_operator.py
[2024-01-28T07:08:44.119+0100] {logging_mixin.py:188} INFO - [2024-01-28T07:08:44.114+0100] {dag.py:3033} INFO - Sync 3 DAGs
[2024-01-28T07:08:44.196+0100] {logging_mixin.py:188} INFO - [2024-01-28T07:08:44.196+0100] {dag.py:3820} INFO - Setting next_dagrun for example_branch_datetime_operator to 2024-01-27T00:00:00+00:00, run_after=2024-01-28T00:00:00+00:00
[2024-01-28T07:08:44.205+0100] {logging_mixin.py:188} INFO - [2024-01-28T07:08:44.205+0100] {dag.py:3820} INFO - Setting next_dagrun for example_branch_datetime_operator_2 to 2024-01-27T00:00:00+00:00, run_after=2024-01-28T00:00:00+00:00
[2024-01-28T07:08:44.220+0100] {logging_mixin.py:188} INFO - [2024-01-28T07:08:44.220+0100] {dag.py:3820} INFO - Setting next_dagrun for example_branch_datetime_operator_3 to 2024-01-27T00:00:00+00:00, run_after=2024-01-28T00:00:00+00:00
[2024-01-28T07:08:44.692+0100] {processor.py:183} INFO - Processing /home/ubuntu/.local/lib/python3.10/site-packages/airflow/example_dags/example_branch_datetime_operator.py took 0.802 seconds
[2024-01-28T07:10:27.225+0100] {processor.py:161} INFO - Started process (PID=12597) to work on /home/ubuntu/.local/lib/python3.10/site-packages/airflow/example_dags/example_branch_datetime_operator.py
[2024-01-28T07:10:27.252+0100] {processor.py:830} INFO - Processing file /home/ubuntu/.local/lib/python3.10/site-packages/airflow/example_dags/example_branch_datetime_operator.py for tasks to queue
[2024-01-28T07:10:27.253+0100] {logging_mixin.py:188} INFO - [2024-01-28T07:10:27.253+0100] {dagbag.py:538} INFO - Filling up the DagBag from /home/ubuntu/.local/lib/python3.10/site-packages/airflow/example_dags/example_branch_datetime_operator.py
[2024-01-28T07:10:27.291+0100] {processor.py:840} INFO - DAG(s) 'example_branch_datetime_operator_2', 'example_branch_datetime_operator', 'example_branch_datetime_operator_3' retrieved from /home/ubuntu/.local/lib/python3.10/site-packages/airflow/example_dags/example_branch_datetime_operator.py
[2024-01-28T07:10:27.348+0100] {logging_mixin.py:188} INFO - [2024-01-28T07:10:27.348+0100] {dag.py:3033} INFO - Sync 3 DAGs
[2024-01-28T07:10:27.450+0100] {logging_mixin.py:188} INFO - [2024-01-28T07:10:27.437+0100] {dag.py:3820} INFO - Setting next_dagrun for example_branch_datetime_operator to 2024-01-27T00:00:00+00:00, run_after=2024-01-28T00:00:00+00:00
[2024-01-28T07:10:27.476+0100] {logging_mixin.py:188} INFO - [2024-01-28T07:10:27.476+0100] {dag.py:3820} INFO - Setting next_dagrun for example_branch_datetime_operator_2 to 2024-01-27T00:00:00+00:00, run_after=2024-01-28T00:00:00+00:00
[2024-01-28T07:10:27.484+0100] {logging_mixin.py:188} INFO - [2024-01-28T07:10:27.484+0100] {dag.py:3820} INFO - Setting next_dagrun for example_branch_datetime_operator_3 to 2024-01-27T00:00:00+00:00, run_after=2024-01-28T00:00:00+00:00
[2024-01-28T07:10:27.747+0100] {processor.py:183} INFO - Processing /home/ubuntu/.local/lib/python3.10/site-packages/airflow/example_dags/example_branch_datetime_operator.py took 0.595 seconds
[2024-01-28T07:12:17.541+0100] {processor.py:161} INFO - Started process (PID=12759) to work on /home/ubuntu/.local/lib/python3.10/site-packages/airflow/example_dags/example_branch_datetime_operator.py
[2024-01-28T07:12:17.560+0100] {processor.py:830} INFO - Processing file /home/ubuntu/.local/lib/python3.10/site-packages/airflow/example_dags/example_branch_datetime_operator.py for tasks to queue
[2024-01-28T07:12:17.573+0100] {logging_mixin.py:188} INFO - [2024-01-28T07:12:17.572+0100] {dagbag.py:538} INFO - Filling up the DagBag from /home/ubuntu/.local/lib/python3.10/site-packages/airflow/example_dags/example_branch_datetime_operator.py
[2024-01-28T07:12:17.634+0100] {processor.py:840} INFO - DAG(s) 'example_branch_datetime_operator_3', 'example_branch_datetime_operator', 'example_branch_datetime_operator_2' retrieved from /home/ubuntu/.local/lib/python3.10/site-packages/airflow/example_dags/example_branch_datetime_operator.py
[2024-01-28T07:12:17.716+0100] {logging_mixin.py:188} INFO - [2024-01-28T07:12:17.715+0100] {dag.py:3033} INFO - Sync 3 DAGs
[2024-01-28T07:12:17.779+0100] {logging_mixin.py:188} INFO - [2024-01-28T07:12:17.779+0100] {dag.py:3820} INFO - Setting next_dagrun for example_branch_datetime_operator to 2024-01-27T00:00:00+00:00, run_after=2024-01-28T00:00:00+00:00
[2024-01-28T07:12:17.792+0100] {logging_mixin.py:188} INFO - [2024-01-28T07:12:17.791+0100] {dag.py:3820} INFO - Setting next_dagrun for example_branch_datetime_operator_2 to 2024-01-27T00:00:00+00:00, run_after=2024-01-28T00:00:00+00:00
[2024-01-28T07:12:17.798+0100] {logging_mixin.py:188} INFO - [2024-01-28T07:12:17.798+0100] {dag.py:3820} INFO - Setting next_dagrun for example_branch_datetime_operator_3 to 2024-01-27T00:00:00+00:00, run_after=2024-01-28T00:00:00+00:00
[2024-01-28T07:12:18.013+0100] {processor.py:183} INFO - Processing /home/ubuntu/.local/lib/python3.10/site-packages/airflow/example_dags/example_branch_datetime_operator.py took 0.486 seconds
[2024-01-28T07:13:54.754+0100] {processor.py:161} INFO - Started process (PID=13123) to work on /home/ubuntu/.local/lib/python3.10/site-packages/airflow/example_dags/example_branch_datetime_operator.py
[2024-01-28T07:13:54.757+0100] {processor.py:830} INFO - Processing file /home/ubuntu/.local/lib/python3.10/site-packages/airflow/example_dags/example_branch_datetime_operator.py for tasks to queue
[2024-01-28T07:13:54.759+0100] {logging_mixin.py:188} INFO - [2024-01-28T07:13:54.758+0100] {dagbag.py:538} INFO - Filling up the DagBag from /home/ubuntu/.local/lib/python3.10/site-packages/airflow/example_dags/example_branch_datetime_operator.py
[2024-01-28T07:13:54.786+0100] {processor.py:840} INFO - DAG(s) 'example_branch_datetime_operator_3', 'example_branch_datetime_operator', 'example_branch_datetime_operator_2' retrieved from /home/ubuntu/.local/lib/python3.10/site-packages/airflow/example_dags/example_branch_datetime_operator.py
[2024-01-28T07:13:54.837+0100] {logging_mixin.py:188} INFO - [2024-01-28T07:13:54.836+0100] {dag.py:3033} INFO - Sync 3 DAGs
[2024-01-28T07:13:54.915+0100] {logging_mixin.py:188} INFO - [2024-01-28T07:13:54.915+0100] {dag.py:3820} INFO - Setting next_dagrun for example_branch_datetime_operator to 2024-01-27T00:00:00+00:00, run_after=2024-01-28T00:00:00+00:00
[2024-01-28T07:13:54.933+0100] {logging_mixin.py:188} INFO - [2024-01-28T07:13:54.933+0100] {dag.py:3820} INFO - Setting next_dagrun for example_branch_datetime_operator_2 to 2024-01-27T00:00:00+00:00, run_after=2024-01-28T00:00:00+00:00
[2024-01-28T07:13:54.941+0100] {logging_mixin.py:188} INFO - [2024-01-28T07:13:54.940+0100] {dag.py:3820} INFO - Setting next_dagrun for example_branch_datetime_operator_3 to 2024-01-27T00:00:00+00:00, run_after=2024-01-28T00:00:00+00:00
[2024-01-28T07:13:55.254+0100] {processor.py:183} INFO - Processing /home/ubuntu/.local/lib/python3.10/site-packages/airflow/example_dags/example_branch_datetime_operator.py took 0.505 seconds
[2024-01-28T07:15:40.697+0100] {processor.py:161} INFO - Started process (PID=13256) to work on /home/ubuntu/.local/lib/python3.10/site-packages/airflow/example_dags/example_branch_datetime_operator.py
[2024-01-28T07:15:40.721+0100] {processor.py:830} INFO - Processing file /home/ubuntu/.local/lib/python3.10/site-packages/airflow/example_dags/example_branch_datetime_operator.py for tasks to queue
[2024-01-28T07:15:40.752+0100] {logging_mixin.py:188} INFO - [2024-01-28T07:15:40.722+0100] {dagbag.py:538} INFO - Filling up the DagBag from /home/ubuntu/.local/lib/python3.10/site-packages/airflow/example_dags/example_branch_datetime_operator.py
[2024-01-28T07:15:40.787+0100] {processor.py:840} INFO - DAG(s) 'example_branch_datetime_operator_3', 'example_branch_datetime_operator', 'example_branch_datetime_operator_2' retrieved from /home/ubuntu/.local/lib/python3.10/site-packages/airflow/example_dags/example_branch_datetime_operator.py
[2024-01-28T07:15:40.816+0100] {logging_mixin.py:188} INFO - [2024-01-28T07:15:40.816+0100] {dag.py:3033} INFO - Sync 3 DAGs
[2024-01-28T07:15:40.854+0100] {logging_mixin.py:188} INFO - [2024-01-28T07:15:40.853+0100] {dag.py:3820} INFO - Setting next_dagrun for example_branch_datetime_operator to 2024-01-27T00:00:00+00:00, run_after=2024-01-28T00:00:00+00:00
[2024-01-28T07:15:40.870+0100] {logging_mixin.py:188} INFO - [2024-01-28T07:15:40.869+0100] {dag.py:3820} INFO - Setting next_dagrun for example_branch_datetime_operator_2 to 2024-01-27T00:00:00+00:00, run_after=2024-01-28T00:00:00+00:00
[2024-01-28T07:15:40.888+0100] {logging_mixin.py:188} INFO - [2024-01-28T07:15:40.888+0100] {dag.py:3820} INFO - Setting next_dagrun for example_branch_datetime_operator_3 to 2024-01-27T00:00:00+00:00, run_after=2024-01-28T00:00:00+00:00
[2024-01-28T07:15:41.139+0100] {processor.py:183} INFO - Processing /home/ubuntu/.local/lib/python3.10/site-packages/airflow/example_dags/example_branch_datetime_operator.py took 0.465 seconds
[2024-01-28T07:17:28.333+0100] {processor.py:161} INFO - Started process (PID=13381) to work on /home/ubuntu/.local/lib/python3.10/site-packages/airflow/example_dags/example_branch_datetime_operator.py
[2024-01-28T07:17:28.362+0100] {processor.py:830} INFO - Processing file /home/ubuntu/.local/lib/python3.10/site-packages/airflow/example_dags/example_branch_datetime_operator.py for tasks to queue
[2024-01-28T07:17:28.363+0100] {logging_mixin.py:188} INFO - [2024-01-28T07:17:28.363+0100] {dagbag.py:538} INFO - Filling up the DagBag from /home/ubuntu/.local/lib/python3.10/site-packages/airflow/example_dags/example_branch_datetime_operator.py
[2024-01-28T07:17:28.401+0100] {processor.py:840} INFO - DAG(s) 'example_branch_datetime_operator_2', 'example_branch_datetime_operator_3', 'example_branch_datetime_operator' retrieved from /home/ubuntu/.local/lib/python3.10/site-packages/airflow/example_dags/example_branch_datetime_operator.py
[2024-01-28T07:17:28.430+0100] {logging_mixin.py:188} INFO - [2024-01-28T07:17:28.430+0100] {dag.py:3033} INFO - Sync 3 DAGs
[2024-01-28T07:17:28.451+0100] {logging_mixin.py:188} INFO - [2024-01-28T07:17:28.451+0100] {dag.py:3820} INFO - Setting next_dagrun for example_branch_datetime_operator to 2024-01-27T00:00:00+00:00, run_after=2024-01-28T00:00:00+00:00
[2024-01-28T07:17:28.455+0100] {logging_mixin.py:188} INFO - [2024-01-28T07:17:28.455+0100] {dag.py:3820} INFO - Setting next_dagrun for example_branch_datetime_operator_2 to 2024-01-27T00:00:00+00:00, run_after=2024-01-28T00:00:00+00:00
[2024-01-28T07:17:28.458+0100] {logging_mixin.py:188} INFO - [2024-01-28T07:17:28.458+0100] {dag.py:3820} INFO - Setting next_dagrun for example_branch_datetime_operator_3 to 2024-01-27T00:00:00+00:00, run_after=2024-01-28T00:00:00+00:00
[2024-01-28T07:17:28.500+0100] {processor.py:183} INFO - Processing /home/ubuntu/.local/lib/python3.10/site-packages/airflow/example_dags/example_branch_datetime_operator.py took 0.220 seconds
[2024-01-28T07:19:08.792+0100] {processor.py:161} INFO - Started process (PID=13481) to work on /home/ubuntu/.local/lib/python3.10/site-packages/airflow/example_dags/example_branch_datetime_operator.py
[2024-01-28T07:19:08.835+0100] {processor.py:830} INFO - Processing file /home/ubuntu/.local/lib/python3.10/site-packages/airflow/example_dags/example_branch_datetime_operator.py for tasks to queue
[2024-01-28T07:19:08.840+0100] {logging_mixin.py:188} INFO - [2024-01-28T07:19:08.837+0100] {dagbag.py:538} INFO - Filling up the DagBag from /home/ubuntu/.local/lib/python3.10/site-packages/airflow/example_dags/example_branch_datetime_operator.py
[2024-01-28T07:19:08.877+0100] {processor.py:840} INFO - DAG(s) 'example_branch_datetime_operator_2', 'example_branch_datetime_operator', 'example_branch_datetime_operator_3' retrieved from /home/ubuntu/.local/lib/python3.10/site-packages/airflow/example_dags/example_branch_datetime_operator.py
[2024-01-28T07:19:08.911+0100] {logging_mixin.py:188} INFO - [2024-01-28T07:19:08.911+0100] {dag.py:3033} INFO - Sync 3 DAGs
[2024-01-28T07:19:08.942+0100] {logging_mixin.py:188} INFO - [2024-01-28T07:19:08.942+0100] {dag.py:3820} INFO - Setting next_dagrun for example_branch_datetime_operator to 2024-01-27T00:00:00+00:00, run_after=2024-01-28T00:00:00+00:00
[2024-01-28T07:19:08.949+0100] {logging_mixin.py:188} INFO - [2024-01-28T07:19:08.949+0100] {dag.py:3820} INFO - Setting next_dagrun for example_branch_datetime_operator_2 to 2024-01-27T00:00:00+00:00, run_after=2024-01-28T00:00:00+00:00
[2024-01-28T07:19:08.953+0100] {logging_mixin.py:188} INFO - [2024-01-28T07:19:08.953+0100] {dag.py:3820} INFO - Setting next_dagrun for example_branch_datetime_operator_3 to 2024-01-27T00:00:00+00:00, run_after=2024-01-28T00:00:00+00:00
[2024-01-28T07:19:09.073+0100] {processor.py:183} INFO - Processing /home/ubuntu/.local/lib/python3.10/site-packages/airflow/example_dags/example_branch_datetime_operator.py took 0.286 seconds
