[2024-01-28T06:42:15.651+0100] {processor.py:161} INFO - Started process (PID=11522) to work on /home/ubuntu/.local/lib/python3.10/site-packages/airflow/example_dags/example_task_group_decorator.py
[2024-01-28T06:42:15.718+0100] {processor.py:830} INFO - Processing file /home/ubuntu/.local/lib/python3.10/site-packages/airflow/example_dags/example_task_group_decorator.py for tasks to queue
[2024-01-28T06:42:15.726+0100] {logging_mixin.py:188} INFO - [2024-01-28T06:42:15.719+0100] {dagbag.py:538} INFO - Filling up the DagBag from /home/ubuntu/.local/lib/python3.10/site-packages/airflow/example_dags/example_task_group_decorator.py
[2024-01-28T06:42:16.001+0100] {processor.py:840} INFO - DAG(s) 'example_task_group_decorator' retrieved from /home/ubuntu/.local/lib/python3.10/site-packages/airflow/example_dags/example_task_group_decorator.py
[2024-01-28T06:42:16.225+0100] {logging_mixin.py:188} INFO - [2024-01-28T06:42:16.204+0100] {dag.py:3033} INFO - Sync 1 DAGs
[2024-01-28T06:42:16.419+0100] {logging_mixin.py:188} INFO - [2024-01-28T06:42:16.419+0100] {dag.py:3820} INFO - Setting next_dagrun for example_task_group_decorator to 2024-01-27T00:00:00+00:00, run_after=2024-01-28T00:00:00+00:00
[2024-01-28T06:42:16.963+0100] {processor.py:183} INFO - Processing /home/ubuntu/.local/lib/python3.10/site-packages/airflow/example_dags/example_task_group_decorator.py took 1.323 seconds
[2024-01-28T06:44:35.963+0100] {processor.py:161} INFO - Started process (PID=11576) to work on /home/ubuntu/.local/lib/python3.10/site-packages/airflow/example_dags/example_task_group_decorator.py
[2024-01-28T06:44:36.082+0100] {processor.py:830} INFO - Processing file /home/ubuntu/.local/lib/python3.10/site-packages/airflow/example_dags/example_task_group_decorator.py for tasks to queue
[2024-01-28T06:44:36.085+0100] {logging_mixin.py:188} INFO - [2024-01-28T06:44:36.084+0100] {dagbag.py:538} INFO - Filling up the DagBag from /home/ubuntu/.local/lib/python3.10/site-packages/airflow/example_dags/example_task_group_decorator.py
[2024-01-28T06:44:36.221+0100] {processor.py:840} INFO - DAG(s) 'example_task_group_decorator' retrieved from /home/ubuntu/.local/lib/python3.10/site-packages/airflow/example_dags/example_task_group_decorator.py
[2024-01-28T06:44:36.477+0100] {logging_mixin.py:188} INFO - [2024-01-28T06:44:36.476+0100] {dag.py:3033} INFO - Sync 1 DAGs
[2024-01-28T06:44:36.631+0100] {logging_mixin.py:188} INFO - [2024-01-28T06:44:36.623+0100] {dag.py:3820} INFO - Setting next_dagrun for example_task_group_decorator to 2024-01-27T00:00:00+00:00, run_after=2024-01-28T00:00:00+00:00
[2024-01-28T06:44:37.400+0100] {processor.py:183} INFO - Processing /home/ubuntu/.local/lib/python3.10/site-packages/airflow/example_dags/example_task_group_decorator.py took 1.456 seconds
[2024-01-28T06:46:37.848+0100] {processor.py:161} INFO - Started process (PID=11630) to work on /home/ubuntu/.local/lib/python3.10/site-packages/airflow/example_dags/example_task_group_decorator.py
[2024-01-28T06:46:37.912+0100] {processor.py:830} INFO - Processing file /home/ubuntu/.local/lib/python3.10/site-packages/airflow/example_dags/example_task_group_decorator.py for tasks to queue
[2024-01-28T06:46:37.940+0100] {logging_mixin.py:188} INFO - [2024-01-28T06:46:37.914+0100] {dagbag.py:538} INFO - Filling up the DagBag from /home/ubuntu/.local/lib/python3.10/site-packages/airflow/example_dags/example_task_group_decorator.py
[2024-01-28T06:46:38.140+0100] {processor.py:840} INFO - DAG(s) 'example_task_group_decorator' retrieved from /home/ubuntu/.local/lib/python3.10/site-packages/airflow/example_dags/example_task_group_decorator.py
[2024-01-28T06:46:38.336+0100] {logging_mixin.py:188} INFO - [2024-01-28T06:46:38.326+0100] {dag.py:3033} INFO - Sync 1 DAGs
[2024-01-28T06:46:38.574+0100] {logging_mixin.py:188} INFO - [2024-01-28T06:46:38.574+0100] {dag.py:3820} INFO - Setting next_dagrun for example_task_group_decorator to 2024-01-27T00:00:00+00:00, run_after=2024-01-28T00:00:00+00:00
[2024-01-28T06:46:39.480+0100] {processor.py:183} INFO - Processing /home/ubuntu/.local/lib/python3.10/site-packages/airflow/example_dags/example_task_group_decorator.py took 1.648 seconds
[2024-01-28T06:48:34.268+0100] {processor.py:161} INFO - Started process (PID=11680) to work on /home/ubuntu/.local/lib/python3.10/site-packages/airflow/example_dags/example_task_group_decorator.py
[2024-01-28T06:48:34.343+0100] {processor.py:830} INFO - Processing file /home/ubuntu/.local/lib/python3.10/site-packages/airflow/example_dags/example_task_group_decorator.py for tasks to queue
[2024-01-28T06:48:34.345+0100] {logging_mixin.py:188} INFO - [2024-01-28T06:48:34.344+0100] {dagbag.py:538} INFO - Filling up the DagBag from /home/ubuntu/.local/lib/python3.10/site-packages/airflow/example_dags/example_task_group_decorator.py
[2024-01-28T06:48:34.469+0100] {processor.py:840} INFO - DAG(s) 'example_task_group_decorator' retrieved from /home/ubuntu/.local/lib/python3.10/site-packages/airflow/example_dags/example_task_group_decorator.py
[2024-01-28T06:48:34.713+0100] {logging_mixin.py:188} INFO - [2024-01-28T06:48:34.698+0100] {dag.py:3033} INFO - Sync 1 DAGs
[2024-01-28T06:48:35.268+0100] {logging_mixin.py:188} INFO - [2024-01-28T06:48:35.260+0100] {dag.py:3820} INFO - Setting next_dagrun for example_task_group_decorator to 2024-01-27T00:00:00+00:00, run_after=2024-01-28T00:00:00+00:00
[2024-01-28T06:48:35.850+0100] {processor.py:183} INFO - Processing /home/ubuntu/.local/lib/python3.10/site-packages/airflow/example_dags/example_task_group_decorator.py took 1.641 seconds
[2024-01-28T06:50:37.268+0100] {processor.py:161} INFO - Started process (PID=11736) to work on /home/ubuntu/.local/lib/python3.10/site-packages/airflow/example_dags/example_task_group_decorator.py
[2024-01-28T06:50:37.300+0100] {processor.py:830} INFO - Processing file /home/ubuntu/.local/lib/python3.10/site-packages/airflow/example_dags/example_task_group_decorator.py for tasks to queue
[2024-01-28T06:50:37.302+0100] {logging_mixin.py:188} INFO - [2024-01-28T06:50:37.301+0100] {dagbag.py:538} INFO - Filling up the DagBag from /home/ubuntu/.local/lib/python3.10/site-packages/airflow/example_dags/example_task_group_decorator.py
[2024-01-28T06:50:37.484+0100] {processor.py:840} INFO - DAG(s) 'example_task_group_decorator' retrieved from /home/ubuntu/.local/lib/python3.10/site-packages/airflow/example_dags/example_task_group_decorator.py
[2024-01-28T06:50:37.721+0100] {logging_mixin.py:188} INFO - [2024-01-28T06:50:37.720+0100] {dag.py:3033} INFO - Sync 1 DAGs
[2024-01-28T06:50:37.956+0100] {logging_mixin.py:188} INFO - [2024-01-28T06:50:37.956+0100] {dag.py:3820} INFO - Setting next_dagrun for example_task_group_decorator to 2024-01-27T00:00:00+00:00, run_after=2024-01-28T00:00:00+00:00
[2024-01-28T06:50:38.571+0100] {processor.py:183} INFO - Processing /home/ubuntu/.local/lib/python3.10/site-packages/airflow/example_dags/example_task_group_decorator.py took 1.344 seconds
[2024-01-28T06:52:37.292+0100] {processor.py:161} INFO - Started process (PID=11787) to work on /home/ubuntu/.local/lib/python3.10/site-packages/airflow/example_dags/example_task_group_decorator.py
[2024-01-28T06:52:37.324+0100] {processor.py:830} INFO - Processing file /home/ubuntu/.local/lib/python3.10/site-packages/airflow/example_dags/example_task_group_decorator.py for tasks to queue
[2024-01-28T06:52:37.328+0100] {logging_mixin.py:188} INFO - [2024-01-28T06:52:37.325+0100] {dagbag.py:538} INFO - Filling up the DagBag from /home/ubuntu/.local/lib/python3.10/site-packages/airflow/example_dags/example_task_group_decorator.py
[2024-01-28T06:52:37.546+0100] {processor.py:840} INFO - DAG(s) 'example_task_group_decorator' retrieved from /home/ubuntu/.local/lib/python3.10/site-packages/airflow/example_dags/example_task_group_decorator.py
[2024-01-28T06:52:37.720+0100] {logging_mixin.py:188} INFO - [2024-01-28T06:52:37.719+0100] {dag.py:3033} INFO - Sync 1 DAGs
[2024-01-28T06:52:38.086+0100] {logging_mixin.py:188} INFO - [2024-01-28T06:52:38.085+0100] {dag.py:3820} INFO - Setting next_dagrun for example_task_group_decorator to 2024-01-27T00:00:00+00:00, run_after=2024-01-28T00:00:00+00:00
[2024-01-28T06:52:38.571+0100] {processor.py:183} INFO - Processing /home/ubuntu/.local/lib/python3.10/site-packages/airflow/example_dags/example_task_group_decorator.py took 1.297 seconds
[2024-01-28T06:54:37.282+0100] {processor.py:161} INFO - Started process (PID=11840) to work on /home/ubuntu/.local/lib/python3.10/site-packages/airflow/example_dags/example_task_group_decorator.py
[2024-01-28T06:54:37.360+0100] {processor.py:830} INFO - Processing file /home/ubuntu/.local/lib/python3.10/site-packages/airflow/example_dags/example_task_group_decorator.py for tasks to queue
[2024-01-28T06:54:37.377+0100] {logging_mixin.py:188} INFO - [2024-01-28T06:54:37.376+0100] {dagbag.py:538} INFO - Filling up the DagBag from /home/ubuntu/.local/lib/python3.10/site-packages/airflow/example_dags/example_task_group_decorator.py
[2024-01-28T06:54:37.729+0100] {processor.py:840} INFO - DAG(s) 'example_task_group_decorator' retrieved from /home/ubuntu/.local/lib/python3.10/site-packages/airflow/example_dags/example_task_group_decorator.py
[2024-01-28T06:54:37.942+0100] {logging_mixin.py:188} INFO - [2024-01-28T06:54:37.942+0100] {dag.py:3033} INFO - Sync 1 DAGs
[2024-01-28T06:54:38.065+0100] {logging_mixin.py:188} INFO - [2024-01-28T06:54:38.065+0100] {dag.py:3820} INFO - Setting next_dagrun for example_task_group_decorator to 2024-01-27T00:00:00+00:00, run_after=2024-01-28T00:00:00+00:00
[2024-01-28T06:54:38.932+0100] {processor.py:183} INFO - Processing /home/ubuntu/.local/lib/python3.10/site-packages/airflow/example_dags/example_task_group_decorator.py took 1.707 seconds
[2024-01-28T06:56:33.063+0100] {processor.py:161} INFO - Started process (PID=11895) to work on /home/ubuntu/.local/lib/python3.10/site-packages/airflow/example_dags/example_task_group_decorator.py
[2024-01-28T06:56:33.169+0100] {processor.py:830} INFO - Processing file /home/ubuntu/.local/lib/python3.10/site-packages/airflow/example_dags/example_task_group_decorator.py for tasks to queue
[2024-01-28T06:56:33.234+0100] {logging_mixin.py:188} INFO - [2024-01-28T06:56:33.170+0100] {dagbag.py:538} INFO - Filling up the DagBag from /home/ubuntu/.local/lib/python3.10/site-packages/airflow/example_dags/example_task_group_decorator.py
[2024-01-28T06:56:33.488+0100] {processor.py:840} INFO - DAG(s) 'example_task_group_decorator' retrieved from /home/ubuntu/.local/lib/python3.10/site-packages/airflow/example_dags/example_task_group_decorator.py
[2024-01-28T06:56:33.722+0100] {logging_mixin.py:188} INFO - [2024-01-28T06:56:33.721+0100] {dag.py:3033} INFO - Sync 1 DAGs
[2024-01-28T06:56:33.910+0100] {logging_mixin.py:188} INFO - [2024-01-28T06:56:33.910+0100] {dag.py:3820} INFO - Setting next_dagrun for example_task_group_decorator to 2024-01-27T00:00:00+00:00, run_after=2024-01-28T00:00:00+00:00
[2024-01-28T06:56:34.816+0100] {processor.py:183} INFO - Processing /home/ubuntu/.local/lib/python3.10/site-packages/airflow/example_dags/example_task_group_decorator.py took 1.785 seconds
[2024-01-28T06:58:05.010+0100] {processor.py:161} INFO - Started process (PID=12023) to work on /home/ubuntu/.local/lib/python3.10/site-packages/airflow/example_dags/example_task_group_decorator.py
[2024-01-28T06:58:05.012+0100] {processor.py:830} INFO - Processing file /home/ubuntu/.local/lib/python3.10/site-packages/airflow/example_dags/example_task_group_decorator.py for tasks to queue
[2024-01-28T06:58:05.013+0100] {logging_mixin.py:188} INFO - [2024-01-28T06:58:05.012+0100] {dagbag.py:538} INFO - Filling up the DagBag from /home/ubuntu/.local/lib/python3.10/site-packages/airflow/example_dags/example_task_group_decorator.py
[2024-01-28T06:58:05.028+0100] {processor.py:840} INFO - DAG(s) 'example_task_group_decorator' retrieved from /home/ubuntu/.local/lib/python3.10/site-packages/airflow/example_dags/example_task_group_decorator.py
[2024-01-28T06:58:05.051+0100] {logging_mixin.py:188} INFO - [2024-01-28T06:58:05.051+0100] {dag.py:3033} INFO - Sync 1 DAGs
[2024-01-28T06:58:05.072+0100] {logging_mixin.py:188} INFO - [2024-01-28T06:58:05.072+0100] {dag.py:3820} INFO - Setting next_dagrun for example_task_group_decorator to 2024-01-27T00:00:00+00:00, run_after=2024-01-28T00:00:00+00:00
[2024-01-28T06:58:05.194+0100] {processor.py:183} INFO - Processing /home/ubuntu/.local/lib/python3.10/site-packages/airflow/example_dags/example_task_group_decorator.py took 0.188 seconds
[2024-01-28T06:58:57.100+0100] {processor.py:161} INFO - Started process (PID=12066) to work on /home/ubuntu/.local/lib/python3.10/site-packages/airflow/example_dags/example_task_group_decorator.py
[2024-01-28T06:58:57.124+0100] {processor.py:830} INFO - Processing file /home/ubuntu/.local/lib/python3.10/site-packages/airflow/example_dags/example_task_group_decorator.py for tasks to queue
[2024-01-28T06:58:57.160+0100] {logging_mixin.py:188} INFO - [2024-01-28T06:58:57.160+0100] {dagbag.py:538} INFO - Filling up the DagBag from /home/ubuntu/.local/lib/python3.10/site-packages/airflow/example_dags/example_task_group_decorator.py
[2024-01-28T06:58:57.228+0100] {processor.py:840} INFO - DAG(s) 'example_task_group_decorator' retrieved from /home/ubuntu/.local/lib/python3.10/site-packages/airflow/example_dags/example_task_group_decorator.py
[2024-01-28T06:58:57.296+0100] {logging_mixin.py:188} INFO - [2024-01-28T06:58:57.295+0100] {dag.py:3033} INFO - Sync 1 DAGs
[2024-01-28T06:58:57.357+0100] {logging_mixin.py:188} INFO - [2024-01-28T06:58:57.357+0100] {dag.py:3820} INFO - Setting next_dagrun for example_task_group_decorator to 2024-01-27T00:00:00+00:00, run_after=2024-01-28T00:00:00+00:00
[2024-01-28T06:58:57.686+0100] {processor.py:183} INFO - Processing /home/ubuntu/.local/lib/python3.10/site-packages/airflow/example_dags/example_task_group_decorator.py took 0.591 seconds
[2024-01-28T06:59:47.591+0100] {processor.py:161} INFO - Started process (PID=12101) to work on /home/ubuntu/.local/lib/python3.10/site-packages/airflow/example_dags/example_task_group_decorator.py
[2024-01-28T06:59:47.608+0100] {processor.py:830} INFO - Processing file /home/ubuntu/.local/lib/python3.10/site-packages/airflow/example_dags/example_task_group_decorator.py for tasks to queue
[2024-01-28T06:59:47.610+0100] {logging_mixin.py:188} INFO - [2024-01-28T06:59:47.608+0100] {dagbag.py:538} INFO - Filling up the DagBag from /home/ubuntu/.local/lib/python3.10/site-packages/airflow/example_dags/example_task_group_decorator.py
[2024-01-28T06:59:47.660+0100] {processor.py:840} INFO - DAG(s) 'example_task_group_decorator' retrieved from /home/ubuntu/.local/lib/python3.10/site-packages/airflow/example_dags/example_task_group_decorator.py
[2024-01-28T06:59:47.734+0100] {logging_mixin.py:188} INFO - [2024-01-28T06:59:47.734+0100] {dag.py:3033} INFO - Sync 1 DAGs
[2024-01-28T06:59:47.791+0100] {logging_mixin.py:188} INFO - [2024-01-28T06:59:47.791+0100] {dag.py:3820} INFO - Setting next_dagrun for example_task_group_decorator to 2024-01-27T00:00:00+00:00, run_after=2024-01-28T00:00:00+00:00
[2024-01-28T06:59:48.145+0100] {processor.py:183} INFO - Processing /home/ubuntu/.local/lib/python3.10/site-packages/airflow/example_dags/example_task_group_decorator.py took 0.562 seconds
[2024-01-28T07:00:36.683+0100] {processor.py:161} INFO - Started process (PID=12144) to work on /home/ubuntu/.local/lib/python3.10/site-packages/airflow/example_dags/example_task_group_decorator.py
[2024-01-28T07:00:36.687+0100] {processor.py:830} INFO - Processing file /home/ubuntu/.local/lib/python3.10/site-packages/airflow/example_dags/example_task_group_decorator.py for tasks to queue
[2024-01-28T07:00:36.691+0100] {logging_mixin.py:188} INFO - [2024-01-28T07:00:36.690+0100] {dagbag.py:538} INFO - Filling up the DagBag from /home/ubuntu/.local/lib/python3.10/site-packages/airflow/example_dags/example_task_group_decorator.py
[2024-01-28T07:00:36.712+0100] {processor.py:840} INFO - DAG(s) 'example_task_group_decorator' retrieved from /home/ubuntu/.local/lib/python3.10/site-packages/airflow/example_dags/example_task_group_decorator.py
[2024-01-28T07:00:36.735+0100] {logging_mixin.py:188} INFO - [2024-01-28T07:00:36.735+0100] {dag.py:3033} INFO - Sync 1 DAGs
[2024-01-28T07:00:36.782+0100] {logging_mixin.py:188} INFO - [2024-01-28T07:00:36.782+0100] {dag.py:3820} INFO - Setting next_dagrun for example_task_group_decorator to 2024-01-27T00:00:00+00:00, run_after=2024-01-28T00:00:00+00:00
[2024-01-28T07:00:36.840+0100] {processor.py:183} INFO - Processing /home/ubuntu/.local/lib/python3.10/site-packages/airflow/example_dags/example_task_group_decorator.py took 0.187 seconds
[2024-01-28T07:01:24.915+0100] {processor.py:161} INFO - Started process (PID=12176) to work on /home/ubuntu/.local/lib/python3.10/site-packages/airflow/example_dags/example_task_group_decorator.py
[2024-01-28T07:01:24.951+0100] {processor.py:830} INFO - Processing file /home/ubuntu/.local/lib/python3.10/site-packages/airflow/example_dags/example_task_group_decorator.py for tasks to queue
[2024-01-28T07:01:24.952+0100] {logging_mixin.py:188} INFO - [2024-01-28T07:01:24.952+0100] {dagbag.py:538} INFO - Filling up the DagBag from /home/ubuntu/.local/lib/python3.10/site-packages/airflow/example_dags/example_task_group_decorator.py
[2024-01-28T07:01:24.970+0100] {processor.py:840} INFO - DAG(s) 'example_task_group_decorator' retrieved from /home/ubuntu/.local/lib/python3.10/site-packages/airflow/example_dags/example_task_group_decorator.py
[2024-01-28T07:01:24.991+0100] {logging_mixin.py:188} INFO - [2024-01-28T07:01:24.991+0100] {dag.py:3033} INFO - Sync 1 DAGs
[2024-01-28T07:01:25.012+0100] {logging_mixin.py:188} INFO - [2024-01-28T07:01:25.011+0100] {dag.py:3820} INFO - Setting next_dagrun for example_task_group_decorator to 2024-01-27T00:00:00+00:00, run_after=2024-01-28T00:00:00+00:00
[2024-01-28T07:01:25.239+0100] {processor.py:183} INFO - Processing /home/ubuntu/.local/lib/python3.10/site-packages/airflow/example_dags/example_task_group_decorator.py took 0.348 seconds
[2024-01-28T07:02:15.711+0100] {processor.py:161} INFO - Started process (PID=12218) to work on /home/ubuntu/.local/lib/python3.10/site-packages/airflow/example_dags/example_task_group_decorator.py
[2024-01-28T07:02:15.713+0100] {processor.py:830} INFO - Processing file /home/ubuntu/.local/lib/python3.10/site-packages/airflow/example_dags/example_task_group_decorator.py for tasks to queue
[2024-01-28T07:02:15.715+0100] {logging_mixin.py:188} INFO - [2024-01-28T07:02:15.714+0100] {dagbag.py:538} INFO - Filling up the DagBag from /home/ubuntu/.local/lib/python3.10/site-packages/airflow/example_dags/example_task_group_decorator.py
[2024-01-28T07:02:15.785+0100] {processor.py:840} INFO - DAG(s) 'example_task_group_decorator' retrieved from /home/ubuntu/.local/lib/python3.10/site-packages/airflow/example_dags/example_task_group_decorator.py
[2024-01-28T07:02:15.847+0100] {logging_mixin.py:188} INFO - [2024-01-28T07:02:15.847+0100] {dag.py:3033} INFO - Sync 1 DAGs
[2024-01-28T07:02:15.906+0100] {logging_mixin.py:188} INFO - [2024-01-28T07:02:15.906+0100] {dag.py:3820} INFO - Setting next_dagrun for example_task_group_decorator to 2024-01-27T00:00:00+00:00, run_after=2024-01-28T00:00:00+00:00
[2024-01-28T07:02:16.271+0100] {processor.py:183} INFO - Processing /home/ubuntu/.local/lib/python3.10/site-packages/airflow/example_dags/example_task_group_decorator.py took 0.569 seconds
[2024-01-28T07:03:02.889+0100] {processor.py:161} INFO - Started process (PID=12251) to work on /home/ubuntu/.local/lib/python3.10/site-packages/airflow/example_dags/example_task_group_decorator.py
[2024-01-28T07:03:02.892+0100] {processor.py:830} INFO - Processing file /home/ubuntu/.local/lib/python3.10/site-packages/airflow/example_dags/example_task_group_decorator.py for tasks to queue
[2024-01-28T07:03:02.894+0100] {logging_mixin.py:188} INFO - [2024-01-28T07:03:02.893+0100] {dagbag.py:538} INFO - Filling up the DagBag from /home/ubuntu/.local/lib/python3.10/site-packages/airflow/example_dags/example_task_group_decorator.py
[2024-01-28T07:03:02.910+0100] {processor.py:840} INFO - DAG(s) 'example_task_group_decorator' retrieved from /home/ubuntu/.local/lib/python3.10/site-packages/airflow/example_dags/example_task_group_decorator.py
[2024-01-28T07:03:02.933+0100] {logging_mixin.py:188} INFO - [2024-01-28T07:03:02.933+0100] {dag.py:3033} INFO - Sync 1 DAGs
[2024-01-28T07:03:02.953+0100] {logging_mixin.py:188} INFO - [2024-01-28T07:03:02.952+0100] {dag.py:3820} INFO - Setting next_dagrun for example_task_group_decorator to 2024-01-27T00:00:00+00:00, run_after=2024-01-28T00:00:00+00:00
[2024-01-28T07:03:03.058+0100] {processor.py:183} INFO - Processing /home/ubuntu/.local/lib/python3.10/site-packages/airflow/example_dags/example_task_group_decorator.py took 0.178 seconds
[2024-01-28T07:03:49.169+0100] {processor.py:161} INFO - Started process (PID=12290) to work on /home/ubuntu/.local/lib/python3.10/site-packages/airflow/example_dags/example_task_group_decorator.py
[2024-01-28T07:03:49.177+0100] {processor.py:830} INFO - Processing file /home/ubuntu/.local/lib/python3.10/site-packages/airflow/example_dags/example_task_group_decorator.py for tasks to queue
[2024-01-28T07:03:49.178+0100] {logging_mixin.py:188} INFO - [2024-01-28T07:03:49.178+0100] {dagbag.py:538} INFO - Filling up the DagBag from /home/ubuntu/.local/lib/python3.10/site-packages/airflow/example_dags/example_task_group_decorator.py
[2024-01-28T07:03:49.247+0100] {processor.py:840} INFO - DAG(s) 'example_task_group_decorator' retrieved from /home/ubuntu/.local/lib/python3.10/site-packages/airflow/example_dags/example_task_group_decorator.py
[2024-01-28T07:03:49.312+0100] {logging_mixin.py:188} INFO - [2024-01-28T07:03:49.312+0100] {dag.py:3033} INFO - Sync 1 DAGs
[2024-01-28T07:03:49.386+0100] {logging_mixin.py:188} INFO - [2024-01-28T07:03:49.376+0100] {dag.py:3820} INFO - Setting next_dagrun for example_task_group_decorator to 2024-01-27T00:00:00+00:00, run_after=2024-01-28T00:00:00+00:00
[2024-01-28T07:03:49.719+0100] {processor.py:183} INFO - Processing /home/ubuntu/.local/lib/python3.10/site-packages/airflow/example_dags/example_task_group_decorator.py took 0.556 seconds
[2024-01-28T07:04:38.247+0100] {processor.py:161} INFO - Started process (PID=12321) to work on /home/ubuntu/.local/lib/python3.10/site-packages/airflow/example_dags/example_task_group_decorator.py
[2024-01-28T07:04:38.266+0100] {processor.py:830} INFO - Processing file /home/ubuntu/.local/lib/python3.10/site-packages/airflow/example_dags/example_task_group_decorator.py for tasks to queue
[2024-01-28T07:04:38.271+0100] {logging_mixin.py:188} INFO - [2024-01-28T07:04:38.271+0100] {dagbag.py:538} INFO - Filling up the DagBag from /home/ubuntu/.local/lib/python3.10/site-packages/airflow/example_dags/example_task_group_decorator.py
[2024-01-28T07:04:38.405+0100] {processor.py:840} INFO - DAG(s) 'example_task_group_decorator' retrieved from /home/ubuntu/.local/lib/python3.10/site-packages/airflow/example_dags/example_task_group_decorator.py
[2024-01-28T07:04:38.515+0100] {logging_mixin.py:188} INFO - [2024-01-28T07:04:38.515+0100] {dag.py:3033} INFO - Sync 1 DAGs
[2024-01-28T07:04:38.616+0100] {logging_mixin.py:188} INFO - [2024-01-28T07:04:38.616+0100] {dag.py:3820} INFO - Setting next_dagrun for example_task_group_decorator to 2024-01-27T00:00:00+00:00, run_after=2024-01-28T00:00:00+00:00
[2024-01-28T07:04:38.898+0100] {processor.py:183} INFO - Processing /home/ubuntu/.local/lib/python3.10/site-packages/airflow/example_dags/example_task_group_decorator.py took 0.656 seconds
[2024-01-28T07:05:29.060+0100] {processor.py:161} INFO - Started process (PID=12362) to work on /home/ubuntu/.local/lib/python3.10/site-packages/airflow/example_dags/example_task_group_decorator.py
[2024-01-28T07:05:29.085+0100] {processor.py:830} INFO - Processing file /home/ubuntu/.local/lib/python3.10/site-packages/airflow/example_dags/example_task_group_decorator.py for tasks to queue
[2024-01-28T07:05:29.099+0100] {logging_mixin.py:188} INFO - [2024-01-28T07:05:29.099+0100] {dagbag.py:538} INFO - Filling up the DagBag from /home/ubuntu/.local/lib/python3.10/site-packages/airflow/example_dags/example_task_group_decorator.py
[2024-01-28T07:05:29.154+0100] {processor.py:840} INFO - DAG(s) 'example_task_group_decorator' retrieved from /home/ubuntu/.local/lib/python3.10/site-packages/airflow/example_dags/example_task_group_decorator.py
[2024-01-28T07:05:29.255+0100] {logging_mixin.py:188} INFO - [2024-01-28T07:05:29.255+0100] {dag.py:3033} INFO - Sync 1 DAGs
[2024-01-28T07:05:29.318+0100] {logging_mixin.py:188} INFO - [2024-01-28T07:05:29.317+0100] {dag.py:3820} INFO - Setting next_dagrun for example_task_group_decorator to 2024-01-27T00:00:00+00:00, run_after=2024-01-28T00:00:00+00:00
[2024-01-28T07:05:29.506+0100] {processor.py:183} INFO - Processing /home/ubuntu/.local/lib/python3.10/site-packages/airflow/example_dags/example_task_group_decorator.py took 0.465 seconds
[2024-01-28T07:06:20.754+0100] {processor.py:161} INFO - Started process (PID=12395) to work on /home/ubuntu/.local/lib/python3.10/site-packages/airflow/example_dags/example_task_group_decorator.py
[2024-01-28T07:06:20.783+0100] {processor.py:830} INFO - Processing file /home/ubuntu/.local/lib/python3.10/site-packages/airflow/example_dags/example_task_group_decorator.py for tasks to queue
[2024-01-28T07:06:20.785+0100] {logging_mixin.py:188} INFO - [2024-01-28T07:06:20.784+0100] {dagbag.py:538} INFO - Filling up the DagBag from /home/ubuntu/.local/lib/python3.10/site-packages/airflow/example_dags/example_task_group_decorator.py
[2024-01-28T07:06:20.861+0100] {processor.py:840} INFO - DAG(s) 'example_task_group_decorator' retrieved from /home/ubuntu/.local/lib/python3.10/site-packages/airflow/example_dags/example_task_group_decorator.py
[2024-01-28T07:06:20.919+0100] {logging_mixin.py:188} INFO - [2024-01-28T07:06:20.919+0100] {dag.py:3033} INFO - Sync 1 DAGs
[2024-01-28T07:06:20.936+0100] {logging_mixin.py:188} INFO - [2024-01-28T07:06:20.936+0100] {dag.py:3820} INFO - Setting next_dagrun for example_task_group_decorator to 2024-01-27T00:00:00+00:00, run_after=2024-01-28T00:00:00+00:00
[2024-01-28T07:06:21.067+0100] {processor.py:183} INFO - Processing /home/ubuntu/.local/lib/python3.10/site-packages/airflow/example_dags/example_task_group_decorator.py took 0.332 seconds
[2024-01-28T07:07:07.713+0100] {processor.py:161} INFO - Started process (PID=12434) to work on /home/ubuntu/.local/lib/python3.10/site-packages/airflow/example_dags/example_task_group_decorator.py
[2024-01-28T07:07:07.715+0100] {processor.py:830} INFO - Processing file /home/ubuntu/.local/lib/python3.10/site-packages/airflow/example_dags/example_task_group_decorator.py for tasks to queue
[2024-01-28T07:07:07.719+0100] {logging_mixin.py:188} INFO - [2024-01-28T07:07:07.716+0100] {dagbag.py:538} INFO - Filling up the DagBag from /home/ubuntu/.local/lib/python3.10/site-packages/airflow/example_dags/example_task_group_decorator.py
[2024-01-28T07:07:07.744+0100] {processor.py:840} INFO - DAG(s) 'example_task_group_decorator' retrieved from /home/ubuntu/.local/lib/python3.10/site-packages/airflow/example_dags/example_task_group_decorator.py
[2024-01-28T07:07:07.770+0100] {logging_mixin.py:188} INFO - [2024-01-28T07:07:07.770+0100] {dag.py:3033} INFO - Sync 1 DAGs
[2024-01-28T07:07:07.794+0100] {logging_mixin.py:188} INFO - [2024-01-28T07:07:07.794+0100] {dag.py:3820} INFO - Setting next_dagrun for example_task_group_decorator to 2024-01-27T00:00:00+00:00, run_after=2024-01-28T00:00:00+00:00
[2024-01-28T07:07:07.945+0100] {processor.py:183} INFO - Processing /home/ubuntu/.local/lib/python3.10/site-packages/airflow/example_dags/example_task_group_decorator.py took 0.237 seconds
[2024-01-28T07:08:01.202+0100] {processor.py:161} INFO - Started process (PID=12469) to work on /home/ubuntu/.local/lib/python3.10/site-packages/airflow/example_dags/example_task_group_decorator.py
[2024-01-28T07:08:01.206+0100] {processor.py:830} INFO - Processing file /home/ubuntu/.local/lib/python3.10/site-packages/airflow/example_dags/example_task_group_decorator.py for tasks to queue
[2024-01-28T07:08:01.209+0100] {logging_mixin.py:188} INFO - [2024-01-28T07:08:01.207+0100] {dagbag.py:538} INFO - Filling up the DagBag from /home/ubuntu/.local/lib/python3.10/site-packages/airflow/example_dags/example_task_group_decorator.py
[2024-01-28T07:08:01.273+0100] {processor.py:840} INFO - DAG(s) 'example_task_group_decorator' retrieved from /home/ubuntu/.local/lib/python3.10/site-packages/airflow/example_dags/example_task_group_decorator.py
[2024-01-28T07:08:01.346+0100] {logging_mixin.py:188} INFO - [2024-01-28T07:08:01.346+0100] {dag.py:3033} INFO - Sync 1 DAGs
[2024-01-28T07:08:01.417+0100] {logging_mixin.py:188} INFO - [2024-01-28T07:08:01.417+0100] {dag.py:3820} INFO - Setting next_dagrun for example_task_group_decorator to 2024-01-27T00:00:00+00:00, run_after=2024-01-28T00:00:00+00:00
[2024-01-28T07:08:01.685+0100] {processor.py:183} INFO - Processing /home/ubuntu/.local/lib/python3.10/site-packages/airflow/example_dags/example_task_group_decorator.py took 0.488 seconds
[2024-01-28T07:08:53.325+0100] {processor.py:161} INFO - Started process (PID=12510) to work on /home/ubuntu/.local/lib/python3.10/site-packages/airflow/example_dags/example_task_group_decorator.py
[2024-01-28T07:08:53.338+0100] {processor.py:830} INFO - Processing file /home/ubuntu/.local/lib/python3.10/site-packages/airflow/example_dags/example_task_group_decorator.py for tasks to queue
[2024-01-28T07:08:53.339+0100] {logging_mixin.py:188} INFO - [2024-01-28T07:08:53.338+0100] {dagbag.py:538} INFO - Filling up the DagBag from /home/ubuntu/.local/lib/python3.10/site-packages/airflow/example_dags/example_task_group_decorator.py
[2024-01-28T07:08:53.387+0100] {processor.py:840} INFO - DAG(s) 'example_task_group_decorator' retrieved from /home/ubuntu/.local/lib/python3.10/site-packages/airflow/example_dags/example_task_group_decorator.py
[2024-01-28T07:08:53.413+0100] {logging_mixin.py:188} INFO - [2024-01-28T07:08:53.412+0100] {dag.py:3033} INFO - Sync 1 DAGs
[2024-01-28T07:08:53.433+0100] {logging_mixin.py:188} INFO - [2024-01-28T07:08:53.432+0100] {dag.py:3820} INFO - Setting next_dagrun for example_task_group_decorator to 2024-01-27T00:00:00+00:00, run_after=2024-01-28T00:00:00+00:00
[2024-01-28T07:08:53.786+0100] {processor.py:183} INFO - Processing /home/ubuntu/.local/lib/python3.10/site-packages/airflow/example_dags/example_task_group_decorator.py took 0.473 seconds
[2024-01-28T07:09:46.278+0100] {processor.py:161} INFO - Started process (PID=12550) to work on /home/ubuntu/.local/lib/python3.10/site-packages/airflow/example_dags/example_task_group_decorator.py
[2024-01-28T07:09:46.282+0100] {processor.py:830} INFO - Processing file /home/ubuntu/.local/lib/python3.10/site-packages/airflow/example_dags/example_task_group_decorator.py for tasks to queue
[2024-01-28T07:09:46.284+0100] {logging_mixin.py:188} INFO - [2024-01-28T07:09:46.283+0100] {dagbag.py:538} INFO - Filling up the DagBag from /home/ubuntu/.local/lib/python3.10/site-packages/airflow/example_dags/example_task_group_decorator.py
[2024-01-28T07:09:46.299+0100] {processor.py:840} INFO - DAG(s) 'example_task_group_decorator' retrieved from /home/ubuntu/.local/lib/python3.10/site-packages/airflow/example_dags/example_task_group_decorator.py
[2024-01-28T07:09:46.320+0100] {logging_mixin.py:188} INFO - [2024-01-28T07:09:46.320+0100] {dag.py:3033} INFO - Sync 1 DAGs
[2024-01-28T07:09:46.338+0100] {logging_mixin.py:188} INFO - [2024-01-28T07:09:46.337+0100] {dag.py:3820} INFO - Setting next_dagrun for example_task_group_decorator to 2024-01-27T00:00:00+00:00, run_after=2024-01-28T00:00:00+00:00
[2024-01-28T07:09:46.547+0100] {processor.py:183} INFO - Processing /home/ubuntu/.local/lib/python3.10/site-packages/airflow/example_dags/example_task_group_decorator.py took 0.281 seconds
[2024-01-28T07:10:37.943+0100] {processor.py:161} INFO - Started process (PID=12603) to work on /home/ubuntu/.local/lib/python3.10/site-packages/airflow/example_dags/example_task_group_decorator.py
[2024-01-28T07:10:37.953+0100] {processor.py:830} INFO - Processing file /home/ubuntu/.local/lib/python3.10/site-packages/airflow/example_dags/example_task_group_decorator.py for tasks to queue
[2024-01-28T07:10:37.954+0100] {logging_mixin.py:188} INFO - [2024-01-28T07:10:37.953+0100] {dagbag.py:538} INFO - Filling up the DagBag from /home/ubuntu/.local/lib/python3.10/site-packages/airflow/example_dags/example_task_group_decorator.py
[2024-01-28T07:10:38.004+0100] {processor.py:840} INFO - DAG(s) 'example_task_group_decorator' retrieved from /home/ubuntu/.local/lib/python3.10/site-packages/airflow/example_dags/example_task_group_decorator.py
[2024-01-28T07:10:38.078+0100] {logging_mixin.py:188} INFO - [2024-01-28T07:10:38.078+0100] {dag.py:3033} INFO - Sync 1 DAGs
[2024-01-28T07:10:38.204+0100] {logging_mixin.py:188} INFO - [2024-01-28T07:10:38.204+0100] {dag.py:3820} INFO - Setting next_dagrun for example_task_group_decorator to 2024-01-27T00:00:00+00:00, run_after=2024-01-28T00:00:00+00:00
[2024-01-28T07:10:38.431+0100] {processor.py:183} INFO - Processing /home/ubuntu/.local/lib/python3.10/site-packages/airflow/example_dags/example_task_group_decorator.py took 0.493 seconds
[2024-01-28T07:11:32.709+0100] {processor.py:161} INFO - Started process (PID=12663) to work on /home/ubuntu/.local/lib/python3.10/site-packages/airflow/example_dags/example_task_group_decorator.py
[2024-01-28T07:11:32.722+0100] {processor.py:830} INFO - Processing file /home/ubuntu/.local/lib/python3.10/site-packages/airflow/example_dags/example_task_group_decorator.py for tasks to queue
[2024-01-28T07:11:32.724+0100] {logging_mixin.py:188} INFO - [2024-01-28T07:11:32.723+0100] {dagbag.py:538} INFO - Filling up the DagBag from /home/ubuntu/.local/lib/python3.10/site-packages/airflow/example_dags/example_task_group_decorator.py
[2024-01-28T07:11:32.748+0100] {processor.py:840} INFO - DAG(s) 'example_task_group_decorator' retrieved from /home/ubuntu/.local/lib/python3.10/site-packages/airflow/example_dags/example_task_group_decorator.py
[2024-01-28T07:11:32.816+0100] {logging_mixin.py:188} INFO - [2024-01-28T07:11:32.815+0100] {dag.py:3033} INFO - Sync 1 DAGs
[2024-01-28T07:11:32.876+0100] {logging_mixin.py:188} INFO - [2024-01-28T07:11:32.876+0100] {dag.py:3820} INFO - Setting next_dagrun for example_task_group_decorator to 2024-01-27T00:00:00+00:00, run_after=2024-01-28T00:00:00+00:00
[2024-01-28T07:11:33.058+0100] {processor.py:183} INFO - Processing /home/ubuntu/.local/lib/python3.10/site-packages/airflow/example_dags/example_task_group_decorator.py took 0.362 seconds
[2024-01-28T07:12:26.410+0100] {processor.py:161} INFO - Started process (PID=12779) to work on /home/ubuntu/.local/lib/python3.10/site-packages/airflow/example_dags/example_task_group_decorator.py
[2024-01-28T07:12:26.438+0100] {processor.py:830} INFO - Processing file /home/ubuntu/.local/lib/python3.10/site-packages/airflow/example_dags/example_task_group_decorator.py for tasks to queue
[2024-01-28T07:12:26.441+0100] {logging_mixin.py:188} INFO - [2024-01-28T07:12:26.440+0100] {dagbag.py:538} INFO - Filling up the DagBag from /home/ubuntu/.local/lib/python3.10/site-packages/airflow/example_dags/example_task_group_decorator.py
[2024-01-28T07:12:26.476+0100] {processor.py:840} INFO - DAG(s) 'example_task_group_decorator' retrieved from /home/ubuntu/.local/lib/python3.10/site-packages/airflow/example_dags/example_task_group_decorator.py
[2024-01-28T07:12:26.567+0100] {logging_mixin.py:188} INFO - [2024-01-28T07:12:26.567+0100] {dag.py:3033} INFO - Sync 1 DAGs
[2024-01-28T07:12:26.644+0100] {logging_mixin.py:188} INFO - [2024-01-28T07:12:26.644+0100] {dag.py:3820} INFO - Setting next_dagrun for example_task_group_decorator to 2024-01-27T00:00:00+00:00, run_after=2024-01-28T00:00:00+00:00
[2024-01-28T07:12:26.880+0100] {processor.py:183} INFO - Processing /home/ubuntu/.local/lib/python3.10/site-packages/airflow/example_dags/example_task_group_decorator.py took 0.485 seconds
[2024-01-28T07:13:18.366+0100] {processor.py:161} INFO - Started process (PID=13031) to work on /home/ubuntu/.local/lib/python3.10/site-packages/airflow/example_dags/example_task_group_decorator.py
[2024-01-28T07:13:18.369+0100] {processor.py:830} INFO - Processing file /home/ubuntu/.local/lib/python3.10/site-packages/airflow/example_dags/example_task_group_decorator.py for tasks to queue
[2024-01-28T07:13:18.371+0100] {logging_mixin.py:188} INFO - [2024-01-28T07:13:18.370+0100] {dagbag.py:538} INFO - Filling up the DagBag from /home/ubuntu/.local/lib/python3.10/site-packages/airflow/example_dags/example_task_group_decorator.py
[2024-01-28T07:13:18.404+0100] {processor.py:840} INFO - DAG(s) 'example_task_group_decorator' retrieved from /home/ubuntu/.local/lib/python3.10/site-packages/airflow/example_dags/example_task_group_decorator.py
[2024-01-28T07:13:18.434+0100] {logging_mixin.py:188} INFO - [2024-01-28T07:13:18.433+0100] {dag.py:3033} INFO - Sync 1 DAGs
[2024-01-28T07:13:18.455+0100] {logging_mixin.py:188} INFO - [2024-01-28T07:13:18.455+0100] {dag.py:3820} INFO - Setting next_dagrun for example_task_group_decorator to 2024-01-27T00:00:00+00:00, run_after=2024-01-28T00:00:00+00:00
[2024-01-28T07:13:18.573+0100] {processor.py:183} INFO - Processing /home/ubuntu/.local/lib/python3.10/site-packages/airflow/example_dags/example_task_group_decorator.py took 0.214 seconds
[2024-01-28T07:14:04.994+0100] {processor.py:161} INFO - Started process (PID=13129) to work on /home/ubuntu/.local/lib/python3.10/site-packages/airflow/example_dags/example_task_group_decorator.py
[2024-01-28T07:14:05.029+0100] {processor.py:830} INFO - Processing file /home/ubuntu/.local/lib/python3.10/site-packages/airflow/example_dags/example_task_group_decorator.py for tasks to queue
[2024-01-28T07:14:05.032+0100] {logging_mixin.py:188} INFO - [2024-01-28T07:14:05.031+0100] {dagbag.py:538} INFO - Filling up the DagBag from /home/ubuntu/.local/lib/python3.10/site-packages/airflow/example_dags/example_task_group_decorator.py
[2024-01-28T07:14:05.049+0100] {processor.py:840} INFO - DAG(s) 'example_task_group_decorator' retrieved from /home/ubuntu/.local/lib/python3.10/site-packages/airflow/example_dags/example_task_group_decorator.py
[2024-01-28T07:14:05.070+0100] {logging_mixin.py:188} INFO - [2024-01-28T07:14:05.069+0100] {dag.py:3033} INFO - Sync 1 DAGs
[2024-01-28T07:14:05.091+0100] {logging_mixin.py:188} INFO - [2024-01-28T07:14:05.090+0100] {dag.py:3820} INFO - Setting next_dagrun for example_task_group_decorator to 2024-01-27T00:00:00+00:00, run_after=2024-01-28T00:00:00+00:00
[2024-01-28T07:14:05.213+0100] {processor.py:183} INFO - Processing /home/ubuntu/.local/lib/python3.10/site-packages/airflow/example_dags/example_task_group_decorator.py took 0.266 seconds
[2024-01-28T07:14:56.471+0100] {processor.py:161} INFO - Started process (PID=13168) to work on /home/ubuntu/.local/lib/python3.10/site-packages/airflow/example_dags/example_task_group_decorator.py
[2024-01-28T07:14:56.493+0100] {processor.py:830} INFO - Processing file /home/ubuntu/.local/lib/python3.10/site-packages/airflow/example_dags/example_task_group_decorator.py for tasks to queue
[2024-01-28T07:14:56.495+0100] {logging_mixin.py:188} INFO - [2024-01-28T07:14:56.494+0100] {dagbag.py:538} INFO - Filling up the DagBag from /home/ubuntu/.local/lib/python3.10/site-packages/airflow/example_dags/example_task_group_decorator.py
[2024-01-28T07:14:56.559+0100] {processor.py:840} INFO - DAG(s) 'example_task_group_decorator' retrieved from /home/ubuntu/.local/lib/python3.10/site-packages/airflow/example_dags/example_task_group_decorator.py
[2024-01-28T07:14:56.620+0100] {logging_mixin.py:188} INFO - [2024-01-28T07:14:56.620+0100] {dag.py:3033} INFO - Sync 1 DAGs
[2024-01-28T07:14:56.717+0100] {logging_mixin.py:188} INFO - [2024-01-28T07:14:56.713+0100] {dag.py:3820} INFO - Setting next_dagrun for example_task_group_decorator to 2024-01-27T00:00:00+00:00, run_after=2024-01-28T00:00:00+00:00
[2024-01-28T07:14:57.070+0100] {processor.py:183} INFO - Processing /home/ubuntu/.local/lib/python3.10/site-packages/airflow/example_dags/example_task_group_decorator.py took 0.623 seconds
[2024-01-28T07:15:50.530+0100] {processor.py:161} INFO - Started process (PID=13266) to work on /home/ubuntu/.local/lib/python3.10/site-packages/airflow/example_dags/example_task_group_decorator.py
[2024-01-28T07:15:50.560+0100] {processor.py:830} INFO - Processing file /home/ubuntu/.local/lib/python3.10/site-packages/airflow/example_dags/example_task_group_decorator.py for tasks to queue
[2024-01-28T07:15:50.561+0100] {logging_mixin.py:188} INFO - [2024-01-28T07:15:50.561+0100] {dagbag.py:538} INFO - Filling up the DagBag from /home/ubuntu/.local/lib/python3.10/site-packages/airflow/example_dags/example_task_group_decorator.py
[2024-01-28T07:15:50.580+0100] {processor.py:840} INFO - DAG(s) 'example_task_group_decorator' retrieved from /home/ubuntu/.local/lib/python3.10/site-packages/airflow/example_dags/example_task_group_decorator.py
[2024-01-28T07:15:50.661+0100] {logging_mixin.py:188} INFO - [2024-01-28T07:15:50.657+0100] {dag.py:3033} INFO - Sync 1 DAGs
[2024-01-28T07:15:50.752+0100] {logging_mixin.py:188} INFO - [2024-01-28T07:15:50.752+0100] {dag.py:3820} INFO - Setting next_dagrun for example_task_group_decorator to 2024-01-27T00:00:00+00:00, run_after=2024-01-28T00:00:00+00:00
[2024-01-28T07:15:51.213+0100] {processor.py:183} INFO - Processing /home/ubuntu/.local/lib/python3.10/site-packages/airflow/example_dags/example_task_group_decorator.py took 0.708 seconds
[2024-01-28T07:16:50.235+0100] {processor.py:161} INFO - Started process (PID=13331) to work on /home/ubuntu/.local/lib/python3.10/site-packages/airflow/example_dags/example_task_group_decorator.py
[2024-01-28T07:16:50.282+0100] {processor.py:830} INFO - Processing file /home/ubuntu/.local/lib/python3.10/site-packages/airflow/example_dags/example_task_group_decorator.py for tasks to queue
[2024-01-28T07:16:50.311+0100] {logging_mixin.py:188} INFO - [2024-01-28T07:16:50.283+0100] {dagbag.py:538} INFO - Filling up the DagBag from /home/ubuntu/.local/lib/python3.10/site-packages/airflow/example_dags/example_task_group_decorator.py
[2024-01-28T07:16:50.394+0100] {processor.py:840} INFO - DAG(s) 'example_task_group_decorator' retrieved from /home/ubuntu/.local/lib/python3.10/site-packages/airflow/example_dags/example_task_group_decorator.py
[2024-01-28T07:16:50.480+0100] {logging_mixin.py:188} INFO - [2024-01-28T07:16:50.480+0100] {dag.py:3033} INFO - Sync 1 DAGs
[2024-01-28T07:16:50.562+0100] {logging_mixin.py:188} INFO - [2024-01-28T07:16:50.562+0100] {dag.py:3820} INFO - Setting next_dagrun for example_task_group_decorator to 2024-01-27T00:00:00+00:00, run_after=2024-01-28T00:00:00+00:00
[2024-01-28T07:16:50.895+0100] {processor.py:183} INFO - Processing /home/ubuntu/.local/lib/python3.10/site-packages/airflow/example_dags/example_task_group_decorator.py took 0.677 seconds
[2024-01-28T07:17:36.792+0100] {processor.py:161} INFO - Started process (PID=13387) to work on /home/ubuntu/.local/lib/python3.10/site-packages/airflow/example_dags/example_task_group_decorator.py
[2024-01-28T07:17:36.819+0100] {processor.py:830} INFO - Processing file /home/ubuntu/.local/lib/python3.10/site-packages/airflow/example_dags/example_task_group_decorator.py for tasks to queue
[2024-01-28T07:17:36.820+0100] {logging_mixin.py:188} INFO - [2024-01-28T07:17:36.820+0100] {dagbag.py:538} INFO - Filling up the DagBag from /home/ubuntu/.local/lib/python3.10/site-packages/airflow/example_dags/example_task_group_decorator.py
[2024-01-28T07:17:36.875+0100] {processor.py:840} INFO - DAG(s) 'example_task_group_decorator' retrieved from /home/ubuntu/.local/lib/python3.10/site-packages/airflow/example_dags/example_task_group_decorator.py
[2024-01-28T07:17:36.984+0100] {logging_mixin.py:188} INFO - [2024-01-28T07:17:36.984+0100] {dag.py:3033} INFO - Sync 1 DAGs
[2024-01-28T07:17:37.069+0100] {logging_mixin.py:188} INFO - [2024-01-28T07:17:37.069+0100] {dag.py:3820} INFO - Setting next_dagrun for example_task_group_decorator to 2024-01-27T00:00:00+00:00, run_after=2024-01-28T00:00:00+00:00
[2024-01-28T07:17:37.419+0100] {processor.py:183} INFO - Processing /home/ubuntu/.local/lib/python3.10/site-packages/airflow/example_dags/example_task_group_decorator.py took 0.633 seconds
[2024-01-28T07:18:25.682+0100] {processor.py:161} INFO - Started process (PID=13442) to work on /home/ubuntu/.local/lib/python3.10/site-packages/airflow/example_dags/example_task_group_decorator.py
[2024-01-28T07:18:25.713+0100] {processor.py:830} INFO - Processing file /home/ubuntu/.local/lib/python3.10/site-packages/airflow/example_dags/example_task_group_decorator.py for tasks to queue
[2024-01-28T07:18:25.717+0100] {logging_mixin.py:188} INFO - [2024-01-28T07:18:25.717+0100] {dagbag.py:538} INFO - Filling up the DagBag from /home/ubuntu/.local/lib/python3.10/site-packages/airflow/example_dags/example_task_group_decorator.py
[2024-01-28T07:18:25.797+0100] {processor.py:840} INFO - DAG(s) 'example_task_group_decorator' retrieved from /home/ubuntu/.local/lib/python3.10/site-packages/airflow/example_dags/example_task_group_decorator.py
[2024-01-28T07:18:25.869+0100] {logging_mixin.py:188} INFO - [2024-01-28T07:18:25.869+0100] {dag.py:3033} INFO - Sync 1 DAGs
[2024-01-28T07:18:25.973+0100] {logging_mixin.py:188} INFO - [2024-01-28T07:18:25.964+0100] {dag.py:3820} INFO - Setting next_dagrun for example_task_group_decorator to 2024-01-27T00:00:00+00:00, run_after=2024-01-28T00:00:00+00:00
[2024-01-28T07:18:26.270+0100] {processor.py:183} INFO - Processing /home/ubuntu/.local/lib/python3.10/site-packages/airflow/example_dags/example_task_group_decorator.py took 0.616 seconds
[2024-01-28T07:19:17.745+0100] {processor.py:161} INFO - Started process (PID=13487) to work on /home/ubuntu/.local/lib/python3.10/site-packages/airflow/example_dags/example_task_group_decorator.py
[2024-01-28T07:19:17.753+0100] {processor.py:830} INFO - Processing file /home/ubuntu/.local/lib/python3.10/site-packages/airflow/example_dags/example_task_group_decorator.py for tasks to queue
[2024-01-28T07:19:17.760+0100] {logging_mixin.py:188} INFO - [2024-01-28T07:19:17.759+0100] {dagbag.py:538} INFO - Filling up the DagBag from /home/ubuntu/.local/lib/python3.10/site-packages/airflow/example_dags/example_task_group_decorator.py
[2024-01-28T07:19:17.805+0100] {processor.py:840} INFO - DAG(s) 'example_task_group_decorator' retrieved from /home/ubuntu/.local/lib/python3.10/site-packages/airflow/example_dags/example_task_group_decorator.py
[2024-01-28T07:19:17.839+0100] {logging_mixin.py:188} INFO - [2024-01-28T07:19:17.839+0100] {dag.py:3033} INFO - Sync 1 DAGs
[2024-01-28T07:19:17.882+0100] {logging_mixin.py:188} INFO - [2024-01-28T07:19:17.882+0100] {dag.py:3820} INFO - Setting next_dagrun for example_task_group_decorator to 2024-01-27T00:00:00+00:00, run_after=2024-01-28T00:00:00+00:00
[2024-01-28T07:19:18.105+0100] {processor.py:183} INFO - Processing /home/ubuntu/.local/lib/python3.10/site-packages/airflow/example_dags/example_task_group_decorator.py took 0.380 seconds
                                                                                                                                                                                                                                                                                                                                                                                                                                                                                                                                                                                                                                                                                                                                                                                                                                                                                                                                                                                                                                                                                                                                                                                                                                                                                                                                                                                                                                                  