[2024-01-28T06:42:24.937+0100] {processor.py:161} INFO - Started process (PID=11526) to work on /home/ubuntu/.local/lib/python3.10/site-packages/airflow/example_dags/example_sla_dag.py
[2024-01-28T06:42:24.940+0100] {processor.py:830} INFO - Processing file /home/ubuntu/.local/lib/python3.10/site-packages/airflow/example_dags/example_sla_dag.py for tasks to queue
[2024-01-28T06:42:24.942+0100] {logging_mixin.py:188} INFO - [2024-01-28T06:42:24.941+0100] {dagbag.py:538} INFO - Filling up the DagBag from /home/ubuntu/.local/lib/python3.10/site-packages/airflow/example_dags/example_sla_dag.py
[2024-01-28T06:42:24.977+0100] {processor.py:840} INFO - DAG(s) 'example_sla_dag' retrieved from /home/ubuntu/.local/lib/python3.10/site-packages/airflow/example_dags/example_sla_dag.py
[2024-01-28T06:42:25.008+0100] {logging_mixin.py:188} INFO - [2024-01-28T06:42:25.008+0100] {dag.py:3033} INFO - Sync 1 DAGs
[2024-01-28T06:42:25.039+0100] {logging_mixin.py:188} INFO - [2024-01-28T06:42:25.038+0100] {dag.py:3820} INFO - Setting next_dagrun for example_sla_dag to 2024-01-28T05:40:00+00:00, run_after=2024-01-28T05:42:00+00:00
[2024-01-28T06:42:25.523+0100] {processor.py:183} INFO - Processing /home/ubuntu/.local/lib/python3.10/site-packages/airflow/example_dags/example_sla_dag.py took 0.596 seconds
[2024-01-28T06:44:45.011+0100] {processor.py:161} INFO - Started process (PID=11581) to work on /home/ubuntu/.local/lib/python3.10/site-packages/airflow/example_dags/example_sla_dag.py
[2024-01-28T06:44:45.058+0100] {processor.py:830} INFO - Processing file /home/ubuntu/.local/lib/python3.10/site-packages/airflow/example_dags/example_sla_dag.py for tasks to queue
[2024-01-28T06:44:45.081+0100] {logging_mixin.py:188} INFO - [2024-01-28T06:44:45.080+0100] {dagbag.py:538} INFO - Filling up the DagBag from /home/ubuntu/.local/lib/python3.10/site-packages/airflow/example_dags/example_sla_dag.py
[2024-01-28T06:44:45.208+0100] {processor.py:840} INFO - DAG(s) 'example_sla_dag' retrieved from /home/ubuntu/.local/lib/python3.10/site-packages/airflow/example_dags/example_sla_dag.py
[2024-01-28T06:44:45.406+0100] {logging_mixin.py:188} INFO - [2024-01-28T06:44:45.405+0100] {dag.py:3033} INFO - Sync 1 DAGs
[2024-01-28T06:44:45.444+0100] {logging_mixin.py:188} INFO - [2024-01-28T06:44:45.444+0100] {dag.py:3820} INFO - Setting next_dagrun for example_sla_dag to 2024-01-28T05:42:00+00:00, run_after=2024-01-28T05:44:00+00:00
[2024-01-28T06:44:45.968+0100] {processor.py:183} INFO - Processing /home/ubuntu/.local/lib/python3.10/site-packages/airflow/example_dags/example_sla_dag.py took 0.978 seconds
[2024-01-28T06:46:46.785+0100] {processor.py:161} INFO - Started process (PID=11633) to work on /home/ubuntu/.local/lib/python3.10/site-packages/airflow/example_dags/example_sla_dag.py
[2024-01-28T06:46:46.797+0100] {processor.py:830} INFO - Processing file /home/ubuntu/.local/lib/python3.10/site-packages/airflow/example_dags/example_sla_dag.py for tasks to queue
[2024-01-28T06:46:46.817+0100] {logging_mixin.py:188} INFO - [2024-01-28T06:46:46.807+0100] {dagbag.py:538} INFO - Filling up the DagBag from /home/ubuntu/.local/lib/python3.10/site-packages/airflow/example_dags/example_sla_dag.py
[2024-01-28T06:46:46.973+0100] {processor.py:840} INFO - DAG(s) 'example_sla_dag' retrieved from /home/ubuntu/.local/lib/python3.10/site-packages/airflow/example_dags/example_sla_dag.py
[2024-01-28T06:46:47.171+0100] {logging_mixin.py:188} INFO - [2024-01-28T06:46:47.161+0100] {dag.py:3033} INFO - Sync 1 DAGs
[2024-01-28T06:46:47.629+0100] {logging_mixin.py:188} INFO - [2024-01-28T06:46:47.629+0100] {dag.py:3820} INFO - Setting next_dagrun for example_sla_dag to 2024-01-28T05:44:00+00:00, run_after=2024-01-28T05:46:00+00:00
[2024-01-28T06:46:48.375+0100] {processor.py:183} INFO - Processing /home/ubuntu/.local/lib/python3.10/site-packages/airflow/example_dags/example_sla_dag.py took 1.623 seconds
[2024-01-28T06:48:43.342+0100] {processor.py:161} INFO - Started process (PID=11685) to work on /home/ubuntu/.local/lib/python3.10/site-packages/airflow/example_dags/example_sla_dag.py
[2024-01-28T06:48:43.381+0100] {processor.py:830} INFO - Processing file /home/ubuntu/.local/lib/python3.10/site-packages/airflow/example_dags/example_sla_dag.py for tasks to queue
[2024-01-28T06:48:43.392+0100] {logging_mixin.py:188} INFO - [2024-01-28T06:48:43.391+0100] {dagbag.py:538} INFO - Filling up the DagBag from /home/ubuntu/.local/lib/python3.10/site-packages/airflow/example_dags/example_sla_dag.py
[2024-01-28T06:48:43.539+0100] {processor.py:840} INFO - DAG(s) 'example_sla_dag' retrieved from /home/ubuntu/.local/lib/python3.10/site-packages/airflow/example_dags/example_sla_dag.py
[2024-01-28T06:48:43.751+0100] {logging_mixin.py:188} INFO - [2024-01-28T06:48:43.750+0100] {dag.py:3033} INFO - Sync 1 DAGs
[2024-01-28T06:48:44.116+0100] {logging_mixin.py:188} INFO - [2024-01-28T06:48:44.107+0100] {dag.py:3820} INFO - Setting next_dagrun for example_sla_dag to 2024-01-28T05:46:00+00:00, run_after=2024-01-28T05:48:00+00:00
[2024-01-28T06:48:44.879+0100] {processor.py:183} INFO - Processing /home/ubuntu/.local/lib/python3.10/site-packages/airflow/example_dags/example_sla_dag.py took 1.545 seconds
[2024-01-28T06:50:47.629+0100] {processor.py:161} INFO - Started process (PID=11741) to work on /home/ubuntu/.local/lib/python3.10/site-packages/airflow/example_dags/example_sla_dag.py
[2024-01-28T06:50:47.679+0100] {processor.py:830} INFO - Processing file /home/ubuntu/.local/lib/python3.10/site-packages/airflow/example_dags/example_sla_dag.py for tasks to queue
[2024-01-28T06:50:47.681+0100] {logging_mixin.py:188} INFO - [2024-01-28T06:50:47.681+0100] {dagbag.py:538} INFO - Filling up the DagBag from /home/ubuntu/.local/lib/python3.10/site-packages/airflow/example_dags/example_sla_dag.py
[2024-01-28T06:50:47.797+0100] {processor.py:840} INFO - DAG(s) 'example_sla_dag' retrieved from /home/ubuntu/.local/lib/python3.10/site-packages/airflow/example_dags/example_sla_dag.py
[2024-01-28T06:50:47.974+0100] {logging_mixin.py:188} INFO - [2024-01-28T06:50:47.974+0100] {dag.py:3033} INFO - Sync 1 DAGs
[2024-01-28T06:50:48.088+0100] {logging_mixin.py:188} INFO - [2024-01-28T06:50:48.080+0100] {dag.py:3820} INFO - Setting next_dagrun for example_sla_dag to 2024-01-28T05:48:00+00:00, run_after=2024-01-28T05:50:00+00:00
[2024-01-28T06:50:48.632+0100] {processor.py:183} INFO - Processing /home/ubuntu/.local/lib/python3.10/site-packages/airflow/example_dags/example_sla_dag.py took 1.092 seconds
[2024-01-28T06:52:45.839+0100] {processor.py:161} INFO - Started process (PID=11792) to work on /home/ubuntu/.local/lib/python3.10/site-packages/airflow/example_dags/example_sla_dag.py
[2024-01-28T06:52:45.915+0100] {processor.py:830} INFO - Processing file /home/ubuntu/.local/lib/python3.10/site-packages/airflow/example_dags/example_sla_dag.py for tasks to queue
[2024-01-28T06:52:45.917+0100] {logging_mixin.py:188} INFO - [2024-01-28T06:52:45.916+0100] {dagbag.py:538} INFO - Filling up the DagBag from /home/ubuntu/.local/lib/python3.10/site-packages/airflow/example_dags/example_sla_dag.py
[2024-01-28T06:52:45.975+0100] {processor.py:840} INFO - DAG(s) 'example_sla_dag' retrieved from /home/ubuntu/.local/lib/python3.10/site-packages/airflow/example_dags/example_sla_dag.py
[2024-01-28T06:52:46.134+0100] {logging_mixin.py:188} INFO - [2024-01-28T06:52:46.134+0100] {dag.py:3033} INFO - Sync 1 DAGs
[2024-01-28T06:52:46.306+0100] {logging_mixin.py:188} INFO - [2024-01-28T06:52:46.305+0100] {dag.py:3820} INFO - Setting next_dagrun for example_sla_dag to 2024-01-28T05:50:00+00:00, run_after=2024-01-28T05:52:00+00:00
[2024-01-28T06:52:47.066+0100] {processor.py:183} INFO - Processing /home/ubuntu/.local/lib/python3.10/site-packages/airflow/example_dags/example_sla_dag.py took 1.246 seconds
[2024-01-28T06:54:44.836+0100] {processor.py:161} INFO - Started process (PID=11845) to work on /home/ubuntu/.local/lib/python3.10/site-packages/airflow/example_dags/example_sla_dag.py
[2024-01-28T06:54:44.880+0100] {processor.py:830} INFO - Processing file /home/ubuntu/.local/lib/python3.10/site-packages/airflow/example_dags/example_sla_dag.py for tasks to queue
[2024-01-28T06:54:44.883+0100] {logging_mixin.py:188} INFO - [2024-01-28T06:54:44.882+0100] {dagbag.py:538} INFO - Filling up the DagBag from /home/ubuntu/.local/lib/python3.10/site-packages/airflow/example_dags/example_sla_dag.py
[2024-01-28T06:54:45.021+0100] {processor.py:840} INFO - DAG(s) 'example_sla_dag' retrieved from /home/ubuntu/.local/lib/python3.10/site-packages/airflow/example_dags/example_sla_dag.py
[2024-01-28T06:54:45.146+0100] {logging_mixin.py:188} INFO - [2024-01-28T06:54:45.142+0100] {dag.py:3033} INFO - Sync 1 DAGs
[2024-01-28T06:54:45.431+0100] {logging_mixin.py:188} INFO - [2024-01-28T06:54:45.424+0100] {dag.py:3820} INFO - Setting next_dagrun for example_sla_dag to 2024-01-28T05:52:00+00:00, run_after=2024-01-28T05:54:00+00:00
[2024-01-28T06:54:46.042+0100] {processor.py:183} INFO - Processing /home/ubuntu/.local/lib/python3.10/site-packages/airflow/example_dags/example_sla_dag.py took 1.238 seconds
[2024-01-28T06:56:43.670+0100] {processor.py:161} INFO - Started process (PID=11900) to work on /home/ubuntu/.local/lib/python3.10/site-packages/airflow/example_dags/example_sla_dag.py
[2024-01-28T06:56:43.715+0100] {processor.py:830} INFO - Processing file /home/ubuntu/.local/lib/python3.10/site-packages/airflow/example_dags/example_sla_dag.py for tasks to queue
[2024-01-28T06:56:43.718+0100] {logging_mixin.py:188} INFO - [2024-01-28T06:56:43.717+0100] {dagbag.py:538} INFO - Filling up the DagBag from /home/ubuntu/.local/lib/python3.10/site-packages/airflow/example_dags/example_sla_dag.py
[2024-01-28T06:56:43.796+0100] {processor.py:840} INFO - DAG(s) 'example_sla_dag' retrieved from /home/ubuntu/.local/lib/python3.10/site-packages/airflow/example_dags/example_sla_dag.py
[2024-01-28T06:56:43.957+0100] {logging_mixin.py:188} INFO - [2024-01-28T06:56:43.956+0100] {dag.py:3033} INFO - Sync 1 DAGs
[2024-01-28T06:56:44.088+0100] {logging_mixin.py:188} INFO - [2024-01-28T06:56:44.088+0100] {dag.py:3820} INFO - Setting next_dagrun for example_sla_dag to 2024-01-28T05:54:00+00:00, run_after=2024-01-28T05:56:00+00:00
[2024-01-28T06:56:44.698+0100] {processor.py:183} INFO - Processing /home/ubuntu/.local/lib/python3.10/site-packages/airflow/example_dags/example_sla_dag.py took 1.050 seconds
[2024-01-28T06:58:09.342+0100] {processor.py:161} INFO - Started process (PID=12026) to work on /home/ubuntu/.local/lib/python3.10/site-packages/airflow/example_dags/example_sla_dag.py
[2024-01-28T06:58:09.371+0100] {processor.py:830} INFO - Processing file /home/ubuntu/.local/lib/python3.10/site-packages/airflow/example_dags/example_sla_dag.py for tasks to queue
[2024-01-28T06:58:09.372+0100] {logging_mixin.py:188} INFO - [2024-01-28T06:58:09.372+0100] {dagbag.py:538} INFO - Filling up the DagBag from /home/ubuntu/.local/lib/python3.10/site-packages/airflow/example_dags/example_sla_dag.py
[2024-01-28T06:58:09.430+0100] {processor.py:840} INFO - DAG(s) 'example_sla_dag' retrieved from /home/ubuntu/.local/lib/python3.10/site-packages/airflow/example_dags/example_sla_dag.py
[2024-01-28T06:58:09.475+0100] {logging_mixin.py:188} INFO - [2024-01-28T06:58:09.474+0100] {dag.py:3033} INFO - Sync 1 DAGs
[2024-01-28T06:58:09.563+0100] {logging_mixin.py:188} INFO - [2024-01-28T06:58:09.563+0100] {dag.py:3820} INFO - Setting next_dagrun for example_sla_dag to 2024-01-28T05:56:00+00:00, run_after=2024-01-28T05:58:00+00:00
[2024-01-28T06:58:09.731+0100] {processor.py:183} INFO - Processing /home/ubuntu/.local/lib/python3.10/site-packages/airflow/example_dags/example_sla_dag.py took 0.428 seconds
[2024-01-28T06:59:02.421+0100] {processor.py:161} INFO - Started process (PID=12072) to work on /home/ubuntu/.local/lib/python3.10/site-packages/airflow/example_dags/example_sla_dag.py
[2024-01-28T06:59:02.434+0100] {processor.py:830} INFO - Processing file /home/ubuntu/.local/lib/python3.10/site-packages/airflow/example_dags/example_sla_dag.py for tasks to queue
[2024-01-28T06:59:02.435+0100] {logging_mixin.py:188} INFO - [2024-01-28T06:59:02.435+0100] {dagbag.py:538} INFO - Filling up the DagBag from /home/ubuntu/.local/lib/python3.10/site-packages/airflow/example_dags/example_sla_dag.py
[2024-01-28T06:59:02.466+0100] {processor.py:840} INFO - DAG(s) 'example_sla_dag' retrieved from /home/ubuntu/.local/lib/python3.10/site-packages/airflow/example_dags/example_sla_dag.py
[2024-01-28T06:59:02.508+0100] {logging_mixin.py:188} INFO - [2024-01-28T06:59:02.508+0100] {dag.py:3033} INFO - Sync 1 DAGs
[2024-01-28T06:59:02.586+0100] {logging_mixin.py:188} INFO - [2024-01-28T06:59:02.586+0100] {dag.py:3820} INFO - Setting next_dagrun for example_sla_dag to 2024-01-28T05:56:00+00:00, run_after=2024-01-28T05:58:00+00:00
[2024-01-28T06:59:02.942+0100] {processor.py:183} INFO - Processing /home/ubuntu/.local/lib/python3.10/site-packages/airflow/example_dags/example_sla_dag.py took 0.534 seconds
[2024-01-28T06:59:53.436+0100] {processor.py:161} INFO - Started process (PID=12104) to work on /home/ubuntu/.local/lib/python3.10/site-packages/airflow/example_dags/example_sla_dag.py
[2024-01-28T06:59:53.464+0100] {processor.py:830} INFO - Processing file /home/ubuntu/.local/lib/python3.10/site-packages/airflow/example_dags/example_sla_dag.py for tasks to queue
[2024-01-28T06:59:53.465+0100] {logging_mixin.py:188} INFO - [2024-01-28T06:59:53.464+0100] {dagbag.py:538} INFO - Filling up the DagBag from /home/ubuntu/.local/lib/python3.10/site-packages/airflow/example_dags/example_sla_dag.py
[2024-01-28T06:59:53.481+0100] {processor.py:840} INFO - DAG(s) 'example_sla_dag' retrieved from /home/ubuntu/.local/lib/python3.10/site-packages/airflow/example_dags/example_sla_dag.py
[2024-01-28T06:59:53.567+0100] {logging_mixin.py:188} INFO - [2024-01-28T06:59:53.567+0100] {dag.py:3033} INFO - Sync 1 DAGs
[2024-01-28T06:59:53.655+0100] {logging_mixin.py:188} INFO - [2024-01-28T06:59:53.655+0100] {dag.py:3820} INFO - Setting next_dagrun for example_sla_dag to 2024-01-28T05:56:00+00:00, run_after=2024-01-28T05:58:00+00:00
[2024-01-28T06:59:54.009+0100] {processor.py:183} INFO - Processing /home/ubuntu/.local/lib/python3.10/site-packages/airflow/example_dags/example_sla_dag.py took 0.585 seconds
[2024-01-28T07:00:40.999+0100] {processor.py:161} INFO - Started process (PID=12147) to work on /home/ubuntu/.local/lib/python3.10/site-packages/airflow/example_dags/example_sla_dag.py
[2024-01-28T07:00:41.019+0100] {processor.py:830} INFO - Processing file /home/ubuntu/.local/lib/python3.10/site-packages/airflow/example_dags/example_sla_dag.py for tasks to queue
[2024-01-28T07:00:41.020+0100] {logging_mixin.py:188} INFO - [2024-01-28T07:00:41.020+0100] {dagbag.py:538} INFO - Filling up the DagBag from /home/ubuntu/.local/lib/python3.10/site-packages/airflow/example_dags/example_sla_dag.py
[2024-01-28T07:00:41.046+0100] {processor.py:840} INFO - DAG(s) 'example_sla_dag' retrieved from /home/ubuntu/.local/lib/python3.10/site-packages/airflow/example_dags/example_sla_dag.py
[2024-01-28T07:00:41.084+0100] {logging_mixin.py:188} INFO - [2024-01-28T07:00:41.084+0100] {dag.py:3033} INFO - Sync 1 DAGs
[2024-01-28T07:00:41.161+0100] {logging_mixin.py:188} INFO - [2024-01-28T07:00:41.161+0100] {dag.py:3820} INFO - Setting next_dagrun for example_sla_dag to 2024-01-28T05:58:00+00:00, run_after=2024-01-28T06:00:00+00:00
[2024-01-28T07:00:41.398+0100] {processor.py:183} INFO - Processing /home/ubuntu/.local/lib/python3.10/site-packages/airflow/example_dags/example_sla_dag.py took 0.417 seconds
[2024-01-28T07:01:30.356+0100] {processor.py:161} INFO - Started process (PID=12179) to work on /home/ubuntu/.local/lib/python3.10/site-packages/airflow/example_dags/example_sla_dag.py
[2024-01-28T07:01:30.408+0100] {processor.py:830} INFO - Processing file /home/ubuntu/.local/lib/python3.10/site-packages/airflow/example_dags/example_sla_dag.py for tasks to queue
[2024-01-28T07:01:30.414+0100] {logging_mixin.py:188} INFO - [2024-01-28T07:01:30.409+0100] {dagbag.py:538} INFO - Filling up the DagBag from /home/ubuntu/.local/lib/python3.10/site-packages/airflow/example_dags/example_sla_dag.py
[2024-01-28T07:01:30.452+0100] {processor.py:840} INFO - DAG(s) 'example_sla_dag' retrieved from /home/ubuntu/.local/lib/python3.10/site-packages/airflow/example_dags/example_sla_dag.py
[2024-01-28T07:01:30.495+0100] {logging_mixin.py:188} INFO - [2024-01-28T07:01:30.494+0100] {dag.py:3033} INFO - Sync 1 DAGs
[2024-01-28T07:01:30.526+0100] {logging_mixin.py:188} INFO - [2024-01-28T07:01:30.525+0100] {dag.py:3820} INFO - Setting next_dagrun for example_sla_dag to 2024-01-28T05:58:00+00:00, run_after=2024-01-28T06:00:00+00:00
[2024-01-28T07:01:30.624+0100] {processor.py:183} INFO - Processing /home/ubuntu/.local/lib/python3.10/site-packages/airflow/example_dags/example_sla_dag.py took 0.297 seconds
[2024-01-28T07:02:20.385+0100] {processor.py:161} INFO - Started process (PID=12221) to work on /home/ubuntu/.local/lib/python3.10/site-packages/airflow/example_dags/example_sla_dag.py
[2024-01-28T07:02:20.423+0100] {processor.py:830} INFO - Processing file /home/ubuntu/.local/lib/python3.10/site-packages/airflow/example_dags/example_sla_dag.py for tasks to queue
[2024-01-28T07:02:20.425+0100] {logging_mixin.py:188} INFO - [2024-01-28T07:02:20.424+0100] {dagbag.py:538} INFO - Filling up the DagBag from /home/ubuntu/.local/lib/python3.10/site-packages/airflow/example_dags/example_sla_dag.py
[2024-01-28T07:02:20.453+0100] {processor.py:840} INFO - DAG(s) 'example_sla_dag' retrieved from /home/ubuntu/.local/lib/python3.10/site-packages/airflow/example_dags/example_sla_dag.py
[2024-01-28T07:02:20.531+0100] {logging_mixin.py:188} INFO - [2024-01-28T07:02:20.530+0100] {dag.py:3033} INFO - Sync 1 DAGs
[2024-01-28T07:02:20.562+0100] {logging_mixin.py:188} INFO - [2024-01-28T07:02:20.562+0100] {dag.py:3820} INFO - Setting next_dagrun for example_sla_dag to 2024-01-28T06:00:00+00:00, run_after=2024-01-28T06:02:00+00:00
[2024-01-28T07:02:20.847+0100] {processor.py:183} INFO - Processing /home/ubuntu/.local/lib/python3.10/site-packages/airflow/example_dags/example_sla_dag.py took 0.476 seconds
[2024-01-28T07:03:07.452+0100] {processor.py:161} INFO - Started process (PID=12254) to work on /home/ubuntu/.local/lib/python3.10/site-packages/airflow/example_dags/example_sla_dag.py
[2024-01-28T07:03:07.468+0100] {processor.py:830} INFO - Processing file /home/ubuntu/.local/lib/python3.10/site-packages/airflow/example_dags/example_sla_dag.py for tasks to queue
[2024-01-28T07:03:07.501+0100] {logging_mixin.py:188} INFO - [2024-01-28T07:03:07.500+0100] {dagbag.py:538} INFO - Filling up the DagBag from /home/ubuntu/.local/lib/python3.10/site-packages/airflow/example_dags/example_sla_dag.py
[2024-01-28T07:03:07.541+0100] {processor.py:840} INFO - DAG(s) 'example_sla_dag' retrieved from /home/ubuntu/.local/lib/python3.10/site-packages/airflow/example_dags/example_sla_dag.py
[2024-01-28T07:03:07.585+0100] {logging_mixin.py:188} INFO - [2024-01-28T07:03:07.585+0100] {dag.py:3033} INFO - Sync 1 DAGs
[2024-01-28T07:03:07.614+0100] {logging_mixin.py:188} INFO - [2024-01-28T07:03:07.614+0100] {dag.py:3820} INFO - Setting next_dagrun for example_sla_dag to 2024-01-28T06:00:00+00:00, run_after=2024-01-28T06:02:00+00:00
[2024-01-28T07:03:07.733+0100] {processor.py:183} INFO - Processing /home/ubuntu/.local/lib/python3.10/site-packages/airflow/example_dags/example_sla_dag.py took 0.287 seconds
[2024-01-28T07:03:53.178+0100] {processor.py:161} INFO - Started process (PID=12293) to work on /home/ubuntu/.local/lib/python3.10/site-packages/airflow/example_dags/example_sla_dag.py
[2024-01-28T07:03:53.200+0100] {processor.py:830} INFO - Processing file /home/ubuntu/.local/lib/python3.10/site-packages/airflow/example_dags/example_sla_dag.py for tasks to queue
[2024-01-28T07:03:53.211+0100] {logging_mixin.py:188} INFO - [2024-01-28T07:03:53.204+0100] {dagbag.py:538} INFO - Filling up the DagBag from /home/ubuntu/.local/lib/python3.10/site-packages/airflow/example_dags/example_sla_dag.py
[2024-01-28T07:03:53.265+0100] {processor.py:840} INFO - DAG(s) 'example_sla_dag' retrieved from /home/ubuntu/.local/lib/python3.10/site-packages/airflow/example_dags/example_sla_dag.py
[2024-01-28T07:03:53.334+0100] {logging_mixin.py:188} INFO - [2024-01-28T07:03:53.334+0100] {dag.py:3033} INFO - Sync 1 DAGs
[2024-01-28T07:03:53.453+0100] {logging_mixin.py:188} INFO - [2024-01-28T07:03:53.453+0100] {dag.py:3820} INFO - Setting next_dagrun for example_sla_dag to 2024-01-28T06:00:00+00:00, run_after=2024-01-28T06:02:00+00:00
[2024-01-28T07:03:53.595+0100] {processor.py:183} INFO - Processing /home/ubuntu/.local/lib/python3.10/site-packages/airflow/example_dags/example_sla_dag.py took 0.420 seconds
[2024-01-28T07:04:43.777+0100] {processor.py:161} INFO - Started process (PID=12326) to work on /home/ubuntu/.local/lib/python3.10/site-packages/airflow/example_dags/example_sla_dag.py
[2024-01-28T07:04:43.779+0100] {processor.py:830} INFO - Processing file /home/ubuntu/.local/lib/python3.10/site-packages/airflow/example_dags/example_sla_dag.py for tasks to queue
[2024-01-28T07:04:43.781+0100] {logging_mixin.py:188} INFO - [2024-01-28T07:04:43.780+0100] {dagbag.py:538} INFO - Filling up the DagBag from /home/ubuntu/.local/lib/python3.10/site-packages/airflow/example_dags/example_sla_dag.py
[2024-01-28T07:04:43.798+0100] {processor.py:840} INFO - DAG(s) 'example_sla_dag' retrieved from /home/ubuntu/.local/lib/python3.10/site-packages/airflow/example_dags/example_sla_dag.py
[2024-01-28T07:04:43.869+0100] {logging_mixin.py:188} INFO - [2024-01-28T07:04:43.869+0100] {dag.py:3033} INFO - Sync 1 DAGs
[2024-01-28T07:04:43.969+0100] {logging_mixin.py:188} INFO - [2024-01-28T07:04:43.969+0100] {dag.py:3820} INFO - Setting next_dagrun for example_sla_dag to 2024-01-28T06:02:00+00:00, run_after=2024-01-28T06:04:00+00:00
[2024-01-28T07:04:44.239+0100] {processor.py:183} INFO - Processing /home/ubuntu/.local/lib/python3.10/site-packages/airflow/example_dags/example_sla_dag.py took 0.480 seconds
[2024-01-28T07:05:34.505+0100] {processor.py:161} INFO - Started process (PID=12365) to work on /home/ubuntu/.local/lib/python3.10/site-packages/airflow/example_dags/example_sla_dag.py
[2024-01-28T07:05:34.546+0100] {processor.py:830} INFO - Processing file /home/ubuntu/.local/lib/python3.10/site-packages/airflow/example_dags/example_sla_dag.py for tasks to queue
[2024-01-28T07:05:34.548+0100] {logging_mixin.py:188} INFO - [2024-01-28T07:05:34.547+0100] {dagbag.py:538} INFO - Filling up the DagBag from /home/ubuntu/.local/lib/python3.10/site-packages/airflow/example_dags/example_sla_dag.py
[2024-01-28T07:05:34.603+0100] {processor.py:840} INFO - DAG(s) 'example_sla_dag' retrieved from /home/ubuntu/.local/lib/python3.10/site-packages/airflow/example_dags/example_sla_dag.py
[2024-01-28T07:05:34.664+0100] {logging_mixin.py:188} INFO - [2024-01-28T07:05:34.664+0100] {dag.py:3033} INFO - Sync 1 DAGs
[2024-01-28T07:05:34.770+0100] {logging_mixin.py:188} INFO - [2024-01-28T07:05:34.770+0100] {dag.py:3820} INFO - Setting next_dagrun for example_sla_dag to 2024-01-28T06:02:00+00:00, run_after=2024-01-28T06:04:00+00:00
[2024-01-28T07:05:35.129+0100] {processor.py:183} INFO - Processing /home/ubuntu/.local/lib/python3.10/site-packages/airflow/example_dags/example_sla_dag.py took 0.635 seconds
[2024-01-28T07:06:25.792+0100] {processor.py:161} INFO - Started process (PID=12398) to work on /home/ubuntu/.local/lib/python3.10/site-packages/airflow/example_dags/example_sla_dag.py
[2024-01-28T07:06:25.794+0100] {processor.py:830} INFO - Processing file /home/ubuntu/.local/lib/python3.10/site-packages/airflow/example_dags/example_sla_dag.py for tasks to queue
[2024-01-28T07:06:25.795+0100] {logging_mixin.py:188} INFO - [2024-01-28T07:06:25.795+0100] {dagbag.py:538} INFO - Filling up the DagBag from /home/ubuntu/.local/lib/python3.10/site-packages/airflow/example_dags/example_sla_dag.py
[2024-01-28T07:06:25.806+0100] {processor.py:840} INFO - DAG(s) 'example_sla_dag' retrieved from /home/ubuntu/.local/lib/python3.10/site-packages/airflow/example_dags/example_sla_dag.py
[2024-01-28T07:06:25.826+0100] {logging_mixin.py:188} INFO - [2024-01-28T07:06:25.825+0100] {dag.py:3033} INFO - Sync 1 DAGs
[2024-01-28T07:06:25.850+0100] {logging_mixin.py:188} INFO - [2024-01-28T07:06:25.848+0100] {dag.py:3820} INFO - Setting next_dagrun for example_sla_dag to 2024-01-28T06:04:00+00:00, run_after=2024-01-28T06:06:00+00:00
[2024-01-28T07:06:26.167+0100] {processor.py:183} INFO - Processing /home/ubuntu/.local/lib/python3.10/site-packages/airflow/example_dags/example_sla_dag.py took 0.390 seconds
[2024-01-28T07:07:13.275+0100] {processor.py:161} INFO - Started process (PID=12437) to work on /home/ubuntu/.local/lib/python3.10/site-packages/airflow/example_dags/example_sla_dag.py
[2024-01-28T07:07:13.294+0100] {processor.py:830} INFO - Processing file /home/ubuntu/.local/lib/python3.10/site-packages/airflow/example_dags/example_sla_dag.py for tasks to queue
[2024-01-28T07:07:13.295+0100] {logging_mixin.py:188} INFO - [2024-01-28T07:07:13.295+0100] {dagbag.py:538} INFO - Filling up the DagBag from /home/ubuntu/.local/lib/python3.10/site-packages/airflow/example_dags/example_sla_dag.py
[2024-01-28T07:07:13.350+0100] {processor.py:840} INFO - DAG(s) 'example_sla_dag' retrieved from /home/ubuntu/.local/lib/python3.10/site-packages/airflow/example_dags/example_sla_dag.py
[2024-01-28T07:07:13.439+0100] {logging_mixin.py:188} INFO - [2024-01-28T07:07:13.434+0100] {dag.py:3033} INFO - Sync 1 DAGs
[2024-01-28T07:07:13.704+0100] {logging_mixin.py:188} INFO - [2024-01-28T07:07:13.704+0100] {dag.py:3820} INFO - Setting next_dagrun for example_sla_dag to 2024-01-28T06:04:00+00:00, run_after=2024-01-28T06:06:00+00:00
[2024-01-28T07:07:13.984+0100] {processor.py:183} INFO - Processing /home/ubuntu/.local/lib/python3.10/site-packages/airflow/example_dags/example_sla_dag.py took 0.732 seconds
[2024-01-28T07:08:06.975+0100] {processor.py:161} INFO - Started process (PID=12472) to work on /home/ubuntu/.local/lib/python3.10/site-packages/airflow/example_dags/example_sla_dag.py
[2024-01-28T07:08:06.998+0100] {processor.py:830} INFO - Processing file /home/ubuntu/.local/lib/python3.10/site-packages/airflow/example_dags/example_sla_dag.py for tasks to queue
[2024-01-28T07:08:07.000+0100] {logging_mixin.py:188} INFO - [2024-01-28T07:08:06.999+0100] {dagbag.py:538} INFO - Filling up the DagBag from /home/ubuntu/.local/lib/python3.10/site-packages/airflow/example_dags/example_sla_dag.py
[2024-01-28T07:08:07.034+0100] {processor.py:840} INFO - DAG(s) 'example_sla_dag' retrieved from /home/ubuntu/.local/lib/python3.10/site-packages/airflow/example_dags/example_sla_dag.py
[2024-01-28T07:08:07.108+0100] {logging_mixin.py:188} INFO - [2024-01-28T07:08:07.107+0100] {dag.py:3033} INFO - Sync 1 DAGs
[2024-01-28T07:08:07.187+0100] {logging_mixin.py:188} INFO - [2024-01-28T07:08:07.187+0100] {dag.py:3820} INFO - Setting next_dagrun for example_sla_dag to 2024-01-28T06:06:00+00:00, run_after=2024-01-28T06:08:00+00:00
[2024-01-28T07:08:07.403+0100] {processor.py:183} INFO - Processing /home/ubuntu/.local/lib/python3.10/site-packages/airflow/example_dags/example_sla_dag.py took 0.435 seconds
[2024-01-28T07:08:58.275+0100] {processor.py:161} INFO - Started process (PID=12513) to work on /home/ubuntu/.local/lib/python3.10/site-packages/airflow/example_dags/example_sla_dag.py
[2024-01-28T07:08:58.287+0100] {processor.py:830} INFO - Processing file /home/ubuntu/.local/lib/python3.10/site-packages/airflow/example_dags/example_sla_dag.py for tasks to queue
[2024-01-28T07:08:58.289+0100] {logging_mixin.py:188} INFO - [2024-01-28T07:08:58.289+0100] {dagbag.py:538} INFO - Filling up the DagBag from /home/ubuntu/.local/lib/python3.10/site-packages/airflow/example_dags/example_sla_dag.py
[2024-01-28T07:08:58.311+0100] {processor.py:840} INFO - DAG(s) 'example_sla_dag' retrieved from /home/ubuntu/.local/lib/python3.10/site-packages/airflow/example_dags/example_sla_dag.py
[2024-01-28T07:08:58.412+0100] {logging_mixin.py:188} INFO - [2024-01-28T07:08:58.411+0100] {dag.py:3033} INFO - Sync 1 DAGs
[2024-01-28T07:08:58.476+0100] {logging_mixin.py:188} INFO - [2024-01-28T07:08:58.475+0100] {dag.py:3820} INFO - Setting next_dagrun for example_sla_dag to 2024-01-28T06:06:00+00:00, run_after=2024-01-28T06:08:00+00:00
[2024-01-28T07:08:58.619+0100] {processor.py:183} INFO - Processing /home/ubuntu/.local/lib/python3.10/site-packages/airflow/example_dags/example_sla_dag.py took 0.348 seconds
[2024-01-28T07:09:51.411+0100] {processor.py:161} INFO - Started process (PID=12556) to work on /home/ubuntu/.local/lib/python3.10/site-packages/airflow/example_dags/example_sla_dag.py
[2024-01-28T07:09:51.441+0100] {processor.py:830} INFO - Processing file /home/ubuntu/.local/lib/python3.10/site-packages/airflow/example_dags/example_sla_dag.py for tasks to queue
[2024-01-28T07:09:51.455+0100] {logging_mixin.py:188} INFO - [2024-01-28T07:09:51.449+0100] {dagbag.py:538} INFO - Filling up the DagBag from /home/ubuntu/.local/lib/python3.10/site-packages/airflow/example_dags/example_sla_dag.py
[2024-01-28T07:09:51.488+0100] {processor.py:840} INFO - DAG(s) 'example_sla_dag' retrieved from /home/ubuntu/.local/lib/python3.10/site-packages/airflow/example_dags/example_sla_dag.py
[2024-01-28T07:09:51.725+0100] {logging_mixin.py:188} INFO - [2024-01-28T07:09:51.725+0100] {dag.py:3033} INFO - Sync 1 DAGs
[2024-01-28T07:09:51.781+0100] {logging_mixin.py:188} INFO - [2024-01-28T07:09:51.781+0100] {dag.py:3820} INFO - Setting next_dagrun for example_sla_dag to 2024-01-28T06:06:00+00:00, run_after=2024-01-28T06:08:00+00:00
[2024-01-28T07:09:51.919+0100] {processor.py:183} INFO - Processing /home/ubuntu/.local/lib/python3.10/site-packages/airflow/example_dags/example_sla_dag.py took 0.516 seconds
[2024-01-28T07:10:43.253+0100] {processor.py:161} INFO - Started process (PID=12608) to work on /home/ubuntu/.local/lib/python3.10/site-packages/airflow/example_dags/example_sla_dag.py
[2024-01-28T07:10:43.262+0100] {processor.py:830} INFO - Processing file /home/ubuntu/.local/lib/python3.10/site-packages/airflow/example_dags/example_sla_dag.py for tasks to queue
[2024-01-28T07:10:43.265+0100] {logging_mixin.py:188} INFO - [2024-01-28T07:10:43.264+0100] {dagbag.py:538} INFO - Filling up the DagBag from /home/ubuntu/.local/lib/python3.10/site-packages/airflow/example_dags/example_sla_dag.py
[2024-01-28T07:10:43.292+0100] {processor.py:840} INFO - DAG(s) 'example_sla_dag' retrieved from /home/ubuntu/.local/lib/python3.10/site-packages/airflow/example_dags/example_sla_dag.py
[2024-01-28T07:10:43.360+0100] {logging_mixin.py:188} INFO - [2024-01-28T07:10:43.359+0100] {dag.py:3033} INFO - Sync 1 DAGs
[2024-01-28T07:10:43.463+0100] {logging_mixin.py:188} INFO - [2024-01-28T07:10:43.463+0100] {dag.py:3820} INFO - Setting next_dagrun for example_sla_dag to 2024-01-28T06:08:00+00:00, run_after=2024-01-28T06:10:00+00:00
[2024-01-28T07:10:43.696+0100] {processor.py:183} INFO - Processing /home/ubuntu/.local/lib/python3.10/site-packages/airflow/example_dags/example_sla_dag.py took 0.452 seconds
[2024-01-28T07:11:36.774+0100] {processor.py:161} INFO - Started process (PID=12666) to work on /home/ubuntu/.local/lib/python3.10/site-packages/airflow/example_dags/example_sla_dag.py
[2024-01-28T07:11:36.810+0100] {processor.py:830} INFO - Processing file /home/ubuntu/.local/lib/python3.10/site-packages/airflow/example_dags/example_sla_dag.py for tasks to queue
[2024-01-28T07:11:36.812+0100] {logging_mixin.py:188} INFO - [2024-01-28T07:11:36.811+0100] {dagbag.py:538} INFO - Filling up the DagBag from /home/ubuntu/.local/lib/python3.10/site-packages/airflow/example_dags/example_sla_dag.py
[2024-01-28T07:11:36.856+0100] {processor.py:840} INFO - DAG(s) 'example_sla_dag' retrieved from /home/ubuntu/.local/lib/python3.10/site-packages/airflow/example_dags/example_sla_dag.py
[2024-01-28T07:11:36.908+0100] {logging_mixin.py:188} INFO - [2024-01-28T07:11:36.908+0100] {dag.py:3033} INFO - Sync 1 DAGs
[2024-01-28T07:11:36.986+0100] {logging_mixin.py:188} INFO - [2024-01-28T07:11:36.985+0100] {dag.py:3820} INFO - Setting next_dagrun for example_sla_dag to 2024-01-28T06:08:00+00:00, run_after=2024-01-28T06:10:00+00:00
[2024-01-28T07:11:37.263+0100] {processor.py:183} INFO - Processing /home/ubuntu/.local/lib/python3.10/site-packages/airflow/example_dags/example_sla_dag.py took 0.516 seconds
[2024-01-28T07:12:30.349+0100] {processor.py:161} INFO - Started process (PID=12806) to work on /home/ubuntu/.local/lib/python3.10/site-packages/airflow/example_dags/example_sla_dag.py
[2024-01-28T07:12:30.351+0100] {processor.py:830} INFO - Processing file /home/ubuntu/.local/lib/python3.10/site-packages/airflow/example_dags/example_sla_dag.py for tasks to queue
[2024-01-28T07:12:30.354+0100] {logging_mixin.py:188} INFO - [2024-01-28T07:12:30.353+0100] {dagbag.py:538} INFO - Filling up the DagBag from /home/ubuntu/.local/lib/python3.10/site-packages/airflow/example_dags/example_sla_dag.py
[2024-01-28T07:12:30.379+0100] {processor.py:840} INFO - DAG(s) 'example_sla_dag' retrieved from /home/ubuntu/.local/lib/python3.10/site-packages/airflow/example_dags/example_sla_dag.py
[2024-01-28T07:12:30.415+0100] {logging_mixin.py:188} INFO - [2024-01-28T07:12:30.415+0100] {dag.py:3033} INFO - Sync 1 DAGs
[2024-01-28T07:12:30.509+0100] {logging_mixin.py:188} INFO - [2024-01-28T07:12:30.509+0100] {dag.py:3820} INFO - Setting next_dagrun for example_sla_dag to 2024-01-28T06:10:00+00:00, run_after=2024-01-28T06:12:00+00:00
[2024-01-28T07:12:30.871+0100] {processor.py:183} INFO - Processing /home/ubuntu/.local/lib/python3.10/site-packages/airflow/example_dags/example_sla_dag.py took 0.528 seconds
[2024-01-28T07:13:20.917+0100] {processor.py:161} INFO - Started process (PID=13034) to work on /home/ubuntu/.local/lib/python3.10/site-packages/airflow/example_dags/example_sla_dag.py
[2024-01-28T07:13:20.963+0100] {processor.py:830} INFO - Processing file /home/ubuntu/.local/lib/python3.10/site-packages/airflow/example_dags/example_sla_dag.py for tasks to queue
[2024-01-28T07:13:20.966+0100] {logging_mixin.py:188} INFO - [2024-01-28T07:13:20.965+0100] {dagbag.py:538} INFO - Filling up the DagBag from /home/ubuntu/.local/lib/python3.10/site-packages/airflow/example_dags/example_sla_dag.py
[2024-01-28T07:13:21.012+0100] {processor.py:840} INFO - DAG(s) 'example_sla_dag' retrieved from /home/ubuntu/.local/lib/python3.10/site-packages/airflow/example_dags/example_sla_dag.py
[2024-01-28T07:13:21.066+0100] {logging_mixin.py:188} INFO - [2024-01-28T07:13:21.046+0100] {dag.py:3033} INFO - Sync 1 DAGs
[2024-01-28T07:13:21.154+0100] {logging_mixin.py:188} INFO - [2024-01-28T07:13:21.149+0100] {dag.py:3820} INFO - Setting next_dagrun for example_sla_dag to 2024-01-28T06:10:00+00:00, run_after=2024-01-28T06:12:00+00:00
[2024-01-28T07:13:21.385+0100] {processor.py:183} INFO - Processing /home/ubuntu/.local/lib/python3.10/site-packages/airflow/example_dags/example_sla_dag.py took 0.479 seconds
[2024-01-28T07:14:09.413+0100] {processor.py:161} INFO - Started process (PID=13132) to work on /home/ubuntu/.local/lib/python3.10/site-packages/airflow/example_dags/example_sla_dag.py
[2024-01-28T07:14:09.463+0100] {processor.py:830} INFO - Processing file /home/ubuntu/.local/lib/python3.10/site-packages/airflow/example_dags/example_sla_dag.py for tasks to queue
[2024-01-28T07:14:09.464+0100] {logging_mixin.py:188} INFO - [2024-01-28T07:14:09.464+0100] {dagbag.py:538} INFO - Filling up the DagBag from /home/ubuntu/.local/lib/python3.10/site-packages/airflow/example_dags/example_sla_dag.py
[2024-01-28T07:14:09.505+0100] {processor.py:840} INFO - DAG(s) 'example_sla_dag' retrieved from /home/ubuntu/.local/lib/python3.10/site-packages/airflow/example_dags/example_sla_dag.py
[2024-01-28T07:14:09.580+0100] {logging_mixin.py:188} INFO - [2024-01-28T07:14:09.579+0100] {dag.py:3033} INFO - Sync 1 DAGs
[2024-01-28T07:14:09.621+0100] {logging_mixin.py:188} INFO - [2024-01-28T07:14:09.620+0100] {dag.py:3820} INFO - Setting next_dagrun for example_sla_dag to 2024-01-28T06:12:00+00:00, run_after=2024-01-28T06:14:00+00:00
[2024-01-28T07:14:09.718+0100] {processor.py:183} INFO - Processing /home/ubuntu/.local/lib/python3.10/site-packages/airflow/example_dags/example_sla_dag.py took 0.322 seconds
[2024-01-28T07:15:01.374+0100] {processor.py:161} INFO - Started process (PID=13171) to work on /home/ubuntu/.local/lib/python3.10/site-packages/airflow/example_dags/example_sla_dag.py
[2024-01-28T07:15:01.405+0100] {processor.py:830} INFO - Processing file /home/ubuntu/.local/lib/python3.10/site-packages/airflow/example_dags/example_sla_dag.py for tasks to queue
[2024-01-28T07:15:01.411+0100] {logging_mixin.py:188} INFO - [2024-01-28T07:15:01.406+0100] {dagbag.py:538} INFO - Filling up the DagBag from /home/ubuntu/.local/lib/python3.10/site-packages/airflow/example_dags/example_sla_dag.py
[2024-01-28T07:15:01.440+0100] {processor.py:840} INFO - DAG(s) 'example_sla_dag' retrieved from /home/ubuntu/.local/lib/python3.10/site-packages/airflow/example_dags/example_sla_dag.py
[2024-01-28T07:15:01.477+0100] {logging_mixin.py:188} INFO - [2024-01-28T07:15:01.477+0100] {dag.py:3033} INFO - Sync 1 DAGs
[2024-01-28T07:15:01.547+0100] {logging_mixin.py:188} INFO - [2024-01-28T07:15:01.546+0100] {dag.py:3820} INFO - Setting next_dagrun for example_sla_dag to 2024-01-28T06:12:00+00:00, run_after=2024-01-28T06:14:00+00:00
[2024-01-28T07:15:01.821+0100] {processor.py:183} INFO - Processing /home/ubuntu/.local/lib/python3.10/site-packages/airflow/example_dags/example_sla_dag.py took 0.468 seconds
[2024-01-28T07:15:57.225+0100] {processor.py:161} INFO - Started process (PID=13273) to work on /home/ubuntu/.local/lib/python3.10/site-packages/airflow/example_dags/example_sla_dag.py
[2024-01-28T07:15:57.248+0100] {processor.py:830} INFO - Processing file /home/ubuntu/.local/lib/python3.10/site-packages/airflow/example_dags/example_sla_dag.py for tasks to queue
[2024-01-28T07:15:57.254+0100] {logging_mixin.py:188} INFO - [2024-01-28T07:15:57.249+0100] {dagbag.py:538} INFO - Filling up the DagBag from /home/ubuntu/.local/lib/python3.10/site-packages/airflow/example_dags/example_sla_dag.py
[2024-01-28T07:15:57.306+0100] {processor.py:840} INFO - DAG(s) 'example_sla_dag' retrieved from /home/ubuntu/.local/lib/python3.10/site-packages/airflow/example_dags/example_sla_dag.py
[2024-01-28T07:15:57.393+0100] {logging_mixin.py:188} INFO - [2024-01-28T07:15:57.393+0100] {dag.py:3033} INFO - Sync 1 DAGs
[2024-01-28T07:15:57.456+0100] {logging_mixin.py:188} INFO - [2024-01-28T07:15:57.455+0100] {dag.py:3820} INFO - Setting next_dagrun for example_sla_dag to 2024-01-28T06:12:00+00:00, run_after=2024-01-28T06:14:00+00:00
[2024-01-28T07:15:58.127+0100] {processor.py:183} INFO - Processing /home/ubuntu/.local/lib/python3.10/site-packages/airflow/example_dags/example_sla_dag.py took 0.949 seconds
[2024-01-28T07:16:55.203+0100] {processor.py:161} INFO - Started process (PID=13334) to work on /home/ubuntu/.local/lib/python3.10/site-packages/airflow/example_dags/example_sla_dag.py
[2024-01-28T07:16:55.215+0100] {processor.py:830} INFO - Processing file /home/ubuntu/.local/lib/python3.10/site-packages/airflow/example_dags/example_sla_dag.py for tasks to queue
[2024-01-28T07:16:55.218+0100] {logging_mixin.py:188} INFO - [2024-01-28T07:16:55.216+0100] {dagbag.py:538} INFO - Filling up the DagBag from /home/ubuntu/.local/lib/python3.10/site-packages/airflow/example_dags/example_sla_dag.py
[2024-01-28T07:16:55.269+0100] {processor.py:840} INFO - DAG(s) 'example_sla_dag' retrieved from /home/ubuntu/.local/lib/python3.10/site-packages/airflow/example_dags/example_sla_dag.py
[2024-01-28T07:16:55.320+0100] {logging_mixin.py:188} INFO - [2024-01-28T07:16:55.320+0100] {dag.py:3033} INFO - Sync 1 DAGs
[2024-01-28T07:16:55.380+0100] {logging_mixin.py:188} INFO - [2024-01-28T07:16:55.380+0100] {dag.py:3820} INFO - Setting next_dagrun for example_sla_dag to 2024-01-28T06:14:00+00:00, run_after=2024-01-28T06:16:00+00:00
[2024-01-28T07:16:55.498+0100] {processor.py:183} INFO - Processing /home/ubuntu/.local/lib/python3.10/site-packages/airflow/example_dags/example_sla_dag.py took 0.300 seconds
[2024-01-28T07:17:42.722+0100] {processor.py:161} INFO - Started process (PID=13390) to work on /home/ubuntu/.local/lib/python3.10/site-packages/airflow/example_dags/example_sla_dag.py
[2024-01-28T07:17:42.731+0100] {processor.py:830} INFO - Processing file /home/ubuntu/.local/lib/python3.10/site-packages/airflow/example_dags/example_sla_dag.py for tasks to queue
[2024-01-28T07:17:42.734+0100] {logging_mixin.py:188} INFO - [2024-01-28T07:17:42.733+0100] {dagbag.py:538} INFO - Filling up the DagBag from /home/ubuntu/.local/lib/python3.10/site-packages/airflow/example_dags/example_sla_dag.py
[2024-01-28T07:17:42.751+0100] {processor.py:840} INFO - DAG(s) 'example_sla_dag' retrieved from /home/ubuntu/.local/lib/python3.10/site-packages/airflow/example_dags/example_sla_dag.py
[2024-01-28T07:17:42.774+0100] {logging_mixin.py:188} INFO - [2024-01-28T07:17:42.774+0100] {dag.py:3033} INFO - Sync 1 DAGs
[2024-01-28T07:17:42.798+0100] {logging_mixin.py:188} INFO - [2024-01-28T07:17:42.797+0100] {dag.py:3820} INFO - Setting next_dagrun for example_sla_dag to 2024-01-28T06:14:00+00:00, run_after=2024-01-28T06:16:00+00:00
[2024-01-28T07:17:42.908+0100] {processor.py:183} INFO - Processing /home/ubuntu/.local/lib/python3.10/site-packages/airflow/example_dags/example_sla_dag.py took 0.193 seconds
[2024-01-28T07:18:31.235+0100] {processor.py:161} INFO - Started process (PID=13451) to work on /home/ubuntu/.local/lib/python3.10/site-packages/airflow/example_dags/example_sla_dag.py
[2024-01-28T07:18:31.251+0100] {processor.py:830} INFO - Processing file /home/ubuntu/.local/lib/python3.10/site-packages/airflow/example_dags/example_sla_dag.py for tasks to queue
[2024-01-28T07:18:31.253+0100] {logging_mixin.py:188} INFO - [2024-01-28T07:18:31.252+0100] {dagbag.py:538} INFO - Filling up the DagBag from /home/ubuntu/.local/lib/python3.10/site-packages/airflow/example_dags/example_sla_dag.py
[2024-01-28T07:18:31.307+0100] {processor.py:840} INFO - DAG(s) 'example_sla_dag' retrieved from /home/ubuntu/.local/lib/python3.10/site-packages/airflow/example_dags/example_sla_dag.py
[2024-01-28T07:18:31.349+0100] {logging_mixin.py:188} INFO - [2024-01-28T07:18:31.349+0100] {dag.py:3033} INFO - Sync 1 DAGs
[2024-01-28T07:18:31.432+0100] {logging_mixin.py:188} INFO - [2024-01-28T07:18:31.432+0100] {dag.py:3820} INFO - Setting next_dagrun for example_sla_dag to 2024-01-28T06:16:00+00:00, run_after=2024-01-28T06:18:00+00:00
[2024-01-28T07:18:31.645+0100] {processor.py:183} INFO - Processing /home/ubuntu/.local/lib/python3.10/site-packages/airflow/example_dags/example_sla_dag.py took 0.466 seconds
[2024-01-28T07:19:22.713+0100] {processor.py:161} INFO - Started process (PID=13490) to work on /home/ubuntu/.local/lib/python3.10/site-packages/airflow/example_dags/example_sla_dag.py
[2024-01-28T07:19:22.757+0100] {processor.py:830} INFO - Processing file /home/ubuntu/.local/lib/python3.10/site-packages/airflow/example_dags/example_sla_dag.py for tasks to queue
[2024-01-28T07:19:22.759+0100] {logging_mixin.py:188} INFO - [2024-01-28T07:19:22.758+0100] {dagbag.py:538} INFO - Filling up the DagBag from /home/ubuntu/.local/lib/python3.10/site-packages/airflow/example_dags/example_sla_dag.py
[2024-01-28T07:19:22.799+0100] {processor.py:840} INFO - DAG(s) 'example_sla_dag' retrieved from /home/ubuntu/.local/lib/python3.10/site-packages/airflow/example_dags/example_sla_dag.py
[2024-01-28T07:19:22.872+0100] {logging_mixin.py:188} INFO - [2024-01-28T07:19:22.872+0100] {dag.py:3033} INFO - Sync 1 DAGs
[2024-01-28T07:19:22.945+0100] {logging_mixin.py:188} INFO - [2024-01-28T07:19:22.945+0100] {dag.py:3820} INFO - Setting next_dagrun for example_sla_dag to 2024-01-28T06:16:00+00:00, run_after=2024-01-28T06:18:00+00:00
[2024-01-28T07:19:23.119+0100] {processor.py:183} INFO - Processing /home/ubuntu/.local/lib/python3.10/site-packages/airflow/example_dags/example_sla_dag.py took 0.411 seconds
                                                                                                                                                                                                                                                                                                                                                                                                                                                                                                                                                                                                                                                                                                                                                                                  