[2024-01-28T06:41:07.815+0100] {processor.py:161} INFO - Started process (PID=11479) to work on /home/ubuntu/.local/lib/python3.10/site-packages/airflow/example_dags/example_external_task_marker_dag.py
[2024-01-28T06:41:07.817+0100] {processor.py:830} INFO - Processing file /home/ubuntu/.local/lib/python3.10/site-packages/airflow/example_dags/example_external_task_marker_dag.py for tasks to queue
[2024-01-28T06:41:07.819+0100] {logging_mixin.py:188} INFO - [2024-01-28T06:41:07.818+0100] {dagbag.py:538} INFO - Filling up the DagBag from /home/ubuntu/.local/lib/python3.10/site-packages/airflow/example_dags/example_external_task_marker_dag.py
[2024-01-28T06:41:07.828+0100] {processor.py:840} INFO - DAG(s) 'example_external_task_marker_parent', 'example_external_task_marker_child' retrieved from /home/ubuntu/.local/lib/python3.10/site-packages/airflow/example_dags/example_external_task_marker_dag.py
[2024-01-28T06:41:07.859+0100] {logging_mixin.py:188} INFO - [2024-01-28T06:41:07.858+0100] {dag.py:3033} INFO - Sync 2 DAGs
[2024-01-28T06:41:07.875+0100] {logging_mixin.py:188} INFO - [2024-01-28T06:41:07.875+0100] {dag.py:3820} INFO - Setting next_dagrun for example_external_task_marker_child to None, run_after=None
[2024-01-28T06:41:07.879+0100] {logging_mixin.py:188} INFO - [2024-01-28T06:41:07.879+0100] {dag.py:3820} INFO - Setting next_dagrun for example_external_task_marker_parent to None, run_after=None
[2024-01-28T06:41:08.282+0100] {processor.py:183} INFO - Processing /home/ubuntu/.local/lib/python3.10/site-packages/airflow/example_dags/example_external_task_marker_dag.py took 0.473 seconds
[2024-01-28T06:43:28.828+0100] {processor.py:161} INFO - Started process (PID=11552) to work on /home/ubuntu/.local/lib/python3.10/site-packages/airflow/example_dags/example_external_task_marker_dag.py
[2024-01-28T06:43:28.893+0100] {processor.py:830} INFO - Processing file /home/ubuntu/.local/lib/python3.10/site-packages/airflow/example_dags/example_external_task_marker_dag.py for tasks to queue
[2024-01-28T06:43:28.895+0100] {logging_mixin.py:188} INFO - [2024-01-28T06:43:28.894+0100] {dagbag.py:538} INFO - Filling up the DagBag from /home/ubuntu/.local/lib/python3.10/site-packages/airflow/example_dags/example_external_task_marker_dag.py
[2024-01-28T06:43:29.019+0100] {processor.py:840} INFO - DAG(s) 'example_external_task_marker_child', 'example_external_task_marker_parent' retrieved from /home/ubuntu/.local/lib/python3.10/site-packages/airflow/example_dags/example_external_task_marker_dag.py
[2024-01-28T06:43:29.209+0100] {logging_mixin.py:188} INFO - [2024-01-28T06:43:29.201+0100] {dag.py:3033} INFO - Sync 2 DAGs
[2024-01-28T06:43:29.326+0100] {logging_mixin.py:188} INFO - [2024-01-28T06:43:29.325+0100] {dag.py:3820} INFO - Setting next_dagrun for example_external_task_marker_child to None, run_after=None
[2024-01-28T06:43:29.350+0100] {logging_mixin.py:188} INFO - [2024-01-28T06:43:29.349+0100] {dag.py:3820} INFO - Setting next_dagrun for example_external_task_marker_parent to None, run_after=None
[2024-01-28T06:43:29.939+0100] {processor.py:183} INFO - Processing /home/ubuntu/.local/lib/python3.10/site-packages/airflow/example_dags/example_external_task_marker_dag.py took 1.153 seconds
[2024-01-28T06:45:37.975+0100] {processor.py:161} INFO - Started process (PID=11609) to work on /home/ubuntu/.local/lib/python3.10/site-packages/airflow/example_dags/example_external_task_marker_dag.py
[2024-01-28T06:45:37.994+0100] {processor.py:830} INFO - Processing file /home/ubuntu/.local/lib/python3.10/site-packages/airflow/example_dags/example_external_task_marker_dag.py for tasks to queue
[2024-01-28T06:45:37.996+0100] {logging_mixin.py:188} INFO - [2024-01-28T06:45:37.995+0100] {dagbag.py:538} INFO - Filling up the DagBag from /home/ubuntu/.local/lib/python3.10/site-packages/airflow/example_dags/example_external_task_marker_dag.py
[2024-01-28T06:45:38.086+0100] {processor.py:840} INFO - DAG(s) 'example_external_task_marker_parent', 'example_external_task_marker_child' retrieved from /home/ubuntu/.local/lib/python3.10/site-packages/airflow/example_dags/example_external_task_marker_dag.py
[2024-01-28T06:45:38.665+0100] {logging_mixin.py:188} INFO - [2024-01-28T06:45:38.649+0100] {dag.py:3033} INFO - Sync 2 DAGs
[2024-01-28T06:45:38.934+0100] {logging_mixin.py:188} INFO - [2024-01-28T06:45:38.932+0100] {dag.py:3820} INFO - Setting next_dagrun for example_external_task_marker_child to None, run_after=None
[2024-01-28T06:45:38.943+0100] {logging_mixin.py:188} INFO - [2024-01-28T06:45:38.943+0100] {dag.py:3820} INFO - Setting next_dagrun for example_external_task_marker_parent to None, run_after=None
[2024-01-28T06:45:39.352+0100] {processor.py:183} INFO - Processing /home/ubuntu/.local/lib/python3.10/site-packages/airflow/example_dags/example_external_task_marker_dag.py took 1.401 seconds
[2024-01-28T06:47:37.087+0100] {processor.py:161} INFO - Started process (PID=11659) to work on /home/ubuntu/.local/lib/python3.10/site-packages/airflow/example_dags/example_external_task_marker_dag.py
[2024-01-28T06:47:37.204+0100] {processor.py:830} INFO - Processing file /home/ubuntu/.local/lib/python3.10/site-packages/airflow/example_dags/example_external_task_marker_dag.py for tasks to queue
[2024-01-28T06:47:37.206+0100] {logging_mixin.py:188} INFO - [2024-01-28T06:47:37.205+0100] {dagbag.py:538} INFO - Filling up the DagBag from /home/ubuntu/.local/lib/python3.10/site-packages/airflow/example_dags/example_external_task_marker_dag.py
[2024-01-28T06:47:37.273+0100] {processor.py:840} INFO - DAG(s) 'example_external_task_marker_child', 'example_external_task_marker_parent' retrieved from /home/ubuntu/.local/lib/python3.10/site-packages/airflow/example_dags/example_external_task_marker_dag.py
[2024-01-28T06:47:37.461+0100] {logging_mixin.py:188} INFO - [2024-01-28T06:47:37.460+0100] {dag.py:3033} INFO - Sync 2 DAGs
[2024-01-28T06:47:37.607+0100] {logging_mixin.py:188} INFO - [2024-01-28T06:47:37.606+0100] {dag.py:3820} INFO - Setting next_dagrun for example_external_task_marker_child to None, run_after=None
[2024-01-28T06:47:37.629+0100] {logging_mixin.py:188} INFO - [2024-01-28T06:47:37.629+0100] {dag.py:3820} INFO - Setting next_dagrun for example_external_task_marker_parent to None, run_after=None
[2024-01-28T06:47:38.505+0100] {processor.py:183} INFO - Processing /home/ubuntu/.local/lib/python3.10/site-packages/airflow/example_dags/example_external_task_marker_dag.py took 1.432 seconds
[2024-01-28T06:49:36.465+0100] {processor.py:161} INFO - Started process (PID=11710) to work on /home/ubuntu/.local/lib/python3.10/site-packages/airflow/example_dags/example_external_task_marker_dag.py
[2024-01-28T06:49:36.495+0100] {processor.py:830} INFO - Processing file /home/ubuntu/.local/lib/python3.10/site-packages/airflow/example_dags/example_external_task_marker_dag.py for tasks to queue
[2024-01-28T06:49:36.518+0100] {logging_mixin.py:188} INFO - [2024-01-28T06:49:36.497+0100] {dagbag.py:538} INFO - Filling up the DagBag from /home/ubuntu/.local/lib/python3.10/site-packages/airflow/example_dags/example_external_task_marker_dag.py
[2024-01-28T06:49:36.552+0100] {processor.py:840} INFO - DAG(s) 'example_external_task_marker_parent', 'example_external_task_marker_child' retrieved from /home/ubuntu/.local/lib/python3.10/site-packages/airflow/example_dags/example_external_task_marker_dag.py
[2024-01-28T06:49:36.790+0100] {logging_mixin.py:188} INFO - [2024-01-28T06:49:36.790+0100] {dag.py:3033} INFO - Sync 2 DAGs
[2024-01-28T06:49:36.875+0100] {logging_mixin.py:188} INFO - [2024-01-28T06:49:36.874+0100] {dag.py:3820} INFO - Setting next_dagrun for example_external_task_marker_child to None, run_after=None
[2024-01-28T06:49:36.916+0100] {logging_mixin.py:188} INFO - [2024-01-28T06:49:36.915+0100] {dag.py:3820} INFO - Setting next_dagrun for example_external_task_marker_parent to None, run_after=None
[2024-01-28T06:49:37.525+0100] {processor.py:183} INFO - Processing /home/ubuntu/.local/lib/python3.10/site-packages/airflow/example_dags/example_external_task_marker_dag.py took 1.105 seconds
[2024-01-28T06:51:37.749+0100] {processor.py:161} INFO - Started process (PID=11765) to work on /home/ubuntu/.local/lib/python3.10/site-packages/airflow/example_dags/example_external_task_marker_dag.py
[2024-01-28T06:51:37.755+0100] {processor.py:830} INFO - Processing file /home/ubuntu/.local/lib/python3.10/site-packages/airflow/example_dags/example_external_task_marker_dag.py for tasks to queue
[2024-01-28T06:51:37.757+0100] {logging_mixin.py:188} INFO - [2024-01-28T06:51:37.756+0100] {dagbag.py:538} INFO - Filling up the DagBag from /home/ubuntu/.local/lib/python3.10/site-packages/airflow/example_dags/example_external_task_marker_dag.py
[2024-01-28T06:51:37.860+0100] {processor.py:840} INFO - DAG(s) 'example_external_task_marker_parent', 'example_external_task_marker_child' retrieved from /home/ubuntu/.local/lib/python3.10/site-packages/airflow/example_dags/example_external_task_marker_dag.py
[2024-01-28T06:51:38.041+0100] {logging_mixin.py:188} INFO - [2024-01-28T06:51:38.034+0100] {dag.py:3033} INFO - Sync 2 DAGs
[2024-01-28T06:51:38.169+0100] {logging_mixin.py:188} INFO - [2024-01-28T06:51:38.169+0100] {dag.py:3820} INFO - Setting next_dagrun for example_external_task_marker_child to None, run_after=None
[2024-01-28T06:51:38.222+0100] {logging_mixin.py:188} INFO - [2024-01-28T06:51:38.221+0100] {dag.py:3820} INFO - Setting next_dagrun for example_external_task_marker_parent to None, run_after=None
[2024-01-28T06:51:39.043+0100] {processor.py:183} INFO - Processing /home/ubuntu/.local/lib/python3.10/site-packages/airflow/example_dags/example_external_task_marker_dag.py took 1.325 seconds
[2024-01-28T06:53:41.101+0100] {processor.py:161} INFO - Started process (PID=11818) to work on /home/ubuntu/.local/lib/python3.10/site-packages/airflow/example_dags/example_external_task_marker_dag.py
[2024-01-28T06:53:41.120+0100] {processor.py:830} INFO - Processing file /home/ubuntu/.local/lib/python3.10/site-packages/airflow/example_dags/example_external_task_marker_dag.py for tasks to queue
[2024-01-28T06:53:41.128+0100] {logging_mixin.py:188} INFO - [2024-01-28T06:53:41.127+0100] {dagbag.py:538} INFO - Filling up the DagBag from /home/ubuntu/.local/lib/python3.10/site-packages/airflow/example_dags/example_external_task_marker_dag.py
[2024-01-28T06:53:41.204+0100] {processor.py:840} INFO - DAG(s) 'example_external_task_marker_parent', 'example_external_task_marker_child' retrieved from /home/ubuntu/.local/lib/python3.10/site-packages/airflow/example_dags/example_external_task_marker_dag.py
[2024-01-28T06:53:41.750+0100] {logging_mixin.py:188} INFO - [2024-01-28T06:53:41.741+0100] {dag.py:3033} INFO - Sync 2 DAGs
[2024-01-28T06:53:41.807+0100] {logging_mixin.py:188} INFO - [2024-01-28T06:53:41.807+0100] {dag.py:3820} INFO - Setting next_dagrun for example_external_task_marker_child to None, run_after=None
[2024-01-28T06:53:41.813+0100] {logging_mixin.py:188} INFO - [2024-01-28T06:53:41.813+0100] {dag.py:3820} INFO - Setting next_dagrun for example_external_task_marker_parent to None, run_after=None
[2024-01-28T06:53:42.350+0100] {processor.py:183} INFO - Processing /home/ubuntu/.local/lib/python3.10/site-packages/airflow/example_dags/example_external_task_marker_dag.py took 1.275 seconds
[2024-01-28T06:55:39.483+0100] {processor.py:161} INFO - Started process (PID=11872) to work on /home/ubuntu/.local/lib/python3.10/site-packages/airflow/example_dags/example_external_task_marker_dag.py
[2024-01-28T06:55:39.509+0100] {processor.py:830} INFO - Processing file /home/ubuntu/.local/lib/python3.10/site-packages/airflow/example_dags/example_external_task_marker_dag.py for tasks to queue
[2024-01-28T06:55:39.525+0100] {logging_mixin.py:188} INFO - [2024-01-28T06:55:39.524+0100] {dagbag.py:538} INFO - Filling up the DagBag from /home/ubuntu/.local/lib/python3.10/site-packages/airflow/example_dags/example_external_task_marker_dag.py
[2024-01-28T06:55:39.586+0100] {processor.py:840} INFO - DAG(s) 'example_external_task_marker_parent', 'example_external_task_marker_child' retrieved from /home/ubuntu/.local/lib/python3.10/site-packages/airflow/example_dags/example_external_task_marker_dag.py
[2024-01-28T06:55:39.730+0100] {logging_mixin.py:188} INFO - [2024-01-28T06:55:39.730+0100] {dag.py:3033} INFO - Sync 2 DAGs
[2024-01-28T06:55:39.851+0100] {logging_mixin.py:188} INFO - [2024-01-28T06:55:39.850+0100] {dag.py:3820} INFO - Setting next_dagrun for example_external_task_marker_child to None, run_after=None
[2024-01-28T06:55:39.868+0100] {logging_mixin.py:188} INFO - [2024-01-28T06:55:39.867+0100] {dag.py:3820} INFO - Setting next_dagrun for example_external_task_marker_parent to None, run_after=None
[2024-01-28T06:55:40.424+0100] {processor.py:183} INFO - Processing /home/ubuntu/.local/lib/python3.10/site-packages/airflow/example_dags/example_external_task_marker_dag.py took 0.986 seconds
[2024-01-28T06:57:32.549+0100] {processor.py:161} INFO - Started process (PID=11997) to work on /home/ubuntu/.local/lib/python3.10/site-packages/airflow/example_dags/example_external_task_marker_dag.py
[2024-01-28T06:57:32.623+0100] {processor.py:830} INFO - Processing file /home/ubuntu/.local/lib/python3.10/site-packages/airflow/example_dags/example_external_task_marker_dag.py for tasks to queue
[2024-01-28T06:57:32.632+0100] {logging_mixin.py:188} INFO - [2024-01-28T06:57:32.624+0100] {dagbag.py:538} INFO - Filling up the DagBag from /home/ubuntu/.local/lib/python3.10/site-packages/airflow/example_dags/example_external_task_marker_dag.py
[2024-01-28T06:57:32.692+0100] {processor.py:840} INFO - DAG(s) 'example_external_task_marker_child', 'example_external_task_marker_parent' retrieved from /home/ubuntu/.local/lib/python3.10/site-packages/airflow/example_dags/example_external_task_marker_dag.py
[2024-01-28T06:57:32.895+0100] {logging_mixin.py:188} INFO - [2024-01-28T06:57:32.895+0100] {dag.py:3033} INFO - Sync 2 DAGs
[2024-01-28T06:57:33.087+0100] {logging_mixin.py:188} INFO - [2024-01-28T06:57:33.087+0100] {dag.py:3820} INFO - Setting next_dagrun for example_external_task_marker_child to None, run_after=None
[2024-01-28T06:57:33.093+0100] {logging_mixin.py:188} INFO - [2024-01-28T06:57:33.093+0100] {dag.py:3820} INFO - Setting next_dagrun for example_external_task_marker_parent to None, run_after=None
[2024-01-28T06:57:33.456+0100] {processor.py:183} INFO - Processing /home/ubuntu/.local/lib/python3.10/site-packages/airflow/example_dags/example_external_task_marker_dag.py took 0.945 seconds
[2024-01-28T06:59:16.460+0100] {processor.py:161} INFO - Started process (PID=12081) to work on /home/ubuntu/.local/lib/python3.10/site-packages/airflow/example_dags/example_external_task_marker_dag.py
[2024-01-28T06:59:16.495+0100] {processor.py:830} INFO - Processing file /home/ubuntu/.local/lib/python3.10/site-packages/airflow/example_dags/example_external_task_marker_dag.py for tasks to queue
[2024-01-28T06:59:16.496+0100] {logging_mixin.py:188} INFO - [2024-01-28T06:59:16.495+0100] {dagbag.py:538} INFO - Filling up the DagBag from /home/ubuntu/.local/lib/python3.10/site-packages/airflow/example_dags/example_external_task_marker_dag.py
[2024-01-28T06:59:16.509+0100] {processor.py:840} INFO - DAG(s) 'example_external_task_marker_child', 'example_external_task_marker_parent' retrieved from /home/ubuntu/.local/lib/python3.10/site-packages/airflow/example_dags/example_external_task_marker_dag.py
[2024-01-28T06:59:16.557+0100] {logging_mixin.py:188} INFO - [2024-01-28T06:59:16.556+0100] {dag.py:3033} INFO - Sync 2 DAGs
[2024-01-28T06:59:16.589+0100] {logging_mixin.py:188} INFO - [2024-01-28T06:59:16.589+0100] {dag.py:3820} INFO - Setting next_dagrun for example_external_task_marker_child to None, run_after=None
[2024-01-28T06:59:16.605+0100] {logging_mixin.py:188} INFO - [2024-01-28T06:59:16.605+0100] {dag.py:3820} INFO - Setting next_dagrun for example_external_task_marker_parent to None, run_after=None
[2024-01-28T06:59:16.850+0100] {processor.py:183} INFO - Processing /home/ubuntu/.local/lib/python3.10/site-packages/airflow/example_dags/example_external_task_marker_dag.py took 0.401 seconds
[2024-01-28T07:00:53.784+0100] {processor.py:161} INFO - Started process (PID=12158) to work on /home/ubuntu/.local/lib/python3.10/site-packages/airflow/example_dags/example_external_task_marker_dag.py
[2024-01-28T07:00:53.799+0100] {processor.py:830} INFO - Processing file /home/ubuntu/.local/lib/python3.10/site-packages/airflow/example_dags/example_external_task_marker_dag.py for tasks to queue
[2024-01-28T07:00:53.804+0100] {logging_mixin.py:188} INFO - [2024-01-28T07:00:53.800+0100] {dagbag.py:538} INFO - Filling up the DagBag from /home/ubuntu/.local/lib/python3.10/site-packages/airflow/example_dags/example_external_task_marker_dag.py
[2024-01-28T07:00:53.837+0100] {processor.py:840} INFO - DAG(s) 'example_external_task_marker_child', 'example_external_task_marker_parent' retrieved from /home/ubuntu/.local/lib/python3.10/site-packages/airflow/example_dags/example_external_task_marker_dag.py
[2024-01-28T07:00:53.935+0100] {logging_mixin.py:188} INFO - [2024-01-28T07:00:53.935+0100] {dag.py:3033} INFO - Sync 2 DAGs
[2024-01-28T07:00:53.980+0100] {logging_mixin.py:188} INFO - [2024-01-28T07:00:53.980+0100] {dag.py:3820} INFO - Setting next_dagrun for example_external_task_marker_child to None, run_after=None
[2024-01-28T07:00:53.993+0100] {logging_mixin.py:188} INFO - [2024-01-28T07:00:53.992+0100] {dag.py:3820} INFO - Setting next_dagrun for example_external_task_marker_parent to None, run_after=None
[2024-01-28T07:00:54.234+0100] {processor.py:183} INFO - Processing /home/ubuntu/.local/lib/python3.10/site-packages/airflow/example_dags/example_external_task_marker_dag.py took 0.456 seconds
[2024-01-28T07:02:34.091+0100] {processor.py:161} INFO - Started process (PID=12231) to work on /home/ubuntu/.local/lib/python3.10/site-packages/airflow/example_dags/example_external_task_marker_dag.py
[2024-01-28T07:02:34.095+0100] {processor.py:830} INFO - Processing file /home/ubuntu/.local/lib/python3.10/site-packages/airflow/example_dags/example_external_task_marker_dag.py for tasks to queue
[2024-01-28T07:02:34.097+0100] {logging_mixin.py:188} INFO - [2024-01-28T07:02:34.096+0100] {dagbag.py:538} INFO - Filling up the DagBag from /home/ubuntu/.local/lib/python3.10/site-packages/airflow/example_dags/example_external_task_marker_dag.py
[2024-01-28T07:02:34.105+0100] {processor.py:840} INFO - DAG(s) 'example_external_task_marker_child', 'example_external_task_marker_parent' retrieved from /home/ubuntu/.local/lib/python3.10/site-packages/airflow/example_dags/example_external_task_marker_dag.py
[2024-01-28T07:02:34.126+0100] {logging_mixin.py:188} INFO - [2024-01-28T07:02:34.125+0100] {dag.py:3033} INFO - Sync 2 DAGs
[2024-01-28T07:02:34.137+0100] {logging_mixin.py:188} INFO - [2024-01-28T07:02:34.137+0100] {dag.py:3820} INFO - Setting next_dagrun for example_external_task_marker_child to None, run_after=None
[2024-01-28T07:02:34.140+0100] {logging_mixin.py:188} INFO - [2024-01-28T07:02:34.140+0100] {dag.py:3820} INFO - Setting next_dagrun for example_external_task_marker_parent to None, run_after=None
[2024-01-28T07:02:34.246+0100] {processor.py:183} INFO - Processing /home/ubuntu/.local/lib/python3.10/site-packages/airflow/example_dags/example_external_task_marker_dag.py took 0.160 seconds
[2024-01-28T07:04:09.426+0100] {processor.py:161} INFO - Started process (PID=12303) to work on /home/ubuntu/.local/lib/python3.10/site-packages/airflow/example_dags/example_external_task_marker_dag.py
[2024-01-28T07:04:09.428+0100] {processor.py:830} INFO - Processing file /home/ubuntu/.local/lib/python3.10/site-packages/airflow/example_dags/example_external_task_marker_dag.py for tasks to queue
[2024-01-28T07:04:09.429+0100] {logging_mixin.py:188} INFO - [2024-01-28T07:04:09.429+0100] {dagbag.py:538} INFO - Filling up the DagBag from /home/ubuntu/.local/lib/python3.10/site-packages/airflow/example_dags/example_external_task_marker_dag.py
[2024-01-28T07:04:09.441+0100] {processor.py:840} INFO - DAG(s) 'example_external_task_marker_parent', 'example_external_task_marker_child' retrieved from /home/ubuntu/.local/lib/python3.10/site-packages/airflow/example_dags/example_external_task_marker_dag.py
[2024-01-28T07:04:09.468+0100] {logging_mixin.py:188} INFO - [2024-01-28T07:04:09.467+0100] {dag.py:3033} INFO - Sync 2 DAGs
[2024-01-28T07:04:09.483+0100] {logging_mixin.py:188} INFO - [2024-01-28T07:04:09.483+0100] {dag.py:3820} INFO - Setting next_dagrun for example_external_task_marker_child to None, run_after=None
[2024-01-28T07:04:09.487+0100] {logging_mixin.py:188} INFO - [2024-01-28T07:04:09.487+0100] {dag.py:3820} INFO - Setting next_dagrun for example_external_task_marker_parent to None, run_after=None
[2024-01-28T07:04:09.583+0100] {processor.py:183} INFO - Processing /home/ubuntu/.local/lib/python3.10/site-packages/airflow/example_dags/example_external_task_marker_dag.py took 0.165 seconds
[2024-01-28T07:05:51.645+0100] {processor.py:161} INFO - Started process (PID=12377) to work on /home/ubuntu/.local/lib/python3.10/site-packages/airflow/example_dags/example_external_task_marker_dag.py
[2024-01-28T07:05:51.675+0100] {processor.py:830} INFO - Processing file /home/ubuntu/.local/lib/python3.10/site-packages/airflow/example_dags/example_external_task_marker_dag.py for tasks to queue
[2024-01-28T07:05:51.676+0100] {logging_mixin.py:188} INFO - [2024-01-28T07:05:51.676+0100] {dagbag.py:538} INFO - Filling up the DagBag from /home/ubuntu/.local/lib/python3.10/site-packages/airflow/example_dags/example_external_task_marker_dag.py
[2024-01-28T07:05:51.714+0100] {processor.py:840} INFO - DAG(s) 'example_external_task_marker_parent', 'example_external_task_marker_child' retrieved from /home/ubuntu/.local/lib/python3.10/site-packages/airflow/example_dags/example_external_task_marker_dag.py
[2024-01-28T07:05:51.791+0100] {logging_mixin.py:188} INFO - [2024-01-28T07:05:51.791+0100] {dag.py:3033} INFO - Sync 2 DAGs
[2024-01-28T07:05:51.810+0100] {logging_mixin.py:188} INFO - [2024-01-28T07:05:51.810+0100] {dag.py:3820} INFO - Setting next_dagrun for example_external_task_marker_child to None, run_after=None
[2024-01-28T07:05:51.814+0100] {logging_mixin.py:188} INFO - [2024-01-28T07:05:51.813+0100] {dag.py:3820} INFO - Setting next_dagrun for example_external_task_marker_parent to None, run_after=None
[2024-01-28T07:05:51.874+0100] {processor.py:183} INFO - Processing /home/ubuntu/.local/lib/python3.10/site-packages/airflow/example_dags/example_external_task_marker_dag.py took 0.241 seconds
[2024-01-28T07:07:28.480+0100] {processor.py:161} INFO - Started process (PID=12446) to work on /home/ubuntu/.local/lib/python3.10/site-packages/airflow/example_dags/example_external_task_marker_dag.py
[2024-01-28T07:07:28.507+0100] {processor.py:830} INFO - Processing file /home/ubuntu/.local/lib/python3.10/site-packages/airflow/example_dags/example_external_task_marker_dag.py for tasks to queue
[2024-01-28T07:07:28.510+0100] {logging_mixin.py:188} INFO - [2024-01-28T07:07:28.509+0100] {dagbag.py:538} INFO - Filling up the DagBag from /home/ubuntu/.local/lib/python3.10/site-packages/airflow/example_dags/example_external_task_marker_dag.py
[2024-01-28T07:07:28.536+0100] {processor.py:840} INFO - DAG(s) 'example_external_task_marker_parent', 'example_external_task_marker_child' retrieved from /home/ubuntu/.local/lib/python3.10/site-packages/airflow/example_dags/example_external_task_marker_dag.py
[2024-01-28T07:07:28.560+0100] {logging_mixin.py:188} INFO - [2024-01-28T07:07:28.560+0100] {dag.py:3033} INFO - Sync 2 DAGs
[2024-01-28T07:07:28.597+0100] {logging_mixin.py:188} INFO - [2024-01-28T07:07:28.596+0100] {dag.py:3820} INFO - Setting next_dagrun for example_external_task_marker_child to None, run_after=None
[2024-01-28T07:07:28.603+0100] {logging_mixin.py:188} INFO - [2024-01-28T07:07:28.602+0100] {dag.py:3820} INFO - Setting next_dagrun for example_external_task_marker_parent to None, run_after=None
[2024-01-28T07:07:28.766+0100] {processor.py:183} INFO - Processing /home/ubuntu/.local/lib/python3.10/site-packages/airflow/example_dags/example_external_task_marker_dag.py took 0.297 seconds
[2024-01-28T07:09:15.756+0100] {processor.py:161} INFO - Started process (PID=12530) to work on /home/ubuntu/.local/lib/python3.10/site-packages/airflow/example_dags/example_external_task_marker_dag.py
[2024-01-28T07:09:15.761+0100] {processor.py:830} INFO - Processing file /home/ubuntu/.local/lib/python3.10/site-packages/airflow/example_dags/example_external_task_marker_dag.py for tasks to queue
[2024-01-28T07:09:15.762+0100] {logging_mixin.py:188} INFO - [2024-01-28T07:09:15.762+0100] {dagbag.py:538} INFO - Filling up the DagBag from /home/ubuntu/.local/lib/python3.10/site-packages/airflow/example_dags/example_external_task_marker_dag.py
[2024-01-28T07:09:15.771+0100] {processor.py:840} INFO - DAG(s) 'example_external_task_marker_parent', 'example_external_task_marker_child' retrieved from /home/ubuntu/.local/lib/python3.10/site-packages/airflow/example_dags/example_external_task_marker_dag.py
[2024-01-28T07:09:15.810+0100] {logging_mixin.py:188} INFO - [2024-01-28T07:09:15.809+0100] {dag.py:3033} INFO - Sync 2 DAGs
[2024-01-28T07:09:15.825+0100] {logging_mixin.py:188} INFO - [2024-01-28T07:09:15.825+0100] {dag.py:3820} INFO - Setting next_dagrun for example_external_task_marker_child to None, run_after=None
[2024-01-28T07:09:15.829+0100] {logging_mixin.py:188} INFO - [2024-01-28T07:09:15.829+0100] {dag.py:3820} INFO - Setting next_dagrun for example_external_task_marker_parent to None, run_after=None
[2024-01-28T07:09:16.103+0100] {processor.py:183} INFO - Processing /home/ubuntu/.local/lib/python3.10/site-packages/airflow/example_dags/example_external_task_marker_dag.py took 0.352 seconds
[2024-01-28T07:10:58.862+0100] {processor.py:161} INFO - Started process (PID=12624) to work on /home/ubuntu/.local/lib/python3.10/site-packages/airflow/example_dags/example_external_task_marker_dag.py
[2024-01-28T07:10:58.865+0100] {processor.py:830} INFO - Processing file /home/ubuntu/.local/lib/python3.10/site-packages/airflow/example_dags/example_external_task_marker_dag.py for tasks to queue
[2024-01-28T07:10:58.866+0100] {logging_mixin.py:188} INFO - [2024-01-28T07:10:58.865+0100] {dagbag.py:538} INFO - Filling up the DagBag from /home/ubuntu/.local/lib/python3.10/site-packages/airflow/example_dags/example_external_task_marker_dag.py
[2024-01-28T07:10:58.885+0100] {processor.py:840} INFO - DAG(s) 'example_external_task_marker_parent', 'example_external_task_marker_child' retrieved from /home/ubuntu/.local/lib/python3.10/site-packages/airflow/example_dags/example_external_task_marker_dag.py
[2024-01-28T07:10:58.961+0100] {logging_mixin.py:188} INFO - [2024-01-28T07:10:58.961+0100] {dag.py:3033} INFO - Sync 2 DAGs
[2024-01-28T07:10:58.990+0100] {logging_mixin.py:188} INFO - [2024-01-28T07:10:58.990+0100] {dag.py:3820} INFO - Setting next_dagrun for example_external_task_marker_child to None, run_after=None
[2024-01-28T07:10:58.999+0100] {logging_mixin.py:188} INFO - [2024-01-28T07:10:58.998+0100] {dag.py:3820} INFO - Setting next_dagrun for example_external_task_marker_parent to None, run_after=None
[2024-01-28T07:10:59.327+0100] {processor.py:183} INFO - Processing /home/ubuntu/.local/lib/python3.10/site-packages/airflow/example_dags/example_external_task_marker_dag.py took 0.476 seconds
[2024-01-28T07:12:49.782+0100] {processor.py:161} INFO - Started process (PID=12911) to work on /home/ubuntu/.local/lib/python3.10/site-packages/airflow/example_dags/example_external_task_marker_dag.py
[2024-01-28T07:12:49.791+0100] {processor.py:830} INFO - Processing file /home/ubuntu/.local/lib/python3.10/site-packages/airflow/example_dags/example_external_task_marker_dag.py for tasks to queue
[2024-01-28T07:12:49.793+0100] {logging_mixin.py:188} INFO - [2024-01-28T07:12:49.792+0100] {dagbag.py:538} INFO - Filling up the DagBag from /home/ubuntu/.local/lib/python3.10/site-packages/airflow/example_dags/example_external_task_marker_dag.py
[2024-01-28T07:12:49.811+0100] {processor.py:840} INFO - DAG(s) 'example_external_task_marker_parent', 'example_external_task_marker_child' retrieved from /home/ubuntu/.local/lib/python3.10/site-packages/airflow/example_dags/example_external_task_marker_dag.py
[2024-01-28T07:12:49.868+0100] {logging_mixin.py:188} INFO - [2024-01-28T07:12:49.864+0100] {dag.py:3033} INFO - Sync 2 DAGs
[2024-01-28T07:12:49.959+0100] {logging_mixin.py:188} INFO - [2024-01-28T07:12:49.958+0100] {dag.py:3820} INFO - Setting next_dagrun for example_external_task_marker_child to None, run_after=None
[2024-01-28T07:12:49.967+0100] {logging_mixin.py:188} INFO - [2024-01-28T07:12:49.966+0100] {dag.py:3820} INFO - Setting next_dagrun for example_external_task_marker_parent to None, run_after=None
[2024-01-28T07:12:50.243+0100] {processor.py:183} INFO - Processing /home/ubuntu/.local/lib/python3.10/site-packages/airflow/example_dags/example_external_task_marker_dag.py took 0.466 seconds
[2024-01-28T07:14:22.988+0100] {processor.py:161} INFO - Started process (PID=13146) to work on /home/ubuntu/.local/lib/python3.10/site-packages/airflow/example_dags/example_external_task_marker_dag.py
[2024-01-28T07:14:23.036+0100] {processor.py:830} INFO - Processing file /home/ubuntu/.local/lib/python3.10/site-packages/airflow/example_dags/example_external_task_marker_dag.py for tasks to queue
[2024-01-28T07:14:23.049+0100] {logging_mixin.py:188} INFO - [2024-01-28T07:14:23.044+0100] {dagbag.py:538} INFO - Filling up the DagBag from /home/ubuntu/.local/lib/python3.10/site-packages/airflow/example_dags/example_external_task_marker_dag.py
[2024-01-28T07:14:23.112+0100] {processor.py:840} INFO - DAG(s) 'example_external_task_marker_parent', 'example_external_task_marker_child' retrieved from /home/ubuntu/.local/lib/python3.10/site-packages/airflow/example_dags/example_external_task_marker_dag.py
[2024-01-28T07:14:23.490+0100] {logging_mixin.py:188} INFO - [2024-01-28T07:14:23.489+0100] {dag.py:3033} INFO - Sync 2 DAGs
[2024-01-28T07:14:23.536+0100] {logging_mixin.py:188} INFO - [2024-01-28T07:14:23.532+0100] {dag.py:3820} INFO - Setting next_dagrun for example_external_task_marker_child to None, run_after=None
[2024-01-28T07:14:23.548+0100] {logging_mixin.py:188} INFO - [2024-01-28T07:14:23.548+0100] {dag.py:3820} INFO - Setting next_dagrun for example_external_task_marker_parent to None, run_after=None
[2024-01-28T07:14:23.762+0100] {processor.py:183} INFO - Processing /home/ubuntu/.local/lib/python3.10/site-packages/airflow/example_dags/example_external_task_marker_dag.py took 0.787 seconds
[2024-01-28T07:16:18.743+0100] {processor.py:161} INFO - Started process (PID=13311) to work on /home/ubuntu/.local/lib/python3.10/site-packages/airflow/example_dags/example_external_task_marker_dag.py
[2024-01-28T07:16:18.747+0100] {processor.py:830} INFO - Processing file /home/ubuntu/.local/lib/python3.10/site-packages/airflow/example_dags/example_external_task_marker_dag.py for tasks to queue
[2024-01-28T07:16:18.750+0100] {logging_mixin.py:188} INFO - [2024-01-28T07:16:18.749+0100] {dagbag.py:538} INFO - Filling up the DagBag from /home/ubuntu/.local/lib/python3.10/site-packages/airflow/example_dags/example_external_task_marker_dag.py
[2024-01-28T07:16:18.759+0100] {processor.py:840} INFO - DAG(s) 'example_external_task_marker_child', 'example_external_task_marker_parent' retrieved from /home/ubuntu/.local/lib/python3.10/site-packages/airflow/example_dags/example_external_task_marker_dag.py
[2024-01-28T07:16:18.785+0100] {logging_mixin.py:188} INFO - [2024-01-28T07:16:18.785+0100] {dag.py:3033} INFO - Sync 2 DAGs
[2024-01-28T07:16:18.799+0100] {logging_mixin.py:188} INFO - [2024-01-28T07:16:18.798+0100] {dag.py:3820} INFO - Setting next_dagrun for example_external_task_marker_child to None, run_after=None
[2024-01-28T07:16:18.804+0100] {logging_mixin.py:188} INFO - [2024-01-28T07:16:18.803+0100] {dag.py:3820} INFO - Setting next_dagrun for example_external_task_marker_parent to None, run_after=None
[2024-01-28T07:16:19.233+0100] {processor.py:183} INFO - Processing /home/ubuntu/.local/lib/python3.10/site-packages/airflow/example_dags/example_external_task_marker_dag.py took 0.495 seconds
[2024-01-28T07:17:54.356+0100] {processor.py:161} INFO - Started process (PID=13419) to work on /home/ubuntu/.local/lib/python3.10/site-packages/airflow/example_dags/example_external_task_marker_dag.py
[2024-01-28T07:17:54.375+0100] {processor.py:830} INFO - Processing file /home/ubuntu/.local/lib/python3.10/site-packages/airflow/example_dags/example_external_task_marker_dag.py for tasks to queue
[2024-01-28T07:17:54.405+0100] {logging_mixin.py:188} INFO - [2024-01-28T07:17:54.380+0100] {dagbag.py:538} INFO - Filling up the DagBag from /home/ubuntu/.local/lib/python3.10/site-packages/airflow/example_dags/example_external_task_marker_dag.py
[2024-01-28T07:17:54.428+0100] {processor.py:840} INFO - DAG(s) 'example_external_task_marker_parent', 'example_external_task_marker_child' retrieved from /home/ubuntu/.local/lib/python3.10/site-packages/airflow/example_dags/example_external_task_marker_dag.py
[2024-01-28T07:17:54.534+0100] {logging_mixin.py:188} INFO - [2024-01-28T07:17:54.523+0100] {dag.py:3033} INFO - Sync 2 DAGs
[2024-01-28T07:17:54.575+0100] {logging_mixin.py:188} INFO - [2024-01-28T07:17:54.574+0100] {dag.py:3820} INFO - Setting next_dagrun for example_external_task_marker_child to None, run_after=None
[2024-01-28T07:17:54.579+0100] {logging_mixin.py:188} INFO - [2024-01-28T07:17:54.579+0100] {dag.py:3820} INFO - Setting next_dagrun for example_external_task_marker_parent to None, run_after=None
[2024-01-28T07:17:54.774+0100] {processor.py:183} INFO - Processing /home/ubuntu/.local/lib/python3.10/site-packages/airflow/example_dags/example_external_task_marker_dag.py took 0.423 seconds
[2024-01-28T07:19:37.686+0100] {processor.py:161} INFO - Started process (PID=13504) to work on /home/ubuntu/.local/lib/python3.10/site-packages/airflow/example_dags/example_external_task_marker_dag.py
[2024-01-28T07:19:37.696+0100] {processor.py:830} INFO - Processing file /home/ubuntu/.local/lib/python3.10/site-packages/airflow/example_dags/example_external_task_marker_dag.py for tasks to queue
[2024-01-28T07:19:37.698+0100] {logging_mixin.py:188} INFO - [2024-01-28T07:19:37.696+0100] {dagbag.py:538} INFO - Filling up the DagBag from /home/ubuntu/.local/lib/python3.10/site-packages/airflow/example_dags/example_external_task_marker_dag.py
[2024-01-28T07:19:37.707+0100] {processor.py:840} INFO - DAG(s) 'example_external_task_marker_child', 'example_external_task_marker_parent' retrieved from /home/ubuntu/.local/lib/python3.10/site-packages/airflow/example_dags/example_external_task_marker_dag.py
[2024-01-28T07:19:37.733+0100] {logging_mixin.py:188} INFO - [2024-01-28T07:19:37.733+0100] {dag.py:3033} INFO - Sync 2 DAGs
[2024-01-28T07:19:37.750+0100] {logging_mixin.py:188} INFO - [2024-01-28T07:19:37.750+0100] {dag.py:3820} INFO - Setting next_dagrun for example_external_task_marker_child to None, run_after=None
[2024-01-28T07:19:37.754+0100] {logging_mixin.py:188} INFO - [2024-01-28T07:19:37.754+0100] {dag.py:3820} INFO - Setting next_dagrun for example_external_task_marker_parent to None, run_after=None
[2024-01-28T07:19:38.003+0100] {processor.py:183} INFO - Processing /home/ubuntu/.local/lib/python3.10/site-packages/airflow/example_dags/example_external_task_marker_dag.py took 0.324 seconds
