[2024-01-28T06:42:22.119+0100] {processor.py:161} INFO - Started process (PID=11524) to work on /home/ubuntu/.local/lib/python3.10/site-packages/airflow/example_dags/tutorial_taskflow_api_virtualenv.py
[2024-01-28T06:42:22.122+0100] {processor.py:830} INFO - Processing file /home/ubuntu/.local/lib/python3.10/site-packages/airflow/example_dags/tutorial_taskflow_api_virtualenv.py for tasks to queue
[2024-01-28T06:42:22.130+0100] {logging_mixin.py:188} INFO - [2024-01-28T06:42:22.124+0100] {dagbag.py:538} INFO - Filling up the DagBag from /home/ubuntu/.local/lib/python3.10/site-packages/airflow/example_dags/tutorial_taskflow_api_virtualenv.py
[2024-01-28T06:42:22.185+0100] {processor.py:840} INFO - DAG(s) 'tutorial_taskflow_api_virtualenv' retrieved from /home/ubuntu/.local/lib/python3.10/site-packages/airflow/example_dags/tutorial_taskflow_api_virtualenv.py
[2024-01-28T06:42:22.384+0100] {logging_mixin.py:188} INFO - [2024-01-28T06:42:22.384+0100] {dag.py:3033} INFO - Sync 1 DAGs
[2024-01-28T06:42:22.474+0100] {logging_mixin.py:188} INFO - [2024-01-28T06:42:22.473+0100] {dag.py:3820} INFO - Setting next_dagrun for tutorial_taskflow_api_virtualenv to None, run_after=None
[2024-01-28T06:42:23.286+0100] {processor.py:183} INFO - Processing /home/ubuntu/.local/lib/python3.10/site-packages/airflow/example_dags/tutorial_taskflow_api_virtualenv.py took 1.186 seconds
[2024-01-28T06:44:42.523+0100] {processor.py:161} INFO - Started process (PID=11580) to work on /home/ubuntu/.local/lib/python3.10/site-packages/airflow/example_dags/tutorial_taskflow_api_virtualenv.py
[2024-01-28T06:44:42.571+0100] {processor.py:830} INFO - Processing file /home/ubuntu/.local/lib/python3.10/site-packages/airflow/example_dags/tutorial_taskflow_api_virtualenv.py for tasks to queue
[2024-01-28T06:44:42.619+0100] {logging_mixin.py:188} INFO - [2024-01-28T06:44:42.601+0100] {dagbag.py:538} INFO - Filling up the DagBag from /home/ubuntu/.local/lib/python3.10/site-packages/airflow/example_dags/tutorial_taskflow_api_virtualenv.py
[2024-01-28T06:44:42.751+0100] {processor.py:840} INFO - DAG(s) 'tutorial_taskflow_api_virtualenv' retrieved from /home/ubuntu/.local/lib/python3.10/site-packages/airflow/example_dags/tutorial_taskflow_api_virtualenv.py
[2024-01-28T06:44:43.166+0100] {logging_mixin.py:188} INFO - [2024-01-28T06:44:43.165+0100] {dag.py:3033} INFO - Sync 1 DAGs
[2024-01-28T06:44:43.341+0100] {logging_mixin.py:188} INFO - [2024-01-28T06:44:43.340+0100] {dag.py:3820} INFO - Setting next_dagrun for tutorial_taskflow_api_virtualenv to None, run_after=None
[2024-01-28T06:44:44.013+0100] {processor.py:183} INFO - Processing /home/ubuntu/.local/lib/python3.10/site-packages/airflow/example_dags/tutorial_taskflow_api_virtualenv.py took 1.533 seconds
[2024-01-28T06:46:44.027+0100] {processor.py:161} INFO - Started process (PID=11632) to work on /home/ubuntu/.local/lib/python3.10/site-packages/airflow/example_dags/tutorial_taskflow_api_virtualenv.py
[2024-01-28T06:46:44.079+0100] {processor.py:830} INFO - Processing file /home/ubuntu/.local/lib/python3.10/site-packages/airflow/example_dags/tutorial_taskflow_api_virtualenv.py for tasks to queue
[2024-01-28T06:46:44.089+0100] {logging_mixin.py:188} INFO - [2024-01-28T06:46:44.080+0100] {dagbag.py:538} INFO - Filling up the DagBag from /home/ubuntu/.local/lib/python3.10/site-packages/airflow/example_dags/tutorial_taskflow_api_virtualenv.py
[2024-01-28T06:46:44.139+0100] {processor.py:840} INFO - DAG(s) 'tutorial_taskflow_api_virtualenv' retrieved from /home/ubuntu/.local/lib/python3.10/site-packages/airflow/example_dags/tutorial_taskflow_api_virtualenv.py
[2024-01-28T06:46:44.681+0100] {logging_mixin.py:188} INFO - [2024-01-28T06:46:44.681+0100] {dag.py:3033} INFO - Sync 1 DAGs
[2024-01-28T06:46:44.708+0100] {logging_mixin.py:188} INFO - [2024-01-28T06:46:44.708+0100] {dag.py:3820} INFO - Setting next_dagrun for tutorial_taskflow_api_virtualenv to None, run_after=None
[2024-01-28T06:46:45.254+0100] {processor.py:183} INFO - Processing /home/ubuntu/.local/lib/python3.10/site-packages/airflow/example_dags/tutorial_taskflow_api_virtualenv.py took 1.280 seconds
[2024-01-28T06:48:40.148+0100] {processor.py:161} INFO - Started process (PID=11684) to work on /home/ubuntu/.local/lib/python3.10/site-packages/airflow/example_dags/tutorial_taskflow_api_virtualenv.py
[2024-01-28T06:48:40.156+0100] {processor.py:830} INFO - Processing file /home/ubuntu/.local/lib/python3.10/site-packages/airflow/example_dags/tutorial_taskflow_api_virtualenv.py for tasks to queue
[2024-01-28T06:48:40.159+0100] {logging_mixin.py:188} INFO - [2024-01-28T06:48:40.158+0100] {dagbag.py:538} INFO - Filling up the DagBag from /home/ubuntu/.local/lib/python3.10/site-packages/airflow/example_dags/tutorial_taskflow_api_virtualenv.py
[2024-01-28T06:48:40.219+0100] {processor.py:840} INFO - DAG(s) 'tutorial_taskflow_api_virtualenv' retrieved from /home/ubuntu/.local/lib/python3.10/site-packages/airflow/example_dags/tutorial_taskflow_api_virtualenv.py
[2024-01-28T06:48:40.469+0100] {logging_mixin.py:188} INFO - [2024-01-28T06:48:40.468+0100] {dag.py:3033} INFO - Sync 1 DAGs
[2024-01-28T06:48:40.507+0100] {logging_mixin.py:188} INFO - [2024-01-28T06:48:40.507+0100] {dag.py:3820} INFO - Setting next_dagrun for tutorial_taskflow_api_virtualenv to None, run_after=None
[2024-01-28T06:48:41.017+0100] {processor.py:183} INFO - Processing /home/ubuntu/.local/lib/python3.10/site-packages/airflow/example_dags/tutorial_taskflow_api_virtualenv.py took 0.926 seconds
[2024-01-28T06:50:43.917+0100] {processor.py:161} INFO - Started process (PID=11740) to work on /home/ubuntu/.local/lib/python3.10/site-packages/airflow/example_dags/tutorial_taskflow_api_virtualenv.py
[2024-01-28T06:50:43.970+0100] {processor.py:830} INFO - Processing file /home/ubuntu/.local/lib/python3.10/site-packages/airflow/example_dags/tutorial_taskflow_api_virtualenv.py for tasks to queue
[2024-01-28T06:50:43.997+0100] {logging_mixin.py:188} INFO - [2024-01-28T06:50:43.996+0100] {dagbag.py:538} INFO - Filling up the DagBag from /home/ubuntu/.local/lib/python3.10/site-packages/airflow/example_dags/tutorial_taskflow_api_virtualenv.py
[2024-01-28T06:50:44.061+0100] {processor.py:840} INFO - DAG(s) 'tutorial_taskflow_api_virtualenv' retrieved from /home/ubuntu/.local/lib/python3.10/site-packages/airflow/example_dags/tutorial_taskflow_api_virtualenv.py
[2024-01-28T06:50:44.249+0100] {logging_mixin.py:188} INFO - [2024-01-28T06:50:44.249+0100] {dag.py:3033} INFO - Sync 1 DAGs
[2024-01-28T06:50:44.349+0100] {logging_mixin.py:188} INFO - [2024-01-28T06:50:44.349+0100] {dag.py:3820} INFO - Setting next_dagrun for tutorial_taskflow_api_virtualenv to None, run_after=None
[2024-01-28T06:50:44.981+0100] {processor.py:183} INFO - Processing /home/ubuntu/.local/lib/python3.10/site-packages/airflow/example_dags/tutorial_taskflow_api_virtualenv.py took 1.121 seconds
[2024-01-28T06:52:42.933+0100] {processor.py:161} INFO - Started process (PID=11791) to work on /home/ubuntu/.local/lib/python3.10/site-packages/airflow/example_dags/tutorial_taskflow_api_virtualenv.py
[2024-01-28T06:52:43.003+0100] {processor.py:830} INFO - Processing file /home/ubuntu/.local/lib/python3.10/site-packages/airflow/example_dags/tutorial_taskflow_api_virtualenv.py for tasks to queue
[2024-01-28T06:52:43.008+0100] {logging_mixin.py:188} INFO - [2024-01-28T06:52:43.004+0100] {dagbag.py:538} INFO - Filling up the DagBag from /home/ubuntu/.local/lib/python3.10/site-packages/airflow/example_dags/tutorial_taskflow_api_virtualenv.py
[2024-01-28T06:52:43.076+0100] {processor.py:840} INFO - DAG(s) 'tutorial_taskflow_api_virtualenv' retrieved from /home/ubuntu/.local/lib/python3.10/site-packages/airflow/example_dags/tutorial_taskflow_api_virtualenv.py
[2024-01-28T06:52:43.355+0100] {logging_mixin.py:188} INFO - [2024-01-28T06:52:43.354+0100] {dag.py:3033} INFO - Sync 1 DAGs
[2024-01-28T06:52:43.492+0100] {logging_mixin.py:188} INFO - [2024-01-28T06:52:43.491+0100] {dag.py:3820} INFO - Setting next_dagrun for tutorial_taskflow_api_virtualenv to None, run_after=None
[2024-01-28T06:52:44.031+0100] {processor.py:183} INFO - Processing /home/ubuntu/.local/lib/python3.10/site-packages/airflow/example_dags/tutorial_taskflow_api_virtualenv.py took 1.129 seconds
[2024-01-28T06:54:41.717+0100] {processor.py:161} INFO - Started process (PID=11844) to work on /home/ubuntu/.local/lib/python3.10/site-packages/airflow/example_dags/tutorial_taskflow_api_virtualenv.py
[2024-01-28T06:54:41.771+0100] {processor.py:830} INFO - Processing file /home/ubuntu/.local/lib/python3.10/site-packages/airflow/example_dags/tutorial_taskflow_api_virtualenv.py for tasks to queue
[2024-01-28T06:54:41.788+0100] {logging_mixin.py:188} INFO - [2024-01-28T06:54:41.780+0100] {dagbag.py:538} INFO - Filling up the DagBag from /home/ubuntu/.local/lib/python3.10/site-packages/airflow/example_dags/tutorial_taskflow_api_virtualenv.py
[2024-01-28T06:54:41.906+0100] {processor.py:840} INFO - DAG(s) 'tutorial_taskflow_api_virtualenv' retrieved from /home/ubuntu/.local/lib/python3.10/site-packages/airflow/example_dags/tutorial_taskflow_api_virtualenv.py
[2024-01-28T06:54:42.034+0100] {logging_mixin.py:188} INFO - [2024-01-28T06:54:42.034+0100] {dag.py:3033} INFO - Sync 1 DAGs
[2024-01-28T06:54:42.157+0100] {logging_mixin.py:188} INFO - [2024-01-28T06:54:42.150+0100] {dag.py:3820} INFO - Setting next_dagrun for tutorial_taskflow_api_virtualenv to None, run_after=None
[2024-01-28T06:54:42.742+0100] {processor.py:183} INFO - Processing /home/ubuntu/.local/lib/python3.10/site-packages/airflow/example_dags/tutorial_taskflow_api_virtualenv.py took 1.067 seconds
[2024-01-28T06:56:39.936+0100] {processor.py:161} INFO - Started process (PID=11897) to work on /home/ubuntu/.local/lib/python3.10/site-packages/airflow/example_dags/tutorial_taskflow_api_virtualenv.py
[2024-01-28T06:56:39.975+0100] {processor.py:830} INFO - Processing file /home/ubuntu/.local/lib/python3.10/site-packages/airflow/example_dags/tutorial_taskflow_api_virtualenv.py for tasks to queue
[2024-01-28T06:56:40.005+0100] {logging_mixin.py:188} INFO - [2024-01-28T06:56:39.999+0100] {dagbag.py:538} INFO - Filling up the DagBag from /home/ubuntu/.local/lib/python3.10/site-packages/airflow/example_dags/tutorial_taskflow_api_virtualenv.py
[2024-01-28T06:56:40.113+0100] {processor.py:840} INFO - DAG(s) 'tutorial_taskflow_api_virtualenv' retrieved from /home/ubuntu/.local/lib/python3.10/site-packages/airflow/example_dags/tutorial_taskflow_api_virtualenv.py
[2024-01-28T06:56:40.249+0100] {logging_mixin.py:188} INFO - [2024-01-28T06:56:40.249+0100] {dag.py:3033} INFO - Sync 1 DAGs
[2024-01-28T06:56:40.383+0100] {logging_mixin.py:188} INFO - [2024-01-28T06:56:40.382+0100] {dag.py:3820} INFO - Setting next_dagrun for tutorial_taskflow_api_virtualenv to None, run_after=None
[2024-01-28T06:56:41.027+0100] {processor.py:183} INFO - Processing /home/ubuntu/.local/lib/python3.10/site-packages/airflow/example_dags/tutorial_taskflow_api_virtualenv.py took 1.178 seconds
[2024-01-28T06:58:07.759+0100] {processor.py:161} INFO - Started process (PID=12025) to work on /home/ubuntu/.local/lib/python3.10/site-packages/airflow/example_dags/tutorial_taskflow_api_virtualenv.py
[2024-01-28T06:58:07.806+0100] {processor.py:830} INFO - Processing file /home/ubuntu/.local/lib/python3.10/site-packages/airflow/example_dags/tutorial_taskflow_api_virtualenv.py for tasks to queue
[2024-01-28T06:58:07.808+0100] {logging_mixin.py:188} INFO - [2024-01-28T06:58:07.807+0100] {dagbag.py:538} INFO - Filling up the DagBag from /home/ubuntu/.local/lib/python3.10/site-packages/airflow/example_dags/tutorial_taskflow_api_virtualenv.py
[2024-01-28T06:58:07.834+0100] {processor.py:840} INFO - DAG(s) 'tutorial_taskflow_api_virtualenv' retrieved from /home/ubuntu/.local/lib/python3.10/site-packages/airflow/example_dags/tutorial_taskflow_api_virtualenv.py
[2024-01-28T06:58:07.924+0100] {logging_mixin.py:188} INFO - [2024-01-28T06:58:07.923+0100] {dag.py:3033} INFO - Sync 1 DAGs
[2024-01-28T06:58:08.001+0100] {logging_mixin.py:188} INFO - [2024-01-28T06:58:08.000+0100] {dag.py:3820} INFO - Setting next_dagrun for tutorial_taskflow_api_virtualenv to None, run_after=None
[2024-01-28T06:58:08.159+0100] {processor.py:183} INFO - Processing /home/ubuntu/.local/lib/python3.10/site-packages/airflow/example_dags/tutorial_taskflow_api_virtualenv.py took 0.405 seconds
[2024-01-28T06:59:00.472+0100] {processor.py:161} INFO - Started process (PID=12071) to work on /home/ubuntu/.local/lib/python3.10/site-packages/airflow/example_dags/tutorial_taskflow_api_virtualenv.py
[2024-01-28T06:59:00.487+0100] {processor.py:830} INFO - Processing file /home/ubuntu/.local/lib/python3.10/site-packages/airflow/example_dags/tutorial_taskflow_api_virtualenv.py for tasks to queue
[2024-01-28T06:59:00.490+0100] {logging_mixin.py:188} INFO - [2024-01-28T06:59:00.488+0100] {dagbag.py:538} INFO - Filling up the DagBag from /home/ubuntu/.local/lib/python3.10/site-packages/airflow/example_dags/tutorial_taskflow_api_virtualenv.py
[2024-01-28T06:59:00.540+0100] {processor.py:840} INFO - DAG(s) 'tutorial_taskflow_api_virtualenv' retrieved from /home/ubuntu/.local/lib/python3.10/site-packages/airflow/example_dags/tutorial_taskflow_api_virtualenv.py
[2024-01-28T06:59:00.867+0100] {logging_mixin.py:188} INFO - [2024-01-28T06:59:00.866+0100] {dag.py:3033} INFO - Sync 1 DAGs
[2024-01-28T06:59:00.904+0100] {logging_mixin.py:188} INFO - [2024-01-28T06:59:00.903+0100] {dag.py:3820} INFO - Setting next_dagrun for tutorial_taskflow_api_virtualenv to None, run_after=None
[2024-01-28T06:59:01.132+0100] {processor.py:183} INFO - Processing /home/ubuntu/.local/lib/python3.10/site-packages/airflow/example_dags/tutorial_taskflow_api_virtualenv.py took 0.681 seconds
[2024-01-28T06:59:51.758+0100] {processor.py:161} INFO - Started process (PID=12103) to work on /home/ubuntu/.local/lib/python3.10/site-packages/airflow/example_dags/tutorial_taskflow_api_virtualenv.py
[2024-01-28T06:59:51.778+0100] {processor.py:830} INFO - Processing file /home/ubuntu/.local/lib/python3.10/site-packages/airflow/example_dags/tutorial_taskflow_api_virtualenv.py for tasks to queue
[2024-01-28T06:59:51.779+0100] {logging_mixin.py:188} INFO - [2024-01-28T06:59:51.779+0100] {dagbag.py:538} INFO - Filling up the DagBag from /home/ubuntu/.local/lib/python3.10/site-packages/airflow/example_dags/tutorial_taskflow_api_virtualenv.py
[2024-01-28T06:59:51.836+0100] {processor.py:840} INFO - DAG(s) 'tutorial_taskflow_api_virtualenv' retrieved from /home/ubuntu/.local/lib/python3.10/site-packages/airflow/example_dags/tutorial_taskflow_api_virtualenv.py
[2024-01-28T06:59:51.920+0100] {logging_mixin.py:188} INFO - [2024-01-28T06:59:51.920+0100] {dag.py:3033} INFO - Sync 1 DAGs
[2024-01-28T06:59:51.948+0100] {logging_mixin.py:188} INFO - [2024-01-28T06:59:51.948+0100] {dag.py:3820} INFO - Setting next_dagrun for tutorial_taskflow_api_virtualenv to None, run_after=None
[2024-01-28T06:59:52.181+0100] {processor.py:183} INFO - Processing /home/ubuntu/.local/lib/python3.10/site-packages/airflow/example_dags/tutorial_taskflow_api_virtualenv.py took 0.432 seconds
[2024-01-28T07:00:39.058+0100] {processor.py:161} INFO - Started process (PID=12146) to work on /home/ubuntu/.local/lib/python3.10/site-packages/airflow/example_dags/tutorial_taskflow_api_virtualenv.py
[2024-01-28T07:00:39.091+0100] {processor.py:830} INFO - Processing file /home/ubuntu/.local/lib/python3.10/site-packages/airflow/example_dags/tutorial_taskflow_api_virtualenv.py for tasks to queue
[2024-01-28T07:00:39.106+0100] {logging_mixin.py:188} INFO - [2024-01-28T07:00:39.093+0100] {dagbag.py:538} INFO - Filling up the DagBag from /home/ubuntu/.local/lib/python3.10/site-packages/airflow/example_dags/tutorial_taskflow_api_virtualenv.py
[2024-01-28T07:00:39.123+0100] {processor.py:840} INFO - DAG(s) 'tutorial_taskflow_api_virtualenv' retrieved from /home/ubuntu/.local/lib/python3.10/site-packages/airflow/example_dags/tutorial_taskflow_api_virtualenv.py
[2024-01-28T07:00:39.174+0100] {logging_mixin.py:188} INFO - [2024-01-28T07:00:39.173+0100] {dag.py:3033} INFO - Sync 1 DAGs
[2024-01-28T07:00:39.232+0100] {logging_mixin.py:188} INFO - [2024-01-28T07:00:39.232+0100] {dag.py:3820} INFO - Setting next_dagrun for tutorial_taskflow_api_virtualenv to None, run_after=None
[2024-01-28T07:00:39.635+0100] {processor.py:183} INFO - Processing /home/ubuntu/.local/lib/python3.10/site-packages/airflow/example_dags/tutorial_taskflow_api_virtualenv.py took 0.591 seconds
[2024-01-28T07:01:28.560+0100] {processor.py:161} INFO - Started process (PID=12178) to work on /home/ubuntu/.local/lib/python3.10/site-packages/airflow/example_dags/tutorial_taskflow_api_virtualenv.py
[2024-01-28T07:01:28.599+0100] {processor.py:830} INFO - Processing file /home/ubuntu/.local/lib/python3.10/site-packages/airflow/example_dags/tutorial_taskflow_api_virtualenv.py for tasks to queue
[2024-01-28T07:01:28.601+0100] {logging_mixin.py:188} INFO - [2024-01-28T07:01:28.600+0100] {dagbag.py:538} INFO - Filling up the DagBag from /home/ubuntu/.local/lib/python3.10/site-packages/airflow/example_dags/tutorial_taskflow_api_virtualenv.py
[2024-01-28T07:01:28.658+0100] {processor.py:840} INFO - DAG(s) 'tutorial_taskflow_api_virtualenv' retrieved from /home/ubuntu/.local/lib/python3.10/site-packages/airflow/example_dags/tutorial_taskflow_api_virtualenv.py
[2024-01-28T07:01:28.718+0100] {logging_mixin.py:188} INFO - [2024-01-28T07:01:28.718+0100] {dag.py:3033} INFO - Sync 1 DAGs
[2024-01-28T07:01:28.761+0100] {logging_mixin.py:188} INFO - [2024-01-28T07:01:28.761+0100] {dag.py:3820} INFO - Setting next_dagrun for tutorial_taskflow_api_virtualenv to None, run_after=None
[2024-01-28T07:01:29.059+0100] {processor.py:183} INFO - Processing /home/ubuntu/.local/lib/python3.10/site-packages/airflow/example_dags/tutorial_taskflow_api_virtualenv.py took 0.517 seconds
[2024-01-28T07:02:18.540+0100] {processor.py:161} INFO - Started process (PID=12220) to work on /home/ubuntu/.local/lib/python3.10/site-packages/airflow/example_dags/tutorial_taskflow_api_virtualenv.py
[2024-01-28T07:02:18.565+0100] {processor.py:830} INFO - Processing file /home/ubuntu/.local/lib/python3.10/site-packages/airflow/example_dags/tutorial_taskflow_api_virtualenv.py for tasks to queue
[2024-01-28T07:02:18.570+0100] {logging_mixin.py:188} INFO - [2024-01-28T07:02:18.566+0100] {dagbag.py:538} INFO - Filling up the DagBag from /home/ubuntu/.local/lib/python3.10/site-packages/airflow/example_dags/tutorial_taskflow_api_virtualenv.py
[2024-01-28T07:02:18.583+0100] {processor.py:840} INFO - DAG(s) 'tutorial_taskflow_api_virtualenv' retrieved from /home/ubuntu/.local/lib/python3.10/site-packages/airflow/example_dags/tutorial_taskflow_api_virtualenv.py
[2024-01-28T07:02:18.634+0100] {logging_mixin.py:188} INFO - [2024-01-28T07:02:18.633+0100] {dag.py:3033} INFO - Sync 1 DAGs
[2024-01-28T07:02:18.672+0100] {logging_mixin.py:188} INFO - [2024-01-28T07:02:18.671+0100] {dag.py:3820} INFO - Setting next_dagrun for tutorial_taskflow_api_virtualenv to None, run_after=None
[2024-01-28T07:02:18.900+0100] {processor.py:183} INFO - Processing /home/ubuntu/.local/lib/python3.10/site-packages/airflow/example_dags/tutorial_taskflow_api_virtualenv.py took 0.365 seconds
[2024-01-28T07:03:05.908+0100] {processor.py:161} INFO - Started process (PID=12253) to work on /home/ubuntu/.local/lib/python3.10/site-packages/airflow/example_dags/tutorial_taskflow_api_virtualenv.py
[2024-01-28T07:03:05.930+0100] {processor.py:830} INFO - Processing file /home/ubuntu/.local/lib/python3.10/site-packages/airflow/example_dags/tutorial_taskflow_api_virtualenv.py for tasks to queue
[2024-01-28T07:03:05.931+0100] {logging_mixin.py:188} INFO - [2024-01-28T07:03:05.930+0100] {dagbag.py:538} INFO - Filling up the DagBag from /home/ubuntu/.local/lib/python3.10/site-packages/airflow/example_dags/tutorial_taskflow_api_virtualenv.py
[2024-01-28T07:03:05.967+0100] {processor.py:840} INFO - DAG(s) 'tutorial_taskflow_api_virtualenv' retrieved from /home/ubuntu/.local/lib/python3.10/site-packages/airflow/example_dags/tutorial_taskflow_api_virtualenv.py
[2024-01-28T07:03:06.065+0100] {logging_mixin.py:188} INFO - [2024-01-28T07:03:06.065+0100] {dag.py:3033} INFO - Sync 1 DAGs
[2024-01-28T07:03:06.154+0100] {logging_mixin.py:188} INFO - [2024-01-28T07:03:06.154+0100] {dag.py:3820} INFO - Setting next_dagrun for tutorial_taskflow_api_virtualenv to None, run_after=None
[2024-01-28T07:03:06.206+0100] {processor.py:183} INFO - Processing /home/ubuntu/.local/lib/python3.10/site-packages/airflow/example_dags/tutorial_taskflow_api_virtualenv.py took 0.304 seconds
[2024-01-28T07:03:52.255+0100] {processor.py:161} INFO - Started process (PID=12292) to work on /home/ubuntu/.local/lib/python3.10/site-packages/airflow/example_dags/tutorial_taskflow_api_virtualenv.py
[2024-01-28T07:03:52.278+0100] {processor.py:830} INFO - Processing file /home/ubuntu/.local/lib/python3.10/site-packages/airflow/example_dags/tutorial_taskflow_api_virtualenv.py for tasks to queue
[2024-01-28T07:03:52.280+0100] {logging_mixin.py:188} INFO - [2024-01-28T07:03:52.280+0100] {dagbag.py:538} INFO - Filling up the DagBag from /home/ubuntu/.local/lib/python3.10/site-packages/airflow/example_dags/tutorial_taskflow_api_virtualenv.py
[2024-01-28T07:03:52.296+0100] {processor.py:840} INFO - DAG(s) 'tutorial_taskflow_api_virtualenv' retrieved from /home/ubuntu/.local/lib/python3.10/site-packages/airflow/example_dags/tutorial_taskflow_api_virtualenv.py
[2024-01-28T07:03:52.322+0100] {logging_mixin.py:188} INFO - [2024-01-28T07:03:52.322+0100] {dag.py:3033} INFO - Sync 1 DAGs
[2024-01-28T07:03:52.338+0100] {logging_mixin.py:188} INFO - [2024-01-28T07:03:52.337+0100] {dag.py:3820} INFO - Setting next_dagrun for tutorial_taskflow_api_virtualenv to None, run_after=None
[2024-01-28T07:03:52.659+0100] {processor.py:183} INFO - Processing /home/ubuntu/.local/lib/python3.10/site-packages/airflow/example_dags/tutorial_taskflow_api_virtualenv.py took 0.464 seconds
[2024-01-28T07:04:41.996+0100] {processor.py:161} INFO - Started process (PID=12325) to work on /home/ubuntu/.local/lib/python3.10/site-packages/airflow/example_dags/tutorial_taskflow_api_virtualenv.py
[2024-01-28T07:04:42.000+0100] {processor.py:830} INFO - Processing file /home/ubuntu/.local/lib/python3.10/site-packages/airflow/example_dags/tutorial_taskflow_api_virtualenv.py for tasks to queue
[2024-01-28T07:04:42.027+0100] {logging_mixin.py:188} INFO - [2024-01-28T07:04:42.020+0100] {dagbag.py:538} INFO - Filling up the DagBag from /home/ubuntu/.local/lib/python3.10/site-packages/airflow/example_dags/tutorial_taskflow_api_virtualenv.py
[2024-01-28T07:04:42.076+0100] {processor.py:840} INFO - DAG(s) 'tutorial_taskflow_api_virtualenv' retrieved from /home/ubuntu/.local/lib/python3.10/site-packages/airflow/example_dags/tutorial_taskflow_api_virtualenv.py
[2024-01-28T07:04:42.148+0100] {logging_mixin.py:188} INFO - [2024-01-28T07:04:42.148+0100] {dag.py:3033} INFO - Sync 1 DAGs
[2024-01-28T07:04:42.160+0100] {logging_mixin.py:188} INFO - [2024-01-28T07:04:42.160+0100] {dag.py:3820} INFO - Setting next_dagrun for tutorial_taskflow_api_virtualenv to None, run_after=None
[2024-01-28T07:04:42.459+0100] {processor.py:183} INFO - Processing /home/ubuntu/.local/lib/python3.10/site-packages/airflow/example_dags/tutorial_taskflow_api_virtualenv.py took 0.475 seconds
[2024-01-28T07:05:32.599+0100] {processor.py:161} INFO - Started process (PID=12364) to work on /home/ubuntu/.local/lib/python3.10/site-packages/airflow/example_dags/tutorial_taskflow_api_virtualenv.py
[2024-01-28T07:05:32.617+0100] {processor.py:830} INFO - Processing file /home/ubuntu/.local/lib/python3.10/site-packages/airflow/example_dags/tutorial_taskflow_api_virtualenv.py for tasks to queue
[2024-01-28T07:05:32.619+0100] {logging_mixin.py:188} INFO - [2024-01-28T07:05:32.618+0100] {dagbag.py:538} INFO - Filling up the DagBag from /home/ubuntu/.local/lib/python3.10/site-packages/airflow/example_dags/tutorial_taskflow_api_virtualenv.py
[2024-01-28T07:05:32.638+0100] {processor.py:840} INFO - DAG(s) 'tutorial_taskflow_api_virtualenv' retrieved from /home/ubuntu/.local/lib/python3.10/site-packages/airflow/example_dags/tutorial_taskflow_api_virtualenv.py
[2024-01-28T07:05:32.693+0100] {logging_mixin.py:188} INFO - [2024-01-28T07:05:32.692+0100] {dag.py:3033} INFO - Sync 1 DAGs
[2024-01-28T07:05:32.728+0100] {logging_mixin.py:188} INFO - [2024-01-28T07:05:32.728+0100] {dag.py:3820} INFO - Setting next_dagrun for tutorial_taskflow_api_virtualenv to None, run_after=None
[2024-01-28T07:05:33.026+0100] {processor.py:183} INFO - Processing /home/ubuntu/.local/lib/python3.10/site-packages/airflow/example_dags/tutorial_taskflow_api_virtualenv.py took 0.440 seconds
[2024-01-28T07:06:24.259+0100] {processor.py:161} INFO - Started process (PID=12397) to work on /home/ubuntu/.local/lib/python3.10/site-packages/airflow/example_dags/tutorial_taskflow_api_virtualenv.py
[2024-01-28T07:06:24.284+0100] {processor.py:830} INFO - Processing file /home/ubuntu/.local/lib/python3.10/site-packages/airflow/example_dags/tutorial_taskflow_api_virtualenv.py for tasks to queue
[2024-01-28T07:06:24.290+0100] {logging_mixin.py:188} INFO - [2024-01-28T07:06:24.289+0100] {dagbag.py:538} INFO - Filling up the DagBag from /home/ubuntu/.local/lib/python3.10/site-packages/airflow/example_dags/tutorial_taskflow_api_virtualenv.py
[2024-01-28T07:06:24.327+0100] {processor.py:840} INFO - DAG(s) 'tutorial_taskflow_api_virtualenv' retrieved from /home/ubuntu/.local/lib/python3.10/site-packages/airflow/example_dags/tutorial_taskflow_api_virtualenv.py
[2024-01-28T07:06:24.347+0100] {logging_mixin.py:188} INFO - [2024-01-28T07:06:24.347+0100] {dag.py:3033} INFO - Sync 1 DAGs
[2024-01-28T07:06:24.379+0100] {logging_mixin.py:188} INFO - [2024-01-28T07:06:24.379+0100] {dag.py:3820} INFO - Setting next_dagrun for tutorial_taskflow_api_virtualenv to None, run_after=None
[2024-01-28T07:06:24.603+0100] {processor.py:183} INFO - Processing /home/ubuntu/.local/lib/python3.10/site-packages/airflow/example_dags/tutorial_taskflow_api_virtualenv.py took 0.351 seconds
[2024-01-28T07:07:11.247+0100] {processor.py:161} INFO - Started process (PID=12436) to work on /home/ubuntu/.local/lib/python3.10/site-packages/airflow/example_dags/tutorial_taskflow_api_virtualenv.py
[2024-01-28T07:07:11.274+0100] {processor.py:830} INFO - Processing file /home/ubuntu/.local/lib/python3.10/site-packages/airflow/example_dags/tutorial_taskflow_api_virtualenv.py for tasks to queue
[2024-01-28T07:07:11.276+0100] {logging_mixin.py:188} INFO - [2024-01-28T07:07:11.275+0100] {dagbag.py:538} INFO - Filling up the DagBag from /home/ubuntu/.local/lib/python3.10/site-packages/airflow/example_dags/tutorial_taskflow_api_virtualenv.py
[2024-01-28T07:07:11.310+0100] {processor.py:840} INFO - DAG(s) 'tutorial_taskflow_api_virtualenv' retrieved from /home/ubuntu/.local/lib/python3.10/site-packages/airflow/example_dags/tutorial_taskflow_api_virtualenv.py
[2024-01-28T07:07:11.380+0100] {logging_mixin.py:188} INFO - [2024-01-28T07:07:11.379+0100] {dag.py:3033} INFO - Sync 1 DAGs
[2024-01-28T07:07:11.418+0100] {logging_mixin.py:188} INFO - [2024-01-28T07:07:11.418+0100] {dag.py:3820} INFO - Setting next_dagrun for tutorial_taskflow_api_virtualenv to None, run_after=None
[2024-01-28T07:07:11.768+0100] {processor.py:183} INFO - Processing /home/ubuntu/.local/lib/python3.10/site-packages/airflow/example_dags/tutorial_taskflow_api_virtualenv.py took 0.533 seconds
[2024-01-28T07:08:05.084+0100] {processor.py:161} INFO - Started process (PID=12471) to work on /home/ubuntu/.local/lib/python3.10/site-packages/airflow/example_dags/tutorial_taskflow_api_virtualenv.py
[2024-01-28T07:08:05.132+0100] {processor.py:830} INFO - Processing file /home/ubuntu/.local/lib/python3.10/site-packages/airflow/example_dags/tutorial_taskflow_api_virtualenv.py for tasks to queue
[2024-01-28T07:08:05.142+0100] {logging_mixin.py:188} INFO - [2024-01-28T07:08:05.137+0100] {dagbag.py:538} INFO - Filling up the DagBag from /home/ubuntu/.local/lib/python3.10/site-packages/airflow/example_dags/tutorial_taskflow_api_virtualenv.py
[2024-01-28T07:08:05.161+0100] {processor.py:840} INFO - DAG(s) 'tutorial_taskflow_api_virtualenv' retrieved from /home/ubuntu/.local/lib/python3.10/site-packages/airflow/example_dags/tutorial_taskflow_api_virtualenv.py
[2024-01-28T07:08:05.261+0100] {logging_mixin.py:188} INFO - [2024-01-28T07:08:05.257+0100] {dag.py:3033} INFO - Sync 1 DAGs
[2024-01-28T07:08:05.300+0100] {logging_mixin.py:188} INFO - [2024-01-28T07:08:05.300+0100] {dag.py:3820} INFO - Setting next_dagrun for tutorial_taskflow_api_virtualenv to None, run_after=None
[2024-01-28T07:08:05.641+0100] {processor.py:183} INFO - Processing /home/ubuntu/.local/lib/python3.10/site-packages/airflow/example_dags/tutorial_taskflow_api_virtualenv.py took 0.574 seconds
[2024-01-28T07:08:56.635+0100] {processor.py:161} INFO - Started process (PID=12512) to work on /home/ubuntu/.local/lib/python3.10/site-packages/airflow/example_dags/tutorial_taskflow_api_virtualenv.py
[2024-01-28T07:08:56.675+0100] {processor.py:830} INFO - Processing file /home/ubuntu/.local/lib/python3.10/site-packages/airflow/example_dags/tutorial_taskflow_api_virtualenv.py for tasks to queue
[2024-01-28T07:08:56.677+0100] {logging_mixin.py:188} INFO - [2024-01-28T07:08:56.676+0100] {dagbag.py:538} INFO - Filling up the DagBag from /home/ubuntu/.local/lib/python3.10/site-packages/airflow/example_dags/tutorial_taskflow_api_virtualenv.py
[2024-01-28T07:08:56.695+0100] {processor.py:840} INFO - DAG(s) 'tutorial_taskflow_api_virtualenv' retrieved from /home/ubuntu/.local/lib/python3.10/site-packages/airflow/example_dags/tutorial_taskflow_api_virtualenv.py
[2024-01-28T07:08:56.724+0100] {logging_mixin.py:188} INFO - [2024-01-28T07:08:56.724+0100] {dag.py:3033} INFO - Sync 1 DAGs
[2024-01-28T07:08:56.746+0100] {logging_mixin.py:188} INFO - [2024-01-28T07:08:56.746+0100] {dag.py:3820} INFO - Setting next_dagrun for tutorial_taskflow_api_virtualenv to None, run_after=None
[2024-01-28T07:08:57.029+0100] {processor.py:183} INFO - Processing /home/ubuntu/.local/lib/python3.10/site-packages/airflow/example_dags/tutorial_taskflow_api_virtualenv.py took 0.408 seconds
[2024-01-28T07:09:49.447+0100] {processor.py:161} INFO - Started process (PID=12555) to work on /home/ubuntu/.local/lib/python3.10/site-packages/airflow/example_dags/tutorial_taskflow_api_virtualenv.py
[2024-01-28T07:09:49.456+0100] {processor.py:830} INFO - Processing file /home/ubuntu/.local/lib/python3.10/site-packages/airflow/example_dags/tutorial_taskflow_api_virtualenv.py for tasks to queue
[2024-01-28T07:09:49.457+0100] {logging_mixin.py:188} INFO - [2024-01-28T07:09:49.457+0100] {dagbag.py:538} INFO - Filling up the DagBag from /home/ubuntu/.local/lib/python3.10/site-packages/airflow/example_dags/tutorial_taskflow_api_virtualenv.py
[2024-01-28T07:09:49.549+0100] {processor.py:840} INFO - DAG(s) 'tutorial_taskflow_api_virtualenv' retrieved from /home/ubuntu/.local/lib/python3.10/site-packages/airflow/example_dags/tutorial_taskflow_api_virtualenv.py
[2024-01-28T07:09:49.628+0100] {logging_mixin.py:188} INFO - [2024-01-28T07:09:49.627+0100] {dag.py:3033} INFO - Sync 1 DAGs
[2024-01-28T07:09:49.681+0100] {logging_mixin.py:188} INFO - [2024-01-28T07:09:49.681+0100] {dag.py:3820} INFO - Setting next_dagrun for tutorial_taskflow_api_virtualenv to None, run_after=None
[2024-01-28T07:09:49.990+0100] {processor.py:183} INFO - Processing /home/ubuntu/.local/lib/python3.10/site-packages/airflow/example_dags/tutorial_taskflow_api_virtualenv.py took 0.551 seconds
[2024-01-28T07:10:41.266+0100] {processor.py:161} INFO - Started process (PID=12605) to work on /home/ubuntu/.local/lib/python3.10/site-packages/airflow/example_dags/tutorial_taskflow_api_virtualenv.py
[2024-01-28T07:10:41.276+0100] {processor.py:830} INFO - Processing file /home/ubuntu/.local/lib/python3.10/site-packages/airflow/example_dags/tutorial_taskflow_api_virtualenv.py for tasks to queue
[2024-01-28T07:10:41.278+0100] {logging_mixin.py:188} INFO - [2024-01-28T07:10:41.277+0100] {dagbag.py:538} INFO - Filling up the DagBag from /home/ubuntu/.local/lib/python3.10/site-packages/airflow/example_dags/tutorial_taskflow_api_virtualenv.py
[2024-01-28T07:10:41.298+0100] {processor.py:840} INFO - DAG(s) 'tutorial_taskflow_api_virtualenv' retrieved from /home/ubuntu/.local/lib/python3.10/site-packages/airflow/example_dags/tutorial_taskflow_api_virtualenv.py
[2024-01-28T07:10:41.353+0100] {logging_mixin.py:188} INFO - [2024-01-28T07:10:41.353+0100] {dag.py:3033} INFO - Sync 1 DAGs
[2024-01-28T07:10:41.369+0100] {logging_mixin.py:188} INFO - [2024-01-28T07:10:41.368+0100] {dag.py:3820} INFO - Setting next_dagrun for tutorial_taskflow_api_virtualenv to None, run_after=None
[2024-01-28T07:10:41.637+0100] {processor.py:183} INFO - Processing /home/ubuntu/.local/lib/python3.10/site-packages/airflow/example_dags/tutorial_taskflow_api_virtualenv.py took 0.379 seconds
[2024-01-28T07:11:34.909+0100] {processor.py:161} INFO - Started process (PID=12665) to work on /home/ubuntu/.local/lib/python3.10/site-packages/airflow/example_dags/tutorial_taskflow_api_virtualenv.py
[2024-01-28T07:11:34.942+0100] {processor.py:830} INFO - Processing file /home/ubuntu/.local/lib/python3.10/site-packages/airflow/example_dags/tutorial_taskflow_api_virtualenv.py for tasks to queue
[2024-01-28T07:11:34.943+0100] {logging_mixin.py:188} INFO - [2024-01-28T07:11:34.943+0100] {dagbag.py:538} INFO - Filling up the DagBag from /home/ubuntu/.local/lib/python3.10/site-packages/airflow/example_dags/tutorial_taskflow_api_virtualenv.py
[2024-01-28T07:11:34.963+0100] {processor.py:840} INFO - DAG(s) 'tutorial_taskflow_api_virtualenv' retrieved from /home/ubuntu/.local/lib/python3.10/site-packages/airflow/example_dags/tutorial_taskflow_api_virtualenv.py
[2024-01-28T07:11:35.001+0100] {logging_mixin.py:188} INFO - [2024-01-28T07:11:35.000+0100] {dag.py:3033} INFO - Sync 1 DAGs
[2024-01-28T07:11:35.015+0100] {logging_mixin.py:188} INFO - [2024-01-28T07:11:35.014+0100] {dag.py:3820} INFO - Setting next_dagrun for tutorial_taskflow_api_virtualenv to None, run_after=None
[2024-01-28T07:11:35.243+0100] {processor.py:183} INFO - Processing /home/ubuntu/.local/lib/python3.10/site-packages/airflow/example_dags/tutorial_taskflow_api_virtualenv.py took 0.339 seconds
[2024-01-28T07:12:29.771+0100] {processor.py:161} INFO - Started process (PID=12802) to work on /home/ubuntu/.local/lib/python3.10/site-packages/airflow/example_dags/tutorial_taskflow_api_virtualenv.py
[2024-01-28T07:12:29.774+0100] {processor.py:830} INFO - Processing file /home/ubuntu/.local/lib/python3.10/site-packages/airflow/example_dags/tutorial_taskflow_api_virtualenv.py for tasks to queue
[2024-01-28T07:12:29.776+0100] {logging_mixin.py:188} INFO - [2024-01-28T07:12:29.775+0100] {dagbag.py:538} INFO - Filling up the DagBag from /home/ubuntu/.local/lib/python3.10/site-packages/airflow/example_dags/tutorial_taskflow_api_virtualenv.py
[2024-01-28T07:12:29.785+0100] {processor.py:840} INFO - DAG(s) 'tutorial_taskflow_api_virtualenv' retrieved from /home/ubuntu/.local/lib/python3.10/site-packages/airflow/example_dags/tutorial_taskflow_api_virtualenv.py
[2024-01-28T07:12:29.804+0100] {logging_mixin.py:188} INFO - [2024-01-28T07:12:29.803+0100] {dag.py:3033} INFO - Sync 1 DAGs
[2024-01-28T07:12:29.816+0100] {logging_mixin.py:188} INFO - [2024-01-28T07:12:29.816+0100] {dag.py:3820} INFO - Setting next_dagrun for tutorial_taskflow_api_virtualenv to None, run_after=None
[2024-01-28T07:12:29.886+0100] {processor.py:183} INFO - Processing /home/ubuntu/.local/lib/python3.10/site-packages/airflow/example_dags/tutorial_taskflow_api_virtualenv.py took 0.120 seconds
[2024-01-28T07:13:20.340+0100] {processor.py:161} INFO - Started process (PID=13033) to work on /home/ubuntu/.local/lib/python3.10/site-packages/airflow/example_dags/tutorial_taskflow_api_virtualenv.py
[2024-01-28T07:13:20.343+0100] {processor.py:830} INFO - Processing file /home/ubuntu/.local/lib/python3.10/site-packages/airflow/example_dags/tutorial_taskflow_api_virtualenv.py for tasks to queue
[2024-01-28T07:13:20.344+0100] {logging_mixin.py:188} INFO - [2024-01-28T07:13:20.343+0100] {dagbag.py:538} INFO - Filling up the DagBag from /home/ubuntu/.local/lib/python3.10/site-packages/airflow/example_dags/tutorial_taskflow_api_virtualenv.py
[2024-01-28T07:13:20.356+0100] {processor.py:840} INFO - DAG(s) 'tutorial_taskflow_api_virtualenv' retrieved from /home/ubuntu/.local/lib/python3.10/site-packages/airflow/example_dags/tutorial_taskflow_api_virtualenv.py
[2024-01-28T07:13:20.396+0100] {logging_mixin.py:188} INFO - [2024-01-28T07:13:20.395+0100] {dag.py:3033} INFO - Sync 1 DAGs
[2024-01-28T07:13:20.419+0100] {logging_mixin.py:188} INFO - [2024-01-28T07:13:20.419+0100] {dag.py:3820} INFO - Setting next_dagrun for tutorial_taskflow_api_virtualenv to None, run_after=None
[2024-01-28T07:13:20.481+0100] {processor.py:183} INFO - Processing /home/ubuntu/.local/lib/python3.10/site-packages/airflow/example_dags/tutorial_taskflow_api_virtualenv.py took 0.149 seconds
[2024-01-28T07:14:08.015+0100] {processor.py:161} INFO - Started process (PID=13131) to work on /home/ubuntu/.local/lib/python3.10/site-packages/airflow/example_dags/tutorial_taskflow_api_virtualenv.py
[2024-01-28T07:14:08.063+0100] {processor.py:830} INFO - Processing file /home/ubuntu/.local/lib/python3.10/site-packages/airflow/example_dags/tutorial_taskflow_api_virtualenv.py for tasks to queue
[2024-01-28T07:14:08.064+0100] {logging_mixin.py:188} INFO - [2024-01-28T07:14:08.064+0100] {dagbag.py:538} INFO - Filling up the DagBag from /home/ubuntu/.local/lib/python3.10/site-packages/airflow/example_dags/tutorial_taskflow_api_virtualenv.py
[2024-01-28T07:14:08.078+0100] {processor.py:840} INFO - DAG(s) 'tutorial_taskflow_api_virtualenv' retrieved from /home/ubuntu/.local/lib/python3.10/site-packages/airflow/example_dags/tutorial_taskflow_api_virtualenv.py
[2024-01-28T07:14:08.098+0100] {logging_mixin.py:188} INFO - [2024-01-28T07:14:08.098+0100] {dag.py:3033} INFO - Sync 1 DAGs
[2024-01-28T07:14:08.114+0100] {logging_mixin.py:188} INFO - [2024-01-28T07:14:08.114+0100] {dag.py:3820} INFO - Setting next_dagrun for tutorial_taskflow_api_virtualenv to None, run_after=None
[2024-01-28T07:14:08.284+0100] {processor.py:183} INFO - Processing /home/ubuntu/.local/lib/python3.10/site-packages/airflow/example_dags/tutorial_taskflow_api_virtualenv.py took 0.273 seconds
[2024-01-28T07:14:59.727+0100] {processor.py:161} INFO - Started process (PID=13170) to work on /home/ubuntu/.local/lib/python3.10/site-packages/airflow/example_dags/tutorial_taskflow_api_virtualenv.py
[2024-01-28T07:14:59.730+0100] {processor.py:830} INFO - Processing file /home/ubuntu/.local/lib/python3.10/site-packages/airflow/example_dags/tutorial_taskflow_api_virtualenv.py for tasks to queue
[2024-01-28T07:14:59.733+0100] {logging_mixin.py:188} INFO - [2024-01-28T07:14:59.731+0100] {dagbag.py:538} INFO - Filling up the DagBag from /home/ubuntu/.local/lib/python3.10/site-packages/airflow/example_dags/tutorial_taskflow_api_virtualenv.py
[2024-01-28T07:14:59.759+0100] {processor.py:840} INFO - DAG(s) 'tutorial_taskflow_api_virtualenv' retrieved from /home/ubuntu/.local/lib/python3.10/site-packages/airflow/example_dags/tutorial_taskflow_api_virtualenv.py
[2024-01-28T07:14:59.821+0100] {logging_mixin.py:188} INFO - [2024-01-28T07:14:59.817+0100] {dag.py:3033} INFO - Sync 1 DAGs
[2024-01-28T07:14:59.875+0100] {logging_mixin.py:188} INFO - [2024-01-28T07:14:59.872+0100] {dag.py:3820} INFO - Setting next_dagrun for tutorial_taskflow_api_virtualenv to None, run_after=None
[2024-01-28T07:15:00.059+0100] {processor.py:183} INFO - Processing /home/ubuntu/.local/lib/python3.10/site-packages/airflow/example_dags/tutorial_taskflow_api_virtualenv.py took 0.338 seconds
[2024-01-28T07:15:54.516+0100] {processor.py:161} INFO - Started process (PID=13268) to work on /home/ubuntu/.local/lib/python3.10/site-packages/airflow/example_dags/tutorial_taskflow_api_virtualenv.py
[2024-01-28T07:15:54.566+0100] {processor.py:830} INFO - Processing file /home/ubuntu/.local/lib/python3.10/site-packages/airflow/example_dags/tutorial_taskflow_api_virtualenv.py for tasks to queue
[2024-01-28T07:15:54.596+0100] {logging_mixin.py:188} INFO - [2024-01-28T07:15:54.585+0100] {dagbag.py:538} INFO - Filling up the DagBag from /home/ubuntu/.local/lib/python3.10/site-packages/airflow/example_dags/tutorial_taskflow_api_virtualenv.py
[2024-01-28T07:15:54.645+0100] {processor.py:840} INFO - DAG(s) 'tutorial_taskflow_api_virtualenv' retrieved from /home/ubuntu/.local/lib/python3.10/site-packages/airflow/example_dags/tutorial_taskflow_api_virtualenv.py
[2024-01-28T07:15:54.715+0100] {logging_mixin.py:188} INFO - [2024-01-28T07:15:54.715+0100] {dag.py:3033} INFO - Sync 1 DAGs
[2024-01-28T07:15:54.789+0100] {logging_mixin.py:188} INFO - [2024-01-28T07:15:54.788+0100] {dag.py:3820} INFO - Setting next_dagrun for tutorial_taskflow_api_virtualenv to None, run_after=None
[2024-01-28T07:15:55.345+0100] {processor.py:183} INFO - Processing /home/ubuntu/.local/lib/python3.10/site-packages/airflow/example_dags/tutorial_taskflow_api_virtualenv.py took 0.838 seconds
[2024-01-28T07:16:53.773+0100] {processor.py:161} INFO - Started process (PID=13333) to work on /home/ubuntu/.local/lib/python3.10/site-packages/airflow/example_dags/tutorial_taskflow_api_virtualenv.py
[2024-01-28T07:16:53.810+0100] {processor.py:830} INFO - Processing file /home/ubuntu/.local/lib/python3.10/site-packages/airflow/example_dags/tutorial_taskflow_api_virtualenv.py for tasks to queue
[2024-01-28T07:16:53.812+0100] {logging_mixin.py:188} INFO - [2024-01-28T07:16:53.811+0100] {dagbag.py:538} INFO - Filling up the DagBag from /home/ubuntu/.local/lib/python3.10/site-packages/airflow/example_dags/tutorial_taskflow_api_virtualenv.py
[2024-01-28T07:16:53.861+0100] {processor.py:840} INFO - DAG(s) 'tutorial_taskflow_api_virtualenv' retrieved from /home/ubuntu/.local/lib/python3.10/site-packages/airflow/example_dags/tutorial_taskflow_api_virtualenv.py
[2024-01-28T07:16:53.933+0100] {logging_mixin.py:188} INFO - [2024-01-28T07:16:53.933+0100] {dag.py:3033} INFO - Sync 1 DAGs
[2024-01-28T07:16:53.976+0100] {logging_mixin.py:188} INFO - [2024-01-28T07:16:53.976+0100] {dag.py:3820} INFO - Setting next_dagrun for tutorial_taskflow_api_virtualenv to None, run_after=None
[2024-01-28T07:16:54.316+0100] {processor.py:183} INFO - Processing /home/ubuntu/.local/lib/python3.10/site-packages/airflow/example_dags/tutorial_taskflow_api_virtualenv.py took 0.565 seconds
[2024-01-28T07:17:40.602+0100] {processor.py:161} INFO - Started process (PID=13389) to work on /home/ubuntu/.local/lib/python3.10/site-packages/airflow/example_dags/tutorial_taskflow_api_virtualenv.py
[2024-01-28T07:17:40.641+0100] {processor.py:830} INFO - Processing file /home/ubuntu/.local/lib/python3.10/site-packages/airflow/example_dags/tutorial_taskflow_api_virtualenv.py for tasks to queue
[2024-01-28T07:17:40.642+0100] {logging_mixin.py:188} INFO - [2024-01-28T07:17:40.642+0100] {dagbag.py:538} INFO - Filling up the DagBag from /home/ubuntu/.local/lib/python3.10/site-packages/airflow/example_dags/tutorial_taskflow_api_virtualenv.py
[2024-01-28T07:17:40.686+0100] {processor.py:840} INFO - DAG(s) 'tutorial_taskflow_api_virtualenv' retrieved from /home/ubuntu/.local/lib/python3.10/site-packages/airflow/example_dags/tutorial_taskflow_api_virtualenv.py
[2024-01-28T07:17:40.766+0100] {logging_mixin.py:188} INFO - [2024-01-28T07:17:40.765+0100] {dag.py:3033} INFO - Sync 1 DAGs
[2024-01-28T07:17:40.816+0100] {logging_mixin.py:188} INFO - [2024-01-28T07:17:40.816+0100] {dag.py:3820} INFO - Setting next_dagrun for tutorial_taskflow_api_virtualenv to None, run_after=None
[2024-01-28T07:17:41.145+0100] {processor.py:183} INFO - Processing /home/ubuntu/.local/lib/python3.10/site-packages/airflow/example_dags/tutorial_taskflow_api_virtualenv.py took 0.551 seconds
[2024-01-28T07:18:29.514+0100] {processor.py:161} INFO - Started process (PID=13450) to work on /home/ubuntu/.local/lib/python3.10/site-packages/airflow/example_dags/tutorial_taskflow_api_virtualenv.py
[2024-01-28T07:18:29.523+0100] {processor.py:830} INFO - Processing file /home/ubuntu/.local/lib/python3.10/site-packages/airflow/example_dags/tutorial_taskflow_api_virtualenv.py for tasks to queue
[2024-01-28T07:18:29.525+0100] {logging_mixin.py:188} INFO - [2024-01-28T07:18:29.524+0100] {dagbag.py:538} INFO - Filling up the DagBag from /home/ubuntu/.local/lib/python3.10/site-packages/airflow/example_dags/tutorial_taskflow_api_virtualenv.py
[2024-01-28T07:18:29.539+0100] {processor.py:840} INFO - DAG(s) 'tutorial_taskflow_api_virtualenv' retrieved from /home/ubuntu/.local/lib/python3.10/site-packages/airflow/example_dags/tutorial_taskflow_api_virtualenv.py
[2024-01-28T07:18:29.648+0100] {logging_mixin.py:188} INFO - [2024-01-28T07:18:29.648+0100] {dag.py:3033} INFO - Sync 1 DAGs
[2024-01-28T07:18:29.720+0100] {logging_mixin.py:188} INFO - [2024-01-28T07:18:29.720+0100] {dag.py:3820} INFO - Setting next_dagrun for tutorial_taskflow_api_virtualenv to None, run_after=None
[2024-01-28T07:18:29.966+0100] {processor.py:183} INFO - Processing /home/ubuntu/.local/lib/python3.10/site-packages/airflow/example_dags/tutorial_taskflow_api_virtualenv.py took 0.462 seconds
[2024-01-28T07:19:21.148+0100] {processor.py:161} INFO - Started process (PID=13489) to work on /home/ubuntu/.local/lib/python3.10/site-packages/airflow/example_dags/tutorial_taskflow_api_virtualenv.py
[2024-01-28T07:19:21.164+0100] {processor.py:830} INFO - Processing file /home/ubuntu/.local/lib/python3.10/site-packages/airflow/example_dags/tutorial_taskflow_api_virtualenv.py for tasks to queue
[2024-01-28T07:19:21.166+0100] {logging_mixin.py:188} INFO - [2024-01-28T07:19:21.165+0100] {dagbag.py:538} INFO - Filling up the DagBag from /home/ubuntu/.local/lib/python3.10/site-packages/airflow/example_dags/tutorial_taskflow_api_virtualenv.py
[2024-01-28T07:19:21.179+0100] {processor.py:840} INFO - DAG(s) 'tutorial_taskflow_api_virtualenv' retrieved from /home/ubuntu/.local/lib/python3.10/site-packages/airflow/example_dags/tutorial_taskflow_api_virtualenv.py
[2024-01-28T07:19:21.218+0100] {logging_mixin.py:188} INFO - [2024-01-28T07:19:21.217+0100] {dag.py:3033} INFO - Sync 1 DAGs
[2024-01-28T07:19:21.260+0100] {logging_mixin.py:188} INFO - [2024-01-28T07:19:21.260+0100] {dag.py:3820} INFO - Setting next_dagrun for tutorial_taskflow_api_virtualenv to None, run_after=None
[2024-01-28T07:19:21.578+0100] {processor.py:183} INFO - Processing /home/ubuntu/.local/lib/python3.10/site-packages/airflow/example_dags/tutorial_taskflow_api_virtualenv.py took 0.442 seconds
                                                                                                                                                                                                                                                                                                                                                                                                                                                                                                                                                                                                                                                                                                                                                                                                                                                                                                                                                                                                                                                                                                                                                                                                                                                                                                                                                                                                                                    