[2024-02-01T14:08:28.263+0100] {processor.py:161} INFO - Started process (PID=6152) to work on /home/ubuntu/.local/lib/python3.10/site-packages/airflow/example_dags/example_external_task_marker_dag.py
[2024-02-01T14:08:28.266+0100] {processor.py:830} INFO - Processing file /home/ubuntu/.local/lib/python3.10/site-packages/airflow/example_dags/example_external_task_marker_dag.py for tasks to queue
[2024-02-01T14:08:28.287+0100] {logging_mixin.py:188} INFO - [2024-02-01T14:08:28.285+0100] {dagbag.py:538} INFO - Filling up the DagBag from /home/ubuntu/.local/lib/python3.10/site-packages/airflow/example_dags/example_external_task_marker_dag.py
[2024-02-01T14:08:28.339+0100] {processor.py:840} INFO - DAG(s) 'example_external_task_marker_child', 'example_external_task_marker_parent' retrieved from /home/ubuntu/.local/lib/python3.10/site-packages/airflow/example_dags/example_external_task_marker_dag.py
[2024-02-01T14:08:28.861+0100] {logging_mixin.py:188} INFO - [2024-02-01T14:08:28.860+0100] {dag.py:3033} INFO - Sync 2 DAGs
[2024-02-01T14:08:28.881+0100] {logging_mixin.py:188} INFO - [2024-02-01T14:08:28.880+0100] {dag.py:3820} INFO - Setting next_dagrun for example_external_task_marker_child to None, run_after=None
[2024-02-01T14:08:28.885+0100] {logging_mixin.py:188} INFO - [2024-02-01T14:08:28.885+0100] {dag.py:3820} INFO - Setting next_dagrun for example_external_task_marker_parent to None, run_after=None
[2024-02-01T14:08:29.501+0100] {processor.py:183} INFO - Processing /home/ubuntu/.local/lib/python3.10/site-packages/airflow/example_dags/example_external_task_marker_dag.py took 1.326 seconds
[2024-02-01T14:11:33.197+0100] {processor.py:161} INFO - Started process (PID=6234) to work on /home/ubuntu/.local/lib/python3.10/site-packages/airflow/example_dags/example_external_task_marker_dag.py
[2024-02-01T14:11:33.212+0100] {processor.py:830} INFO - Processing file /home/ubuntu/.local/lib/python3.10/site-packages/airflow/example_dags/example_external_task_marker_dag.py for tasks to queue
[2024-02-01T14:11:33.220+0100] {logging_mixin.py:188} INFO - [2024-02-01T14:11:33.213+0100] {dagbag.py:538} INFO - Filling up the DagBag from /home/ubuntu/.local/lib/python3.10/site-packages/airflow/example_dags/example_external_task_marker_dag.py
[2024-02-01T14:11:33.235+0100] {processor.py:840} INFO - DAG(s) 'example_external_task_marker_child', 'example_external_task_marker_parent' retrieved from /home/ubuntu/.local/lib/python3.10/site-packages/airflow/example_dags/example_external_task_marker_dag.py
[2024-02-01T14:11:33.428+0100] {logging_mixin.py:188} INFO - [2024-02-01T14:11:33.399+0100] {dag.py:3033} INFO - Sync 2 DAGs
[2024-02-01T14:11:33.569+0100] {logging_mixin.py:188} INFO - [2024-02-01T14:11:33.569+0100] {dag.py:3820} INFO - Setting next_dagrun for example_external_task_marker_child to None, run_after=None
[2024-02-01T14:11:33.605+0100] {logging_mixin.py:188} INFO - [2024-02-01T14:11:33.605+0100] {dag.py:3820} INFO - Setting next_dagrun for example_external_task_marker_parent to None, run_after=None
[2024-02-01T14:11:33.997+0100] {processor.py:183} INFO - Processing /home/ubuntu/.local/lib/python3.10/site-packages/airflow/example_dags/example_external_task_marker_dag.py took 0.814 seconds
[2024-02-01T14:13:26.242+0100] {processor.py:161} INFO - Started process (PID=6346) to work on /home/ubuntu/.local/lib/python3.10/site-packages/airflow/example_dags/example_external_task_marker_dag.py
[2024-02-01T14:13:26.321+0100] {processor.py:830} INFO - Processing file /home/ubuntu/.local/lib/python3.10/site-packages/airflow/example_dags/example_external_task_marker_dag.py for tasks to queue
[2024-02-01T14:13:26.348+0100] {logging_mixin.py:188} INFO - [2024-02-01T14:13:26.322+0100] {dagbag.py:538} INFO - Filling up the DagBag from /home/ubuntu/.local/lib/python3.10/site-packages/airflow/example_dags/example_external_task_marker_dag.py
[2024-02-01T14:13:26.387+0100] {processor.py:840} INFO - DAG(s) 'example_external_task_marker_parent', 'example_external_task_marker_child' retrieved from /home/ubuntu/.local/lib/python3.10/site-packages/airflow/example_dags/example_external_task_marker_dag.py
[2024-02-01T14:13:26.436+0100] {logging_mixin.py:188} INFO - [2024-02-01T14:13:26.436+0100] {dag.py:3033} INFO - Sync 2 DAGs
[2024-02-01T14:13:26.467+0100] {logging_mixin.py:188} INFO - [2024-02-01T14:13:26.466+0100] {dag.py:3820} INFO - Setting next_dagrun for example_external_task_marker_child to None, run_after=None
[2024-02-01T14:13:26.474+0100] {logging_mixin.py:188} INFO - [2024-02-01T14:13:26.473+0100] {dag.py:3820} INFO - Setting next_dagrun for example_external_task_marker_parent to None, run_after=None
[2024-02-01T14:13:27.123+0100] {processor.py:183} INFO - Processing /home/ubuntu/.local/lib/python3.10/site-packages/airflow/example_dags/example_external_task_marker_dag.py took 0.898 seconds
[2024-02-01T14:15:15.072+0100] {processor.py:161} INFO - Started process (PID=6422) to work on /home/ubuntu/.local/lib/python3.10/site-packages/airflow/example_dags/example_external_task_marker_dag.py
[2024-02-01T14:15:15.148+0100] {processor.py:830} INFO - Processing file /home/ubuntu/.local/lib/python3.10/site-packages/airflow/example_dags/example_external_task_marker_dag.py for tasks to queue
[2024-02-01T14:15:15.151+0100] {logging_mixin.py:188} INFO - [2024-02-01T14:15:15.150+0100] {dagbag.py:538} INFO - Filling up the DagBag from /home/ubuntu/.local/lib/python3.10/site-packages/airflow/example_dags/example_external_task_marker_dag.py
[2024-02-01T14:15:15.178+0100] {processor.py:840} INFO - DAG(s) 'example_external_task_marker_child', 'example_external_task_marker_parent' retrieved from /home/ubuntu/.local/lib/python3.10/site-packages/airflow/example_dags/example_external_task_marker_dag.py
[2024-02-01T14:15:15.322+0100] {logging_mixin.py:188} INFO - [2024-02-01T14:15:15.322+0100] {dag.py:3033} INFO - Sync 2 DAGs
[2024-02-01T14:15:15.372+0100] {logging_mixin.py:188} INFO - [2024-02-01T14:15:15.371+0100] {dag.py:3820} INFO - Setting next_dagrun for example_external_task_marker_child to None, run_after=None
[2024-02-01T14:15:15.422+0100] {logging_mixin.py:188} INFO - [2024-02-01T14:15:15.421+0100] {dag.py:3820} INFO - Setting next_dagrun for example_external_task_marker_parent to None, run_after=None
[2024-02-01T14:15:15.905+0100] {processor.py:183} INFO - Processing /home/ubuntu/.local/lib/python3.10/site-packages/airflow/example_dags/example_external_task_marker_dag.py took 0.875 seconds
[2024-02-01T14:17:23.658+0100] {processor.py:161} INFO - Started process (PID=6685) to work on /home/ubuntu/.local/lib/python3.10/site-packages/airflow/example_dags/example_external_task_marker_dag.py
[2024-02-01T14:17:23.728+0100] {processor.py:830} INFO - Processing file /home/ubuntu/.local/lib/python3.10/site-packages/airflow/example_dags/example_external_task_marker_dag.py for tasks to queue
[2024-02-01T14:17:23.730+0100] {logging_mixin.py:188} INFO - [2024-02-01T14:17:23.729+0100] {dagbag.py:538} INFO - Filling up the DagBag from /home/ubuntu/.local/lib/python3.10/site-packages/airflow/example_dags/example_external_task_marker_dag.py
[2024-02-01T14:17:23.791+0100] {processor.py:840} INFO - DAG(s) 'example_external_task_marker_parent', 'example_external_task_marker_child' retrieved from /home/ubuntu/.local/lib/python3.10/site-packages/airflow/example_dags/example_external_task_marker_dag.py
[2024-02-01T14:17:24.131+0100] {logging_mixin.py:188} INFO - [2024-02-01T14:17:24.131+0100] {dag.py:3033} INFO - Sync 2 DAGs
[2024-02-01T14:17:25.042+0100] {logging_mixin.py:188} INFO - [2024-02-01T14:17:25.032+0100] {dag.py:3820} INFO - Setting next_dagrun for example_external_task_marker_child to None, run_after=None
[2024-02-01T14:17:25.073+0100] {logging_mixin.py:188} INFO - [2024-02-01T14:17:25.072+0100] {dag.py:3820} INFO - Setting next_dagrun for example_external_task_marker_parent to None, run_after=None
[2024-02-01T14:17:26.246+0100] {processor.py:183} INFO - Processing /home/ubuntu/.local/lib/python3.10/site-packages/airflow/example_dags/example_external_task_marker_dag.py took 2.600 seconds
[2024-02-01T14:20:59.178+0100] {processor.py:161} INFO - Started process (PID=7742) to work on /home/ubuntu/.local/lib/python3.10/site-packages/airflow/example_dags/example_external_task_marker_dag.py
[2024-02-01T14:20:59.201+0100] {processor.py:830} INFO - Processing file /home/ubuntu/.local/lib/python3.10/site-packages/airflow/example_dags/example_external_task_marker_dag.py for tasks to queue
[2024-02-01T14:20:59.204+0100] {logging_mixin.py:188} INFO - [2024-02-01T14:20:59.203+0100] {dagbag.py:538} INFO - Filling up the DagBag from /home/ubuntu/.local/lib/python3.10/site-packages/airflow/example_dags/example_external_task_marker_dag.py
[2024-02-01T14:20:59.427+0100] {processor.py:840} INFO - DAG(s) 'example_external_task_marker_parent', 'example_external_task_marker_child' retrieved from /home/ubuntu/.local/lib/python3.10/site-packages/airflow/example_dags/example_external_task_marker_dag.py
[2024-02-01T14:20:59.584+0100] {logging_mixin.py:188} INFO - [2024-02-01T14:20:59.584+0100] {dag.py:3033} INFO - Sync 2 DAGs
[2024-02-01T14:20:59.668+0100] {logging_mixin.py:188} INFO - [2024-02-01T14:20:59.668+0100] {dag.py:3820} INFO - Setting next_dagrun for example_external_task_marker_child to None, run_after=None
[2024-02-01T14:20:59.676+0100] {logging_mixin.py:188} INFO - [2024-02-01T14:20:59.676+0100] {dag.py:3820} INFO - Setting next_dagrun for example_external_task_marker_parent to None, run_after=None
[2024-02-01T14:21:00.199+0100] {processor.py:183} INFO - Processing /home/ubuntu/.local/lib/python3.10/site-packages/airflow/example_dags/example_external_task_marker_dag.py took 1.029 seconds
[2024-02-01T14:24:07.913+0100] {processor.py:161} INFO - Started process (PID=8030) to work on /home/ubuntu/.local/lib/python3.10/site-packages/airflow/example_dags/example_external_task_marker_dag.py
[2024-02-01T14:24:08.053+0100] {processor.py:830} INFO - Processing file /home/ubuntu/.local/lib/python3.10/site-packages/airflow/example_dags/example_external_task_marker_dag.py for tasks to queue
[2024-02-01T14:24:08.055+0100] {logging_mixin.py:188} INFO - [2024-02-01T14:24:08.054+0100] {dagbag.py:538} INFO - Filling up the DagBag from /home/ubuntu/.local/lib/python3.10/site-packages/airflow/example_dags/example_external_task_marker_dag.py
[2024-02-01T14:24:08.150+0100] {processor.py:840} INFO - DAG(s) 'example_external_task_marker_parent', 'example_external_task_marker_child' retrieved from /home/ubuntu/.local/lib/python3.10/site-packages/airflow/example_dags/example_external_task_marker_dag.py
[2024-02-01T14:24:08.439+0100] {logging_mixin.py:188} INFO - [2024-02-01T14:24:08.439+0100] {dag.py:3033} INFO - Sync 2 DAGs
[2024-02-01T14:24:08.904+0100] {logging_mixin.py:188} INFO - [2024-02-01T14:24:08.904+0100] {dag.py:3820} INFO - Setting next_dagrun for example_external_task_marker_child to None, run_after=None
[2024-02-01T14:24:08.954+0100] {logging_mixin.py:188} INFO - [2024-02-01T14:24:08.934+0100] {dag.py:3820} INFO - Setting next_dagrun for example_external_task_marker_parent to None, run_after=None
[2024-02-01T14:24:09.752+0100] {processor.py:183} INFO - Processing /home/ubuntu/.local/lib/python3.10/site-packages/airflow/example_dags/example_external_task_marker_dag.py took 1.858 seconds
[2024-02-01T14:26:40.616+0100] {processor.py:161} INFO - Started process (PID=8118) to work on /home/ubuntu/.local/lib/python3.10/site-packages/airflow/example_dags/example_external_task_marker_dag.py
[2024-02-01T14:26:40.680+0100] {processor.py:830} INFO - Processing file /home/ubuntu/.local/lib/python3.10/site-packages/airflow/example_dags/example_external_task_marker_dag.py for tasks to queue
[2024-02-01T14:26:40.689+0100] {logging_mixin.py:188} INFO - [2024-02-01T14:26:40.688+0100] {dagbag.py:538} INFO - Filling up the DagBag from /home/ubuntu/.local/lib/python3.10/site-packages/airflow/example_dags/example_external_task_marker_dag.py
[2024-02-01T14:26:40.713+0100] {processor.py:840} INFO - DAG(s) 'example_external_task_marker_parent', 'example_external_task_marker_child' retrieved from /home/ubuntu/.local/lib/python3.10/site-packages/airflow/example_dags/example_external_task_marker_dag.py
[2024-02-01T14:26:40.822+0100] {logging_mixin.py:188} INFO - [2024-02-01T14:26:40.821+0100] {dag.py:3033} INFO - Sync 2 DAGs
[2024-02-01T14:26:41.092+0100] {logging_mixin.py:188} INFO - [2024-02-01T14:26:41.092+0100] {dag.py:3820} INFO - Setting next_dagrun for example_external_task_marker_child to None, run_after=None
[2024-02-01T14:26:41.104+0100] {logging_mixin.py:188} INFO - [2024-02-01T14:26:41.104+0100] {dag.py:3820} INFO - Setting next_dagrun for example_external_task_marker_parent to None, run_after=None
[2024-02-01T14:26:41.701+0100] {processor.py:183} INFO - Processing /home/ubuntu/.local/lib/python3.10/site-packages/airflow/example_dags/example_external_task_marker_dag.py took 1.106 seconds
[2024-02-01T14:29:57.282+0100] {processor.py:161} INFO - Started process (PID=8207) to work on /home/ubuntu/.local/lib/python3.10/site-packages/airflow/example_dags/example_external_task_marker_dag.py
[2024-02-01T14:29:57.305+0100] {processor.py:830} INFO - Processing file /home/ubuntu/.local/lib/python3.10/site-packages/airflow/example_dags/example_external_task_marker_dag.py for tasks to queue
[2024-02-01T14:29:57.307+0100] {logging_mixin.py:188} INFO - [2024-02-01T14:29:57.306+0100] {dagbag.py:538} INFO - Filling up the DagBag from /home/ubuntu/.local/lib/python3.10/site-packages/airflow/example_dags/example_external_task_marker_dag.py
[2024-02-01T14:29:57.326+0100] {processor.py:840} INFO - DAG(s) 'example_external_task_marker_parent', 'example_external_task_marker_child' retrieved from /home/ubuntu/.local/lib/python3.10/site-packages/airflow/example_dags/example_external_task_marker_dag.py
[2024-02-01T14:29:57.460+0100] {logging_mixin.py:188} INFO - [2024-02-01T14:29:57.459+0100] {dag.py:3033} INFO - Sync 2 DAGs
[2024-02-01T14:29:57.590+0100] {logging_mixin.py:188} INFO - [2024-02-01T14:29:57.589+0100] {dag.py:3820} INFO - Setting next_dagrun for example_external_task_marker_child to None, run_after=None
[2024-02-01T14:29:57.606+0100] {logging_mixin.py:188} INFO - [2024-02-01T14:29:57.605+0100] {dag.py:3820} INFO - Setting next_dagrun for example_external_task_marker_parent to None, run_after=None
[2024-02-01T14:29:58.003+0100] {processor.py:183} INFO - Processing /home/ubuntu/.local/lib/python3.10/site-packages/airflow/example_dags/example_external_task_marker_dag.py took 0.734 seconds
[2024-02-01T14:32:24.693+0100] {processor.py:161} INFO - Started process (PID=8462) to work on /home/ubuntu/.local/lib/python3.10/site-packages/airflow/example_dags/example_external_task_marker_dag.py
[2024-02-01T14:32:24.786+0100] {processor.py:830} INFO - Processing file /home/ubuntu/.local/lib/python3.10/site-packages/airflow/example_dags/example_external_task_marker_dag.py for tasks to queue
[2024-02-01T14:32:24.802+0100] {logging_mixin.py:188} INFO - [2024-02-01T14:32:24.788+0100] {dagbag.py:538} INFO - Filling up the DagBag from /home/ubuntu/.local/lib/python3.10/site-packages/airflow/example_dags/example_external_task_marker_dag.py
[2024-02-01T14:32:24.868+0100] {processor.py:840} INFO - DAG(s) 'example_external_task_marker_parent', 'example_external_task_marker_child' retrieved from /home/ubuntu/.local/lib/python3.10/site-packages/airflow/example_dags/example_external_task_marker_dag.py
[2024-02-01T14:32:25.032+0100] {logging_mixin.py:188} INFO - [2024-02-01T14:32:25.032+0100] {dag.py:3033} INFO - Sync 2 DAGs
[2024-02-01T14:32:25.215+0100] {logging_mixin.py:188} INFO - [2024-02-01T14:32:25.215+0100] {dag.py:3820} INFO - Setting next_dagrun for example_external_task_marker_child to None, run_after=None
[2024-02-01T14:32:25.251+0100] {logging_mixin.py:188} INFO - [2024-02-01T14:32:25.250+0100] {dag.py:3820} INFO - Setting next_dagrun for example_external_task_marker_parent to None, run_after=None
[2024-02-01T14:32:26.086+0100] {processor.py:183} INFO - Processing /home/ubuntu/.local/lib/python3.10/site-packages/airflow/example_dags/example_external_task_marker_dag.py took 1.413 seconds
[2024-02-01T14:34:49.603+0100] {processor.py:161} INFO - Started process (PID=8767) to work on /home/ubuntu/.local/lib/python3.10/site-packages/airflow/example_dags/example_external_task_marker_dag.py
[2024-02-01T14:34:49.694+0100] {processor.py:830} INFO - Processing file /home/ubuntu/.local/lib/python3.10/site-packages/airflow/example_dags/example_external_task_marker_dag.py for tasks to queue
[2024-02-01T14:34:49.713+0100] {logging_mixin.py:188} INFO - [2024-02-01T14:34:49.703+0100] {dagbag.py:538} INFO - Filling up the DagBag from /home/ubuntu/.local/lib/python3.10/site-packages/airflow/example_dags/example_external_task_marker_dag.py
[2024-02-01T14:34:49.770+0100] {processor.py:840} INFO - DAG(s) 'example_external_task_marker_parent', 'example_external_task_marker_child' retrieved from /home/ubuntu/.local/lib/python3.10/site-packages/airflow/example_dags/example_external_task_marker_dag.py
[2024-02-01T14:34:49.909+0100] {logging_mixin.py:188} INFO - [2024-02-01T14:34:49.908+0100] {dag.py:3033} INFO - Sync 2 DAGs
[2024-02-01T14:34:50.002+0100] {logging_mixin.py:188} INFO - [2024-02-01T14:34:50.002+0100] {dag.py:3820} INFO - Setting next_dagrun for example_external_task_marker_child to None, run_after=None
[2024-02-01T14:34:50.049+0100] {logging_mixin.py:188} INFO - [2024-02-01T14:34:50.048+0100] {dag.py:3820} INFO - Setting next_dagrun for example_external_task_marker_parent to None, run_after=None
[2024-02-01T14:34:51.413+0100] {processor.py:183} INFO - Processing /home/ubuntu/.local/lib/python3.10/site-packages/airflow/example_dags/example_external_task_marker_dag.py took 1.873 seconds
[2024-02-01T14:36:57.969+0100] {processor.py:161} INFO - Started process (PID=8950) to work on /home/ubuntu/.local/lib/python3.10/site-packages/airflow/example_dags/example_external_task_marker_dag.py
[2024-02-01T14:36:58.006+0100] {processor.py:830} INFO - Processing file /home/ubuntu/.local/lib/python3.10/site-packages/airflow/example_dags/example_external_task_marker_dag.py for tasks to queue
[2024-02-01T14:36:58.044+0100] {logging_mixin.py:188} INFO - [2024-02-01T14:36:58.043+0100] {dagbag.py:538} INFO - Filling up the DagBag from /home/ubuntu/.local/lib/python3.10/site-packages/airflow/example_dags/example_external_task_marker_dag.py
[2024-02-01T14:36:58.176+0100] {processor.py:840} INFO - DAG(s) 'example_external_task_marker_child', 'example_external_task_marker_parent' retrieved from /home/ubuntu/.local/lib/python3.10/site-packages/airflow/example_dags/example_external_task_marker_dag.py
[2024-02-01T14:36:58.335+0100] {logging_mixin.py:188} INFO - [2024-02-01T14:36:58.335+0100] {dag.py:3033} INFO - Sync 2 DAGs
[2024-02-01T14:36:58.498+0100] {logging_mixin.py:188} INFO - [2024-02-01T14:36:58.498+0100] {dag.py:3820} INFO - Setting next_dagrun for example_external_task_marker_child to None, run_after=None
[2024-02-01T14:36:58.522+0100] {logging_mixin.py:188} INFO - [2024-02-01T14:36:58.522+0100] {dag.py:3820} INFO - Setting next_dagrun for example_external_task_marker_parent to None, run_after=None
[2024-02-01T14:36:59.168+0100] {processor.py:183} INFO - Processing /home/ubuntu/.local/lib/python3.10/site-packages/airflow/example_dags/example_external_task_marker_dag.py took 1.246 seconds
[2024-02-01T14:40:34.592+0100] {processor.py:161} INFO - Started process (PID=9623) to work on /home/ubuntu/.local/lib/python3.10/site-packages/airflow/example_dags/example_external_task_marker_dag.py
[2024-02-01T14:40:34.703+0100] {processor.py:830} INFO - Processing file /home/ubuntu/.local/lib/python3.10/site-packages/airflow/example_dags/example_external_task_marker_dag.py for tasks to queue
[2024-02-01T14:40:34.705+0100] {logging_mixin.py:188} INFO - [2024-02-01T14:40:34.704+0100] {dagbag.py:538} INFO - Filling up the DagBag from /home/ubuntu/.local/lib/python3.10/site-packages/airflow/example_dags/example_external_task_marker_dag.py
[2024-02-01T14:40:34.815+0100] {processor.py:840} INFO - DAG(s) 'example_external_task_marker_parent', 'example_external_task_marker_child' retrieved from /home/ubuntu/.local/lib/python3.10/site-packages/airflow/example_dags/example_external_task_marker_dag.py
[2024-02-01T14:40:35.122+0100] {logging_mixin.py:188} INFO - [2024-02-01T14:40:35.122+0100] {dag.py:3033} INFO - Sync 2 DAGs
[2024-02-01T14:40:35.210+0100] {logging_mixin.py:188} INFO - [2024-02-01T14:40:35.210+0100] {dag.py:3820} INFO - Setting next_dagrun for example_external_task_marker_child to None, run_after=None
[2024-02-01T14:40:35.260+0100] {logging_mixin.py:188} INFO - [2024-02-01T14:40:35.260+0100] {dag.py:3820} INFO - Setting next_dagrun for example_external_task_marker_parent to None, run_after=None
[2024-02-01T14:40:36.303+0100] {processor.py:183} INFO - Processing /home/ubuntu/.local/lib/python3.10/site-packages/airflow/example_dags/example_external_task_marker_dag.py took 1.907 seconds
[2024-02-01T14:46:27.595+0100] {processor.py:161} INFO - Started process (PID=10168) to work on /home/ubuntu/.local/lib/python3.10/site-packages/airflow/example_dags/example_external_task_marker_dag.py
[2024-02-01T14:46:27.707+0100] {processor.py:830} INFO - Processing file /home/ubuntu/.local/lib/python3.10/site-packages/airflow/example_dags/example_external_task_marker_dag.py for tasks to queue
[2024-02-01T14:46:27.733+0100] {logging_mixin.py:188} INFO - [2024-02-01T14:46:27.708+0100] {dagbag.py:538} INFO - Filling up the DagBag from /home/ubuntu/.local/lib/python3.10/site-packages/airflow/example_dags/example_external_task_marker_dag.py
[2024-02-01T14:46:27.927+0100] {processor.py:840} INFO - DAG(s) 'example_external_task_marker_parent', 'example_external_task_marker_child' retrieved from /home/ubuntu/.local/lib/python3.10/site-packages/airflow/example_dags/example_external_task_marker_dag.py
[2024-02-01T14:46:28.415+0100] {logging_mixin.py:188} INFO - [2024-02-01T14:46:28.386+0100] {dag.py:3033} INFO - Sync 2 DAGs
[2024-02-01T14:46:28.572+0100] {logging_mixin.py:188} INFO - [2024-02-01T14:46:28.572+0100] {dag.py:3820} INFO - Setting next_dagrun for example_external_task_marker_child to None, run_after=None
[2024-02-01T14:46:28.609+0100] {logging_mixin.py:188} INFO - [2024-02-01T14:46:28.609+0100] {dag.py:3820} INFO - Setting next_dagrun for example_external_task_marker_parent to None, run_after=None
[2024-02-01T14:46:29.493+0100] {processor.py:183} INFO - Processing /home/ubuntu/.local/lib/python3.10/site-packages/airflow/example_dags/example_external_task_marker_dag.py took 1.929 seconds
[2024-02-01T14:50:38.755+0100] {processor.py:161} INFO - Started process (PID=10353) to work on /home/ubuntu/.local/lib/python3.10/site-packages/airflow/example_dags/example_external_task_marker_dag.py
[2024-02-01T14:50:38.801+0100] {processor.py:830} INFO - Processing file /home/ubuntu/.local/lib/python3.10/site-packages/airflow/example_dags/example_external_task_marker_dag.py for tasks to queue
[2024-02-01T14:50:38.804+0100] {logging_mixin.py:188} INFO - [2024-02-01T14:50:38.803+0100] {dagbag.py:538} INFO - Filling up the DagBag from /home/ubuntu/.local/lib/python3.10/site-packages/airflow/example_dags/example_external_task_marker_dag.py
[2024-02-01T14:50:38.868+0100] {processor.py:840} INFO - DAG(s) 'example_external_task_marker_child', 'example_external_task_marker_parent' retrieved from /home/ubuntu/.local/lib/python3.10/site-packages/airflow/example_dags/example_external_task_marker_dag.py
[2024-02-01T14:50:39.266+0100] {logging_mixin.py:188} INFO - [2024-02-01T14:50:39.266+0100] {dag.py:3033} INFO - Sync 2 DAGs
[2024-02-01T14:50:39.293+0100] {logging_mixin.py:188} INFO - [2024-02-01T14:50:39.293+0100] {dag.py:3820} INFO - Setting next_dagrun for example_external_task_marker_child to None, run_after=None
[2024-02-01T14:50:39.300+0100] {logging_mixin.py:188} INFO - [2024-02-01T14:50:39.300+0100] {dag.py:3820} INFO - Setting next_dagrun for example_external_task_marker_parent to None, run_after=None
[2024-02-01T14:50:40.278+0100] {processor.py:183} INFO - Processing /home/ubuntu/.local/lib/python3.10/site-packages/airflow/example_dags/example_external_task_marker_dag.py took 1.545 seconds
[2024-02-01T14:54:53.346+0100] {processor.py:161} INFO - Started process (PID=10995) to work on /home/ubuntu/.local/lib/python3.10/site-packages/airflow/example_dags/example_external_task_marker_dag.py
[2024-02-01T14:54:53.490+0100] {processor.py:830} INFO - Processing file /home/ubuntu/.local/lib/python3.10/site-packages/airflow/example_dags/example_external_task_marker_dag.py for tasks to queue
[2024-02-01T14:54:53.517+0100] {logging_mixin.py:188} INFO - [2024-02-01T14:54:53.491+0100] {dagbag.py:538} INFO - Filling up the DagBag from /home/ubuntu/.local/lib/python3.10/site-packages/airflow/example_dags/example_external_task_marker_dag.py
[2024-02-01T14:54:53.827+0100] {processor.py:840} INFO - DAG(s) 'example_external_task_marker_child', 'example_external_task_marker_parent' retrieved from /home/ubuntu/.local/lib/python3.10/site-packages/airflow/example_dags/example_external_task_marker_dag.py
[2024-02-01T14:54:54.250+0100] {logging_mixin.py:188} INFO - [2024-02-01T14:54:54.236+0100] {dag.py:3033} INFO - Sync 2 DAGs
[2024-02-01T14:54:54.339+0100] {logging_mixin.py:188} INFO - [2024-02-01T14:54:54.338+0100] {dag.py:3820} INFO - Setting next_dagrun for example_external_task_marker_child to None, run_after=None
[2024-02-01T14:54:54.363+0100] {logging_mixin.py:188} INFO - [2024-02-01T14:54:54.363+0100] {dag.py:3820} INFO - Setting next_dagrun for example_external_task_marker_parent to None, run_after=None
[2024-02-01T14:54:55.288+0100] {processor.py:183} INFO - Processing /home/ubuntu/.local/lib/python3.10/site-packages/airflow/example_dags/example_external_task_marker_dag.py took 2.000 seconds
[2024-02-01T15:00:16.948+0100] {processor.py:161} INFO - Started process (PID=11617) to work on /home/ubuntu/.local/lib/python3.10/site-packages/airflow/example_dags/example_external_task_marker_dag.py
[2024-02-01T15:00:17.028+0100] {processor.py:830} INFO - Processing file /home/ubuntu/.local/lib/python3.10/site-packages/airflow/example_dags/example_external_task_marker_dag.py for tasks to queue
[2024-02-01T15:00:17.030+0100] {logging_mixin.py:188} INFO - [2024-02-01T15:00:17.030+0100] {dagbag.py:538} INFO - Filling up the DagBag from /home/ubuntu/.local/lib/python3.10/site-packages/airflow/example_dags/example_external_task_marker_dag.py
[2024-02-01T15:00:17.135+0100] {processor.py:840} INFO - DAG(s) 'example_external_task_marker_child', 'example_external_task_marker_parent' retrieved from /home/ubuntu/.local/lib/python3.10/site-packages/airflow/example_dags/example_external_task_marker_dag.py
[2024-02-01T15:00:17.520+0100] {logging_mixin.py:188} INFO - [2024-02-01T15:00:17.519+0100] {dag.py:3033} INFO - Sync 2 DAGs
[2024-02-01T15:00:17.637+0100] {logging_mixin.py:188} INFO - [2024-02-01T15:00:17.636+0100] {dag.py:3820} INFO - Setting next_dagrun for example_external_task_marker_child to None, run_after=None
[2024-02-01T15:00:17.704+0100] {logging_mixin.py:188} INFO - [2024-02-01T15:00:17.704+0100] {dag.py:3820} INFO - Setting next_dagrun for example_external_task_marker_parent to None, run_after=None
[2024-02-01T15:00:18.151+0100] {processor.py:183} INFO - Processing /home/ubuntu/.local/lib/python3.10/site-packages/airflow/example_dags/example_external_task_marker_dag.py took 1.228 seconds
[2024-02-01T15:04:25.300+0100] {processor.py:161} INFO - Started process (PID=11781) to work on /home/ubuntu/.local/lib/python3.10/site-packages/airflow/example_dags/example_external_task_marker_dag.py
[2024-02-01T15:04:25.314+0100] {processor.py:830} INFO - Processing file /home/ubuntu/.local/lib/python3.10/site-packages/airflow/example_dags/example_external_task_marker_dag.py for tasks to queue
[2024-02-01T15:04:25.320+0100] {logging_mixin.py:188} INFO - [2024-02-01T15:04:25.319+0100] {dagbag.py:538} INFO - Filling up the DagBag from /home/ubuntu/.local/lib/python3.10/site-packages/airflow/example_dags/example_external_task_marker_dag.py
[2024-02-01T15:04:25.411+0100] {processor.py:840} INFO - DAG(s) 'example_external_task_marker_parent', 'example_external_task_marker_child' retrieved from /home/ubuntu/.local/lib/python3.10/site-packages/airflow/example_dags/example_external_task_marker_dag.py
[2024-02-01T15:04:25.624+0100] {logging_mixin.py:188} INFO - [2024-02-01T15:04:25.614+0100] {dag.py:3033} INFO - Sync 2 DAGs
[2024-02-01T15:04:25.836+0100] {logging_mixin.py:188} INFO - [2024-02-01T15:04:25.835+0100] {dag.py:3820} INFO - Setting next_dagrun for example_external_task_marker_child to None, run_after=None
[2024-02-01T15:04:25.976+0100] {logging_mixin.py:188} INFO - [2024-02-01T15:04:25.976+0100] {dag.py:3820} INFO - Setting next_dagrun for example_external_task_marker_parent to None, run_after=None
[2024-02-01T15:04:27.181+0100] {processor.py:183} INFO - Processing /home/ubuntu/.local/lib/python3.10/site-packages/airflow/example_dags/example_external_task_marker_dag.py took 1.925 seconds
[2024-02-01T16:03:38.756+0100] {processor.py:161} INFO - Started process (PID=9166) to work on /home/ubuntu/.local/lib/python3.10/site-packages/airflow/example_dags/example_external_task_marker_dag.py
[2024-02-01T16:03:38.822+0100] {processor.py:830} INFO - Processing file /home/ubuntu/.local/lib/python3.10/site-packages/airflow/example_dags/example_external_task_marker_dag.py for tasks to queue
[2024-02-01T16:03:38.832+0100] {logging_mixin.py:188} INFO - [2024-02-01T16:03:38.831+0100] {dagbag.py:538} INFO - Filling up the DagBag from /home/ubuntu/.local/lib/python3.10/site-packages/airflow/example_dags/example_external_task_marker_dag.py
[2024-02-01T16:03:38.944+0100] {processor.py:840} INFO - DAG(s) 'example_external_task_marker_child', 'example_external_task_marker_parent' retrieved from /home/ubuntu/.local/lib/python3.10/site-packages/airflow/example_dags/example_external_task_marker_dag.py
[2024-02-01T16:03:40.257+0100] {logging_mixin.py:188} INFO - [2024-02-01T16:03:40.257+0100] {dag.py:3033} INFO - Sync 2 DAGs
[2024-02-01T16:03:40.320+0100] {logging_mixin.py:188} INFO - [2024-02-01T16:03:40.320+0100] {dag.py:3820} INFO - Setting next_dagrun for example_external_task_marker_child to None, run_after=None
[2024-02-01T16:03:40.348+0100] {logging_mixin.py:188} INFO - [2024-02-01T16:03:40.341+0100] {dag.py:3820} INFO - Setting next_dagrun for example_external_task_marker_parent to None, run_after=None
[2024-02-01T16:03:41.034+0100] {processor.py:183} INFO - Processing /home/ubuntu/.local/lib/python3.10/site-packages/airflow/example_dags/example_external_task_marker_dag.py took 2.307 seconds
