[2024-02-01T14:09:27.503+0100] {processor.py:161} INFO - Started process (PID=6172) to work on /home/ubuntu/.local/lib/python3.10/site-packages/airflow/example_dags/example_branch_datetime_operator.py
[2024-02-01T14:09:27.508+0100] {processor.py:830} INFO - Processing file /home/ubuntu/.local/lib/python3.10/site-packages/airflow/example_dags/example_branch_datetime_operator.py for tasks to queue
[2024-02-01T14:09:27.510+0100] {logging_mixin.py:188} INFO - [2024-02-01T14:09:27.509+0100] {dagbag.py:538} INFO - Filling up the DagBag from /home/ubuntu/.local/lib/python3.10/site-packages/airflow/example_dags/example_branch_datetime_operator.py
[2024-02-01T14:09:27.584+0100] {processor.py:840} INFO - DAG(s) 'example_branch_datetime_operator', 'example_branch_datetime_operator_3', 'example_branch_datetime_operator_2' retrieved from /home/ubuntu/.local/lib/python3.10/site-packages/airflow/example_dags/example_branch_datetime_operator.py
[2024-02-01T14:09:28.345+0100] {logging_mixin.py:188} INFO - [2024-02-01T14:09:28.345+0100] {dag.py:3033} INFO - Sync 3 DAGs
[2024-02-01T14:09:28.562+0100] {logging_mixin.py:188} INFO - [2024-02-01T14:09:28.562+0100] {dag.py:3820} INFO - Setting next_dagrun for example_branch_datetime_operator to 2024-01-31T00:00:00+00:00, run_after=2024-02-01T00:00:00+00:00
[2024-02-01T14:09:28.602+0100] {logging_mixin.py:188} INFO - [2024-02-01T14:09:28.601+0100] {dag.py:3820} INFO - Setting next_dagrun for example_branch_datetime_operator_2 to 2024-01-31T00:00:00+00:00, run_after=2024-02-01T00:00:00+00:00
[2024-02-01T14:09:28.607+0100] {logging_mixin.py:188} INFO - [2024-02-01T14:09:28.607+0100] {dag.py:3820} INFO - Setting next_dagrun for example_branch_datetime_operator_3 to 2024-01-31T00:00:00+00:00, run_after=2024-02-01T00:00:00+00:00
[2024-02-01T14:09:29.289+0100] {processor.py:183} INFO - Processing /home/ubuntu/.local/lib/python3.10/site-packages/airflow/example_dags/example_branch_datetime_operator.py took 1.833 seconds
[2024-02-01T14:12:11.395+0100] {processor.py:161} INFO - Started process (PID=6249) to work on /home/ubuntu/.local/lib/python3.10/site-packages/airflow/example_dags/example_branch_datetime_operator.py
[2024-02-01T14:12:11.491+0100] {processor.py:830} INFO - Processing file /home/ubuntu/.local/lib/python3.10/site-packages/airflow/example_dags/example_branch_datetime_operator.py for tasks to queue
[2024-02-01T14:12:11.493+0100] {logging_mixin.py:188} INFO - [2024-02-01T14:12:11.492+0100] {dagbag.py:538} INFO - Filling up the DagBag from /home/ubuntu/.local/lib/python3.10/site-packages/airflow/example_dags/example_branch_datetime_operator.py
[2024-02-01T14:12:11.613+0100] {processor.py:840} INFO - DAG(s) 'example_branch_datetime_operator_2', 'example_branch_datetime_operator', 'example_branch_datetime_operator_3' retrieved from /home/ubuntu/.local/lib/python3.10/site-packages/airflow/example_dags/example_branch_datetime_operator.py
[2024-02-01T14:12:11.653+0100] {logging_mixin.py:188} INFO - [2024-02-01T14:12:11.653+0100] {dag.py:3033} INFO - Sync 3 DAGs
[2024-02-01T14:12:11.689+0100] {logging_mixin.py:188} INFO - [2024-02-01T14:12:11.689+0100] {dag.py:3820} INFO - Setting next_dagrun for example_branch_datetime_operator to 2024-01-31T00:00:00+00:00, run_after=2024-02-01T00:00:00+00:00
[2024-02-01T14:12:11.696+0100] {logging_mixin.py:188} INFO - [2024-02-01T14:12:11.696+0100] {dag.py:3820} INFO - Setting next_dagrun for example_branch_datetime_operator_2 to 2024-01-31T00:00:00+00:00, run_after=2024-02-01T00:00:00+00:00
[2024-02-01T14:12:11.699+0100] {logging_mixin.py:188} INFO - [2024-02-01T14:12:11.699+0100] {dag.py:3820} INFO - Setting next_dagrun for example_branch_datetime_operator_3 to 2024-01-31T00:00:00+00:00, run_after=2024-02-01T00:00:00+00:00
[2024-02-01T14:12:12.119+0100] {processor.py:183} INFO - Processing /home/ubuntu/.local/lib/python3.10/site-packages/airflow/example_dags/example_branch_datetime_operator.py took 0.739 seconds
[2024-02-01T14:15:55.276+0100] {processor.py:161} INFO - Started process (PID=6441) to work on /home/ubuntu/.local/lib/python3.10/site-packages/airflow/example_dags/example_branch_datetime_operator.py
[2024-02-01T14:15:55.352+0100] {processor.py:830} INFO - Processing file /home/ubuntu/.local/lib/python3.10/site-packages/airflow/example_dags/example_branch_datetime_operator.py for tasks to queue
[2024-02-01T14:15:55.360+0100] {logging_mixin.py:188} INFO - [2024-02-01T14:15:55.353+0100] {dagbag.py:538} INFO - Filling up the DagBag from /home/ubuntu/.local/lib/python3.10/site-packages/airflow/example_dags/example_branch_datetime_operator.py
[2024-02-01T14:15:55.432+0100] {processor.py:840} INFO - DAG(s) 'example_branch_datetime_operator_3', 'example_branch_datetime_operator_2', 'example_branch_datetime_operator' retrieved from /home/ubuntu/.local/lib/python3.10/site-packages/airflow/example_dags/example_branch_datetime_operator.py
[2024-02-01T14:15:55.552+0100] {logging_mixin.py:188} INFO - [2024-02-01T14:15:55.551+0100] {dag.py:3033} INFO - Sync 3 DAGs
[2024-02-01T14:15:55.609+0100] {logging_mixin.py:188} INFO - [2024-02-01T14:15:55.609+0100] {dag.py:3820} INFO - Setting next_dagrun for example_branch_datetime_operator to 2024-01-31T00:00:00+00:00, run_after=2024-02-01T00:00:00+00:00
[2024-02-01T14:15:55.624+0100] {logging_mixin.py:188} INFO - [2024-02-01T14:15:55.624+0100] {dag.py:3820} INFO - Setting next_dagrun for example_branch_datetime_operator_2 to 2024-01-31T00:00:00+00:00, run_after=2024-02-01T00:00:00+00:00
[2024-02-01T14:15:55.634+0100] {logging_mixin.py:188} INFO - [2024-02-01T14:15:55.628+0100] {dag.py:3820} INFO - Setting next_dagrun for example_branch_datetime_operator_3 to 2024-01-31T00:00:00+00:00, run_after=2024-02-01T00:00:00+00:00
[2024-02-01T14:15:56.181+0100] {processor.py:183} INFO - Processing /home/ubuntu/.local/lib/python3.10/site-packages/airflow/example_dags/example_branch_datetime_operator.py took 0.943 seconds
[2024-02-01T14:21:57.343+0100] {processor.py:161} INFO - Started process (PID=7956) to work on /home/ubuntu/.local/lib/python3.10/site-packages/airflow/example_dags/example_branch_datetime_operator.py
[2024-02-01T14:21:57.387+0100] {processor.py:830} INFO - Processing file /home/ubuntu/.local/lib/python3.10/site-packages/airflow/example_dags/example_branch_datetime_operator.py for tasks to queue
[2024-02-01T14:21:57.396+0100] {logging_mixin.py:188} INFO - [2024-02-01T14:21:57.395+0100] {dagbag.py:538} INFO - Filling up the DagBag from /home/ubuntu/.local/lib/python3.10/site-packages/airflow/example_dags/example_branch_datetime_operator.py
[2024-02-01T14:21:57.496+0100] {processor.py:840} INFO - DAG(s) 'example_branch_datetime_operator', 'example_branch_datetime_operator_3', 'example_branch_datetime_operator_2' retrieved from /home/ubuntu/.local/lib/python3.10/site-packages/airflow/example_dags/example_branch_datetime_operator.py
[2024-02-01T14:21:58.315+0100] {logging_mixin.py:188} INFO - [2024-02-01T14:21:58.315+0100] {dag.py:3033} INFO - Sync 3 DAGs
[2024-02-01T14:21:58.499+0100] {logging_mixin.py:188} INFO - [2024-02-01T14:21:58.499+0100] {dag.py:3820} INFO - Setting next_dagrun for example_branch_datetime_operator to 2024-01-31T00:00:00+00:00, run_after=2024-02-01T00:00:00+00:00
[2024-02-01T14:21:58.534+0100] {logging_mixin.py:188} INFO - [2024-02-01T14:21:58.534+0100] {dag.py:3820} INFO - Setting next_dagrun for example_branch_datetime_operator_2 to 2024-01-31T00:00:00+00:00, run_after=2024-02-01T00:00:00+00:00
[2024-02-01T14:21:58.545+0100] {logging_mixin.py:188} INFO - [2024-02-01T14:21:58.545+0100] {dag.py:3820} INFO - Setting next_dagrun for example_branch_datetime_operator_3 to 2024-01-31T00:00:00+00:00, run_after=2024-02-01T00:00:00+00:00
[2024-02-01T14:21:58.882+0100] {processor.py:183} INFO - Processing /home/ubuntu/.local/lib/python3.10/site-packages/airflow/example_dags/example_branch_datetime_operator.py took 1.571 seconds
[2024-02-01T14:27:15.893+0100] {processor.py:161} INFO - Started process (PID=8131) to work on /home/ubuntu/.local/lib/python3.10/site-packages/airflow/example_dags/example_branch_datetime_operator.py
[2024-02-01T14:27:15.922+0100] {processor.py:830} INFO - Processing file /home/ubuntu/.local/lib/python3.10/site-packages/airflow/example_dags/example_branch_datetime_operator.py for tasks to queue
[2024-02-01T14:27:15.935+0100] {logging_mixin.py:188} INFO - [2024-02-01T14:27:15.923+0100] {dagbag.py:538} INFO - Filling up the DagBag from /home/ubuntu/.local/lib/python3.10/site-packages/airflow/example_dags/example_branch_datetime_operator.py
[2024-02-01T14:27:16.044+0100] {processor.py:840} INFO - DAG(s) 'example_branch_datetime_operator_2', 'example_branch_datetime_operator', 'example_branch_datetime_operator_3' retrieved from /home/ubuntu/.local/lib/python3.10/site-packages/airflow/example_dags/example_branch_datetime_operator.py
[2024-02-01T14:27:16.221+0100] {logging_mixin.py:188} INFO - [2024-02-01T14:27:16.221+0100] {dag.py:3033} INFO - Sync 3 DAGs
[2024-02-01T14:27:16.548+0100] {logging_mixin.py:188} INFO - [2024-02-01T14:27:16.548+0100] {dag.py:3820} INFO - Setting next_dagrun for example_branch_datetime_operator to 2024-01-31T00:00:00+00:00, run_after=2024-02-01T00:00:00+00:00
[2024-02-01T14:27:16.658+0100] {logging_mixin.py:188} INFO - [2024-02-01T14:27:16.657+0100] {dag.py:3820} INFO - Setting next_dagrun for example_branch_datetime_operator_2 to 2024-01-31T00:00:00+00:00, run_after=2024-02-01T00:00:00+00:00
[2024-02-01T14:27:16.669+0100] {logging_mixin.py:188} INFO - [2024-02-01T14:27:16.668+0100] {dag.py:3820} INFO - Setting next_dagrun for example_branch_datetime_operator_3 to 2024-01-31T00:00:00+00:00, run_after=2024-02-01T00:00:00+00:00
[2024-02-01T14:27:17.894+0100] {processor.py:183} INFO - Processing /home/ubuntu/.local/lib/python3.10/site-packages/airflow/example_dags/example_branch_datetime_operator.py took 2.010 seconds
[2024-02-01T14:30:52.586+0100] {processor.py:161} INFO - Started process (PID=8230) to work on /home/ubuntu/.local/lib/python3.10/site-packages/airflow/example_dags/example_branch_datetime_operator.py
[2024-02-01T14:30:52.632+0100] {processor.py:830} INFO - Processing file /home/ubuntu/.local/lib/python3.10/site-packages/airflow/example_dags/example_branch_datetime_operator.py for tasks to queue
[2024-02-01T14:30:52.641+0100] {logging_mixin.py:188} INFO - [2024-02-01T14:30:52.640+0100] {dagbag.py:538} INFO - Filling up the DagBag from /home/ubuntu/.local/lib/python3.10/site-packages/airflow/example_dags/example_branch_datetime_operator.py
[2024-02-01T14:30:52.808+0100] {processor.py:840} INFO - DAG(s) 'example_branch_datetime_operator_2', 'example_branch_datetime_operator_3', 'example_branch_datetime_operator' retrieved from /home/ubuntu/.local/lib/python3.10/site-packages/airflow/example_dags/example_branch_datetime_operator.py
[2024-02-01T14:30:53.002+0100] {logging_mixin.py:188} INFO - [2024-02-01T14:30:53.002+0100] {dag.py:3033} INFO - Sync 3 DAGs
[2024-02-01T14:30:53.260+0100] {logging_mixin.py:188} INFO - [2024-02-01T14:30:53.259+0100] {dag.py:3820} INFO - Setting next_dagrun for example_branch_datetime_operator to 2024-01-31T00:00:00+00:00, run_after=2024-02-01T00:00:00+00:00
[2024-02-01T14:30:53.296+0100] {logging_mixin.py:188} INFO - [2024-02-01T14:30:53.295+0100] {dag.py:3820} INFO - Setting next_dagrun for example_branch_datetime_operator_2 to 2024-01-31T00:00:00+00:00, run_after=2024-02-01T00:00:00+00:00
[2024-02-01T14:30:53.318+0100] {logging_mixin.py:188} INFO - [2024-02-01T14:30:53.318+0100] {dag.py:3820} INFO - Setting next_dagrun for example_branch_datetime_operator_3 to 2024-01-31T00:00:00+00:00, run_after=2024-02-01T00:00:00+00:00
[2024-02-01T14:30:54.188+0100] {processor.py:183} INFO - Processing /home/ubuntu/.local/lib/python3.10/site-packages/airflow/example_dags/example_branch_datetime_operator.py took 1.628 seconds
[2024-02-01T14:35:21.622+0100] {processor.py:161} INFO - Started process (PID=8799) to work on /home/ubuntu/.local/lib/python3.10/site-packages/airflow/example_dags/example_branch_datetime_operator.py
[2024-02-01T14:35:21.627+0100] {processor.py:830} INFO - Processing file /home/ubuntu/.local/lib/python3.10/site-packages/airflow/example_dags/example_branch_datetime_operator.py for tasks to queue
[2024-02-01T14:35:21.631+0100] {logging_mixin.py:188} INFO - [2024-02-01T14:35:21.628+0100] {dagbag.py:538} INFO - Filling up the DagBag from /home/ubuntu/.local/lib/python3.10/site-packages/airflow/example_dags/example_branch_datetime_operator.py
[2024-02-01T14:35:21.658+0100] {processor.py:840} INFO - DAG(s) 'example_branch_datetime_operator_3', 'example_branch_datetime_operator', 'example_branch_datetime_operator_2' retrieved from /home/ubuntu/.local/lib/python3.10/site-packages/airflow/example_dags/example_branch_datetime_operator.py
[2024-02-01T14:35:21.703+0100] {logging_mixin.py:188} INFO - [2024-02-01T14:35:21.703+0100] {dag.py:3033} INFO - Sync 3 DAGs
[2024-02-01T14:35:21.751+0100] {logging_mixin.py:188} INFO - [2024-02-01T14:35:21.751+0100] {dag.py:3820} INFO - Setting next_dagrun for example_branch_datetime_operator to 2024-01-31T00:00:00+00:00, run_after=2024-02-01T00:00:00+00:00
[2024-02-01T14:35:21.761+0100] {logging_mixin.py:188} INFO - [2024-02-01T14:35:21.761+0100] {dag.py:3820} INFO - Setting next_dagrun for example_branch_datetime_operator_2 to 2024-01-31T00:00:00+00:00, run_after=2024-02-01T00:00:00+00:00
[2024-02-01T14:35:21.766+0100] {logging_mixin.py:188} INFO - [2024-02-01T14:35:21.766+0100] {dag.py:3820} INFO - Setting next_dagrun for example_branch_datetime_operator_3 to 2024-01-31T00:00:00+00:00, run_after=2024-02-01T00:00:00+00:00
[2024-02-01T14:35:23.012+0100] {processor.py:183} INFO - Processing /home/ubuntu/.local/lib/python3.10/site-packages/airflow/example_dags/example_branch_datetime_operator.py took 1.399 seconds
[2024-02-01T14:42:27.279+0100] {processor.py:161} INFO - Started process (PID=9972) to work on /home/ubuntu/.local/lib/python3.10/site-packages/airflow/example_dags/example_branch_datetime_operator.py
[2024-02-01T14:42:27.366+0100] {processor.py:830} INFO - Processing file /home/ubuntu/.local/lib/python3.10/site-packages/airflow/example_dags/example_branch_datetime_operator.py for tasks to queue
[2024-02-01T14:42:27.377+0100] {logging_mixin.py:188} INFO - [2024-02-01T14:42:27.367+0100] {dagbag.py:538} INFO - Filling up the DagBag from /home/ubuntu/.local/lib/python3.10/site-packages/airflow/example_dags/example_branch_datetime_operator.py
[2024-02-01T14:42:27.482+0100] {processor.py:840} INFO - DAG(s) 'example_branch_datetime_operator', 'example_branch_datetime_operator_3', 'example_branch_datetime_operator_2' retrieved from /home/ubuntu/.local/lib/python3.10/site-packages/airflow/example_dags/example_branch_datetime_operator.py
[2024-02-01T14:42:27.755+0100] {logging_mixin.py:188} INFO - [2024-02-01T14:42:27.749+0100] {dag.py:3033} INFO - Sync 3 DAGs
[2024-02-01T14:42:27.925+0100] {logging_mixin.py:188} INFO - [2024-02-01T14:42:27.917+0100] {dag.py:3820} INFO - Setting next_dagrun for example_branch_datetime_operator to 2024-01-31T00:00:00+00:00, run_after=2024-02-01T00:00:00+00:00
[2024-02-01T14:42:27.949+0100] {logging_mixin.py:188} INFO - [2024-02-01T14:42:27.949+0100] {dag.py:3820} INFO - Setting next_dagrun for example_branch_datetime_operator_2 to 2024-01-31T00:00:00+00:00, run_after=2024-02-01T00:00:00+00:00
[2024-02-01T14:42:27.986+0100] {logging_mixin.py:188} INFO - [2024-02-01T14:42:27.985+0100] {dag.py:3820} INFO - Setting next_dagrun for example_branch_datetime_operator_3 to 2024-01-31T00:00:00+00:00, run_after=2024-02-01T00:00:00+00:00
[2024-02-01T14:42:28.935+0100] {processor.py:183} INFO - Processing /home/ubuntu/.local/lib/python3.10/site-packages/airflow/example_dags/example_branch_datetime_operator.py took 1.673 seconds
[2024-02-01T14:52:00.654+0100] {processor.py:161} INFO - Started process (PID=10429) to work on /home/ubuntu/.local/lib/python3.10/site-packages/airflow/example_dags/example_branch_datetime_operator.py
[2024-02-01T14:52:00.704+0100] {processor.py:830} INFO - Processing file /home/ubuntu/.local/lib/python3.10/site-packages/airflow/example_dags/example_branch_datetime_operator.py for tasks to queue
[2024-02-01T14:52:00.723+0100] {logging_mixin.py:188} INFO - [2024-02-01T14:52:00.706+0100] {dagbag.py:538} INFO - Filling up the DagBag from /home/ubuntu/.local/lib/python3.10/site-packages/airflow/example_dags/example_branch_datetime_operator.py
[2024-02-01T14:52:00.774+0100] {processor.py:840} INFO - DAG(s) 'example_branch_datetime_operator', 'example_branch_datetime_operator_3', 'example_branch_datetime_operator_2' retrieved from /home/ubuntu/.local/lib/python3.10/site-packages/airflow/example_dags/example_branch_datetime_operator.py
[2024-02-01T14:52:00.966+0100] {logging_mixin.py:188} INFO - [2024-02-01T14:52:00.966+0100] {dag.py:3033} INFO - Sync 3 DAGs
[2024-02-01T14:52:01.389+0100] {logging_mixin.py:188} INFO - [2024-02-01T14:52:01.388+0100] {dag.py:3820} INFO - Setting next_dagrun for example_branch_datetime_operator to 2024-01-31T00:00:00+00:00, run_after=2024-02-01T00:00:00+00:00
[2024-02-01T14:52:01.535+0100] {logging_mixin.py:188} INFO - [2024-02-01T14:52:01.535+0100] {dag.py:3820} INFO - Setting next_dagrun for example_branch_datetime_operator_2 to 2024-01-31T00:00:00+00:00, run_after=2024-02-01T00:00:00+00:00
[2024-02-01T14:52:01.625+0100] {logging_mixin.py:188} INFO - [2024-02-01T14:52:01.556+0100] {dag.py:3820} INFO - Setting next_dagrun for example_branch_datetime_operator_3 to 2024-01-31T00:00:00+00:00, run_after=2024-02-01T00:00:00+00:00
[2024-02-01T14:52:02.901+0100] {processor.py:183} INFO - Processing /home/ubuntu/.local/lib/python3.10/site-packages/airflow/example_dags/example_branch_datetime_operator.py took 2.263 seconds
[2024-02-01T14:56:53.914+0100] {processor.py:161} INFO - Started process (PID=11390) to work on /home/ubuntu/.local/lib/python3.10/site-packages/airflow/example_dags/example_branch_datetime_operator.py
[2024-02-01T14:56:54.036+0100] {processor.py:830} INFO - Processing file /home/ubuntu/.local/lib/python3.10/site-packages/airflow/example_dags/example_branch_datetime_operator.py for tasks to queue
[2024-02-01T14:56:54.066+0100] {logging_mixin.py:188} INFO - [2024-02-01T14:56:54.039+0100] {dagbag.py:538} INFO - Filling up the DagBag from /home/ubuntu/.local/lib/python3.10/site-packages/airflow/example_dags/example_branch_datetime_operator.py
[2024-02-01T14:56:54.410+0100] {processor.py:840} INFO - DAG(s) 'example_branch_datetime_operator_3', 'example_branch_datetime_operator', 'example_branch_datetime_operator_2' retrieved from /home/ubuntu/.local/lib/python3.10/site-packages/airflow/example_dags/example_branch_datetime_operator.py
[2024-02-01T14:56:54.703+0100] {logging_mixin.py:188} INFO - [2024-02-01T14:56:54.703+0100] {dag.py:3033} INFO - Sync 3 DAGs
[2024-02-01T14:56:54.913+0100] {logging_mixin.py:188} INFO - [2024-02-01T14:56:54.913+0100] {dag.py:3820} INFO - Setting next_dagrun for example_branch_datetime_operator to 2024-01-31T00:00:00+00:00, run_after=2024-02-01T00:00:00+00:00
[2024-02-01T14:56:54.962+0100] {logging_mixin.py:188} INFO - [2024-02-01T14:56:54.962+0100] {dag.py:3820} INFO - Setting next_dagrun for example_branch_datetime_operator_2 to 2024-01-31T00:00:00+00:00, run_after=2024-02-01T00:00:00+00:00
[2024-02-01T14:56:54.988+0100] {logging_mixin.py:188} INFO - [2024-02-01T14:56:54.988+0100] {dag.py:3820} INFO - Setting next_dagrun for example_branch_datetime_operator_3 to 2024-01-31T00:00:00+00:00, run_after=2024-02-01T00:00:00+00:00
[2024-02-01T14:56:55.330+0100] {processor.py:183} INFO - Processing /home/ubuntu/.local/lib/python3.10/site-packages/airflow/example_dags/example_branch_datetime_operator.py took 1.512 seconds
[2024-02-01T15:01:21.835+0100] {processor.py:161} INFO - Started process (PID=11639) to work on /home/ubuntu/.local/lib/python3.10/site-packages/airflow/example_dags/example_branch_datetime_operator.py
[2024-02-01T15:01:22.017+0100] {processor.py:830} INFO - Processing file /home/ubuntu/.local/lib/python3.10/site-packages/airflow/example_dags/example_branch_datetime_operator.py for tasks to queue
[2024-02-01T15:01:22.019+0100] {logging_mixin.py:188} INFO - [2024-02-01T15:01:22.018+0100] {dagbag.py:538} INFO - Filling up the DagBag from /home/ubuntu/.local/lib/python3.10/site-packages/airflow/example_dags/example_branch_datetime_operator.py
[2024-02-01T15:01:22.316+0100] {processor.py:840} INFO - DAG(s) 'example_branch_datetime_operator_3', 'example_branch_datetime_operator', 'example_branch_datetime_operator_2' retrieved from /home/ubuntu/.local/lib/python3.10/site-packages/airflow/example_dags/example_branch_datetime_operator.py
[2024-02-01T15:01:22.788+0100] {logging_mixin.py:188} INFO - [2024-02-01T15:01:22.787+0100] {dag.py:3033} INFO - Sync 3 DAGs
[2024-02-01T15:01:22.908+0100] {logging_mixin.py:188} INFO - [2024-02-01T15:01:22.908+0100] {dag.py:3820} INFO - Setting next_dagrun for example_branch_datetime_operator to 2024-01-31T00:00:00+00:00, run_after=2024-02-01T00:00:00+00:00
[2024-02-01T15:01:22.923+0100] {logging_mixin.py:188} INFO - [2024-02-01T15:01:22.922+0100] {dag.py:3820} INFO - Setting next_dagrun for example_branch_datetime_operator_2 to 2024-01-31T00:00:00+00:00, run_after=2024-02-01T00:00:00+00:00
[2024-02-01T15:01:22.927+0100] {logging_mixin.py:188} INFO - [2024-02-01T15:01:22.926+0100] {dag.py:3820} INFO - Setting next_dagrun for example_branch_datetime_operator_3 to 2024-01-31T00:00:00+00:00, run_after=2024-02-01T00:00:00+00:00
[2024-02-01T15:01:23.718+0100] {processor.py:183} INFO - Processing /home/ubuntu/.local/lib/python3.10/site-packages/airflow/example_dags/example_branch_datetime_operator.py took 1.893 seconds
[2024-02-01T15:05:32.284+0100] {processor.py:161} INFO - Started process (PID=11820) to work on /home/ubuntu/.local/lib/python3.10/site-packages/airflow/example_dags/example_branch_datetime_operator.py
[2024-02-01T15:05:32.346+0100] {processor.py:830} INFO - Processing file /home/ubuntu/.local/lib/python3.10/site-packages/airflow/example_dags/example_branch_datetime_operator.py for tasks to queue
[2024-02-01T15:05:32.372+0100] {logging_mixin.py:188} INFO - [2024-02-01T15:05:32.348+0100] {dagbag.py:538} INFO - Filling up the DagBag from /home/ubuntu/.local/lib/python3.10/site-packages/airflow/example_dags/example_branch_datetime_operator.py
[2024-02-01T15:05:32.421+0100] {processor.py:840} INFO - DAG(s) 'example_branch_datetime_operator', 'example_branch_datetime_operator_2', 'example_branch_datetime_operator_3' retrieved from /home/ubuntu/.local/lib/python3.10/site-packages/airflow/example_dags/example_branch_datetime_operator.py
[2024-02-01T15:05:32.664+0100] {logging_mixin.py:188} INFO - [2024-02-01T15:05:32.664+0100] {dag.py:3033} INFO - Sync 3 DAGs
[2024-02-01T15:05:32.899+0100] {logging_mixin.py:188} INFO - [2024-02-01T15:05:32.898+0100] {dag.py:3820} INFO - Setting next_dagrun for example_branch_datetime_operator to 2024-01-31T00:00:00+00:00, run_after=2024-02-01T00:00:00+00:00
[2024-02-01T15:05:32.932+0100] {logging_mixin.py:188} INFO - [2024-02-01T15:05:32.929+0100] {dag.py:3820} INFO - Setting next_dagrun for example_branch_datetime_operator_2 to 2024-01-31T00:00:00+00:00, run_after=2024-02-01T00:00:00+00:00
[2024-02-01T15:05:32.936+0100] {logging_mixin.py:188} INFO - [2024-02-01T15:05:32.936+0100] {dag.py:3820} INFO - Setting next_dagrun for example_branch_datetime_operator_3 to 2024-01-31T00:00:00+00:00, run_after=2024-02-01T00:00:00+00:00
[2024-02-01T15:05:34.031+0100] {processor.py:183} INFO - Processing /home/ubuntu/.local/lib/python3.10/site-packages/airflow/example_dags/example_branch_datetime_operator.py took 1.777 seconds
[2024-02-01T16:04:57.723+0100] {processor.py:161} INFO - Started process (PID=9404) to work on /home/ubuntu/.local/lib/python3.10/site-packages/airflow/example_dags/example_branch_datetime_operator.py
[2024-02-01T16:04:57.798+0100] {processor.py:830} INFO - Processing file /home/ubuntu/.local/lib/python3.10/site-packages/airflow/example_dags/example_branch_datetime_operator.py for tasks to queue
[2024-02-01T16:04:57.808+0100] {logging_mixin.py:188} INFO - [2024-02-01T16:04:57.800+0100] {dagbag.py:538} INFO - Filling up the DagBag from /home/ubuntu/.local/lib/python3.10/site-packages/airflow/example_dags/example_branch_datetime_operator.py
[2024-02-01T16:04:57.953+0100] {processor.py:840} INFO - DAG(s) 'example_branch_datetime_operator_2', 'example_branch_datetime_operator_3', 'example_branch_datetime_operator' retrieved from /home/ubuntu/.local/lib/python3.10/site-packages/airflow/example_dags/example_branch_datetime_operator.py
[2024-02-01T16:04:58.537+0100] {logging_mixin.py:188} INFO - [2024-02-01T16:04:58.537+0100] {dag.py:3033} INFO - Sync 3 DAGs
[2024-02-01T16:04:58.579+0100] {logging_mixin.py:188} INFO - [2024-02-01T16:04:58.578+0100] {dag.py:3820} INFO - Setting next_dagrun for example_branch_datetime_operator to 2024-01-31T00:00:00+00:00, run_after=2024-02-01T00:00:00+00:00
[2024-02-01T16:04:58.587+0100] {logging_mixin.py:188} INFO - [2024-02-01T16:04:58.587+0100] {dag.py:3820} INFO - Setting next_dagrun for example_branch_datetime_operator_2 to 2024-01-31T00:00:00+00:00, run_after=2024-02-01T00:00:00+00:00
[2024-02-01T16:04:58.592+0100] {logging_mixin.py:188} INFO - [2024-02-01T16:04:58.592+0100] {dag.py:3820} INFO - Setting next_dagrun for example_branch_datetime_operator_3 to 2024-01-31T00:00:00+00:00, run_after=2024-02-01T00:00:00+00:00
[2024-02-01T16:04:58.663+0100] {processor.py:183} INFO - Processing /home/ubuntu/.local/lib/python3.10/site-packages/airflow/example_dags/example_branch_datetime_operator.py took 0.975 seconds
