[2024-02-01T14:08:48.626+0100] {processor.py:161} INFO - Started process (PID=6157) to work on /home/ubuntu/.local/lib/python3.10/site-packages/airflow/example_dags/example_params_ui_tutorial.py
[2024-02-01T14:08:48.628+0100] {processor.py:830} INFO - Processing file /home/ubuntu/.local/lib/python3.10/site-packages/airflow/example_dags/example_params_ui_tutorial.py for tasks to queue
[2024-02-01T14:08:48.654+0100] {logging_mixin.py:188} INFO - [2024-02-01T14:08:48.629+0100] {dagbag.py:538} INFO - Filling up the DagBag from /home/ubuntu/.local/lib/python3.10/site-packages/airflow/example_dags/example_params_ui_tutorial.py
[2024-02-01T14:08:48.809+0100] {processor.py:840} INFO - DAG(s) 'example_params_ui_tutorial' retrieved from /home/ubuntu/.local/lib/python3.10/site-packages/airflow/example_dags/example_params_ui_tutorial.py
[2024-02-01T14:08:50.180+0100] {logging_mixin.py:188} INFO - [2024-02-01T14:08:50.180+0100] {dag.py:3033} INFO - Sync 1 DAGs
[2024-02-01T14:08:50.239+0100] {logging_mixin.py:188} INFO - [2024-02-01T14:08:50.239+0100] {dag.py:3820} INFO - Setting next_dagrun for example_params_ui_tutorial to None, run_after=None
[2024-02-01T14:08:51.034+0100] {processor.py:183} INFO - Processing /home/ubuntu/.local/lib/python3.10/site-packages/airflow/example_dags/example_params_ui_tutorial.py took 2.479 seconds
[2024-02-01T14:11:47.150+0100] {processor.py:161} INFO - Started process (PID=6239) to work on /home/ubuntu/.local/lib/python3.10/site-packages/airflow/example_dags/example_params_ui_tutorial.py
[2024-02-01T14:11:47.201+0100] {processor.py:830} INFO - Processing file /home/ubuntu/.local/lib/python3.10/site-packages/airflow/example_dags/example_params_ui_tutorial.py for tasks to queue
[2024-02-01T14:11:47.221+0100] {logging_mixin.py:188} INFO - [2024-02-01T14:11:47.220+0100] {dagbag.py:538} INFO - Filling up the DagBag from /home/ubuntu/.local/lib/python3.10/site-packages/airflow/example_dags/example_params_ui_tutorial.py
[2024-02-01T14:11:47.302+0100] {processor.py:840} INFO - DAG(s) 'example_params_ui_tutorial' retrieved from /home/ubuntu/.local/lib/python3.10/site-packages/airflow/example_dags/example_params_ui_tutorial.py
[2024-02-01T14:11:47.462+0100] {logging_mixin.py:188} INFO - [2024-02-01T14:11:47.461+0100] {dag.py:3033} INFO - Sync 1 DAGs
[2024-02-01T14:11:47.479+0100] {logging_mixin.py:188} INFO - [2024-02-01T14:11:47.479+0100] {dag.py:3820} INFO - Setting next_dagrun for example_params_ui_tutorial to None, run_after=None
[2024-02-01T14:11:47.767+0100] {processor.py:183} INFO - Processing /home/ubuntu/.local/lib/python3.10/site-packages/airflow/example_dags/example_params_ui_tutorial.py took 0.687 seconds
[2024-02-01T14:13:41.842+0100] {processor.py:161} INFO - Started process (PID=6354) to work on /home/ubuntu/.local/lib/python3.10/site-packages/airflow/example_dags/example_params_ui_tutorial.py
[2024-02-01T14:13:41.908+0100] {processor.py:830} INFO - Processing file /home/ubuntu/.local/lib/python3.10/site-packages/airflow/example_dags/example_params_ui_tutorial.py for tasks to queue
[2024-02-01T14:13:41.911+0100] {logging_mixin.py:188} INFO - [2024-02-01T14:13:41.910+0100] {dagbag.py:538} INFO - Filling up the DagBag from /home/ubuntu/.local/lib/python3.10/site-packages/airflow/example_dags/example_params_ui_tutorial.py
[2024-02-01T14:13:42.011+0100] {processor.py:840} INFO - DAG(s) 'example_params_ui_tutorial' retrieved from /home/ubuntu/.local/lib/python3.10/site-packages/airflow/example_dags/example_params_ui_tutorial.py
[2024-02-01T14:13:43.079+0100] {logging_mixin.py:188} INFO - [2024-02-01T14:13:43.079+0100] {dag.py:3033} INFO - Sync 1 DAGs
[2024-02-01T14:13:43.166+0100] {logging_mixin.py:188} INFO - [2024-02-01T14:13:43.166+0100] {dag.py:3820} INFO - Setting next_dagrun for example_params_ui_tutorial to None, run_after=None
[2024-02-01T14:13:43.905+0100] {processor.py:183} INFO - Processing /home/ubuntu/.local/lib/python3.10/site-packages/airflow/example_dags/example_params_ui_tutorial.py took 2.208 seconds
[2024-02-01T14:17:46.178+0100] {processor.py:161} INFO - Started process (PID=6728) to work on /home/ubuntu/.local/lib/python3.10/site-packages/airflow/example_dags/example_params_ui_tutorial.py
[2024-02-01T14:17:46.184+0100] {processor.py:830} INFO - Processing file /home/ubuntu/.local/lib/python3.10/site-packages/airflow/example_dags/example_params_ui_tutorial.py for tasks to queue
[2024-02-01T14:17:46.243+0100] {logging_mixin.py:188} INFO - [2024-02-01T14:17:46.213+0100] {dagbag.py:538} INFO - Filling up the DagBag from /home/ubuntu/.local/lib/python3.10/site-packages/airflow/example_dags/example_params_ui_tutorial.py
[2024-02-01T14:17:46.346+0100] {processor.py:840} INFO - DAG(s) 'example_params_ui_tutorial' retrieved from /home/ubuntu/.local/lib/python3.10/site-packages/airflow/example_dags/example_params_ui_tutorial.py
[2024-02-01T14:17:46.904+0100] {logging_mixin.py:188} INFO - [2024-02-01T14:17:46.899+0100] {dag.py:3033} INFO - Sync 1 DAGs
[2024-02-01T14:17:49.352+0100] {logging_mixin.py:188} INFO - [2024-02-01T14:17:49.350+0100] {dag.py:3820} INFO - Setting next_dagrun for example_params_ui_tutorial to None, run_after=None
[2024-02-01T14:17:53.173+0100] {processor.py:183} INFO - Processing /home/ubuntu/.local/lib/python3.10/site-packages/airflow/example_dags/example_params_ui_tutorial.py took 7.049 seconds
[2024-02-01T14:21:23.880+0100] {processor.py:161} INFO - Started process (PID=7906) to work on /home/ubuntu/.local/lib/python3.10/site-packages/airflow/example_dags/example_params_ui_tutorial.py
[2024-02-01T14:21:23.972+0100] {processor.py:830} INFO - Processing file /home/ubuntu/.local/lib/python3.10/site-packages/airflow/example_dags/example_params_ui_tutorial.py for tasks to queue
[2024-02-01T14:21:23.988+0100] {logging_mixin.py:188} INFO - [2024-02-01T14:21:23.981+0100] {dagbag.py:538} INFO - Filling up the DagBag from /home/ubuntu/.local/lib/python3.10/site-packages/airflow/example_dags/example_params_ui_tutorial.py
[2024-02-01T14:21:24.307+0100] {processor.py:840} INFO - DAG(s) 'example_params_ui_tutorial' retrieved from /home/ubuntu/.local/lib/python3.10/site-packages/airflow/example_dags/example_params_ui_tutorial.py
[2024-02-01T14:21:24.968+0100] {logging_mixin.py:188} INFO - [2024-02-01T14:21:24.968+0100] {dag.py:3033} INFO - Sync 1 DAGs
[2024-02-01T14:21:26.070+0100] {logging_mixin.py:188} INFO - [2024-02-01T14:21:26.067+0100] {dag.py:3820} INFO - Setting next_dagrun for example_params_ui_tutorial to None, run_after=None
[2024-02-01T14:21:27.267+0100] {processor.py:183} INFO - Processing /home/ubuntu/.local/lib/python3.10/site-packages/airflow/example_dags/example_params_ui_tutorial.py took 3.418 seconds
[2024-02-01T14:24:32.735+0100] {processor.py:161} INFO - Started process (PID=8044) to work on /home/ubuntu/.local/lib/python3.10/site-packages/airflow/example_dags/example_params_ui_tutorial.py
[2024-02-01T14:24:32.798+0100] {processor.py:830} INFO - Processing file /home/ubuntu/.local/lib/python3.10/site-packages/airflow/example_dags/example_params_ui_tutorial.py for tasks to queue
[2024-02-01T14:24:32.800+0100] {logging_mixin.py:188} INFO - [2024-02-01T14:24:32.799+0100] {dagbag.py:538} INFO - Filling up the DagBag from /home/ubuntu/.local/lib/python3.10/site-packages/airflow/example_dags/example_params_ui_tutorial.py
[2024-02-01T14:24:32.930+0100] {processor.py:840} INFO - DAG(s) 'example_params_ui_tutorial' retrieved from /home/ubuntu/.local/lib/python3.10/site-packages/airflow/example_dags/example_params_ui_tutorial.py
[2024-02-01T14:24:33.437+0100] {logging_mixin.py:188} INFO - [2024-02-01T14:24:33.429+0100] {dag.py:3033} INFO - Sync 1 DAGs
[2024-02-01T14:24:33.676+0100] {logging_mixin.py:188} INFO - [2024-02-01T14:24:33.675+0100] {dag.py:3820} INFO - Setting next_dagrun for example_params_ui_tutorial to None, run_after=None
[2024-02-01T14:24:36.211+0100] {processor.py:183} INFO - Processing /home/ubuntu/.local/lib/python3.10/site-packages/airflow/example_dags/example_params_ui_tutorial.py took 3.523 seconds
[2024-02-01T14:26:55.523+0100] {processor.py:161} INFO - Started process (PID=8125) to work on /home/ubuntu/.local/lib/python3.10/site-packages/airflow/example_dags/example_params_ui_tutorial.py
[2024-02-01T14:26:55.581+0100] {processor.py:830} INFO - Processing file /home/ubuntu/.local/lib/python3.10/site-packages/airflow/example_dags/example_params_ui_tutorial.py for tasks to queue
[2024-02-01T14:26:55.583+0100] {logging_mixin.py:188} INFO - [2024-02-01T14:26:55.582+0100] {dagbag.py:538} INFO - Filling up the DagBag from /home/ubuntu/.local/lib/python3.10/site-packages/airflow/example_dags/example_params_ui_tutorial.py
[2024-02-01T14:26:55.684+0100] {processor.py:840} INFO - DAG(s) 'example_params_ui_tutorial' retrieved from /home/ubuntu/.local/lib/python3.10/site-packages/airflow/example_dags/example_params_ui_tutorial.py
[2024-02-01T14:26:56.112+0100] {logging_mixin.py:188} INFO - [2024-02-01T14:26:56.111+0100] {dag.py:3033} INFO - Sync 1 DAGs
[2024-02-01T14:26:56.266+0100] {logging_mixin.py:188} INFO - [2024-02-01T14:26:56.266+0100] {dag.py:3820} INFO - Setting next_dagrun for example_params_ui_tutorial to None, run_after=None
[2024-02-01T14:26:56.932+0100] {processor.py:183} INFO - Processing /home/ubuntu/.local/lib/python3.10/site-packages/airflow/example_dags/example_params_ui_tutorial.py took 1.438 seconds
[2024-02-01T14:30:13.632+0100] {processor.py:161} INFO - Started process (PID=8215) to work on /home/ubuntu/.local/lib/python3.10/site-packages/airflow/example_dags/example_params_ui_tutorial.py
[2024-02-01T14:30:13.711+0100] {processor.py:830} INFO - Processing file /home/ubuntu/.local/lib/python3.10/site-packages/airflow/example_dags/example_params_ui_tutorial.py for tasks to queue
[2024-02-01T14:30:13.712+0100] {logging_mixin.py:188} INFO - [2024-02-01T14:30:13.712+0100] {dagbag.py:538} INFO - Filling up the DagBag from /home/ubuntu/.local/lib/python3.10/site-packages/airflow/example_dags/example_params_ui_tutorial.py
[2024-02-01T14:30:13.783+0100] {processor.py:840} INFO - DAG(s) 'example_params_ui_tutorial' retrieved from /home/ubuntu/.local/lib/python3.10/site-packages/airflow/example_dags/example_params_ui_tutorial.py
[2024-02-01T14:30:14.770+0100] {logging_mixin.py:188} INFO - [2024-02-01T14:30:14.769+0100] {dag.py:3033} INFO - Sync 1 DAGs
[2024-02-01T14:30:14.872+0100] {logging_mixin.py:188} INFO - [2024-02-01T14:30:14.871+0100] {dag.py:3820} INFO - Setting next_dagrun for example_params_ui_tutorial to None, run_after=None
[2024-02-01T14:30:15.657+0100] {processor.py:183} INFO - Processing /home/ubuntu/.local/lib/python3.10/site-packages/airflow/example_dags/example_params_ui_tutorial.py took 2.119 seconds
[2024-02-01T14:32:50.542+0100] {processor.py:161} INFO - Started process (PID=8508) to work on /home/ubuntu/.local/lib/python3.10/site-packages/airflow/example_dags/example_params_ui_tutorial.py
[2024-02-01T14:32:50.596+0100] {processor.py:830} INFO - Processing file /home/ubuntu/.local/lib/python3.10/site-packages/airflow/example_dags/example_params_ui_tutorial.py for tasks to queue
[2024-02-01T14:32:50.599+0100] {logging_mixin.py:188} INFO - [2024-02-01T14:32:50.598+0100] {dagbag.py:538} INFO - Filling up the DagBag from /home/ubuntu/.local/lib/python3.10/site-packages/airflow/example_dags/example_params_ui_tutorial.py
[2024-02-01T14:32:50.747+0100] {processor.py:840} INFO - DAG(s) 'example_params_ui_tutorial' retrieved from /home/ubuntu/.local/lib/python3.10/site-packages/airflow/example_dags/example_params_ui_tutorial.py
[2024-02-01T14:32:51.157+0100] {logging_mixin.py:188} INFO - [2024-02-01T14:32:51.156+0100] {dag.py:3033} INFO - Sync 1 DAGs
[2024-02-01T14:32:51.362+0100] {logging_mixin.py:188} INFO - [2024-02-01T14:32:51.362+0100] {dag.py:3820} INFO - Setting next_dagrun for example_params_ui_tutorial to None, run_after=None
[2024-02-01T14:32:52.499+0100] {processor.py:183} INFO - Processing /home/ubuntu/.local/lib/python3.10/site-packages/airflow/example_dags/example_params_ui_tutorial.py took 1.974 seconds
[2024-02-01T14:35:07.316+0100] {processor.py:161} INFO - Started process (PID=8774) to work on /home/ubuntu/.local/lib/python3.10/site-packages/airflow/example_dags/example_params_ui_tutorial.py
[2024-02-01T14:35:07.394+0100] {processor.py:830} INFO - Processing file /home/ubuntu/.local/lib/python3.10/site-packages/airflow/example_dags/example_params_ui_tutorial.py for tasks to queue
[2024-02-01T14:35:07.396+0100] {logging_mixin.py:188} INFO - [2024-02-01T14:35:07.395+0100] {dagbag.py:538} INFO - Filling up the DagBag from /home/ubuntu/.local/lib/python3.10/site-packages/airflow/example_dags/example_params_ui_tutorial.py
[2024-02-01T14:35:07.547+0100] {processor.py:840} INFO - DAG(s) 'example_params_ui_tutorial' retrieved from /home/ubuntu/.local/lib/python3.10/site-packages/airflow/example_dags/example_params_ui_tutorial.py
[2024-02-01T14:35:08.006+0100] {logging_mixin.py:188} INFO - [2024-02-01T14:35:08.005+0100] {dag.py:3033} INFO - Sync 1 DAGs
[2024-02-01T14:35:08.107+0100] {logging_mixin.py:188} INFO - [2024-02-01T14:35:08.107+0100] {dag.py:3820} INFO - Setting next_dagrun for example_params_ui_tutorial to None, run_after=None
[2024-02-01T14:35:08.450+0100] {processor.py:183} INFO - Processing /home/ubuntu/.local/lib/python3.10/site-packages/airflow/example_dags/example_params_ui_tutorial.py took 1.154 seconds
[2024-02-01T14:37:15.704+0100] {processor.py:161} INFO - Started process (PID=8991) to work on /home/ubuntu/.local/lib/python3.10/site-packages/airflow/example_dags/example_params_ui_tutorial.py
[2024-02-01T14:37:15.779+0100] {processor.py:830} INFO - Processing file /home/ubuntu/.local/lib/python3.10/site-packages/airflow/example_dags/example_params_ui_tutorial.py for tasks to queue
[2024-02-01T14:37:15.781+0100] {logging_mixin.py:188} INFO - [2024-02-01T14:37:15.780+0100] {dagbag.py:538} INFO - Filling up the DagBag from /home/ubuntu/.local/lib/python3.10/site-packages/airflow/example_dags/example_params_ui_tutorial.py
[2024-02-01T14:37:16.028+0100] {processor.py:840} INFO - DAG(s) 'example_params_ui_tutorial' retrieved from /home/ubuntu/.local/lib/python3.10/site-packages/airflow/example_dags/example_params_ui_tutorial.py
[2024-02-01T14:37:16.532+0100] {logging_mixin.py:188} INFO - [2024-02-01T14:37:16.531+0100] {dag.py:3033} INFO - Sync 1 DAGs
[2024-02-01T14:37:16.688+0100] {logging_mixin.py:188} INFO - [2024-02-01T14:37:16.687+0100] {dag.py:3820} INFO - Setting next_dagrun for example_params_ui_tutorial to None, run_after=None
[2024-02-01T14:37:17.468+0100] {processor.py:183} INFO - Processing /home/ubuntu/.local/lib/python3.10/site-packages/airflow/example_dags/example_params_ui_tutorial.py took 1.786 seconds
[2024-02-01T14:41:47.962+0100] {processor.py:161} INFO - Started process (PID=9850) to work on /home/ubuntu/.local/lib/python3.10/site-packages/airflow/example_dags/example_params_ui_tutorial.py
[2024-02-01T14:41:48.160+0100] {processor.py:830} INFO - Processing file /home/ubuntu/.local/lib/python3.10/site-packages/airflow/example_dags/example_params_ui_tutorial.py for tasks to queue
[2024-02-01T14:41:48.192+0100] {logging_mixin.py:188} INFO - [2024-02-01T14:41:48.191+0100] {dagbag.py:538} INFO - Filling up the DagBag from /home/ubuntu/.local/lib/python3.10/site-packages/airflow/example_dags/example_params_ui_tutorial.py
[2024-02-01T14:41:48.494+0100] {processor.py:840} INFO - DAG(s) 'example_params_ui_tutorial' retrieved from /home/ubuntu/.local/lib/python3.10/site-packages/airflow/example_dags/example_params_ui_tutorial.py
[2024-02-01T14:41:49.492+0100] {logging_mixin.py:188} INFO - [2024-02-01T14:41:49.492+0100] {dag.py:3033} INFO - Sync 1 DAGs
[2024-02-01T14:41:49.599+0100] {logging_mixin.py:188} INFO - [2024-02-01T14:41:49.598+0100] {dag.py:3820} INFO - Setting next_dagrun for example_params_ui_tutorial to None, run_after=None
[2024-02-01T14:41:50.668+0100] {processor.py:183} INFO - Processing /home/ubuntu/.local/lib/python3.10/site-packages/airflow/example_dags/example_params_ui_tutorial.py took 2.753 seconds
[2024-02-01T14:47:07.825+0100] {processor.py:161} INFO - Started process (PID=10181) to work on /home/ubuntu/.local/lib/python3.10/site-packages/airflow/example_dags/example_params_ui_tutorial.py
[2024-02-01T14:47:07.862+0100] {processor.py:830} INFO - Processing file /home/ubuntu/.local/lib/python3.10/site-packages/airflow/example_dags/example_params_ui_tutorial.py for tasks to queue
[2024-02-01T14:47:07.864+0100] {logging_mixin.py:188} INFO - [2024-02-01T14:47:07.863+0100] {dagbag.py:538} INFO - Filling up the DagBag from /home/ubuntu/.local/lib/python3.10/site-packages/airflow/example_dags/example_params_ui_tutorial.py
[2024-02-01T14:47:08.120+0100] {processor.py:840} INFO - DAG(s) 'example_params_ui_tutorial' retrieved from /home/ubuntu/.local/lib/python3.10/site-packages/airflow/example_dags/example_params_ui_tutorial.py
[2024-02-01T14:47:08.672+0100] {logging_mixin.py:188} INFO - [2024-02-01T14:47:08.672+0100] {dag.py:3033} INFO - Sync 1 DAGs
[2024-02-01T14:47:08.768+0100] {logging_mixin.py:188} INFO - [2024-02-01T14:47:08.768+0100] {dag.py:3820} INFO - Setting next_dagrun for example_params_ui_tutorial to None, run_after=None
[2024-02-01T14:47:09.638+0100] {processor.py:183} INFO - Processing /home/ubuntu/.local/lib/python3.10/site-packages/airflow/example_dags/example_params_ui_tutorial.py took 1.840 seconds
[2024-02-01T14:51:14.578+0100] {processor.py:161} INFO - Started process (PID=10371) to work on /home/ubuntu/.local/lib/python3.10/site-packages/airflow/example_dags/example_params_ui_tutorial.py
[2024-02-01T14:51:14.600+0100] {processor.py:830} INFO - Processing file /home/ubuntu/.local/lib/python3.10/site-packages/airflow/example_dags/example_params_ui_tutorial.py for tasks to queue
[2024-02-01T14:51:14.606+0100] {logging_mixin.py:188} INFO - [2024-02-01T14:51:14.604+0100] {dagbag.py:538} INFO - Filling up the DagBag from /home/ubuntu/.local/lib/python3.10/site-packages/airflow/example_dags/example_params_ui_tutorial.py
[2024-02-01T14:51:14.891+0100] {processor.py:840} INFO - DAG(s) 'example_params_ui_tutorial' retrieved from /home/ubuntu/.local/lib/python3.10/site-packages/airflow/example_dags/example_params_ui_tutorial.py
[2024-02-01T14:51:16.604+0100] {logging_mixin.py:188} INFO - [2024-02-01T14:51:16.603+0100] {dag.py:3033} INFO - Sync 1 DAGs
[2024-02-01T14:51:16.729+0100] {logging_mixin.py:188} INFO - [2024-02-01T14:51:16.728+0100] {dag.py:3820} INFO - Setting next_dagrun for example_params_ui_tutorial to None, run_after=None
[2024-02-01T14:51:17.944+0100] {processor.py:183} INFO - Processing /home/ubuntu/.local/lib/python3.10/site-packages/airflow/example_dags/example_params_ui_tutorial.py took 3.383 seconds
[2024-02-01T14:55:32.344+0100] {processor.py:161} INFO - Started process (PID=11120) to work on /home/ubuntu/.local/lib/python3.10/site-packages/airflow/example_dags/example_params_ui_tutorial.py
[2024-02-01T14:55:32.511+0100] {processor.py:830} INFO - Processing file /home/ubuntu/.local/lib/python3.10/site-packages/airflow/example_dags/example_params_ui_tutorial.py for tasks to queue
[2024-02-01T14:55:32.512+0100] {logging_mixin.py:188} INFO - [2024-02-01T14:55:32.512+0100] {dagbag.py:538} INFO - Filling up the DagBag from /home/ubuntu/.local/lib/python3.10/site-packages/airflow/example_dags/example_params_ui_tutorial.py
[2024-02-01T14:55:32.794+0100] {processor.py:840} INFO - DAG(s) 'example_params_ui_tutorial' retrieved from /home/ubuntu/.local/lib/python3.10/site-packages/airflow/example_dags/example_params_ui_tutorial.py
[2024-02-01T14:55:33.843+0100] {logging_mixin.py:188} INFO - [2024-02-01T14:55:33.843+0100] {dag.py:3033} INFO - Sync 1 DAGs
[2024-02-01T14:55:34.076+0100] {logging_mixin.py:188} INFO - [2024-02-01T14:55:34.076+0100] {dag.py:3820} INFO - Setting next_dagrun for example_params_ui_tutorial to None, run_after=None
[2024-02-01T14:55:35.606+0100] {processor.py:183} INFO - Processing /home/ubuntu/.local/lib/python3.10/site-packages/airflow/example_dags/example_params_ui_tutorial.py took 3.315 seconds
[2024-02-01T15:00:41.315+0100] {processor.py:161} INFO - Started process (PID=11624) to work on /home/ubuntu/.local/lib/python3.10/site-packages/airflow/example_dags/example_params_ui_tutorial.py
[2024-02-01T15:00:41.425+0100] {processor.py:830} INFO - Processing file /home/ubuntu/.local/lib/python3.10/site-packages/airflow/example_dags/example_params_ui_tutorial.py for tasks to queue
[2024-02-01T15:00:41.427+0100] {logging_mixin.py:188} INFO - [2024-02-01T15:00:41.426+0100] {dagbag.py:538} INFO - Filling up the DagBag from /home/ubuntu/.local/lib/python3.10/site-packages/airflow/example_dags/example_params_ui_tutorial.py
[2024-02-01T15:00:41.762+0100] {processor.py:840} INFO - DAG(s) 'example_params_ui_tutorial' retrieved from /home/ubuntu/.local/lib/python3.10/site-packages/airflow/example_dags/example_params_ui_tutorial.py
[2024-02-01T15:00:42.880+0100] {logging_mixin.py:188} INFO - [2024-02-01T15:00:42.871+0100] {dag.py:3033} INFO - Sync 1 DAGs
[2024-02-01T15:00:43.017+0100] {logging_mixin.py:188} INFO - [2024-02-01T15:00:43.017+0100] {dag.py:3820} INFO - Setting next_dagrun for example_params_ui_tutorial to None, run_after=None
[2024-02-01T15:00:43.786+0100] {processor.py:183} INFO - Processing /home/ubuntu/.local/lib/python3.10/site-packages/airflow/example_dags/example_params_ui_tutorial.py took 2.484 seconds
[2024-02-01T15:04:58.353+0100] {processor.py:161} INFO - Started process (PID=11800) to work on /home/ubuntu/.local/lib/python3.10/site-packages/airflow/example_dags/example_params_ui_tutorial.py
[2024-02-01T15:04:58.413+0100] {processor.py:830} INFO - Processing file /home/ubuntu/.local/lib/python3.10/site-packages/airflow/example_dags/example_params_ui_tutorial.py for tasks to queue
[2024-02-01T15:04:58.415+0100] {logging_mixin.py:188} INFO - [2024-02-01T15:04:58.414+0100] {dagbag.py:538} INFO - Filling up the DagBag from /home/ubuntu/.local/lib/python3.10/site-packages/airflow/example_dags/example_params_ui_tutorial.py
[2024-02-01T15:04:58.544+0100] {processor.py:840} INFO - DAG(s) 'example_params_ui_tutorial' retrieved from /home/ubuntu/.local/lib/python3.10/site-packages/airflow/example_dags/example_params_ui_tutorial.py
[2024-02-01T15:04:59.224+0100] {logging_mixin.py:188} INFO - [2024-02-01T15:04:59.189+0100] {dag.py:3033} INFO - Sync 1 DAGs
[2024-02-01T15:04:59.280+0100] {logging_mixin.py:188} INFO - [2024-02-01T15:04:59.279+0100] {dag.py:3820} INFO - Setting next_dagrun for example_params_ui_tutorial to None, run_after=None
[2024-02-01T15:04:59.762+0100] {processor.py:183} INFO - Processing /home/ubuntu/.local/lib/python3.10/site-packages/airflow/example_dags/example_params_ui_tutorial.py took 1.435 seconds
[2024-02-01T16:04:00.146+0100] {processor.py:161} INFO - Started process (PID=9225) to work on /home/ubuntu/.local/lib/python3.10/site-packages/airflow/example_dags/example_params_ui_tutorial.py
[2024-02-01T16:04:00.188+0100] {processor.py:830} INFO - Processing file /home/ubuntu/.local/lib/python3.10/site-packages/airflow/example_dags/example_params_ui_tutorial.py for tasks to queue
[2024-02-01T16:04:00.190+0100] {logging_mixin.py:188} INFO - [2024-02-01T16:04:00.189+0100] {dagbag.py:538} INFO - Filling up the DagBag from /home/ubuntu/.local/lib/python3.10/site-packages/airflow/example_dags/example_params_ui_tutorial.py
[2024-02-01T16:04:00.364+0100] {processor.py:840} INFO - DAG(s) 'example_params_ui_tutorial' retrieved from /home/ubuntu/.local/lib/python3.10/site-packages/airflow/example_dags/example_params_ui_tutorial.py
[2024-02-01T16:04:01.705+0100] {logging_mixin.py:188} INFO - [2024-02-01T16:04:01.704+0100] {dag.py:3033} INFO - Sync 1 DAGs
[2024-02-01T16:04:01.742+0100] {logging_mixin.py:188} INFO - [2024-02-01T16:04:01.742+0100] {dag.py:3820} INFO - Setting next_dagrun for example_params_ui_tutorial to None, run_after=None
[2024-02-01T16:04:02.883+0100] {processor.py:183} INFO - Processing /home/ubuntu/.local/lib/python3.10/site-packages/airflow/example_dags/example_params_ui_tutorial.py took 2.793 seconds
