[2024-02-01T14:08:16.496+0100] {processor.py:161} INFO - Started process (PID=6142) to work on /home/ubuntu/.local/lib/python3.10/site-packages/airflow/example_dags/example_branch_day_of_week_operator.py
[2024-02-01T14:08:16.498+0100] {processor.py:830} INFO - Processing file /home/ubuntu/.local/lib/python3.10/site-packages/airflow/example_dags/example_branch_day_of_week_operator.py for tasks to queue
[2024-02-01T14:08:16.506+0100] {logging_mixin.py:188} INFO - [2024-02-01T14:08:16.505+0100] {dagbag.py:538} INFO - Filling up the DagBag from /home/ubuntu/.local/lib/python3.10/site-packages/airflow/example_dags/example_branch_day_of_week_operator.py
[2024-02-01T14:08:16.569+0100] {processor.py:840} INFO - DAG(s) 'example_weekday_branch_operator' retrieved from /home/ubuntu/.local/lib/python3.10/site-packages/airflow/example_dags/example_branch_day_of_week_operator.py
[2024-02-01T14:08:17.456+0100] {logging_mixin.py:188} INFO - [2024-02-01T14:08:17.456+0100] {dag.py:3033} INFO - Sync 1 DAGs
[2024-02-01T14:08:17.537+0100] {logging_mixin.py:188} INFO - [2024-02-01T14:08:17.537+0100] {dag.py:3820} INFO - Setting next_dagrun for example_weekday_branch_operator to 2024-01-31T00:00:00+00:00, run_after=2024-02-01T00:00:00+00:00
[2024-02-01T14:08:18.510+0100] {processor.py:183} INFO - Processing /home/ubuntu/.local/lib/python3.10/site-packages/airflow/example_dags/example_branch_day_of_week_operator.py took 2.030 seconds
[2024-02-01T14:11:25.599+0100] {processor.py:161} INFO - Started process (PID=6231) to work on /home/ubuntu/.local/lib/python3.10/site-packages/airflow/example_dags/example_branch_day_of_week_operator.py
[2024-02-01T14:11:25.610+0100] {processor.py:830} INFO - Processing file /home/ubuntu/.local/lib/python3.10/site-packages/airflow/example_dags/example_branch_day_of_week_operator.py for tasks to queue
[2024-02-01T14:11:25.613+0100] {logging_mixin.py:188} INFO - [2024-02-01T14:11:25.612+0100] {dagbag.py:538} INFO - Filling up the DagBag from /home/ubuntu/.local/lib/python3.10/site-packages/airflow/example_dags/example_branch_day_of_week_operator.py
[2024-02-01T14:11:25.670+0100] {processor.py:840} INFO - DAG(s) 'example_weekday_branch_operator' retrieved from /home/ubuntu/.local/lib/python3.10/site-packages/airflow/example_dags/example_branch_day_of_week_operator.py
[2024-02-01T14:11:25.833+0100] {logging_mixin.py:188} INFO - [2024-02-01T14:11:25.833+0100] {dag.py:3033} INFO - Sync 1 DAGs
[2024-02-01T14:11:26.397+0100] {logging_mixin.py:188} INFO - [2024-02-01T14:11:26.396+0100] {dag.py:3820} INFO - Setting next_dagrun for example_weekday_branch_operator to 2024-01-31T00:00:00+00:00, run_after=2024-02-01T00:00:00+00:00
[2024-02-01T14:11:26.978+0100] {processor.py:183} INFO - Processing /home/ubuntu/.local/lib/python3.10/site-packages/airflow/example_dags/example_branch_day_of_week_operator.py took 1.408 seconds
[2024-02-01T14:13:17.338+0100] {processor.py:161} INFO - Started process (PID=6316) to work on /home/ubuntu/.local/lib/python3.10/site-packages/airflow/example_dags/example_branch_day_of_week_operator.py
[2024-02-01T14:13:17.360+0100] {processor.py:830} INFO - Processing file /home/ubuntu/.local/lib/python3.10/site-packages/airflow/example_dags/example_branch_day_of_week_operator.py for tasks to queue
[2024-02-01T14:13:17.363+0100] {logging_mixin.py:188} INFO - [2024-02-01T14:13:17.362+0100] {dagbag.py:538} INFO - Filling up the DagBag from /home/ubuntu/.local/lib/python3.10/site-packages/airflow/example_dags/example_branch_day_of_week_operator.py
[2024-02-01T14:13:17.416+0100] {processor.py:840} INFO - DAG(s) 'example_weekday_branch_operator' retrieved from /home/ubuntu/.local/lib/python3.10/site-packages/airflow/example_dags/example_branch_day_of_week_operator.py
[2024-02-01T14:13:17.539+0100] {logging_mixin.py:188} INFO - [2024-02-01T14:13:17.538+0100] {dag.py:3033} INFO - Sync 1 DAGs
[2024-02-01T14:13:17.686+0100] {logging_mixin.py:188} INFO - [2024-02-01T14:13:17.686+0100] {dag.py:3820} INFO - Setting next_dagrun for example_weekday_branch_operator to 2024-01-31T00:00:00+00:00, run_after=2024-02-01T00:00:00+00:00
[2024-02-01T14:13:18.099+0100] {processor.py:183} INFO - Processing /home/ubuntu/.local/lib/python3.10/site-packages/airflow/example_dags/example_branch_day_of_week_operator.py took 0.787 seconds
[2024-02-01T14:15:05.308+0100] {processor.py:161} INFO - Started process (PID=6419) to work on /home/ubuntu/.local/lib/python3.10/site-packages/airflow/example_dags/example_branch_day_of_week_operator.py
[2024-02-01T14:15:05.374+0100] {processor.py:830} INFO - Processing file /home/ubuntu/.local/lib/python3.10/site-packages/airflow/example_dags/example_branch_day_of_week_operator.py for tasks to queue
[2024-02-01T14:15:05.380+0100] {logging_mixin.py:188} INFO - [2024-02-01T14:15:05.375+0100] {dagbag.py:538} INFO - Filling up the DagBag from /home/ubuntu/.local/lib/python3.10/site-packages/airflow/example_dags/example_branch_day_of_week_operator.py
[2024-02-01T14:15:05.424+0100] {processor.py:840} INFO - DAG(s) 'example_weekday_branch_operator' retrieved from /home/ubuntu/.local/lib/python3.10/site-packages/airflow/example_dags/example_branch_day_of_week_operator.py
[2024-02-01T14:15:05.663+0100] {logging_mixin.py:188} INFO - [2024-02-01T14:15:05.663+0100] {dag.py:3033} INFO - Sync 1 DAGs
[2024-02-01T14:15:05.757+0100] {logging_mixin.py:188} INFO - [2024-02-01T14:15:05.757+0100] {dag.py:3820} INFO - Setting next_dagrun for example_weekday_branch_operator to 2024-01-31T00:00:00+00:00, run_after=2024-02-01T00:00:00+00:00
[2024-02-01T14:15:06.256+0100] {processor.py:183} INFO - Processing /home/ubuntu/.local/lib/python3.10/site-packages/airflow/example_dags/example_branch_day_of_week_operator.py took 1.001 seconds
[2024-02-01T14:17:14.628+0100] {processor.py:161} INFO - Started process (PID=6650) to work on /home/ubuntu/.local/lib/python3.10/site-packages/airflow/example_dags/example_branch_day_of_week_operator.py
[2024-02-01T14:17:14.661+0100] {processor.py:830} INFO - Processing file /home/ubuntu/.local/lib/python3.10/site-packages/airflow/example_dags/example_branch_day_of_week_operator.py for tasks to queue
[2024-02-01T14:17:14.663+0100] {logging_mixin.py:188} INFO - [2024-02-01T14:17:14.662+0100] {dagbag.py:538} INFO - Filling up the DagBag from /home/ubuntu/.local/lib/python3.10/site-packages/airflow/example_dags/example_branch_day_of_week_operator.py
[2024-02-01T14:17:14.771+0100] {processor.py:840} INFO - DAG(s) 'example_weekday_branch_operator' retrieved from /home/ubuntu/.local/lib/python3.10/site-packages/airflow/example_dags/example_branch_day_of_week_operator.py
[2024-02-01T14:17:14.859+0100] {logging_mixin.py:188} INFO - [2024-02-01T14:17:14.859+0100] {dag.py:3033} INFO - Sync 1 DAGs
[2024-02-01T14:17:15.075+0100] {logging_mixin.py:188} INFO - [2024-02-01T14:17:15.074+0100] {dag.py:3820} INFO - Setting next_dagrun for example_weekday_branch_operator to 2024-01-31T00:00:00+00:00, run_after=2024-02-01T00:00:00+00:00
[2024-02-01T14:17:15.328+0100] {processor.py:183} INFO - Processing /home/ubuntu/.local/lib/python3.10/site-packages/airflow/example_dags/example_branch_day_of_week_operator.py took 0.730 seconds
[2024-02-01T14:20:48.316+0100] {processor.py:161} INFO - Started process (PID=7713) to work on /home/ubuntu/.local/lib/python3.10/site-packages/airflow/example_dags/example_branch_day_of_week_operator.py
[2024-02-01T14:20:48.406+0100] {processor.py:830} INFO - Processing file /home/ubuntu/.local/lib/python3.10/site-packages/airflow/example_dags/example_branch_day_of_week_operator.py for tasks to queue
[2024-02-01T14:20:48.424+0100] {logging_mixin.py:188} INFO - [2024-02-01T14:20:48.423+0100] {dagbag.py:538} INFO - Filling up the DagBag from /home/ubuntu/.local/lib/python3.10/site-packages/airflow/example_dags/example_branch_day_of_week_operator.py
[2024-02-01T14:20:48.546+0100] {processor.py:840} INFO - DAG(s) 'example_weekday_branch_operator' retrieved from /home/ubuntu/.local/lib/python3.10/site-packages/airflow/example_dags/example_branch_day_of_week_operator.py
[2024-02-01T14:20:48.723+0100] {logging_mixin.py:188} INFO - [2024-02-01T14:20:48.722+0100] {dag.py:3033} INFO - Sync 1 DAGs
[2024-02-01T14:20:48.952+0100] {logging_mixin.py:188} INFO - [2024-02-01T14:20:48.952+0100] {dag.py:3820} INFO - Setting next_dagrun for example_weekday_branch_operator to 2024-01-31T00:00:00+00:00, run_after=2024-02-01T00:00:00+00:00
[2024-02-01T14:20:49.990+0100] {processor.py:183} INFO - Processing /home/ubuntu/.local/lib/python3.10/site-packages/airflow/example_dags/example_branch_day_of_week_operator.py took 1.682 seconds
[2024-02-01T14:23:56.536+0100] {processor.py:161} INFO - Started process (PID=8023) to work on /home/ubuntu/.local/lib/python3.10/site-packages/airflow/example_dags/example_branch_day_of_week_operator.py
[2024-02-01T14:23:56.542+0100] {processor.py:830} INFO - Processing file /home/ubuntu/.local/lib/python3.10/site-packages/airflow/example_dags/example_branch_day_of_week_operator.py for tasks to queue
[2024-02-01T14:23:56.544+0100] {logging_mixin.py:188} INFO - [2024-02-01T14:23:56.543+0100] {dagbag.py:538} INFO - Filling up the DagBag from /home/ubuntu/.local/lib/python3.10/site-packages/airflow/example_dags/example_branch_day_of_week_operator.py
[2024-02-01T14:23:56.605+0100] {processor.py:840} INFO - DAG(s) 'example_weekday_branch_operator' retrieved from /home/ubuntu/.local/lib/python3.10/site-packages/airflow/example_dags/example_branch_day_of_week_operator.py
[2024-02-01T14:23:56.787+0100] {logging_mixin.py:188} INFO - [2024-02-01T14:23:56.787+0100] {dag.py:3033} INFO - Sync 1 DAGs
[2024-02-01T14:23:56.878+0100] {logging_mixin.py:188} INFO - [2024-02-01T14:23:56.877+0100] {dag.py:3820} INFO - Setting next_dagrun for example_weekday_branch_operator to 2024-01-31T00:00:00+00:00, run_after=2024-02-01T00:00:00+00:00
[2024-02-01T14:23:57.482+0100] {processor.py:183} INFO - Processing /home/ubuntu/.local/lib/python3.10/site-packages/airflow/example_dags/example_branch_day_of_week_operator.py took 0.964 seconds
[2024-02-01T14:26:32.232+0100] {processor.py:161} INFO - Started process (PID=8114) to work on /home/ubuntu/.local/lib/python3.10/site-packages/airflow/example_dags/example_branch_day_of_week_operator.py
[2024-02-01T14:26:32.287+0100] {processor.py:830} INFO - Processing file /home/ubuntu/.local/lib/python3.10/site-packages/airflow/example_dags/example_branch_day_of_week_operator.py for tasks to queue
[2024-02-01T14:26:32.300+0100] {logging_mixin.py:188} INFO - [2024-02-01T14:26:32.294+0100] {dagbag.py:538} INFO - Filling up the DagBag from /home/ubuntu/.local/lib/python3.10/site-packages/airflow/example_dags/example_branch_day_of_week_operator.py
[2024-02-01T14:26:32.323+0100] {processor.py:840} INFO - DAG(s) 'example_weekday_branch_operator' retrieved from /home/ubuntu/.local/lib/python3.10/site-packages/airflow/example_dags/example_branch_day_of_week_operator.py
[2024-02-01T14:26:32.424+0100] {logging_mixin.py:188} INFO - [2024-02-01T14:26:32.424+0100] {dag.py:3033} INFO - Sync 1 DAGs
[2024-02-01T14:26:32.614+0100] {logging_mixin.py:188} INFO - [2024-02-01T14:26:32.613+0100] {dag.py:3820} INFO - Setting next_dagrun for example_weekday_branch_operator to 2024-01-31T00:00:00+00:00, run_after=2024-02-01T00:00:00+00:00
[2024-02-01T14:26:33.820+0100] {processor.py:183} INFO - Processing /home/ubuntu/.local/lib/python3.10/site-packages/airflow/example_dags/example_branch_day_of_week_operator.py took 1.680 seconds
[2024-02-01T14:29:46.769+0100] {processor.py:161} INFO - Started process (PID=8202) to work on /home/ubuntu/.local/lib/python3.10/site-packages/airflow/example_dags/example_branch_day_of_week_operator.py
[2024-02-01T14:29:46.921+0100] {processor.py:830} INFO - Processing file /home/ubuntu/.local/lib/python3.10/site-packages/airflow/example_dags/example_branch_day_of_week_operator.py for tasks to queue
[2024-02-01T14:29:46.923+0100] {logging_mixin.py:188} INFO - [2024-02-01T14:29:46.922+0100] {dagbag.py:538} INFO - Filling up the DagBag from /home/ubuntu/.local/lib/python3.10/site-packages/airflow/example_dags/example_branch_day_of_week_operator.py
[2024-02-01T14:29:47.000+0100] {processor.py:840} INFO - DAG(s) 'example_weekday_branch_operator' retrieved from /home/ubuntu/.local/lib/python3.10/site-packages/airflow/example_dags/example_branch_day_of_week_operator.py
[2024-02-01T14:29:47.126+0100] {logging_mixin.py:188} INFO - [2024-02-01T14:29:47.125+0100] {dag.py:3033} INFO - Sync 1 DAGs
[2024-02-01T14:29:47.306+0100] {logging_mixin.py:188} INFO - [2024-02-01T14:29:47.291+0100] {dag.py:3820} INFO - Setting next_dagrun for example_weekday_branch_operator to 2024-01-31T00:00:00+00:00, run_after=2024-02-01T00:00:00+00:00
[2024-02-01T14:29:47.779+0100] {processor.py:183} INFO - Processing /home/ubuntu/.local/lib/python3.10/site-packages/airflow/example_dags/example_branch_day_of_week_operator.py took 1.017 seconds
[2024-02-01T14:32:17.264+0100] {processor.py:161} INFO - Started process (PID=8430) to work on /home/ubuntu/.local/lib/python3.10/site-packages/airflow/example_dags/example_branch_day_of_week_operator.py
[2024-02-01T14:32:17.294+0100] {processor.py:830} INFO - Processing file /home/ubuntu/.local/lib/python3.10/site-packages/airflow/example_dags/example_branch_day_of_week_operator.py for tasks to queue
[2024-02-01T14:32:17.296+0100] {logging_mixin.py:188} INFO - [2024-02-01T14:32:17.296+0100] {dagbag.py:538} INFO - Filling up the DagBag from /home/ubuntu/.local/lib/python3.10/site-packages/airflow/example_dags/example_branch_day_of_week_operator.py
[2024-02-01T14:32:17.334+0100] {processor.py:840} INFO - DAG(s) 'example_weekday_branch_operator' retrieved from /home/ubuntu/.local/lib/python3.10/site-packages/airflow/example_dags/example_branch_day_of_week_operator.py
[2024-02-01T14:32:17.432+0100] {logging_mixin.py:188} INFO - [2024-02-01T14:32:17.431+0100] {dag.py:3033} INFO - Sync 1 DAGs
[2024-02-01T14:32:17.530+0100] {logging_mixin.py:188} INFO - [2024-02-01T14:32:17.529+0100] {dag.py:3820} INFO - Setting next_dagrun for example_weekday_branch_operator to 2024-01-31T00:00:00+00:00, run_after=2024-02-01T00:00:00+00:00
[2024-02-01T14:32:18.335+0100] {processor.py:183} INFO - Processing /home/ubuntu/.local/lib/python3.10/site-packages/airflow/example_dags/example_branch_day_of_week_operator.py took 1.089 seconds
[2024-02-01T14:34:39.266+0100] {processor.py:161} INFO - Started process (PID=8749) to work on /home/ubuntu/.local/lib/python3.10/site-packages/airflow/example_dags/example_branch_day_of_week_operator.py
[2024-02-01T14:34:39.298+0100] {processor.py:830} INFO - Processing file /home/ubuntu/.local/lib/python3.10/site-packages/airflow/example_dags/example_branch_day_of_week_operator.py for tasks to queue
[2024-02-01T14:34:39.307+0100] {logging_mixin.py:188} INFO - [2024-02-01T14:34:39.299+0100] {dagbag.py:538} INFO - Filling up the DagBag from /home/ubuntu/.local/lib/python3.10/site-packages/airflow/example_dags/example_branch_day_of_week_operator.py
[2024-02-01T14:34:39.359+0100] {processor.py:840} INFO - DAG(s) 'example_weekday_branch_operator' retrieved from /home/ubuntu/.local/lib/python3.10/site-packages/airflow/example_dags/example_branch_day_of_week_operator.py
[2024-02-01T14:34:39.476+0100] {logging_mixin.py:188} INFO - [2024-02-01T14:34:39.476+0100] {dag.py:3033} INFO - Sync 1 DAGs
[2024-02-01T14:34:39.515+0100] {logging_mixin.py:188} INFO - [2024-02-01T14:34:39.514+0100] {dag.py:3820} INFO - Setting next_dagrun for example_weekday_branch_operator to 2024-01-31T00:00:00+00:00, run_after=2024-02-01T00:00:00+00:00
[2024-02-01T14:34:40.928+0100] {processor.py:183} INFO - Processing /home/ubuntu/.local/lib/python3.10/site-packages/airflow/example_dags/example_branch_day_of_week_operator.py took 1.680 seconds
[2024-02-01T14:36:50.055+0100] {processor.py:161} INFO - Started process (PID=8945) to work on /home/ubuntu/.local/lib/python3.10/site-packages/airflow/example_dags/example_branch_day_of_week_operator.py
[2024-02-01T14:36:50.064+0100] {processor.py:830} INFO - Processing file /home/ubuntu/.local/lib/python3.10/site-packages/airflow/example_dags/example_branch_day_of_week_operator.py for tasks to queue
[2024-02-01T14:36:50.074+0100] {logging_mixin.py:188} INFO - [2024-02-01T14:36:50.073+0100] {dagbag.py:538} INFO - Filling up the DagBag from /home/ubuntu/.local/lib/python3.10/site-packages/airflow/example_dags/example_branch_day_of_week_operator.py
[2024-02-01T14:36:50.100+0100] {processor.py:840} INFO - DAG(s) 'example_weekday_branch_operator' retrieved from /home/ubuntu/.local/lib/python3.10/site-packages/airflow/example_dags/example_branch_day_of_week_operator.py
[2024-02-01T14:36:50.248+0100] {logging_mixin.py:188} INFO - [2024-02-01T14:36:50.247+0100] {dag.py:3033} INFO - Sync 1 DAGs
[2024-02-01T14:36:50.519+0100] {logging_mixin.py:188} INFO - [2024-02-01T14:36:50.519+0100] {dag.py:3820} INFO - Setting next_dagrun for example_weekday_branch_operator to 2024-01-31T00:00:00+00:00, run_after=2024-02-01T00:00:00+00:00
[2024-02-01T14:36:51.331+0100] {processor.py:183} INFO - Processing /home/ubuntu/.local/lib/python3.10/site-packages/airflow/example_dags/example_branch_day_of_week_operator.py took 1.247 seconds
[2024-02-01T14:40:07.462+0100] {processor.py:161} INFO - Started process (PID=9529) to work on /home/ubuntu/.local/lib/python3.10/site-packages/airflow/example_dags/example_branch_day_of_week_operator.py
[2024-02-01T14:40:07.517+0100] {processor.py:830} INFO - Processing file /home/ubuntu/.local/lib/python3.10/site-packages/airflow/example_dags/example_branch_day_of_week_operator.py for tasks to queue
[2024-02-01T14:40:07.590+0100] {logging_mixin.py:188} INFO - [2024-02-01T14:40:07.589+0100] {dagbag.py:538} INFO - Filling up the DagBag from /home/ubuntu/.local/lib/python3.10/site-packages/airflow/example_dags/example_branch_day_of_week_operator.py
[2024-02-01T14:40:07.682+0100] {processor.py:840} INFO - DAG(s) 'example_weekday_branch_operator' retrieved from /home/ubuntu/.local/lib/python3.10/site-packages/airflow/example_dags/example_branch_day_of_week_operator.py
[2024-02-01T14:40:08.064+0100] {logging_mixin.py:188} INFO - [2024-02-01T14:40:08.064+0100] {dag.py:3033} INFO - Sync 1 DAGs
[2024-02-01T14:40:08.200+0100] {logging_mixin.py:188} INFO - [2024-02-01T14:40:08.192+0100] {dag.py:3820} INFO - Setting next_dagrun for example_weekday_branch_operator to 2024-01-31T00:00:00+00:00, run_after=2024-02-01T00:00:00+00:00
[2024-02-01T14:40:09.638+0100] {processor.py:183} INFO - Processing /home/ubuntu/.local/lib/python3.10/site-packages/airflow/example_dags/example_branch_day_of_week_operator.py took 2.215 seconds
[2024-02-01T14:46:13.518+0100] {processor.py:161} INFO - Started process (PID=10160) to work on /home/ubuntu/.local/lib/python3.10/site-packages/airflow/example_dags/example_branch_day_of_week_operator.py
[2024-02-01T14:46:13.909+0100] {processor.py:830} INFO - Processing file /home/ubuntu/.local/lib/python3.10/site-packages/airflow/example_dags/example_branch_day_of_week_operator.py for tasks to queue
[2024-02-01T14:46:13.912+0100] {logging_mixin.py:188} INFO - [2024-02-01T14:46:13.910+0100] {dagbag.py:538} INFO - Filling up the DagBag from /home/ubuntu/.local/lib/python3.10/site-packages/airflow/example_dags/example_branch_day_of_week_operator.py
[2024-02-01T14:46:14.045+0100] {processor.py:840} INFO - DAG(s) 'example_weekday_branch_operator' retrieved from /home/ubuntu/.local/lib/python3.10/site-packages/airflow/example_dags/example_branch_day_of_week_operator.py
[2024-02-01T14:46:14.440+0100] {logging_mixin.py:188} INFO - [2024-02-01T14:46:14.440+0100] {dag.py:3033} INFO - Sync 1 DAGs
[2024-02-01T14:46:14.583+0100] {logging_mixin.py:188} INFO - [2024-02-01T14:46:14.582+0100] {dag.py:3820} INFO - Setting next_dagrun for example_weekday_branch_operator to 2024-01-31T00:00:00+00:00, run_after=2024-02-01T00:00:00+00:00
[2024-02-01T14:46:16.253+0100] {processor.py:183} INFO - Processing /home/ubuntu/.local/lib/python3.10/site-packages/airflow/example_dags/example_branch_day_of_week_operator.py took 2.854 seconds
[2024-02-01T14:50:21.449+0100] {processor.py:161} INFO - Started process (PID=10326) to work on /home/ubuntu/.local/lib/python3.10/site-packages/airflow/example_dags/example_branch_day_of_week_operator.py
[2024-02-01T14:50:21.540+0100] {processor.py:830} INFO - Processing file /home/ubuntu/.local/lib/python3.10/site-packages/airflow/example_dags/example_branch_day_of_week_operator.py for tasks to queue
[2024-02-01T14:50:21.543+0100] {logging_mixin.py:188} INFO - [2024-02-01T14:50:21.542+0100] {dagbag.py:538} INFO - Filling up the DagBag from /home/ubuntu/.local/lib/python3.10/site-packages/airflow/example_dags/example_branch_day_of_week_operator.py
[2024-02-01T14:50:21.721+0100] {processor.py:840} INFO - DAG(s) 'example_weekday_branch_operator' retrieved from /home/ubuntu/.local/lib/python3.10/site-packages/airflow/example_dags/example_branch_day_of_week_operator.py
[2024-02-01T14:50:21.897+0100] {logging_mixin.py:188} INFO - [2024-02-01T14:50:21.897+0100] {dag.py:3033} INFO - Sync 1 DAGs
[2024-02-01T14:50:22.032+0100] {logging_mixin.py:188} INFO - [2024-02-01T14:50:22.032+0100] {dag.py:3820} INFO - Setting next_dagrun for example_weekday_branch_operator to 2024-01-31T00:00:00+00:00, run_after=2024-02-01T00:00:00+00:00
[2024-02-01T14:50:23.917+0100] {processor.py:183} INFO - Processing /home/ubuntu/.local/lib/python3.10/site-packages/airflow/example_dags/example_branch_day_of_week_operator.py took 2.541 seconds
[2024-02-01T14:54:38.412+0100] {processor.py:161} INFO - Started process (PID=10949) to work on /home/ubuntu/.local/lib/python3.10/site-packages/airflow/example_dags/example_branch_day_of_week_operator.py
[2024-02-01T14:54:38.616+0100] {processor.py:830} INFO - Processing file /home/ubuntu/.local/lib/python3.10/site-packages/airflow/example_dags/example_branch_day_of_week_operator.py for tasks to queue
[2024-02-01T14:54:38.619+0100] {logging_mixin.py:188} INFO - [2024-02-01T14:54:38.618+0100] {dagbag.py:538} INFO - Filling up the DagBag from /home/ubuntu/.local/lib/python3.10/site-packages/airflow/example_dags/example_branch_day_of_week_operator.py
[2024-02-01T14:54:39.053+0100] {processor.py:840} INFO - DAG(s) 'example_weekday_branch_operator' retrieved from /home/ubuntu/.local/lib/python3.10/site-packages/airflow/example_dags/example_branch_day_of_week_operator.py
[2024-02-01T14:54:39.365+0100] {logging_mixin.py:188} INFO - [2024-02-01T14:54:39.365+0100] {dag.py:3033} INFO - Sync 1 DAGs
[2024-02-01T14:54:39.659+0100] {logging_mixin.py:188} INFO - [2024-02-01T14:54:39.658+0100] {dag.py:3820} INFO - Setting next_dagrun for example_weekday_branch_operator to 2024-01-31T00:00:00+00:00, run_after=2024-02-01T00:00:00+00:00
[2024-02-01T14:54:42.048+0100] {processor.py:183} INFO - Processing /home/ubuntu/.local/lib/python3.10/site-packages/airflow/example_dags/example_branch_day_of_week_operator.py took 3.713 seconds
[2024-02-01T15:00:06.084+0100] {processor.py:161} INFO - Started process (PID=11614) to work on /home/ubuntu/.local/lib/python3.10/site-packages/airflow/example_dags/example_branch_day_of_week_operator.py
[2024-02-01T15:00:06.207+0100] {processor.py:830} INFO - Processing file /home/ubuntu/.local/lib/python3.10/site-packages/airflow/example_dags/example_branch_day_of_week_operator.py for tasks to queue
[2024-02-01T15:00:06.219+0100] {logging_mixin.py:188} INFO - [2024-02-01T15:00:06.208+0100] {dagbag.py:538} INFO - Filling up the DagBag from /home/ubuntu/.local/lib/python3.10/site-packages/airflow/example_dags/example_branch_day_of_week_operator.py
[2024-02-01T15:00:06.346+0100] {processor.py:840} INFO - DAG(s) 'example_weekday_branch_operator' retrieved from /home/ubuntu/.local/lib/python3.10/site-packages/airflow/example_dags/example_branch_day_of_week_operator.py
[2024-02-01T15:00:06.545+0100] {logging_mixin.py:188} INFO - [2024-02-01T15:00:06.545+0100] {dag.py:3033} INFO - Sync 1 DAGs
[2024-02-01T15:00:06.730+0100] {logging_mixin.py:188} INFO - [2024-02-01T15:00:06.729+0100] {dag.py:3820} INFO - Setting next_dagrun for example_weekday_branch_operator to 2024-01-31T00:00:00+00:00, run_after=2024-02-01T00:00:00+00:00
[2024-02-01T15:00:07.547+0100] {processor.py:183} INFO - Processing /home/ubuntu/.local/lib/python3.10/site-packages/airflow/example_dags/example_branch_day_of_week_operator.py took 1.501 seconds
[2024-02-01T15:04:13.276+0100] {processor.py:161} INFO - Started process (PID=11778) to work on /home/ubuntu/.local/lib/python3.10/site-packages/airflow/example_dags/example_branch_day_of_week_operator.py
[2024-02-01T15:04:13.302+0100] {processor.py:830} INFO - Processing file /home/ubuntu/.local/lib/python3.10/site-packages/airflow/example_dags/example_branch_day_of_week_operator.py for tasks to queue
[2024-02-01T15:04:13.305+0100] {logging_mixin.py:188} INFO - [2024-02-01T15:04:13.304+0100] {dagbag.py:538} INFO - Filling up the DagBag from /home/ubuntu/.local/lib/python3.10/site-packages/airflow/example_dags/example_branch_day_of_week_operator.py
[2024-02-01T15:04:13.328+0100] {processor.py:840} INFO - DAG(s) 'example_weekday_branch_operator' retrieved from /home/ubuntu/.local/lib/python3.10/site-packages/airflow/example_dags/example_branch_day_of_week_operator.py
[2024-02-01T15:04:13.615+0100] {logging_mixin.py:188} INFO - [2024-02-01T15:04:13.615+0100] {dag.py:3033} INFO - Sync 1 DAGs
[2024-02-01T15:04:13.954+0100] {logging_mixin.py:188} INFO - [2024-02-01T15:04:13.953+0100] {dag.py:3820} INFO - Setting next_dagrun for example_weekday_branch_operator to 2024-01-31T00:00:00+00:00, run_after=2024-02-01T00:00:00+00:00
[2024-02-01T15:04:15.370+0100] {processor.py:183} INFO - Processing /home/ubuntu/.local/lib/python3.10/site-packages/airflow/example_dags/example_branch_day_of_week_operator.py took 2.134 seconds
[2024-02-01T16:03:27.753+0100] {processor.py:161} INFO - Started process (PID=9127) to work on /home/ubuntu/.local/lib/python3.10/site-packages/airflow/example_dags/example_branch_day_of_week_operator.py
[2024-02-01T16:03:27.836+0100] {processor.py:830} INFO - Processing file /home/ubuntu/.local/lib/python3.10/site-packages/airflow/example_dags/example_branch_day_of_week_operator.py for tasks to queue
[2024-02-01T16:03:27.851+0100] {logging_mixin.py:188} INFO - [2024-02-01T16:03:27.844+0100] {dagbag.py:538} INFO - Filling up the DagBag from /home/ubuntu/.local/lib/python3.10/site-packages/airflow/example_dags/example_branch_day_of_week_operator.py
[2024-02-01T16:03:27.927+0100] {processor.py:840} INFO - DAG(s) 'example_weekday_branch_operator' retrieved from /home/ubuntu/.local/lib/python3.10/site-packages/airflow/example_dags/example_branch_day_of_week_operator.py
[2024-02-01T16:03:28.856+0100] {logging_mixin.py:188} INFO - [2024-02-01T16:03:28.856+0100] {dag.py:3033} INFO - Sync 1 DAGs
[2024-02-01T16:03:28.955+0100] {logging_mixin.py:188} INFO - [2024-02-01T16:03:28.954+0100] {dag.py:3820} INFO - Setting next_dagrun for example_weekday_branch_operator to 2024-01-31T00:00:00+00:00, run_after=2024-02-01T00:00:00+00:00
[2024-02-01T16:03:29.605+0100] {processor.py:183} INFO - Processing /home/ubuntu/.local/lib/python3.10/site-packages/airflow/example_dags/example_branch_day_of_week_operator.py took 1.872 seconds
