[2024-02-01T14:08:38.659+0100] {processor.py:161} INFO - Started process (PID=6155) to work on /home/ubuntu/.local/lib/python3.10/site-packages/airflow/example_dags/example_dynamic_task_mapping.py
[2024-02-01T14:08:38.661+0100] {processor.py:830} INFO - Processing file /home/ubuntu/.local/lib/python3.10/site-packages/airflow/example_dags/example_dynamic_task_mapping.py for tasks to queue
[2024-02-01T14:08:38.670+0100] {logging_mixin.py:188} INFO - [2024-02-01T14:08:38.669+0100] {dagbag.py:538} INFO - Filling up the DagBag from /home/ubuntu/.local/lib/python3.10/site-packages/airflow/example_dags/example_dynamic_task_mapping.py
[2024-02-01T14:08:38.757+0100] {processor.py:840} INFO - DAG(s) 'example_dynamic_task_mapping' retrieved from /home/ubuntu/.local/lib/python3.10/site-packages/airflow/example_dags/example_dynamic_task_mapping.py
[2024-02-01T14:08:39.477+0100] {logging_mixin.py:188} INFO - [2024-02-01T14:08:39.477+0100] {dag.py:3033} INFO - Sync 1 DAGs
[2024-02-01T14:08:39.607+0100] {logging_mixin.py:188} INFO - [2024-02-01T14:08:39.607+0100] {dag.py:3820} INFO - Setting next_dagrun for example_dynamic_task_mapping to 2022-03-04T00:00:00+00:00, run_after=2022-03-05T00:00:00+00:00
[2024-02-01T14:08:40.003+0100] {processor.py:183} INFO - Processing /home/ubuntu/.local/lib/python3.10/site-packages/airflow/example_dags/example_dynamic_task_mapping.py took 1.398 seconds
[2024-02-01T14:11:40.961+0100] {processor.py:161} INFO - Started process (PID=6237) to work on /home/ubuntu/.local/lib/python3.10/site-packages/airflow/example_dags/example_dynamic_task_mapping.py
[2024-02-01T14:11:41.027+0100] {processor.py:830} INFO - Processing file /home/ubuntu/.local/lib/python3.10/site-packages/airflow/example_dags/example_dynamic_task_mapping.py for tasks to queue
[2024-02-01T14:11:41.035+0100] {logging_mixin.py:188} INFO - [2024-02-01T14:11:41.034+0100] {dagbag.py:538} INFO - Filling up the DagBag from /home/ubuntu/.local/lib/python3.10/site-packages/airflow/example_dags/example_dynamic_task_mapping.py
[2024-02-01T14:11:41.057+0100] {processor.py:840} INFO - DAG(s) 'example_dynamic_task_mapping' retrieved from /home/ubuntu/.local/lib/python3.10/site-packages/airflow/example_dags/example_dynamic_task_mapping.py
[2024-02-01T14:11:41.151+0100] {logging_mixin.py:188} INFO - [2024-02-01T14:11:41.151+0100] {dag.py:3033} INFO - Sync 1 DAGs
[2024-02-01T14:11:41.308+0100] {logging_mixin.py:188} INFO - [2024-02-01T14:11:41.307+0100] {dag.py:3820} INFO - Setting next_dagrun for example_dynamic_task_mapping to 2022-03-04T00:00:00+00:00, run_after=2022-03-05T00:00:00+00:00
[2024-02-01T14:11:41.612+0100] {processor.py:183} INFO - Processing /home/ubuntu/.local/lib/python3.10/site-packages/airflow/example_dags/example_dynamic_task_mapping.py took 0.680 seconds
[2024-02-01T14:13:34.754+0100] {processor.py:161} INFO - Started process (PID=6352) to work on /home/ubuntu/.local/lib/python3.10/site-packages/airflow/example_dags/example_dynamic_task_mapping.py
[2024-02-01T14:13:34.784+0100] {processor.py:830} INFO - Processing file /home/ubuntu/.local/lib/python3.10/site-packages/airflow/example_dags/example_dynamic_task_mapping.py for tasks to queue
[2024-02-01T14:13:34.794+0100] {logging_mixin.py:188} INFO - [2024-02-01T14:13:34.786+0100] {dagbag.py:538} INFO - Filling up the DagBag from /home/ubuntu/.local/lib/python3.10/site-packages/airflow/example_dags/example_dynamic_task_mapping.py
[2024-02-01T14:13:34.815+0100] {processor.py:840} INFO - DAG(s) 'example_dynamic_task_mapping' retrieved from /home/ubuntu/.local/lib/python3.10/site-packages/airflow/example_dags/example_dynamic_task_mapping.py
[2024-02-01T14:13:34.863+0100] {logging_mixin.py:188} INFO - [2024-02-01T14:13:34.862+0100] {dag.py:3033} INFO - Sync 1 DAGs
[2024-02-01T14:13:34.904+0100] {logging_mixin.py:188} INFO - [2024-02-01T14:13:34.904+0100] {dag.py:3820} INFO - Setting next_dagrun for example_dynamic_task_mapping to 2022-03-04T00:00:00+00:00, run_after=2022-03-05T00:00:00+00:00
[2024-02-01T14:13:35.842+0100] {processor.py:183} INFO - Processing /home/ubuntu/.local/lib/python3.10/site-packages/airflow/example_dags/example_dynamic_task_mapping.py took 1.103 seconds
[2024-02-01T14:15:24.082+0100] {processor.py:161} INFO - Started process (PID=6427) to work on /home/ubuntu/.local/lib/python3.10/site-packages/airflow/example_dags/example_dynamic_task_mapping.py
[2024-02-01T14:15:24.182+0100] {processor.py:830} INFO - Processing file /home/ubuntu/.local/lib/python3.10/site-packages/airflow/example_dags/example_dynamic_task_mapping.py for tasks to queue
[2024-02-01T14:15:24.184+0100] {logging_mixin.py:188} INFO - [2024-02-01T14:15:24.183+0100] {dagbag.py:538} INFO - Filling up the DagBag from /home/ubuntu/.local/lib/python3.10/site-packages/airflow/example_dags/example_dynamic_task_mapping.py
[2024-02-01T14:15:24.319+0100] {processor.py:840} INFO - DAG(s) 'example_dynamic_task_mapping' retrieved from /home/ubuntu/.local/lib/python3.10/site-packages/airflow/example_dags/example_dynamic_task_mapping.py
[2024-02-01T14:15:24.483+0100] {logging_mixin.py:188} INFO - [2024-02-01T14:15:24.483+0100] {dag.py:3033} INFO - Sync 1 DAGs
[2024-02-01T14:15:24.579+0100] {logging_mixin.py:188} INFO - [2024-02-01T14:15:24.579+0100] {dag.py:3820} INFO - Setting next_dagrun for example_dynamic_task_mapping to 2022-03-04T00:00:00+00:00, run_after=2022-03-05T00:00:00+00:00
[2024-02-01T14:15:25.464+0100] {processor.py:183} INFO - Processing /home/ubuntu/.local/lib/python3.10/site-packages/airflow/example_dags/example_dynamic_task_mapping.py took 1.422 seconds
[2024-02-01T14:17:35.795+0100] {processor.py:161} INFO - Started process (PID=6710) to work on /home/ubuntu/.local/lib/python3.10/site-packages/airflow/example_dags/example_dynamic_task_mapping.py
[2024-02-01T14:17:35.861+0100] {processor.py:830} INFO - Processing file /home/ubuntu/.local/lib/python3.10/site-packages/airflow/example_dags/example_dynamic_task_mapping.py for tasks to queue
[2024-02-01T14:17:35.973+0100] {logging_mixin.py:188} INFO - [2024-02-01T14:17:35.972+0100] {dagbag.py:538} INFO - Filling up the DagBag from /home/ubuntu/.local/lib/python3.10/site-packages/airflow/example_dags/example_dynamic_task_mapping.py
[2024-02-01T14:17:36.056+0100] {processor.py:840} INFO - DAG(s) 'example_dynamic_task_mapping' retrieved from /home/ubuntu/.local/lib/python3.10/site-packages/airflow/example_dags/example_dynamic_task_mapping.py
[2024-02-01T14:17:36.213+0100] {logging_mixin.py:188} INFO - [2024-02-01T14:17:36.213+0100] {dag.py:3033} INFO - Sync 1 DAGs
[2024-02-01T14:17:36.547+0100] {logging_mixin.py:188} INFO - [2024-02-01T14:17:36.538+0100] {dag.py:3820} INFO - Setting next_dagrun for example_dynamic_task_mapping to 2022-03-04T00:00:00+00:00, run_after=2022-03-05T00:00:00+00:00
[2024-02-01T14:17:38.421+0100] {processor.py:183} INFO - Processing /home/ubuntu/.local/lib/python3.10/site-packages/airflow/example_dags/example_dynamic_task_mapping.py took 2.681 seconds
[2024-02-01T14:21:08.639+0100] {processor.py:161} INFO - Started process (PID=7776) to work on /home/ubuntu/.local/lib/python3.10/site-packages/airflow/example_dags/example_dynamic_task_mapping.py
[2024-02-01T14:21:08.655+0100] {processor.py:830} INFO - Processing file /home/ubuntu/.local/lib/python3.10/site-packages/airflow/example_dags/example_dynamic_task_mapping.py for tasks to queue
[2024-02-01T14:21:08.661+0100] {logging_mixin.py:188} INFO - [2024-02-01T14:21:08.659+0100] {dagbag.py:538} INFO - Filling up the DagBag from /home/ubuntu/.local/lib/python3.10/site-packages/airflow/example_dags/example_dynamic_task_mapping.py
[2024-02-01T14:21:08.756+0100] {processor.py:840} INFO - DAG(s) 'example_dynamic_task_mapping' retrieved from /home/ubuntu/.local/lib/python3.10/site-packages/airflow/example_dags/example_dynamic_task_mapping.py
[2024-02-01T14:21:09.173+0100] {logging_mixin.py:188} INFO - [2024-02-01T14:21:09.142+0100] {dag.py:3033} INFO - Sync 1 DAGs
[2024-02-01T14:21:09.351+0100] {logging_mixin.py:188} INFO - [2024-02-01T14:21:09.351+0100] {dag.py:3820} INFO - Setting next_dagrun for example_dynamic_task_mapping to 2022-03-04T00:00:00+00:00, run_after=2022-03-05T00:00:00+00:00
[2024-02-01T14:21:10.186+0100] {processor.py:183} INFO - Processing /home/ubuntu/.local/lib/python3.10/site-packages/airflow/example_dags/example_dynamic_task_mapping.py took 1.607 seconds
[2024-02-01T14:24:18.272+0100] {processor.py:161} INFO - Started process (PID=8037) to work on /home/ubuntu/.local/lib/python3.10/site-packages/airflow/example_dags/example_dynamic_task_mapping.py
[2024-02-01T14:24:18.292+0100] {processor.py:830} INFO - Processing file /home/ubuntu/.local/lib/python3.10/site-packages/airflow/example_dags/example_dynamic_task_mapping.py for tasks to queue
[2024-02-01T14:24:18.294+0100] {logging_mixin.py:188} INFO - [2024-02-01T14:24:18.293+0100] {dagbag.py:538} INFO - Filling up the DagBag from /home/ubuntu/.local/lib/python3.10/site-packages/airflow/example_dags/example_dynamic_task_mapping.py
[2024-02-01T14:24:18.315+0100] {processor.py:840} INFO - DAG(s) 'example_dynamic_task_mapping' retrieved from /home/ubuntu/.local/lib/python3.10/site-packages/airflow/example_dags/example_dynamic_task_mapping.py
[2024-02-01T14:24:18.349+0100] {logging_mixin.py:188} INFO - [2024-02-01T14:24:18.348+0100] {dag.py:3033} INFO - Sync 1 DAGs
[2024-02-01T14:24:18.398+0100] {logging_mixin.py:188} INFO - [2024-02-01T14:24:18.397+0100] {dag.py:3820} INFO - Setting next_dagrun for example_dynamic_task_mapping to 2022-03-04T00:00:00+00:00, run_after=2022-03-05T00:00:00+00:00
[2024-02-01T14:24:19.041+0100] {processor.py:183} INFO - Processing /home/ubuntu/.local/lib/python3.10/site-packages/airflow/example_dags/example_dynamic_task_mapping.py took 0.787 seconds
[2024-02-01T14:26:49.760+0100] {processor.py:161} INFO - Started process (PID=8122) to work on /home/ubuntu/.local/lib/python3.10/site-packages/airflow/example_dags/example_dynamic_task_mapping.py
[2024-02-01T14:26:49.852+0100] {processor.py:830} INFO - Processing file /home/ubuntu/.local/lib/python3.10/site-packages/airflow/example_dags/example_dynamic_task_mapping.py for tasks to queue
[2024-02-01T14:26:49.862+0100] {logging_mixin.py:188} INFO - [2024-02-01T14:26:49.861+0100] {dagbag.py:538} INFO - Filling up the DagBag from /home/ubuntu/.local/lib/python3.10/site-packages/airflow/example_dags/example_dynamic_task_mapping.py
[2024-02-01T14:26:49.910+0100] {processor.py:840} INFO - DAG(s) 'example_dynamic_task_mapping' retrieved from /home/ubuntu/.local/lib/python3.10/site-packages/airflow/example_dags/example_dynamic_task_mapping.py
[2024-02-01T14:26:50.045+0100] {logging_mixin.py:188} INFO - [2024-02-01T14:26:50.045+0100] {dag.py:3033} INFO - Sync 1 DAGs
[2024-02-01T14:26:50.139+0100] {logging_mixin.py:188} INFO - [2024-02-01T14:26:50.139+0100] {dag.py:3820} INFO - Setting next_dagrun for example_dynamic_task_mapping to 2022-03-04T00:00:00+00:00, run_after=2022-03-05T00:00:00+00:00
[2024-02-01T14:26:50.436+0100] {processor.py:183} INFO - Processing /home/ubuntu/.local/lib/python3.10/site-packages/airflow/example_dags/example_dynamic_task_mapping.py took 0.699 seconds
[2024-02-01T14:30:05.937+0100] {processor.py:161} INFO - Started process (PID=8213) to work on /home/ubuntu/.local/lib/python3.10/site-packages/airflow/example_dags/example_dynamic_task_mapping.py
[2024-02-01T14:30:06.093+0100] {processor.py:830} INFO - Processing file /home/ubuntu/.local/lib/python3.10/site-packages/airflow/example_dags/example_dynamic_task_mapping.py for tasks to queue
[2024-02-01T14:30:06.103+0100] {logging_mixin.py:188} INFO - [2024-02-01T14:30:06.102+0100] {dagbag.py:538} INFO - Filling up the DagBag from /home/ubuntu/.local/lib/python3.10/site-packages/airflow/example_dags/example_dynamic_task_mapping.py
[2024-02-01T14:30:06.171+0100] {processor.py:840} INFO - DAG(s) 'example_dynamic_task_mapping' retrieved from /home/ubuntu/.local/lib/python3.10/site-packages/airflow/example_dags/example_dynamic_task_mapping.py
[2024-02-01T14:30:06.228+0100] {logging_mixin.py:188} INFO - [2024-02-01T14:30:06.227+0100] {dag.py:3033} INFO - Sync 1 DAGs
[2024-02-01T14:30:06.409+0100] {logging_mixin.py:188} INFO - [2024-02-01T14:30:06.408+0100] {dag.py:3820} INFO - Setting next_dagrun for example_dynamic_task_mapping to 2022-03-04T00:00:00+00:00, run_after=2022-03-05T00:00:00+00:00
[2024-02-01T14:30:07.237+0100] {processor.py:183} INFO - Processing /home/ubuntu/.local/lib/python3.10/site-packages/airflow/example_dags/example_dynamic_task_mapping.py took 1.341 seconds
[2024-02-01T14:32:35.439+0100] {processor.py:161} INFO - Started process (PID=8482) to work on /home/ubuntu/.local/lib/python3.10/site-packages/airflow/example_dags/example_dynamic_task_mapping.py
[2024-02-01T14:32:35.497+0100] {processor.py:830} INFO - Processing file /home/ubuntu/.local/lib/python3.10/site-packages/airflow/example_dags/example_dynamic_task_mapping.py for tasks to queue
[2024-02-01T14:32:35.507+0100] {logging_mixin.py:188} INFO - [2024-02-01T14:32:35.506+0100] {dagbag.py:538} INFO - Filling up the DagBag from /home/ubuntu/.local/lib/python3.10/site-packages/airflow/example_dags/example_dynamic_task_mapping.py
[2024-02-01T14:32:35.557+0100] {processor.py:840} INFO - DAG(s) 'example_dynamic_task_mapping' retrieved from /home/ubuntu/.local/lib/python3.10/site-packages/airflow/example_dags/example_dynamic_task_mapping.py
[2024-02-01T14:32:35.684+0100] {logging_mixin.py:188} INFO - [2024-02-01T14:32:35.684+0100] {dag.py:3033} INFO - Sync 1 DAGs
[2024-02-01T14:32:35.922+0100] {logging_mixin.py:188} INFO - [2024-02-01T14:32:35.921+0100] {dag.py:3820} INFO - Setting next_dagrun for example_dynamic_task_mapping to 2022-03-04T00:00:00+00:00, run_after=2022-03-05T00:00:00+00:00
[2024-02-01T14:32:36.453+0100] {processor.py:183} INFO - Processing /home/ubuntu/.local/lib/python3.10/site-packages/airflow/example_dags/example_dynamic_task_mapping.py took 1.037 seconds
[2024-02-01T14:35:00.374+0100] {processor.py:161} INFO - Started process (PID=8770) to work on /home/ubuntu/.local/lib/python3.10/site-packages/airflow/example_dags/example_dynamic_task_mapping.py
[2024-02-01T14:35:00.445+0100] {processor.py:830} INFO - Processing file /home/ubuntu/.local/lib/python3.10/site-packages/airflow/example_dags/example_dynamic_task_mapping.py for tasks to queue
[2024-02-01T14:35:00.481+0100] {logging_mixin.py:188} INFO - [2024-02-01T14:35:00.473+0100] {dagbag.py:538} INFO - Filling up the DagBag from /home/ubuntu/.local/lib/python3.10/site-packages/airflow/example_dags/example_dynamic_task_mapping.py
[2024-02-01T14:35:00.584+0100] {processor.py:840} INFO - DAG(s) 'example_dynamic_task_mapping' retrieved from /home/ubuntu/.local/lib/python3.10/site-packages/airflow/example_dags/example_dynamic_task_mapping.py
[2024-02-01T14:35:00.704+0100] {logging_mixin.py:188} INFO - [2024-02-01T14:35:00.697+0100] {dag.py:3033} INFO - Sync 1 DAGs
[2024-02-01T14:35:00.862+0100] {logging_mixin.py:188} INFO - [2024-02-01T14:35:00.862+0100] {dag.py:3820} INFO - Setting next_dagrun for example_dynamic_task_mapping to 2022-03-04T00:00:00+00:00, run_after=2022-03-05T00:00:00+00:00
[2024-02-01T14:35:01.996+0100] {processor.py:183} INFO - Processing /home/ubuntu/.local/lib/python3.10/site-packages/airflow/example_dags/example_dynamic_task_mapping.py took 1.630 seconds
[2024-02-01T14:37:08.537+0100] {processor.py:161} INFO - Started process (PID=8957) to work on /home/ubuntu/.local/lib/python3.10/site-packages/airflow/example_dags/example_dynamic_task_mapping.py
[2024-02-01T14:37:08.615+0100] {processor.py:830} INFO - Processing file /home/ubuntu/.local/lib/python3.10/site-packages/airflow/example_dags/example_dynamic_task_mapping.py for tasks to queue
[2024-02-01T14:37:08.633+0100] {logging_mixin.py:188} INFO - [2024-02-01T14:37:08.632+0100] {dagbag.py:538} INFO - Filling up the DagBag from /home/ubuntu/.local/lib/python3.10/site-packages/airflow/example_dags/example_dynamic_task_mapping.py
[2024-02-01T14:37:08.678+0100] {processor.py:840} INFO - DAG(s) 'example_dynamic_task_mapping' retrieved from /home/ubuntu/.local/lib/python3.10/site-packages/airflow/example_dags/example_dynamic_task_mapping.py
[2024-02-01T14:37:08.861+0100] {logging_mixin.py:188} INFO - [2024-02-01T14:37:08.860+0100] {dag.py:3033} INFO - Sync 1 DAGs
[2024-02-01T14:37:09.058+0100] {logging_mixin.py:188} INFO - [2024-02-01T14:37:09.058+0100] {dag.py:3820} INFO - Setting next_dagrun for example_dynamic_task_mapping to 2022-03-04T00:00:00+00:00, run_after=2022-03-05T00:00:00+00:00
[2024-02-01T14:37:09.839+0100] {processor.py:183} INFO - Processing /home/ubuntu/.local/lib/python3.10/site-packages/airflow/example_dags/example_dynamic_task_mapping.py took 1.356 seconds
[2024-02-01T14:40:58.991+0100] {processor.py:161} INFO - Started process (PID=9696) to work on /home/ubuntu/.local/lib/python3.10/site-packages/airflow/example_dags/example_dynamic_task_mapping.py
[2024-02-01T14:40:59.331+0100] {processor.py:830} INFO - Processing file /home/ubuntu/.local/lib/python3.10/site-packages/airflow/example_dags/example_dynamic_task_mapping.py for tasks to queue
[2024-02-01T14:40:59.609+0100] {logging_mixin.py:188} INFO - [2024-02-01T14:40:59.584+0100] {dagbag.py:538} INFO - Filling up the DagBag from /home/ubuntu/.local/lib/python3.10/site-packages/airflow/example_dags/example_dynamic_task_mapping.py
[2024-02-01T14:40:59.903+0100] {processor.py:840} INFO - DAG(s) 'example_dynamic_task_mapping' retrieved from /home/ubuntu/.local/lib/python3.10/site-packages/airflow/example_dags/example_dynamic_task_mapping.py
[2024-02-01T14:41:00.422+0100] {logging_mixin.py:188} INFO - [2024-02-01T14:41:00.422+0100] {dag.py:3033} INFO - Sync 1 DAGs
[2024-02-01T14:41:00.771+0100] {logging_mixin.py:188} INFO - [2024-02-01T14:41:00.771+0100] {dag.py:3820} INFO - Setting next_dagrun for example_dynamic_task_mapping to 2022-03-04T00:00:00+00:00, run_after=2022-03-05T00:00:00+00:00
[2024-02-01T14:41:08.361+0100] {processor.py:183} INFO - Processing /home/ubuntu/.local/lib/python3.10/site-packages/airflow/example_dags/example_dynamic_task_mapping.py took 9.435 seconds
[2024-02-01T14:46:50.026+0100] {processor.py:161} INFO - Started process (PID=10175) to work on /home/ubuntu/.local/lib/python3.10/site-packages/airflow/example_dags/example_dynamic_task_mapping.py
[2024-02-01T14:46:50.185+0100] {processor.py:830} INFO - Processing file /home/ubuntu/.local/lib/python3.10/site-packages/airflow/example_dags/example_dynamic_task_mapping.py for tasks to queue
[2024-02-01T14:46:50.187+0100] {logging_mixin.py:188} INFO - [2024-02-01T14:46:50.186+0100] {dagbag.py:538} INFO - Filling up the DagBag from /home/ubuntu/.local/lib/python3.10/site-packages/airflow/example_dags/example_dynamic_task_mapping.py
[2024-02-01T14:46:50.266+0100] {processor.py:840} INFO - DAG(s) 'example_dynamic_task_mapping' retrieved from /home/ubuntu/.local/lib/python3.10/site-packages/airflow/example_dags/example_dynamic_task_mapping.py
[2024-02-01T14:46:50.398+0100] {logging_mixin.py:188} INFO - [2024-02-01T14:46:50.397+0100] {dag.py:3033} INFO - Sync 1 DAGs
[2024-02-01T14:46:50.585+0100] {logging_mixin.py:188} INFO - [2024-02-01T14:46:50.584+0100] {dag.py:3820} INFO - Setting next_dagrun for example_dynamic_task_mapping to 2022-03-04T00:00:00+00:00, run_after=2022-03-05T00:00:00+00:00
[2024-02-01T14:46:51.446+0100] {processor.py:183} INFO - Processing /home/ubuntu/.local/lib/python3.10/site-packages/airflow/example_dags/example_dynamic_task_mapping.py took 1.455 seconds
[2024-02-01T14:50:49.452+0100] {processor.py:161} INFO - Started process (PID=10365) to work on /home/ubuntu/.local/lib/python3.10/site-packages/airflow/example_dags/example_dynamic_task_mapping.py
[2024-02-01T14:50:49.663+0100] {processor.py:830} INFO - Processing file /home/ubuntu/.local/lib/python3.10/site-packages/airflow/example_dags/example_dynamic_task_mapping.py for tasks to queue
[2024-02-01T14:50:49.664+0100] {logging_mixin.py:188} INFO - [2024-02-01T14:50:49.664+0100] {dagbag.py:538} INFO - Filling up the DagBag from /home/ubuntu/.local/lib/python3.10/site-packages/airflow/example_dags/example_dynamic_task_mapping.py
[2024-02-01T14:50:49.980+0100] {processor.py:840} INFO - DAG(s) 'example_dynamic_task_mapping' retrieved from /home/ubuntu/.local/lib/python3.10/site-packages/airflow/example_dags/example_dynamic_task_mapping.py
[2024-02-01T14:50:50.418+0100] {logging_mixin.py:188} INFO - [2024-02-01T14:50:50.417+0100] {dag.py:3033} INFO - Sync 1 DAGs
[2024-02-01T14:50:51.013+0100] {logging_mixin.py:188} INFO - [2024-02-01T14:50:51.013+0100] {dag.py:3820} INFO - Setting next_dagrun for example_dynamic_task_mapping to 2022-03-04T00:00:00+00:00, run_after=2022-03-05T00:00:00+00:00
[2024-02-01T14:50:53.209+0100] {processor.py:183} INFO - Processing /home/ubuntu/.local/lib/python3.10/site-packages/airflow/example_dags/example_dynamic_task_mapping.py took 3.781 seconds
[2024-02-01T14:55:05.021+0100] {processor.py:161} INFO - Started process (PID=11033) to work on /home/ubuntu/.local/lib/python3.10/site-packages/airflow/example_dags/example_dynamic_task_mapping.py
[2024-02-01T14:55:05.131+0100] {processor.py:830} INFO - Processing file /home/ubuntu/.local/lib/python3.10/site-packages/airflow/example_dags/example_dynamic_task_mapping.py for tasks to queue
[2024-02-01T14:55:05.176+0100] {logging_mixin.py:188} INFO - [2024-02-01T14:55:05.152+0100] {dagbag.py:538} INFO - Filling up the DagBag from /home/ubuntu/.local/lib/python3.10/site-packages/airflow/example_dags/example_dynamic_task_mapping.py
[2024-02-01T14:55:05.300+0100] {processor.py:840} INFO - DAG(s) 'example_dynamic_task_mapping' retrieved from /home/ubuntu/.local/lib/python3.10/site-packages/airflow/example_dags/example_dynamic_task_mapping.py
[2024-02-01T14:55:05.491+0100] {logging_mixin.py:188} INFO - [2024-02-01T14:55:05.491+0100] {dag.py:3033} INFO - Sync 1 DAGs
[2024-02-01T14:55:05.597+0100] {logging_mixin.py:188} INFO - [2024-02-01T14:55:05.597+0100] {dag.py:3820} INFO - Setting next_dagrun for example_dynamic_task_mapping to 2022-03-04T00:00:00+00:00, run_after=2022-03-05T00:00:00+00:00
[2024-02-01T14:55:06.538+0100] {processor.py:183} INFO - Processing /home/ubuntu/.local/lib/python3.10/site-packages/airflow/example_dags/example_dynamic_task_mapping.py took 1.568 seconds
[2024-02-01T15:00:27.698+0100] {processor.py:161} INFO - Started process (PID=11621) to work on /home/ubuntu/.local/lib/python3.10/site-packages/airflow/example_dags/example_dynamic_task_mapping.py
[2024-02-01T15:00:27.864+0100] {processor.py:830} INFO - Processing file /home/ubuntu/.local/lib/python3.10/site-packages/airflow/example_dags/example_dynamic_task_mapping.py for tasks to queue
[2024-02-01T15:00:27.929+0100] {logging_mixin.py:188} INFO - [2024-02-01T15:00:27.872+0100] {dagbag.py:538} INFO - Filling up the DagBag from /home/ubuntu/.local/lib/python3.10/site-packages/airflow/example_dags/example_dynamic_task_mapping.py
[2024-02-01T15:00:28.019+0100] {processor.py:840} INFO - DAG(s) 'example_dynamic_task_mapping' retrieved from /home/ubuntu/.local/lib/python3.10/site-packages/airflow/example_dags/example_dynamic_task_mapping.py
[2024-02-01T15:00:28.143+0100] {logging_mixin.py:188} INFO - [2024-02-01T15:00:28.143+0100] {dag.py:3033} INFO - Sync 1 DAGs
[2024-02-01T15:00:28.179+0100] {logging_mixin.py:188} INFO - [2024-02-01T15:00:28.179+0100] {dag.py:3820} INFO - Setting next_dagrun for example_dynamic_task_mapping to 2022-03-04T00:00:00+00:00, run_after=2022-03-05T00:00:00+00:00
[2024-02-01T15:00:29.024+0100] {processor.py:183} INFO - Processing /home/ubuntu/.local/lib/python3.10/site-packages/airflow/example_dags/example_dynamic_task_mapping.py took 1.364 seconds
[2024-02-01T15:04:36.643+0100] {processor.py:161} INFO - Started process (PID=11784) to work on /home/ubuntu/.local/lib/python3.10/site-packages/airflow/example_dags/example_dynamic_task_mapping.py
[2024-02-01T15:04:36.743+0100] {processor.py:830} INFO - Processing file /home/ubuntu/.local/lib/python3.10/site-packages/airflow/example_dags/example_dynamic_task_mapping.py for tasks to queue
[2024-02-01T15:04:36.764+0100] {logging_mixin.py:188} INFO - [2024-02-01T15:04:36.763+0100] {dagbag.py:538} INFO - Filling up the DagBag from /home/ubuntu/.local/lib/python3.10/site-packages/airflow/example_dags/example_dynamic_task_mapping.py
[2024-02-01T15:04:36.797+0100] {processor.py:840} INFO - DAG(s) 'example_dynamic_task_mapping' retrieved from /home/ubuntu/.local/lib/python3.10/site-packages/airflow/example_dags/example_dynamic_task_mapping.py
[2024-02-01T15:04:36.842+0100] {logging_mixin.py:188} INFO - [2024-02-01T15:04:36.841+0100] {dag.py:3033} INFO - Sync 1 DAGs
[2024-02-01T15:04:36.905+0100] {logging_mixin.py:188} INFO - [2024-02-01T15:04:36.904+0100] {dag.py:3820} INFO - Setting next_dagrun for example_dynamic_task_mapping to 2022-03-04T00:00:00+00:00, run_after=2022-03-05T00:00:00+00:00
[2024-02-01T15:04:37.560+0100] {processor.py:183} INFO - Processing /home/ubuntu/.local/lib/python3.10/site-packages/airflow/example_dags/example_dynamic_task_mapping.py took 0.966 seconds
[2024-02-01T16:03:53.607+0100] {processor.py:161} INFO - Started process (PID=9205) to work on /home/ubuntu/.local/lib/python3.10/site-packages/airflow/example_dags/example_dynamic_task_mapping.py
[2024-02-01T16:03:53.666+0100] {processor.py:830} INFO - Processing file /home/ubuntu/.local/lib/python3.10/site-packages/airflow/example_dags/example_dynamic_task_mapping.py for tasks to queue
[2024-02-01T16:03:53.669+0100] {logging_mixin.py:188} INFO - [2024-02-01T16:03:53.668+0100] {dagbag.py:538} INFO - Filling up the DagBag from /home/ubuntu/.local/lib/python3.10/site-packages/airflow/example_dags/example_dynamic_task_mapping.py
[2024-02-01T16:03:53.696+0100] {processor.py:840} INFO - DAG(s) 'example_dynamic_task_mapping' retrieved from /home/ubuntu/.local/lib/python3.10/site-packages/airflow/example_dags/example_dynamic_task_mapping.py
[2024-02-01T16:03:54.519+0100] {logging_mixin.py:188} INFO - [2024-02-01T16:03:54.518+0100] {dag.py:3033} INFO - Sync 1 DAGs
[2024-02-01T16:03:54.634+0100] {logging_mixin.py:188} INFO - [2024-02-01T16:03:54.634+0100] {dag.py:3820} INFO - Setting next_dagrun for example_dynamic_task_mapping to 2022-03-04T00:00:00+00:00, run_after=2022-03-05T00:00:00+00:00
[2024-02-01T16:03:55.066+0100] {processor.py:183} INFO - Processing /home/ubuntu/.local/lib/python3.10/site-packages/airflow/example_dags/example_dynamic_task_mapping.py took 1.470 seconds
