[2024-02-01T14:09:12.343+0100] {processor.py:161} INFO - Started process (PID=6166) to work on /home/ubuntu/.local/lib/python3.10/site-packages/airflow/example_dags/example_short_circuit_decorator.py
[2024-02-01T14:09:12.345+0100] {processor.py:830} INFO - Processing file /home/ubuntu/.local/lib/python3.10/site-packages/airflow/example_dags/example_short_circuit_decorator.py for tasks to queue
[2024-02-01T14:09:12.347+0100] {logging_mixin.py:188} INFO - [2024-02-01T14:09:12.346+0100] {dagbag.py:538} INFO - Filling up the DagBag from /home/ubuntu/.local/lib/python3.10/site-packages/airflow/example_dags/example_short_circuit_decorator.py
[2024-02-01T14:09:12.423+0100] {processor.py:840} INFO - DAG(s) 'example_short_circuit_decorator' retrieved from /home/ubuntu/.local/lib/python3.10/site-packages/airflow/example_dags/example_short_circuit_decorator.py
[2024-02-01T14:09:13.625+0100] {logging_mixin.py:188} INFO - [2024-02-01T14:09:13.625+0100] {dag.py:3033} INFO - Sync 1 DAGs
[2024-02-01T14:09:13.656+0100] {logging_mixin.py:188} INFO - [2024-02-01T14:09:13.656+0100] {dag.py:3820} INFO - Setting next_dagrun for example_short_circuit_decorator to 2024-01-31T00:00:00+00:00, run_after=2024-02-01T00:00:00+00:00
[2024-02-01T14:09:14.055+0100] {processor.py:183} INFO - Processing /home/ubuntu/.local/lib/python3.10/site-packages/airflow/example_dags/example_short_circuit_decorator.py took 1.750 seconds
[2024-02-01T14:12:02.327+0100] {processor.py:161} INFO - Started process (PID=6245) to work on /home/ubuntu/.local/lib/python3.10/site-packages/airflow/example_dags/example_short_circuit_decorator.py
[2024-02-01T14:12:02.340+0100] {processor.py:830} INFO - Processing file /home/ubuntu/.local/lib/python3.10/site-packages/airflow/example_dags/example_short_circuit_decorator.py for tasks to queue
[2024-02-01T14:12:02.342+0100] {logging_mixin.py:188} INFO - [2024-02-01T14:12:02.341+0100] {dagbag.py:538} INFO - Filling up the DagBag from /home/ubuntu/.local/lib/python3.10/site-packages/airflow/example_dags/example_short_circuit_decorator.py
[2024-02-01T14:12:02.415+0100] {processor.py:840} INFO - DAG(s) 'example_short_circuit_decorator' retrieved from /home/ubuntu/.local/lib/python3.10/site-packages/airflow/example_dags/example_short_circuit_decorator.py
[2024-02-01T14:12:02.580+0100] {logging_mixin.py:188} INFO - [2024-02-01T14:12:02.580+0100] {dag.py:3033} INFO - Sync 1 DAGs
[2024-02-01T14:12:02.732+0100] {logging_mixin.py:188} INFO - [2024-02-01T14:12:02.732+0100] {dag.py:3820} INFO - Setting next_dagrun for example_short_circuit_decorator to 2024-01-31T00:00:00+00:00, run_after=2024-02-01T00:00:00+00:00
[2024-02-01T14:12:03.292+0100] {processor.py:183} INFO - Processing /home/ubuntu/.local/lib/python3.10/site-packages/airflow/example_dags/example_short_circuit_decorator.py took 0.982 seconds
[2024-02-01T14:15:42.181+0100] {processor.py:161} INFO - Started process (PID=6435) to work on /home/ubuntu/.local/lib/python3.10/site-packages/airflow/example_dags/example_short_circuit_decorator.py
[2024-02-01T14:15:42.250+0100] {processor.py:830} INFO - Processing file /home/ubuntu/.local/lib/python3.10/site-packages/airflow/example_dags/example_short_circuit_decorator.py for tasks to queue
[2024-02-01T14:15:42.252+0100] {logging_mixin.py:188} INFO - [2024-02-01T14:15:42.251+0100] {dagbag.py:538} INFO - Filling up the DagBag from /home/ubuntu/.local/lib/python3.10/site-packages/airflow/example_dags/example_short_circuit_decorator.py
[2024-02-01T14:15:42.360+0100] {processor.py:840} INFO - DAG(s) 'example_short_circuit_decorator' retrieved from /home/ubuntu/.local/lib/python3.10/site-packages/airflow/example_dags/example_short_circuit_decorator.py
[2024-02-01T14:15:42.966+0100] {logging_mixin.py:188} INFO - [2024-02-01T14:15:42.957+0100] {dag.py:3033} INFO - Sync 1 DAGs
[2024-02-01T14:15:43.278+0100] {logging_mixin.py:188} INFO - [2024-02-01T14:15:43.247+0100] {dag.py:3820} INFO - Setting next_dagrun for example_short_circuit_decorator to 2024-01-31T00:00:00+00:00, run_after=2024-02-01T00:00:00+00:00
[2024-02-01T14:15:44.058+0100] {processor.py:183} INFO - Processing /home/ubuntu/.local/lib/python3.10/site-packages/airflow/example_dags/example_short_circuit_decorator.py took 1.897 seconds
[2024-02-01T14:21:44.318+0100] {processor.py:161} INFO - Started process (PID=7952) to work on /home/ubuntu/.local/lib/python3.10/site-packages/airflow/example_dags/example_short_circuit_decorator.py
[2024-02-01T14:21:44.366+0100] {processor.py:830} INFO - Processing file /home/ubuntu/.local/lib/python3.10/site-packages/airflow/example_dags/example_short_circuit_decorator.py for tasks to queue
[2024-02-01T14:21:44.375+0100] {logging_mixin.py:188} INFO - [2024-02-01T14:21:44.367+0100] {dagbag.py:538} INFO - Filling up the DagBag from /home/ubuntu/.local/lib/python3.10/site-packages/airflow/example_dags/example_short_circuit_decorator.py
[2024-02-01T14:21:44.444+0100] {processor.py:840} INFO - DAG(s) 'example_short_circuit_decorator' retrieved from /home/ubuntu/.local/lib/python3.10/site-packages/airflow/example_dags/example_short_circuit_decorator.py
[2024-02-01T14:21:44.533+0100] {logging_mixin.py:188} INFO - [2024-02-01T14:21:44.532+0100] {dag.py:3033} INFO - Sync 1 DAGs
[2024-02-01T14:21:44.713+0100] {logging_mixin.py:188} INFO - [2024-02-01T14:21:44.713+0100] {dag.py:3820} INFO - Setting next_dagrun for example_short_circuit_decorator to 2024-01-31T00:00:00+00:00, run_after=2024-02-01T00:00:00+00:00
[2024-02-01T14:21:45.208+0100] {processor.py:183} INFO - Processing /home/ubuntu/.local/lib/python3.10/site-packages/airflow/example_dags/example_short_circuit_decorator.py took 0.897 seconds
[2024-02-01T14:24:58.538+0100] {processor.py:161} INFO - Started process (PID=8060) to work on /home/ubuntu/.local/lib/python3.10/site-packages/airflow/example_dags/example_short_circuit_decorator.py
[2024-02-01T14:24:58.799+0100] {processor.py:830} INFO - Processing file /home/ubuntu/.local/lib/python3.10/site-packages/airflow/example_dags/example_short_circuit_decorator.py for tasks to queue
[2024-02-01T14:24:58.826+0100] {logging_mixin.py:188} INFO - [2024-02-01T14:24:58.817+0100] {dagbag.py:538} INFO - Filling up the DagBag from /home/ubuntu/.local/lib/python3.10/site-packages/airflow/example_dags/example_short_circuit_decorator.py
[2024-02-01T14:24:58.971+0100] {processor.py:840} INFO - DAG(s) 'example_short_circuit_decorator' retrieved from /home/ubuntu/.local/lib/python3.10/site-packages/airflow/example_dags/example_short_circuit_decorator.py
[2024-02-01T14:24:59.116+0100] {logging_mixin.py:188} INFO - [2024-02-01T14:24:59.116+0100] {dag.py:3033} INFO - Sync 1 DAGs
[2024-02-01T14:24:59.371+0100] {logging_mixin.py:188} INFO - [2024-02-01T14:24:59.362+0100] {dag.py:3820} INFO - Setting next_dagrun for example_short_circuit_decorator to 2024-01-31T00:00:00+00:00, run_after=2024-02-01T00:00:00+00:00
[2024-02-01T14:25:00.279+0100] {processor.py:183} INFO - Processing /home/ubuntu/.local/lib/python3.10/site-packages/airflow/example_dags/example_short_circuit_decorator.py took 1.860 seconds
[2024-02-01T14:30:35.824+0100] {processor.py:161} INFO - Started process (PID=8226) to work on /home/ubuntu/.local/lib/python3.10/site-packages/airflow/example_dags/example_short_circuit_decorator.py
[2024-02-01T14:30:35.843+0100] {processor.py:830} INFO - Processing file /home/ubuntu/.local/lib/python3.10/site-packages/airflow/example_dags/example_short_circuit_decorator.py for tasks to queue
[2024-02-01T14:30:35.852+0100] {logging_mixin.py:188} INFO - [2024-02-01T14:30:35.851+0100] {dagbag.py:538} INFO - Filling up the DagBag from /home/ubuntu/.local/lib/python3.10/site-packages/airflow/example_dags/example_short_circuit_decorator.py
[2024-02-01T14:30:35.982+0100] {processor.py:840} INFO - DAG(s) 'example_short_circuit_decorator' retrieved from /home/ubuntu/.local/lib/python3.10/site-packages/airflow/example_dags/example_short_circuit_decorator.py
[2024-02-01T14:30:36.062+0100] {logging_mixin.py:188} INFO - [2024-02-01T14:30:36.062+0100] {dag.py:3033} INFO - Sync 1 DAGs
[2024-02-01T14:30:36.302+0100] {logging_mixin.py:188} INFO - [2024-02-01T14:30:36.301+0100] {dag.py:3820} INFO - Setting next_dagrun for example_short_circuit_decorator to 2024-01-31T00:00:00+00:00, run_after=2024-02-01T00:00:00+00:00
[2024-02-01T14:30:38.011+0100] {processor.py:183} INFO - Processing /home/ubuntu/.local/lib/python3.10/site-packages/airflow/example_dags/example_short_circuit_decorator.py took 2.264 seconds
[2024-02-01T14:33:10.240+0100] {processor.py:161} INFO - Started process (PID=8538) to work on /home/ubuntu/.local/lib/python3.10/site-packages/airflow/example_dags/example_short_circuit_decorator.py
[2024-02-01T14:33:10.310+0100] {processor.py:830} INFO - Processing file /home/ubuntu/.local/lib/python3.10/site-packages/airflow/example_dags/example_short_circuit_decorator.py for tasks to queue
[2024-02-01T14:33:10.311+0100] {logging_mixin.py:188} INFO - [2024-02-01T14:33:10.310+0100] {dagbag.py:538} INFO - Filling up the DagBag from /home/ubuntu/.local/lib/python3.10/site-packages/airflow/example_dags/example_short_circuit_decorator.py
[2024-02-01T14:33:10.385+0100] {processor.py:840} INFO - DAG(s) 'example_short_circuit_decorator' retrieved from /home/ubuntu/.local/lib/python3.10/site-packages/airflow/example_dags/example_short_circuit_decorator.py
[2024-02-01T14:33:10.571+0100] {logging_mixin.py:188} INFO - [2024-02-01T14:33:10.570+0100] {dag.py:3033} INFO - Sync 1 DAGs
[2024-02-01T14:33:10.779+0100] {logging_mixin.py:188} INFO - [2024-02-01T14:33:10.779+0100] {dag.py:3820} INFO - Setting next_dagrun for example_short_circuit_decorator to 2024-01-31T00:00:00+00:00, run_after=2024-02-01T00:00:00+00:00
[2024-02-01T14:33:11.425+0100] {processor.py:183} INFO - Processing /home/ubuntu/.local/lib/python3.10/site-packages/airflow/example_dags/example_short_circuit_decorator.py took 1.216 seconds
[2024-02-01T14:37:42.325+0100] {processor.py:161} INFO - Started process (PID=9076) to work on /home/ubuntu/.local/lib/python3.10/site-packages/airflow/example_dags/example_short_circuit_decorator.py
[2024-02-01T14:37:42.414+0100] {processor.py:830} INFO - Processing file /home/ubuntu/.local/lib/python3.10/site-packages/airflow/example_dags/example_short_circuit_decorator.py for tasks to queue
[2024-02-01T14:37:42.416+0100] {logging_mixin.py:188} INFO - [2024-02-01T14:37:42.416+0100] {dagbag.py:538} INFO - Filling up the DagBag from /home/ubuntu/.local/lib/python3.10/site-packages/airflow/example_dags/example_short_circuit_decorator.py
[2024-02-01T14:37:42.557+0100] {processor.py:840} INFO - DAG(s) 'example_short_circuit_decorator' retrieved from /home/ubuntu/.local/lib/python3.10/site-packages/airflow/example_dags/example_short_circuit_decorator.py
[2024-02-01T14:37:42.717+0100] {logging_mixin.py:188} INFO - [2024-02-01T14:37:42.716+0100] {dag.py:3033} INFO - Sync 1 DAGs
[2024-02-01T14:37:42.871+0100] {logging_mixin.py:188} INFO - [2024-02-01T14:37:42.871+0100] {dag.py:3820} INFO - Setting next_dagrun for example_short_circuit_decorator to 2024-01-31T00:00:00+00:00, run_after=2024-02-01T00:00:00+00:00
[2024-02-01T14:37:43.487+0100] {processor.py:183} INFO - Processing /home/ubuntu/.local/lib/python3.10/site-packages/airflow/example_dags/example_short_circuit_decorator.py took 1.409 seconds
[2024-02-01T14:47:28.476+0100] {processor.py:161} INFO - Started process (PID=10192) to work on /home/ubuntu/.local/lib/python3.10/site-packages/airflow/example_dags/example_short_circuit_decorator.py
[2024-02-01T14:47:28.565+0100] {processor.py:830} INFO - Processing file /home/ubuntu/.local/lib/python3.10/site-packages/airflow/example_dags/example_short_circuit_decorator.py for tasks to queue
[2024-02-01T14:47:28.595+0100] {logging_mixin.py:188} INFO - [2024-02-01T14:47:28.576+0100] {dagbag.py:538} INFO - Filling up the DagBag from /home/ubuntu/.local/lib/python3.10/site-packages/airflow/example_dags/example_short_circuit_decorator.py
[2024-02-01T14:47:28.789+0100] {processor.py:840} INFO - DAG(s) 'example_short_circuit_decorator' retrieved from /home/ubuntu/.local/lib/python3.10/site-packages/airflow/example_dags/example_short_circuit_decorator.py
[2024-02-01T14:47:29.138+0100] {logging_mixin.py:188} INFO - [2024-02-01T14:47:29.138+0100] {dag.py:3033} INFO - Sync 1 DAGs
[2024-02-01T14:47:29.278+0100] {logging_mixin.py:188} INFO - [2024-02-01T14:47:29.277+0100] {dag.py:3820} INFO - Setting next_dagrun for example_short_circuit_decorator to 2024-01-31T00:00:00+00:00, run_after=2024-02-01T00:00:00+00:00
[2024-02-01T14:47:29.927+0100] {processor.py:183} INFO - Processing /home/ubuntu/.local/lib/python3.10/site-packages/airflow/example_dags/example_short_circuit_decorator.py took 1.500 seconds
[2024-02-01T14:51:38.627+0100] {processor.py:161} INFO - Started process (PID=10399) to work on /home/ubuntu/.local/lib/python3.10/site-packages/airflow/example_dags/example_short_circuit_decorator.py
[2024-02-01T14:51:38.729+0100] {processor.py:830} INFO - Processing file /home/ubuntu/.local/lib/python3.10/site-packages/airflow/example_dags/example_short_circuit_decorator.py for tasks to queue
[2024-02-01T14:51:38.738+0100] {logging_mixin.py:188} INFO - [2024-02-01T14:51:38.730+0100] {dagbag.py:538} INFO - Filling up the DagBag from /home/ubuntu/.local/lib/python3.10/site-packages/airflow/example_dags/example_short_circuit_decorator.py
[2024-02-01T14:51:38.995+0100] {processor.py:840} INFO - DAG(s) 'example_short_circuit_decorator' retrieved from /home/ubuntu/.local/lib/python3.10/site-packages/airflow/example_dags/example_short_circuit_decorator.py
[2024-02-01T14:51:39.477+0100] {logging_mixin.py:188} INFO - [2024-02-01T14:51:39.477+0100] {dag.py:3033} INFO - Sync 1 DAGs
[2024-02-01T14:51:39.728+0100] {logging_mixin.py:188} INFO - [2024-02-01T14:51:39.728+0100] {dag.py:3820} INFO - Setting next_dagrun for example_short_circuit_decorator to 2024-01-31T00:00:00+00:00, run_after=2024-02-01T00:00:00+00:00
[2024-02-01T14:51:40.834+0100] {processor.py:183} INFO - Processing /home/ubuntu/.local/lib/python3.10/site-packages/airflow/example_dags/example_short_circuit_decorator.py took 2.229 seconds
[2024-02-01T14:56:16.361+0100] {processor.py:161} INFO - Started process (PID=11263) to work on /home/ubuntu/.local/lib/python3.10/site-packages/airflow/example_dags/example_short_circuit_decorator.py
[2024-02-01T14:56:16.436+0100] {processor.py:830} INFO - Processing file /home/ubuntu/.local/lib/python3.10/site-packages/airflow/example_dags/example_short_circuit_decorator.py for tasks to queue
[2024-02-01T14:56:16.445+0100] {logging_mixin.py:188} INFO - [2024-02-01T14:56:16.444+0100] {dagbag.py:538} INFO - Filling up the DagBag from /home/ubuntu/.local/lib/python3.10/site-packages/airflow/example_dags/example_short_circuit_decorator.py
[2024-02-01T14:56:16.707+0100] {processor.py:840} INFO - DAG(s) 'example_short_circuit_decorator' retrieved from /home/ubuntu/.local/lib/python3.10/site-packages/airflow/example_dags/example_short_circuit_decorator.py
[2024-02-01T14:56:17.392+0100] {logging_mixin.py:188} INFO - [2024-02-01T14:56:17.392+0100] {dag.py:3033} INFO - Sync 1 DAGs
[2024-02-01T14:56:17.452+0100] {logging_mixin.py:188} INFO - [2024-02-01T14:56:17.451+0100] {dag.py:3820} INFO - Setting next_dagrun for example_short_circuit_decorator to 2024-01-31T00:00:00+00:00, run_after=2024-02-01T00:00:00+00:00
[2024-02-01T14:56:18.698+0100] {processor.py:183} INFO - Processing /home/ubuntu/.local/lib/python3.10/site-packages/airflow/example_dags/example_short_circuit_decorator.py took 2.383 seconds
[2024-02-01T15:01:06.265+0100] {processor.py:161} INFO - Started process (PID=11635) to work on /home/ubuntu/.local/lib/python3.10/site-packages/airflow/example_dags/example_short_circuit_decorator.py
[2024-02-01T15:01:06.454+0100] {processor.py:830} INFO - Processing file /home/ubuntu/.local/lib/python3.10/site-packages/airflow/example_dags/example_short_circuit_decorator.py for tasks to queue
[2024-02-01T15:01:06.464+0100] {logging_mixin.py:188} INFO - [2024-02-01T15:01:06.463+0100] {dagbag.py:538} INFO - Filling up the DagBag from /home/ubuntu/.local/lib/python3.10/site-packages/airflow/example_dags/example_short_circuit_decorator.py
[2024-02-01T15:01:06.557+0100] {processor.py:840} INFO - DAG(s) 'example_short_circuit_decorator' retrieved from /home/ubuntu/.local/lib/python3.10/site-packages/airflow/example_dags/example_short_circuit_decorator.py
[2024-02-01T15:01:06.782+0100] {logging_mixin.py:188} INFO - [2024-02-01T15:01:06.782+0100] {dag.py:3033} INFO - Sync 1 DAGs
[2024-02-01T15:01:07.090+0100] {logging_mixin.py:188} INFO - [2024-02-01T15:01:07.090+0100] {dag.py:3820} INFO - Setting next_dagrun for example_short_circuit_decorator to 2024-01-31T00:00:00+00:00, run_after=2024-02-01T00:00:00+00:00
[2024-02-01T15:01:07.984+0100] {processor.py:183} INFO - Processing /home/ubuntu/.local/lib/python3.10/site-packages/airflow/example_dags/example_short_circuit_decorator.py took 1.767 seconds
[2024-02-01T15:05:16.342+0100] {processor.py:161} INFO - Started process (PID=11806) to work on /home/ubuntu/.local/lib/python3.10/site-packages/airflow/example_dags/example_short_circuit_decorator.py
[2024-02-01T15:05:16.405+0100] {processor.py:830} INFO - Processing file /home/ubuntu/.local/lib/python3.10/site-packages/airflow/example_dags/example_short_circuit_decorator.py for tasks to queue
[2024-02-01T15:05:16.406+0100] {logging_mixin.py:188} INFO - [2024-02-01T15:05:16.406+0100] {dagbag.py:538} INFO - Filling up the DagBag from /home/ubuntu/.local/lib/python3.10/site-packages/airflow/example_dags/example_short_circuit_decorator.py
[2024-02-01T15:05:16.538+0100] {processor.py:840} INFO - DAG(s) 'example_short_circuit_decorator' retrieved from /home/ubuntu/.local/lib/python3.10/site-packages/airflow/example_dags/example_short_circuit_decorator.py
[2024-02-01T15:05:16.697+0100] {logging_mixin.py:188} INFO - [2024-02-01T15:05:16.697+0100] {dag.py:3033} INFO - Sync 1 DAGs
[2024-02-01T15:05:16.864+0100] {logging_mixin.py:188} INFO - [2024-02-01T15:05:16.840+0100] {dag.py:3820} INFO - Setting next_dagrun for example_short_circuit_decorator to 2024-01-31T00:00:00+00:00, run_after=2024-02-01T00:00:00+00:00
[2024-02-01T15:05:18.061+0100] {processor.py:183} INFO - Processing /home/ubuntu/.local/lib/python3.10/site-packages/airflow/example_dags/example_short_circuit_decorator.py took 1.802 seconds
[2024-02-01T16:04:34.874+0100] {processor.py:161} INFO - Started process (PID=9327) to work on /home/ubuntu/.local/lib/python3.10/site-packages/airflow/example_dags/example_short_circuit_decorator.py
[2024-02-01T16:04:35.241+0100] {processor.py:830} INFO - Processing file /home/ubuntu/.local/lib/python3.10/site-packages/airflow/example_dags/example_short_circuit_decorator.py for tasks to queue
[2024-02-01T16:04:35.309+0100] {logging_mixin.py:188} INFO - [2024-02-01T16:04:35.308+0100] {dagbag.py:538} INFO - Filling up the DagBag from /home/ubuntu/.local/lib/python3.10/site-packages/airflow/example_dags/example_short_circuit_decorator.py
[2024-02-01T16:04:35.478+0100] {processor.py:840} INFO - DAG(s) 'example_short_circuit_decorator' retrieved from /home/ubuntu/.local/lib/python3.10/site-packages/airflow/example_dags/example_short_circuit_decorator.py
[2024-02-01T16:04:37.591+0100] {logging_mixin.py:188} INFO - [2024-02-01T16:04:37.591+0100] {dag.py:3033} INFO - Sync 1 DAGs
[2024-02-01T16:04:37.759+0100] {logging_mixin.py:188} INFO - [2024-02-01T16:04:37.759+0100] {dag.py:3820} INFO - Setting next_dagrun for example_short_circuit_decorator to 2024-01-31T00:00:00+00:00, run_after=2024-02-01T00:00:00+00:00
[2024-02-01T16:04:38.942+0100] {processor.py:183} INFO - Processing /home/ubuntu/.local/lib/python3.10/site-packages/airflow/example_dags/example_short_circuit_decorator.py took 4.343 seconds
