[2024-02-01T14:10:27.408+0100] {processor.py:161} INFO - Started process (PID=6182) to work on /home/ubuntu/.local/lib/python3.10/site-packages/airflow/example_dags/example_python_operator.py
[2024-02-01T14:10:27.410+0100] {processor.py:830} INFO - Processing file /home/ubuntu/.local/lib/python3.10/site-packages/airflow/example_dags/example_python_operator.py for tasks to queue
[2024-02-01T14:10:27.414+0100] {logging_mixin.py:188} INFO - [2024-02-01T14:10:27.413+0100] {dagbag.py:538} INFO - Filling up the DagBag from /home/ubuntu/.local/lib/python3.10/site-packages/airflow/example_dags/example_python_operator.py
[2024-02-01T14:10:27.526+0100] {processor.py:840} INFO - DAG(s) 'example_python_operator' retrieved from /home/ubuntu/.local/lib/python3.10/site-packages/airflow/example_dags/example_python_operator.py
[2024-02-01T14:10:28.066+0100] {logging_mixin.py:188} INFO - [2024-02-01T14:10:28.066+0100] {dag.py:3033} INFO - Sync 1 DAGs
[2024-02-01T14:10:28.086+0100] {logging_mixin.py:188} INFO - [2024-02-01T14:10:28.086+0100] {dag.py:3820} INFO - Setting next_dagrun for example_python_operator to None, run_after=None
[2024-02-01T14:10:28.427+0100] {processor.py:183} INFO - Processing /home/ubuntu/.local/lib/python3.10/site-packages/airflow/example_dags/example_python_operator.py took 1.039 seconds
[2024-02-01T14:13:57.666+0100] {processor.py:161} INFO - Started process (PID=6362) to work on /home/ubuntu/.local/lib/python3.10/site-packages/airflow/example_dags/example_python_operator.py
[2024-02-01T14:13:57.680+0100] {processor.py:830} INFO - Processing file /home/ubuntu/.local/lib/python3.10/site-packages/airflow/example_dags/example_python_operator.py for tasks to queue
[2024-02-01T14:13:57.684+0100] {logging_mixin.py:188} INFO - [2024-02-01T14:13:57.682+0100] {dagbag.py:538} INFO - Filling up the DagBag from /home/ubuntu/.local/lib/python3.10/site-packages/airflow/example_dags/example_python_operator.py
[2024-02-01T14:13:57.775+0100] {processor.py:840} INFO - DAG(s) 'example_python_operator' retrieved from /home/ubuntu/.local/lib/python3.10/site-packages/airflow/example_dags/example_python_operator.py
[2024-02-01T14:13:57.926+0100] {logging_mixin.py:188} INFO - [2024-02-01T14:13:57.926+0100] {dag.py:3033} INFO - Sync 1 DAGs
[2024-02-01T14:13:57.988+0100] {logging_mixin.py:188} INFO - [2024-02-01T14:13:57.987+0100] {dag.py:3820} INFO - Setting next_dagrun for example_python_operator to None, run_after=None
[2024-02-01T14:13:58.679+0100] {processor.py:183} INFO - Processing /home/ubuntu/.local/lib/python3.10/site-packages/airflow/example_dags/example_python_operator.py took 1.049 seconds
[2024-02-01T14:19:12.205+0100] {processor.py:161} INFO - Started process (PID=7239) to work on /home/ubuntu/.local/lib/python3.10/site-packages/airflow/example_dags/example_python_operator.py
[2024-02-01T14:19:12.266+0100] {processor.py:830} INFO - Processing file /home/ubuntu/.local/lib/python3.10/site-packages/airflow/example_dags/example_python_operator.py for tasks to queue
[2024-02-01T14:19:12.273+0100] {logging_mixin.py:188} INFO - [2024-02-01T14:19:12.267+0100] {dagbag.py:538} INFO - Filling up the DagBag from /home/ubuntu/.local/lib/python3.10/site-packages/airflow/example_dags/example_python_operator.py
[2024-02-01T14:19:12.379+0100] {processor.py:840} INFO - DAG(s) 'example_python_operator' retrieved from /home/ubuntu/.local/lib/python3.10/site-packages/airflow/example_dags/example_python_operator.py
[2024-02-01T14:19:12.612+0100] {logging_mixin.py:188} INFO - [2024-02-01T14:19:12.612+0100] {dag.py:3033} INFO - Sync 1 DAGs
[2024-02-01T14:19:12.770+0100] {logging_mixin.py:188} INFO - [2024-02-01T14:19:12.749+0100] {dag.py:3820} INFO - Setting next_dagrun for example_python_operator to None, run_after=None
[2024-02-01T14:19:13.520+0100] {processor.py:183} INFO - Processing /home/ubuntu/.local/lib/python3.10/site-packages/airflow/example_dags/example_python_operator.py took 1.448 seconds
[2024-02-01T14:25:05.938+0100] {processor.py:161} INFO - Started process (PID=8063) to work on /home/ubuntu/.local/lib/python3.10/site-packages/airflow/example_dags/example_python_operator.py
[2024-02-01T14:25:06.001+0100] {processor.py:830} INFO - Processing file /home/ubuntu/.local/lib/python3.10/site-packages/airflow/example_dags/example_python_operator.py for tasks to queue
[2024-02-01T14:25:06.004+0100] {logging_mixin.py:188} INFO - [2024-02-01T14:25:06.003+0100] {dagbag.py:538} INFO - Filling up the DagBag from /home/ubuntu/.local/lib/python3.10/site-packages/airflow/example_dags/example_python_operator.py
[2024-02-01T14:25:06.101+0100] {processor.py:840} INFO - DAG(s) 'example_python_operator' retrieved from /home/ubuntu/.local/lib/python3.10/site-packages/airflow/example_dags/example_python_operator.py
[2024-02-01T14:25:06.276+0100] {logging_mixin.py:188} INFO - [2024-02-01T14:25:06.275+0100] {dag.py:3033} INFO - Sync 1 DAGs
[2024-02-01T14:25:06.402+0100] {logging_mixin.py:188} INFO - [2024-02-01T14:25:06.401+0100] {dag.py:3820} INFO - Setting next_dagrun for example_python_operator to None, run_after=None
[2024-02-01T14:25:07.598+0100] {processor.py:183} INFO - Processing /home/ubuntu/.local/lib/python3.10/site-packages/airflow/example_dags/example_python_operator.py took 1.683 seconds
[2024-02-01T14:31:08.174+0100] {processor.py:161} INFO - Started process (PID=8235) to work on /home/ubuntu/.local/lib/python3.10/site-packages/airflow/example_dags/example_python_operator.py
[2024-02-01T14:31:08.237+0100] {processor.py:830} INFO - Processing file /home/ubuntu/.local/lib/python3.10/site-packages/airflow/example_dags/example_python_operator.py for tasks to queue
[2024-02-01T14:31:08.264+0100] {logging_mixin.py:188} INFO - [2024-02-01T14:31:08.263+0100] {dagbag.py:538} INFO - Filling up the DagBag from /home/ubuntu/.local/lib/python3.10/site-packages/airflow/example_dags/example_python_operator.py
[2024-02-01T14:31:08.490+0100] {processor.py:840} INFO - DAG(s) 'example_python_operator' retrieved from /home/ubuntu/.local/lib/python3.10/site-packages/airflow/example_dags/example_python_operator.py
[2024-02-01T14:31:08.674+0100] {logging_mixin.py:188} INFO - [2024-02-01T14:31:08.673+0100] {dag.py:3033} INFO - Sync 1 DAGs
[2024-02-01T14:31:08.727+0100] {logging_mixin.py:188} INFO - [2024-02-01T14:31:08.726+0100] {dag.py:3820} INFO - Setting next_dagrun for example_python_operator to None, run_after=None
[2024-02-01T14:31:09.264+0100] {processor.py:183} INFO - Processing /home/ubuntu/.local/lib/python3.10/site-packages/airflow/example_dags/example_python_operator.py took 1.111 seconds
[2024-02-01T14:35:38.198+0100] {processor.py:161} INFO - Started process (PID=8893) to work on /home/ubuntu/.local/lib/python3.10/site-packages/airflow/example_dags/example_python_operator.py
[2024-02-01T14:35:38.263+0100] {processor.py:830} INFO - Processing file /home/ubuntu/.local/lib/python3.10/site-packages/airflow/example_dags/example_python_operator.py for tasks to queue
[2024-02-01T14:35:38.268+0100] {logging_mixin.py:188} INFO - [2024-02-01T14:35:38.264+0100] {dagbag.py:538} INFO - Filling up the DagBag from /home/ubuntu/.local/lib/python3.10/site-packages/airflow/example_dags/example_python_operator.py
[2024-02-01T14:35:38.427+0100] {processor.py:840} INFO - DAG(s) 'example_python_operator' retrieved from /home/ubuntu/.local/lib/python3.10/site-packages/airflow/example_dags/example_python_operator.py
[2024-02-01T14:35:38.583+0100] {logging_mixin.py:188} INFO - [2024-02-01T14:35:38.582+0100] {dag.py:3033} INFO - Sync 1 DAGs
[2024-02-01T14:35:38.647+0100] {logging_mixin.py:188} INFO - [2024-02-01T14:35:38.646+0100] {dag.py:3820} INFO - Setting next_dagrun for example_python_operator to None, run_after=None
[2024-02-01T14:35:39.069+0100] {processor.py:183} INFO - Processing /home/ubuntu/.local/lib/python3.10/site-packages/airflow/example_dags/example_python_operator.py took 0.906 seconds
[2024-02-01T14:42:47.922+0100] {processor.py:161} INFO - Started process (PID=10039) to work on /home/ubuntu/.local/lib/python3.10/site-packages/airflow/example_dags/example_python_operator.py
[2024-02-01T14:42:48.011+0100] {processor.py:830} INFO - Processing file /home/ubuntu/.local/lib/python3.10/site-packages/airflow/example_dags/example_python_operator.py for tasks to queue
[2024-02-01T14:42:48.013+0100] {logging_mixin.py:188} WARNING - --- Logging error ---
[2024-02-01T14:42:48.013+0100] {logging_mixin.py:188} WARNING - --- Logging error ---
[2024-02-01T14:42:48.014+0100] {logging_mixin.py:188} WARNING - --- Logging error ---
[2024-02-01T14:42:48.014+0100] {logging_mixin.py:188} WARNING - --- Logging error ---
[2024-02-01T14:42:48.015+0100] {logging_mixin.py:188} WARNING - --- Logging error ---
[2024-02-01T14:42:48.015+0100] {logging_mixin.py:188} WARNING - --- Logging error ---
[2024-02-01T14:42:48.016+0100] {logging_mixin.py:188} WARNING - --- Logging error ---
[2024-02-01T14:42:48.026+0100] {logging_mixin.py:188} WARNING - --- Logging error ---
[2024-02-01T14:42:48.054+0100] {logging_mixin.py:188} WARNING - --- Logging error ---
[2024-02-01T14:42:48.103+0100] {logging_mixin.py:188} WARNING - --- Logging error ---
[2024-02-01T14:42:48.112+0100] {logging_mixin.py:188} WARNING - --- Logging error ---
[2024-02-01T14:42:48.113+0100] {logging_mixin.py:188} WARNING - --- Logging error ---
[2024-02-01T14:42:48.113+0100] {logging_mixin.py:188} WARNING - --- Logging error ---
[2024-02-01T14:42:48.114+0100] {logging_mixin.py:188} WARNING - --- Logging error ---
[2024-02-01T14:42:48.115+0100] {logging_mixin.py:188} WARNING - --- Logging error ---
[2024-02-01T14:42:48.115+0100] {logging_mixin.py:188} WARNING - --- Logging error ---
[2024-02-01T14:42:48.116+0100] {logging_mixin.py:188} WARNING - --- Logging error ---
[2024-02-01T14:42:48.117+0100] {logging_mixin.py:188} WARNING - --- Logging error ---
[2024-02-01T14:42:48.117+0100] {logging_mixin.py:188} WARNING - --- Logging error ---
[2024-02-01T14:42:48.118+0100] {logging_mixin.py:188} WARNING - --- Logging error ---
[2024-02-01T14:42:48.119+0100] {logging_mixin.py:188} WARNING - --- Logging error ---
[2024-02-01T14:42:48.134+0100] {logging_mixin.py:188} WARNING - --- Logging error ---
[2024-02-01T14:42:48.135+0100] {logging_mixin.py:188} WARNING - --- Logging error ---
[2024-02-01T14:42:48.145+0100] {logging_mixin.py:188} WARNING - --- Logging error ---
[2024-02-01T14:42:48.145+0100] {logging_mixin.py:188} WARNING - --- Logging error ---
[2024-02-01T14:42:48.146+0100] {logging_mixin.py:188} WARNING - --- Logging error ---
[2024-02-01T14:42:48.147+0100] {logging_mixin.py:188} WARNING - --- Logging error ---
[2024-02-01T14:42:48.147+0100] {logging_mixin.py:188} WARNING - --- Logging error ---
[2024-02-01T14:42:48.148+0100] {logging_mixin.py:188} WARNING - --- Logging error ---
[2024-02-01T14:42:48.148+0100] {logging_mixin.py:188} WARNING - --- Logging error ---
[2024-02-01T14:42:48.149+0100] {logging_mixin.py:188} WARNING - --- Logging error ---
[2024-02-01T14:42:48.149+0100] {logging_mixin.py:188} WARNING - --- Logging error ---
[2024-02-01T14:42:48.149+0100] {logging_mixin.py:188} WARNING - --- Logging error ---
[2024-02-01T14:42:48.149+0100] {logging_mixin.py:188} WARNING - --- Logging error ---
[2024-02-01T14:42:48.150+0100] {logging_mixin.py:188} WARNING - --- Logging error ---
[2024-02-01T14:42:48.150+0100] {logging_mixin.py:188} WARNING - --- Logging error ---
[2024-02-01T14:42:48.150+0100] {logging_mixin.py:188} WARNING - --- Logging error ---
[2024-02-01T14:42:48.162+0100] {logging_mixin.py:188} WARNING - --- Logging error ---
[2024-02-01T14:42:48.162+0100] {logging_mixin.py:188} WARNING - --- Logging error ---
[2024-02-01T14:42:48.163+0100] {logging_mixin.py:188} WARNING - --- Logging error ---
[2024-02-01T14:42:48.163+0100] {logging_mixin.py:188} WARNING - --- Logging error ---
[2024-02-01T14:42:48.164+0100] {logging_mixin.py:188} WARNING - --- Logging error ---
[2024-02-01T14:42:48.164+0100] {logging_mixin.py:188} WARNING - --- Logging error ---
[2024-02-01T14:42:48.165+0100] {logging_mixin.py:188} WARNING - --- Logging error ---
[2024-02-01T14:42:48.165+0100] {logging_mixin.py:188} WARNING - --- Logging error ---
[2024-02-01T14:42:48.252+0100] {processor.py:186} ERROR - Got an exception! Propagating...
Traceback (most recent call last):
  File "/usr/l[2024-02-01T14:52:20.022+0100] {processor.py:161} INFO - Started process (PID=10492) to work on /home/ubuntu/.local/lib/python3.10/site-packages/airflow/example_dags/example_python_operator.py
[2024-02-01T14:52:20.024+0100] {processor.py:830} INFO - Processing file /home/ubuntu/.local/lib/python3.10/site-packages/airflow/example_dags/example_python_operator.py for tasks to queue
[2024-02-01T14:52:20.026+0100] {logging_mixin.py:188} INFO - [2024-02-01T14:52:20.025+0100] {dagbag.py:538} INFO - Filling up the DagBag from /home/ubuntu/.local/lib/python3.10/site-packages/airflow/example_dags/example_python_operator.py
[2024-02-01T14:52:20.082+0100] {processor.py:840} INFO - DAG(s) 'example_python_operator' retrieved from /home/ubuntu/.local/lib/python3.10/site-packages/airflow/example_dags/example_python_operator.py
[2024-02-01T14:52:33.556+0100] {logging_mixin.py:188} INFO - [2024-02-01T14:52:33.555+0100] {dag.py:3033} INFO - Sync 1 DAGs
[2024-02-01T14:52:33.812+0100] {logging_mixin.py:188} INFO - [2024-02-01T14:52:33.812+0100] {dag.py:3820} INFO - Setting next_dagrun for example_python_operator to None, run_after=None
[2024-02-01T14:52:35.022+0100] {processor.py:183} INFO - Processing /home/ubuntu/.local/lib/python3.10/site-packages/airflow/example_dags/example_python_operator.py took 15.020 seconds
[2024-02-01T15:02:20.665+0100] {processor.py:161} INFO - Started process (PID=11668) to work on /home/ubuntu/.local/lib/python3.10/site-packages/airflow/example_dags/example_python_operator.py
[2024-02-01T15:02:20.745+0100] {processor.py:830} INFO - Processing file /home/ubuntu/.local/lib/python3.10/site-packages/airflow/example_dags/example_python_operator.py for tasks to queue
[2024-02-01T15:02:20.747+0100] {logging_mixin.py:188} INFO - [2024-02-01T15:02:20.746+0100] {dagbag.py:538} INFO - Filling up the DagBag from /home/ubuntu/.local/lib/python3.10/site-packages/airflow/example_dags/example_python_operator.py
[2024-02-01T15:02:20.898+0100] {processor.py:840} INFO - DAG(s) 'example_python_operator' retrieved from /home/ubuntu/.local/lib/python3.10/site-packages/airflow/example_dags/example_python_operator.py
[2024-02-01T15:02:21.213+0100] {logging_mixin.py:188} INFO - [2024-02-01T15:02:21.212+0100] {dag.py:3033} INFO - Sync 1 DAGs
[2024-02-01T15:02:21.428+0100] {logging_mixin.py:188} INFO - [2024-02-01T15:02:21.428+0100] {dag.py:3820} INFO - Setting next_dagrun for example_python_operator to None, run_after=None
[2024-02-01T15:02:22.139+0100] {processor.py:183} INFO - Processing /home/ubuntu/.local/lib/python3.10/site-packages/airflow/example_dags/example_python_operator.py took 1.490 seconds
[2024-02-01T16:06:44.143+0100] {processor.py:161} INFO - Started process (PID=9531) to work on /home/ubuntu/.local/lib/python3.10/site-packages/airflow/example_dags/example_python_operator.py
[2024-02-01T16:06:44.218+0100] {processor.py:830} INFO - Processing file /home/ubuntu/.local/lib/python3.10/site-packages/airflow/example_dags/example_python_operator.py for tasks to queue
[2024-02-01T16:06:44.233+0100] {logging_mixin.py:188} INFO - [2024-02-01T16:06:44.219+0100] {dagbag.py:538} INFO - Filling up the DagBag from /home/ubuntu/.local/lib/python3.10/site-packages/airflow/example_dags/example_python_operator.py
[2024-02-01T16:06:44.461+0100] {processor.py:840} INFO - DAG(s) 'example_python_operator' retrieved from /home/ubuntu/.local/lib/python3.10/site-packages/airflow/example_dags/example_python_operator.py
[2024-02-01T16:06:45.411+0100] {logging_mixin.py:188} INFO - [2024-02-01T16:06:45.411+0100] {dag.py:3033} INFO - Sync 1 DAGs
[2024-02-01T16:06:45.494+0100] {logging_mixin.py:188} INFO - [2024-02-01T16:06:45.493+0100] {dag.py:3820} INFO - Setting next_dagrun for example_python_operator to None, run_after=None
[2024-02-01T16:06:46.614+0100] {processor.py:183} INFO - Processing /home/ubuntu/.local/lib/python3.10/site-packages/airflow/example_dags/example_python_operator.py took 2.492 seconds
