[2024-02-01T14:08:24.346+0100] {processor.py:161} INFO - Started process (PID=6151) to work on /home/ubuntu/.local/lib/python3.10/site-packages/airflow/example_dags/example_branch_python_dop_operator_3.py
[2024-02-01T14:08:24.348+0100] {processor.py:830} INFO - Processing file /home/ubuntu/.local/lib/python3.10/site-packages/airflow/example_dags/example_branch_python_dop_operator_3.py for tasks to queue
[2024-02-01T14:08:24.358+0100] {logging_mixin.py:188} INFO - [2024-02-01T14:08:24.349+0100] {dagbag.py:538} INFO - Filling up the DagBag from /home/ubuntu/.local/lib/python3.10/site-packages/airflow/example_dags/example_branch_python_dop_operator_3.py
[2024-02-01T14:08:24.478+0100] {processor.py:840} INFO - DAG(s) 'example_branch_dop_operator_v3' retrieved from /home/ubuntu/.local/lib/python3.10/site-packages/airflow/example_dags/example_branch_python_dop_operator_3.py
[2024-02-01T14:08:25.338+0100] {logging_mixin.py:188} INFO - [2024-02-01T14:08:25.338+0100] {dag.py:3033} INFO - Sync 1 DAGs
[2024-02-01T14:08:25.591+0100] {logging_mixin.py:188} INFO - [2024-02-01T14:08:25.591+0100] {dag.py:3820} INFO - Setting next_dagrun for example_branch_dop_operator_v3 to 2024-02-01T13:07:00+00:00, run_after=2024-02-01T13:08:00+00:00
[2024-02-01T14:08:26.099+0100] {processor.py:183} INFO - Processing /home/ubuntu/.local/lib/python3.10/site-packages/airflow/example_dags/example_branch_python_dop_operator_3.py took 1.807 seconds
[2024-02-01T14:11:31.185+0100] {processor.py:161} INFO - Started process (PID=6233) to work on /home/ubuntu/.local/lib/python3.10/site-packages/airflow/example_dags/example_branch_python_dop_operator_3.py
[2024-02-01T14:11:31.242+0100] {processor.py:830} INFO - Processing file /home/ubuntu/.local/lib/python3.10/site-packages/airflow/example_dags/example_branch_python_dop_operator_3.py for tasks to queue
[2024-02-01T14:11:31.245+0100] {logging_mixin.py:188} INFO - [2024-02-01T14:11:31.244+0100] {dagbag.py:538} INFO - Filling up the DagBag from /home/ubuntu/.local/lib/python3.10/site-packages/airflow/example_dags/example_branch_python_dop_operator_3.py
[2024-02-01T14:11:31.282+0100] {processor.py:840} INFO - DAG(s) 'example_branch_dop_operator_v3' retrieved from /home/ubuntu/.local/lib/python3.10/site-packages/airflow/example_dags/example_branch_python_dop_operator_3.py
[2024-02-01T14:11:31.514+0100] {logging_mixin.py:188} INFO - [2024-02-01T14:11:31.513+0100] {dag.py:3033} INFO - Sync 1 DAGs
[2024-02-01T14:11:31.644+0100] {logging_mixin.py:188} INFO - [2024-02-01T14:11:31.644+0100] {dag.py:3820} INFO - Setting next_dagrun for example_branch_dop_operator_v3 to 2024-02-01T13:10:00+00:00, run_after=2024-02-01T13:11:00+00:00
[2024-02-01T14:11:32.031+0100] {processor.py:183} INFO - Processing /home/ubuntu/.local/lib/python3.10/site-packages/airflow/example_dags/example_branch_python_dop_operator_3.py took 0.855 seconds
[2024-02-01T14:13:22.741+0100] {processor.py:161} INFO - Started process (PID=6343) to work on /home/ubuntu/.local/lib/python3.10/site-packages/airflow/example_dags/example_branch_python_dop_operator_3.py
[2024-02-01T14:13:22.964+0100] {processor.py:830} INFO - Processing file /home/ubuntu/.local/lib/python3.10/site-packages/airflow/example_dags/example_branch_python_dop_operator_3.py for tasks to queue
[2024-02-01T14:13:22.981+0100] {logging_mixin.py:188} INFO - [2024-02-01T14:13:22.980+0100] {dagbag.py:538} INFO - Filling up the DagBag from /home/ubuntu/.local/lib/python3.10/site-packages/airflow/example_dags/example_branch_python_dop_operator_3.py
[2024-02-01T14:13:23.096+0100] {processor.py:840} INFO - DAG(s) 'example_branch_dop_operator_v3' retrieved from /home/ubuntu/.local/lib/python3.10/site-packages/airflow/example_dags/example_branch_python_dop_operator_3.py
[2024-02-01T14:13:23.357+0100] {logging_mixin.py:188} INFO - [2024-02-01T14:13:23.350+0100] {dag.py:3033} INFO - Sync 1 DAGs
[2024-02-01T14:13:23.558+0100] {logging_mixin.py:188} INFO - [2024-02-01T14:13:23.558+0100] {dag.py:3820} INFO - Setting next_dagrun for example_branch_dop_operator_v3 to 2024-02-01T13:12:00+00:00, run_after=2024-02-01T13:13:00+00:00
[2024-02-01T14:13:24.753+0100] {processor.py:183} INFO - Processing /home/ubuntu/.local/lib/python3.10/site-packages/airflow/example_dags/example_branch_python_dop_operator_3.py took 2.033 seconds
[2024-02-01T14:15:10.982+0100] {processor.py:161} INFO - Started process (PID=6421) to work on /home/ubuntu/.local/lib/python3.10/site-packages/airflow/example_dags/example_branch_python_dop_operator_3.py
[2024-02-01T14:15:11.074+0100] {processor.py:830} INFO - Processing file /home/ubuntu/.local/lib/python3.10/site-packages/airflow/example_dags/example_branch_python_dop_operator_3.py for tasks to queue
[2024-02-01T14:15:11.076+0100] {logging_mixin.py:188} INFO - [2024-02-01T14:15:11.075+0100] {dagbag.py:538} INFO - Filling up the DagBag from /home/ubuntu/.local/lib/python3.10/site-packages/airflow/example_dags/example_branch_python_dop_operator_3.py
[2024-02-01T14:15:11.181+0100] {processor.py:840} INFO - DAG(s) 'example_branch_dop_operator_v3' retrieved from /home/ubuntu/.local/lib/python3.10/site-packages/airflow/example_dags/example_branch_python_dop_operator_3.py
[2024-02-01T14:15:11.314+0100] {logging_mixin.py:188} INFO - [2024-02-01T14:15:11.313+0100] {dag.py:3033} INFO - Sync 1 DAGs
[2024-02-01T14:15:11.691+0100] {logging_mixin.py:188} INFO - [2024-02-01T14:15:11.691+0100] {dag.py:3820} INFO - Setting next_dagrun for example_branch_dop_operator_v3 to 2024-02-01T13:14:00+00:00, run_after=2024-02-01T13:15:00+00:00
[2024-02-01T14:15:12.484+0100] {processor.py:183} INFO - Processing /home/ubuntu/.local/lib/python3.10/site-packages/airflow/example_dags/example_branch_python_dop_operator_3.py took 1.518 seconds
[2024-02-01T14:17:20.562+0100] {processor.py:161} INFO - Started process (PID=6652) to work on /home/ubuntu/.local/lib/python3.10/site-packages/airflow/example_dags/example_branch_python_dop_operator_3.py
[2024-02-01T14:17:20.645+0100] {processor.py:830} INFO - Processing file /home/ubuntu/.local/lib/python3.10/site-packages/airflow/example_dags/example_branch_python_dop_operator_3.py for tasks to queue
[2024-02-01T14:17:20.655+0100] {logging_mixin.py:188} INFO - [2024-02-01T14:17:20.646+0100] {dagbag.py:538} INFO - Filling up the DagBag from /home/ubuntu/.local/lib/python3.10/site-packages/airflow/example_dags/example_branch_python_dop_operator_3.py
[2024-02-01T14:17:20.888+0100] {processor.py:840} INFO - DAG(s) 'example_branch_dop_operator_v3' retrieved from /home/ubuntu/.local/lib/python3.10/site-packages/airflow/example_dags/example_branch_python_dop_operator_3.py
[2024-02-01T14:17:21.094+0100] {logging_mixin.py:188} INFO - [2024-02-01T14:17:21.094+0100] {dag.py:3033} INFO - Sync 1 DAGs
[2024-02-01T14:17:21.379+0100] {logging_mixin.py:188} INFO - [2024-02-01T14:17:21.378+0100] {dag.py:3820} INFO - Setting next_dagrun for example_branch_dop_operator_v3 to 2024-02-01T13:16:00+00:00, run_after=2024-02-01T13:17:00+00:00
[2024-02-01T14:17:22.443+0100] {processor.py:183} INFO - Processing /home/ubuntu/.local/lib/python3.10/site-packages/airflow/example_dags/example_branch_python_dop_operator_3.py took 1.951 seconds
[2024-02-01T14:20:55.783+0100] {processor.py:161} INFO - Started process (PID=7729) to work on /home/ubuntu/.local/lib/python3.10/site-packages/airflow/example_dags/example_branch_python_dop_operator_3.py
[2024-02-01T14:20:55.828+0100] {processor.py:830} INFO - Processing file /home/ubuntu/.local/lib/python3.10/site-packages/airflow/example_dags/example_branch_python_dop_operator_3.py for tasks to queue
[2024-02-01T14:20:55.838+0100] {logging_mixin.py:188} INFO - [2024-02-01T14:20:55.830+0100] {dagbag.py:538} INFO - Filling up the DagBag from /home/ubuntu/.local/lib/python3.10/site-packages/airflow/example_dags/example_branch_python_dop_operator_3.py
[2024-02-01T14:20:55.934+0100] {processor.py:840} INFO - DAG(s) 'example_branch_dop_operator_v3' retrieved from /home/ubuntu/.local/lib/python3.10/site-packages/airflow/example_dags/example_branch_python_dop_operator_3.py
[2024-02-01T14:20:56.093+0100] {logging_mixin.py:188} INFO - [2024-02-01T14:20:56.093+0100] {dag.py:3033} INFO - Sync 1 DAGs
[2024-02-01T14:20:56.595+0100] {logging_mixin.py:188} INFO - [2024-02-01T14:20:56.595+0100] {dag.py:3820} INFO - Setting next_dagrun for example_branch_dop_operator_v3 to 2024-02-01T13:19:00+00:00, run_after=2024-02-01T13:20:00+00:00
[2024-02-01T14:20:57.315+0100] {processor.py:183} INFO - Processing /home/ubuntu/.local/lib/python3.10/site-packages/airflow/example_dags/example_branch_python_dop_operator_3.py took 1.575 seconds
[2024-02-01T14:24:05.380+0100] {processor.py:161} INFO - Started process (PID=8028) to work on /home/ubuntu/.local/lib/python3.10/site-packages/airflow/example_dags/example_branch_python_dop_operator_3.py
[2024-02-01T14:24:05.430+0100] {processor.py:830} INFO - Processing file /home/ubuntu/.local/lib/python3.10/site-packages/airflow/example_dags/example_branch_python_dop_operator_3.py for tasks to queue
[2024-02-01T14:24:05.439+0100] {logging_mixin.py:188} INFO - [2024-02-01T14:24:05.439+0100] {dagbag.py:538} INFO - Filling up the DagBag from /home/ubuntu/.local/lib/python3.10/site-packages/airflow/example_dags/example_branch_python_dop_operator_3.py
[2024-02-01T14:24:05.597+0100] {processor.py:840} INFO - DAG(s) 'example_branch_dop_operator_v3' retrieved from /home/ubuntu/.local/lib/python3.10/site-packages/airflow/example_dags/example_branch_python_dop_operator_3.py
[2024-02-01T14:24:05.740+0100] {logging_mixin.py:188} INFO - [2024-02-01T14:24:05.740+0100] {dag.py:3033} INFO - Sync 1 DAGs
[2024-02-01T14:24:05.864+0100] {logging_mixin.py:188} INFO - [2024-02-01T14:24:05.864+0100] {dag.py:3820} INFO - Setting next_dagrun for example_branch_dop_operator_v3 to 2024-02-01T13:23:00+00:00, run_after=2024-02-01T13:24:00+00:00
[2024-02-01T14:24:06.476+0100] {processor.py:183} INFO - Processing /home/ubuntu/.local/lib/python3.10/site-packages/airflow/example_dags/example_branch_python_dop_operator_3.py took 1.141 seconds
[2024-02-01T14:26:37.877+0100] {processor.py:161} INFO - Started process (PID=8117) to work on /home/ubuntu/.local/lib/python3.10/site-packages/airflow/example_dags/example_branch_python_dop_operator_3.py
[2024-02-01T14:26:37.909+0100] {processor.py:830} INFO - Processing file /home/ubuntu/.local/lib/python3.10/site-packages/airflow/example_dags/example_branch_python_dop_operator_3.py for tasks to queue
[2024-02-01T14:26:37.910+0100] {logging_mixin.py:188} INFO - [2024-02-01T14:26:37.910+0100] {dagbag.py:538} INFO - Filling up the DagBag from /home/ubuntu/.local/lib/python3.10/site-packages/airflow/example_dags/example_branch_python_dop_operator_3.py
[2024-02-01T14:26:38.157+0100] {processor.py:840} INFO - DAG(s) 'example_branch_dop_operator_v3' retrieved from /home/ubuntu/.local/lib/python3.10/site-packages/airflow/example_dags/example_branch_python_dop_operator_3.py
[2024-02-01T14:26:38.252+0100] {logging_mixin.py:188} INFO - [2024-02-01T14:26:38.251+0100] {dag.py:3033} INFO - Sync 1 DAGs
[2024-02-01T14:26:38.443+0100] {logging_mixin.py:188} INFO - [2024-02-01T14:26:38.433+0100] {dag.py:3820} INFO - Setting next_dagrun for example_branch_dop_operator_v3 to 2024-02-01T13:25:00+00:00, run_after=2024-02-01T13:26:00+00:00
[2024-02-01T14:26:38.998+0100] {processor.py:183} INFO - Processing /home/ubuntu/.local/lib/python3.10/site-packages/airflow/example_dags/example_branch_python_dop_operator_3.py took 1.141 seconds
[2024-02-01T14:29:53.447+0100] {processor.py:161} INFO - Started process (PID=8206) to work on /home/ubuntu/.local/lib/python3.10/site-packages/airflow/example_dags/example_branch_python_dop_operator_3.py
[2024-02-01T14:29:53.484+0100] {processor.py:830} INFO - Processing file /home/ubuntu/.local/lib/python3.10/site-packages/airflow/example_dags/example_branch_python_dop_operator_3.py for tasks to queue
[2024-02-01T14:29:53.486+0100] {logging_mixin.py:188} INFO - [2024-02-01T14:29:53.485+0100] {dagbag.py:538} INFO - Filling up the DagBag from /home/ubuntu/.local/lib/python3.10/site-packages/airflow/example_dags/example_branch_python_dop_operator_3.py
[2024-02-01T14:29:53.545+0100] {processor.py:840} INFO - DAG(s) 'example_branch_dop_operator_v3' retrieved from /home/ubuntu/.local/lib/python3.10/site-packages/airflow/example_dags/example_branch_python_dop_operator_3.py
[2024-02-01T14:29:53.642+0100] {logging_mixin.py:188} INFO - [2024-02-01T14:29:53.642+0100] {dag.py:3033} INFO - Sync 1 DAGs
[2024-02-01T14:29:53.942+0100] {logging_mixin.py:188} INFO - [2024-02-01T14:29:53.941+0100] {dag.py:3820} INFO - Setting next_dagrun for example_branch_dop_operator_v3 to 2024-02-01T13:28:00+00:00, run_after=2024-02-01T13:29:00+00:00
[2024-02-01T14:29:54.935+0100] {processor.py:183} INFO - Processing /home/ubuntu/.local/lib/python3.10/site-packages/airflow/example_dags/example_branch_python_dop_operator_3.py took 1.497 seconds
[2024-02-01T14:32:21.898+0100] {processor.py:161} INFO - Started process (PID=8449) to work on /home/ubuntu/.local/lib/python3.10/site-packages/airflow/example_dags/example_branch_python_dop_operator_3.py
[2024-02-01T14:32:21.930+0100] {processor.py:830} INFO - Processing file /home/ubuntu/.local/lib/python3.10/site-packages/airflow/example_dags/example_branch_python_dop_operator_3.py for tasks to queue
[2024-02-01T14:32:21.948+0100] {logging_mixin.py:188} INFO - [2024-02-01T14:32:21.931+0100] {dagbag.py:538} INFO - Filling up the DagBag from /home/ubuntu/.local/lib/python3.10/site-packages/airflow/example_dags/example_branch_python_dop_operator_3.py
[2024-02-01T14:32:22.034+0100] {processor.py:840} INFO - DAG(s) 'example_branch_dop_operator_v3' retrieved from /home/ubuntu/.local/lib/python3.10/site-packages/airflow/example_dags/example_branch_python_dop_operator_3.py
[2024-02-01T14:32:22.254+0100] {logging_mixin.py:188} INFO - [2024-02-01T14:32:22.247+0100] {dag.py:3033} INFO - Sync 1 DAGs
[2024-02-01T14:32:22.446+0100] {logging_mixin.py:188} INFO - [2024-02-01T14:32:22.445+0100] {dag.py:3820} INFO - Setting next_dagrun for example_branch_dop_operator_v3 to 2024-02-01T13:31:00+00:00, run_after=2024-02-01T13:32:00+00:00
[2024-02-01T14:32:23.261+0100] {processor.py:183} INFO - Processing /home/ubuntu/.local/lib/python3.10/site-packages/airflow/example_dags/example_branch_python_dop_operator_3.py took 1.412 seconds
[2024-02-01T14:34:45.764+0100] {processor.py:161} INFO - Started process (PID=8764) to work on /home/ubuntu/.local/lib/python3.10/site-packages/airflow/example_dags/example_branch_python_dop_operator_3.py
[2024-02-01T14:34:45.803+0100] {processor.py:830} INFO - Processing file /home/ubuntu/.local/lib/python3.10/site-packages/airflow/example_dags/example_branch_python_dop_operator_3.py for tasks to queue
[2024-02-01T14:34:45.820+0100] {logging_mixin.py:188} INFO - [2024-02-01T14:34:45.818+0100] {dagbag.py:538} INFO - Filling up the DagBag from /home/ubuntu/.local/lib/python3.10/site-packages/airflow/example_dags/example_branch_python_dop_operator_3.py
[2024-02-01T14:34:45.975+0100] {processor.py:840} INFO - DAG(s) 'example_branch_dop_operator_v3' retrieved from /home/ubuntu/.local/lib/python3.10/site-packages/airflow/example_dags/example_branch_python_dop_operator_3.py
[2024-02-01T14:34:47.057+0100] {logging_mixin.py:188} INFO - [2024-02-01T14:34:47.056+0100] {dag.py:3033} INFO - Sync 1 DAGs
[2024-02-01T14:34:47.355+0100] {logging_mixin.py:188} INFO - [2024-02-01T14:34:47.354+0100] {dag.py:3820} INFO - Setting next_dagrun for example_branch_dop_operator_v3 to 2024-02-01T13:33:00+00:00, run_after=2024-02-01T13:34:00+00:00
[2024-02-01T14:34:47.840+0100] {processor.py:183} INFO - Processing /home/ubuntu/.local/lib/python3.10/site-packages/airflow/example_dags/example_branch_python_dop_operator_3.py took 2.112 seconds
[2024-02-01T14:36:55.488+0100] {processor.py:161} INFO - Started process (PID=8949) to work on /home/ubuntu/.local/lib/python3.10/site-packages/airflow/example_dags/example_branch_python_dop_operator_3.py
[2024-02-01T14:36:55.554+0100] {processor.py:830} INFO - Processing file /home/ubuntu/.local/lib/python3.10/site-packages/airflow/example_dags/example_branch_python_dop_operator_3.py for tasks to queue
[2024-02-01T14:36:55.556+0100] {logging_mixin.py:188} INFO - [2024-02-01T14:36:55.555+0100] {dagbag.py:538} INFO - Filling up the DagBag from /home/ubuntu/.local/lib/python3.10/site-packages/airflow/example_dags/example_branch_python_dop_operator_3.py
[2024-02-01T14:36:55.624+0100] {processor.py:840} INFO - DAG(s) 'example_branch_dop_operator_v3' retrieved from /home/ubuntu/.local/lib/python3.10/site-packages/airflow/example_dags/example_branch_python_dop_operator_3.py
[2024-02-01T14:36:55.697+0100] {logging_mixin.py:188} INFO - [2024-02-01T14:36:55.697+0100] {dag.py:3033} INFO - Sync 1 DAGs
[2024-02-01T14:36:55.917+0100] {logging_mixin.py:188} INFO - [2024-02-01T14:36:55.916+0100] {dag.py:3820} INFO - Setting next_dagrun for example_branch_dop_operator_v3 to 2024-02-01T13:35:00+00:00, run_after=2024-02-01T13:36:00+00:00
[2024-02-01T14:36:56.515+0100] {processor.py:183} INFO - Processing /home/ubuntu/.local/lib/python3.10/site-packages/airflow/example_dags/example_branch_python_dop_operator_3.py took 1.075 seconds
[2024-02-01T14:40:25.900+0100] {processor.py:161} INFO - Started process (PID=9592) to work on /home/ubuntu/.local/lib/python3.10/site-packages/airflow/example_dags/example_branch_python_dop_operator_3.py
[2024-02-01T14:40:26.030+0100] {processor.py:830} INFO - Processing file /home/ubuntu/.local/lib/python3.10/site-packages/airflow/example_dags/example_branch_python_dop_operator_3.py for tasks to queue
[2024-02-01T14:40:26.034+0100] {logging_mixin.py:188} INFO - [2024-02-01T14:40:26.032+0100] {dagbag.py:538} INFO - Filling up the DagBag from /home/ubuntu/.local/lib/python3.10/site-packages/airflow/example_dags/example_branch_python_dop_operator_3.py
[2024-02-01T14:40:26.345+0100] {processor.py:840} INFO - DAG(s) 'example_branch_dop_operator_v3' retrieved from /home/ubuntu/.local/lib/python3.10/site-packages/airflow/example_dags/example_branch_python_dop_operator_3.py
[2024-02-01T14:40:26.702+0100] {logging_mixin.py:188} INFO - [2024-02-01T14:40:26.702+0100] {dag.py:3033} INFO - Sync 1 DAGs
[2024-02-01T14:40:26.917+0100] {logging_mixin.py:188} INFO - [2024-02-01T14:40:26.917+0100] {dag.py:3820} INFO - Setting next_dagrun for example_branch_dop_operator_v3 to 2024-02-01T13:39:00+00:00, run_after=2024-02-01T13:40:00+00:00
[2024-02-01T14:40:30.766+0100] {processor.py:183} INFO - Processing /home/ubuntu/.local/lib/python3.10/site-packages/airflow/example_dags/example_branch_python_dop_operator_3.py took 4.875 seconds
[2024-02-01T14:46:23.485+0100] {processor.py:161} INFO - Started process (PID=10167) to work on /home/ubuntu/.local/lib/python3.10/site-packages/airflow/example_dags/example_branch_python_dop_operator_3.py
[2024-02-01T14:46:23.624+0100] {processor.py:830} INFO - Processing file /home/ubuntu/.local/lib/python3.10/site-packages/airflow/example_dags/example_branch_python_dop_operator_3.py for tasks to queue
[2024-02-01T14:46:23.664+0100] {logging_mixin.py:188} INFO - [2024-02-01T14:46:23.655+0100] {dagbag.py:538} INFO - Filling up the DagBag from /home/ubuntu/.local/lib/python3.10/site-packages/airflow/example_dags/example_branch_python_dop_operator_3.py
[2024-02-01T14:46:23.937+0100] {processor.py:840} INFO - DAG(s) 'example_branch_dop_operator_v3' retrieved from /home/ubuntu/.local/lib/python3.10/site-packages/airflow/example_dags/example_branch_python_dop_operator_3.py
[2024-02-01T14:46:24.322+0100] {logging_mixin.py:188} INFO - [2024-02-01T14:46:24.321+0100] {dag.py:3033} INFO - Sync 1 DAGs
[2024-02-01T14:46:24.659+0100] {logging_mixin.py:188} INFO - [2024-02-01T14:46:24.658+0100] {dag.py:3820} INFO - Setting next_dagrun for example_branch_dop_operator_v3 to 2024-02-01T13:45:00+00:00, run_after=2024-02-01T13:46:00+00:00
[2024-02-01T14:46:25.849+0100] {processor.py:183} INFO - Processing /home/ubuntu/.local/lib/python3.10/site-packages/airflow/example_dags/example_branch_python_dop_operator_3.py took 2.405 seconds
[2024-02-01T14:50:33.674+0100] {processor.py:161} INFO - Started process (PID=10349) to work on /home/ubuntu/.local/lib/python3.10/site-packages/airflow/example_dags/example_branch_python_dop_operator_3.py
[2024-02-01T14:50:33.742+0100] {processor.py:830} INFO - Processing file /home/ubuntu/.local/lib/python3.10/site-packages/airflow/example_dags/example_branch_python_dop_operator_3.py for tasks to queue
[2024-02-01T14:50:33.745+0100] {logging_mixin.py:188} INFO - [2024-02-01T14:50:33.744+0100] {dagbag.py:538} INFO - Filling up the DagBag from /home/ubuntu/.local/lib/python3.10/site-packages/airflow/example_dags/example_branch_python_dop_operator_3.py
[2024-02-01T14:50:33.838+0100] {processor.py:840} INFO - DAG(s) 'example_branch_dop_operator_v3' retrieved from /home/ubuntu/.local/lib/python3.10/site-packages/airflow/example_dags/example_branch_python_dop_operator_3.py
[2024-02-01T14:50:34.165+0100] {logging_mixin.py:188} INFO - [2024-02-01T14:50:34.165+0100] {dag.py:3033} INFO - Sync 1 DAGs
[2024-02-01T14:50:34.291+0100] {logging_mixin.py:188} INFO - [2024-02-01T14:50:34.290+0100] {dag.py:3820} INFO - Setting next_dagrun for example_branch_dop_operator_v3 to 2024-02-01T13:49:00+00:00, run_after=2024-02-01T13:50:00+00:00
[2024-02-01T14:50:36.318+0100] {processor.py:183} INFO - Processing /home/ubuntu/.local/lib/python3.10/site-packages/airflow/example_dags/example_branch_python_dop_operator_3.py took 2.651 seconds
[2024-02-01T14:54:48.384+0100] {processor.py:161} INFO - Started process (PID=10980) to work on /home/ubuntu/.local/lib/python3.10/site-packages/airflow/example_dags/example_branch_python_dop_operator_3.py
[2024-02-01T14:54:48.498+0100] {processor.py:830} INFO - Processing file /home/ubuntu/.local/lib/python3.10/site-packages/airflow/example_dags/example_branch_python_dop_operator_3.py for tasks to queue
[2024-02-01T14:54:48.518+0100] {logging_mixin.py:188} INFO - [2024-02-01T14:54:48.500+0100] {dagbag.py:538} INFO - Filling up the DagBag from /home/ubuntu/.local/lib/python3.10/site-packages/airflow/example_dags/example_branch_python_dop_operator_3.py
[2024-02-01T14:54:48.670+0100] {processor.py:840} INFO - DAG(s) 'example_branch_dop_operator_v3' retrieved from /home/ubuntu/.local/lib/python3.10/site-packages/airflow/example_dags/example_branch_python_dop_operator_3.py
[2024-02-01T14:54:48.971+0100] {logging_mixin.py:188} INFO - [2024-02-01T14:54:48.971+0100] {dag.py:3033} INFO - Sync 1 DAGs
[2024-02-01T14:54:49.322+0100] {logging_mixin.py:188} INFO - [2024-02-01T14:54:49.322+0100] {dag.py:3820} INFO - Setting next_dagrun for example_branch_dop_operator_v3 to 2024-02-01T13:53:00+00:00, run_after=2024-02-01T13:54:00+00:00
[2024-02-01T14:54:50.570+0100] {processor.py:183} INFO - Processing /home/ubuntu/.local/lib/python3.10/site-packages/airflow/example_dags/example_branch_python_dop_operator_3.py took 2.218 seconds
[2024-02-01T15:00:13.004+0100] {processor.py:161} INFO - Started process (PID=11616) to work on /home/ubuntu/.local/lib/python3.10/site-packages/airflow/example_dags/example_branch_python_dop_operator_3.py
[2024-02-01T15:00:13.070+0100] {processor.py:830} INFO - Processing file /home/ubuntu/.local/lib/python3.10/site-packages/airflow/example_dags/example_branch_python_dop_operator_3.py for tasks to queue
[2024-02-01T15:00:13.073+0100] {logging_mixin.py:188} INFO - [2024-02-01T15:00:13.072+0100] {dagbag.py:538} INFO - Filling up the DagBag from /home/ubuntu/.local/lib/python3.10/site-packages/airflow/example_dags/example_branch_python_dop_operator_3.py
[2024-02-01T15:00:13.317+0100] {processor.py:840} INFO - DAG(s) 'example_branch_dop_operator_v3' retrieved from /home/ubuntu/.local/lib/python3.10/site-packages/airflow/example_dags/example_branch_python_dop_operator_3.py
[2024-02-01T15:00:13.465+0100] {logging_mixin.py:188} INFO - [2024-02-01T15:00:13.464+0100] {dag.py:3033} INFO - Sync 1 DAGs
[2024-02-01T15:00:13.651+0100] {logging_mixin.py:188} INFO - [2024-02-01T15:00:13.651+0100] {dag.py:3820} INFO - Setting next_dagrun for example_branch_dop_operator_v3 to 2024-02-01T13:59:00+00:00, run_after=2024-02-01T14:00:00+00:00
[2024-02-01T15:00:14.777+0100] {processor.py:183} INFO - Processing /home/ubuntu/.local/lib/python3.10/site-packages/airflow/example_dags/example_branch_python_dop_operator_3.py took 1.818 seconds
[2024-02-01T15:04:21.419+0100] {processor.py:161} INFO - Started process (PID=11780) to work on /home/ubuntu/.local/lib/python3.10/site-packages/airflow/example_dags/example_branch_python_dop_operator_3.py
[2024-02-01T15:04:21.534+0100] {processor.py:830} INFO - Processing file /home/ubuntu/.local/lib/python3.10/site-packages/airflow/example_dags/example_branch_python_dop_operator_3.py for tasks to queue
[2024-02-01T15:04:21.639+0100] {logging_mixin.py:188} INFO - [2024-02-01T15:04:21.572+0100] {dagbag.py:538} INFO - Filling up the DagBag from /home/ubuntu/.local/lib/python3.10/site-packages/airflow/example_dags/example_branch_python_dop_operator_3.py
[2024-02-01T15:04:21.780+0100] {processor.py:840} INFO - DAG(s) 'example_branch_dop_operator_v3' retrieved from /home/ubuntu/.local/lib/python3.10/site-packages/airflow/example_dags/example_branch_python_dop_operator_3.py
[2024-02-01T15:04:21.972+0100] {logging_mixin.py:188} INFO - [2024-02-01T15:04:21.962+0100] {dag.py:3033} INFO - Sync 1 DAGs
[2024-02-01T15:04:22.245+0100] {logging_mixin.py:188} INFO - [2024-02-01T15:04:22.237+0100] {dag.py:3820} INFO - Setting next_dagrun for example_branch_dop_operator_v3 to 2024-02-01T14:03:00+00:00, run_after=2024-02-01T14:04:00+00:00
[2024-02-01T15:04:23.229+0100] {processor.py:183} INFO - Processing /home/ubuntu/.local/lib/python3.10/site-packages/airflow/example_dags/example_branch_python_dop_operator_3.py took 1.891 seconds
[2024-02-01T16:03:35.419+0100] {processor.py:161} INFO - Started process (PID=9147) to work on /home/ubuntu/.local/lib/python3.10/site-packages/airflow/example_dags/example_branch_python_dop_operator_3.py
[2024-02-01T16:03:35.504+0100] {processor.py:830} INFO - Processing file /home/ubuntu/.local/lib/python3.10/site-packages/airflow/example_dags/example_branch_python_dop_operator_3.py for tasks to queue
[2024-02-01T16:03:35.506+0100] {logging_mixin.py:188} INFO - [2024-02-01T16:03:35.505+0100] {dagbag.py:538} INFO - Filling up the DagBag from /home/ubuntu/.local/lib/python3.10/site-packages/airflow/example_dags/example_branch_python_dop_operator_3.py
[2024-02-01T16:03:35.640+0100] {processor.py:840} INFO - DAG(s) 'example_branch_dop_operator_v3' retrieved from /home/ubuntu/.local/lib/python3.10/site-packages/airflow/example_dags/example_branch_python_dop_operator_3.py
[2024-02-01T16:03:36.041+0100] {logging_mixin.py:188} INFO - [2024-02-01T16:03:36.040+0100] {dag.py:3033} INFO - Sync 1 DAGs
[2024-02-01T16:03:36.083+0100] {logging_mixin.py:188} INFO - [2024-02-01T16:03:36.083+0100] {dag.py:3820} INFO - Setting next_dagrun for example_branch_dop_operator_v3 to 2024-02-01T15:02:00+00:00, run_after=2024-02-01T15:03:00+00:00
[2024-02-01T16:03:36.151+0100] {processor.py:183} INFO - Processing /home/ubuntu/.local/lib/python3.10/site-packages/airflow/example_dags/example_branch_python_dop_operator_3.py took 0.760 seconds
