[2024-02-01T14:09:22.701+0100] {processor.py:161} INFO - Started process (PID=6171) to work on /home/ubuntu/.local/lib/python3.10/site-packages/airflow/example_dags/example_datasets.py
[2024-02-01T14:09:22.710+0100] {processor.py:830} INFO - Processing file /home/ubuntu/.local/lib/python3.10/site-packages/airflow/example_dags/example_datasets.py for tasks to queue
[2024-02-01T14:09:22.726+0100] {logging_mixin.py:188} INFO - [2024-02-01T14:09:22.712+0100] {dagbag.py:538} INFO - Filling up the DagBag from /home/ubuntu/.local/lib/python3.10/site-packages/airflow/example_dags/example_datasets.py
[2024-02-01T14:09:22.789+0100] {processor.py:840} INFO - DAG(s) 'dataset_consumes_1', 'dataset_consumes_1_and_2', 'dataset_produces_2', 'dataset_produces_1', 'dataset_consumes_1_never_scheduled', 'dataset_consumes_unknown_never_scheduled' retrieved from /home/ubuntu/.local/lib/python3.10/site-packages/airflow/example_dags/example_datasets.py
[2024-02-01T14:09:23.537+0100] {logging_mixin.py:188} INFO - [2024-02-01T14:09:23.537+0100] {dag.py:3033} INFO - Sync 6 DAGs
[2024-02-01T14:09:23.567+0100] {logging_mixin.py:188} INFO - [2024-02-01T14:09:23.567+0100] {dag.py:3820} INFO - Setting next_dagrun for dataset_consumes_1 to None, run_after=None
[2024-02-01T14:09:23.572+0100] {logging_mixin.py:188} INFO - [2024-02-01T14:09:23.571+0100] {dag.py:3820} INFO - Setting next_dagrun for dataset_consumes_1_and_2 to None, run_after=None
[2024-02-01T14:09:23.573+0100] {logging_mixin.py:188} INFO - [2024-02-01T14:09:23.573+0100] {dag.py:3820} INFO - Setting next_dagrun for dataset_consumes_1_never_scheduled to None, run_after=None
[2024-02-01T14:09:23.574+0100] {logging_mixin.py:188} INFO - [2024-02-01T14:09:23.574+0100] {dag.py:3820} INFO - Setting next_dagrun for dataset_consumes_unknown_never_scheduled to None, run_after=None
[2024-02-01T14:09:23.578+0100] {logging_mixin.py:188} INFO - [2024-02-01T14:09:23.578+0100] {dag.py:3820} INFO - Setting next_dagrun for dataset_produces_1 to 2024-01-31T00:00:00+00:00, run_after=2024-02-01T00:00:00+00:00
[2024-02-01T14:09:23.580+0100] {logging_mixin.py:188} INFO - [2024-02-01T14:09:23.579+0100] {dag.py:3820} INFO - Setting next_dagrun for dataset_produces_2 to None, run_after=None
[2024-02-01T14:09:24.506+0100] {processor.py:183} INFO - Processing /home/ubuntu/.local/lib/python3.10/site-packages/airflow/example_dags/example_datasets.py took 1.843 seconds
[2024-02-01T14:12:09.115+0100] {processor.py:161} INFO - Started process (PID=6248) to work on /home/ubuntu/.local/lib/python3.10/site-packages/airflow/example_dags/example_datasets.py
[2024-02-01T14:12:09.129+0100] {processor.py:830} INFO - Processing file /home/ubuntu/.local/lib/python3.10/site-packages/airflow/example_dags/example_datasets.py for tasks to queue
[2024-02-01T14:12:09.132+0100] {logging_mixin.py:188} INFO - [2024-02-01T14:12:09.130+0100] {dagbag.py:538} INFO - Filling up the DagBag from /home/ubuntu/.local/lib/python3.10/site-packages/airflow/example_dags/example_datasets.py
[2024-02-01T14:12:09.200+0100] {processor.py:840} INFO - DAG(s) 'dataset_produces_2', 'dataset_consumes_1_never_scheduled', 'dataset_produces_1', 'dataset_consumes_1_and_2', 'dataset_consumes_1', 'dataset_consumes_unknown_never_scheduled' retrieved from /home/ubuntu/.local/lib/python3.10/site-packages/airflow/example_dags/example_datasets.py
[2024-02-01T14:12:09.425+0100] {logging_mixin.py:188} INFO - [2024-02-01T14:12:09.424+0100] {dag.py:3033} INFO - Sync 6 DAGs
[2024-02-01T14:12:09.485+0100] {logging_mixin.py:188} INFO - [2024-02-01T14:12:09.484+0100] {dag.py:3820} INFO - Setting next_dagrun for dataset_consumes_1 to None, run_after=None
[2024-02-01T14:12:09.490+0100] {logging_mixin.py:188} INFO - [2024-02-01T14:12:09.490+0100] {dag.py:3820} INFO - Setting next_dagrun for dataset_consumes_1_and_2 to None, run_after=None
[2024-02-01T14:12:09.492+0100] {logging_mixin.py:188} INFO - [2024-02-01T14:12:09.492+0100] {dag.py:3820} INFO - Setting next_dagrun for dataset_consumes_1_never_scheduled to None, run_after=None
[2024-02-01T14:12:09.494+0100] {logging_mixin.py:188} INFO - [2024-02-01T14:12:09.493+0100] {dag.py:3820} INFO - Setting next_dagrun for dataset_consumes_unknown_never_scheduled to None, run_after=None
[2024-02-01T14:12:09.498+0100] {logging_mixin.py:188} INFO - [2024-02-01T14:12:09.498+0100] {dag.py:3820} INFO - Setting next_dagrun for dataset_produces_1 to 2024-01-31T00:00:00+00:00, run_after=2024-02-01T00:00:00+00:00
[2024-02-01T14:12:09.500+0100] {logging_mixin.py:188} INFO - [2024-02-01T14:12:09.500+0100] {dag.py:3820} INFO - Setting next_dagrun for dataset_produces_2 to None, run_after=None
[2024-02-01T14:12:10.107+0100] {processor.py:183} INFO - Processing /home/ubuntu/.local/lib/python3.10/site-packages/airflow/example_dags/example_datasets.py took 1.011 seconds
[2024-02-01T14:15:52.003+0100] {processor.py:161} INFO - Started process (PID=6438) to work on /home/ubuntu/.local/lib/python3.10/site-packages/airflow/example_dags/example_datasets.py
[2024-02-01T14:15:52.032+0100] {processor.py:830} INFO - Processing file /home/ubuntu/.local/lib/python3.10/site-packages/airflow/example_dags/example_datasets.py for tasks to queue
[2024-02-01T14:15:52.037+0100] {logging_mixin.py:188} INFO - [2024-02-01T14:15:52.036+0100] {dagbag.py:538} INFO - Filling up the DagBag from /home/ubuntu/.local/lib/python3.10/site-packages/airflow/example_dags/example_datasets.py
[2024-02-01T14:15:52.096+0100] {processor.py:840} INFO - DAG(s) 'dataset_consumes_1', 'dataset_consumes_1_never_scheduled', 'dataset_produces_2', 'dataset_consumes_1_and_2', 'dataset_produces_1', 'dataset_consumes_unknown_never_scheduled' retrieved from /home/ubuntu/.local/lib/python3.10/site-packages/airflow/example_dags/example_datasets.py
[2024-02-01T14:15:52.303+0100] {logging_mixin.py:188} INFO - [2024-02-01T14:15:52.302+0100] {dag.py:3033} INFO - Sync 6 DAGs
[2024-02-01T14:15:52.481+0100] {logging_mixin.py:188} INFO - [2024-02-01T14:15:52.481+0100] {dag.py:3820} INFO - Setting next_dagrun for dataset_consumes_1 to None, run_after=None
[2024-02-01T14:15:52.516+0100] {logging_mixin.py:188} INFO - [2024-02-01T14:15:52.508+0100] {dag.py:3820} INFO - Setting next_dagrun for dataset_consumes_1_and_2 to None, run_after=None
[2024-02-01T14:15:52.529+0100] {logging_mixin.py:188} INFO - [2024-02-01T14:15:52.528+0100] {dag.py:3820} INFO - Setting next_dagrun for dataset_consumes_1_never_scheduled to None, run_after=None
[2024-02-01T14:15:52.530+0100] {logging_mixin.py:188} INFO - [2024-02-01T14:15:52.530+0100] {dag.py:3820} INFO - Setting next_dagrun for dataset_consumes_unknown_never_scheduled to None, run_after=None
[2024-02-01T14:15:52.543+0100] {logging_mixin.py:188} INFO - [2024-02-01T14:15:52.543+0100] {dag.py:3820} INFO - Setting next_dagrun for dataset_produces_1 to 2024-01-31T00:00:00+00:00, run_after=2024-02-01T00:00:00+00:00
[2024-02-01T14:15:52.545+0100] {logging_mixin.py:188} INFO - [2024-02-01T14:15:52.545+0100] {dag.py:3820} INFO - Setting next_dagrun for dataset_produces_2 to None, run_after=None
[2024-02-01T14:15:53.514+0100] {processor.py:183} INFO - Processing /home/ubuntu/.local/lib/python3.10/site-packages/airflow/example_dags/example_datasets.py took 1.539 seconds
[2024-02-01T14:21:53.371+0100] {processor.py:161} INFO - Started process (PID=7955) to work on /home/ubuntu/.local/lib/python3.10/site-packages/airflow/example_dags/example_datasets.py
[2024-02-01T14:21:53.446+0100] {processor.py:830} INFO - Processing file /home/ubuntu/.local/lib/python3.10/site-packages/airflow/example_dags/example_datasets.py for tasks to queue
[2024-02-01T14:21:53.448+0100] {logging_mixin.py:188} INFO - [2024-02-01T14:21:53.447+0100] {dagbag.py:538} INFO - Filling up the DagBag from /home/ubuntu/.local/lib/python3.10/site-packages/airflow/example_dags/example_datasets.py
[2024-02-01T14:21:53.508+0100] {processor.py:840} INFO - DAG(s) 'dataset_consumes_1_never_scheduled', 'dataset_consumes_1_and_2', 'dataset_produces_2', 'dataset_produces_1', 'dataset_consumes_1', 'dataset_consumes_unknown_never_scheduled' retrieved from /home/ubuntu/.local/lib/python3.10/site-packages/airflow/example_dags/example_datasets.py
[2024-02-01T14:21:53.659+0100] {logging_mixin.py:188} INFO - [2024-02-01T14:21:53.659+0100] {dag.py:3033} INFO - Sync 6 DAGs
[2024-02-01T14:21:53.775+0100] {logging_mixin.py:188} INFO - [2024-02-01T14:21:53.774+0100] {dag.py:3820} INFO - Setting next_dagrun for dataset_consumes_1 to None, run_after=None
[2024-02-01T14:21:53.835+0100] {logging_mixin.py:188} INFO - [2024-02-01T14:21:53.834+0100] {dag.py:3820} INFO - Setting next_dagrun for dataset_consumes_1_and_2 to None, run_after=None
[2024-02-01T14:21:53.844+0100] {logging_mixin.py:188} INFO - [2024-02-01T14:21:53.844+0100] {dag.py:3820} INFO - Setting next_dagrun for dataset_consumes_1_never_scheduled to None, run_after=None
[2024-02-01T14:21:53.853+0100] {logging_mixin.py:188} INFO - [2024-02-01T14:21:53.846+0100] {dag.py:3820} INFO - Setting next_dagrun for dataset_consumes_unknown_never_scheduled to None, run_after=None
[2024-02-01T14:21:53.861+0100] {logging_mixin.py:188} INFO - [2024-02-01T14:21:53.861+0100] {dag.py:3820} INFO - Setting next_dagrun for dataset_produces_1 to 2024-01-31T00:00:00+00:00, run_after=2024-02-01T00:00:00+00:00
[2024-02-01T14:21:53.877+0100] {logging_mixin.py:188} INFO - [2024-02-01T14:21:53.876+0100] {dag.py:3820} INFO - Setting next_dagrun for dataset_produces_2 to None, run_after=None
[2024-02-01T14:21:55.351+0100] {processor.py:183} INFO - Processing /home/ubuntu/.local/lib/python3.10/site-packages/airflow/example_dags/example_datasets.py took 2.001 seconds
[2024-02-01T14:27:12.371+0100] {processor.py:161} INFO - Started process (PID=8130) to work on /home/ubuntu/.local/lib/python3.10/site-packages/airflow/example_dags/example_datasets.py
[2024-02-01T14:27:12.438+0100] {processor.py:830} INFO - Processing file /home/ubuntu/.local/lib/python3.10/site-packages/airflow/example_dags/example_datasets.py for tasks to queue
[2024-02-01T14:27:12.441+0100] {logging_mixin.py:188} INFO - [2024-02-01T14:27:12.439+0100] {dagbag.py:538} INFO - Filling up the DagBag from /home/ubuntu/.local/lib/python3.10/site-packages/airflow/example_dags/example_datasets.py
[2024-02-01T14:27:12.515+0100] {processor.py:840} INFO - DAG(s) 'dataset_consumes_1_never_scheduled', 'dataset_consumes_unknown_never_scheduled', 'dataset_consumes_1_and_2', 'dataset_consumes_1', 'dataset_produces_2', 'dataset_produces_1' retrieved from /home/ubuntu/.local/lib/python3.10/site-packages/airflow/example_dags/example_datasets.py
[2024-02-01T14:27:12.830+0100] {logging_mixin.py:188} INFO - [2024-02-01T14:27:12.830+0100] {dag.py:3033} INFO - Sync 6 DAGs
[2024-02-01T14:27:13.055+0100] {logging_mixin.py:188} INFO - [2024-02-01T14:27:13.017+0100] {dag.py:3820} INFO - Setting next_dagrun for dataset_consumes_1 to None, run_after=None
[2024-02-01T14:27:13.095+0100] {logging_mixin.py:188} INFO - [2024-02-01T14:27:13.069+0100] {dag.py:3820} INFO - Setting next_dagrun for dataset_consumes_1_and_2 to None, run_after=None
[2024-02-01T14:27:13.118+0100] {logging_mixin.py:188} INFO - [2024-02-01T14:27:13.118+0100] {dag.py:3820} INFO - Setting next_dagrun for dataset_consumes_1_never_scheduled to None, run_after=None
[2024-02-01T14:27:13.120+0100] {logging_mixin.py:188} INFO - [2024-02-01T14:27:13.120+0100] {dag.py:3820} INFO - Setting next_dagrun for dataset_consumes_unknown_never_scheduled to None, run_after=None
[2024-02-01T14:27:13.131+0100] {logging_mixin.py:188} INFO - [2024-02-01T14:27:13.131+0100] {dag.py:3820} INFO - Setting next_dagrun for dataset_produces_1 to 2024-01-31T00:00:00+00:00, run_after=2024-02-01T00:00:00+00:00
[2024-02-01T14:27:13.133+0100] {logging_mixin.py:188} INFO - [2024-02-01T14:27:13.133+0100] {dag.py:3820} INFO - Setting next_dagrun for dataset_produces_2 to None, run_after=None
[2024-02-01T14:27:14.035+0100] {processor.py:183} INFO - Processing /home/ubuntu/.local/lib/python3.10/site-packages/airflow/example_dags/example_datasets.py took 1.680 seconds
[2024-02-01T14:30:47.301+0100] {processor.py:161} INFO - Started process (PID=8229) to work on /home/ubuntu/.local/lib/python3.10/site-packages/airflow/example_dags/example_datasets.py
[2024-02-01T14:30:47.359+0100] {processor.py:830} INFO - Processing file /home/ubuntu/.local/lib/python3.10/site-packages/airflow/example_dags/example_datasets.py for tasks to queue
[2024-02-01T14:30:47.361+0100] {logging_mixin.py:188} INFO - [2024-02-01T14:30:47.360+0100] {dagbag.py:538} INFO - Filling up the DagBag from /home/ubuntu/.local/lib/python3.10/site-packages/airflow/example_dags/example_datasets.py
[2024-02-01T14:30:47.510+0100] {processor.py:840} INFO - DAG(s) 'dataset_produces_2', 'dataset_consumes_1_and_2', 'dataset_consumes_1', 'dataset_consumes_unknown_never_scheduled', 'dataset_consumes_1_never_scheduled', 'dataset_produces_1' retrieved from /home/ubuntu/.local/lib/python3.10/site-packages/airflow/example_dags/example_datasets.py
[2024-02-01T14:30:47.980+0100] {logging_mixin.py:188} INFO - [2024-02-01T14:30:47.980+0100] {dag.py:3033} INFO - Sync 6 DAGs
[2024-02-01T14:30:48.213+0100] {logging_mixin.py:188} INFO - [2024-02-01T14:30:48.212+0100] {dag.py:3820} INFO - Setting next_dagrun for dataset_consumes_1 to None, run_after=None
[2024-02-01T14:30:48.246+0100] {logging_mixin.py:188} INFO - [2024-02-01T14:30:48.245+0100] {dag.py:3820} INFO - Setting next_dagrun for dataset_consumes_1_and_2 to None, run_after=None
[2024-02-01T14:30:48.255+0100] {logging_mixin.py:188} INFO - [2024-02-01T14:30:48.255+0100] {dag.py:3820} INFO - Setting next_dagrun for dataset_consumes_1_never_scheduled to None, run_after=None
[2024-02-01T14:30:48.257+0100] {logging_mixin.py:188} INFO - [2024-02-01T14:30:48.257+0100] {dag.py:3820} INFO - Setting next_dagrun for dataset_consumes_unknown_never_scheduled to None, run_after=None
[2024-02-01T14:30:48.274+0100] {logging_mixin.py:188} INFO - [2024-02-01T14:30:48.274+0100] {dag.py:3820} INFO - Setting next_dagrun for dataset_produces_1 to 2024-01-31T00:00:00+00:00, run_after=2024-02-01T00:00:00+00:00
[2024-02-01T14:30:48.277+0100] {logging_mixin.py:188} INFO - [2024-02-01T14:30:48.276+0100] {dag.py:3820} INFO - Setting next_dagrun for dataset_produces_2 to None, run_after=None
[2024-02-01T14:30:49.464+0100] {processor.py:183} INFO - Processing /home/ubuntu/.local/lib/python3.10/site-packages/airflow/example_dags/example_datasets.py took 2.211 seconds
[2024-02-01T14:35:18.400+0100] {processor.py:161} INFO - Started process (PID=8786) to work on /home/ubuntu/.local/lib/python3.10/site-packages/airflow/example_dags/example_datasets.py
[2024-02-01T14:35:18.405+0100] {processor.py:830} INFO - Processing file /home/ubuntu/.local/lib/python3.10/site-packages/airflow/example_dags/example_datasets.py for tasks to queue
[2024-02-01T14:35:18.422+0100] {logging_mixin.py:188} INFO - [2024-02-01T14:35:18.414+0100] {dagbag.py:538} INFO - Filling up the DagBag from /home/ubuntu/.local/lib/python3.10/site-packages/airflow/example_dags/example_datasets.py
[2024-02-01T14:35:18.516+0100] {processor.py:840} INFO - DAG(s) 'dataset_consumes_1_never_scheduled', 'dataset_produces_1', 'dataset_produces_2', 'dataset_consumes_unknown_never_scheduled', 'dataset_consumes_1', 'dataset_consumes_1_and_2' retrieved from /home/ubuntu/.local/lib/python3.10/site-packages/airflow/example_dags/example_datasets.py
[2024-02-01T14:35:18.777+0100] {logging_mixin.py:188} INFO - [2024-02-01T14:35:18.777+0100] {dag.py:3033} INFO - Sync 6 DAGs
[2024-02-01T14:35:18.959+0100] {logging_mixin.py:188} INFO - [2024-02-01T14:35:18.959+0100] {dag.py:3820} INFO - Setting next_dagrun for dataset_consumes_1 to None, run_after=None
[2024-02-01T14:35:18.982+0100] {logging_mixin.py:188} INFO - [2024-02-01T14:35:18.981+0100] {dag.py:3820} INFO - Setting next_dagrun for dataset_consumes_1_and_2 to None, run_after=None
[2024-02-01T14:35:18.984+0100] {logging_mixin.py:188} INFO - [2024-02-01T14:35:18.983+0100] {dag.py:3820} INFO - Setting next_dagrun for dataset_consumes_1_never_scheduled to None, run_after=None
[2024-02-01T14:35:18.999+0100] {logging_mixin.py:188} INFO - [2024-02-01T14:35:18.999+0100] {dag.py:3820} INFO - Setting next_dagrun for dataset_consumes_unknown_never_scheduled to None, run_after=None
[2024-02-01T14:35:19.038+0100] {logging_mixin.py:188} INFO - [2024-02-01T14:35:19.029+0100] {dag.py:3820} INFO - Setting next_dagrun for dataset_produces_1 to 2024-01-31T00:00:00+00:00, run_after=2024-02-01T00:00:00+00:00
[2024-02-01T14:35:19.040+0100] {logging_mixin.py:188} INFO - [2024-02-01T14:35:19.040+0100] {dag.py:3820} INFO - Setting next_dagrun for dataset_produces_2 to None, run_after=None
[2024-02-01T14:35:19.936+0100] {processor.py:183} INFO - Processing /home/ubuntu/.local/lib/python3.10/site-packages/airflow/example_dags/example_datasets.py took 1.561 seconds
[2024-02-01T14:42:22.224+0100] {processor.py:161} INFO - Started process (PID=9956) to work on /home/ubuntu/.local/lib/python3.10/site-packages/airflow/example_dags/example_datasets.py
[2024-02-01T14:42:22.310+0100] {processor.py:830} INFO - Processing file /home/ubuntu/.local/lib/python3.10/site-packages/airflow/example_dags/example_datasets.py for tasks to queue
[2024-02-01T14:42:22.311+0100] {logging_mixin.py:188} INFO - [2024-02-01T14:42:22.311+0100] {dagbag.py:538} INFO - Filling up the DagBag from /home/ubuntu/.local/lib/python3.10/site-packages/airflow/example_dags/example_datasets.py
[2024-02-01T14:42:22.424+0100] {processor.py:840} INFO - DAG(s) 'dataset_consumes_1', 'dataset_produces_1', 'dataset_produces_2', 'dataset_consumes_1_and_2', 'dataset_consumes_1_never_scheduled', 'dataset_consumes_unknown_never_scheduled' retrieved from /home/ubuntu/.local/lib/python3.10/site-packages/airflow/example_dags/example_datasets.py
[2024-02-01T14:42:23.002+0100] {logging_mixin.py:188} INFO - [2024-02-01T14:42:23.001+0100] {dag.py:3033} INFO - Sync 6 DAGs
[2024-02-01T14:42:23.244+0100] {logging_mixin.py:188} INFO - [2024-02-01T14:42:23.244+0100] {dag.py:3820} INFO - Setting next_dagrun for dataset_consumes_1 to None, run_after=None
[2024-02-01T14:42:23.335+0100] {logging_mixin.py:188} INFO - [2024-02-01T14:42:23.335+0100] {dag.py:3820} INFO - Setting next_dagrun for dataset_consumes_1_and_2 to None, run_after=None
[2024-02-01T14:42:23.338+0100] {logging_mixin.py:188} INFO - [2024-02-01T14:42:23.338+0100] {dag.py:3820} INFO - Setting next_dagrun for dataset_consumes_1_never_scheduled to None, run_after=None
[2024-02-01T14:42:23.341+0100] {logging_mixin.py:188} INFO - [2024-02-01T14:42:23.341+0100] {dag.py:3820} INFO - Setting next_dagrun for dataset_consumes_unknown_never_scheduled to None, run_after=None
[2024-02-01T14:42:23.382+0100] {logging_mixin.py:188} INFO - [2024-02-01T14:42:23.381+0100] {dag.py:3820} INFO - Setting next_dagrun for dataset_produces_1 to 2024-01-31T00:00:00+00:00, run_after=2024-02-01T00:00:00+00:00
[2024-02-01T14:42:23.392+0100] {logging_mixin.py:188} INFO - [2024-02-01T14:42:23.392+0100] {dag.py:3820} INFO - Setting next_dagrun for dataset_produces_2 to None, run_after=None
[2024-02-01T14:42:24.897+0100] {processor.py:183} INFO - Processing /home/ubuntu/.local/lib/python3.10/site-packages/airflow/example_dags/example_datasets.py took 2.714 seconds
[2024-02-01T14:47:37.303+0100] {processor.py:161} INFO - Started process (PID=10200) to work on /home/ubuntu/.local/lib/python3.10/site-packages/airflow/example_dags/example_datasets.py
[2024-02-01T14:47:37.399+0100] {processor.py:830} INFO - Processing file /home/ubuntu/.local/lib/python3.10/site-packages/airflow/example_dags/example_datasets.py for tasks to queue
[2024-02-01T14:47:37.434+0100] {logging_mixin.py:188} INFO - [2024-02-01T14:47:37.433+0100] {dagbag.py:538} INFO - Filling up the DagBag from /home/ubuntu/.local/lib/python3.10/site-packages/airflow/example_dags/example_datasets.py
[2024-02-01T14:47:37.602+0100] {processor.py:840} INFO - DAG(s) 'dataset_consumes_1_and_2', 'dataset_consumes_unknown_never_scheduled', 'dataset_produces_1', 'dataset_consumes_1', 'dataset_consumes_1_never_scheduled', 'dataset_produces_2' retrieved from /home/ubuntu/.local/lib/python3.10/site-packages/airflow/example_dags/example_datasets.py
[2024-02-01T14:47:37.971+0100] {logging_mixin.py:188} INFO - [2024-02-01T14:47:37.970+0100] {dag.py:3033} INFO - Sync 6 DAGs
[2024-02-01T14:47:38.179+0100] {logging_mixin.py:188} INFO - [2024-02-01T14:47:38.179+0100] {dag.py:3820} INFO - Setting next_dagrun for dataset_consumes_1 to None, run_after=None
[2024-02-01T14:47:38.234+0100] {logging_mixin.py:188} INFO - [2024-02-01T14:47:38.195+0100] {dag.py:3820} INFO - Setting next_dagrun for dataset_consumes_1_and_2 to None, run_after=None
[2024-02-01T14:47:38.253+0100] {logging_mixin.py:188} INFO - [2024-02-01T14:47:38.253+0100] {dag.py:3820} INFO - Setting next_dagrun for dataset_consumes_1_never_scheduled to None, run_after=None
[2024-02-01T14:47:38.255+0100] {logging_mixin.py:188} INFO - [2024-02-01T14:47:38.255+0100] {dag.py:3820} INFO - Setting next_dagrun for dataset_consumes_unknown_never_scheduled to None, run_after=None
[2024-02-01T14:47:38.276+0100] {logging_mixin.py:188} INFO - [2024-02-01T14:47:38.275+0100] {dag.py:3820} INFO - Setting next_dagrun for dataset_produces_1 to 2024-01-31T00:00:00+00:00, run_after=2024-02-01T00:00:00+00:00
[2024-02-01T14:47:38.300+0100] {logging_mixin.py:188} INFO - [2024-02-01T14:47:38.277+0100] {dag.py:3820} INFO - Setting next_dagrun for dataset_produces_2 to None, run_after=None
[2024-02-01T14:47:39.453+0100] {processor.py:183} INFO - Processing /home/ubuntu/.local/lib/python3.10/site-packages/airflow/example_dags/example_datasets.py took 2.174 seconds
[2024-02-01T14:51:55.793+0100] {processor.py:161} INFO - Started process (PID=10414) to work on /home/ubuntu/.local/lib/python3.10/site-packages/airflow/example_dags/example_datasets.py
[2024-02-01T14:51:55.881+0100] {processor.py:830} INFO - Processing file /home/ubuntu/.local/lib/python3.10/site-packages/airflow/example_dags/example_datasets.py for tasks to queue
[2024-02-01T14:51:55.883+0100] {logging_mixin.py:188} INFO - [2024-02-01T14:51:55.882+0100] {dagbag.py:538} INFO - Filling up the DagBag from /home/ubuntu/.local/lib/python3.10/site-packages/airflow/example_dags/example_datasets.py
[2024-02-01T14:51:56.026+0100] {processor.py:840} INFO - DAG(s) 'dataset_consumes_1', 'dataset_consumes_1_never_scheduled', 'dataset_consumes_1_and_2', 'dataset_consumes_unknown_never_scheduled', 'dataset_produces_2', 'dataset_produces_1' retrieved from /home/ubuntu/.local/lib/python3.10/site-packages/airflow/example_dags/example_datasets.py
[2024-02-01T14:51:56.203+0100] {logging_mixin.py:188} INFO - [2024-02-01T14:51:56.195+0100] {dag.py:3033} INFO - Sync 6 DAGs
[2024-02-01T14:51:56.404+0100] {logging_mixin.py:188} INFO - [2024-02-01T14:51:56.404+0100] {dag.py:3820} INFO - Setting next_dagrun for dataset_consumes_1 to None, run_after=None
[2024-02-01T14:51:56.466+0100] {logging_mixin.py:188} INFO - [2024-02-01T14:51:56.466+0100] {dag.py:3820} INFO - Setting next_dagrun for dataset_consumes_1_and_2 to None, run_after=None
[2024-02-01T14:51:56.477+0100] {logging_mixin.py:188} INFO - [2024-02-01T14:51:56.477+0100] {dag.py:3820} INFO - Setting next_dagrun for dataset_consumes_1_never_scheduled to None, run_after=None
[2024-02-01T14:51:56.480+0100] {logging_mixin.py:188} INFO - [2024-02-01T14:51:56.479+0100] {dag.py:3820} INFO - Setting next_dagrun for dataset_consumes_unknown_never_scheduled to None, run_after=None
[2024-02-01T14:51:56.494+0100] {logging_mixin.py:188} INFO - [2024-02-01T14:51:56.494+0100] {dag.py:3820} INFO - Setting next_dagrun for dataset_produces_1 to 2024-01-31T00:00:00+00:00, run_after=2024-02-01T00:00:00+00:00
[2024-02-01T14:51:56.496+0100] {logging_mixin.py:188} INFO - [2024-02-01T14:51:56.496+0100] {dag.py:3820} INFO - Setting next_dagrun for dataset_produces_2 to None, run_after=None
[2024-02-01T14:51:57.691+0100] {processor.py:183} INFO - Processing /home/ubuntu/.local/lib/python3.10/site-packages/airflow/example_dags/example_datasets.py took 1.924 seconds
[2024-02-01T14:56:37.220+0100] {processor.py:161} INFO - Started process (PID=11333) to work on /home/ubuntu/.local/lib/python3.10/site-packages/airflow/example_dags/example_datasets.py
[2024-02-01T14:56:37.413+0100] {processor.py:830} INFO - Processing file /home/ubuntu/.local/lib/python3.10/site-packages/airflow/example_dags/example_datasets.py for tasks to queue
[2024-02-01T14:56:37.429+0100] {logging_mixin.py:188} INFO - [2024-02-01T14:56:37.428+0100] {dagbag.py:538} INFO - Filling up the DagBag from /home/ubuntu/.local/lib/python3.10/site-packages/airflow/example_dags/example_datasets.py
[2024-02-01T14:56:37.734+0100] {processor.py:840} INFO - DAG(s) 'dataset_produces_2', 'dataset_consumes_1', 'dataset_produces_1', 'dataset_consumes_unknown_never_scheduled', 'dataset_consumes_1_and_2', 'dataset_consumes_1_never_scheduled' retrieved from /home/ubuntu/.local/lib/python3.10/site-packages/airflow/example_dags/example_datasets.py
[2024-02-01T14:56:38.719+0100] {logging_mixin.py:188} INFO - [2024-02-01T14:56:38.718+0100] {dag.py:3033} INFO - Sync 6 DAGs
[2024-02-01T14:56:39.303+0100] {logging_mixin.py:188} INFO - [2024-02-01T14:56:39.303+0100] {dag.py:3820} INFO - Setting next_dagrun for dataset_consumes_1 to None, run_after=None
[2024-02-01T14:56:39.314+0100] {logging_mixin.py:188} INFO - [2024-02-01T14:56:39.314+0100] {dag.py:3820} INFO - Setting next_dagrun for dataset_consumes_1_and_2 to None, run_after=None
[2024-02-01T14:56:39.316+0100] {logging_mixin.py:188} INFO - [2024-02-01T14:56:39.316+0100] {dag.py:3820} INFO - Setting next_dagrun for dataset_consumes_1_never_scheduled to None, run_after=None
[2024-02-01T14:56:39.349+0100] {logging_mixin.py:188} INFO - [2024-02-01T14:56:39.349+0100] {dag.py:3820} INFO - Setting next_dagrun for dataset_consumes_unknown_never_scheduled to None, run_after=None
[2024-02-01T14:56:39.368+0100] {logging_mixin.py:188} INFO - [2024-02-01T14:56:39.367+0100] {dag.py:3820} INFO - Setting next_dagrun for dataset_produces_1 to 2024-01-31T00:00:00+00:00, run_after=2024-02-01T00:00:00+00:00
[2024-02-01T14:56:39.418+0100] {logging_mixin.py:188} INFO - [2024-02-01T14:56:39.370+0100] {dag.py:3820} INFO - Setting next_dagrun for dataset_produces_2 to None, run_after=None
[2024-02-01T14:56:42.750+0100] {processor.py:183} INFO - Processing /home/ubuntu/.local/lib/python3.10/site-packages/airflow/example_dags/example_datasets.py took 5.543 seconds
[2024-02-01T15:01:17.546+0100] {processor.py:161} INFO - Started process (PID=11638) to work on /home/ubuntu/.local/lib/python3.10/site-packages/airflow/example_dags/example_datasets.py
[2024-02-01T15:01:17.634+0100] {processor.py:830} INFO - Processing file /home/ubuntu/.local/lib/python3.10/site-packages/airflow/example_dags/example_datasets.py for tasks to queue
[2024-02-01T15:01:17.643+0100] {logging_mixin.py:188} INFO - [2024-02-01T15:01:17.642+0100] {dagbag.py:538} INFO - Filling up the DagBag from /home/ubuntu/.local/lib/python3.10/site-packages/airflow/example_dags/example_datasets.py
[2024-02-01T15:01:17.841+0100] {processor.py:840} INFO - DAG(s) 'dataset_consumes_unknown_never_scheduled', 'dataset_consumes_1_never_scheduled', 'dataset_consumes_1_and_2', 'dataset_produces_2', 'dataset_consumes_1', 'dataset_produces_1' retrieved from /home/ubuntu/.local/lib/python3.10/site-packages/airflow/example_dags/example_datasets.py
[2024-02-01T15:01:18.178+0100] {logging_mixin.py:188} INFO - [2024-02-01T15:01:18.178+0100] {dag.py:3033} INFO - Sync 6 DAGs
[2024-02-01T15:01:18.403+0100] {logging_mixin.py:188} INFO - [2024-02-01T15:01:18.403+0100] {dag.py:3820} INFO - Setting next_dagrun for dataset_consumes_1 to None, run_after=None
[2024-02-01T15:01:18.531+0100] {logging_mixin.py:188} INFO - [2024-02-01T15:01:18.531+0100] {dag.py:3820} INFO - Setting next_dagrun for dataset_consumes_1_and_2 to None, run_after=None
[2024-02-01T15:01:18.541+0100] {logging_mixin.py:188} INFO - [2024-02-01T15:01:18.540+0100] {dag.py:3820} INFO - Setting next_dagrun for dataset_consumes_1_never_scheduled to None, run_after=None
[2024-02-01T15:01:18.551+0100] {logging_mixin.py:188} INFO - [2024-02-01T15:01:18.551+0100] {dag.py:3820} INFO - Setting next_dagrun for dataset_consumes_unknown_never_scheduled to None, run_after=None
[2024-02-01T15:01:18.572+0100] {logging_mixin.py:188} INFO - [2024-02-01T15:01:18.572+0100] {dag.py:3820} INFO - Setting next_dagrun for dataset_produces_1 to 2024-01-31T00:00:00+00:00, run_after=2024-02-01T00:00:00+00:00
[2024-02-01T15:01:18.574+0100] {logging_mixin.py:188} INFO - [2024-02-01T15:01:18.574+0100] {dag.py:3820} INFO - Setting next_dagrun for dataset_produces_2 to None, run_after=None
[2024-02-01T15:01:19.982+0100] {processor.py:183} INFO - Processing /home/ubuntu/.local/lib/python3.10/site-packages/airflow/example_dags/example_datasets.py took 2.488 seconds
[2024-02-01T15:05:27.429+0100] {processor.py:161} INFO - Started process (PID=11814) to work on /home/ubuntu/.local/lib/python3.10/site-packages/airflow/example_dags/example_datasets.py
[2024-02-01T15:05:27.519+0100] {processor.py:830} INFO - Processing file /home/ubuntu/.local/lib/python3.10/site-packages/airflow/example_dags/example_datasets.py for tasks to queue
[2024-02-01T15:05:27.602+0100] {logging_mixin.py:188} INFO - [2024-02-01T15:05:27.601+0100] {dagbag.py:538} INFO - Filling up the DagBag from /home/ubuntu/.local/lib/python3.10/site-packages/airflow/example_dags/example_datasets.py
[2024-02-01T15:05:27.679+0100] {processor.py:840} INFO - DAG(s) 'dataset_produces_1', 'dataset_consumes_unknown_never_scheduled', 'dataset_produces_2', 'dataset_consumes_1', 'dataset_consumes_1_and_2', 'dataset_consumes_1_never_scheduled' retrieved from /home/ubuntu/.local/lib/python3.10/site-packages/airflow/example_dags/example_datasets.py
[2024-02-01T15:05:27.968+0100] {logging_mixin.py:188} INFO - [2024-02-01T15:05:27.968+0100] {dag.py:3033} INFO - Sync 6 DAGs
[2024-02-01T15:05:28.325+0100] {logging_mixin.py:188} INFO - [2024-02-01T15:05:28.325+0100] {dag.py:3820} INFO - Setting next_dagrun for dataset_consumes_1 to None, run_after=None
[2024-02-01T15:05:28.357+0100] {logging_mixin.py:188} INFO - [2024-02-01T15:05:28.357+0100] {dag.py:3820} INFO - Setting next_dagrun for dataset_consumes_1_and_2 to None, run_after=None
[2024-02-01T15:05:28.361+0100] {logging_mixin.py:188} INFO - [2024-02-01T15:05:28.360+0100] {dag.py:3820} INFO - Setting next_dagrun for dataset_consumes_1_never_scheduled to None, run_after=None
[2024-02-01T15:05:28.393+0100] {logging_mixin.py:188} INFO - [2024-02-01T15:05:28.393+0100] {dag.py:3820} INFO - Setting next_dagrun for dataset_consumes_unknown_never_scheduled to None, run_after=None
[2024-02-01T15:05:28.408+0100] {logging_mixin.py:188} INFO - [2024-02-01T15:05:28.408+0100] {dag.py:3820} INFO - Setting next_dagrun for dataset_produces_1 to 2024-01-31T00:00:00+00:00, run_after=2024-02-01T00:00:00+00:00
[2024-02-01T15:05:28.410+0100] {logging_mixin.py:188} INFO - [2024-02-01T15:05:28.410+0100] {dag.py:3820} INFO - Setting next_dagrun for dataset_produces_2 to None, run_after=None
[2024-02-01T15:05:29.623+0100] {processor.py:183} INFO - Processing /home/ubuntu/.local/lib/python3.10/site-packages/airflow/example_dags/example_datasets.py took 2.252 seconds
[2024-02-01T16:04:52.517+0100] {processor.py:161} INFO - Started process (PID=9385) to work on /home/ubuntu/.local/lib/python3.10/site-packages/airflow/example_dags/example_datasets.py
[2024-02-01T16:04:52.616+0100] {processor.py:830} INFO - Processing file /home/ubuntu/.local/lib/python3.10/site-packages/airflow/example_dags/example_datasets.py for tasks to queue
[2024-02-01T16:04:52.685+0100] {logging_mixin.py:188} INFO - [2024-02-01T16:04:52.644+0100] {dagbag.py:538} INFO - Filling up the DagBag from /home/ubuntu/.local/lib/python3.10/site-packages/airflow/example_dags/example_datasets.py
[2024-02-01T16:04:52.823+0100] {processor.py:840} INFO - DAG(s) 'dataset_consumes_1_never_scheduled', 'dataset_produces_2', 'dataset_consumes_1', 'dataset_produces_1', 'dataset_consumes_1_and_2', 'dataset_consumes_unknown_never_scheduled' retrieved from /home/ubuntu/.local/lib/python3.10/site-packages/airflow/example_dags/example_datasets.py
[2024-02-01T16:04:54.070+0100] {logging_mixin.py:188} INFO - [2024-02-01T16:04:54.069+0100] {dag.py:3033} INFO - Sync 6 DAGs
[2024-02-01T16:04:54.127+0100] {logging_mixin.py:188} INFO - [2024-02-01T16:04:54.115+0100] {dag.py:3820} INFO - Setting next_dagrun for dataset_consumes_1 to None, run_after=None
[2024-02-01T16:04:54.176+0100] {logging_mixin.py:188} INFO - [2024-02-01T16:04:54.175+0100] {dag.py:3820} INFO - Setting next_dagrun for dataset_consumes_1_and_2 to None, run_after=None
[2024-02-01T16:04:54.194+0100] {logging_mixin.py:188} INFO - [2024-02-01T16:04:54.194+0100] {dag.py:3820} INFO - Setting next_dagrun for dataset_consumes_1_never_scheduled to None, run_after=None
[2024-02-01T16:04:54.197+0100] {logging_mixin.py:188} INFO - [2024-02-01T16:04:54.196+0100] {dag.py:3820} INFO - Setting next_dagrun for dataset_consumes_unknown_never_scheduled to None, run_after=None
[2024-02-01T16:04:54.260+0100] {logging_mixin.py:188} INFO - [2024-02-01T16:04:54.260+0100] {dag.py:3820} INFO - Setting next_dagrun for dataset_produces_1 to 2024-01-31T00:00:00+00:00, run_after=2024-02-01T00:00:00+00:00
[2024-02-01T16:04:54.263+0100] {logging_mixin.py:188} INFO - [2024-02-01T16:04:54.263+0100] {dag.py:3820} INFO - Setting next_dagrun for dataset_produces_2 to None, run_after=None
[2024-02-01T16:04:55.266+0100] {processor.py:183} INFO - Processing /home/ubuntu/.local/lib/python3.10/site-packages/airflow/example_dags/example_datasets.py took 2.828 seconds
