[2024-02-01T14:09:38.010+0100] {processor.py:161} INFO - Started process (PID=6175) to work on /home/ubuntu/.local/lib/python3.10/site-packages/airflow/example_dags/example_latest_only.py
[2024-02-01T14:09:38.013+0100] {processor.py:830} INFO - Processing file /home/ubuntu/.local/lib/python3.10/site-packages/airflow/example_dags/example_latest_only.py for tasks to queue
[2024-02-01T14:09:38.018+0100] {logging_mixin.py:188} INFO - [2024-02-01T14:09:38.017+0100] {dagbag.py:538} INFO - Filling up the DagBag from /home/ubuntu/.local/lib/python3.10/site-packages/airflow/example_dags/example_latest_only.py
[2024-02-01T14:09:38.091+0100] {processor.py:840} INFO - DAG(s) 'latest_only' retrieved from /home/ubuntu/.local/lib/python3.10/site-packages/airflow/example_dags/example_latest_only.py
[2024-02-01T14:09:38.424+0100] {logging_mixin.py:188} INFO - [2024-02-01T14:09:38.424+0100] {dag.py:3033} INFO - Sync 1 DAGs
[2024-02-01T14:09:38.461+0100] {logging_mixin.py:188} INFO - [2024-02-01T14:09:38.460+0100] {dag.py:3820} INFO - Setting next_dagrun for latest_only to 2024-02-01T08:00:00+00:00, run_after=2024-02-01T12:00:00+00:00
[2024-02-01T14:09:39.118+0100] {processor.py:183} INFO - Processing /home/ubuntu/.local/lib/python3.10/site-packages/airflow/example_dags/example_latest_only.py took 1.119 seconds
[2024-02-01T14:12:17.927+0100] {processor.py:161} INFO - Started process (PID=6252) to work on /home/ubuntu/.local/lib/python3.10/site-packages/airflow/example_dags/example_latest_only.py
[2024-02-01T14:12:17.960+0100] {processor.py:830} INFO - Processing file /home/ubuntu/.local/lib/python3.10/site-packages/airflow/example_dags/example_latest_only.py for tasks to queue
[2024-02-01T14:12:17.962+0100] {logging_mixin.py:188} INFO - [2024-02-01T14:12:17.961+0100] {dagbag.py:538} INFO - Filling up the DagBag from /home/ubuntu/.local/lib/python3.10/site-packages/airflow/example_dags/example_latest_only.py
[2024-02-01T14:12:18.021+0100] {processor.py:840} INFO - DAG(s) 'latest_only' retrieved from /home/ubuntu/.local/lib/python3.10/site-packages/airflow/example_dags/example_latest_only.py
[2024-02-01T14:12:18.174+0100] {logging_mixin.py:188} INFO - [2024-02-01T14:12:18.168+0100] {dag.py:3033} INFO - Sync 1 DAGs
[2024-02-01T14:12:18.404+0100] {logging_mixin.py:188} INFO - [2024-02-01T14:12:18.402+0100] {dag.py:3820} INFO - Setting next_dagrun for latest_only to 2024-02-01T08:00:00+00:00, run_after=2024-02-01T12:00:00+00:00
[2024-02-01T14:12:18.920+0100] {processor.py:183} INFO - Processing /home/ubuntu/.local/lib/python3.10/site-packages/airflow/example_dags/example_latest_only.py took 1.013 seconds
[2024-02-01T14:16:05.793+0100] {processor.py:161} INFO - Started process (PID=6453) to work on /home/ubuntu/.local/lib/python3.10/site-packages/airflow/example_dags/example_latest_only.py
[2024-02-01T14:16:05.827+0100] {processor.py:830} INFO - Processing file /home/ubuntu/.local/lib/python3.10/site-packages/airflow/example_dags/example_latest_only.py for tasks to queue
[2024-02-01T14:16:05.869+0100] {logging_mixin.py:188} INFO - [2024-02-01T14:16:05.868+0100] {dagbag.py:538} INFO - Filling up the DagBag from /home/ubuntu/.local/lib/python3.10/site-packages/airflow/example_dags/example_latest_only.py
[2024-02-01T14:16:06.013+0100] {processor.py:840} INFO - DAG(s) 'latest_only' retrieved from /home/ubuntu/.local/lib/python3.10/site-packages/airflow/example_dags/example_latest_only.py
[2024-02-01T14:16:06.200+0100] {logging_mixin.py:188} INFO - [2024-02-01T14:16:06.200+0100] {dag.py:3033} INFO - Sync 1 DAGs
[2024-02-01T14:16:06.366+0100] {logging_mixin.py:188} INFO - [2024-02-01T14:16:06.366+0100] {dag.py:3820} INFO - Setting next_dagrun for latest_only to 2024-02-01T08:00:00+00:00, run_after=2024-02-01T12:00:00+00:00
[2024-02-01T14:16:07.426+0100] {processor.py:183} INFO - Processing /home/ubuntu/.local/lib/python3.10/site-packages/airflow/example_dags/example_latest_only.py took 1.647 seconds
[2024-02-01T14:22:05.869+0100] {processor.py:161} INFO - Started process (PID=7968) to work on /home/ubuntu/.local/lib/python3.10/site-packages/airflow/example_dags/example_latest_only.py
[2024-02-01T14:22:05.942+0100] {processor.py:830} INFO - Processing file /home/ubuntu/.local/lib/python3.10/site-packages/airflow/example_dags/example_latest_only.py for tasks to queue
[2024-02-01T14:22:05.959+0100] {logging_mixin.py:188} INFO - [2024-02-01T14:22:05.952+0100] {dagbag.py:538} INFO - Filling up the DagBag from /home/ubuntu/.local/lib/python3.10/site-packages/airflow/example_dags/example_latest_only.py
[2024-02-01T14:22:06.034+0100] {processor.py:840} INFO - DAG(s) 'latest_only' retrieved from /home/ubuntu/.local/lib/python3.10/site-packages/airflow/example_dags/example_latest_only.py
[2024-02-01T14:22:06.177+0100] {logging_mixin.py:188} INFO - [2024-02-01T14:22:06.177+0100] {dag.py:3033} INFO - Sync 1 DAGs
[2024-02-01T14:22:06.226+0100] {logging_mixin.py:188} INFO - [2024-02-01T14:22:06.226+0100] {dag.py:3820} INFO - Setting next_dagrun for latest_only to 2024-02-01T08:00:00+00:00, run_after=2024-02-01T12:00:00+00:00
[2024-02-01T14:22:06.678+0100] {processor.py:183} INFO - Processing /home/ubuntu/.local/lib/python3.10/site-packages/airflow/example_dags/example_latest_only.py took 0.871 seconds
[2024-02-01T14:27:27.652+0100] {processor.py:161} INFO - Started process (PID=8139) to work on /home/ubuntu/.local/lib/python3.10/site-packages/airflow/example_dags/example_latest_only.py
[2024-02-01T14:27:27.723+0100] {processor.py:830} INFO - Processing file /home/ubuntu/.local/lib/python3.10/site-packages/airflow/example_dags/example_latest_only.py for tasks to queue
[2024-02-01T14:27:27.725+0100] {logging_mixin.py:188} INFO - [2024-02-01T14:27:27.725+0100] {dagbag.py:538} INFO - Filling up the DagBag from /home/ubuntu/.local/lib/python3.10/site-packages/airflow/example_dags/example_latest_only.py
[2024-02-01T14:27:27.811+0100] {processor.py:840} INFO - DAG(s) 'latest_only' retrieved from /home/ubuntu/.local/lib/python3.10/site-packages/airflow/example_dags/example_latest_only.py
[2024-02-01T14:27:27.870+0100] {logging_mixin.py:188} INFO - [2024-02-01T14:27:27.870+0100] {dag.py:3033} INFO - Sync 1 DAGs
[2024-02-01T14:27:28.302+0100] {logging_mixin.py:188} INFO - [2024-02-01T14:27:28.302+0100] {dag.py:3820} INFO - Setting next_dagrun for latest_only to 2024-02-01T08:00:00+00:00, run_after=2024-02-01T12:00:00+00:00
[2024-02-01T14:27:29.162+0100] {processor.py:183} INFO - Processing /home/ubuntu/.local/lib/python3.10/site-packages/airflow/example_dags/example_latest_only.py took 1.533 seconds
[2024-02-01T14:31:01.762+0100] {processor.py:161} INFO - Started process (PID=8233) to work on /home/ubuntu/.local/lib/python3.10/site-packages/airflow/example_dags/example_latest_only.py
[2024-02-01T14:31:01.807+0100] {processor.py:830} INFO - Processing file /home/ubuntu/.local/lib/python3.10/site-packages/airflow/example_dags/example_latest_only.py for tasks to queue
[2024-02-01T14:31:01.809+0100] {logging_mixin.py:188} INFO - [2024-02-01T14:31:01.808+0100] {dagbag.py:538} INFO - Filling up the DagBag from /home/ubuntu/.local/lib/python3.10/site-packages/airflow/example_dags/example_latest_only.py
[2024-02-01T14:31:01.899+0100] {processor.py:840} INFO - DAG(s) 'latest_only' retrieved from /home/ubuntu/.local/lib/python3.10/site-packages/airflow/example_dags/example_latest_only.py
[2024-02-01T14:31:02.193+0100] {logging_mixin.py:188} INFO - [2024-02-01T14:31:02.193+0100] {dag.py:3033} INFO - Sync 1 DAGs
[2024-02-01T14:31:02.357+0100] {logging_mixin.py:188} INFO - [2024-02-01T14:31:02.357+0100] {dag.py:3820} INFO - Setting next_dagrun for latest_only to 2024-02-01T08:00:00+00:00, run_after=2024-02-01T12:00:00+00:00
[2024-02-01T14:31:03.261+0100] {processor.py:183} INFO - Processing /home/ubuntu/.local/lib/python3.10/site-packages/airflow/example_dags/example_latest_only.py took 1.550 seconds
[2024-02-01T14:35:32.320+0100] {processor.py:161} INFO - Started process (PID=8852) to work on /home/ubuntu/.local/lib/python3.10/site-packages/airflow/example_dags/example_latest_only.py
[2024-02-01T14:35:32.330+0100] {processor.py:830} INFO - Processing file /home/ubuntu/.local/lib/python3.10/site-packages/airflow/example_dags/example_latest_only.py for tasks to queue
[2024-02-01T14:35:32.333+0100] {logging_mixin.py:188} INFO - [2024-02-01T14:35:32.332+0100] {dagbag.py:538} INFO - Filling up the DagBag from /home/ubuntu/.local/lib/python3.10/site-packages/airflow/example_dags/example_latest_only.py
[2024-02-01T14:35:32.407+0100] {processor.py:840} INFO - DAG(s) 'latest_only' retrieved from /home/ubuntu/.local/lib/python3.10/site-packages/airflow/example_dags/example_latest_only.py
[2024-02-01T14:35:32.975+0100] {logging_mixin.py:188} INFO - [2024-02-01T14:35:32.975+0100] {dag.py:3033} INFO - Sync 1 DAGs
[2024-02-01T14:35:33.158+0100] {logging_mixin.py:188} INFO - [2024-02-01T14:35:33.158+0100] {dag.py:3820} INFO - Setting next_dagrun for latest_only to 2024-02-01T08:00:00+00:00, run_after=2024-02-01T12:00:00+00:00
[2024-02-01T14:35:33.700+0100] {processor.py:183} INFO - Processing /home/ubuntu/.local/lib/python3.10/site-packages/airflow/example_dags/example_latest_only.py took 1.419 seconds
[2024-02-01T14:42:39.287+0100] {processor.py:161} INFO - Started process (PID=10018) to work on /home/ubuntu/.local/lib/python3.10/site-packages/airflow/example_dags/example_latest_only.py
[2024-02-01T14:42:39.374+0100] {processor.py:830} INFO - Processing file /home/ubuntu/.local/lib/python3.10/site-packages/airflow/example_dags/example_latest_only.py for tasks to queue
[2024-02-01T14:42:39.426+0100] {logging_mixin.py:188} INFO - [2024-02-01T14:42:39.425+0100] {dagbag.py:538} INFO - Filling up the DagBag from /home/ubuntu/.local/lib/python3.10/site-packages/airflow/example_dags/example_latest_only.py
[2024-02-01T14:42:39.660+0100] {processor.py:840} INFO - DAG(s) 'latest_only' retrieved from /home/ubuntu/.local/lib/python3.10/site-packages/airflow/example_dags/example_latest_only.py
[2024-02-01T14:42:39.784+0100] {logging_mixin.py:188} INFO - [2024-02-01T14:42:39.784+0100] {dag.py:3033} INFO - Sync 1 DAGs
[2024-02-01T14:42:39.914+0100] {logging_mixin.py:188} INFO - [2024-02-01T14:42:39.913+0100] {dag.py:3820} INFO - Setting next_dagrun for latest_only to 2024-02-01T08:00:00+00:00, run_after=2024-02-01T12:00:00+00:00
[2024-02-01T14:42:41.648+0100] {processor.py:183} INFO - Processing /home/ubuntu/.local/lib/python3.10/site-packages/airflow/example_dags/example_latest_only.py took 2.419 seconds
[2024-02-01T14:52:12.956+0100] {processor.py:161} INFO - Started process (PID=10471) to work on /home/ubuntu/.local/lib/python3.10/site-packages/airflow/example_dags/example_latest_only.py
[2024-02-01T14:52:13.012+0100] {processor.py:830} INFO - Processing file /home/ubuntu/.local/lib/python3.10/site-packages/airflow/example_dags/example_latest_only.py for tasks to queue
[2024-02-01T14:52:13.023+0100] {logging_mixin.py:188} INFO - [2024-02-01T14:52:13.013+0100] {dagbag.py:538} INFO - Filling up the DagBag from /home/ubuntu/.local/lib/python3.10/site-packages/airflow/example_dags/example_latest_only.py
[2024-02-01T14:52:13.159+0100] {processor.py:840} INFO - DAG(s) 'latest_only' retrieved from /home/ubuntu/.local/lib/python3.10/site-packages/airflow/example_dags/example_latest_only.py
[2024-02-01T14:52:13.288+0100] {logging_mixin.py:188} INFO - [2024-02-01T14:52:13.288+0100] {dag.py:3033} INFO - Sync 1 DAGs
[2024-02-01T14:52:13.421+0100] {logging_mixin.py:188} INFO - [2024-02-01T14:52:13.420+0100] {dag.py:3820} INFO - Setting next_dagrun for latest_only to 2024-02-01T08:00:00+00:00, run_after=2024-02-01T12:00:00+00:00
[2024-02-01T14:52:14.262+0100] {processor.py:183} INFO - Processing /home/ubuntu/.local/lib/python3.10/site-packages/airflow/example_dags/example_latest_only.py took 1.406 seconds
[2024-02-01T15:01:31.999+0100] {processor.py:161} INFO - Started process (PID=11643) to work on /home/ubuntu/.local/lib/python3.10/site-packages/airflow/example_dags/example_latest_only.py
[2024-02-01T15:01:32.085+0100] {processor.py:830} INFO - Processing file /home/ubuntu/.local/lib/python3.10/site-packages/airflow/example_dags/example_latest_only.py for tasks to queue
[2024-02-01T15:01:32.133+0100] {logging_mixin.py:188} INFO - [2024-02-01T15:01:32.094+0100] {dagbag.py:538} INFO - Filling up the DagBag from /home/ubuntu/.local/lib/python3.10/site-packages/airflow/example_dags/example_latest_only.py
[2024-02-01T15:01:32.204+0100] {processor.py:840} INFO - DAG(s) 'latest_only' retrieved from /home/ubuntu/.local/lib/python3.10/site-packages/airflow/example_dags/example_latest_only.py
[2024-02-01T15:01:32.435+0100] {logging_mixin.py:188} INFO - [2024-02-01T15:01:32.434+0100] {dag.py:3033} INFO - Sync 1 DAGs
[2024-02-01T15:01:32.488+0100] {logging_mixin.py:188} INFO - [2024-02-01T15:01:32.488+0100] {dag.py:3820} INFO - Setting next_dagrun for latest_only to 2024-02-01T08:00:00+00:00, run_after=2024-02-01T12:00:00+00:00
[2024-02-01T15:01:33.237+0100] {processor.py:183} INFO - Processing /home/ubuntu/.local/lib/python3.10/site-packages/airflow/example_dags/example_latest_only.py took 1.319 seconds
[2024-02-01T16:05:07.877+0100] {processor.py:161} INFO - Started process (PID=9443) to work on /home/ubuntu/.local/lib/python3.10/site-packages/airflow/example_dags/example_latest_only.py
[2024-02-01T16:05:07.939+0100] {processor.py:830} INFO - Processing file /home/ubuntu/.local/lib/python3.10/site-packages/airflow/example_dags/example_latest_only.py for tasks to queue
[2024-02-01T16:05:07.972+0100] {logging_mixin.py:188} INFO - [2024-02-01T16:05:07.966+0100] {dagbag.py:538} INFO - Filling up the DagBag from /home/ubuntu/.local/lib/python3.10/site-packages/airflow/example_dags/example_latest_only.py
[2024-02-01T16:05:08.161+0100] {processor.py:840} INFO - DAG(s) 'latest_only' retrieved from /home/ubuntu/.local/lib/python3.10/site-packages/airflow/example_dags/example_latest_only.py
[2024-02-01T16:05:09.298+0100] {logging_mixin.py:188} INFO - [2024-02-01T16:05:09.297+0100] {dag.py:3033} INFO - Sync 1 DAGs
[2024-02-01T16:05:09.497+0100] {logging_mixin.py:188} INFO - [2024-02-01T16:05:09.488+0100] {dag.py:3820} INFO - Setting next_dagrun for latest_only to 2024-02-01T08:00:00+00:00, run_after=2024-02-01T12:00:00+00:00
[2024-02-01T16:05:12.192+0100] {processor.py:183} INFO - Processing /home/ubuntu/.local/lib/python3.10/site-packages/airflow/example_dags/example_latest_only.py took 4.356 seconds
