[2024-02-01T14:07:29.540+0100] {processor.py:161} INFO - Started process (PID=6126) to work on /home/ubuntu/.local/lib/python3.10/site-packages/airflow/example_dags/tutorial_objectstorage.py
[2024-02-01T14:07:29.586+0100] {processor.py:830} INFO - Processing file /home/ubuntu/.local/lib/python3.10/site-packages/airflow/example_dags/tutorial_objectstorage.py for tasks to queue
[2024-02-01T14:07:29.588+0100] {logging_mixin.py:188} INFO - [2024-02-01T14:07:29.587+0100] {dagbag.py:538} INFO - Filling up the DagBag from /home/ubuntu/.local/lib/python3.10/site-packages/airflow/example_dags/tutorial_objectstorage.py
[2024-02-01T14:07:29.656+0100] {processor.py:840} INFO - DAG(s) 'tutorial_objectstorage' retrieved from /home/ubuntu/.local/lib/python3.10/site-packages/airflow/example_dags/tutorial_objectstorage.py
[2024-02-01T14:07:30.582+0100] {logging_mixin.py:188} INFO - [2024-02-01T14:07:30.581+0100] {dag.py:3033} INFO - Sync 1 DAGs
[2024-02-01T14:07:30.606+0100] {logging_mixin.py:188} INFO - [2024-02-01T14:07:30.606+0100] {dag.py:3820} INFO - Setting next_dagrun for tutorial_objectstorage to None, run_after=None
[2024-02-01T14:07:30.963+0100] {processor.py:183} INFO - Processing /home/ubuntu/.local/lib/python3.10/site-packages/airflow/example_dags/tutorial_objectstorage.py took 1.514 seconds
[2024-02-01T14:11:10.996+0100] {processor.py:161} INFO - Started process (PID=6216) to work on /home/ubuntu/.local/lib/python3.10/site-packages/airflow/example_dags/tutorial_objectstorage.py
[2024-02-01T14:11:11.007+0100] {processor.py:830} INFO - Processing file /home/ubuntu/.local/lib/python3.10/site-packages/airflow/example_dags/tutorial_objectstorage.py for tasks to queue
[2024-02-01T14:11:11.009+0100] {logging_mixin.py:188} INFO - [2024-02-01T14:11:11.008+0100] {dagbag.py:538} INFO - Filling up the DagBag from /home/ubuntu/.local/lib/python3.10/site-packages/airflow/example_dags/tutorial_objectstorage.py
[2024-02-01T14:11:11.031+0100] {processor.py:840} INFO - DAG(s) 'tutorial_objectstorage' retrieved from /home/ubuntu/.local/lib/python3.10/site-packages/airflow/example_dags/tutorial_objectstorage.py
[2024-02-01T14:11:11.118+0100] {logging_mixin.py:188} INFO - [2024-02-01T14:11:11.118+0100] {dag.py:3033} INFO - Sync 1 DAGs
[2024-02-01T14:11:11.145+0100] {logging_mixin.py:188} INFO - [2024-02-01T14:11:11.145+0100] {dag.py:3820} INFO - Setting next_dagrun for tutorial_objectstorage to None, run_after=None
[2024-02-01T14:11:11.529+0100] {processor.py:183} INFO - Processing /home/ubuntu/.local/lib/python3.10/site-packages/airflow/example_dags/tutorial_objectstorage.py took 0.574 seconds
[2024-02-01T14:12:54.234+0100] {processor.py:161} INFO - Started process (PID=6271) to work on /home/ubuntu/.local/lib/python3.10/site-packages/airflow/example_dags/tutorial_objectstorage.py
[2024-02-01T14:12:54.269+0100] {processor.py:830} INFO - Processing file /home/ubuntu/.local/lib/python3.10/site-packages/airflow/example_dags/tutorial_objectstorage.py for tasks to queue
[2024-02-01T14:12:54.271+0100] {logging_mixin.py:188} INFO - [2024-02-01T14:12:54.270+0100] {dagbag.py:538} INFO - Filling up the DagBag from /home/ubuntu/.local/lib/python3.10/site-packages/airflow/example_dags/tutorial_objectstorage.py
[2024-02-01T14:12:54.389+0100] {processor.py:840} INFO - DAG(s) 'tutorial_objectstorage' retrieved from /home/ubuntu/.local/lib/python3.10/site-packages/airflow/example_dags/tutorial_objectstorage.py
[2024-02-01T14:12:54.623+0100] {logging_mixin.py:188} INFO - [2024-02-01T14:12:54.622+0100] {dag.py:3033} INFO - Sync 1 DAGs
[2024-02-01T14:12:54.753+0100] {logging_mixin.py:188} INFO - [2024-02-01T14:12:54.753+0100] {dag.py:3820} INFO - Setting next_dagrun for tutorial_objectstorage to None, run_after=None
[2024-02-01T14:12:55.536+0100] {processor.py:183} INFO - Processing /home/ubuntu/.local/lib/python3.10/site-packages/airflow/example_dags/tutorial_objectstorage.py took 1.310 seconds
[2024-02-01T14:14:45.762+0100] {processor.py:161} INFO - Started process (PID=6406) to work on /home/ubuntu/.local/lib/python3.10/site-packages/airflow/example_dags/tutorial_objectstorage.py
[2024-02-01T14:14:45.839+0100] {processor.py:830} INFO - Processing file /home/ubuntu/.local/lib/python3.10/site-packages/airflow/example_dags/tutorial_objectstorage.py for tasks to queue
[2024-02-01T14:14:45.840+0100] {logging_mixin.py:188} INFO - [2024-02-01T14:14:45.840+0100] {dagbag.py:538} INFO - Filling up the DagBag from /home/ubuntu/.local/lib/python3.10/site-packages/airflow/example_dags/tutorial_objectstorage.py
[2024-02-01T14:14:45.923+0100] {processor.py:840} INFO - DAG(s) 'tutorial_objectstorage' retrieved from /home/ubuntu/.local/lib/python3.10/site-packages/airflow/example_dags/tutorial_objectstorage.py
[2024-02-01T14:14:46.147+0100] {logging_mixin.py:188} INFO - [2024-02-01T14:14:46.147+0100] {dag.py:3033} INFO - Sync 1 DAGs
[2024-02-01T14:14:46.302+0100] {logging_mixin.py:188} INFO - [2024-02-01T14:14:46.301+0100] {dag.py:3820} INFO - Setting next_dagrun for tutorial_objectstorage to None, run_after=None
[2024-02-01T14:14:46.906+0100] {processor.py:183} INFO - Processing /home/ubuntu/.local/lib/python3.10/site-packages/airflow/example_dags/tutorial_objectstorage.py took 1.202 seconds
[2024-02-01T14:16:45.822+0100] {processor.py:161} INFO - Started process (PID=6610) to work on /home/ubuntu/.local/lib/python3.10/site-packages/airflow/example_dags/tutorial_objectstorage.py
[2024-02-01T14:16:45.896+0100] {processor.py:830} INFO - Processing file /home/ubuntu/.local/lib/python3.10/site-packages/airflow/example_dags/tutorial_objectstorage.py for tasks to queue
[2024-02-01T14:16:45.906+0100] {logging_mixin.py:188} INFO - [2024-02-01T14:16:45.897+0100] {dagbag.py:538} INFO - Filling up the DagBag from /home/ubuntu/.local/lib/python3.10/site-packages/airflow/example_dags/tutorial_objectstorage.py
[2024-02-01T14:16:45.994+0100] {processor.py:840} INFO - DAG(s) 'tutorial_objectstorage' retrieved from /home/ubuntu/.local/lib/python3.10/site-packages/airflow/example_dags/tutorial_objectstorage.py
[2024-02-01T14:16:46.123+0100] {logging_mixin.py:188} INFO - [2024-02-01T14:16:46.122+0100] {dag.py:3033} INFO - Sync 1 DAGs
[2024-02-01T14:16:46.213+0100] {logging_mixin.py:188} INFO - [2024-02-01T14:16:46.205+0100] {dag.py:3820} INFO - Setting next_dagrun for tutorial_objectstorage to None, run_after=None
[2024-02-01T14:16:46.851+0100] {processor.py:183} INFO - Processing /home/ubuntu/.local/lib/python3.10/site-packages/airflow/example_dags/tutorial_objectstorage.py took 1.064 seconds
[2024-02-01T14:20:17.219+0100] {processor.py:161} INFO - Started process (PID=7552) to work on /home/ubuntu/.local/lib/python3.10/site-packages/airflow/example_dags/tutorial_objectstorage.py
[2024-02-01T14:20:17.342+0100] {processor.py:830} INFO - Processing file /home/ubuntu/.local/lib/python3.10/site-packages/airflow/example_dags/tutorial_objectstorage.py for tasks to queue
[2024-02-01T14:20:17.353+0100] {logging_mixin.py:188} INFO - [2024-02-01T14:20:17.343+0100] {dagbag.py:538} INFO - Filling up the DagBag from /home/ubuntu/.local/lib/python3.10/site-packages/airflow/example_dags/tutorial_objectstorage.py
[2024-02-01T14:20:17.426+0100] {processor.py:840} INFO - DAG(s) 'tutorial_objectstorage' retrieved from /home/ubuntu/.local/lib/python3.10/site-packages/airflow/example_dags/tutorial_objectstorage.py
[2024-02-01T14:20:17.556+0100] {logging_mixin.py:188} INFO - [2024-02-01T14:20:17.555+0100] {dag.py:3033} INFO - Sync 1 DAGs
[2024-02-01T14:20:17.661+0100] {logging_mixin.py:188} INFO - [2024-02-01T14:20:17.661+0100] {dag.py:3820} INFO - Setting next_dagrun for tutorial_objectstorage to None, run_after=None
[2024-02-01T14:20:18.506+0100] {processor.py:183} INFO - Processing /home/ubuntu/.local/lib/python3.10/site-packages/airflow/example_dags/tutorial_objectstorage.py took 1.319 seconds
[2024-02-01T14:23:18.926+0100] {processor.py:161} INFO - Started process (PID=8004) to work on /home/ubuntu/.local/lib/python3.10/site-packages/airflow/example_dags/tutorial_objectstorage.py
[2024-02-01T14:23:18.978+0100] {processor.py:830} INFO - Processing file /home/ubuntu/.local/lib/python3.10/site-packages/airflow/example_dags/tutorial_objectstorage.py for tasks to queue
[2024-02-01T14:23:18.997+0100] {logging_mixin.py:188} INFO - [2024-02-01T14:23:18.979+0100] {dagbag.py:538} INFO - Filling up the DagBag from /home/ubuntu/.local/lib/python3.10/site-packages/airflow/example_dags/tutorial_objectstorage.py
[2024-02-01T14:23:19.224+0100] {processor.py:840} INFO - DAG(s) 'tutorial_objectstorage' retrieved from /home/ubuntu/.local/lib/python3.10/site-packages/airflow/example_dags/tutorial_objectstorage.py
[2024-02-01T14:23:19.407+0100] {logging_mixin.py:188} INFO - [2024-02-01T14:23:19.406+0100] {dag.py:3033} INFO - Sync 1 DAGs
[2024-02-01T14:23:19.526+0100] {logging_mixin.py:188} INFO - [2024-02-01T14:23:19.511+0100] {dag.py:3820} INFO - Setting next_dagrun for tutorial_objectstorage to None, run_after=None
[2024-02-01T14:23:21.205+0100] {processor.py:183} INFO - Processing /home/ubuntu/.local/lib/python3.10/site-packages/airflow/example_dags/tutorial_objectstorage.py took 2.362 seconds
[2024-02-01T14:26:00.872+0100] {processor.py:161} INFO - Started process (PID=8095) to work on /home/ubuntu/.local/lib/python3.10/site-packages/airflow/example_dags/tutorial_objectstorage.py
[2024-02-01T14:26:00.951+0100] {processor.py:830} INFO - Processing file /home/ubuntu/.local/lib/python3.10/site-packages/airflow/example_dags/tutorial_objectstorage.py for tasks to queue
[2024-02-01T14:26:00.955+0100] {logging_mixin.py:188} INFO - [2024-02-01T14:26:00.953+0100] {dagbag.py:538} INFO - Filling up the DagBag from /home/ubuntu/.local/lib/python3.10/site-packages/airflow/example_dags/tutorial_objectstorage.py
[2024-02-01T14:26:01.010+0100] {processor.py:840} INFO - DAG(s) 'tutorial_objectstorage' retrieved from /home/ubuntu/.local/lib/python3.10/site-packages/airflow/example_dags/tutorial_objectstorage.py
[2024-02-01T14:26:01.163+0100] {logging_mixin.py:188} INFO - [2024-02-01T14:26:01.163+0100] {dag.py:3033} INFO - Sync 1 DAGs
[2024-02-01T14:26:01.282+0100] {logging_mixin.py:188} INFO - [2024-02-01T14:26:01.275+0100] {dag.py:3820} INFO - Setting next_dagrun for tutorial_objectstorage to None, run_after=None
[2024-02-01T14:26:01.628+0100] {processor.py:183} INFO - Processing /home/ubuntu/.local/lib/python3.10/site-packages/airflow/example_dags/tutorial_objectstorage.py took 0.853 seconds
[2024-02-01T14:29:20.486+0100] {processor.py:161} INFO - Started process (PID=8175) to work on /home/ubuntu/.local/lib/python3.10/site-packages/airflow/example_dags/tutorial_objectstorage.py
[2024-02-01T14:29:20.531+0100] {processor.py:830} INFO - Processing file /home/ubuntu/.local/lib/python3.10/site-packages/airflow/example_dags/tutorial_objectstorage.py for tasks to queue
[2024-02-01T14:29:20.648+0100] {logging_mixin.py:188} INFO - [2024-02-01T14:29:20.598+0100] {dagbag.py:538} INFO - Filling up the DagBag from /home/ubuntu/.local/lib/python3.10/site-packages/airflow/example_dags/tutorial_objectstorage.py
[2024-02-01T14:29:20.773+0100] {processor.py:840} INFO - DAG(s) 'tutorial_objectstorage' retrieved from /home/ubuntu/.local/lib/python3.10/site-packages/airflow/example_dags/tutorial_objectstorage.py
[2024-02-01T14:29:20.887+0100] {logging_mixin.py:188} INFO - [2024-02-01T14:29:20.886+0100] {dag.py:3033} INFO - Sync 1 DAGs
[2024-02-01T14:29:20.980+0100] {logging_mixin.py:188} INFO - [2024-02-01T14:29:20.979+0100] {dag.py:3820} INFO - Setting next_dagrun for tutorial_objectstorage to None, run_after=None
[2024-02-01T14:29:21.407+0100] {processor.py:183} INFO - Processing /home/ubuntu/.local/lib/python3.10/site-packages/airflow/example_dags/tutorial_objectstorage.py took 0.948 seconds
[2024-02-01T14:31:59.221+0100] {processor.py:161} INFO - Started process (PID=8338) to work on /home/ubuntu/.local/lib/python3.10/site-packages/airflow/example_dags/tutorial_objectstorage.py
[2024-02-01T14:31:59.226+0100] {processor.py:830} INFO - Processing file /home/ubuntu/.local/lib/python3.10/site-packages/airflow/example_dags/tutorial_objectstorage.py for tasks to queue
[2024-02-01T14:31:59.248+0100] {logging_mixin.py:188} INFO - [2024-02-01T14:31:59.232+0100] {dagbag.py:538} INFO - Filling up the DagBag from /home/ubuntu/.local/lib/python3.10/site-packages/airflow/example_dags/tutorial_objectstorage.py
[2024-02-01T14:31:59.264+0100] {processor.py:840} INFO - DAG(s) 'tutorial_objectstorage' retrieved from /home/ubuntu/.local/lib/python3.10/site-packages/airflow/example_dags/tutorial_objectstorage.py
[2024-02-01T14:31:59.293+0100] {logging_mixin.py:188} INFO - [2024-02-01T14:31:59.292+0100] {dag.py:3033} INFO - Sync 1 DAGs
[2024-02-01T14:31:59.315+0100] {logging_mixin.py:188} INFO - [2024-02-01T14:31:59.314+0100] {dag.py:3820} INFO - Setting next_dagrun for tutorial_objectstorage to None, run_after=None
[2024-02-01T14:31:59.838+0100] {processor.py:183} INFO - Processing /home/ubuntu/.local/lib/python3.10/site-packages/airflow/example_dags/tutorial_objectstorage.py took 0.625 seconds
[2024-02-01T14:34:16.798+0100] {processor.py:161} INFO - Started process (PID=8732) to work on /home/ubuntu/.local/lib/python3.10/site-packages/airflow/example_dags/tutorial_objectstorage.py
[2024-02-01T14:34:16.937+0100] {processor.py:830} INFO - Processing file /home/ubuntu/.local/lib/python3.10/site-packages/airflow/example_dags/tutorial_objectstorage.py for tasks to queue
[2024-02-01T14:34:16.979+0100] {logging_mixin.py:188} INFO - [2024-02-01T14:34:16.978+0100] {dagbag.py:538} INFO - Filling up the DagBag from /home/ubuntu/.local/lib/python3.10/site-packages/airflow/example_dags/tutorial_objectstorage.py
[2024-02-01T14:34:17.003+0100] {processor.py:840} INFO - DAG(s) 'tutorial_objectstorage' retrieved from /home/ubuntu/.local/lib/python3.10/site-packages/airflow/example_dags/tutorial_objectstorage.py
[2024-02-01T14:34:17.167+0100] {logging_mixin.py:188} INFO - [2024-02-01T14:34:17.165+0100] {dag.py:3033} INFO - Sync 1 DAGs
[2024-02-01T14:34:17.296+0100] {logging_mixin.py:188} INFO - [2024-02-01T14:34:17.289+0100] {dag.py:3820} INFO - Setting next_dagrun for tutorial_objectstorage to None, run_after=None
[2024-02-01T14:34:17.787+0100] {processor.py:183} INFO - Processing /home/ubuntu/.local/lib/python3.10/site-packages/airflow/example_dags/tutorial_objectstorage.py took 1.025 seconds
[2024-02-01T14:36:27.627+0100] {processor.py:161} INFO - Started process (PID=8929) to work on /home/ubuntu/.local/lib/python3.10/site-packages/airflow/example_dags/tutorial_objectstorage.py
[2024-02-01T14:36:27.650+0100] {processor.py:830} INFO - Processing file /home/ubuntu/.local/lib/python3.10/site-packages/airflow/example_dags/tutorial_objectstorage.py for tasks to queue
[2024-02-01T14:36:27.678+0100] {logging_mixin.py:188} INFO - [2024-02-01T14:36:27.659+0100] {dagbag.py:538} INFO - Filling up the DagBag from /home/ubuntu/.local/lib/python3.10/site-packages/airflow/example_dags/tutorial_objectstorage.py
[2024-02-01T14:36:27.708+0100] {processor.py:840} INFO - DAG(s) 'tutorial_objectstorage' retrieved from /home/ubuntu/.local/lib/python3.10/site-packages/airflow/example_dags/tutorial_objectstorage.py
[2024-02-01T14:36:27.777+0100] {logging_mixin.py:188} INFO - [2024-02-01T14:36:27.777+0100] {dag.py:3033} INFO - Sync 1 DAGs
[2024-02-01T14:36:27.917+0100] {logging_mixin.py:188} INFO - [2024-02-01T14:36:27.892+0100] {dag.py:3820} INFO - Setting next_dagrun for tutorial_objectstorage to None, run_after=None
[2024-02-01T14:36:28.652+0100] {processor.py:183} INFO - Processing /home/ubuntu/.local/lib/python3.10/site-packages/airflow/example_dags/tutorial_objectstorage.py took 1.113 seconds
[2024-02-01T14:39:09.767+0100] {processor.py:161} INFO - Started process (PID=9336) to work on /home/ubuntu/.local/lib/python3.10/site-packages/airflow/example_dags/tutorial_objectstorage.py
[2024-02-01T14:39:10.053+0100] {processor.py:830} INFO - Processing file /home/ubuntu/.local/lib/python3.10/site-packages/airflow/example_dags/tutorial_objectstorage.py for tasks to queue
[2024-02-01T14:39:10.055+0100] {logging_mixin.py:188} INFO - [2024-02-01T14:39:10.055+0100] {dagbag.py:538} INFO - Filling up the DagBag from /home/ubuntu/.local/lib/python3.10/site-packages/airflow/example_dags/tutorial_objectstorage.py
[2024-02-01T14:39:10.189+0100] {processor.py:840} INFO - DAG(s) 'tutorial_objectstorage' retrieved from /home/ubuntu/.local/lib/python3.10/site-packages/airflow/example_dags/tutorial_objectstorage.py
[2024-02-01T14:39:10.469+0100] {logging_mixin.py:188} INFO - [2024-02-01T14:39:10.469+0100] {dag.py:3033} INFO - Sync 1 DAGs
[2024-02-01T14:39:10.704+0100] {logging_mixin.py:188} INFO - [2024-02-01T14:39:10.704+0100] {dag.py:3820} INFO - Setting next_dagrun for tutorial_objectstorage to None, run_after=None
[2024-02-01T14:39:12.935+0100] {processor.py:183} INFO - Processing /home/ubuntu/.local/lib/python3.10/site-packages/airflow/example_dags/tutorial_objectstorage.py took 3.286 seconds
[2024-02-01T14:43:48.705+0100] {processor.py:161} INFO - Started process (PID=10100) to work on /home/ubuntu/.local/lib/python3.10/site-packages/airflow/example_dags/tutorial_objectstorage.py
[2024-02-01T14:43:48.823+0100] {processor.py:830} INFO - Processing file /home/ubuntu/.local/lib/python3.10/site-packages/airflow/example_dags/tutorial_objectstorage.py for tasks to queue
[2024-02-01T14:43:48.853+0100] {logging_mixin.py:188} INFO - [2024-02-01T14:43:48.852+0100] {dagbag.py:538} INFO - Filling up the DagBag from /home/ubuntu/.local/lib/python3.10/site-packages/airflow/example_dags/tutorial_objectstorage.py
[2024-02-01T14:43:48.893+0100] {processor.py:840} INFO - DAG(s) 'tutorial_objectstorage' retrieved from /home/ubuntu/.local/lib/python3.10/site-packages/airflow/example_dags/tutorial_objectstorage.py
[2024-02-01T14:43:49.142+0100] {logging_mixin.py:188} INFO - [2024-02-01T14:43:49.142+0100] {dag.py:3033} INFO - Sync 1 DAGs
[2024-02-01T14:43:49.434+0100] {logging_mixin.py:188} INFO - [2024-02-01T14:43:49.434+0100] {dag.py:3820} INFO - Setting next_dagrun for tutorial_objectstorage to None, run_after=None
[2024-02-01T14:43:50.022+0100] {processor.py:183} INFO - Processing /home/ubuntu/.local/lib/python3.10/site-packages/airflow/example_dags/tutorial_objectstorage.py took 1.356 seconds
[2024-02-01T14:49:22.671+0100] {processor.py:161} INFO - Started process (PID=10270) to work on /home/ubuntu/.local/lib/python3.10/site-packages/airflow/example_dags/tutorial_objectstorage.py
[2024-02-01T14:49:22.946+0100] {processor.py:830} INFO - Processing file /home/ubuntu/.local/lib/python3.10/site-packages/airflow/example_dags/tutorial_objectstorage.py for tasks to queue
[2024-02-01T14:49:22.954+0100] {logging_mixin.py:188} INFO - [2024-02-01T14:49:22.954+0100] {dagbag.py:538} INFO - Filling up the DagBag from /home/ubuntu/.local/lib/python3.10/site-packages/airflow/example_dags/tutorial_objectstorage.py
[2024-02-01T14:49:23.023+0100] {processor.py:840} INFO - DAG(s) 'tutorial_objectstorage' retrieved from /home/ubuntu/.local/lib/python3.10/site-packages/airflow/example_dags/tutorial_objectstorage.py
[2024-02-01T14:49:23.221+0100] {logging_mixin.py:188} INFO - [2024-02-01T14:49:23.221+0100] {dag.py:3033} INFO - Sync 1 DAGs
[2024-02-01T14:49:23.551+0100] {logging_mixin.py:188} INFO - [2024-02-01T14:49:23.551+0100] {dag.py:3820} INFO - Setting next_dagrun for tutorial_objectstorage to None, run_after=None
[2024-02-01T14:49:24.853+0100] {processor.py:183} INFO - Processing /home/ubuntu/.local/lib/python3.10/site-packages/airflow/example_dags/tutorial_objectstorage.py took 2.212 seconds
[2024-02-01T14:53:40.260+0100] {processor.py:161} INFO - Started process (PID=10753) to work on /home/ubuntu/.local/lib/python3.10/site-packages/airflow/example_dags/tutorial_objectstorage.py
[2024-02-01T14:53:40.652+0100] {processor.py:830} INFO - Processing file /home/ubuntu/.local/lib/python3.10/site-packages/airflow/example_dags/tutorial_objectstorage.py for tasks to queue
[2024-02-01T14:53:40.664+0100] {logging_mixin.py:188} INFO - [2024-02-01T14:53:40.663+0100] {dagbag.py:538} INFO - Filling up the DagBag from /home/ubuntu/.local/lib/python3.10/site-packages/airflow/example_dags/tutorial_objectstorage.py
[2024-02-01T14:53:40.737+0100] {processor.py:840} INFO - DAG(s) 'tutorial_objectstorage' retrieved from /home/ubuntu/.local/lib/python3.10/site-packages/airflow/example_dags/tutorial_objectstorage.py
[2024-02-01T14:53:40.885+0100] {logging_mixin.py:188} INFO - [2024-02-01T14:53:40.884+0100] {dag.py:3033} INFO - Sync 1 DAGs
[2024-02-01T14:53:41.023+0100] {logging_mixin.py:188} INFO - [2024-02-01T14:53:41.023+0100] {dag.py:3820} INFO - Setting next_dagrun for tutorial_objectstorage to None, run_after=None
[2024-02-01T14:53:41.915+0100] {processor.py:183} INFO - Processing /home/ubuntu/.local/lib/python3.10/site-packages/airflow/example_dags/tutorial_objectstorage.py took 1.664 seconds
[2024-02-01T14:59:15.346+0100] {processor.py:161} INFO - Started process (PID=11599) to work on /home/ubuntu/.local/lib/python3.10/site-packages/airflow/example_dags/tutorial_objectstorage.py
[2024-02-01T14:59:15.497+0100] {processor.py:830} INFO - Processing file /home/ubuntu/.local/lib/python3.10/site-packages/airflow/example_dags/tutorial_objectstorage.py for tasks to queue
[2024-02-01T14:59:15.498+0100] {logging_mixin.py:188} INFO - [2024-02-01T14:59:15.498+0100] {dagbag.py:538} INFO - Filling up the DagBag from /home/ubuntu/.local/lib/python3.10/site-packages/airflow/example_dags/tutorial_objectstorage.py
[2024-02-01T14:59:15.664+0100] {processor.py:840} INFO - DAG(s) 'tutorial_objectstorage' retrieved from /home/ubuntu/.local/lib/python3.10/site-packages/airflow/example_dags/tutorial_objectstorage.py
[2024-02-01T14:59:15.833+0100] {logging_mixin.py:188} INFO - [2024-02-01T14:59:15.830+0100] {dag.py:3033} INFO - Sync 1 DAGs
[2024-02-01T14:59:15.923+0100] {logging_mixin.py:188} INFO - [2024-02-01T14:59:15.922+0100] {dag.py:3820} INFO - Setting next_dagrun for tutorial_objectstorage to None, run_after=None
[2024-02-01T14:59:16.614+0100] {processor.py:183} INFO - Processing /home/ubuntu/.local/lib/python3.10/site-packages/airflow/example_dags/tutorial_objectstorage.py took 1.344 seconds
[2024-02-01T15:03:20.409+0100] {processor.py:161} INFO - Started process (PID=11758) to work on /home/ubuntu/.local/lib/python3.10/site-packages/airflow/example_dags/tutorial_objectstorage.py
[2024-02-01T15:03:20.613+0100] {processor.py:830} INFO - Processing file /home/ubuntu/.local/lib/python3.10/site-packages/airflow/example_dags/tutorial_objectstorage.py for tasks to queue
[2024-02-01T15:03:20.615+0100] {logging_mixin.py:188} INFO - [2024-02-01T15:03:20.614+0100] {dagbag.py:538} INFO - Filling up the DagBag from /home/ubuntu/.local/lib/python3.10/site-packages/airflow/example_dags/tutorial_objectstorage.py
[2024-02-01T15:03:20.682+0100] {processor.py:840} INFO - DAG(s) 'tutorial_objectstorage' retrieved from /home/ubuntu/.local/lib/python3.10/site-packages/airflow/example_dags/tutorial_objectstorage.py
[2024-02-01T15:03:20.842+0100] {logging_mixin.py:188} INFO - [2024-02-01T15:03:20.842+0100] {dag.py:3033} INFO - Sync 1 DAGs
[2024-02-01T15:03:20.949+0100] {logging_mixin.py:188} INFO - [2024-02-01T15:03:20.948+0100] {dag.py:3820} INFO - Setting next_dagrun for tutorial_objectstorage to None, run_after=None
[2024-02-01T15:03:21.699+0100] {processor.py:183} INFO - Processing /home/ubuntu/.local/lib/python3.10/site-packages/airflow/example_dags/tutorial_objectstorage.py took 1.353 seconds
[2024-02-01T16:02:19.037+0100] {processor.py:161} INFO - Started process (PID=8854) to work on /home/ubuntu/.local/lib/python3.10/site-packages/airflow/example_dags/tutorial_objectstorage.py
[2024-02-01T16:02:19.193+0100] {processor.py:830} INFO - Processing file /home/ubuntu/.local/lib/python3.10/site-packages/airflow/example_dags/tutorial_objectstorage.py for tasks to queue
[2024-02-01T16:02:19.226+0100] {logging_mixin.py:188} INFO - [2024-02-01T16:02:19.220+0100] {dagbag.py:538} INFO - Filling up the DagBag from /home/ubuntu/.local/lib/python3.10/site-packages/airflow/example_dags/tutorial_objectstorage.py
[2024-02-01T16:02:19.287+0100] {processor.py:840} INFO - DAG(s) 'tutorial_objectstorage' retrieved from /home/ubuntu/.local/lib/python3.10/site-packages/airflow/example_dags/tutorial_objectstorage.py
[2024-02-01T16:02:21.739+0100] {logging_mixin.py:188} INFO - [2024-02-01T16:02:21.739+0100] {dag.py:3033} INFO - Sync 1 DAGs
[2024-02-01T16:02:21.862+0100] {logging_mixin.py:188} INFO - [2024-02-01T16:02:21.862+0100] {dag.py:3820} INFO - Setting next_dagrun for tutorial_objectstorage to None, run_after=None
[2024-02-01T16:02:23.041+0100] {processor.py:183} INFO - Processing /home/ubuntu/.local/lib/python3.10/site-packages/airflow/example_dags/tutorial_objectstorage.py took 4.012 seconds
