[2024-01-30T23:17:21.379+0100] {processor.py:161} INFO - Started process (PID=6003) to work on /home/ubuntu/.local/lib/python3.10/site-packages/airflow/example_dags/example_branch_python_dop_operator_3.py
[2024-01-30T23:17:21.393+0100] {processor.py:830} INFO - Processing file /home/ubuntu/.local/lib/python3.10/site-packages/airflow/example_dags/example_branch_python_dop_operator_3.py for tasks to queue
[2024-01-30T23:17:21.397+0100] {logging_mixin.py:188} INFO - [2024-01-30T23:17:21.396+0100] {dagbag.py:538} INFO - Filling up the DagBag from /home/ubuntu/.local/lib/python3.10/site-packages/airflow/example_dags/example_branch_python_dop_operator_3.py
[2024-01-30T23:17:21.456+0100] {processor.py:840} INFO - DAG(s) 'example_branch_dop_operator_v3' retrieved from /home/ubuntu/.local/lib/python3.10/site-packages/airflow/example_dags/example_branch_python_dop_operator_3.py
[2024-01-30T23:17:21.783+0100] {logging_mixin.py:188} INFO - [2024-01-30T23:17:21.783+0100] {dag.py:3033} INFO - Sync 1 DAGs
[2024-01-30T23:17:21.843+0100] {logging_mixin.py:188} INFO - [2024-01-30T23:17:21.843+0100] {dag.py:3820} INFO - Setting next_dagrun for example_branch_dop_operator_v3 to 2024-01-30T22:16:00+00:00, run_after=2024-01-30T22:17:00+00:00
[2024-01-30T23:17:21.974+0100] {processor.py:183} INFO - Processing /home/ubuntu/.local/lib/python3.10/site-packages/airflow/example_dags/example_branch_python_dop_operator_3.py took 0.642 seconds
[2024-01-30T23:19:41.726+0100] {processor.py:161} INFO - Started process (PID=7614) to work on /home/ubuntu/.local/lib/python3.10/site-packages/airflow/example_dags/example_branch_python_dop_operator_3.py
[2024-01-30T23:19:41.782+0100] {processor.py:830} INFO - Processing file /home/ubuntu/.local/lib/python3.10/site-packages/airflow/example_dags/example_branch_python_dop_operator_3.py for tasks to queue
[2024-01-30T23:19:41.784+0100] {logging_mixin.py:188} INFO - [2024-01-30T23:19:41.783+0100] {dagbag.py:538} INFO - Filling up the DagBag from /home/ubuntu/.local/lib/python3.10/site-packages/airflow/example_dags/example_branch_python_dop_operator_3.py
[2024-01-30T23:19:41.826+0100] {processor.py:840} INFO - DAG(s) 'example_branch_dop_operator_v3' retrieved from /home/ubuntu/.local/lib/python3.10/site-packages/airflow/example_dags/example_branch_python_dop_operator_3.py
[2024-01-30T23:19:42.248+0100] {logging_mixin.py:188} INFO - [2024-01-30T23:19:42.248+0100] {dag.py:3033} INFO - Sync 1 DAGs
[2024-01-30T23:19:42.786+0100] {logging_mixin.py:188} INFO - [2024-01-30T23:19:42.786+0100] {dag.py:3820} INFO - Setting next_dagrun for example_branch_dop_operator_v3 to 2024-01-30T22:18:00+00:00, run_after=2024-01-30T22:19:00+00:00
[2024-01-30T23:19:43.702+0100] {processor.py:183} INFO - Processing /home/ubuntu/.local/lib/python3.10/site-packages/airflow/example_dags/example_branch_python_dop_operator_3.py took 1.987 seconds
[2024-01-30T23:22:37.909+0100] {processor.py:161} INFO - Started process (PID=7828) to work on /home/ubuntu/.local/lib/python3.10/site-packages/airflow/example_dags/example_branch_python_dop_operator_3.py
[2024-01-30T23:22:37.930+0100] {processor.py:830} INFO - Processing file /home/ubuntu/.local/lib/python3.10/site-packages/airflow/example_dags/example_branch_python_dop_operator_3.py for tasks to queue
[2024-01-30T23:22:37.931+0100] {logging_mixin.py:188} INFO - [2024-01-30T23:22:37.931+0100] {dagbag.py:538} INFO - Filling up the DagBag from /home/ubuntu/.local/lib/python3.10/site-packages/airflow/example_dags/example_branch_python_dop_operator_3.py
[2024-01-30T23:22:37.958+0100] {processor.py:840} INFO - DAG(s) 'example_branch_dop_operator_v3' retrieved from /home/ubuntu/.local/lib/python3.10/site-packages/airflow/example_dags/example_branch_python_dop_operator_3.py
[2024-01-30T23:22:38.015+0100] {logging_mixin.py:188} INFO - [2024-01-30T23:22:38.015+0100] {dag.py:3033} INFO - Sync 1 DAGs
[2024-01-30T23:22:38.124+0100] {logging_mixin.py:188} INFO - [2024-01-30T23:22:38.124+0100] {dag.py:3820} INFO - Setting next_dagrun for example_branch_dop_operator_v3 to 2024-01-30T22:21:00+00:00, run_after=2024-01-30T22:22:00+00:00
[2024-01-30T23:22:38.482+0100] {processor.py:183} INFO - Processing /home/ubuntu/.local/lib/python3.10/site-packages/airflow/example_dags/example_branch_python_dop_operator_3.py took 0.597 seconds
[2024-01-30T23:24:51.716+0100] {processor.py:161} INFO - Started process (PID=7920) to work on /home/ubuntu/.local/lib/python3.10/site-packages/airflow/example_dags/example_branch_python_dop_operator_3.py
[2024-01-30T23:24:51.720+0100] {processor.py:830} INFO - Processing file /home/ubuntu/.local/lib/python3.10/site-packages/airflow/example_dags/example_branch_python_dop_operator_3.py for tasks to queue
[2024-01-30T23:24:51.722+0100] {logging_mixin.py:188} INFO - [2024-01-30T23:24:51.721+0100] {dagbag.py:538} INFO - Filling up the DagBag from /home/ubuntu/.local/lib/python3.10/site-packages/airflow/example_dags/example_branch_python_dop_operator_3.py
[2024-01-30T23:24:51.736+0100] {processor.py:840} INFO - DAG(s) 'example_branch_dop_operator_v3' retrieved from /home/ubuntu/.local/lib/python3.10/site-packages/airflow/example_dags/example_branch_python_dop_operator_3.py
[2024-01-30T23:24:51.758+0100] {logging_mixin.py:188} INFO - [2024-01-30T23:24:51.757+0100] {dag.py:3033} INFO - Sync 1 DAGs
[2024-01-30T23:24:51.785+0100] {logging_mixin.py:188} INFO - [2024-01-30T23:24:51.785+0100] {dag.py:3820} INFO - Setting next_dagrun for example_branch_dop_operator_v3 to 2024-01-30T22:23:00+00:00, run_after=2024-01-30T22:24:00+00:00
[2024-01-30T23:24:51.882+0100] {processor.py:183} INFO - Processing /home/ubuntu/.local/lib/python3.10/site-packages/airflow/example_dags/example_branch_python_dop_operator_3.py took 0.172 seconds
[2024-01-30T23:26:16.615+0100] {processor.py:161} INFO - Started process (PID=7996) to work on /home/ubuntu/.local/lib/python3.10/site-packages/airflow/example_dags/example_branch_python_dop_operator_3.py
[2024-01-30T23:26:16.618+0100] {processor.py:830} INFO - Processing file /home/ubuntu/.local/lib/python3.10/site-packages/airflow/example_dags/example_branch_python_dop_operator_3.py for tasks to queue
[2024-01-30T23:26:16.621+0100] {logging_mixin.py:188} INFO - [2024-01-30T23:26:16.620+0100] {dagbag.py:538} INFO - Filling up the DagBag from /home/ubuntu/.local/lib/python3.10/site-packages/airflow/example_dags/example_branch_python_dop_operator_3.py
[2024-01-30T23:26:16.632+0100] {processor.py:840} INFO - DAG(s) 'example_branch_dop_operator_v3' retrieved from /home/ubuntu/.local/lib/python3.10/site-packages/airflow/example_dags/example_branch_python_dop_operator_3.py
[2024-01-30T23:26:16.658+0100] {logging_mixin.py:188} INFO - [2024-01-30T23:26:16.658+0100] {dag.py:3033} INFO - Sync 1 DAGs
[2024-01-30T23:26:16.686+0100] {logging_mixin.py:188} INFO - [2024-01-30T23:26:16.686+0100] {dag.py:3820} INFO - Setting next_dagrun for example_branch_dop_operator_v3 to 2024-01-30T22:25:00+00:00, run_after=2024-01-30T22:26:00+00:00
[2024-01-30T23:26:16.863+0100] {processor.py:183} INFO - Processing /home/ubuntu/.local/lib/python3.10/site-packages/airflow/example_dags/example_branch_python_dop_operator_3.py took 0.253 seconds
[2024-01-30T23:27:45.805+0100] {processor.py:161} INFO - Started process (PID=8084) to work on /home/ubuntu/.local/lib/python3.10/site-packages/airflow/example_dags/example_branch_python_dop_operator_3.py
[2024-01-30T23:27:45.837+0100] {processor.py:830} INFO - Processing file /home/ubuntu/.local/lib/python3.10/site-packages/airflow/example_dags/example_branch_python_dop_operator_3.py for tasks to queue
[2024-01-30T23:27:45.839+0100] {logging_mixin.py:188} INFO - [2024-01-30T23:27:45.838+0100] {dagbag.py:538} INFO - Filling up the DagBag from /home/ubuntu/.local/lib/python3.10/site-packages/airflow/example_dags/example_branch_python_dop_operator_3.py
[2024-01-30T23:27:45.895+0100] {processor.py:840} INFO - DAG(s) 'example_branch_dop_operator_v3' retrieved from /home/ubuntu/.local/lib/python3.10/site-packages/airflow/example_dags/example_branch_python_dop_operator_3.py
[2024-01-30T23:27:45.994+0100] {logging_mixin.py:188} INFO - [2024-01-30T23:27:45.994+0100] {dag.py:3033} INFO - Sync 1 DAGs
[2024-01-30T23:27:46.091+0100] {logging_mixin.py:188} INFO - [2024-01-30T23:27:46.091+0100] {dag.py:3820} INFO - Setting next_dagrun for example_branch_dop_operator_v3 to 2024-01-30T22:26:00+00:00, run_after=2024-01-30T22:27:00+00:00
[2024-01-30T23:27:46.322+0100] {processor.py:183} INFO - Processing /home/ubuntu/.local/lib/python3.10/site-packages/airflow/example_dags/example_branch_python_dop_operator_3.py took 0.533 seconds
[2024-01-30T23:29:09.588+0100] {processor.py:161} INFO - Started process (PID=8156) to work on /home/ubuntu/.local/lib/python3.10/site-packages/airflow/example_dags/example_branch_python_dop_operator_3.py
[2024-01-30T23:29:09.597+0100] {processor.py:830} INFO - Processing file /home/ubuntu/.local/lib/python3.10/site-packages/airflow/example_dags/example_branch_python_dop_operator_3.py for tasks to queue
[2024-01-30T23:29:09.599+0100] {logging_mixin.py:188} INFO - [2024-01-30T23:29:09.598+0100] {dagbag.py:538} INFO - Filling up the DagBag from /home/ubuntu/.local/lib/python3.10/site-packages/airflow/example_dags/example_branch_python_dop_operator_3.py
[2024-01-30T23:29:09.611+0100] {processor.py:840} INFO - DAG(s) 'example_branch_dop_operator_v3' retrieved from /home/ubuntu/.local/lib/python3.10/site-packages/airflow/example_dags/example_branch_python_dop_operator_3.py
[2024-01-30T23:29:09.649+0100] {logging_mixin.py:188} INFO - [2024-01-30T23:29:09.649+0100] {dag.py:3033} INFO - Sync 1 DAGs
[2024-01-30T23:29:09.686+0100] {logging_mixin.py:188} INFO - [2024-01-30T23:29:09.686+0100] {dag.py:3820} INFO - Setting next_dagrun for example_branch_dop_operator_v3 to 2024-01-30T22:28:00+00:00, run_after=2024-01-30T22:29:00+00:00
[2024-01-30T23:29:09.792+0100] {processor.py:183} INFO - Processing /home/ubuntu/.local/lib/python3.10/site-packages/airflow/example_dags/example_branch_python_dop_operator_3.py took 0.208 seconds
[2024-01-30T23:30:29.074+0100] {processor.py:161} INFO - Started process (PID=8237) to work on /home/ubuntu/.local/lib/python3.10/site-packages/airflow/example_dags/example_branch_python_dop_operator_3.py
[2024-01-30T23:30:29.076+0100] {processor.py:830} INFO - Processing file /home/ubuntu/.local/lib/python3.10/site-packages/airflow/example_dags/example_branch_python_dop_operator_3.py for tasks to queue
[2024-01-30T23:30:29.078+0100] {logging_mixin.py:188} INFO - [2024-01-30T23:30:29.077+0100] {dagbag.py:538} INFO - Filling up the DagBag from /home/ubuntu/.local/lib/python3.10/site-packages/airflow/example_dags/example_branch_python_dop_operator_3.py
[2024-01-30T23:30:29.095+0100] {processor.py:840} INFO - DAG(s) 'example_branch_dop_operator_v3' retrieved from /home/ubuntu/.local/lib/python3.10/site-packages/airflow/example_dags/example_branch_python_dop_operator_3.py
[2024-01-30T23:30:29.119+0100] {logging_mixin.py:188} INFO - [2024-01-30T23:30:29.119+0100] {dag.py:3033} INFO - Sync 1 DAGs
[2024-01-30T23:30:29.149+0100] {logging_mixin.py:188} INFO - [2024-01-30T23:30:29.148+0100] {dag.py:3820} INFO - Setting next_dagrun for example_branch_dop_operator_v3 to 2024-01-30T22:29:00+00:00, run_after=2024-01-30T22:30:00+00:00
[2024-01-30T23:30:29.221+0100] {processor.py:183} INFO - Processing /home/ubuntu/.local/lib/python3.10/site-packages/airflow/example_dags/example_branch_python_dop_operator_3.py took 0.155 seconds
[2024-01-30T23:31:42.684+0100] {processor.py:161} INFO - Started process (PID=8298) to work on /home/ubuntu/.local/lib/python3.10/site-packages/airflow/example_dags/example_branch_python_dop_operator_3.py
[2024-01-30T23:31:42.688+0100] {processor.py:830} INFO - Processing file /home/ubuntu/.local/lib/python3.10/site-packages/airflow/example_dags/example_branch_python_dop_operator_3.py for tasks to queue
[2024-01-30T23:31:42.691+0100] {logging_mixin.py:188} INFO - [2024-01-30T23:31:42.690+0100] {dagbag.py:538} INFO - Filling up the DagBag from /home/ubuntu/.local/lib/python3.10/site-packages/airflow/example_dags/example_branch_python_dop_operator_3.py
[2024-01-30T23:31:42.705+0100] {processor.py:840} INFO - DAG(s) 'example_branch_dop_operator_v3' retrieved from /home/ubuntu/.local/lib/python3.10/site-packages/airflow/example_dags/example_branch_python_dop_operator_3.py
[2024-01-30T23:31:42.747+0100] {logging_mixin.py:188} INFO - [2024-01-30T23:31:42.746+0100] {dag.py:3033} INFO - Sync 1 DAGs
[2024-01-30T23:31:42.808+0100] {logging_mixin.py:188} INFO - [2024-01-30T23:31:42.808+0100] {dag.py:3820} INFO - Setting next_dagrun for example_branch_dop_operator_v3 to 2024-01-30T22:30:00+00:00, run_after=2024-01-30T22:31:00+00:00
[2024-01-30T23:31:42.995+0100] {processor.py:183} INFO - Processing /home/ubuntu/.local/lib/python3.10/site-packages/airflow/example_dags/example_branch_python_dop_operator_3.py took 0.316 seconds
[2024-01-30T23:33:14.215+0100] {processor.py:161} INFO - Started process (PID=8382) to work on /home/ubuntu/.local/lib/python3.10/site-packages/airflow/example_dags/example_branch_python_dop_operator_3.py
[2024-01-30T23:33:14.218+0100] {processor.py:830} INFO - Processing file /home/ubuntu/.local/lib/python3.10/site-packages/airflow/example_dags/example_branch_python_dop_operator_3.py for tasks to queue
[2024-01-30T23:33:14.226+0100] {logging_mixin.py:188} INFO - [2024-01-30T23:33:14.226+0100] {dagbag.py:538} INFO - Filling up the DagBag from /home/ubuntu/.local/lib/python3.10/site-packages/airflow/example_dags/example_branch_python_dop_operator_3.py
[2024-01-30T23:33:14.246+0100] {processor.py:840} INFO - DAG(s) 'example_branch_dop_operator_v3' retrieved from /home/ubuntu/.local/lib/python3.10/site-packages/airflow/example_dags/example_branch_python_dop_operator_3.py
[2024-01-30T23:33:14.273+0100] {logging_mixin.py:188} INFO - [2024-01-30T23:33:14.272+0100] {dag.py:3033} INFO - Sync 1 DAGs
[2024-01-30T23:33:14.301+0100] {logging_mixin.py:188} INFO - [2024-01-30T23:33:14.300+0100] {dag.py:3820} INFO - Setting next_dagrun for example_branch_dop_operator_v3 to 2024-01-30T22:32:00+00:00, run_after=2024-01-30T22:33:00+00:00
[2024-01-30T23:33:14.355+0100] {processor.py:183} INFO - Processing /home/ubuntu/.local/lib/python3.10/site-packages/airflow/example_dags/example_branch_python_dop_operator_3.py took 0.148 seconds
[2024-01-30T23:34:36.323+0100] {processor.py:161} INFO - Started process (PID=8450) to work on /home/ubuntu/.local/lib/python3.10/site-packages/airflow/example_dags/example_branch_python_dop_operator_3.py
[2024-01-30T23:34:36.363+0100] {processor.py:830} INFO - Processing file /home/ubuntu/.local/lib/python3.10/site-packages/airflow/example_dags/example_branch_python_dop_operator_3.py for tasks to queue
[2024-01-30T23:34:36.369+0100] {logging_mixin.py:188} INFO - [2024-01-30T23:34:36.369+0100] {dagbag.py:538} INFO - Filling up the DagBag from /home/ubuntu/.local/lib/python3.10/site-packages/airflow/example_dags/example_branch_python_dop_operator_3.py
[2024-01-30T23:34:36.442+0100] {processor.py:840} INFO - DAG(s) 'example_branch_dop_operator_v3' retrieved from /home/ubuntu/.local/lib/python3.10/site-packages/airflow/example_dags/example_branch_python_dop_operator_3.py
[2024-01-30T23:34:36.605+0100] {logging_mixin.py:188} INFO - [2024-01-30T23:34:36.605+0100] {dag.py:3033} INFO - Sync 1 DAGs
[2024-01-30T23:34:36.677+0100] {logging_mixin.py:188} INFO - [2024-01-30T23:34:36.677+0100] {dag.py:3820} INFO - Setting next_dagrun for example_branch_dop_operator_v3 to 2024-01-30T22:33:00+00:00, run_after=2024-01-30T22:34:00+00:00
[2024-01-30T23:34:36.934+0100] {processor.py:183} INFO - Processing /home/ubuntu/.local/lib/python3.10/site-packages/airflow/example_dags/example_branch_python_dop_operator_3.py took 0.633 seconds
[2024-01-30T23:36:07.299+0100] {processor.py:161} INFO - Started process (PID=8528) to work on /home/ubuntu/.local/lib/python3.10/site-packages/airflow/example_dags/example_branch_python_dop_operator_3.py
[2024-01-30T23:36:07.334+0100] {processor.py:830} INFO - Processing file /home/ubuntu/.local/lib/python3.10/site-packages/airflow/example_dags/example_branch_python_dop_operator_3.py for tasks to queue
[2024-01-30T23:36:07.335+0100] {logging_mixin.py:188} INFO - [2024-01-30T23:36:07.334+0100] {dagbag.py:538} INFO - Filling up the DagBag from /home/ubuntu/.local/lib/python3.10/site-packages/airflow/example_dags/example_branch_python_dop_operator_3.py
[2024-01-30T23:36:07.367+0100] {processor.py:840} INFO - DAG(s) 'example_branch_dop_operator_v3' retrieved from /home/ubuntu/.local/lib/python3.10/site-packages/airflow/example_dags/example_branch_python_dop_operator_3.py
[2024-01-30T23:36:07.421+0100] {logging_mixin.py:188} INFO - [2024-01-30T23:36:07.421+0100] {dag.py:3033} INFO - Sync 1 DAGs
[2024-01-30T23:36:07.499+0100] {logging_mixin.py:188} INFO - [2024-01-30T23:36:07.499+0100] {dag.py:3820} INFO - Setting next_dagrun for example_branch_dop_operator_v3 to 2024-01-30T22:35:00+00:00, run_after=2024-01-30T22:36:00+00:00
[2024-01-30T23:36:07.865+0100] {processor.py:183} INFO - Processing /home/ubuntu/.local/lib/python3.10/site-packages/airflow/example_dags/example_branch_python_dop_operator_3.py took 0.587 seconds
[2024-01-30T23:37:44.302+0100] {processor.py:161} INFO - Started process (PID=8609) to work on /home/ubuntu/.local/lib/python3.10/site-packages/airflow/example_dags/example_branch_python_dop_operator_3.py
[2024-01-30T23:37:44.334+0100] {processor.py:830} INFO - Processing file /home/ubuntu/.local/lib/python3.10/site-packages/airflow/example_dags/example_branch_python_dop_operator_3.py for tasks to queue
[2024-01-30T23:37:44.346+0100] {logging_mixin.py:188} INFO - [2024-01-30T23:37:44.345+0100] {dagbag.py:538} INFO - Filling up the DagBag from /home/ubuntu/.local/lib/python3.10/site-packages/airflow/example_dags/example_branch_python_dop_operator_3.py
[2024-01-30T23:37:44.403+0100] {processor.py:840} INFO - DAG(s) 'example_branch_dop_operator_v3' retrieved from /home/ubuntu/.local/lib/python3.10/site-packages/airflow/example_dags/example_branch_python_dop_operator_3.py
[2024-01-30T23:37:44.516+0100] {logging_mixin.py:188} INFO - [2024-01-30T23:37:44.511+0100] {dag.py:3033} INFO - Sync 1 DAGs
[2024-01-30T23:37:44.584+0100] {logging_mixin.py:188} INFO - [2024-01-30T23:37:44.584+0100] {dag.py:3820} INFO - Setting next_dagrun for example_branch_dop_operator_v3 to 2024-01-30T22:36:00+00:00, run_after=2024-01-30T22:37:00+00:00
[2024-01-30T23:37:44.766+0100] {processor.py:183} INFO - Processing /home/ubuntu/.local/lib/python3.10/site-packages/airflow/example_dags/example_branch_python_dop_operator_3.py took 0.502 seconds
[2024-01-30T23:39:05.842+0100] {processor.py:161} INFO - Started process (PID=8677) to work on /home/ubuntu/.local/lib/python3.10/site-packages/airflow/example_dags/example_branch_python_dop_operator_3.py
[2024-01-30T23:39:05.850+0100] {processor.py:830} INFO - Processing file /home/ubuntu/.local/lib/python3.10/site-packages/airflow/example_dags/example_branch_python_dop_operator_3.py for tasks to queue
[2024-01-30T23:39:05.853+0100] {logging_mixin.py:188} INFO - [2024-01-30T23:39:05.852+0100] {dagbag.py:538} INFO - Filling up the DagBag from /home/ubuntu/.local/lib/python3.10/site-packages/airflow/example_dags/example_branch_python_dop_operator_3.py
[2024-01-30T23:39:05.881+0100] {processor.py:840} INFO - DAG(s) 'example_branch_dop_operator_v3' retrieved from /home/ubuntu/.local/lib/python3.10/site-packages/airflow/example_dags/example_branch_python_dop_operator_3.py
[2024-01-30T23:39:05.913+0100] {logging_mixin.py:188} INFO - [2024-01-30T23:39:05.913+0100] {dag.py:3033} INFO - Sync 1 DAGs
[2024-01-30T23:39:06.004+0100] {logging_mixin.py:188} INFO - [2024-01-30T23:39:06.003+0100] {dag.py:3820} INFO - Setting next_dagrun for example_branch_dop_operator_v3 to 2024-01-30T22:38:00+00:00, run_after=2024-01-30T22:39:00+00:00
[2024-01-30T23:39:06.353+0100] {processor.py:183} INFO - Processing /home/ubuntu/.local/lib/python3.10/site-packages/airflow/example_dags/example_branch_python_dop_operator_3.py took 0.517 seconds
[2024-01-30T23:40:25.076+0100] {processor.py:161} INFO - Started process (PID=8741) to work on /home/ubuntu/.local/lib/python3.10/site-packages/airflow/example_dags/example_branch_python_dop_operator_3.py
[2024-01-30T23:40:25.094+0100] {processor.py:830} INFO - Processing file /home/ubuntu/.local/lib/python3.10/site-packages/airflow/example_dags/example_branch_python_dop_operator_3.py for tasks to queue
[2024-01-30T23:40:25.100+0100] {logging_mixin.py:188} INFO - [2024-01-30T23:40:25.095+0100] {dagbag.py:538} INFO - Filling up the DagBag from /home/ubuntu/.local/lib/python3.10/site-packages/airflow/example_dags/example_branch_python_dop_operator_3.py
[2024-01-30T23:40:25.131+0100] {processor.py:840} INFO - DAG(s) 'example_branch_dop_operator_v3' retrieved from /home/ubuntu/.local/lib/python3.10/site-packages/airflow/example_dags/example_branch_python_dop_operator_3.py
[2024-01-30T23:40:25.231+0100] {logging_mixin.py:188} INFO - [2024-01-30T23:40:25.231+0100] {dag.py:3033} INFO - Sync 1 DAGs
[2024-01-30T23:40:25.260+0100] {logging_mixin.py:188} INFO - [2024-01-30T23:40:25.260+0100] {dag.py:3820} INFO - Setting next_dagrun for example_branch_dop_operator_v3 to 2024-01-30T22:39:00+00:00, run_after=2024-01-30T22:40:00+00:00
[2024-01-30T23:40:25.456+0100] {processor.py:183} INFO - Processing /home/ubuntu/.local/lib/python3.10/site-packages/airflow/example_dags/example_branch_python_dop_operator_3.py took 0.406 seconds
[2024-01-30T23:41:31.244+0100] {processor.py:161} INFO - Started process (PID=8802) to work on /home/ubuntu/.local/lib/python3.10/site-packages/airflow/example_dags/example_branch_python_dop_operator_3.py
[2024-01-30T23:41:31.247+0100] {processor.py:830} INFO - Processing file /home/ubuntu/.local/lib/python3.10/site-packages/airflow/example_dags/example_branch_python_dop_operator_3.py for tasks to queue
[2024-01-30T23:41:31.274+0100] {logging_mixin.py:188} INFO - [2024-01-30T23:41:31.274+0100] {dagbag.py:538} INFO - Filling up the DagBag from /home/ubuntu/.local/lib/python3.10/site-packages/airflow/example_dags/example_branch_python_dop_operator_3.py
[2024-01-30T23:41:31.306+0100] {processor.py:840} INFO - DAG(s) 'example_branch_dop_operator_v3' retrieved from /home/ubuntu/.local/lib/python3.10/site-packages/airflow/example_dags/example_branch_python_dop_operator_3.py
[2024-01-30T23:41:31.374+0100] {logging_mixin.py:188} INFO - [2024-01-30T23:41:31.374+0100] {dag.py:3033} INFO - Sync 1 DAGs
[2024-01-30T23:41:31.439+0100] {logging_mixin.py:188} INFO - [2024-01-30T23:41:31.439+0100] {dag.py:3820} INFO - Setting next_dagrun for example_branch_dop_operator_v3 to 2024-01-30T22:40:00+00:00, run_after=2024-01-30T22:41:00+00:00
[2024-01-30T23:41:31.613+0100] {processor.py:183} INFO - Processing /home/ubuntu/.local/lib/python3.10/site-packages/airflow/example_dags/example_branch_python_dop_operator_3.py took 0.373 seconds
[2024-01-30T23:42:45.137+0100] {processor.py:161} INFO - Started process (PID=8869) to work on /home/ubuntu/.local/lib/python3.10/site-packages/airflow/example_dags/example_branch_python_dop_operator_3.py
[2024-01-30T23:42:45.180+0100] {processor.py:830} INFO - Processing file /home/ubuntu/.local/lib/python3.10/site-packages/airflow/example_dags/example_branch_python_dop_operator_3.py for tasks to queue
[2024-01-30T23:42:45.182+0100] {logging_mixin.py:188} INFO - [2024-01-30T23:42:45.181+0100] {dagbag.py:538} INFO - Filling up the DagBag from /home/ubuntu/.local/lib/python3.10/site-packages/airflow/example_dags/example_branch_python_dop_operator_3.py
[2024-01-30T23:42:45.217+0100] {processor.py:840} INFO - DAG(s) 'example_branch_dop_operator_v3' retrieved from /home/ubuntu/.local/lib/python3.10/site-packages/airflow/example_dags/example_branch_python_dop_operator_3.py
[2024-01-30T23:42:45.277+0100] {logging_mixin.py:188} INFO - [2024-01-30T23:42:45.276+0100] {dag.py:3033} INFO - Sync 1 DAGs
[2024-01-30T23:42:45.383+0100] {logging_mixin.py:188} INFO - [2024-01-30T23:42:45.383+0100] {dag.py:3820} INFO - Setting next_dagrun for example_branch_dop_operator_v3 to 2024-01-30T22:41:00+00:00, run_after=2024-01-30T22:42:00+00:00
[2024-01-30T23:42:45.462+0100] {processor.py:183} INFO - Processing /home/ubuntu/.local/lib/python3.10/site-packages/airflow/example_dags/example_branch_python_dop_operator_3.py took 0.346 seconds
[2024-01-30T23:43:52.994+0100] {processor.py:161} INFO - Started process (PID=8931) to work on /home/ubuntu/.local/lib/python3.10/site-packages/airflow/example_dags/example_branch_python_dop_operator_3.py
[2024-01-30T23:43:52.997+0100] {processor.py:830} INFO - Processing file /home/ubuntu/.local/lib/python3.10/site-packages/airflow/example_dags/example_branch_python_dop_operator_3.py for tasks to queue
[2024-01-30T23:43:52.999+0100] {logging_mixin.py:188} INFO - [2024-01-30T23:43:52.998+0100] {dagbag.py:538} INFO - Filling up the DagBag from /home/ubuntu/.local/lib/python3.10/site-packages/airflow/example_dags/example_branch_python_dop_operator_3.py
[2024-01-30T23:43:53.022+0100] {processor.py:840} INFO - DAG(s) 'example_branch_dop_operator_v3' retrieved from /home/ubuntu/.local/lib/python3.10/site-packages/airflow/example_dags/example_branch_python_dop_operator_3.py
[2024-01-30T23:43:53.087+0100] {logging_mixin.py:188} INFO - [2024-01-30T23:43:53.087+0100] {dag.py:3033} INFO - Sync 1 DAGs
[2024-01-30T23:43:53.157+0100] {logging_mixin.py:188} INFO - [2024-01-30T23:43:53.156+0100] {dag.py:3820} INFO - Setting next_dagrun for example_branch_dop_operator_v3 to 2024-01-30T22:42:00+00:00, run_after=2024-01-30T22:43:00+00:00
[2024-01-30T23:43:53.377+0100] {processor.py:183} INFO - Processing /home/ubuntu/.local/lib/python3.10/site-packages/airflow/example_dags/example_branch_python_dop_operator_3.py took 0.390 seconds
[2024-01-30T23:44:59.846+0100] {processor.py:161} INFO - Started process (PID=8993) to work on /home/ubuntu/.local/lib/python3.10/site-packages/airflow/example_dags/example_branch_python_dop_operator_3.py
[2024-01-30T23:44:59.849+0100] {processor.py:830} INFO - Processing file /home/ubuntu/.local/lib/python3.10/site-packages/airflow/example_dags/example_branch_python_dop_operator_3.py for tasks to queue
[2024-01-30T23:44:59.851+0100] {logging_mixin.py:188} INFO - [2024-01-30T23:44:59.850+0100] {dagbag.py:538} INFO - Filling up the DagBag from /home/ubuntu/.local/lib/python3.10/site-packages/airflow/example_dags/example_branch_python_dop_operator_3.py
[2024-01-30T23:44:59.866+0100] {processor.py:840} INFO - DAG(s) 'example_branch_dop_operator_v3' retrieved from /home/ubuntu/.local/lib/python3.10/site-packages/airflow/example_dags/example_branch_python_dop_operator_3.py
[2024-01-30T23:44:59.899+0100] {logging_mixin.py:188} INFO - [2024-01-30T23:44:59.899+0100] {dag.py:3033} INFO - Sync 1 DAGs
[2024-01-30T23:44:59.945+0100] {logging_mixin.py:188} INFO - [2024-01-30T23:44:59.945+0100] {dag.py:3820} INFO - Setting next_dagrun for example_branch_dop_operator_v3 to 2024-01-30T22:43:00+00:00, run_after=2024-01-30T22:44:00+00:00
[2024-01-30T23:45:00.064+0100] {processor.py:183} INFO - Processing /home/ubuntu/.local/lib/python3.10/site-packages/airflow/example_dags/example_branch_python_dop_operator_3.py took 0.223 seconds
[2024-01-30T23:46:09.528+0100] {processor.py:161} INFO - Started process (PID=9071) to work on /home/ubuntu/.local/lib/python3.10/site-packages/airflow/example_dags/example_branch_python_dop_operator_3.py
[2024-01-30T23:46:09.532+0100] {processor.py:830} INFO - Processing file /home/ubuntu/.local/lib/python3.10/site-packages/airflow/example_dags/example_branch_python_dop_operator_3.py for tasks to queue
[2024-01-30T23:46:09.540+0100] {logging_mixin.py:188} INFO - [2024-01-30T23:46:09.539+0100] {dagbag.py:538} INFO - Filling up the DagBag from /home/ubuntu/.local/lib/python3.10/site-packages/airflow/example_dags/example_branch_python_dop_operator_3.py
[2024-01-30T23:46:09.577+0100] {processor.py:840} INFO - DAG(s) 'example_branch_dop_operator_v3' retrieved from /home/ubuntu/.local/lib/python3.10/site-packages/airflow/example_dags/example_branch_python_dop_operator_3.py
[2024-01-30T23:46:09.607+0100] {logging_mixin.py:188} INFO - [2024-01-30T23:46:09.606+0100] {dag.py:3033} INFO - Sync 1 DAGs
[2024-01-30T23:46:09.687+0100] {logging_mixin.py:188} INFO - [2024-01-30T23:46:09.687+0100] {dag.py:3820} INFO - Setting next_dagrun for example_branch_dop_operator_v3 to 2024-01-30T22:45:00+00:00, run_after=2024-01-30T22:46:00+00:00
[2024-01-30T23:46:09.758+0100] {processor.py:183} INFO - Processing /home/ubuntu/.local/lib/python3.10/site-packages/airflow/example_dags/example_branch_python_dop_operator_3.py took 0.234 seconds
[2024-01-30T23:47:14.976+0100] {processor.py:161} INFO - Started process (PID=9134) to work on /home/ubuntu/.local/lib/python3.10/site-packages/airflow/example_dags/example_branch_python_dop_operator_3.py
[2024-01-30T23:47:14.980+0100] {processor.py:830} INFO - Processing file /home/ubuntu/.local/lib/python3.10/site-packages/airflow/example_dags/example_branch_python_dop_operator_3.py for tasks to queue
[2024-01-30T23:47:14.982+0100] {logging_mixin.py:188} INFO - [2024-01-30T23:47:14.981+0100] {dagbag.py:538} INFO - Filling up the DagBag from /home/ubuntu/.local/lib/python3.10/site-packages/airflow/example_dags/example_branch_python_dop_operator_3.py
[2024-01-30T23:47:15.013+0100] {processor.py:840} INFO - DAG(s) 'example_branch_dop_operator_v3' retrieved from /home/ubuntu/.local/lib/python3.10/site-packages/airflow/example_dags/example_branch_python_dop_operator_3.py
[2024-01-30T23:47:15.036+0100] {logging_mixin.py:188} INFO - [2024-01-30T23:47:15.036+0100] {dag.py:3033} INFO - Sync 1 DAGs
[2024-01-30T23:47:15.062+0100] {logging_mixin.py:188} INFO - [2024-01-30T23:47:15.062+0100] {dag.py:3820} INFO - Setting next_dagrun for example_branch_dop_operator_v3 to 2024-01-30T22:46:00+00:00, run_after=2024-01-30T22:47:00+00:00
[2024-01-30T23:47:15.214+0100] {processor.py:183} INFO - Processing /home/ubuntu/.local/lib/python3.10/site-packages/airflow/example_dags/example_branch_python_dop_operator_3.py took 0.244 seconds
[2024-01-30T23:48:21.365+0100] {processor.py:161} INFO - Started process (PID=9198) to work on /home/ubuntu/.local/lib/python3.10/site-packages/airflow/example_dags/example_branch_python_dop_operator_3.py
[2024-01-30T23:48:21.368+0100] {processor.py:830} INFO - Processing file /home/ubuntu/.local/lib/python3.10/site-packages/airflow/example_dags/example_branch_python_dop_operator_3.py for tasks to queue
[2024-01-30T23:48:21.373+0100] {logging_mixin.py:188} INFO - [2024-01-30T23:48:21.369+0100] {dagbag.py:538} INFO - Filling up the DagBag from /home/ubuntu/.local/lib/python3.10/site-packages/airflow/example_dags/example_branch_python_dop_operator_3.py
[2024-01-30T23:48:21.426+0100] {processor.py:840} INFO - DAG(s) 'example_branch_dop_operator_v3' retrieved from /home/ubuntu/.local/lib/python3.10/site-packages/airflow/example_dags/example_branch_python_dop_operator_3.py
[2024-01-30T23:48:21.469+0100] {logging_mixin.py:188} INFO - [2024-01-30T23:48:21.468+0100] {dag.py:3033} INFO - Sync 1 DAGs
[2024-01-30T23:48:21.497+0100] {logging_mixin.py:188} INFO - [2024-01-30T23:48:21.497+0100] {dag.py:3820} INFO - Setting next_dagrun for example_branch_dop_operator_v3 to 2024-01-30T22:47:00+00:00, run_after=2024-01-30T22:48:00+00:00
[2024-01-30T23:48:21.620+0100] {processor.py:183} INFO - Processing /home/ubuntu/.local/lib/python3.10/site-packages/airflow/example_dags/example_branch_python_dop_operator_3.py took 0.263 seconds
[2024-01-30T23:49:25.396+0100] {processor.py:161} INFO - Started process (PID=9257) to work on /home/ubuntu/.local/lib/python3.10/site-packages/airflow/example_dags/example_branch_python_dop_operator_3.py
[2024-01-30T23:49:25.417+0100] {processor.py:830} INFO - Processing file /home/ubuntu/.local/lib/python3.10/site-packages/airflow/example_dags/example_branch_python_dop_operator_3.py for tasks to queue
[2024-01-30T23:49:25.436+0100] {logging_mixin.py:188} INFO - [2024-01-30T23:49:25.433+0100] {dagbag.py:538} INFO - Filling up the DagBag from /home/ubuntu/.local/lib/python3.10/site-packages/airflow/example_dags/example_branch_python_dop_operator_3.py
[2024-01-30T23:49:25.490+0100] {processor.py:840} INFO - DAG(s) 'example_branch_dop_operator_v3' retrieved from /home/ubuntu/.local/lib/python3.10/site-packages/airflow/example_dags/example_branch_python_dop_operator_3.py
[2024-01-30T23:49:25.511+0100] {logging_mixin.py:188} INFO - [2024-01-30T23:49:25.511+0100] {dag.py:3033} INFO - Sync 1 DAGs
[2024-01-30T23:49:25.542+0100] {logging_mixin.py:188} INFO - [2024-01-30T23:49:25.542+0100] {dag.py:3820} INFO - Setting next_dagrun for example_branch_dop_operator_v3 to 2024-01-30T22:48:00+00:00, run_after=2024-01-30T22:49:00+00:00
[2024-01-30T23:49:25.798+0100] {processor.py:183} INFO - Processing /home/ubuntu/.local/lib/python3.10/site-packages/airflow/example_dags/example_branch_python_dop_operator_3.py took 0.406 seconds
[2024-01-30T23:50:30.414+0100] {processor.py:161} INFO - Started process (PID=9319) to work on /home/ubuntu/.local/lib/python3.10/site-packages/airflow/example_dags/example_branch_python_dop_operator_3.py
[2024-01-30T23:50:30.418+0100] {processor.py:830} INFO - Processing file /home/ubuntu/.local/lib/python3.10/site-packages/airflow/example_dags/example_branch_python_dop_operator_3.py for tasks to queue
[2024-01-30T23:50:30.436+0100] {logging_mixin.py:188} INFO - [2024-01-30T23:50:30.420+0100] {dagbag.py:538} INFO - Filling up the DagBag from /home/ubuntu/.local/lib/python3.10/site-packages/airflow/example_dags/example_branch_python_dop_operator_3.py
[2024-01-30T23:50:30.456+0100] {processor.py:840} INFO - DAG(s) 'example_branch_dop_operator_v3' retrieved from /home/ubuntu/.local/lib/python3.10/site-packages/airflow/example_dags/example_branch_python_dop_operator_3.py
[2024-01-30T23:50:30.478+0100] {logging_mixin.py:188} INFO - [2024-01-30T23:50:30.478+0100] {dag.py:3033} INFO - Sync 1 DAGs
[2024-01-30T23:50:30.518+0100] {logging_mixin.py:188} INFO - [2024-01-30T23:50:30.517+0100] {dag.py:3820} INFO - Setting next_dagrun for example_branch_dop_operator_v3 to 2024-01-30T22:49:00+00:00, run_after=2024-01-30T22:50:00+00:00
[2024-01-30T23:50:30.701+0100] {processor.py:183} INFO - Processing /home/ubuntu/.local/lib/python3.10/site-packages/airflow/example_dags/example_branch_python_dop_operator_3.py took 0.294 seconds
[2024-01-30T23:51:34.154+0100] {processor.py:161} INFO - Started process (PID=9379) to work on /home/ubuntu/.local/lib/python3.10/site-packages/airflow/example_dags/example_branch_python_dop_operator_3.py
[2024-01-30T23:51:34.157+0100] {processor.py:830} INFO - Processing file /home/ubuntu/.local/lib/python3.10/site-packages/airflow/example_dags/example_branch_python_dop_operator_3.py for tasks to queue
[2024-01-30T23:51:34.158+0100] {logging_mixin.py:188} INFO - [2024-01-30T23:51:34.158+0100] {dagbag.py:538} INFO - Filling up the DagBag from /home/ubuntu/.local/lib/python3.10/site-packages/airflow/example_dags/example_branch_python_dop_operator_3.py
[2024-01-30T23:51:34.218+0100] {processor.py:840} INFO - DAG(s) 'example_branch_dop_operator_v3' retrieved from /home/ubuntu/.local/lib/python3.10/site-packages/airflow/example_dags/example_branch_python_dop_operator_3.py
[2024-01-30T23:51:34.240+0100] {logging_mixin.py:188} INFO - [2024-01-30T23:51:34.240+0100] {dag.py:3033} INFO - Sync 1 DAGs
[2024-01-30T23:51:34.271+0100] {logging_mixin.py:188} INFO - [2024-01-30T23:51:34.271+0100] {dag.py:3820} INFO - Setting next_dagrun for example_branch_dop_operator_v3 to 2024-01-30T22:50:00+00:00, run_after=2024-01-30T22:51:00+00:00
[2024-01-30T23:51:34.338+0100] {processor.py:183} INFO - Processing /home/ubuntu/.local/lib/python3.10/site-packages/airflow/example_dags/example_branch_python_dop_operator_3.py took 0.189 seconds
[2024-01-30T23:53:32.467+0100] {processor.py:161} INFO - Started process (PID=9539) to work on /home/ubuntu/.local/lib/python3.10/site-packages/airflow/example_dags/example_branch_python_dop_operator_3.py
[2024-01-30T23:53:32.471+0100] {processor.py:830} INFO - Processing file /home/ubuntu/.local/lib/python3.10/site-packages/airflow/example_dags/example_branch_python_dop_operator_3.py for tasks to queue
[2024-01-30T23:53:32.494+0100] {logging_mixin.py:188} INFO - [2024-01-30T23:53:32.494+0100] {dagbag.py:538} INFO - Filling up the DagBag from /home/ubuntu/.local/lib/python3.10/site-packages/airflow/example_dags/example_branch_python_dop_operator_3.py
[2024-01-30T23:53:32.529+0100] {processor.py:840} INFO - DAG(s) 'example_branch_dop_operator_v3' retrieved from /home/ubuntu/.local/lib/python3.10/site-packages/airflow/example_dags/example_branch_python_dop_operator_3.py
[2024-01-30T23:53:32.590+0100] {logging_mixin.py:188} INFO - [2024-01-30T23:53:32.590+0100] {dag.py:3033} INFO - Sync 1 DAGs
[2024-01-30T23:53:32.676+0100] {logging_mixin.py:188} INFO - [2024-01-30T23:53:32.676+0100] {dag.py:3820} INFO - Setting next_dagrun for example_branch_dop_operator_v3 to 2024-01-30T22:52:00+00:00, run_after=2024-01-30T22:53:00+00:00
[2024-01-30T23:53:32.841+0100] {processor.py:183} INFO - Processing /home/ubuntu/.local/lib/python3.10/site-packages/airflow/example_dags/example_branch_python_dop_operator_3.py took 0.379 seconds
[2024-01-30T23:55:35.762+0100] {processor.py:161} INFO - Started process (PID=9625) to work on /home/ubuntu/.local/lib/python3.10/site-packages/airflow/example_dags/example_branch_python_dop_operator_3.py
[2024-01-30T23:55:35.800+0100] {processor.py:830} INFO - Processing file /home/ubuntu/.local/lib/python3.10/site-packages/airflow/example_dags/example_branch_python_dop_operator_3.py for tasks to queue
[2024-01-30T23:55:35.802+0100] {logging_mixin.py:188} INFO - [2024-01-30T23:55:35.801+0100] {dagbag.py:538} INFO - Filling up the DagBag from /home/ubuntu/.local/lib/python3.10/site-packages/airflow/example_dags/example_branch_python_dop_operator_3.py
[2024-01-30T23:55:35.848+0100] {processor.py:840} INFO - DAG(s) 'example_branch_dop_operator_v3' retrieved from /home/ubuntu/.local/lib/python3.10/site-packages/airflow/example_dags/example_branch_python_dop_operator_3.py
[2024-01-30T23:55:35.936+0100] {logging_mixin.py:188} INFO - [2024-01-30T23:55:35.935+0100] {dag.py:3033} INFO - Sync 1 DAGs
[2024-01-30T23:55:36.003+0100] {logging_mixin.py:188} INFO - [2024-01-30T23:55:35.998+0100] {dag.py:3820} INFO - Setting next_dagrun for example_branch_dop_operator_v3 to 2024-01-30T22:54:00+00:00, run_after=2024-01-30T22:55:00+00:00
[2024-01-30T23:55:36.402+0100] {processor.py:183} INFO - Processing /home/ubuntu/.local/lib/python3.10/site-packages/airflow/example_dags/example_branch_python_dop_operator_3.py took 0.651 seconds
[2024-01-30T23:57:51.186+0100] {processor.py:161} INFO - Started process (PID=9722) to work on /home/ubuntu/.local/lib/python3.10/site-packages/airflow/example_dags/example_branch_python_dop_operator_3.py
[2024-01-30T23:57:51.223+0100] {processor.py:830} INFO - Processing file /home/ubuntu/.local/lib/python3.10/site-packages/airflow/example_dags/example_branch_python_dop_operator_3.py for tasks to queue
[2024-01-30T23:57:51.232+0100] {logging_mixin.py:188} INFO - [2024-01-30T23:57:51.231+0100] {dagbag.py:538} INFO - Filling up the DagBag from /home/ubuntu/.local/lib/python3.10/site-packages/airflow/example_dags/example_branch_python_dop_operator_3.py
[2024-01-30T23:57:51.410+0100] {processor.py:840} INFO - DAG(s) 'example_branch_dop_operator_v3' retrieved from /home/ubuntu/.local/lib/python3.10/site-packages/airflow/example_dags/example_branch_python_dop_operator_3.py
[2024-01-30T23:57:51.496+0100] {logging_mixin.py:188} INFO - [2024-01-30T23:57:51.496+0100] {dag.py:3033} INFO - Sync 1 DAGs
[2024-01-30T23:57:51.593+0100] {logging_mixin.py:188} INFO - [2024-01-30T23:57:51.593+0100] {dag.py:3820} INFO - Setting next_dagrun for example_branch_dop_operator_v3 to 2024-01-30T22:56:00+00:00, run_after=2024-01-30T22:57:00+00:00
[2024-01-30T23:57:51.937+0100] {processor.py:183} INFO - Processing /home/ubuntu/.local/lib/python3.10/site-packages/airflow/example_dags/example_branch_python_dop_operator_3.py took 0.763 seconds
[2024-01-30T23:59:09.829+0100] {processor.py:161} INFO - Started process (PID=9771) to work on /home/ubuntu/.local/lib/python3.10/site-packages/airflow/example_dags/example_branch_python_dop_operator_3.py
[2024-01-30T23:59:09.850+0100] {processor.py:830} INFO - Processing file /home/ubuntu/.local/lib/python3.10/site-packages/airflow/example_dags/example_branch_python_dop_operator_3.py for tasks to queue
[2024-01-30T23:59:09.852+0100] {logging_mixin.py:188} INFO - [2024-01-30T23:59:09.851+0100] {dagbag.py:538} INFO - Filling up the DagBag from /home/ubuntu/.local/lib/python3.10/site-packages/airflow/example_dags/example_branch_python_dop_operator_3.py
[2024-01-30T23:59:09.917+0100] {processor.py:840} INFO - DAG(s) 'example_branch_dop_operator_v3' retrieved from /home/ubuntu/.local/lib/python3.10/site-packages/airflow/example_dags/example_branch_python_dop_operator_3.py
[2024-01-30T23:59:10.323+0100] {logging_mixin.py:188} INFO - [2024-01-30T23:59:10.323+0100] {dag.py:3033} INFO - Sync 1 DAGs
[2024-01-30T23:59:10.436+0100] {logging_mixin.py:188} INFO - [2024-01-30T23:59:10.436+0100] {dag.py:3820} INFO - Setting next_dagrun for example_branch_dop_operator_v3 to 2024-01-30T22:58:00+00:00, run_after=2024-01-30T22:59:00+00:00
[2024-01-30T23:59:10.819+0100] {processor.py:183} INFO - Processing /home/ubuntu/.local/lib/python3.10/site-packages/airflow/example_dags/example_branch_python_dop_operator_3.py took 1.005 seconds
[2024-01-31T00:01:39.989+0100] {processor.py:161} INFO - Started process (PID=9903) to work on /home/ubuntu/.local/lib/python3.10/site-packages/airflow/example_dags/example_branch_python_dop_operator_3.py
[2024-01-31T00:01:40.027+0100] {processor.py:830} INFO - Processing file /home/ubuntu/.local/lib/python3.10/site-packages/airflow/example_dags/example_branch_python_dop_operator_3.py for tasks to queue
[2024-01-31T00:01:40.028+0100] {logging_mixin.py:188} INFO - [2024-01-31T00:01:40.028+0100] {dagbag.py:538} INFO - Filling up the DagBag from /home/ubuntu/.local/lib/python3.10/site-packages/airflow/example_dags/example_branch_python_dop_operator_3.py
[2024-01-31T00:01:40.083+0100] {processor.py:840} INFO - DAG(s) 'example_branch_dop_operator_v3' retrieved from /home/ubuntu/.local/lib/python3.10/site-packages/airflow/example_dags/example_branch_python_dop_operator_3.py
[2024-01-31T00:01:40.159+0100] {logging_mixin.py:188} INFO - [2024-01-31T00:01:40.159+0100] {dag.py:3033} INFO - Sync 1 DAGs
[2024-01-31T00:01:40.352+0100] {logging_mixin.py:188} INFO - [2024-01-31T00:01:40.347+0100] {dag.py:3820} INFO - Setting next_dagrun for example_branch_dop_operator_v3 to 2024-01-30T23:00:00+00:00, run_after=2024-01-30T23:01:00+00:00
[2024-01-31T00:01:40.667+0100] {processor.py:183} INFO - Processing /home/ubuntu/.local/lib/python3.10/site-packages/airflow/example_dags/example_branch_python_dop_operator_3.py took 0.693 seconds
[2024-01-31T00:03:37.546+0100] {processor.py:161} INFO - Started process (PID=10003) to work on /home/ubuntu/.local/lib/python3.10/site-packages/airflow/example_dags/example_branch_python_dop_operator_3.py
[2024-01-31T00:03:37.576+0100] {processor.py:830} INFO - Processing file /home/ubuntu/.local/lib/python3.10/site-packages/airflow/example_dags/example_branch_python_dop_operator_3.py for tasks to queue
[2024-01-31T00:03:37.586+0100] {logging_mixin.py:188} INFO - [2024-01-31T00:03:37.585+0100] {dagbag.py:538} INFO - Filling up the DagBag from /home/ubuntu/.local/lib/python3.10/site-packages/airflow/example_dags/example_branch_python_dop_operator_3.py
[2024-01-31T00:03:37.606+0100] {processor.py:840} INFO - DAG(s) 'example_branch_dop_operator_v3' retrieved from /home/ubuntu/.local/lib/python3.10/site-packages/airflow/example_dags/example_branch_python_dop_operator_3.py
[2024-01-31T00:03:37.630+0100] {logging_mixin.py:188} INFO - [2024-01-31T00:03:37.630+0100] {dag.py:3033} INFO - Sync 1 DAGs
[2024-01-31T00:03:37.703+0100] {logging_mixin.py:188} INFO - [2024-01-31T00:03:37.703+0100] {dag.py:3820} INFO - Setting next_dagrun for example_branch_dop_operator_v3 to 2024-01-30T23:02:00+00:00, run_after=2024-01-30T23:03:00+00:00
[2024-01-31T00:03:37.799+0100] {processor.py:183} INFO - Processing /home/ubuntu/.local/lib/python3.10/site-packages/airflow/example_dags/example_branch_python_dop_operator_3.py took 0.259 seconds
[2024-01-31T00:04:49.400+0100] {processor.py:161} INFO - Started process (PID=10064) to work on /home/ubuntu/.local/lib/python3.10/site-packages/airflow/example_dags/example_branch_python_dop_operator_3.py
[2024-01-31T00:04:49.403+0100] {processor.py:830} INFO - Processing file /home/ubuntu/.local/lib/python3.10/site-packages/airflow/example_dags/example_branch_python_dop_operator_3.py for tasks to queue
[2024-01-31T00:04:49.404+0100] {logging_mixin.py:188} INFO - [2024-01-31T00:04:49.404+0100] {dagbag.py:538} INFO - Filling up the DagBag from /home/ubuntu/.local/lib/python3.10/site-packages/airflow/example_dags/example_branch_python_dop_operator_3.py
[2024-01-31T00:04:49.421+0100] {processor.py:840} INFO - DAG(s) 'example_branch_dop_operator_v3' retrieved from /home/ubuntu/.local/lib/python3.10/site-packages/airflow/example_dags/example_branch_python_dop_operator_3.py
[2024-01-31T00:04:49.456+0100] {logging_mixin.py:188} INFO - [2024-01-31T00:04:49.455+0100] {dag.py:3033} INFO - Sync 1 DAGs
[2024-01-31T00:04:49.490+0100] {logging_mixin.py:188} INFO - [2024-01-31T00:04:49.487+0100] {dag.py:3820} INFO - Setting next_dagrun for example_branch_dop_operator_v3 to 2024-01-30T23:03:00+00:00, run_after=2024-01-30T23:04:00+00:00
[2024-01-31T00:04:49.582+0100] {processor.py:183} INFO - Processing /home/ubuntu/.local/lib/python3.10/site-packages/airflow/example_dags/example_branch_python_dop_operator_3.py took 0.187 seconds
[2024-01-31T00:06:00.447+0100] {processor.py:161} INFO - Started process (PID=10128) to work on /home/ubuntu/.local/lib/python3.10/site-packages/airflow/example_dags/example_branch_python_dop_operator_3.py
[2024-01-31T00:06:00.465+0100] {processor.py:830} INFO - Processing file /home/ubuntu/.local/lib/python3.10/site-packages/airflow/example_dags/example_branch_python_dop_operator_3.py for tasks to queue
[2024-01-31T00:06:00.466+0100] {logging_mixin.py:188} INFO - [2024-01-31T00:06:00.466+0100] {dagbag.py:538} INFO - Filling up the DagBag from /home/ubuntu/.local/lib/python3.10/site-packages/airflow/example_dags/example_branch_python_dop_operator_3.py
[2024-01-31T00:06:00.485+0100] {processor.py:840} INFO - DAG(s) 'example_branch_dop_operator_v3' retrieved from /home/ubuntu/.local/lib/python3.10/site-packages/airflow/example_dags/example_branch_python_dop_operator_3.py
[2024-01-31T00:06:00.526+0100] {logging_mixin.py:188} INFO - [2024-01-31T00:06:00.526+0100] {dag.py:3033} INFO - Sync 1 DAGs
[2024-01-31T00:06:00.779+0100] {logging_mixin.py:188} INFO - [2024-01-31T00:06:00.778+0100] {dag.py:3820} INFO - Setting next_dagrun for example_branch_dop_operator_v3 to 2024-01-30T23:05:00+00:00, run_after=2024-01-30T23:06:00+00:00
[2024-01-31T00:06:01.017+0100] {processor.py:183} INFO - Processing /home/ubuntu/.local/lib/python3.10/site-packages/airflow/example_dags/example_branch_python_dop_operator_3.py took 0.589 seconds
[2024-01-31T00:07:16.828+0100] {processor.py:161} INFO - Started process (PID=10196) to work on /home/ubuntu/.local/lib/python3.10/site-packages/airflow/example_dags/example_branch_python_dop_operator_3.py
[2024-01-31T00:07:16.830+0100] {processor.py:830} INFO - Processing file /home/ubuntu/.local/lib/python3.10/site-packages/airflow/example_dags/example_branch_python_dop_operator_3.py for tasks to queue
[2024-01-31T00:07:16.832+0100] {logging_mixin.py:188} INFO - [2024-01-31T00:07:16.831+0100] {dagbag.py:538} INFO - Filling up the DagBag from /home/ubuntu/.local/lib/python3.10/site-packages/airflow/example_dags/example_branch_python_dop_operator_3.py
[2024-01-31T00:07:16.844+0100] {processor.py:840} INFO - DAG(s) 'example_branch_dop_operator_v3' retrieved from /home/ubuntu/.local/lib/python3.10/site-packages/airflow/example_dags/example_branch_python_dop_operator_3.py
[2024-01-31T00:07:16.870+0100] {logging_mixin.py:188} INFO - [2024-01-31T00:07:16.869+0100] {dag.py:3033} INFO - Sync 1 DAGs
[2024-01-31T00:07:16.897+0100] {logging_mixin.py:188} INFO - [2024-01-31T00:07:16.897+0100] {dag.py:3820} INFO - Setting next_dagrun for example_branch_dop_operator_v3 to 2024-01-30T23:06:00+00:00, run_after=2024-01-30T23:07:00+00:00
[2024-01-31T00:07:17.010+0100] {processor.py:183} INFO - Processing /home/ubuntu/.local/lib/python3.10/site-packages/airflow/example_dags/example_branch_python_dop_operator_3.py took 0.190 seconds
[2024-01-31T00:08:26.745+0100] {processor.py:161} INFO - Started process (PID=10258) to work on /home/ubuntu/.local/lib/python3.10/site-packages/airflow/example_dags/example_branch_python_dop_operator_3.py
[2024-01-31T00:08:26.749+0100] {processor.py:830} INFO - Processing file /home/ubuntu/.local/lib/python3.10/site-packages/airflow/example_dags/example_branch_python_dop_operator_3.py for tasks to queue
[2024-01-31T00:08:26.751+0100] {logging_mixin.py:188} INFO - [2024-01-31T00:08:26.750+0100] {dagbag.py:538} INFO - Filling up the DagBag from /home/ubuntu/.local/lib/python3.10/site-packages/airflow/example_dags/example_branch_python_dop_operator_3.py
[2024-01-31T00:08:26.783+0100] {processor.py:840} INFO - DAG(s) 'example_branch_dop_operator_v3' retrieved from /home/ubuntu/.local/lib/python3.10/site-packages/airflow/example_dags/example_branch_python_dop_operator_3.py
[2024-01-31T00:08:26.809+0100] {logging_mixin.py:188} INFO - [2024-01-31T00:08:26.809+0100] {dag.py:3033} INFO - Sync 1 DAGs
[2024-01-31T00:08:26.844+0100] {logging_mixin.py:188} INFO - [2024-01-31T00:08:26.844+0100] {dag.py:3820} INFO - Setting next_dagrun for example_branch_dop_operator_v3 to 2024-01-30T23:07:00+00:00, run_after=2024-01-30T23:08:00+00:00
[2024-01-31T00:08:26.955+0100] {processor.py:183} INFO - Processing /home/ubuntu/.local/lib/python3.10/site-packages/airflow/example_dags/example_branch_python_dop_operator_3.py took 0.215 seconds
[2024-01-31T00:09:38.284+0100] {processor.py:161} INFO - Started process (PID=10319) to work on /home/ubuntu/.local/lib/python3.10/site-packages/airflow/example_dags/example_branch_python_dop_operator_3.py
[2024-01-31T00:09:38.308+0100] {processor.py:830} INFO - Processing file /home/ubuntu/.local/lib/python3.10/site-packages/airflow/example_dags/example_branch_python_dop_operator_3.py for tasks to queue
[2024-01-31T00:09:38.310+0100] {logging_mixin.py:188} INFO - [2024-01-31T00:09:38.309+0100] {dagbag.py:538} INFO - Filling up the DagBag from /home/ubuntu/.local/lib/python3.10/site-packages/airflow/example_dags/example_branch_python_dop_operator_3.py
[2024-01-31T00:09:38.358+0100] {processor.py:840} INFO - DAG(s) 'example_branch_dop_operator_v3' retrieved from /home/ubuntu/.local/lib/python3.10/site-packages/airflow/example_dags/example_branch_python_dop_operator_3.py
[2024-01-31T00:09:38.454+0100] {logging_mixin.py:188} INFO - [2024-01-31T00:09:38.454+0100] {dag.py:3033} INFO - Sync 1 DAGs
[2024-01-31T00:09:38.510+0100] {logging_mixin.py:188} INFO - [2024-01-31T00:09:38.510+0100] {dag.py:3820} INFO - Setting next_dagrun for example_branch_dop_operator_v3 to 2024-01-30T23:08:00+00:00, run_after=2024-01-30T23:09:00+00:00
[2024-01-31T00:09:38.768+0100] {processor.py:183} INFO - Processing /home/ubuntu/.local/lib/python3.10/site-packages/airflow/example_dags/example_branch_python_dop_operator_3.py took 0.493 seconds
[2024-01-31T00:10:50.321+0100] {processor.py:161} INFO - Started process (PID=10380) to work on /home/ubuntu/.local/lib/python3.10/site-packages/airflow/example_dags/example_branch_python_dop_operator_3.py
[2024-01-31T00:10:50.324+0100] {processor.py:830} INFO - Processing file /home/ubuntu/.local/lib/python3.10/site-packages/airflow/example_dags/example_branch_python_dop_operator_3.py for tasks to queue
[2024-01-31T00:10:50.325+0100] {logging_mixin.py:188} INFO - [2024-01-31T00:10:50.325+0100] {dagbag.py:538} INFO - Filling up the DagBag from /home/ubuntu/.local/lib/python3.10/site-packages/airflow/example_dags/example_branch_python_dop_operator_3.py
[2024-01-31T00:10:50.355+0100] {processor.py:840} INFO - DAG(s) 'example_branch_dop_operator_v3' retrieved from /home/ubuntu/.local/lib/python3.10/site-packages/airflow/example_dags/example_branch_python_dop_operator_3.py
[2024-01-31T00:10:50.380+0100] {logging_mixin.py:188} INFO - [2024-01-31T00:10:50.380+0100] {dag.py:3033} INFO - Sync 1 DAGs
[2024-01-31T00:10:50.420+0100] {logging_mixin.py:188} INFO - [2024-01-31T00:10:50.420+0100] {dag.py:3820} INFO - Setting next_dagrun for example_branch_dop_operator_v3 to 2024-01-30T23:09:00+00:00, run_after=2024-01-30T23:10:00+00:00
[2024-01-31T00:10:50.480+0100] {processor.py:183} INFO - Processing /home/ubuntu/.local/lib/python3.10/site-packages/airflow/example_dags/example_branch_python_dop_operator_3.py took 0.163 seconds
[2024-01-31T00:12:20.477+0100] {processor.py:161} INFO - Started process (PID=10545) to work on /home/ubuntu/.local/lib/python3.10/site-packages/airflow/example_dags/example_branch_python_dop_operator_3.py
[2024-01-31T00:12:20.508+0100] {processor.py:830} INFO - Processing file /home/ubuntu/.local/lib/python3.10/site-packages/airflow/example_dags/example_branch_python_dop_operator_3.py for tasks to queue
[2024-01-31T00:12:20.539+0100] {logging_mixin.py:188} INFO - [2024-01-31T00:12:20.530+0100] {dagbag.py:538} INFO - Filling up the DagBag from /home/ubuntu/.local/lib/python3.10/site-packages/airflow/example_dags/example_branch_python_dop_operator_3.py
[2024-01-31T00:12:20.703+0100] {processor.py:840} INFO - DAG(s) 'example_branch_dop_operator_v3' retrieved from /home/ubuntu/.local/lib/python3.10/site-packages/airflow/example_dags/example_branch_python_dop_operator_3.py
[2024-01-31T00:12:20.775+0100] {logging_mixin.py:188} INFO - [2024-01-31T00:12:20.775+0100] {dag.py:3033} INFO - Sync 1 DAGs
[2024-01-31T00:12:20.857+0100] {logging_mixin.py:188} INFO - [2024-01-31T00:12:20.857+0100] {dag.py:3820} INFO - Setting next_dagrun for example_branch_dop_operator_v3 to 2024-01-30T23:11:00+00:00, run_after=2024-01-30T23:12:00+00:00
[2024-01-31T00:12:21.254+0100] {processor.py:183} INFO - Processing /home/ubuntu/.local/lib/python3.10/site-packages/airflow/example_dags/example_branch_python_dop_operator_3.py took 0.809 seconds
[2024-01-31T00:13:59.179+0100] {processor.py:161} INFO - Started process (PID=10617) to work on /home/ubuntu/.local/lib/python3.10/site-packages/airflow/example_dags/example_branch_python_dop_operator_3.py
[2024-01-31T00:13:59.208+0100] {processor.py:830} INFO - Processing file /home/ubuntu/.local/lib/python3.10/site-packages/airflow/example_dags/example_branch_python_dop_operator_3.py for tasks to queue
[2024-01-31T00:13:59.210+0100] {logging_mixin.py:188} INFO - [2024-01-31T00:13:59.209+0100] {dagbag.py:538} INFO - Filling up the DagBag from /home/ubuntu/.local/lib/python3.10/site-packages/airflow/example_dags/example_branch_python_dop_operator_3.py
[2024-01-31T00:13:59.226+0100] {processor.py:840} INFO - DAG(s) 'example_branch_dop_operator_v3' retrieved from /home/ubuntu/.local/lib/python3.10/site-packages/airflow/example_dags/example_branch_python_dop_operator_3.py
[2024-01-31T00:13:59.254+0100] {logging_mixin.py:188} INFO - [2024-01-31T00:13:59.253+0100] {dag.py:3033} INFO - Sync 1 DAGs
[2024-01-31T00:13:59.284+0100] {logging_mixin.py:188} INFO - [2024-01-31T00:13:59.284+0100] {dag.py:3820} INFO - Setting next_dagrun for example_branch_dop_operator_v3 to 2024-01-30T23:12:00+00:00, run_after=2024-01-30T23:13:00+00:00
[2024-01-31T00:13:59.495+0100] {processor.py:183} INFO - Processing /home/ubuntu/.local/lib/python3.10/site-packages/airflow/example_dags/example_branch_python_dop_operator_3.py took 0.331 seconds
[2024-01-31T00:15:26.129+0100] {processor.py:161} INFO - Started process (PID=10683) to work on /home/ubuntu/.local/lib/python3.10/site-packages/airflow/example_dags/example_branch_python_dop_operator_3.py
[2024-01-31T00:15:26.166+0100] {processor.py:830} INFO - Processing file /home/ubuntu/.local/lib/python3.10/site-packages/airflow/example_dags/example_branch_python_dop_operator_3.py for tasks to queue
[2024-01-31T00:15:26.180+0100] {logging_mixin.py:188} INFO - [2024-01-31T00:15:26.180+0100] {dagbag.py:538} INFO - Filling up the DagBag from /home/ubuntu/.local/lib/python3.10/site-packages/airflow/example_dags/example_branch_python_dop_operator_3.py
[2024-01-31T00:15:26.217+0100] {processor.py:840} INFO - DAG(s) 'example_branch_dop_operator_v3' retrieved from /home/ubuntu/.local/lib/python3.10/site-packages/airflow/example_dags/example_branch_python_dop_operator_3.py
[2024-01-31T00:15:26.297+0100] {logging_mixin.py:188} INFO - [2024-01-31T00:15:26.296+0100] {dag.py:3033} INFO - Sync 1 DAGs
[2024-01-31T00:15:26.404+0100] {logging_mixin.py:188} INFO - [2024-01-31T00:15:26.404+0100] {dag.py:3820} INFO - Setting next_dagrun for example_branch_dop_operator_v3 to 2024-01-30T23:14:00+00:00, run_after=2024-01-30T23:15:00+00:00
[2024-01-31T00:15:26.553+0100] {processor.py:183} INFO - Processing /home/ubuntu/.local/lib/python3.10/site-packages/airflow/example_dags/example_branch_python_dop_operator_3.py took 0.449 seconds
[2024-01-31T00:16:49.727+0100] {processor.py:161} INFO - Started process (PID=10753) to work on /home/ubuntu/.local/lib/python3.10/site-packages/airflow/example_dags/example_branch_python_dop_operator_3.py
[2024-01-31T00:16:49.778+0100] {processor.py:830} INFO - Processing file /home/ubuntu/.local/lib/python3.10/site-packages/airflow/example_dags/example_branch_python_dop_operator_3.py for tasks to queue
[2024-01-31T00:16:49.780+0100] {logging_mixin.py:188} INFO - [2024-01-31T00:16:49.779+0100] {dagbag.py:538} INFO - Filling up the DagBag from /home/ubuntu/.local/lib/python3.10/site-packages/airflow/example_dags/example_branch_python_dop_operator_3.py
[2024-01-31T00:16:49.838+0100] {processor.py:840} INFO - DAG(s) 'example_branch_dop_operator_v3' retrieved from /home/ubuntu/.local/lib/python3.10/site-packages/airflow/example_dags/example_branch_python_dop_operator_3.py
[2024-01-31T00:16:49.939+0100] {logging_mixin.py:188} INFO - [2024-01-31T00:16:49.939+0100] {dag.py:3033} INFO - Sync 1 DAGs
[2024-01-31T00:16:50.293+0100] {logging_mixin.py:188} INFO - [2024-01-31T00:16:50.293+0100] {dag.py:3820} INFO - Setting next_dagrun for example_branch_dop_operator_v3 to 2024-01-30T23:15:00+00:00, run_after=2024-01-30T23:16:00+00:00
[2024-01-31T00:16:50.475+0100] {processor.py:183} INFO - Processing /home/ubuntu/.local/lib/python3.10/site-packages/airflow/example_dags/example_branch_python_dop_operator_3.py took 0.761 seconds
[2024-01-31T00:18:18.203+0100] {processor.py:161} INFO - Started process (PID=10854) to work on /home/ubuntu/.local/lib/python3.10/site-packages/airflow/example_dags/example_branch_python_dop_operator_3.py
[2024-01-31T00:18:18.213+0100] {processor.py:830} INFO - Processing file /home/ubuntu/.local/lib/python3.10/site-packages/airflow/example_dags/example_branch_python_dop_operator_3.py for tasks to queue
[2024-01-31T00:18:18.216+0100] {logging_mixin.py:188} INFO - [2024-01-31T00:18:18.214+0100] {dagbag.py:538} INFO - Filling up the DagBag from /home/ubuntu/.local/lib/python3.10/site-packages/airflow/example_dags/example_branch_python_dop_operator_3.py
[2024-01-31T00:18:18.273+0100] {processor.py:840} INFO - DAG(s) 'example_branch_dop_operator_v3' retrieved from /home/ubuntu/.local/lib/python3.10/site-packages/airflow/example_dags/example_branch_python_dop_operator_3.py
[2024-01-31T00:18:18.472+0100] {logging_mixin.py:188} INFO - [2024-01-31T00:18:18.468+0100] {dag.py:3033} INFO - Sync 1 DAGs
[2024-01-31T00:18:18.546+0100] {logging_mixin.py:188} INFO - [2024-01-31T00:18:18.546+0100] {dag.py:3820} INFO - Setting next_dagrun for example_branch_dop_operator_v3 to 2024-01-30T23:17:00+00:00, run_after=2024-01-30T23:18:00+00:00
[2024-01-31T00:18:18.725+0100] {processor.py:183} INFO - Processing /home/ubuntu/.local/lib/python3.10/site-packages/airflow/example_dags/example_branch_python_dop_operator_3.py took 0.526 seconds
[2024-01-31T00:19:36.210+0100] {processor.py:161} INFO - Started process (PID=10998) to work on /home/ubuntu/.local/lib/python3.10/site-packages/airflow/example_dags/example_branch_python_dop_operator_3.py
[2024-01-31T00:19:36.237+0100] {processor.py:830} INFO - Processing file /home/ubuntu/.local/lib/python3.10/site-packages/airflow/example_dags/example_branch_python_dop_operator_3.py for tasks to queue
[2024-01-31T00:19:36.238+0100] {logging_mixin.py:188} INFO - [2024-01-31T00:19:36.238+0100] {dagbag.py:538} INFO - Filling up the DagBag from /home/ubuntu/.local/lib/python3.10/site-packages/airflow/example_dags/example_branch_python_dop_operator_3.py
[2024-01-31T00:19:36.277+0100] {processor.py:840} INFO - DAG(s) 'example_branch_dop_operator_v3' retrieved from /home/ubuntu/.local/lib/python3.10/site-packages/airflow/example_dags/example_branch_python_dop_operator_3.py
[2024-01-31T00:19:36.315+0100] {logging_mixin.py:188} INFO - [2024-01-31T00:19:36.315+0100] {dag.py:3033} INFO - Sync 1 DAGs
[2024-01-31T00:19:36.388+0100] {logging_mixin.py:188} INFO - [2024-01-31T00:19:36.386+0100] {dag.py:3820} INFO - Setting next_dagrun for example_branch_dop_operator_v3 to 2024-01-30T23:18:00+00:00, run_after=2024-01-30T23:19:00+00:00
[2024-01-31T00:19:36.685+0100] {processor.py:183} INFO - Processing /home/ubuntu/.local/lib/python3.10/site-packages/airflow/example_dags/example_branch_python_dop_operator_3.py took 0.484 seconds
[2024-01-31T00:21:51.264+0100] {processor.py:161} INFO - Started process (PID=11082) to work on /home/ubuntu/.local/lib/python3.10/site-packages/airflow/example_dags/example_branch_python_dop_operator_3.py
[2024-01-31T00:21:51.308+0100] {processor.py:830} INFO - Processing file /home/ubuntu/.local/lib/python3.10/site-packages/airflow/example_dags/example_branch_python_dop_operator_3.py for tasks to queue
[2024-01-31T00:21:51.315+0100] {logging_mixin.py:188} INFO - [2024-01-31T00:21:51.309+0100] {dagbag.py:538} INFO - Filling up the DagBag from /home/ubuntu/.local/lib/python3.10/site-packages/airflow/example_dags/example_branch_python_dop_operator_3.py
[2024-01-31T00:21:51.375+0100] {processor.py:840} INFO - DAG(s) 'example_branch_dop_operator_v3' retrieved from /home/ubuntu/.local/lib/python3.10/site-packages/airflow/example_dags/example_branch_python_dop_operator_3.py
[2024-01-31T00:21:51.564+0100] {logging_mixin.py:188} INFO - [2024-01-31T00:21:51.560+0100] {dag.py:3033} INFO - Sync 1 DAGs
[2024-01-31T00:21:51.697+0100] {logging_mixin.py:188} INFO - [2024-01-31T00:21:51.697+0100] {dag.py:3820} INFO - Setting next_dagrun for example_branch_dop_operator_v3 to 2024-01-30T23:20:00+00:00, run_after=2024-01-30T23:21:00+00:00
[2024-01-31T00:21:52.236+0100] {processor.py:183} INFO - Processing /home/ubuntu/.local/lib/python3.10/site-packages/airflow/example_dags/example_branch_python_dop_operator_3.py took 0.989 seconds
[2024-01-31T00:24:13.812+0100] {processor.py:161} INFO - Started process (PID=11173) to work on /home/ubuntu/.local/lib/python3.10/site-packages/airflow/example_dags/example_branch_python_dop_operator_3.py
[2024-01-31T00:24:13.847+0100] {processor.py:830} INFO - Processing file /home/ubuntu/.local/lib/python3.10/site-packages/airflow/example_dags/example_branch_python_dop_operator_3.py for tasks to queue
[2024-01-31T00:24:13.855+0100] {logging_mixin.py:188} INFO - [2024-01-31T00:24:13.855+0100] {dagbag.py:538} INFO - Filling up the DagBag from /home/ubuntu/.local/lib/python3.10/site-packages/airflow/example_dags/example_branch_python_dop_operator_3.py
[2024-01-31T00:24:13.883+0100] {processor.py:840} INFO - DAG(s) 'example_branch_dop_operator_v3' retrieved from /home/ubuntu/.local/lib/python3.10/site-packages/airflow/example_dags/example_branch_python_dop_operator_3.py
[2024-01-31T00:24:13.912+0100] {logging_mixin.py:188} INFO - [2024-01-31T00:24:13.911+0100] {dag.py:3033} INFO - Sync 1 DAGs
[2024-01-31T00:24:13.974+0100] {logging_mixin.py:188} INFO - [2024-01-31T00:24:13.973+0100] {dag.py:3820} INFO - Setting next_dagrun for example_branch_dop_operator_v3 to 2024-01-30T23:23:00+00:00, run_after=2024-01-30T23:24:00+00:00
[2024-01-31T00:24:14.403+0100] {processor.py:183} INFO - Processing /home/ubuntu/.local/lib/python3.10/site-packages/airflow/example_dags/example_branch_python_dop_operator_3.py took 0.620 seconds
[2024-01-31T00:25:44.028+0100] {processor.py:161} INFO - Started process (PID=11259) to work on /home/ubuntu/.local/lib/python3.10/site-packages/airflow/example_dags/example_branch_python_dop_operator_3.py
[2024-01-31T00:25:44.032+0100] {processor.py:830} INFO - Processing file /home/ubuntu/.local/lib/python3.10/site-packages/airflow/example_dags/example_branch_python_dop_operator_3.py for tasks to queue
[2024-01-31T00:25:44.034+0100] {logging_mixin.py:188} INFO - [2024-01-31T00:25:44.033+0100] {dagbag.py:538} INFO - Filling up the DagBag from /home/ubuntu/.local/lib/python3.10/site-packages/airflow/example_dags/example_branch_python_dop_operator_3.py
[2024-01-31T00:25:44.052+0100] {processor.py:840} INFO - DAG(s) 'example_branch_dop_operator_v3' retrieved from /home/ubuntu/.local/lib/python3.10/site-packages/airflow/example_dags/example_branch_python_dop_operator_3.py
[2024-01-31T00:25:44.075+0100] {logging_mixin.py:188} INFO - [2024-01-31T00:25:44.075+0100] {dag.py:3033} INFO - Sync 1 DAGs
[2024-01-31T00:25:44.103+0100] {logging_mixin.py:188} INFO - [2024-01-31T00:25:44.103+0100] {dag.py:3820} INFO - Setting next_dagrun for example_branch_dop_operator_v3 to 2024-01-30T23:24:00+00:00, run_after=2024-01-30T23:25:00+00:00
[2024-01-31T00:25:44.248+0100] {processor.py:183} INFO - Processing /home/ubuntu/.local/lib/python3.10/site-packages/airflow/example_dags/example_branch_python_dop_operator_3.py took 0.225 seconds
[2024-01-31T00:26:52.233+0100] {processor.py:161} INFO - Started process (PID=11321) to work on /home/ubuntu/.local/lib/python3.10/site-packages/airflow/example_dags/example_branch_python_dop_operator_3.py
[2024-01-31T00:26:52.238+0100] {processor.py:830} INFO - Processing file /home/ubuntu/.local/lib/python3.10/site-packages/airflow/example_dags/example_branch_python_dop_operator_3.py for tasks to queue
[2024-01-31T00:26:52.240+0100] {logging_mixin.py:188} INFO - [2024-01-31T00:26:52.240+0100] {dagbag.py:538} INFO - Filling up the DagBag from /home/ubuntu/.local/lib/python3.10/site-packages/airflow/example_dags/example_branch_python_dop_operator_3.py
[2024-01-31T00:26:52.259+0100] {processor.py:840} INFO - DAG(s) 'example_branch_dop_operator_v3' retrieved from /home/ubuntu/.local/lib/python3.10/site-packages/airflow/example_dags/example_branch_python_dop_operator_3.py
[2024-01-31T00:26:52.289+0100] {logging_mixin.py:188} INFO - [2024-01-31T00:26:52.289+0100] {dag.py:3033} INFO - Sync 1 DAGs
[2024-01-31T00:26:52.325+0100] {logging_mixin.py:188} INFO - [2024-01-31T00:26:52.325+0100] {dag.py:3820} INFO - Setting next_dagrun for example_branch_dop_operator_v3 to 2024-01-30T23:25:00+00:00, run_after=2024-01-30T23:26:00+00:00
[2024-01-31T00:26:52.705+0100] {processor.py:183} INFO - Processing /home/ubuntu/.local/lib/python3.10/site-packages/airflow/example_dags/example_branch_python_dop_operator_3.py took 0.479 seconds
[2024-01-31T00:28:18.330+0100] {processor.py:161} INFO - Started process (PID=11483) to work on /home/ubuntu/.local/lib/python3.10/site-packages/airflow/example_dags/example_branch_python_dop_operator_3.py
[2024-01-31T00:28:18.332+0100] {processor.py:830} INFO - Processing file /home/ubuntu/.local/lib/python3.10/site-packages/airflow/example_dags/example_branch_python_dop_operator_3.py for tasks to queue
[2024-01-31T00:28:18.334+0100] {logging_mixin.py:188} INFO - [2024-01-31T00:28:18.333+0100] {dagbag.py:538} INFO - Filling up the DagBag from /home/ubuntu/.local/lib/python3.10/site-packages/airflow/example_dags/example_branch_python_dop_operator_3.py
[2024-01-31T00:28:18.345+0100] {processor.py:840} INFO - DAG(s) 'example_branch_dop_operator_v3' retrieved from /home/ubuntu/.local/lib/python3.10/site-packages/airflow/example_dags/example_branch_python_dop_operator_3.py
[2024-01-31T00:28:18.384+0100] {logging_mixin.py:188} INFO - [2024-01-31T00:28:18.383+0100] {dag.py:3033} INFO - Sync 1 DAGs
[2024-01-31T00:28:18.407+0100] {logging_mixin.py:188} INFO - [2024-01-31T00:28:18.406+0100] {dag.py:3820} INFO - Setting next_dagrun for example_branch_dop_operator_v3 to 2024-01-30T23:27:00+00:00, run_after=2024-01-30T23:28:00+00:00
[2024-01-31T00:28:18.576+0100] {processor.py:183} INFO - Processing /home/ubuntu/.local/lib/python3.10/site-packages/airflow/example_dags/example_branch_python_dop_operator_3.py took 0.251 seconds
[2024-01-31T00:29:34.642+0100] {processor.py:161} INFO - Started process (PID=11547) to work on /home/ubuntu/.local/lib/python3.10/site-packages/airflow/example_dags/example_branch_python_dop_operator_3.py
[2024-01-31T00:29:34.645+0100] {processor.py:830} INFO - Processing file /home/ubuntu/.local/lib/python3.10/site-packages/airflow/example_dags/example_branch_python_dop_operator_3.py for tasks to queue
[2024-01-31T00:29:34.648+0100] {logging_mixin.py:188} INFO - [2024-01-31T00:29:34.647+0100] {dagbag.py:538} INFO - Filling up the DagBag from /home/ubuntu/.local/lib/python3.10/site-packages/airflow/example_dags/example_branch_python_dop_operator_3.py
[2024-01-31T00:29:34.661+0100] {processor.py:840} INFO - DAG(s) 'example_branch_dop_operator_v3' retrieved from /home/ubuntu/.local/lib/python3.10/site-packages/airflow/example_dags/example_branch_python_dop_operator_3.py
[2024-01-31T00:29:34.715+0100] {logging_mixin.py:188} INFO - [2024-01-31T00:29:34.714+0100] {dag.py:3033} INFO - Sync 1 DAGs
[2024-01-31T00:29:34.779+0100] {logging_mixin.py:188} INFO - [2024-01-31T00:29:34.775+0100] {dag.py:3820} INFO - Setting next_dagrun for example_branch_dop_operator_v3 to 2024-01-30T23:28:00+00:00, run_after=2024-01-30T23:29:00+00:00
[2024-01-31T00:29:34.994+0100] {processor.py:183} INFO - Processing /home/ubuntu/.local/lib/python3.10/site-packages/airflow/example_dags/example_branch_python_dop_operator_3.py took 0.357 seconds
[2024-01-31T00:30:54.202+0100] {processor.py:161} INFO - Started process (PID=11614) to work on /home/ubuntu/.local/lib/python3.10/site-packages/airflow/example_dags/example_branch_python_dop_operator_3.py
[2024-01-31T00:30:54.204+0100] {processor.py:830} INFO - Processing file /home/ubuntu/.local/lib/python3.10/site-packages/airflow/example_dags/example_branch_python_dop_operator_3.py for tasks to queue
[2024-01-31T00:30:54.206+0100] {logging_mixin.py:188} INFO - [2024-01-31T00:30:54.205+0100] {dagbag.py:538} INFO - Filling up the DagBag from /home/ubuntu/.local/lib/python3.10/site-packages/airflow/example_dags/example_branch_python_dop_operator_3.py
[2024-01-31T00:30:54.220+0100] {processor.py:840} INFO - DAG(s) 'example_branch_dop_operator_v3' retrieved from /home/ubuntu/.local/lib/python3.10/site-packages/airflow/example_dags/example_branch_python_dop_operator_3.py
[2024-01-31T00:30:54.250+0100] {logging_mixin.py:188} INFO - [2024-01-31T00:30:54.250+0100] {dag.py:3033} INFO - Sync 1 DAGs
[2024-01-31T00:30:54.280+0100] {logging_mixin.py:188} INFO - [2024-01-31T00:30:54.280+0100] {dag.py:3820} INFO - Setting next_dagrun for example_branch_dop_operator_v3 to 2024-01-30T23:29:00+00:00, run_after=2024-01-30T23:30:00+00:00
[2024-01-31T00:30:54.414+0100] {processor.py:183} INFO - Processing /home/ubuntu/.local/lib/python3.10/site-packages/airflow/example_dags/example_branch_python_dop_operator_3.py took 0.216 seconds
[2024-01-31T00:32:11.661+0100] {processor.py:161} INFO - Started process (PID=11680) to work on /home/ubuntu/.local/lib/python3.10/site-packages/airflow/example_dags/example_branch_python_dop_operator_3.py
[2024-01-31T00:32:11.663+0100] {processor.py:830} INFO - Processing file /home/ubuntu/.local/lib/python3.10/site-packages/airflow/example_dags/example_branch_python_dop_operator_3.py for tasks to queue
[2024-01-31T00:32:11.665+0100] {logging_mixin.py:188} INFO - [2024-01-31T00:32:11.664+0100] {dagbag.py:538} INFO - Filling up the DagBag from /home/ubuntu/.local/lib/python3.10/site-packages/airflow/example_dags/example_branch_python_dop_operator_3.py
[2024-01-31T00:32:11.679+0100] {processor.py:840} INFO - DAG(s) 'example_branch_dop_operator_v3' retrieved from /home/ubuntu/.local/lib/python3.10/site-packages/airflow/example_dags/example_branch_python_dop_operator_3.py
[2024-01-31T00:32:11.701+0100] {logging_mixin.py:188} INFO - [2024-01-31T00:32:11.700+0100] {dag.py:3033} INFO - Sync 1 DAGs
[2024-01-31T00:32:11.727+0100] {logging_mixin.py:188} INFO - [2024-01-31T00:32:11.727+0100] {dag.py:3820} INFO - Setting next_dagrun for example_branch_dop_operator_v3 to 2024-01-30T23:31:00+00:00, run_after=2024-01-30T23:32:00+00:00
[2024-01-31T00:32:11.976+0100] {processor.py:183} INFO - Processing /home/ubuntu/.local/lib/python3.10/site-packages/airflow/example_dags/example_branch_python_dop_operator_3.py took 0.320 seconds
[2024-01-31T00:33:28.199+0100] {processor.py:161} INFO - Started process (PID=11761) to work on /home/ubuntu/.local/lib/python3.10/site-packages/airflow/example_dags/example_branch_python_dop_operator_3.py
[2024-01-31T00:33:28.201+0100] {processor.py:830} INFO - Processing file /home/ubuntu/.local/lib/python3.10/site-packages/airflow/example_dags/example_branch_python_dop_operator_3.py for tasks to queue
[2024-01-31T00:33:28.204+0100] {logging_mixin.py:188} INFO - [2024-01-31T00:33:28.204+0100] {dagbag.py:538} INFO - Filling up the DagBag from /home/ubuntu/.local/lib/python3.10/site-packages/airflow/example_dags/example_branch_python_dop_operator_3.py
[2024-01-31T00:33:28.216+0100] {processor.py:840} INFO - DAG(s) 'example_branch_dop_operator_v3' retrieved from /home/ubuntu/.local/lib/python3.10/site-packages/airflow/example_dags/example_branch_python_dop_operator_3.py
[2024-01-31T00:33:28.245+0100] {logging_mixin.py:188} INFO - [2024-01-31T00:33:28.245+0100] {dag.py:3033} INFO - Sync 1 DAGs
[2024-01-31T00:33:28.276+0100] {logging_mixin.py:188} INFO - [2024-01-31T00:33:28.276+0100] {dag.py:3820} INFO - Setting next_dagrun for example_branch_dop_operator_v3 to 2024-01-30T23:32:00+00:00, run_after=2024-01-30T23:33:00+00:00
[2024-01-31T00:33:28.329+0100] {processor.py:183} INFO - Processing /home/ubuntu/.local/lib/python3.10/site-packages/airflow/example_dags/example_branch_python_dop_operator_3.py took 0.136 seconds
[2024-01-31T00:34:41.086+0100] {processor.py:161} INFO - Started process (PID=11824) to work on /home/ubuntu/.local/lib/python3.10/site-packages/airflow/example_dags/example_branch_python_dop_operator_3.py
[2024-01-31T00:34:41.089+0100] {processor.py:830} INFO - Processing file /home/ubuntu/.local/lib/python3.10/site-packages/airflow/example_dags/example_branch_python_dop_operator_3.py for tasks to queue
[2024-01-31T00:34:41.093+0100] {logging_mixin.py:188} INFO - [2024-01-31T00:34:41.090+0100] {dagbag.py:538} INFO - Filling up the DagBag from /home/ubuntu/.local/lib/python3.10/site-packages/airflow/example_dags/example_branch_python_dop_operator_3.py
[2024-01-31T00:34:41.108+0100] {processor.py:840} INFO - DAG(s) 'example_branch_dop_operator_v3' retrieved from /home/ubuntu/.local/lib/python3.10/site-packages/airflow/example_dags/example_branch_python_dop_operator_3.py
[2024-01-31T00:34:41.128+0100] {logging_mixin.py:188} INFO - [2024-01-31T00:34:41.128+0100] {dag.py:3033} INFO - Sync 1 DAGs
[2024-01-31T00:34:41.154+0100] {logging_mixin.py:188} INFO - [2024-01-31T00:34:41.153+0100] {dag.py:3820} INFO - Setting next_dagrun for example_branch_dop_operator_v3 to 2024-01-30T23:33:00+00:00, run_after=2024-01-30T23:34:00+00:00
[2024-01-31T00:34:41.240+0100] {processor.py:183} INFO - Processing /home/ubuntu/.local/lib/python3.10/site-packages/airflow/example_dags/example_branch_python_dop_operator_3.py took 0.159 seconds
[2024-01-31T00:35:47.877+0100] {processor.py:161} INFO - Started process (PID=11885) to work on /home/ubuntu/.local/lib/python3.10/site-packages/airflow/example_dags/example_branch_python_dop_operator_3.py
[2024-01-31T00:35:47.892+0100] {processor.py:830} INFO - Processing file /home/ubuntu/.local/lib/python3.10/site-packages/airflow/example_dags/example_branch_python_dop_operator_3.py for tasks to queue
[2024-01-31T00:35:47.893+0100] {logging_mixin.py:188} INFO - [2024-01-31T00:35:47.892+0100] {dagbag.py:538} INFO - Filling up the DagBag from /home/ubuntu/.local/lib/python3.10/site-packages/airflow/example_dags/example_branch_python_dop_operator_3.py
[2024-01-31T00:35:47.906+0100] {processor.py:840} INFO - DAG(s) 'example_branch_dop_operator_v3' retrieved from /home/ubuntu/.local/lib/python3.10/site-packages/airflow/example_dags/example_branch_python_dop_operator_3.py
[2024-01-31T00:35:47.926+0100] {logging_mixin.py:188} INFO - [2024-01-31T00:35:47.926+0100] {dag.py:3033} INFO - Sync 1 DAGs
[2024-01-31T00:35:47.959+0100] {logging_mixin.py:188} INFO - [2024-01-31T00:35:47.958+0100] {dag.py:3820} INFO - Setting next_dagrun for example_branch_dop_operator_v3 to 2024-01-30T23:34:00+00:00, run_after=2024-01-30T23:35:00+00:00
[2024-01-31T00:35:48.222+0100] {processor.py:183} INFO - Processing /home/ubuntu/.local/lib/python3.10/site-packages/airflow/example_dags/example_branch_python_dop_operator_3.py took 0.349 seconds
[2024-01-31T00:36:50.672+0100] {processor.py:161} INFO - Started process (PID=11944) to work on /home/ubuntu/.local/lib/python3.10/site-packages/airflow/example_dags/example_branch_python_dop_operator_3.py
[2024-01-31T00:36:50.675+0100] {processor.py:830} INFO - Processing file /home/ubuntu/.local/lib/python3.10/site-packages/airflow/example_dags/example_branch_python_dop_operator_3.py for tasks to queue
[2024-01-31T00:36:50.677+0100] {logging_mixin.py:188} INFO - [2024-01-31T00:36:50.676+0100] {dagbag.py:538} INFO - Filling up the DagBag from /home/ubuntu/.local/lib/python3.10/site-packages/airflow/example_dags/example_branch_python_dop_operator_3.py
[2024-01-31T00:36:50.690+0100] {processor.py:840} INFO - DAG(s) 'example_branch_dop_operator_v3' retrieved from /home/ubuntu/.local/lib/python3.10/site-packages/airflow/example_dags/example_branch_python_dop_operator_3.py
[2024-01-31T00:36:50.709+0100] {logging_mixin.py:188} INFO - [2024-01-31T00:36:50.709+0100] {dag.py:3033} INFO - Sync 1 DAGs
[2024-01-31T00:36:50.736+0100] {logging_mixin.py:188} INFO - [2024-01-31T00:36:50.735+0100] {dag.py:3820} INFO - Setting next_dagrun for example_branch_dop_operator_v3 to 2024-01-30T23:35:00+00:00, run_after=2024-01-30T23:36:00+00:00
[2024-01-31T00:36:50.811+0100] {processor.py:183} INFO - Processing /home/ubuntu/.local/lib/python3.10/site-packages/airflow/example_dags/example_branch_python_dop_operator_3.py took 0.143 seconds
[2024-01-31T00:38:05.053+0100] {processor.py:161} INFO - Started process (PID=12015) to work on /home/ubuntu/.local/lib/python3.10/site-packages/airflow/example_dags/example_branch_python_dop_operator_3.py
[2024-01-31T00:38:05.058+0100] {processor.py:830} INFO - Processing file /home/ubuntu/.local/lib/python3.10/site-packages/airflow/example_dags/example_branch_python_dop_operator_3.py for tasks to queue
[2024-01-31T00:38:05.061+0100] {logging_mixin.py:188} INFO - [2024-01-31T00:38:05.060+0100] {dagbag.py:538} INFO - Filling up the DagBag from /home/ubuntu/.local/lib/python3.10/site-packages/airflow/example_dags/example_branch_python_dop_operator_3.py
[2024-01-31T00:38:05.074+0100] {processor.py:840} INFO - DAG(s) 'example_branch_dop_operator_v3' retrieved from /home/ubuntu/.local/lib/python3.10/site-packages/airflow/example_dags/example_branch_python_dop_operator_3.py
[2024-01-31T00:38:05.097+0100] {logging_mixin.py:188} INFO - [2024-01-31T00:38:05.097+0100] {dag.py:3033} INFO - Sync 1 DAGs
[2024-01-31T00:38:05.123+0100] {logging_mixin.py:188} INFO - [2024-01-31T00:38:05.123+0100] {dag.py:3820} INFO - Setting next_dagrun for example_branch_dop_operator_v3 to 2024-01-30T23:37:00+00:00, run_after=2024-01-30T23:38:00+00:00
[2024-01-31T00:38:05.191+0100] {processor.py:183} INFO - Processing /home/ubuntu/.local/lib/python3.10/site-packages/airflow/example_dags/example_branch_python_dop_operator_3.py took 0.142 seconds
[2024-01-31T00:39:16.046+0100] {processor.py:161} INFO - Started process (PID=12080) to work on /home/ubuntu/.local/lib/python3.10/site-packages/airflow/example_dags/example_branch_python_dop_operator_3.py
[2024-01-31T00:39:16.048+0100] {processor.py:830} INFO - Processing file /home/ubuntu/.local/lib/python3.10/site-packages/airflow/example_dags/example_branch_python_dop_operator_3.py for tasks to queue
[2024-01-31T00:39:16.049+0100] {logging_mixin.py:188} INFO - [2024-01-31T00:39:16.049+0100] {dagbag.py:538} INFO - Filling up the DagBag from /home/ubuntu/.local/lib/python3.10/site-packages/airflow/example_dags/example_branch_python_dop_operator_3.py
[2024-01-31T00:39:16.062+0100] {processor.py:840} INFO - DAG(s) 'example_branch_dop_operator_v3' retrieved from /home/ubuntu/.local/lib/python3.10/site-packages/airflow/example_dags/example_branch_python_dop_operator_3.py
[2024-01-31T00:39:16.084+0100] {logging_mixin.py:188} INFO - [2024-01-31T00:39:16.083+0100] {dag.py:3033} INFO - Sync 1 DAGs
[2024-01-31T00:39:16.114+0100] {logging_mixin.py:188} INFO - [2024-01-31T00:39:16.113+0100] {dag.py:3820} INFO - Setting next_dagrun for example_branch_dop_operator_v3 to 2024-01-30T23:38:00+00:00, run_after=2024-01-30T23:39:00+00:00
[2024-01-31T00:39:16.273+0100] {processor.py:183} INFO - Processing /home/ubuntu/.local/lib/python3.10/site-packages/airflow/example_dags/example_branch_python_dop_operator_3.py took 0.233 seconds
[2024-01-31T00:40:23.813+0100] {processor.py:161} INFO - Started process (PID=12140) to work on /home/ubuntu/.local/lib/python3.10/site-packages/airflow/example_dags/example_branch_python_dop_operator_3.py
[2024-01-31T00:40:23.816+0100] {processor.py:830} INFO - Processing file /home/ubuntu/.local/lib/python3.10/site-packages/airflow/example_dags/example_branch_python_dop_operator_3.py for tasks to queue
[2024-01-31T00:40:23.818+0100] {logging_mixin.py:188} INFO - [2024-01-31T00:40:23.817+0100] {dagbag.py:538} INFO - Filling up the DagBag from /home/ubuntu/.local/lib/python3.10/site-packages/airflow/example_dags/example_branch_python_dop_operator_3.py
[2024-01-31T00:40:23.829+0100] {processor.py:840} INFO - DAG(s) 'example_branch_dop_operator_v3' retrieved from /home/ubuntu/.local/lib/python3.10/site-packages/airflow/example_dags/example_branch_python_dop_operator_3.py
[2024-01-31T00:40:23.853+0100] {logging_mixin.py:188} INFO - [2024-01-31T00:40:23.853+0100] {dag.py:3033} INFO - Sync 1 DAGs
[2024-01-31T00:40:23.884+0100] {logging_mixin.py:188} INFO - [2024-01-31T00:40:23.884+0100] {dag.py:3820} INFO - Setting next_dagrun for example_branch_dop_operator_v3 to 2024-01-30T23:39:00+00:00, run_after=2024-01-30T23:40:00+00:00
[2024-01-31T00:40:23.975+0100] {processor.py:183} INFO - Processing /home/ubuntu/.local/lib/python3.10/site-packages/airflow/example_dags/example_branch_python_dop_operator_3.py took 0.167 seconds
[2024-01-31T00:41:35.011+0100] {processor.py:161} INFO - Started process (PID=12201) to work on /home/ubuntu/.local/lib/python3.10/site-packages/airflow/example_dags/example_branch_python_dop_operator_3.py
[2024-01-31T00:41:35.014+0100] {processor.py:830} INFO - Processing file /home/ubuntu/.local/lib/python3.10/site-packages/airflow/example_dags/example_branch_python_dop_operator_3.py for tasks to queue
[2024-01-31T00:41:35.015+0100] {logging_mixin.py:188} INFO - [2024-01-31T00:41:35.015+0100] {dagbag.py:538} INFO - Filling up the DagBag from /home/ubuntu/.local/lib/python3.10/site-packages/airflow/example_dags/example_branch_python_dop_operator_3.py
[2024-01-31T00:41:35.033+0100] {processor.py:840} INFO - DAG(s) 'example_branch_dop_operator_v3' retrieved from /home/ubuntu/.local/lib/python3.10/site-packages/airflow/example_dags/example_branch_python_dop_operator_3.py
[2024-01-31T00:41:35.056+0100] {logging_mixin.py:188} INFO - [2024-01-31T00:41:35.056+0100] {dag.py:3033} INFO - Sync 1 DAGs
[2024-01-31T00:41:35.097+0100] {logging_mixin.py:188} INFO - [2024-01-31T00:41:35.097+0100] {dag.py:3820} INFO - Setting next_dagrun for example_branch_dop_operator_v3 to 2024-01-30T23:40:00+00:00, run_after=2024-01-30T23:41:00+00:00
[2024-01-31T00:41:35.182+0100] {processor.py:183} INFO - Processing /home/ubuntu/.local/lib/python3.10/site-packages/airflow/example_dags/example_branch_python_dop_operator_3.py took 0.176 seconds
[2024-01-31T00:42:44.237+0100] {processor.py:161} INFO - Started process (PID=12263) to work on /home/ubuntu/.local/lib/python3.10/site-packages/airflow/example_dags/example_branch_python_dop_operator_3.py
[2024-01-31T00:42:44.240+0100] {processor.py:830} INFO - Processing file /home/ubuntu/.local/lib/python3.10/site-packages/airflow/example_dags/example_branch_python_dop_operator_3.py for tasks to queue
[2024-01-31T00:42:44.242+0100] {logging_mixin.py:188} INFO - [2024-01-31T00:42:44.241+0100] {dagbag.py:538} INFO - Filling up the DagBag from /home/ubuntu/.local/lib/python3.10/site-packages/airflow/example_dags/example_branch_python_dop_operator_3.py
[2024-01-31T00:42:44.256+0100] {processor.py:840} INFO - DAG(s) 'example_branch_dop_operator_v3' retrieved from /home/ubuntu/.local/lib/python3.10/site-packages/airflow/example_dags/example_branch_python_dop_operator_3.py
[2024-01-31T00:42:44.278+0100] {logging_mixin.py:188} INFO - [2024-01-31T00:42:44.278+0100] {dag.py:3033} INFO - Sync 1 DAGs
[2024-01-31T00:42:44.308+0100] {logging_mixin.py:188} INFO - [2024-01-31T00:42:44.308+0100] {dag.py:3820} INFO - Setting next_dagrun for example_branch_dop_operator_v3 to 2024-01-30T23:41:00+00:00, run_after=2024-01-30T23:42:00+00:00
[2024-01-31T00:42:44.389+0100] {processor.py:183} INFO - Processing /home/ubuntu/.local/lib/python3.10/site-packages/airflow/example_dags/example_branch_python_dop_operator_3.py took 0.158 seconds
[2024-01-31T00:43:49.033+0100] {processor.py:161} INFO - Started process (PID=12324) to work on /home/ubuntu/.local/lib/python3.10/site-packages/airflow/example_dags/example_branch_python_dop_operator_3.py
[2024-01-31T00:43:49.036+0100] {processor.py:830} INFO - Processing file /home/ubuntu/.local/lib/python3.10/site-packages/airflow/example_dags/example_branch_python_dop_operator_3.py for tasks to queue
[2024-01-31T00:43:49.038+0100] {logging_mixin.py:188} INFO - [2024-01-31T00:43:49.037+0100] {dagbag.py:538} INFO - Filling up the DagBag from /home/ubuntu/.local/lib/python3.10/site-packages/airflow/example_dags/example_branch_python_dop_operator_3.py
[2024-01-31T00:43:49.080+0100] {processor.py:840} INFO - DAG(s) 'example_branch_dop_operator_v3' retrieved from /home/ubuntu/.local/lib/python3.10/site-packages/airflow/example_dags/example_branch_python_dop_operator_3.py
[2024-01-31T00:43:49.167+0100] {logging_mixin.py:188} INFO - [2024-01-31T00:43:49.167+0100] {dag.py:3033} INFO - Sync 1 DAGs
[2024-01-31T00:43:49.326+0100] {logging_mixin.py:188} INFO - [2024-01-31T00:43:49.326+0100] {dag.py:3820} INFO - Setting next_dagrun for example_branch_dop_operator_v3 to 2024-01-30T23:42:00+00:00, run_after=2024-01-30T23:43:00+00:00
[2024-01-31T00:43:49.558+0100] {processor.py:183} INFO - Processing /home/ubuntu/.local/lib/python3.10/site-packages/airflow/example_dags/example_branch_python_dop_operator_3.py took 0.530 seconds
[2024-01-31T00:44:59.633+0100] {processor.py:161} INFO - Started process (PID=12385) to work on /home/ubuntu/.local/lib/python3.10/site-packages/airflow/example_dags/example_branch_python_dop_operator_3.py
[2024-01-31T00:44:59.663+0100] {processor.py:830} INFO - Processing file /home/ubuntu/.local/lib/python3.10/site-packages/airflow/example_dags/example_branch_python_dop_operator_3.py for tasks to queue
[2024-01-31T00:44:59.692+0100] {logging_mixin.py:188} INFO - [2024-01-31T00:44:59.692+0100] {dagbag.py:538} INFO - Filling up the DagBag from /home/ubuntu/.local/lib/python3.10/site-packages/airflow/example_dags/example_branch_python_dop_operator_3.py
[2024-01-31T00:44:59.715+0100] {processor.py:840} INFO - DAG(s) 'example_branch_dop_operator_v3' retrieved from /home/ubuntu/.local/lib/python3.10/site-packages/airflow/example_dags/example_branch_python_dop_operator_3.py
[2024-01-31T00:44:59.837+0100] {logging_mixin.py:188} INFO - [2024-01-31T00:44:59.837+0100] {dag.py:3033} INFO - Sync 1 DAGs
[2024-01-31T00:44:59.932+0100] {logging_mixin.py:188} INFO - [2024-01-31T00:44:59.931+0100] {dag.py:3820} INFO - Setting next_dagrun for example_branch_dop_operator_v3 to 2024-01-30T23:43:00+00:00, run_after=2024-01-30T23:44:00+00:00
[2024-01-31T00:44:59.975+0100] {processor.py:183} INFO - Processing /home/ubuntu/.local/lib/python3.10/site-packages/airflow/example_dags/example_branch_python_dop_operator_3.py took 0.349 seconds
[2024-01-31T00:46:05.123+0100] {processor.py:161} INFO - Started process (PID=12446) to work on /home/ubuntu/.local/lib/python3.10/site-packages/airflow/example_dags/example_branch_python_dop_operator_3.py
[2024-01-31T00:46:05.126+0100] {processor.py:830} INFO - Processing file /home/ubuntu/.local/lib/python3.10/site-packages/airflow/example_dags/example_branch_python_dop_operator_3.py for tasks to queue
[2024-01-31T00:46:05.128+0100] {logging_mixin.py:188} INFO - [2024-01-31T00:46:05.128+0100] {dagbag.py:538} INFO - Filling up the DagBag from /home/ubuntu/.local/lib/python3.10/site-packages/airflow/example_dags/example_branch_python_dop_operator_3.py
[2024-01-31T00:46:05.142+0100] {processor.py:840} INFO - DAG(s) 'example_branch_dop_operator_v3' retrieved from /home/ubuntu/.local/lib/python3.10/site-packages/airflow/example_dags/example_branch_python_dop_operator_3.py
[2024-01-31T00:46:05.175+0100] {logging_mixin.py:188} INFO - [2024-01-31T00:46:05.175+0100] {dag.py:3033} INFO - Sync 1 DAGs
[2024-01-31T00:46:05.232+0100] {logging_mixin.py:188} INFO - [2024-01-31T00:46:05.232+0100] {dag.py:3820} INFO - Setting next_dagrun for example_branch_dop_operator_v3 to 2024-01-30T23:45:00+00:00, run_after=2024-01-30T23:46:00+00:00
[2024-01-31T00:46:05.377+0100] {processor.py:183} INFO - Processing /home/ubuntu/.local/lib/python3.10/site-packages/airflow/example_dags/example_branch_python_dop_operator_3.py took 0.260 seconds
