[2024-01-30T23:17:48.221+0100] {processor.py:161} INFO - Started process (PID=6930) to work on /home/ubuntu/.local/lib/python3.10/site-packages/airflow/example_dags/example_short_circuit_decorator.py
[2024-01-30T23:17:48.223+0100] {processor.py:830} INFO - Processing file /home/ubuntu/.local/lib/python3.10/site-packages/airflow/example_dags/example_short_circuit_decorator.py for tasks to queue
[2024-01-30T23:17:48.226+0100] {logging_mixin.py:188} INFO - [2024-01-30T23:17:48.225+0100] {dagbag.py:538} INFO - Filling up the DagBag from /home/ubuntu/.local/lib/python3.10/site-packages/airflow/example_dags/example_short_circuit_decorator.py
[2024-01-30T23:17:48.296+0100] {processor.py:840} INFO - DAG(s) 'example_short_circuit_decorator' retrieved from /home/ubuntu/.local/lib/python3.10/site-packages/airflow/example_dags/example_short_circuit_decorator.py
[2024-01-30T23:17:49.023+0100] {logging_mixin.py:188} INFO - [2024-01-30T23:17:49.022+0100] {dag.py:3033} INFO - Sync 1 DAGs
[2024-01-30T23:17:49.077+0100] {logging_mixin.py:188} INFO - [2024-01-30T23:17:49.077+0100] {dag.py:3820} INFO - Setting next_dagrun for example_short_circuit_decorator to 2024-01-29T00:00:00+00:00, run_after=2024-01-30T00:00:00+00:00
[2024-01-30T23:17:49.530+0100] {processor.py:183} INFO - Processing /home/ubuntu/.local/lib/python3.10/site-packages/airflow/example_dags/example_short_circuit_decorator.py took 1.319 seconds
[2024-01-30T23:20:03.938+0100] {processor.py:161} INFO - Started process (PID=7633) to work on /home/ubuntu/.local/lib/python3.10/site-packages/airflow/example_dags/example_short_circuit_decorator.py
[2024-01-30T23:20:03.943+0100] {processor.py:830} INFO - Processing file /home/ubuntu/.local/lib/python3.10/site-packages/airflow/example_dags/example_short_circuit_decorator.py for tasks to queue
[2024-01-30T23:20:03.949+0100] {logging_mixin.py:188} INFO - [2024-01-30T23:20:03.948+0100] {dagbag.py:538} INFO - Filling up the DagBag from /home/ubuntu/.local/lib/python3.10/site-packages/airflow/example_dags/example_short_circuit_decorator.py
[2024-01-30T23:20:04.000+0100] {processor.py:840} INFO - DAG(s) 'example_short_circuit_decorator' retrieved from /home/ubuntu/.local/lib/python3.10/site-packages/airflow/example_dags/example_short_circuit_decorator.py
[2024-01-30T23:20:04.092+0100] {logging_mixin.py:188} INFO - [2024-01-30T23:20:04.088+0100] {dag.py:3033} INFO - Sync 1 DAGs
[2024-01-30T23:20:04.150+0100] {logging_mixin.py:188} INFO - [2024-01-30T23:20:04.149+0100] {dag.py:3820} INFO - Setting next_dagrun for example_short_circuit_decorator to 2024-01-29T00:00:00+00:00, run_after=2024-01-30T00:00:00+00:00
[2024-01-30T23:20:04.461+0100] {processor.py:183} INFO - Processing /home/ubuntu/.local/lib/python3.10/site-packages/airflow/example_dags/example_short_circuit_decorator.py took 0.536 seconds
[2024-01-30T23:22:58.521+0100] {processor.py:161} INFO - Started process (PID=7842) to work on /home/ubuntu/.local/lib/python3.10/site-packages/airflow/example_dags/example_short_circuit_decorator.py
[2024-01-30T23:22:58.551+0100] {processor.py:830} INFO - Processing file /home/ubuntu/.local/lib/python3.10/site-packages/airflow/example_dags/example_short_circuit_decorator.py for tasks to queue
[2024-01-30T23:22:58.557+0100] {logging_mixin.py:188} INFO - [2024-01-30T23:22:58.556+0100] {dagbag.py:538} INFO - Filling up the DagBag from /home/ubuntu/.local/lib/python3.10/site-packages/airflow/example_dags/example_short_circuit_decorator.py
[2024-01-30T23:22:58.585+0100] {processor.py:840} INFO - DAG(s) 'example_short_circuit_decorator' retrieved from /home/ubuntu/.local/lib/python3.10/site-packages/airflow/example_dags/example_short_circuit_decorator.py
[2024-01-30T23:22:58.691+0100] {logging_mixin.py:188} INFO - [2024-01-30T23:22:58.691+0100] {dag.py:3033} INFO - Sync 1 DAGs
[2024-01-30T23:22:58.757+0100] {logging_mixin.py:188} INFO - [2024-01-30T23:22:58.757+0100] {dag.py:3820} INFO - Setting next_dagrun for example_short_circuit_decorator to 2024-01-29T00:00:00+00:00, run_after=2024-01-30T00:00:00+00:00
[2024-01-30T23:22:58.981+0100] {processor.py:183} INFO - Processing /home/ubuntu/.local/lib/python3.10/site-packages/airflow/example_dags/example_short_circuit_decorator.py took 0.464 seconds
[2024-01-30T23:25:09.517+0100] {processor.py:161} INFO - Started process (PID=7937) to work on /home/ubuntu/.local/lib/python3.10/site-packages/airflow/example_dags/example_short_circuit_decorator.py
[2024-01-30T23:25:09.538+0100] {processor.py:830} INFO - Processing file /home/ubuntu/.local/lib/python3.10/site-packages/airflow/example_dags/example_short_circuit_decorator.py for tasks to queue
[2024-01-30T23:25:09.545+0100] {logging_mixin.py:188} INFO - [2024-01-30T23:25:09.539+0100] {dagbag.py:538} INFO - Filling up the DagBag from /home/ubuntu/.local/lib/python3.10/site-packages/airflow/example_dags/example_short_circuit_decorator.py
[2024-01-30T23:25:09.567+0100] {processor.py:840} INFO - DAG(s) 'example_short_circuit_decorator' retrieved from /home/ubuntu/.local/lib/python3.10/site-packages/airflow/example_dags/example_short_circuit_decorator.py
[2024-01-30T23:25:09.656+0100] {logging_mixin.py:188} INFO - [2024-01-30T23:25:09.646+0100] {dag.py:3033} INFO - Sync 1 DAGs
[2024-01-30T23:25:09.713+0100] {logging_mixin.py:188} INFO - [2024-01-30T23:25:09.713+0100] {dag.py:3820} INFO - Setting next_dagrun for example_short_circuit_decorator to 2024-01-29T00:00:00+00:00, run_after=2024-01-30T00:00:00+00:00
[2024-01-30T23:25:10.075+0100] {processor.py:183} INFO - Processing /home/ubuntu/.local/lib/python3.10/site-packages/airflow/example_dags/example_short_circuit_decorator.py took 0.565 seconds
[2024-01-30T23:26:34.322+0100] {processor.py:161} INFO - Started process (PID=8008) to work on /home/ubuntu/.local/lib/python3.10/site-packages/airflow/example_dags/example_short_circuit_decorator.py
[2024-01-30T23:26:34.345+0100] {processor.py:830} INFO - Processing file /home/ubuntu/.local/lib/python3.10/site-packages/airflow/example_dags/example_short_circuit_decorator.py for tasks to queue
[2024-01-30T23:26:34.361+0100] {logging_mixin.py:188} INFO - [2024-01-30T23:26:34.346+0100] {dagbag.py:538} INFO - Filling up the DagBag from /home/ubuntu/.local/lib/python3.10/site-packages/airflow/example_dags/example_short_circuit_decorator.py
[2024-01-30T23:26:34.381+0100] {processor.py:840} INFO - DAG(s) 'example_short_circuit_decorator' retrieved from /home/ubuntu/.local/lib/python3.10/site-packages/airflow/example_dags/example_short_circuit_decorator.py
[2024-01-30T23:26:34.634+0100] {logging_mixin.py:188} INFO - [2024-01-30T23:26:34.633+0100] {dag.py:3033} INFO - Sync 1 DAGs
[2024-01-30T23:26:34.662+0100] {logging_mixin.py:188} INFO - [2024-01-30T23:26:34.662+0100] {dag.py:3820} INFO - Setting next_dagrun for example_short_circuit_decorator to 2024-01-29T00:00:00+00:00, run_after=2024-01-30T00:00:00+00:00
[2024-01-30T23:26:34.707+0100] {processor.py:183} INFO - Processing /home/ubuntu/.local/lib/python3.10/site-packages/airflow/example_dags/example_short_circuit_decorator.py took 0.389 seconds
[2024-01-30T23:28:05.054+0100] {processor.py:161} INFO - Started process (PID=8098) to work on /home/ubuntu/.local/lib/python3.10/site-packages/airflow/example_dags/example_short_circuit_decorator.py
[2024-01-30T23:28:05.057+0100] {processor.py:830} INFO - Processing file /home/ubuntu/.local/lib/python3.10/site-packages/airflow/example_dags/example_short_circuit_decorator.py for tasks to queue
[2024-01-30T23:28:05.059+0100] {logging_mixin.py:188} INFO - [2024-01-30T23:28:05.059+0100] {dagbag.py:538} INFO - Filling up the DagBag from /home/ubuntu/.local/lib/python3.10/site-packages/airflow/example_dags/example_short_circuit_decorator.py
[2024-01-30T23:28:05.089+0100] {processor.py:840} INFO - DAG(s) 'example_short_circuit_decorator' retrieved from /home/ubuntu/.local/lib/python3.10/site-packages/airflow/example_dags/example_short_circuit_decorator.py
[2024-01-30T23:28:05.138+0100] {logging_mixin.py:188} INFO - [2024-01-30T23:28:05.138+0100] {dag.py:3033} INFO - Sync 1 DAGs
[2024-01-30T23:28:05.215+0100] {logging_mixin.py:188} INFO - [2024-01-30T23:28:05.215+0100] {dag.py:3820} INFO - Setting next_dagrun for example_short_circuit_decorator to 2024-01-29T00:00:00+00:00, run_after=2024-01-30T00:00:00+00:00
[2024-01-30T23:28:05.529+0100] {processor.py:183} INFO - Processing /home/ubuntu/.local/lib/python3.10/site-packages/airflow/example_dags/example_short_circuit_decorator.py took 0.500 seconds
[2024-01-30T23:29:27.868+0100] {processor.py:161} INFO - Started process (PID=8169) to work on /home/ubuntu/.local/lib/python3.10/site-packages/airflow/example_dags/example_short_circuit_decorator.py
[2024-01-30T23:29:27.877+0100] {processor.py:830} INFO - Processing file /home/ubuntu/.local/lib/python3.10/site-packages/airflow/example_dags/example_short_circuit_decorator.py for tasks to queue
[2024-01-30T23:29:27.879+0100] {logging_mixin.py:188} INFO - [2024-01-30T23:29:27.878+0100] {dagbag.py:538} INFO - Filling up the DagBag from /home/ubuntu/.local/lib/python3.10/site-packages/airflow/example_dags/example_short_circuit_decorator.py
[2024-01-30T23:29:27.892+0100] {processor.py:840} INFO - DAG(s) 'example_short_circuit_decorator' retrieved from /home/ubuntu/.local/lib/python3.10/site-packages/airflow/example_dags/example_short_circuit_decorator.py
[2024-01-30T23:29:27.921+0100] {logging_mixin.py:188} INFO - [2024-01-30T23:29:27.921+0100] {dag.py:3033} INFO - Sync 1 DAGs
[2024-01-30T23:29:27.949+0100] {logging_mixin.py:188} INFO - [2024-01-30T23:29:27.948+0100] {dag.py:3820} INFO - Setting next_dagrun for example_short_circuit_decorator to 2024-01-29T00:00:00+00:00, run_after=2024-01-30T00:00:00+00:00
[2024-01-30T23:29:27.997+0100] {processor.py:183} INFO - Processing /home/ubuntu/.local/lib/python3.10/site-packages/airflow/example_dags/example_short_circuit_decorator.py took 0.135 seconds
[2024-01-30T23:30:45.205+0100] {processor.py:161} INFO - Started process (PID=8249) to work on /home/ubuntu/.local/lib/python3.10/site-packages/airflow/example_dags/example_short_circuit_decorator.py
[2024-01-30T23:30:45.209+0100] {processor.py:830} INFO - Processing file /home/ubuntu/.local/lib/python3.10/site-packages/airflow/example_dags/example_short_circuit_decorator.py for tasks to queue
[2024-01-30T23:30:45.210+0100] {logging_mixin.py:188} INFO - [2024-01-30T23:30:45.209+0100] {dagbag.py:538} INFO - Filling up the DagBag from /home/ubuntu/.local/lib/python3.10/site-packages/airflow/example_dags/example_short_circuit_decorator.py
[2024-01-30T23:30:45.220+0100] {processor.py:840} INFO - DAG(s) 'example_short_circuit_decorator' retrieved from /home/ubuntu/.local/lib/python3.10/site-packages/airflow/example_dags/example_short_circuit_decorator.py
[2024-01-30T23:30:45.241+0100] {logging_mixin.py:188} INFO - [2024-01-30T23:30:45.241+0100] {dag.py:3033} INFO - Sync 1 DAGs
[2024-01-30T23:30:45.266+0100] {logging_mixin.py:188} INFO - [2024-01-30T23:30:45.266+0100] {dag.py:3820} INFO - Setting next_dagrun for example_short_circuit_decorator to 2024-01-29T00:00:00+00:00, run_after=2024-01-30T00:00:00+00:00
[2024-01-30T23:30:45.424+0100] {processor.py:183} INFO - Processing /home/ubuntu/.local/lib/python3.10/site-packages/airflow/example_dags/example_short_circuit_decorator.py took 0.223 seconds
[2024-01-30T23:32:01.256+0100] {processor.py:161} INFO - Started process (PID=8312) to work on /home/ubuntu/.local/lib/python3.10/site-packages/airflow/example_dags/example_short_circuit_decorator.py
[2024-01-30T23:32:01.259+0100] {processor.py:830} INFO - Processing file /home/ubuntu/.local/lib/python3.10/site-packages/airflow/example_dags/example_short_circuit_decorator.py for tasks to queue
[2024-01-30T23:32:01.261+0100] {logging_mixin.py:188} INFO - [2024-01-30T23:32:01.260+0100] {dagbag.py:538} INFO - Filling up the DagBag from /home/ubuntu/.local/lib/python3.10/site-packages/airflow/example_dags/example_short_circuit_decorator.py
[2024-01-30T23:32:01.293+0100] {processor.py:840} INFO - DAG(s) 'example_short_circuit_decorator' retrieved from /home/ubuntu/.local/lib/python3.10/site-packages/airflow/example_dags/example_short_circuit_decorator.py
[2024-01-30T23:32:01.357+0100] {logging_mixin.py:188} INFO - [2024-01-30T23:32:01.357+0100] {dag.py:3033} INFO - Sync 1 DAGs
[2024-01-30T23:32:01.414+0100] {logging_mixin.py:188} INFO - [2024-01-30T23:32:01.414+0100] {dag.py:3820} INFO - Setting next_dagrun for example_short_circuit_decorator to 2024-01-29T00:00:00+00:00, run_after=2024-01-30T00:00:00+00:00
[2024-01-30T23:32:01.555+0100] {processor.py:183} INFO - Processing /home/ubuntu/.local/lib/python3.10/site-packages/airflow/example_dags/example_short_circuit_decorator.py took 0.304 seconds
[2024-01-30T23:33:30.670+0100] {processor.py:161} INFO - Started process (PID=8394) to work on /home/ubuntu/.local/lib/python3.10/site-packages/airflow/example_dags/example_short_circuit_decorator.py
[2024-01-30T23:33:30.679+0100] {processor.py:830} INFO - Processing file /home/ubuntu/.local/lib/python3.10/site-packages/airflow/example_dags/example_short_circuit_decorator.py for tasks to queue
[2024-01-30T23:33:30.680+0100] {logging_mixin.py:188} INFO - [2024-01-30T23:33:30.680+0100] {dagbag.py:538} INFO - Filling up the DagBag from /home/ubuntu/.local/lib/python3.10/site-packages/airflow/example_dags/example_short_circuit_decorator.py
[2024-01-30T23:33:30.694+0100] {processor.py:840} INFO - DAG(s) 'example_short_circuit_decorator' retrieved from /home/ubuntu/.local/lib/python3.10/site-packages/airflow/example_dags/example_short_circuit_decorator.py
[2024-01-30T23:33:30.725+0100] {logging_mixin.py:188} INFO - [2024-01-30T23:33:30.724+0100] {dag.py:3033} INFO - Sync 1 DAGs
[2024-01-30T23:33:30.746+0100] {logging_mixin.py:188} INFO - [2024-01-30T23:33:30.746+0100] {dag.py:3820} INFO - Setting next_dagrun for example_short_circuit_decorator to 2024-01-29T00:00:00+00:00, run_after=2024-01-30T00:00:00+00:00
[2024-01-30T23:33:30.862+0100] {processor.py:183} INFO - Processing /home/ubuntu/.local/lib/python3.10/site-packages/airflow/example_dags/example_short_circuit_decorator.py took 0.207 seconds
[2024-01-30T23:34:54.907+0100] {processor.py:161} INFO - Started process (PID=8464) to work on /home/ubuntu/.local/lib/python3.10/site-packages/airflow/example_dags/example_short_circuit_decorator.py
[2024-01-30T23:34:54.912+0100] {processor.py:830} INFO - Processing file /home/ubuntu/.local/lib/python3.10/site-packages/airflow/example_dags/example_short_circuit_decorator.py for tasks to queue
[2024-01-30T23:34:54.914+0100] {logging_mixin.py:188} INFO - [2024-01-30T23:34:54.913+0100] {dagbag.py:538} INFO - Filling up the DagBag from /home/ubuntu/.local/lib/python3.10/site-packages/airflow/example_dags/example_short_circuit_decorator.py
[2024-01-30T23:34:54.929+0100] {processor.py:840} INFO - DAG(s) 'example_short_circuit_decorator' retrieved from /home/ubuntu/.local/lib/python3.10/site-packages/airflow/example_dags/example_short_circuit_decorator.py
[2024-01-30T23:34:54.962+0100] {logging_mixin.py:188} INFO - [2024-01-30T23:34:54.961+0100] {dag.py:3033} INFO - Sync 1 DAGs
[2024-01-30T23:34:54.990+0100] {logging_mixin.py:188} INFO - [2024-01-30T23:34:54.990+0100] {dag.py:3820} INFO - Setting next_dagrun for example_short_circuit_decorator to 2024-01-29T00:00:00+00:00, run_after=2024-01-30T00:00:00+00:00
[2024-01-30T23:34:55.100+0100] {processor.py:183} INFO - Processing /home/ubuntu/.local/lib/python3.10/site-packages/airflow/example_dags/example_short_circuit_decorator.py took 0.198 seconds
[2024-01-30T23:36:28.017+0100] {processor.py:161} INFO - Started process (PID=8540) to work on /home/ubuntu/.local/lib/python3.10/site-packages/airflow/example_dags/example_short_circuit_decorator.py
[2024-01-30T23:36:28.044+0100] {processor.py:830} INFO - Processing file /home/ubuntu/.local/lib/python3.10/site-packages/airflow/example_dags/example_short_circuit_decorator.py for tasks to queue
[2024-01-30T23:36:28.048+0100] {logging_mixin.py:188} INFO - [2024-01-30T23:36:28.047+0100] {dagbag.py:538} INFO - Filling up the DagBag from /home/ubuntu/.local/lib/python3.10/site-packages/airflow/example_dags/example_short_circuit_decorator.py
[2024-01-30T23:36:28.091+0100] {processor.py:840} INFO - DAG(s) 'example_short_circuit_decorator' retrieved from /home/ubuntu/.local/lib/python3.10/site-packages/airflow/example_dags/example_short_circuit_decorator.py
[2024-01-30T23:36:28.204+0100] {logging_mixin.py:188} INFO - [2024-01-30T23:36:28.204+0100] {dag.py:3033} INFO - Sync 1 DAGs
[2024-01-30T23:36:28.284+0100] {logging_mixin.py:188} INFO - [2024-01-30T23:36:28.280+0100] {dag.py:3820} INFO - Setting next_dagrun for example_short_circuit_decorator to 2024-01-29T00:00:00+00:00, run_after=2024-01-30T00:00:00+00:00
[2024-01-30T23:36:28.503+0100] {processor.py:183} INFO - Processing /home/ubuntu/.local/lib/python3.10/site-packages/airflow/example_dags/example_short_circuit_decorator.py took 0.501 seconds
[2024-01-30T23:38:04.313+0100] {processor.py:161} INFO - Started process (PID=8623) to work on /home/ubuntu/.local/lib/python3.10/site-packages/airflow/example_dags/example_short_circuit_decorator.py
[2024-01-30T23:38:04.335+0100] {processor.py:830} INFO - Processing file /home/ubuntu/.local/lib/python3.10/site-packages/airflow/example_dags/example_short_circuit_decorator.py for tasks to queue
[2024-01-30T23:38:04.336+0100] {logging_mixin.py:188} INFO - [2024-01-30T23:38:04.336+0100] {dagbag.py:538} INFO - Filling up the DagBag from /home/ubuntu/.local/lib/python3.10/site-packages/airflow/example_dags/example_short_circuit_decorator.py
[2024-01-30T23:38:04.378+0100] {processor.py:840} INFO - DAG(s) 'example_short_circuit_decorator' retrieved from /home/ubuntu/.local/lib/python3.10/site-packages/airflow/example_dags/example_short_circuit_decorator.py
[2024-01-30T23:38:04.462+0100] {logging_mixin.py:188} INFO - [2024-01-30T23:38:04.461+0100] {dag.py:3033} INFO - Sync 1 DAGs
[2024-01-30T23:38:04.542+0100] {logging_mixin.py:188} INFO - [2024-01-30T23:38:04.541+0100] {dag.py:3820} INFO - Setting next_dagrun for example_short_circuit_decorator to 2024-01-29T00:00:00+00:00, run_after=2024-01-30T00:00:00+00:00
[2024-01-30T23:38:04.784+0100] {processor.py:183} INFO - Processing /home/ubuntu/.local/lib/python3.10/site-packages/airflow/example_dags/example_short_circuit_decorator.py took 0.479 seconds
[2024-01-30T23:39:22.634+0100] {processor.py:161} INFO - Started process (PID=8689) to work on /home/ubuntu/.local/lib/python3.10/site-packages/airflow/example_dags/example_short_circuit_decorator.py
[2024-01-30T23:39:22.655+0100] {processor.py:830} INFO - Processing file /home/ubuntu/.local/lib/python3.10/site-packages/airflow/example_dags/example_short_circuit_decorator.py for tasks to queue
[2024-01-30T23:39:22.658+0100] {logging_mixin.py:188} INFO - [2024-01-30T23:39:22.657+0100] {dagbag.py:538} INFO - Filling up the DagBag from /home/ubuntu/.local/lib/python3.10/site-packages/airflow/example_dags/example_short_circuit_decorator.py
[2024-01-30T23:39:22.680+0100] {processor.py:840} INFO - DAG(s) 'example_short_circuit_decorator' retrieved from /home/ubuntu/.local/lib/python3.10/site-packages/airflow/example_dags/example_short_circuit_decorator.py
[2024-01-30T23:39:22.807+0100] {logging_mixin.py:188} INFO - [2024-01-30T23:39:22.807+0100] {dag.py:3033} INFO - Sync 1 DAGs
[2024-01-30T23:39:22.887+0100] {logging_mixin.py:188} INFO - [2024-01-30T23:39:22.887+0100] {dag.py:3820} INFO - Setting next_dagrun for example_short_circuit_decorator to 2024-01-29T00:00:00+00:00, run_after=2024-01-30T00:00:00+00:00
[2024-01-30T23:39:23.363+0100] {processor.py:183} INFO - Processing /home/ubuntu/.local/lib/python3.10/site-packages/airflow/example_dags/example_short_circuit_decorator.py took 0.742 seconds
[2024-01-30T23:40:39.268+0100] {processor.py:161} INFO - Started process (PID=8754) to work on /home/ubuntu/.local/lib/python3.10/site-packages/airflow/example_dags/example_short_circuit_decorator.py
[2024-01-30T23:40:39.277+0100] {processor.py:830} INFO - Processing file /home/ubuntu/.local/lib/python3.10/site-packages/airflow/example_dags/example_short_circuit_decorator.py for tasks to queue
[2024-01-30T23:40:39.279+0100] {logging_mixin.py:188} INFO - [2024-01-30T23:40:39.278+0100] {dagbag.py:538} INFO - Filling up the DagBag from /home/ubuntu/.local/lib/python3.10/site-packages/airflow/example_dags/example_short_circuit_decorator.py
[2024-01-30T23:40:39.292+0100] {processor.py:840} INFO - DAG(s) 'example_short_circuit_decorator' retrieved from /home/ubuntu/.local/lib/python3.10/site-packages/airflow/example_dags/example_short_circuit_decorator.py
[2024-01-30T23:40:39.320+0100] {logging_mixin.py:188} INFO - [2024-01-30T23:40:39.320+0100] {dag.py:3033} INFO - Sync 1 DAGs
[2024-01-30T23:40:39.386+0100] {logging_mixin.py:188} INFO - [2024-01-30T23:40:39.383+0100] {dag.py:3820} INFO - Setting next_dagrun for example_short_circuit_decorator to 2024-01-29T00:00:00+00:00, run_after=2024-01-30T00:00:00+00:00
[2024-01-30T23:40:39.505+0100] {processor.py:183} INFO - Processing /home/ubuntu/.local/lib/python3.10/site-packages/airflow/example_dags/example_short_circuit_decorator.py took 0.242 seconds
[2024-01-30T23:41:46.814+0100] {processor.py:161} INFO - Started process (PID=8814) to work on /home/ubuntu/.local/lib/python3.10/site-packages/airflow/example_dags/example_short_circuit_decorator.py
[2024-01-30T23:41:46.820+0100] {processor.py:830} INFO - Processing file /home/ubuntu/.local/lib/python3.10/site-packages/airflow/example_dags/example_short_circuit_decorator.py for tasks to queue
[2024-01-30T23:41:46.821+0100] {logging_mixin.py:188} INFO - [2024-01-30T23:41:46.821+0100] {dagbag.py:538} INFO - Filling up the DagBag from /home/ubuntu/.local/lib/python3.10/site-packages/airflow/example_dags/example_short_circuit_decorator.py
[2024-01-30T23:41:46.837+0100] {processor.py:840} INFO - DAG(s) 'example_short_circuit_decorator' retrieved from /home/ubuntu/.local/lib/python3.10/site-packages/airflow/example_dags/example_short_circuit_decorator.py
[2024-01-30T23:41:46.865+0100] {logging_mixin.py:188} INFO - [2024-01-30T23:41:46.865+0100] {dag.py:3033} INFO - Sync 1 DAGs
[2024-01-30T23:41:46.889+0100] {logging_mixin.py:188} INFO - [2024-01-30T23:41:46.889+0100] {dag.py:3820} INFO - Setting next_dagrun for example_short_circuit_decorator to 2024-01-29T00:00:00+00:00, run_after=2024-01-30T00:00:00+00:00
[2024-01-30T23:41:47.019+0100] {processor.py:183} INFO - Processing /home/ubuntu/.local/lib/python3.10/site-packages/airflow/example_dags/example_short_circuit_decorator.py took 0.209 seconds
[2024-01-30T23:42:59.942+0100] {processor.py:161} INFO - Started process (PID=8883) to work on /home/ubuntu/.local/lib/python3.10/site-packages/airflow/example_dags/example_short_circuit_decorator.py
[2024-01-30T23:42:59.984+0100] {processor.py:830} INFO - Processing file /home/ubuntu/.local/lib/python3.10/site-packages/airflow/example_dags/example_short_circuit_decorator.py for tasks to queue
[2024-01-30T23:42:59.986+0100] {logging_mixin.py:188} INFO - [2024-01-30T23:42:59.985+0100] {dagbag.py:538} INFO - Filling up the DagBag from /home/ubuntu/.local/lib/python3.10/site-packages/airflow/example_dags/example_short_circuit_decorator.py
[2024-01-30T23:43:00.026+0100] {processor.py:840} INFO - DAG(s) 'example_short_circuit_decorator' retrieved from /home/ubuntu/.local/lib/python3.10/site-packages/airflow/example_dags/example_short_circuit_decorator.py
[2024-01-30T23:43:00.104+0100] {logging_mixin.py:188} INFO - [2024-01-30T23:43:00.103+0100] {dag.py:3033} INFO - Sync 1 DAGs
[2024-01-30T23:43:00.233+0100] {logging_mixin.py:188} INFO - [2024-01-30T23:43:00.233+0100] {dag.py:3820} INFO - Setting next_dagrun for example_short_circuit_decorator to 2024-01-29T00:00:00+00:00, run_after=2024-01-30T00:00:00+00:00
[2024-01-30T23:43:00.339+0100] {processor.py:183} INFO - Processing /home/ubuntu/.local/lib/python3.10/site-packages/airflow/example_dags/example_short_circuit_decorator.py took 0.434 seconds
[2024-01-30T23:44:08.801+0100] {processor.py:161} INFO - Started process (PID=8945) to work on /home/ubuntu/.local/lib/python3.10/site-packages/airflow/example_dags/example_short_circuit_decorator.py
[2024-01-30T23:44:08.806+0100] {processor.py:830} INFO - Processing file /home/ubuntu/.local/lib/python3.10/site-packages/airflow/example_dags/example_short_circuit_decorator.py for tasks to queue
[2024-01-30T23:44:08.810+0100] {logging_mixin.py:188} INFO - [2024-01-30T23:44:08.809+0100] {dagbag.py:538} INFO - Filling up the DagBag from /home/ubuntu/.local/lib/python3.10/site-packages/airflow/example_dags/example_short_circuit_decorator.py
[2024-01-30T23:44:08.824+0100] {processor.py:840} INFO - DAG(s) 'example_short_circuit_decorator' retrieved from /home/ubuntu/.local/lib/python3.10/site-packages/airflow/example_dags/example_short_circuit_decorator.py
[2024-01-30T23:44:08.849+0100] {logging_mixin.py:188} INFO - [2024-01-30T23:44:08.849+0100] {dag.py:3033} INFO - Sync 1 DAGs
[2024-01-30T23:44:08.872+0100] {logging_mixin.py:188} INFO - [2024-01-30T23:44:08.871+0100] {dag.py:3820} INFO - Setting next_dagrun for example_short_circuit_decorator to 2024-01-29T00:00:00+00:00, run_after=2024-01-30T00:00:00+00:00
[2024-01-30T23:44:08.909+0100] {processor.py:183} INFO - Processing /home/ubuntu/.local/lib/python3.10/site-packages/airflow/example_dags/example_short_circuit_decorator.py took 0.112 seconds
[2024-01-30T23:45:15.918+0100] {processor.py:161} INFO - Started process (PID=9006) to work on /home/ubuntu/.local/lib/python3.10/site-packages/airflow/example_dags/example_short_circuit_decorator.py
[2024-01-30T23:45:15.943+0100] {processor.py:830} INFO - Processing file /home/ubuntu/.local/lib/python3.10/site-packages/airflow/example_dags/example_short_circuit_decorator.py for tasks to queue
[2024-01-30T23:45:15.947+0100] {logging_mixin.py:188} INFO - [2024-01-30T23:45:15.947+0100] {dagbag.py:538} INFO - Filling up the DagBag from /home/ubuntu/.local/lib/python3.10/site-packages/airflow/example_dags/example_short_circuit_decorator.py
[2024-01-30T23:45:15.983+0100] {processor.py:840} INFO - DAG(s) 'example_short_circuit_decorator' retrieved from /home/ubuntu/.local/lib/python3.10/site-packages/airflow/example_dags/example_short_circuit_decorator.py
[2024-01-30T23:45:16.054+0100] {logging_mixin.py:188} INFO - [2024-01-30T23:45:16.054+0100] {dag.py:3033} INFO - Sync 1 DAGs
[2024-01-30T23:45:16.095+0100] {logging_mixin.py:188} INFO - [2024-01-30T23:45:16.094+0100] {dag.py:3820} INFO - Setting next_dagrun for example_short_circuit_decorator to 2024-01-29T00:00:00+00:00, run_after=2024-01-30T00:00:00+00:00
[2024-01-30T23:45:16.262+0100] {processor.py:183} INFO - Processing /home/ubuntu/.local/lib/python3.10/site-packages/airflow/example_dags/example_short_circuit_decorator.py took 0.363 seconds
[2024-01-30T23:46:25.098+0100] {processor.py:161} INFO - Started process (PID=9083) to work on /home/ubuntu/.local/lib/python3.10/site-packages/airflow/example_dags/example_short_circuit_decorator.py
[2024-01-30T23:46:25.106+0100] {processor.py:830} INFO - Processing file /home/ubuntu/.local/lib/python3.10/site-packages/airflow/example_dags/example_short_circuit_decorator.py for tasks to queue
[2024-01-30T23:46:25.108+0100] {logging_mixin.py:188} INFO - [2024-01-30T23:46:25.107+0100] {dagbag.py:538} INFO - Filling up the DagBag from /home/ubuntu/.local/lib/python3.10/site-packages/airflow/example_dags/example_short_circuit_decorator.py
[2024-01-30T23:46:25.119+0100] {processor.py:840} INFO - DAG(s) 'example_short_circuit_decorator' retrieved from /home/ubuntu/.local/lib/python3.10/site-packages/airflow/example_dags/example_short_circuit_decorator.py
[2024-01-30T23:46:25.143+0100] {logging_mixin.py:188} INFO - [2024-01-30T23:46:25.143+0100] {dag.py:3033} INFO - Sync 1 DAGs
[2024-01-30T23:46:25.163+0100] {logging_mixin.py:188} INFO - [2024-01-30T23:46:25.163+0100] {dag.py:3820} INFO - Setting next_dagrun for example_short_circuit_decorator to 2024-01-29T00:00:00+00:00, run_after=2024-01-30T00:00:00+00:00
[2024-01-30T23:46:25.327+0100] {processor.py:183} INFO - Processing /home/ubuntu/.local/lib/python3.10/site-packages/airflow/example_dags/example_short_circuit_decorator.py took 0.233 seconds
[2024-01-30T23:47:30.354+0100] {processor.py:161} INFO - Started process (PID=9150) to work on /home/ubuntu/.local/lib/python3.10/site-packages/airflow/example_dags/example_short_circuit_decorator.py
[2024-01-30T23:47:30.358+0100] {processor.py:830} INFO - Processing file /home/ubuntu/.local/lib/python3.10/site-packages/airflow/example_dags/example_short_circuit_decorator.py for tasks to queue
[2024-01-30T23:47:30.359+0100] {logging_mixin.py:188} INFO - [2024-01-30T23:47:30.359+0100] {dagbag.py:538} INFO - Filling up the DagBag from /home/ubuntu/.local/lib/python3.10/site-packages/airflow/example_dags/example_short_circuit_decorator.py
[2024-01-30T23:47:30.372+0100] {processor.py:840} INFO - DAG(s) 'example_short_circuit_decorator' retrieved from /home/ubuntu/.local/lib/python3.10/site-packages/airflow/example_dags/example_short_circuit_decorator.py
[2024-01-30T23:47:30.402+0100] {logging_mixin.py:188} INFO - [2024-01-30T23:47:30.402+0100] {dag.py:3033} INFO - Sync 1 DAGs
[2024-01-30T23:47:30.422+0100] {logging_mixin.py:188} INFO - [2024-01-30T23:47:30.422+0100] {dag.py:3820} INFO - Setting next_dagrun for example_short_circuit_decorator to 2024-01-29T00:00:00+00:00, run_after=2024-01-30T00:00:00+00:00
[2024-01-30T23:47:30.564+0100] {processor.py:183} INFO - Processing /home/ubuntu/.local/lib/python3.10/site-packages/airflow/example_dags/example_short_circuit_decorator.py took 0.216 seconds
[2024-01-30T23:48:37.218+0100] {processor.py:161} INFO - Started process (PID=9210) to work on /home/ubuntu/.local/lib/python3.10/site-packages/airflow/example_dags/example_short_circuit_decorator.py
[2024-01-30T23:48:37.221+0100] {processor.py:830} INFO - Processing file /home/ubuntu/.local/lib/python3.10/site-packages/airflow/example_dags/example_short_circuit_decorator.py for tasks to queue
[2024-01-30T23:48:37.222+0100] {logging_mixin.py:188} INFO - [2024-01-30T23:48:37.222+0100] {dagbag.py:538} INFO - Filling up the DagBag from /home/ubuntu/.local/lib/python3.10/site-packages/airflow/example_dags/example_short_circuit_decorator.py
[2024-01-30T23:48:37.243+0100] {processor.py:840} INFO - DAG(s) 'example_short_circuit_decorator' retrieved from /home/ubuntu/.local/lib/python3.10/site-packages/airflow/example_dags/example_short_circuit_decorator.py
[2024-01-30T23:48:37.271+0100] {logging_mixin.py:188} INFO - [2024-01-30T23:48:37.270+0100] {dag.py:3033} INFO - Sync 1 DAGs
[2024-01-30T23:48:37.349+0100] {logging_mixin.py:188} INFO - [2024-01-30T23:48:37.349+0100] {dag.py:3820} INFO - Setting next_dagrun for example_short_circuit_decorator to 2024-01-29T00:00:00+00:00, run_after=2024-01-30T00:00:00+00:00
[2024-01-30T23:48:37.546+0100] {processor.py:183} INFO - Processing /home/ubuntu/.local/lib/python3.10/site-packages/airflow/example_dags/example_short_circuit_decorator.py took 0.337 seconds
[2024-01-30T23:49:41.635+0100] {processor.py:161} INFO - Started process (PID=9269) to work on /home/ubuntu/.local/lib/python3.10/site-packages/airflow/example_dags/example_short_circuit_decorator.py
[2024-01-30T23:49:41.637+0100] {processor.py:830} INFO - Processing file /home/ubuntu/.local/lib/python3.10/site-packages/airflow/example_dags/example_short_circuit_decorator.py for tasks to queue
[2024-01-30T23:49:41.639+0100] {logging_mixin.py:188} INFO - [2024-01-30T23:49:41.638+0100] {dagbag.py:538} INFO - Filling up the DagBag from /home/ubuntu/.local/lib/python3.10/site-packages/airflow/example_dags/example_short_circuit_decorator.py
[2024-01-30T23:49:41.651+0100] {processor.py:840} INFO - DAG(s) 'example_short_circuit_decorator' retrieved from /home/ubuntu/.local/lib/python3.10/site-packages/airflow/example_dags/example_short_circuit_decorator.py
[2024-01-30T23:49:41.679+0100] {logging_mixin.py:188} INFO - [2024-01-30T23:49:41.678+0100] {dag.py:3033} INFO - Sync 1 DAGs
[2024-01-30T23:49:41.714+0100] {logging_mixin.py:188} INFO - [2024-01-30T23:49:41.714+0100] {dag.py:3820} INFO - Setting next_dagrun for example_short_circuit_decorator to 2024-01-29T00:00:00+00:00, run_after=2024-01-30T00:00:00+00:00
[2024-01-30T23:49:41.770+0100] {processor.py:183} INFO - Processing /home/ubuntu/.local/lib/python3.10/site-packages/airflow/example_dags/example_short_circuit_decorator.py took 0.149 seconds
[2024-01-30T23:50:46.295+0100] {processor.py:161} INFO - Started process (PID=9331) to work on /home/ubuntu/.local/lib/python3.10/site-packages/airflow/example_dags/example_short_circuit_decorator.py
[2024-01-30T23:50:46.313+0100] {processor.py:830} INFO - Processing file /home/ubuntu/.local/lib/python3.10/site-packages/airflow/example_dags/example_short_circuit_decorator.py for tasks to queue
[2024-01-30T23:50:46.314+0100] {logging_mixin.py:188} INFO - [2024-01-30T23:50:46.314+0100] {dagbag.py:538} INFO - Filling up the DagBag from /home/ubuntu/.local/lib/python3.10/site-packages/airflow/example_dags/example_short_circuit_decorator.py
[2024-01-30T23:50:46.328+0100] {processor.py:840} INFO - DAG(s) 'example_short_circuit_decorator' retrieved from /home/ubuntu/.local/lib/python3.10/site-packages/airflow/example_dags/example_short_circuit_decorator.py
[2024-01-30T23:50:46.355+0100] {logging_mixin.py:188} INFO - [2024-01-30T23:50:46.355+0100] {dag.py:3033} INFO - Sync 1 DAGs
[2024-01-30T23:50:46.377+0100] {logging_mixin.py:188} INFO - [2024-01-30T23:50:46.377+0100] {dag.py:3820} INFO - Setting next_dagrun for example_short_circuit_decorator to 2024-01-29T00:00:00+00:00, run_after=2024-01-30T00:00:00+00:00
[2024-01-30T23:50:46.518+0100] {processor.py:183} INFO - Processing /home/ubuntu/.local/lib/python3.10/site-packages/airflow/example_dags/example_short_circuit_decorator.py took 0.228 seconds
[2024-01-30T23:51:53.911+0100] {processor.py:161} INFO - Started process (PID=9452) to work on /home/ubuntu/.local/lib/python3.10/site-packages/airflow/example_dags/example_short_circuit_decorator.py
[2024-01-30T23:51:53.931+0100] {processor.py:830} INFO - Processing file /home/ubuntu/.local/lib/python3.10/site-packages/airflow/example_dags/example_short_circuit_decorator.py for tasks to queue
[2024-01-30T23:51:53.947+0100] {logging_mixin.py:188} INFO - [2024-01-30T23:51:53.944+0100] {dagbag.py:538} INFO - Filling up the DagBag from /home/ubuntu/.local/lib/python3.10/site-packages/airflow/example_dags/example_short_circuit_decorator.py
[2024-01-30T23:51:53.987+0100] {processor.py:840} INFO - DAG(s) 'example_short_circuit_decorator' retrieved from /home/ubuntu/.local/lib/python3.10/site-packages/airflow/example_dags/example_short_circuit_decorator.py
[2024-01-30T23:51:54.056+0100] {logging_mixin.py:188} INFO - [2024-01-30T23:51:54.056+0100] {dag.py:3033} INFO - Sync 1 DAGs
[2024-01-30T23:51:54.131+0100] {logging_mixin.py:188} INFO - [2024-01-30T23:51:54.127+0100] {dag.py:3820} INFO - Setting next_dagrun for example_short_circuit_decorator to 2024-01-29T00:00:00+00:00, run_after=2024-01-30T00:00:00+00:00
[2024-01-30T23:51:54.415+0100] {processor.py:183} INFO - Processing /home/ubuntu/.local/lib/python3.10/site-packages/airflow/example_dags/example_short_circuit_decorator.py took 0.541 seconds
[2024-01-30T23:53:51.675+0100] {processor.py:161} INFO - Started process (PID=9556) to work on /home/ubuntu/.local/lib/python3.10/site-packages/airflow/example_dags/example_short_circuit_decorator.py
[2024-01-30T23:53:51.707+0100] {processor.py:830} INFO - Processing file /home/ubuntu/.local/lib/python3.10/site-packages/airflow/example_dags/example_short_circuit_decorator.py for tasks to queue
[2024-01-30T23:53:51.713+0100] {logging_mixin.py:188} INFO - [2024-01-30T23:53:51.713+0100] {dagbag.py:538} INFO - Filling up the DagBag from /home/ubuntu/.local/lib/python3.10/site-packages/airflow/example_dags/example_short_circuit_decorator.py
[2024-01-30T23:53:51.755+0100] {processor.py:840} INFO - DAG(s) 'example_short_circuit_decorator' retrieved from /home/ubuntu/.local/lib/python3.10/site-packages/airflow/example_dags/example_short_circuit_decorator.py
[2024-01-30T23:53:51.848+0100] {logging_mixin.py:188} INFO - [2024-01-30T23:53:51.847+0100] {dag.py:3033} INFO - Sync 1 DAGs
[2024-01-30T23:53:51.916+0100] {logging_mixin.py:188} INFO - [2024-01-30T23:53:51.916+0100] {dag.py:3820} INFO - Setting next_dagrun for example_short_circuit_decorator to 2024-01-29T00:00:00+00:00, run_after=2024-01-30T00:00:00+00:00
[2024-01-30T23:53:52.281+0100] {processor.py:183} INFO - Processing /home/ubuntu/.local/lib/python3.10/site-packages/airflow/example_dags/example_short_circuit_decorator.py took 0.615 seconds
[2024-01-30T23:56:00.212+0100] {processor.py:161} INFO - Started process (PID=9639) to work on /home/ubuntu/.local/lib/python3.10/site-packages/airflow/example_dags/example_short_circuit_decorator.py
[2024-01-30T23:56:00.244+0100] {processor.py:830} INFO - Processing file /home/ubuntu/.local/lib/python3.10/site-packages/airflow/example_dags/example_short_circuit_decorator.py for tasks to queue
[2024-01-30T23:56:00.245+0100] {logging_mixin.py:188} INFO - [2024-01-30T23:56:00.244+0100] {dagbag.py:538} INFO - Filling up the DagBag from /home/ubuntu/.local/lib/python3.10/site-packages/airflow/example_dags/example_short_circuit_decorator.py
[2024-01-30T23:56:00.275+0100] {processor.py:840} INFO - DAG(s) 'example_short_circuit_decorator' retrieved from /home/ubuntu/.local/lib/python3.10/site-packages/airflow/example_dags/example_short_circuit_decorator.py
[2024-01-30T23:56:00.350+0100] {logging_mixin.py:188} INFO - [2024-01-30T23:56:00.349+0100] {dag.py:3033} INFO - Sync 1 DAGs
[2024-01-30T23:56:00.393+0100] {logging_mixin.py:188} INFO - [2024-01-30T23:56:00.393+0100] {dag.py:3820} INFO - Setting next_dagrun for example_short_circuit_decorator to 2024-01-29T00:00:00+00:00, run_after=2024-01-30T00:00:00+00:00
[2024-01-30T23:56:00.631+0100] {processor.py:183} INFO - Processing /home/ubuntu/.local/lib/python3.10/site-packages/airflow/example_dags/example_short_circuit_decorator.py took 0.425 seconds
[2024-01-30T23:58:16.809+0100] {processor.py:161} INFO - Started process (PID=9737) to work on /home/ubuntu/.local/lib/python3.10/site-packages/airflow/example_dags/example_short_circuit_decorator.py
[2024-01-30T23:58:16.852+0100] {processor.py:830} INFO - Processing file /home/ubuntu/.local/lib/python3.10/site-packages/airflow/example_dags/example_short_circuit_decorator.py for tasks to queue
[2024-01-30T23:58:16.854+0100] {logging_mixin.py:188} INFO - [2024-01-30T23:58:16.853+0100] {dagbag.py:538} INFO - Filling up the DagBag from /home/ubuntu/.local/lib/python3.10/site-packages/airflow/example_dags/example_short_circuit_decorator.py
[2024-01-30T23:58:16.904+0100] {processor.py:840} INFO - DAG(s) 'example_short_circuit_decorator' retrieved from /home/ubuntu/.local/lib/python3.10/site-packages/airflow/example_dags/example_short_circuit_decorator.py
[2024-01-30T23:58:17.003+0100] {logging_mixin.py:188} INFO - [2024-01-30T23:58:16.999+0100] {dag.py:3033} INFO - Sync 1 DAGs
[2024-01-30T23:58:17.094+0100] {logging_mixin.py:188} INFO - [2024-01-30T23:58:17.094+0100] {dag.py:3820} INFO - Setting next_dagrun for example_short_circuit_decorator to 2024-01-29T00:00:00+00:00, run_after=2024-01-30T00:00:00+00:00
[2024-01-30T23:58:17.528+0100] {processor.py:183} INFO - Processing /home/ubuntu/.local/lib/python3.10/site-packages/airflow/example_dags/example_short_circuit_decorator.py took 0.746 seconds
[2024-01-31T00:00:45.907+0100] {processor.py:161} INFO - Started process (PID=9867) to work on /home/ubuntu/.local/lib/python3.10/site-packages/airflow/example_dags/example_short_circuit_decorator.py
[2024-01-31T00:00:45.949+0100] {processor.py:830} INFO - Processing file /home/ubuntu/.local/lib/python3.10/site-packages/airflow/example_dags/example_short_circuit_decorator.py for tasks to queue
[2024-01-31T00:00:45.950+0100] {logging_mixin.py:188} INFO - [2024-01-31T00:00:45.950+0100] {dagbag.py:538} INFO - Filling up the DagBag from /home/ubuntu/.local/lib/python3.10/site-packages/airflow/example_dags/example_short_circuit_decorator.py
[2024-01-31T00:00:45.982+0100] {processor.py:840} INFO - DAG(s) 'example_short_circuit_decorator' retrieved from /home/ubuntu/.local/lib/python3.10/site-packages/airflow/example_dags/example_short_circuit_decorator.py
[2024-01-31T00:00:46.182+0100] {logging_mixin.py:188} INFO - [2024-01-31T00:00:46.177+0100] {dag.py:3033} INFO - Sync 1 DAGs
[2024-01-31T00:00:46.259+0100] {logging_mixin.py:188} INFO - [2024-01-31T00:00:46.258+0100] {dag.py:3820} INFO - Setting next_dagrun for example_short_circuit_decorator to 2024-01-29T00:00:00+00:00, run_after=2024-01-30T00:00:00+00:00
[2024-01-31T00:00:46.582+0100] {processor.py:183} INFO - Processing /home/ubuntu/.local/lib/python3.10/site-packages/airflow/example_dags/example_short_circuit_decorator.py took 0.694 seconds
[2024-01-31T00:03:11.154+0100] {processor.py:161} INFO - Started process (PID=9977) to work on /home/ubuntu/.local/lib/python3.10/site-packages/airflow/example_dags/example_short_circuit_decorator.py
[2024-01-31T00:03:11.170+0100] {processor.py:830} INFO - Processing file /home/ubuntu/.local/lib/python3.10/site-packages/airflow/example_dags/example_short_circuit_decorator.py for tasks to queue
[2024-01-31T00:03:11.171+0100] {logging_mixin.py:188} INFO - [2024-01-31T00:03:11.171+0100] {dagbag.py:538} INFO - Filling up the DagBag from /home/ubuntu/.local/lib/python3.10/site-packages/airflow/example_dags/example_short_circuit_decorator.py
[2024-01-31T00:03:11.196+0100] {processor.py:840} INFO - DAG(s) 'example_short_circuit_decorator' retrieved from /home/ubuntu/.local/lib/python3.10/site-packages/airflow/example_dags/example_short_circuit_decorator.py
[2024-01-31T00:03:11.260+0100] {logging_mixin.py:188} INFO - [2024-01-31T00:03:11.248+0100] {dag.py:3033} INFO - Sync 1 DAGs
[2024-01-31T00:03:11.332+0100] {logging_mixin.py:188} INFO - [2024-01-31T00:03:11.332+0100] {dag.py:3820} INFO - Setting next_dagrun for example_short_circuit_decorator to 2024-01-29T00:00:00+00:00, run_after=2024-01-30T00:00:00+00:00
[2024-01-31T00:03:11.418+0100] {processor.py:183} INFO - Processing /home/ubuntu/.local/lib/python3.10/site-packages/airflow/example_dags/example_short_circuit_decorator.py took 0.269 seconds
[2024-01-31T00:04:28.198+0100] {processor.py:161} INFO - Started process (PID=10042) to work on /home/ubuntu/.local/lib/python3.10/site-packages/airflow/example_dags/example_short_circuit_decorator.py
[2024-01-31T00:04:28.200+0100] {processor.py:830} INFO - Processing file /home/ubuntu/.local/lib/python3.10/site-packages/airflow/example_dags/example_short_circuit_decorator.py for tasks to queue
[2024-01-31T00:04:28.202+0100] {logging_mixin.py:188} INFO - [2024-01-31T00:04:28.202+0100] {dagbag.py:538} INFO - Filling up the DagBag from /home/ubuntu/.local/lib/python3.10/site-packages/airflow/example_dags/example_short_circuit_decorator.py
[2024-01-31T00:04:28.217+0100] {processor.py:840} INFO - DAG(s) 'example_short_circuit_decorator' retrieved from /home/ubuntu/.local/lib/python3.10/site-packages/airflow/example_dags/example_short_circuit_decorator.py
[2024-01-31T00:04:28.246+0100] {logging_mixin.py:188} INFO - [2024-01-31T00:04:28.246+0100] {dag.py:3033} INFO - Sync 1 DAGs
[2024-01-31T00:04:28.271+0100] {logging_mixin.py:188} INFO - [2024-01-31T00:04:28.270+0100] {dag.py:3820} INFO - Setting next_dagrun for example_short_circuit_decorator to 2024-01-29T00:00:00+00:00, run_after=2024-01-30T00:00:00+00:00
[2024-01-31T00:04:28.368+0100] {processor.py:183} INFO - Processing /home/ubuntu/.local/lib/python3.10/site-packages/airflow/example_dags/example_short_circuit_decorator.py took 0.176 seconds
[2024-01-31T00:05:40.099+0100] {processor.py:161} INFO - Started process (PID=10104) to work on /home/ubuntu/.local/lib/python3.10/site-packages/airflow/example_dags/example_short_circuit_decorator.py
[2024-01-31T00:05:40.114+0100] {processor.py:830} INFO - Processing file /home/ubuntu/.local/lib/python3.10/site-packages/airflow/example_dags/example_short_circuit_decorator.py for tasks to queue
[2024-01-31T00:05:40.116+0100] {logging_mixin.py:188} INFO - [2024-01-31T00:05:40.115+0100] {dagbag.py:538} INFO - Filling up the DagBag from /home/ubuntu/.local/lib/python3.10/site-packages/airflow/example_dags/example_short_circuit_decorator.py
[2024-01-31T00:05:40.155+0100] {processor.py:840} INFO - DAG(s) 'example_short_circuit_decorator' retrieved from /home/ubuntu/.local/lib/python3.10/site-packages/airflow/example_dags/example_short_circuit_decorator.py
[2024-01-31T00:05:40.297+0100] {logging_mixin.py:188} INFO - [2024-01-31T00:05:40.297+0100] {dag.py:3033} INFO - Sync 1 DAGs
[2024-01-31T00:05:40.389+0100] {logging_mixin.py:188} INFO - [2024-01-31T00:05:40.389+0100] {dag.py:3820} INFO - Setting next_dagrun for example_short_circuit_decorator to 2024-01-29T00:00:00+00:00, run_after=2024-01-30T00:00:00+00:00
[2024-01-31T00:05:40.651+0100] {processor.py:183} INFO - Processing /home/ubuntu/.local/lib/python3.10/site-packages/airflow/example_dags/example_short_circuit_decorator.py took 0.558 seconds
[2024-01-31T00:06:53.434+0100] {processor.py:161} INFO - Started process (PID=10167) to work on /home/ubuntu/.local/lib/python3.10/site-packages/airflow/example_dags/example_short_circuit_decorator.py
[2024-01-31T00:06:53.437+0100] {processor.py:830} INFO - Processing file /home/ubuntu/.local/lib/python3.10/site-packages/airflow/example_dags/example_short_circuit_decorator.py for tasks to queue
[2024-01-31T00:06:53.440+0100] {logging_mixin.py:188} INFO - [2024-01-31T00:06:53.438+0100] {dagbag.py:538} INFO - Filling up the DagBag from /home/ubuntu/.local/lib/python3.10/site-packages/airflow/example_dags/example_short_circuit_decorator.py
[2024-01-31T00:06:53.455+0100] {processor.py:840} INFO - DAG(s) 'example_short_circuit_decorator' retrieved from /home/ubuntu/.local/lib/python3.10/site-packages/airflow/example_dags/example_short_circuit_decorator.py
[2024-01-31T00:06:53.488+0100] {logging_mixin.py:188} INFO - [2024-01-31T00:06:53.488+0100] {dag.py:3033} INFO - Sync 1 DAGs
[2024-01-31T00:06:53.526+0100] {logging_mixin.py:188} INFO - [2024-01-31T00:06:53.525+0100] {dag.py:3820} INFO - Setting next_dagrun for example_short_circuit_decorator to 2024-01-29T00:00:00+00:00, run_after=2024-01-30T00:00:00+00:00
[2024-01-31T00:06:53.675+0100] {processor.py:183} INFO - Processing /home/ubuntu/.local/lib/python3.10/site-packages/airflow/example_dags/example_short_circuit_decorator.py took 0.246 seconds
[2024-01-31T00:08:06.418+0100] {processor.py:161} INFO - Started process (PID=10236) to work on /home/ubuntu/.local/lib/python3.10/site-packages/airflow/example_dags/example_short_circuit_decorator.py
[2024-01-31T00:08:06.422+0100] {processor.py:830} INFO - Processing file /home/ubuntu/.local/lib/python3.10/site-packages/airflow/example_dags/example_short_circuit_decorator.py for tasks to queue
[2024-01-31T00:08:06.424+0100] {logging_mixin.py:188} INFO - [2024-01-31T00:08:06.423+0100] {dagbag.py:538} INFO - Filling up the DagBag from /home/ubuntu/.local/lib/python3.10/site-packages/airflow/example_dags/example_short_circuit_decorator.py
[2024-01-31T00:08:06.437+0100] {processor.py:840} INFO - DAG(s) 'example_short_circuit_decorator' retrieved from /home/ubuntu/.local/lib/python3.10/site-packages/airflow/example_dags/example_short_circuit_decorator.py
[2024-01-31T00:08:06.465+0100] {logging_mixin.py:188} INFO - [2024-01-31T00:08:06.465+0100] {dag.py:3033} INFO - Sync 1 DAGs
[2024-01-31T00:08:06.535+0100] {logging_mixin.py:188} INFO - [2024-01-31T00:08:06.535+0100] {dag.py:3820} INFO - Setting next_dagrun for example_short_circuit_decorator to 2024-01-29T00:00:00+00:00, run_after=2024-01-30T00:00:00+00:00
[2024-01-31T00:08:06.611+0100] {processor.py:183} INFO - Processing /home/ubuntu/.local/lib/python3.10/site-packages/airflow/example_dags/example_short_circuit_decorator.py took 0.199 seconds
[2024-01-31T00:09:15.405+0100] {processor.py:161} INFO - Started process (PID=10296) to work on /home/ubuntu/.local/lib/python3.10/site-packages/airflow/example_dags/example_short_circuit_decorator.py
[2024-01-31T00:09:15.419+0100] {processor.py:830} INFO - Processing file /home/ubuntu/.local/lib/python3.10/site-packages/airflow/example_dags/example_short_circuit_decorator.py for tasks to queue
[2024-01-31T00:09:15.424+0100] {logging_mixin.py:188} INFO - [2024-01-31T00:09:15.423+0100] {dagbag.py:538} INFO - Filling up the DagBag from /home/ubuntu/.local/lib/python3.10/site-packages/airflow/example_dags/example_short_circuit_decorator.py
[2024-01-31T00:09:15.434+0100] {processor.py:840} INFO - DAG(s) 'example_short_circuit_decorator' retrieved from /home/ubuntu/.local/lib/python3.10/site-packages/airflow/example_dags/example_short_circuit_decorator.py
[2024-01-31T00:09:15.461+0100] {logging_mixin.py:188} INFO - [2024-01-31T00:09:15.461+0100] {dag.py:3033} INFO - Sync 1 DAGs
[2024-01-31T00:09:15.479+0100] {logging_mixin.py:188} INFO - [2024-01-31T00:09:15.479+0100] {dag.py:3820} INFO - Setting next_dagrun for example_short_circuit_decorator to 2024-01-29T00:00:00+00:00, run_after=2024-01-30T00:00:00+00:00
[2024-01-31T00:09:15.565+0100] {processor.py:183} INFO - Processing /home/ubuntu/.local/lib/python3.10/site-packages/airflow/example_dags/example_short_circuit_decorator.py took 0.165 seconds
[2024-01-31T00:10:29.133+0100] {processor.py:161} INFO - Started process (PID=10359) to work on /home/ubuntu/.local/lib/python3.10/site-packages/airflow/example_dags/example_short_circuit_decorator.py
[2024-01-31T00:10:29.141+0100] {processor.py:830} INFO - Processing file /home/ubuntu/.local/lib/python3.10/site-packages/airflow/example_dags/example_short_circuit_decorator.py for tasks to queue
[2024-01-31T00:10:29.153+0100] {logging_mixin.py:188} INFO - [2024-01-31T00:10:29.142+0100] {dagbag.py:538} INFO - Filling up the DagBag from /home/ubuntu/.local/lib/python3.10/site-packages/airflow/example_dags/example_short_circuit_decorator.py
[2024-01-31T00:10:29.173+0100] {processor.py:840} INFO - DAG(s) 'example_short_circuit_decorator' retrieved from /home/ubuntu/.local/lib/python3.10/site-packages/airflow/example_dags/example_short_circuit_decorator.py
[2024-01-31T00:10:29.201+0100] {logging_mixin.py:188} INFO - [2024-01-31T00:10:29.201+0100] {dag.py:3033} INFO - Sync 1 DAGs
[2024-01-31T00:10:29.240+0100] {logging_mixin.py:188} INFO - [2024-01-31T00:10:29.240+0100] {dag.py:3820} INFO - Setting next_dagrun for example_short_circuit_decorator to 2024-01-29T00:00:00+00:00, run_after=2024-01-30T00:00:00+00:00
[2024-01-31T00:10:29.340+0100] {processor.py:183} INFO - Processing /home/ubuntu/.local/lib/python3.10/site-packages/airflow/example_dags/example_short_circuit_decorator.py took 0.212 seconds
[2024-01-31T00:11:48.341+0100] {processor.py:161} INFO - Started process (PID=10510) to work on /home/ubuntu/.local/lib/python3.10/site-packages/airflow/example_dags/example_short_circuit_decorator.py
[2024-01-31T00:11:48.369+0100] {processor.py:830} INFO - Processing file /home/ubuntu/.local/lib/python3.10/site-packages/airflow/example_dags/example_short_circuit_decorator.py for tasks to queue
[2024-01-31T00:11:48.370+0100] {logging_mixin.py:188} INFO - [2024-01-31T00:11:48.370+0100] {dagbag.py:538} INFO - Filling up the DagBag from /home/ubuntu/.local/lib/python3.10/site-packages/airflow/example_dags/example_short_circuit_decorator.py
[2024-01-31T00:11:48.382+0100] {processor.py:840} INFO - DAG(s) 'example_short_circuit_decorator' retrieved from /home/ubuntu/.local/lib/python3.10/site-packages/airflow/example_dags/example_short_circuit_decorator.py
[2024-01-31T00:11:48.478+0100] {logging_mixin.py:188} INFO - [2024-01-31T00:11:48.478+0100] {dag.py:3033} INFO - Sync 1 DAGs
[2024-01-31T00:11:48.586+0100] {logging_mixin.py:188} INFO - [2024-01-31T00:11:48.586+0100] {dag.py:3820} INFO - Setting next_dagrun for example_short_circuit_decorator to 2024-01-29T00:00:00+00:00, run_after=2024-01-30T00:00:00+00:00
[2024-01-31T00:11:48.858+0100] {processor.py:183} INFO - Processing /home/ubuntu/.local/lib/python3.10/site-packages/airflow/example_dags/example_short_circuit_decorator.py took 0.540 seconds
[2024-01-31T00:13:27.878+0100] {processor.py:161} INFO - Started process (PID=10589) to work on /home/ubuntu/.local/lib/python3.10/site-packages/airflow/example_dags/example_short_circuit_decorator.py
[2024-01-31T00:13:27.904+0100] {processor.py:830} INFO - Processing file /home/ubuntu/.local/lib/python3.10/site-packages/airflow/example_dags/example_short_circuit_decorator.py for tasks to queue
[2024-01-31T00:13:27.906+0100] {logging_mixin.py:188} INFO - [2024-01-31T00:13:27.905+0100] {dagbag.py:538} INFO - Filling up the DagBag from /home/ubuntu/.local/lib/python3.10/site-packages/airflow/example_dags/example_short_circuit_decorator.py
[2024-01-31T00:13:27.967+0100] {processor.py:840} INFO - DAG(s) 'example_short_circuit_decorator' retrieved from /home/ubuntu/.local/lib/python3.10/site-packages/airflow/example_dags/example_short_circuit_decorator.py
[2024-01-31T00:13:28.084+0100] {logging_mixin.py:188} INFO - [2024-01-31T00:13:28.084+0100] {dag.py:3033} INFO - Sync 1 DAGs
[2024-01-31T00:13:28.226+0100] {logging_mixin.py:188} INFO - [2024-01-31T00:13:28.222+0100] {dag.py:3820} INFO - Setting next_dagrun for example_short_circuit_decorator to 2024-01-29T00:00:00+00:00, run_after=2024-01-30T00:00:00+00:00
[2024-01-31T00:13:28.490+0100] {processor.py:183} INFO - Processing /home/ubuntu/.local/lib/python3.10/site-packages/airflow/example_dags/example_short_circuit_decorator.py took 0.633 seconds
[2024-01-31T00:14:59.321+0100] {processor.py:161} INFO - Started process (PID=10659) to work on /home/ubuntu/.local/lib/python3.10/site-packages/airflow/example_dags/example_short_circuit_decorator.py
[2024-01-31T00:14:59.377+0100] {processor.py:830} INFO - Processing file /home/ubuntu/.local/lib/python3.10/site-packages/airflow/example_dags/example_short_circuit_decorator.py for tasks to queue
[2024-01-31T00:14:59.379+0100] {logging_mixin.py:188} INFO - [2024-01-31T00:14:59.378+0100] {dagbag.py:538} INFO - Filling up the DagBag from /home/ubuntu/.local/lib/python3.10/site-packages/airflow/example_dags/example_short_circuit_decorator.py
[2024-01-31T00:14:59.437+0100] {processor.py:840} INFO - DAG(s) 'example_short_circuit_decorator' retrieved from /home/ubuntu/.local/lib/python3.10/site-packages/airflow/example_dags/example_short_circuit_decorator.py
[2024-01-31T00:14:59.466+0100] {logging_mixin.py:188} INFO - [2024-01-31T00:14:59.466+0100] {dag.py:3033} INFO - Sync 1 DAGs
[2024-01-31T00:14:59.491+0100] {logging_mixin.py:188} INFO - [2024-01-31T00:14:59.490+0100] {dag.py:3820} INFO - Setting next_dagrun for example_short_circuit_decorator to 2024-01-29T00:00:00+00:00, run_after=2024-01-30T00:00:00+00:00
[2024-01-31T00:14:59.538+0100] {processor.py:183} INFO - Processing /home/ubuntu/.local/lib/python3.10/site-packages/airflow/example_dags/example_short_circuit_decorator.py took 0.227 seconds
[2024-01-31T00:16:19.879+0100] {processor.py:161} INFO - Started process (PID=10725) to work on /home/ubuntu/.local/lib/python3.10/site-packages/airflow/example_dags/example_short_circuit_decorator.py
[2024-01-31T00:16:19.882+0100] {processor.py:830} INFO - Processing file /home/ubuntu/.local/lib/python3.10/site-packages/airflow/example_dags/example_short_circuit_decorator.py for tasks to queue
[2024-01-31T00:16:19.887+0100] {logging_mixin.py:188} INFO - [2024-01-31T00:16:19.887+0100] {dagbag.py:538} INFO - Filling up the DagBag from /home/ubuntu/.local/lib/python3.10/site-packages/airflow/example_dags/example_short_circuit_decorator.py
[2024-01-31T00:16:19.918+0100] {processor.py:840} INFO - DAG(s) 'example_short_circuit_decorator' retrieved from /home/ubuntu/.local/lib/python3.10/site-packages/airflow/example_dags/example_short_circuit_decorator.py
[2024-01-31T00:16:19.968+0100] {logging_mixin.py:188} INFO - [2024-01-31T00:16:19.967+0100] {dag.py:3033} INFO - Sync 1 DAGs
[2024-01-31T00:16:20.089+0100] {logging_mixin.py:188} INFO - [2024-01-31T00:16:20.088+0100] {dag.py:3820} INFO - Setting next_dagrun for example_short_circuit_decorator to 2024-01-29T00:00:00+00:00, run_after=2024-01-30T00:00:00+00:00
[2024-01-31T00:16:20.517+0100] {processor.py:183} INFO - Processing /home/ubuntu/.local/lib/python3.10/site-packages/airflow/example_dags/example_short_circuit_decorator.py took 0.651 seconds
[2024-01-31T00:17:49.285+0100] {processor.py:161} INFO - Started process (PID=10816) to work on /home/ubuntu/.local/lib/python3.10/site-packages/airflow/example_dags/example_short_circuit_decorator.py
[2024-01-31T00:17:49.288+0100] {processor.py:830} INFO - Processing file /home/ubuntu/.local/lib/python3.10/site-packages/airflow/example_dags/example_short_circuit_decorator.py for tasks to queue
[2024-01-31T00:17:49.289+0100] {logging_mixin.py:188} INFO - [2024-01-31T00:17:49.289+0100] {dagbag.py:538} INFO - Filling up the DagBag from /home/ubuntu/.local/lib/python3.10/site-packages/airflow/example_dags/example_short_circuit_decorator.py
[2024-01-31T00:17:49.300+0100] {processor.py:840} INFO - DAG(s) 'example_short_circuit_decorator' retrieved from /home/ubuntu/.local/lib/python3.10/site-packages/airflow/example_dags/example_short_circuit_decorator.py
[2024-01-31T00:17:49.326+0100] {logging_mixin.py:188} INFO - [2024-01-31T00:17:49.326+0100] {dag.py:3033} INFO - Sync 1 DAGs
[2024-01-31T00:17:49.362+0100] {logging_mixin.py:188} INFO - [2024-01-31T00:17:49.361+0100] {dag.py:3820} INFO - Setting next_dagrun for example_short_circuit_decorator to 2024-01-29T00:00:00+00:00, run_after=2024-01-30T00:00:00+00:00
[2024-01-31T00:17:49.581+0100] {processor.py:183} INFO - Processing /home/ubuntu/.local/lib/python3.10/site-packages/airflow/example_dags/example_short_circuit_decorator.py took 0.302 seconds
[2024-01-31T00:19:09.879+0100] {processor.py:161} INFO - Started process (PID=10896) to work on /home/ubuntu/.local/lib/python3.10/site-packages/airflow/example_dags/example_short_circuit_decorator.py
[2024-01-31T00:19:09.888+0100] {processor.py:830} INFO - Processing file /home/ubuntu/.local/lib/python3.10/site-packages/airflow/example_dags/example_short_circuit_decorator.py for tasks to queue
[2024-01-31T00:19:09.890+0100] {logging_mixin.py:188} INFO - [2024-01-31T00:19:09.889+0100] {dagbag.py:538} INFO - Filling up the DagBag from /home/ubuntu/.local/lib/python3.10/site-packages/airflow/example_dags/example_short_circuit_decorator.py
[2024-01-31T00:19:09.907+0100] {processor.py:840} INFO - DAG(s) 'example_short_circuit_decorator' retrieved from /home/ubuntu/.local/lib/python3.10/site-packages/airflow/example_dags/example_short_circuit_decorator.py
[2024-01-31T00:19:09.937+0100] {logging_mixin.py:188} INFO - [2024-01-31T00:19:09.937+0100] {dag.py:3033} INFO - Sync 1 DAGs
[2024-01-31T00:19:09.967+0100] {logging_mixin.py:188} INFO - [2024-01-31T00:19:09.966+0100] {dag.py:3820} INFO - Setting next_dagrun for example_short_circuit_decorator to 2024-01-29T00:00:00+00:00, run_after=2024-01-30T00:00:00+00:00
[2024-01-31T00:19:10.074+0100] {processor.py:183} INFO - Processing /home/ubuntu/.local/lib/python3.10/site-packages/airflow/example_dags/example_short_circuit_decorator.py took 0.199 seconds
[2024-01-31T00:21:01.513+0100] {processor.py:161} INFO - Started process (PID=11052) to work on /home/ubuntu/.local/lib/python3.10/site-packages/airflow/example_dags/example_short_circuit_decorator.py
[2024-01-31T00:21:01.557+0100] {processor.py:830} INFO - Processing file /home/ubuntu/.local/lib/python3.10/site-packages/airflow/example_dags/example_short_circuit_decorator.py for tasks to queue
[2024-01-31T00:21:01.559+0100] {logging_mixin.py:188} INFO - [2024-01-31T00:21:01.558+0100] {dagbag.py:538} INFO - Filling up the DagBag from /home/ubuntu/.local/lib/python3.10/site-packages/airflow/example_dags/example_short_circuit_decorator.py
[2024-01-31T00:21:01.623+0100] {processor.py:840} INFO - DAG(s) 'example_short_circuit_decorator' retrieved from /home/ubuntu/.local/lib/python3.10/site-packages/airflow/example_dags/example_short_circuit_decorator.py
[2024-01-31T00:21:01.729+0100] {logging_mixin.py:188} INFO - [2024-01-31T00:21:01.729+0100] {dag.py:3033} INFO - Sync 1 DAGs
[2024-01-31T00:21:01.822+0100] {logging_mixin.py:188} INFO - [2024-01-31T00:21:01.821+0100] {dag.py:3820} INFO - Setting next_dagrun for example_short_circuit_decorator to 2024-01-29T00:00:00+00:00, run_after=2024-01-30T00:00:00+00:00
[2024-01-31T00:21:02.270+0100] {processor.py:183} INFO - Processing /home/ubuntu/.local/lib/python3.10/site-packages/airflow/example_dags/example_short_circuit_decorator.py took 0.767 seconds
[2024-01-31T00:23:25.279+0100] {processor.py:161} INFO - Started process (PID=11141) to work on /home/ubuntu/.local/lib/python3.10/site-packages/airflow/example_dags/example_short_circuit_decorator.py
[2024-01-31T00:23:25.299+0100] {processor.py:830} INFO - Processing file /home/ubuntu/.local/lib/python3.10/site-packages/airflow/example_dags/example_short_circuit_decorator.py for tasks to queue
[2024-01-31T00:23:25.300+0100] {logging_mixin.py:188} INFO - [2024-01-31T00:23:25.300+0100] {dagbag.py:538} INFO - Filling up the DagBag from /home/ubuntu/.local/lib/python3.10/site-packages/airflow/example_dags/example_short_circuit_decorator.py
[2024-01-31T00:23:25.338+0100] {processor.py:840} INFO - DAG(s) 'example_short_circuit_decorator' retrieved from /home/ubuntu/.local/lib/python3.10/site-packages/airflow/example_dags/example_short_circuit_decorator.py
[2024-01-31T00:23:25.437+0100] {logging_mixin.py:188} INFO - [2024-01-31T00:23:25.437+0100] {dag.py:3033} INFO - Sync 1 DAGs
[2024-01-31T00:23:25.523+0100] {logging_mixin.py:188} INFO - [2024-01-31T00:23:25.523+0100] {dag.py:3820} INFO - Setting next_dagrun for example_short_circuit_decorator to 2024-01-29T00:00:00+00:00, run_after=2024-01-30T00:00:00+00:00
[2024-01-31T00:23:25.850+0100] {processor.py:183} INFO - Processing /home/ubuntu/.local/lib/python3.10/site-packages/airflow/example_dags/example_short_circuit_decorator.py took 0.587 seconds
[2024-01-31T00:25:24.703+0100] {processor.py:161} INFO - Started process (PID=11244) to work on /home/ubuntu/.local/lib/python3.10/site-packages/airflow/example_dags/example_short_circuit_decorator.py
[2024-01-31T00:25:24.717+0100] {processor.py:830} INFO - Processing file /home/ubuntu/.local/lib/python3.10/site-packages/airflow/example_dags/example_short_circuit_decorator.py for tasks to queue
[2024-01-31T00:25:24.723+0100] {logging_mixin.py:188} INFO - [2024-01-31T00:25:24.718+0100] {dagbag.py:538} INFO - Filling up the DagBag from /home/ubuntu/.local/lib/python3.10/site-packages/airflow/example_dags/example_short_circuit_decorator.py
[2024-01-31T00:25:24.754+0100] {processor.py:840} INFO - DAG(s) 'example_short_circuit_decorator' retrieved from /home/ubuntu/.local/lib/python3.10/site-packages/airflow/example_dags/example_short_circuit_decorator.py
[2024-01-31T00:25:24.782+0100] {logging_mixin.py:188} INFO - [2024-01-31T00:25:24.782+0100] {dag.py:3033} INFO - Sync 1 DAGs
[2024-01-31T00:25:24.833+0100] {logging_mixin.py:188} INFO - [2024-01-31T00:25:24.833+0100] {dag.py:3820} INFO - Setting next_dagrun for example_short_circuit_decorator to 2024-01-29T00:00:00+00:00, run_after=2024-01-30T00:00:00+00:00
[2024-01-31T00:25:25.025+0100] {processor.py:183} INFO - Processing /home/ubuntu/.local/lib/python3.10/site-packages/airflow/example_dags/example_short_circuit_decorator.py took 0.326 seconds
[2024-01-31T00:26:30.224+0100] {processor.py:161} INFO - Started process (PID=11303) to work on /home/ubuntu/.local/lib/python3.10/site-packages/airflow/example_dags/example_short_circuit_decorator.py
[2024-01-31T00:26:30.233+0100] {processor.py:830} INFO - Processing file /home/ubuntu/.local/lib/python3.10/site-packages/airflow/example_dags/example_short_circuit_decorator.py for tasks to queue
[2024-01-31T00:26:30.235+0100] {logging_mixin.py:188} INFO - [2024-01-31T00:26:30.234+0100] {dagbag.py:538} INFO - Filling up the DagBag from /home/ubuntu/.local/lib/python3.10/site-packages/airflow/example_dags/example_short_circuit_decorator.py
[2024-01-31T00:26:30.278+0100] {processor.py:840} INFO - DAG(s) 'example_short_circuit_decorator' retrieved from /home/ubuntu/.local/lib/python3.10/site-packages/airflow/example_dags/example_short_circuit_decorator.py
[2024-01-31T00:26:30.310+0100] {logging_mixin.py:188} INFO - [2024-01-31T00:26:30.310+0100] {dag.py:3033} INFO - Sync 1 DAGs
[2024-01-31T00:26:30.352+0100] {logging_mixin.py:188} INFO - [2024-01-31T00:26:30.351+0100] {dag.py:3820} INFO - Setting next_dagrun for example_short_circuit_decorator to 2024-01-29T00:00:00+00:00, run_after=2024-01-30T00:00:00+00:00
[2024-01-31T00:26:30.412+0100] {processor.py:183} INFO - Processing /home/ubuntu/.local/lib/python3.10/site-packages/airflow/example_dags/example_short_circuit_decorator.py took 0.193 seconds
[2024-01-31T00:27:46.725+0100] {processor.py:161} INFO - Started process (PID=11423) to work on /home/ubuntu/.local/lib/python3.10/site-packages/airflow/example_dags/example_short_circuit_decorator.py
[2024-01-31T00:27:46.756+0100] {processor.py:830} INFO - Processing file /home/ubuntu/.local/lib/python3.10/site-packages/airflow/example_dags/example_short_circuit_decorator.py for tasks to queue
[2024-01-31T00:27:46.757+0100] {logging_mixin.py:188} INFO - [2024-01-31T00:27:46.757+0100] {dagbag.py:538} INFO - Filling up the DagBag from /home/ubuntu/.local/lib/python3.10/site-packages/airflow/example_dags/example_short_circuit_decorator.py
[2024-01-31T00:27:46.797+0100] {processor.py:840} INFO - DAG(s) 'example_short_circuit_decorator' retrieved from /home/ubuntu/.local/lib/python3.10/site-packages/airflow/example_dags/example_short_circuit_decorator.py
[2024-01-31T00:27:46.841+0100] {logging_mixin.py:188} INFO - [2024-01-31T00:27:46.841+0100] {dag.py:3033} INFO - Sync 1 DAGs
[2024-01-31T00:27:46.919+0100] {logging_mixin.py:188} INFO - [2024-01-31T00:27:46.919+0100] {dag.py:3820} INFO - Setting next_dagrun for example_short_circuit_decorator to 2024-01-29T00:00:00+00:00, run_after=2024-01-30T00:00:00+00:00
[2024-01-31T00:27:47.208+0100] {processor.py:183} INFO - Processing /home/ubuntu/.local/lib/python3.10/site-packages/airflow/example_dags/example_short_circuit_decorator.py took 0.493 seconds
[2024-01-31T00:29:12.348+0100] {processor.py:161} INFO - Started process (PID=11530) to work on /home/ubuntu/.local/lib/python3.10/site-packages/airflow/example_dags/example_short_circuit_decorator.py
[2024-01-31T00:29:12.358+0100] {processor.py:830} INFO - Processing file /home/ubuntu/.local/lib/python3.10/site-packages/airflow/example_dags/example_short_circuit_decorator.py for tasks to queue
[2024-01-31T00:29:12.361+0100] {logging_mixin.py:188} INFO - [2024-01-31T00:29:12.360+0100] {dagbag.py:538} INFO - Filling up the DagBag from /home/ubuntu/.local/lib/python3.10/site-packages/airflow/example_dags/example_short_circuit_decorator.py
[2024-01-31T00:29:12.374+0100] {processor.py:840} INFO - DAG(s) 'example_short_circuit_decorator' retrieved from /home/ubuntu/.local/lib/python3.10/site-packages/airflow/example_dags/example_short_circuit_decorator.py
[2024-01-31T00:29:12.405+0100] {logging_mixin.py:188} INFO - [2024-01-31T00:29:12.405+0100] {dag.py:3033} INFO - Sync 1 DAGs
[2024-01-31T00:29:12.430+0100] {logging_mixin.py:188} INFO - [2024-01-31T00:29:12.430+0100] {dag.py:3820} INFO - Setting next_dagrun for example_short_circuit_decorator to 2024-01-29T00:00:00+00:00, run_after=2024-01-30T00:00:00+00:00
[2024-01-31T00:29:12.535+0100] {processor.py:183} INFO - Processing /home/ubuntu/.local/lib/python3.10/site-packages/airflow/example_dags/example_short_circuit_decorator.py took 0.192 seconds
[2024-01-31T00:30:31.057+0100] {processor.py:161} INFO - Started process (PID=11595) to work on /home/ubuntu/.local/lib/python3.10/site-packages/airflow/example_dags/example_short_circuit_decorator.py
[2024-01-31T00:30:31.065+0100] {processor.py:830} INFO - Processing file /home/ubuntu/.local/lib/python3.10/site-packages/airflow/example_dags/example_short_circuit_decorator.py for tasks to queue
[2024-01-31T00:30:31.066+0100] {logging_mixin.py:188} INFO - [2024-01-31T00:30:31.066+0100] {dagbag.py:538} INFO - Filling up the DagBag from /home/ubuntu/.local/lib/python3.10/site-packages/airflow/example_dags/example_short_circuit_decorator.py
[2024-01-31T00:30:31.083+0100] {processor.py:840} INFO - DAG(s) 'example_short_circuit_decorator' retrieved from /home/ubuntu/.local/lib/python3.10/site-packages/airflow/example_dags/example_short_circuit_decorator.py
[2024-01-31T00:30:31.106+0100] {logging_mixin.py:188} INFO - [2024-01-31T00:30:31.106+0100] {dag.py:3033} INFO - Sync 1 DAGs
[2024-01-31T00:30:31.135+0100] {logging_mixin.py:188} INFO - [2024-01-31T00:30:31.134+0100] {dag.py:3820} INFO - Setting next_dagrun for example_short_circuit_decorator to 2024-01-29T00:00:00+00:00, run_after=2024-01-30T00:00:00+00:00
[2024-01-31T00:30:31.273+0100] {processor.py:183} INFO - Processing /home/ubuntu/.local/lib/python3.10/site-packages/airflow/example_dags/example_short_circuit_decorator.py took 0.220 seconds
[2024-01-31T00:31:47.727+0100] {processor.py:161} INFO - Started process (PID=11660) to work on /home/ubuntu/.local/lib/python3.10/site-packages/airflow/example_dags/example_short_circuit_decorator.py
[2024-01-31T00:31:47.730+0100] {processor.py:830} INFO - Processing file /home/ubuntu/.local/lib/python3.10/site-packages/airflow/example_dags/example_short_circuit_decorator.py for tasks to queue
[2024-01-31T00:31:47.732+0100] {logging_mixin.py:188} INFO - [2024-01-31T00:31:47.731+0100] {dagbag.py:538} INFO - Filling up the DagBag from /home/ubuntu/.local/lib/python3.10/site-packages/airflow/example_dags/example_short_circuit_decorator.py
[2024-01-31T00:31:47.750+0100] {processor.py:840} INFO - DAG(s) 'example_short_circuit_decorator' retrieved from /home/ubuntu/.local/lib/python3.10/site-packages/airflow/example_dags/example_short_circuit_decorator.py
[2024-01-31T00:31:47.783+0100] {logging_mixin.py:188} INFO - [2024-01-31T00:31:47.782+0100] {dag.py:3033} INFO - Sync 1 DAGs
[2024-01-31T00:31:47.804+0100] {logging_mixin.py:188} INFO - [2024-01-31T00:31:47.804+0100] {dag.py:3820} INFO - Setting next_dagrun for example_short_circuit_decorator to 2024-01-29T00:00:00+00:00, run_after=2024-01-30T00:00:00+00:00
[2024-01-31T00:31:47.873+0100] {processor.py:183} INFO - Processing /home/ubuntu/.local/lib/python3.10/site-packages/airflow/example_dags/example_short_circuit_decorator.py took 0.158 seconds
[2024-01-31T00:33:04.515+0100] {processor.py:161} INFO - Started process (PID=11728) to work on /home/ubuntu/.local/lib/python3.10/site-packages/airflow/example_dags/example_short_circuit_decorator.py
[2024-01-31T00:33:04.543+0100] {processor.py:830} INFO - Processing file /home/ubuntu/.local/lib/python3.10/site-packages/airflow/example_dags/example_short_circuit_decorator.py for tasks to queue
[2024-01-31T00:33:04.560+0100] {logging_mixin.py:188} INFO - [2024-01-31T00:33:04.555+0100] {dagbag.py:538} INFO - Filling up the DagBag from /home/ubuntu/.local/lib/python3.10/site-packages/airflow/example_dags/example_short_circuit_decorator.py
[2024-01-31T00:33:04.627+0100] {processor.py:840} INFO - DAG(s) 'example_short_circuit_decorator' retrieved from /home/ubuntu/.local/lib/python3.10/site-packages/airflow/example_dags/example_short_circuit_decorator.py
[2024-01-31T00:33:04.657+0100] {logging_mixin.py:188} INFO - [2024-01-31T00:33:04.657+0100] {dag.py:3033} INFO - Sync 1 DAGs
[2024-01-31T00:33:04.706+0100] {logging_mixin.py:188} INFO - [2024-01-31T00:33:04.706+0100] {dag.py:3820} INFO - Setting next_dagrun for example_short_circuit_decorator to 2024-01-29T00:00:00+00:00, run_after=2024-01-30T00:00:00+00:00
[2024-01-31T00:33:04.799+0100] {processor.py:183} INFO - Processing /home/ubuntu/.local/lib/python3.10/site-packages/airflow/example_dags/example_short_circuit_decorator.py took 0.294 seconds
[2024-01-31T00:34:20.438+0100] {processor.py:161} INFO - Started process (PID=11807) to work on /home/ubuntu/.local/lib/python3.10/site-packages/airflow/example_dags/example_short_circuit_decorator.py
[2024-01-31T00:34:20.490+0100] {processor.py:830} INFO - Processing file /home/ubuntu/.local/lib/python3.10/site-packages/airflow/example_dags/example_short_circuit_decorator.py for tasks to queue
[2024-01-31T00:34:20.496+0100] {logging_mixin.py:188} INFO - [2024-01-31T00:34:20.495+0100] {dagbag.py:538} INFO - Filling up the DagBag from /home/ubuntu/.local/lib/python3.10/site-packages/airflow/example_dags/example_short_circuit_decorator.py
[2024-01-31T00:34:20.524+0100] {processor.py:840} INFO - DAG(s) 'example_short_circuit_decorator' retrieved from /home/ubuntu/.local/lib/python3.10/site-packages/airflow/example_dags/example_short_circuit_decorator.py
[2024-01-31T00:34:20.549+0100] {logging_mixin.py:188} INFO - [2024-01-31T00:34:20.549+0100] {dag.py:3033} INFO - Sync 1 DAGs
[2024-01-31T00:34:20.576+0100] {logging_mixin.py:188} INFO - [2024-01-31T00:34:20.576+0100] {dag.py:3820} INFO - Setting next_dagrun for example_short_circuit_decorator to 2024-01-29T00:00:00+00:00, run_after=2024-01-30T00:00:00+00:00
[2024-01-31T00:34:20.675+0100] {processor.py:183} INFO - Processing /home/ubuntu/.local/lib/python3.10/site-packages/airflow/example_dags/example_short_circuit_decorator.py took 0.272 seconds
[2024-01-31T00:35:27.633+0100] {processor.py:161} INFO - Started process (PID=11868) to work on /home/ubuntu/.local/lib/python3.10/site-packages/airflow/example_dags/example_short_circuit_decorator.py
[2024-01-31T00:35:27.640+0100] {processor.py:830} INFO - Processing file /home/ubuntu/.local/lib/python3.10/site-packages/airflow/example_dags/example_short_circuit_decorator.py for tasks to queue
[2024-01-31T00:35:27.643+0100] {logging_mixin.py:188} INFO - [2024-01-31T00:35:27.642+0100] {dagbag.py:538} INFO - Filling up the DagBag from /home/ubuntu/.local/lib/python3.10/site-packages/airflow/example_dags/example_short_circuit_decorator.py
[2024-01-31T00:35:27.657+0100] {processor.py:840} INFO - DAG(s) 'example_short_circuit_decorator' retrieved from /home/ubuntu/.local/lib/python3.10/site-packages/airflow/example_dags/example_short_circuit_decorator.py
[2024-01-31T00:35:27.744+0100] {logging_mixin.py:188} INFO - [2024-01-31T00:35:27.743+0100] {dag.py:3033} INFO - Sync 1 DAGs
[2024-01-31T00:35:27.761+0100] {logging_mixin.py:188} INFO - [2024-01-31T00:35:27.761+0100] {dag.py:3820} INFO - Setting next_dagrun for example_short_circuit_decorator to 2024-01-29T00:00:00+00:00, run_after=2024-01-30T00:00:00+00:00
[2024-01-31T00:35:28.058+0100] {processor.py:183} INFO - Processing /home/ubuntu/.local/lib/python3.10/site-packages/airflow/example_dags/example_short_circuit_decorator.py took 0.431 seconds
[2024-01-31T00:36:31.809+0100] {processor.py:161} INFO - Started process (PID=11929) to work on /home/ubuntu/.local/lib/python3.10/site-packages/airflow/example_dags/example_short_circuit_decorator.py
[2024-01-31T00:36:31.812+0100] {processor.py:830} INFO - Processing file /home/ubuntu/.local/lib/python3.10/site-packages/airflow/example_dags/example_short_circuit_decorator.py for tasks to queue
[2024-01-31T00:36:31.815+0100] {logging_mixin.py:188} INFO - [2024-01-31T00:36:31.813+0100] {dagbag.py:538} INFO - Filling up the DagBag from /home/ubuntu/.local/lib/python3.10/site-packages/airflow/example_dags/example_short_circuit_decorator.py
[2024-01-31T00:36:31.829+0100] {processor.py:840} INFO - DAG(s) 'example_short_circuit_decorator' retrieved from /home/ubuntu/.local/lib/python3.10/site-packages/airflow/example_dags/example_short_circuit_decorator.py
[2024-01-31T00:36:31.857+0100] {logging_mixin.py:188} INFO - [2024-01-31T00:36:31.857+0100] {dag.py:3033} INFO - Sync 1 DAGs
[2024-01-31T00:36:31.879+0100] {logging_mixin.py:188} INFO - [2024-01-31T00:36:31.879+0100] {dag.py:3820} INFO - Setting next_dagrun for example_short_circuit_decorator to 2024-01-29T00:00:00+00:00, run_after=2024-01-30T00:00:00+00:00
[2024-01-31T00:36:31.957+0100] {processor.py:183} INFO - Processing /home/ubuntu/.local/lib/python3.10/site-packages/airflow/example_dags/example_short_circuit_decorator.py took 0.153 seconds
[2024-01-31T00:37:41.697+0100] {processor.py:161} INFO - Started process (PID=11993) to work on /home/ubuntu/.local/lib/python3.10/site-packages/airflow/example_dags/example_short_circuit_decorator.py
[2024-01-31T00:37:41.717+0100] {processor.py:830} INFO - Processing file /home/ubuntu/.local/lib/python3.10/site-packages/airflow/example_dags/example_short_circuit_decorator.py for tasks to queue
[2024-01-31T00:37:41.730+0100] {logging_mixin.py:188} INFO - [2024-01-31T00:37:41.730+0100] {dagbag.py:538} INFO - Filling up the DagBag from /home/ubuntu/.local/lib/python3.10/site-packages/airflow/example_dags/example_short_circuit_decorator.py
[2024-01-31T00:37:41.746+0100] {processor.py:840} INFO - DAG(s) 'example_short_circuit_decorator' retrieved from /home/ubuntu/.local/lib/python3.10/site-packages/airflow/example_dags/example_short_circuit_decorator.py
[2024-01-31T00:37:41.771+0100] {logging_mixin.py:188} INFO - [2024-01-31T00:37:41.771+0100] {dag.py:3033} INFO - Sync 1 DAGs
[2024-01-31T00:37:41.817+0100] {logging_mixin.py:188} INFO - [2024-01-31T00:37:41.817+0100] {dag.py:3820} INFO - Setting next_dagrun for example_short_circuit_decorator to 2024-01-29T00:00:00+00:00, run_after=2024-01-30T00:00:00+00:00
[2024-01-31T00:37:41.946+0100] {processor.py:183} INFO - Processing /home/ubuntu/.local/lib/python3.10/site-packages/airflow/example_dags/example_short_circuit_decorator.py took 0.253 seconds
[2024-01-31T00:38:55.654+0100] {processor.py:161} INFO - Started process (PID=12061) to work on /home/ubuntu/.local/lib/python3.10/site-packages/airflow/example_dags/example_short_circuit_decorator.py
[2024-01-31T00:38:55.681+0100] {processor.py:830} INFO - Processing file /home/ubuntu/.local/lib/python3.10/site-packages/airflow/example_dags/example_short_circuit_decorator.py for tasks to queue
[2024-01-31T00:38:55.684+0100] {logging_mixin.py:188} INFO - [2024-01-31T00:38:55.683+0100] {dagbag.py:538} INFO - Filling up the DagBag from /home/ubuntu/.local/lib/python3.10/site-packages/airflow/example_dags/example_short_circuit_decorator.py
[2024-01-31T00:38:55.697+0100] {processor.py:840} INFO - DAG(s) 'example_short_circuit_decorator' retrieved from /home/ubuntu/.local/lib/python3.10/site-packages/airflow/example_dags/example_short_circuit_decorator.py
[2024-01-31T00:38:55.724+0100] {logging_mixin.py:188} INFO - [2024-01-31T00:38:55.724+0100] {dag.py:3033} INFO - Sync 1 DAGs
[2024-01-31T00:38:55.757+0100] {logging_mixin.py:188} INFO - [2024-01-31T00:38:55.750+0100] {dag.py:3820} INFO - Setting next_dagrun for example_short_circuit_decorator to 2024-01-29T00:00:00+00:00, run_after=2024-01-30T00:00:00+00:00
[2024-01-31T00:38:55.907+0100] {processor.py:183} INFO - Processing /home/ubuntu/.local/lib/python3.10/site-packages/airflow/example_dags/example_short_circuit_decorator.py took 0.257 seconds
[2024-01-31T00:40:02.980+0100] {processor.py:161} INFO - Started process (PID=12123) to work on /home/ubuntu/.local/lib/python3.10/site-packages/airflow/example_dags/example_short_circuit_decorator.py
[2024-01-31T00:40:02.983+0100] {processor.py:830} INFO - Processing file /home/ubuntu/.local/lib/python3.10/site-packages/airflow/example_dags/example_short_circuit_decorator.py for tasks to queue
[2024-01-31T00:40:02.991+0100] {logging_mixin.py:188} INFO - [2024-01-31T00:40:02.990+0100] {dagbag.py:538} INFO - Filling up the DagBag from /home/ubuntu/.local/lib/python3.10/site-packages/airflow/example_dags/example_short_circuit_decorator.py
[2024-01-31T00:40:03.005+0100] {processor.py:840} INFO - DAG(s) 'example_short_circuit_decorator' retrieved from /home/ubuntu/.local/lib/python3.10/site-packages/airflow/example_dags/example_short_circuit_decorator.py
[2024-01-31T00:40:03.032+0100] {logging_mixin.py:188} INFO - [2024-01-31T00:40:03.032+0100] {dag.py:3033} INFO - Sync 1 DAGs
[2024-01-31T00:40:03.135+0100] {logging_mixin.py:188} INFO - [2024-01-31T00:40:03.134+0100] {dag.py:3820} INFO - Setting next_dagrun for example_short_circuit_decorator to 2024-01-29T00:00:00+00:00, run_after=2024-01-30T00:00:00+00:00
[2024-01-31T00:40:03.191+0100] {processor.py:183} INFO - Processing /home/ubuntu/.local/lib/python3.10/site-packages/airflow/example_dags/example_short_circuit_decorator.py took 0.216 seconds
[2024-01-31T00:41:13.347+0100] {processor.py:161} INFO - Started process (PID=12185) to work on /home/ubuntu/.local/lib/python3.10/site-packages/airflow/example_dags/example_short_circuit_decorator.py
[2024-01-31T00:41:13.372+0100] {processor.py:830} INFO - Processing file /home/ubuntu/.local/lib/python3.10/site-packages/airflow/example_dags/example_short_circuit_decorator.py for tasks to queue
[2024-01-31T00:41:13.378+0100] {logging_mixin.py:188} INFO - [2024-01-31T00:41:13.374+0100] {dagbag.py:538} INFO - Filling up the DagBag from /home/ubuntu/.local/lib/python3.10/site-packages/airflow/example_dags/example_short_circuit_decorator.py
[2024-01-31T00:41:13.483+0100] {processor.py:840} INFO - DAG(s) 'example_short_circuit_decorator' retrieved from /home/ubuntu/.local/lib/python3.10/site-packages/airflow/example_dags/example_short_circuit_decorator.py
[2024-01-31T00:41:13.520+0100] {logging_mixin.py:188} INFO - [2024-01-31T00:41:13.520+0100] {dag.py:3033} INFO - Sync 1 DAGs
[2024-01-31T00:41:13.564+0100] {logging_mixin.py:188} INFO - [2024-01-31T00:41:13.564+0100] {dag.py:3820} INFO - Setting next_dagrun for example_short_circuit_decorator to 2024-01-29T00:00:00+00:00, run_after=2024-01-30T00:00:00+00:00
[2024-01-31T00:41:13.664+0100] {processor.py:183} INFO - Processing /home/ubuntu/.local/lib/python3.10/site-packages/airflow/example_dags/example_short_circuit_decorator.py took 0.321 seconds
[2024-01-31T00:42:23.288+0100] {processor.py:161} INFO - Started process (PID=12246) to work on /home/ubuntu/.local/lib/python3.10/site-packages/airflow/example_dags/example_short_circuit_decorator.py
[2024-01-31T00:42:23.291+0100] {processor.py:830} INFO - Processing file /home/ubuntu/.local/lib/python3.10/site-packages/airflow/example_dags/example_short_circuit_decorator.py for tasks to queue
[2024-01-31T00:42:23.295+0100] {logging_mixin.py:188} INFO - [2024-01-31T00:42:23.294+0100] {dagbag.py:538} INFO - Filling up the DagBag from /home/ubuntu/.local/lib/python3.10/site-packages/airflow/example_dags/example_short_circuit_decorator.py
[2024-01-31T00:42:23.309+0100] {processor.py:840} INFO - DAG(s) 'example_short_circuit_decorator' retrieved from /home/ubuntu/.local/lib/python3.10/site-packages/airflow/example_dags/example_short_circuit_decorator.py
[2024-01-31T00:42:23.344+0100] {logging_mixin.py:188} INFO - [2024-01-31T00:42:23.344+0100] {dag.py:3033} INFO - Sync 1 DAGs
[2024-01-31T00:42:23.369+0100] {logging_mixin.py:188} INFO - [2024-01-31T00:42:23.369+0100] {dag.py:3820} INFO - Setting next_dagrun for example_short_circuit_decorator to 2024-01-29T00:00:00+00:00, run_after=2024-01-30T00:00:00+00:00
[2024-01-31T00:42:23.593+0100] {processor.py:183} INFO - Processing /home/ubuntu/.local/lib/python3.10/site-packages/airflow/example_dags/example_short_circuit_decorator.py took 0.310 seconds
[2024-01-31T00:43:29.288+0100] {processor.py:161} INFO - Started process (PID=12308) to work on /home/ubuntu/.local/lib/python3.10/site-packages/airflow/example_dags/example_short_circuit_decorator.py
[2024-01-31T00:43:29.297+0100] {processor.py:830} INFO - Processing file /home/ubuntu/.local/lib/python3.10/site-packages/airflow/example_dags/example_short_circuit_decorator.py for tasks to queue
[2024-01-31T00:43:29.299+0100] {logging_mixin.py:188} INFO - [2024-01-31T00:43:29.298+0100] {dagbag.py:538} INFO - Filling up the DagBag from /home/ubuntu/.local/lib/python3.10/site-packages/airflow/example_dags/example_short_circuit_decorator.py
[2024-01-31T00:43:29.349+0100] {processor.py:840} INFO - DAG(s) 'example_short_circuit_decorator' retrieved from /home/ubuntu/.local/lib/python3.10/site-packages/airflow/example_dags/example_short_circuit_decorator.py
[2024-01-31T00:43:29.395+0100] {logging_mixin.py:188} INFO - [2024-01-31T00:43:29.394+0100] {dag.py:3033} INFO - Sync 1 DAGs
[2024-01-31T00:43:29.433+0100] {logging_mixin.py:188} INFO - [2024-01-31T00:43:29.433+0100] {dag.py:3820} INFO - Setting next_dagrun for example_short_circuit_decorator to 2024-01-29T00:00:00+00:00, run_after=2024-01-30T00:00:00+00:00
[2024-01-31T00:43:29.668+0100] {processor.py:183} INFO - Processing /home/ubuntu/.local/lib/python3.10/site-packages/airflow/example_dags/example_short_circuit_decorator.py took 0.384 seconds
[2024-01-31T00:44:37.618+0100] {processor.py:161} INFO - Started process (PID=12368) to work on /home/ubuntu/.local/lib/python3.10/site-packages/airflow/example_dags/example_short_circuit_decorator.py
[2024-01-31T00:44:37.626+0100] {processor.py:830} INFO - Processing file /home/ubuntu/.local/lib/python3.10/site-packages/airflow/example_dags/example_short_circuit_decorator.py for tasks to queue
[2024-01-31T00:44:37.630+0100] {logging_mixin.py:188} INFO - [2024-01-31T00:44:37.629+0100] {dagbag.py:538} INFO - Filling up the DagBag from /home/ubuntu/.local/lib/python3.10/site-packages/airflow/example_dags/example_short_circuit_decorator.py
[2024-01-31T00:44:37.681+0100] {processor.py:840} INFO - DAG(s) 'example_short_circuit_decorator' retrieved from /home/ubuntu/.local/lib/python3.10/site-packages/airflow/example_dags/example_short_circuit_decorator.py
[2024-01-31T00:44:37.784+0100] {logging_mixin.py:188} INFO - [2024-01-31T00:44:37.784+0100] {dag.py:3033} INFO - Sync 1 DAGs
[2024-01-31T00:44:37.827+0100] {logging_mixin.py:188} INFO - [2024-01-31T00:44:37.826+0100] {dag.py:3820} INFO - Setting next_dagrun for example_short_circuit_decorator to 2024-01-29T00:00:00+00:00, run_after=2024-01-30T00:00:00+00:00
[2024-01-31T00:44:38.137+0100] {processor.py:183} INFO - Processing /home/ubuntu/.local/lib/python3.10/site-packages/airflow/example_dags/example_short_circuit_decorator.py took 0.535 seconds
[2024-01-31T00:45:45.038+0100] {processor.py:161} INFO - Started process (PID=12429) to work on /home/ubuntu/.local/lib/python3.10/site-packages/airflow/example_dags/example_short_circuit_decorator.py
[2024-01-31T00:45:45.041+0100] {processor.py:830} INFO - Processing file /home/ubuntu/.local/lib/python3.10/site-packages/airflow/example_dags/example_short_circuit_decorator.py for tasks to queue
[2024-01-31T00:45:45.044+0100] {logging_mixin.py:188} INFO - [2024-01-31T00:45:45.043+0100] {dagbag.py:538} INFO - Filling up the DagBag from /home/ubuntu/.local/lib/python3.10/site-packages/airflow/example_dags/example_short_circuit_decorator.py
[2024-01-31T00:45:45.054+0100] {processor.py:840} INFO - DAG(s) 'example_short_circuit_decorator' retrieved from /home/ubuntu/.local/lib/python3.10/site-packages/airflow/example_dags/example_short_circuit_decorator.py
[2024-01-31T00:45:45.076+0100] {logging_mixin.py:188} INFO - [2024-01-31T00:45:45.076+0100] {dag.py:3033} INFO - Sync 1 DAGs
[2024-01-31T00:45:45.139+0100] {logging_mixin.py:188} INFO - [2024-01-31T00:45:45.139+0100] {dag.py:3820} INFO - Setting next_dagrun for example_short_circuit_decorator to 2024-01-29T00:00:00+00:00, run_after=2024-01-30T00:00:00+00:00
[2024-01-31T00:45:45.364+0100] {processor.py:183} INFO - Processing /home/ubuntu/.local/lib/python3.10/site-packages/airflow/example_dags/example_short_circuit_decorator.py took 0.329 seconds
