[2024-01-30T23:17:37.393+0100] {processor.py:161} INFO - Started process (PID=6606) to work on /home/ubuntu/.local/lib/python3.10/site-packages/airflow/example_dags/example_branch_operator_decorator.py
[2024-01-30T23:17:37.421+0100] {processor.py:830} INFO - Processing file /home/ubuntu/.local/lib/python3.10/site-packages/airflow/example_dags/example_branch_operator_decorator.py for tasks to queue
[2024-01-30T23:17:37.426+0100] {logging_mixin.py:188} INFO - [2024-01-30T23:17:37.426+0100] {dagbag.py:538} INFO - Filling up the DagBag from /home/ubuntu/.local/lib/python3.10/site-packages/airflow/example_dags/example_branch_operator_decorator.py
[2024-01-30T23:17:37.549+0100] {processor.py:840} INFO - DAG(s) 'example_branch_python_operator_decorator' retrieved from /home/ubuntu/.local/lib/python3.10/site-packages/airflow/example_dags/example_branch_operator_decorator.py
[2024-01-30T23:17:38.179+0100] {logging_mixin.py:188} INFO - [2024-01-30T23:17:38.178+0100] {dag.py:3033} INFO - Sync 1 DAGs
[2024-01-30T23:17:38.245+0100] {logging_mixin.py:188} INFO - [2024-01-30T23:17:38.244+0100] {dag.py:3820} INFO - Setting next_dagrun for example_branch_python_operator_decorator to 2024-01-29T00:00:00+00:00, run_after=2024-01-30T00:00:00+00:00
[2024-01-30T23:17:38.324+0100] {processor.py:183} INFO - Processing /home/ubuntu/.local/lib/python3.10/site-packages/airflow/example_dags/example_branch_operator_decorator.py took 0.951 seconds
[2024-01-30T23:19:55.904+0100] {processor.py:161} INFO - Started process (PID=7624) to work on /home/ubuntu/.local/lib/python3.10/site-packages/airflow/example_dags/example_branch_operator_decorator.py
[2024-01-30T23:19:55.907+0100] {processor.py:830} INFO - Processing file /home/ubuntu/.local/lib/python3.10/site-packages/airflow/example_dags/example_branch_operator_decorator.py for tasks to queue
[2024-01-30T23:19:55.909+0100] {logging_mixin.py:188} INFO - [2024-01-30T23:19:55.908+0100] {dagbag.py:538} INFO - Filling up the DagBag from /home/ubuntu/.local/lib/python3.10/site-packages/airflow/example_dags/example_branch_operator_decorator.py
[2024-01-30T23:19:55.934+0100] {processor.py:840} INFO - DAG(s) 'example_branch_python_operator_decorator' retrieved from /home/ubuntu/.local/lib/python3.10/site-packages/airflow/example_dags/example_branch_operator_decorator.py
[2024-01-30T23:19:55.962+0100] {logging_mixin.py:188} INFO - [2024-01-30T23:19:55.962+0100] {dag.py:3033} INFO - Sync 1 DAGs
[2024-01-30T23:19:55.990+0100] {logging_mixin.py:188} INFO - [2024-01-30T23:19:55.989+0100] {dag.py:3820} INFO - Setting next_dagrun for example_branch_python_operator_decorator to 2024-01-29T00:00:00+00:00, run_after=2024-01-30T00:00:00+00:00
[2024-01-30T23:19:56.077+0100] {processor.py:183} INFO - Processing /home/ubuntu/.local/lib/python3.10/site-packages/airflow/example_dags/example_branch_operator_decorator.py took 0.178 seconds
[2024-01-30T23:22:50.066+0100] {processor.py:161} INFO - Started process (PID=7835) to work on /home/ubuntu/.local/lib/python3.10/site-packages/airflow/example_dags/example_branch_operator_decorator.py
[2024-01-30T23:22:50.075+0100] {processor.py:830} INFO - Processing file /home/ubuntu/.local/lib/python3.10/site-packages/airflow/example_dags/example_branch_operator_decorator.py for tasks to queue
[2024-01-30T23:22:50.076+0100] {logging_mixin.py:188} INFO - [2024-01-30T23:22:50.076+0100] {dagbag.py:538} INFO - Filling up the DagBag from /home/ubuntu/.local/lib/python3.10/site-packages/airflow/example_dags/example_branch_operator_decorator.py
[2024-01-30T23:22:50.102+0100] {processor.py:840} INFO - DAG(s) 'example_branch_python_operator_decorator' retrieved from /home/ubuntu/.local/lib/python3.10/site-packages/airflow/example_dags/example_branch_operator_decorator.py
[2024-01-30T23:22:50.126+0100] {logging_mixin.py:188} INFO - [2024-01-30T23:22:50.126+0100] {dag.py:3033} INFO - Sync 1 DAGs
[2024-01-30T23:22:50.208+0100] {logging_mixin.py:188} INFO - [2024-01-30T23:22:50.207+0100] {dag.py:3820} INFO - Setting next_dagrun for example_branch_python_operator_decorator to 2024-01-29T00:00:00+00:00, run_after=2024-01-30T00:00:00+00:00
[2024-01-30T23:22:50.759+0100] {processor.py:183} INFO - Processing /home/ubuntu/.local/lib/python3.10/site-packages/airflow/example_dags/example_branch_operator_decorator.py took 0.697 seconds
[2024-01-30T23:25:02.704+0100] {processor.py:161} INFO - Started process (PID=7932) to work on /home/ubuntu/.local/lib/python3.10/site-packages/airflow/example_dags/example_branch_operator_decorator.py
[2024-01-30T23:25:02.720+0100] {processor.py:830} INFO - Processing file /home/ubuntu/.local/lib/python3.10/site-packages/airflow/example_dags/example_branch_operator_decorator.py for tasks to queue
[2024-01-30T23:25:02.722+0100] {logging_mixin.py:188} INFO - [2024-01-30T23:25:02.721+0100] {dagbag.py:538} INFO - Filling up the DagBag from /home/ubuntu/.local/lib/python3.10/site-packages/airflow/example_dags/example_branch_operator_decorator.py
[2024-01-30T23:25:02.745+0100] {processor.py:840} INFO - DAG(s) 'example_branch_python_operator_decorator' retrieved from /home/ubuntu/.local/lib/python3.10/site-packages/airflow/example_dags/example_branch_operator_decorator.py
[2024-01-30T23:25:02.769+0100] {logging_mixin.py:188} INFO - [2024-01-30T23:25:02.769+0100] {dag.py:3033} INFO - Sync 1 DAGs
[2024-01-30T23:25:02.824+0100] {logging_mixin.py:188} INFO - [2024-01-30T23:25:02.823+0100] {dag.py:3820} INFO - Setting next_dagrun for example_branch_python_operator_decorator to 2024-01-29T00:00:00+00:00, run_after=2024-01-30T00:00:00+00:00
[2024-01-30T23:25:03.039+0100] {processor.py:183} INFO - Processing /home/ubuntu/.local/lib/python3.10/site-packages/airflow/example_dags/example_branch_operator_decorator.py took 0.338 seconds
[2024-01-30T23:26:26.740+0100] {processor.py:161} INFO - Started process (PID=8003) to work on /home/ubuntu/.local/lib/python3.10/site-packages/airflow/example_dags/example_branch_operator_decorator.py
[2024-01-30T23:26:26.751+0100] {processor.py:830} INFO - Processing file /home/ubuntu/.local/lib/python3.10/site-packages/airflow/example_dags/example_branch_operator_decorator.py for tasks to queue
[2024-01-30T23:26:26.754+0100] {logging_mixin.py:188} INFO - [2024-01-30T23:26:26.753+0100] {dagbag.py:538} INFO - Filling up the DagBag from /home/ubuntu/.local/lib/python3.10/site-packages/airflow/example_dags/example_branch_operator_decorator.py
[2024-01-30T23:26:26.840+0100] {processor.py:840} INFO - DAG(s) 'example_branch_python_operator_decorator' retrieved from /home/ubuntu/.local/lib/python3.10/site-packages/airflow/example_dags/example_branch_operator_decorator.py
[2024-01-30T23:26:26.956+0100] {logging_mixin.py:188} INFO - [2024-01-30T23:26:26.955+0100] {dag.py:3033} INFO - Sync 1 DAGs
[2024-01-30T23:26:26.993+0100] {logging_mixin.py:188} INFO - [2024-01-30T23:26:26.993+0100] {dag.py:3820} INFO - Setting next_dagrun for example_branch_python_operator_decorator to 2024-01-29T00:00:00+00:00, run_after=2024-01-30T00:00:00+00:00
[2024-01-30T23:26:27.132+0100] {processor.py:183} INFO - Processing /home/ubuntu/.local/lib/python3.10/site-packages/airflow/example_dags/example_branch_operator_decorator.py took 0.398 seconds
[2024-01-30T23:27:57.218+0100] {processor.py:161} INFO - Started process (PID=8093) to work on /home/ubuntu/.local/lib/python3.10/site-packages/airflow/example_dags/example_branch_operator_decorator.py
[2024-01-30T23:27:57.227+0100] {processor.py:830} INFO - Processing file /home/ubuntu/.local/lib/python3.10/site-packages/airflow/example_dags/example_branch_operator_decorator.py for tasks to queue
[2024-01-30T23:27:57.229+0100] {logging_mixin.py:188} INFO - [2024-01-30T23:27:57.228+0100] {dagbag.py:538} INFO - Filling up the DagBag from /home/ubuntu/.local/lib/python3.10/site-packages/airflow/example_dags/example_branch_operator_decorator.py
[2024-01-30T23:27:57.281+0100] {processor.py:840} INFO - DAG(s) 'example_branch_python_operator_decorator' retrieved from /home/ubuntu/.local/lib/python3.10/site-packages/airflow/example_dags/example_branch_operator_decorator.py
[2024-01-30T23:27:57.359+0100] {logging_mixin.py:188} INFO - [2024-01-30T23:27:57.359+0100] {dag.py:3033} INFO - Sync 1 DAGs
[2024-01-30T23:27:57.436+0100] {logging_mixin.py:188} INFO - [2024-01-30T23:27:57.431+0100] {dag.py:3820} INFO - Setting next_dagrun for example_branch_python_operator_decorator to 2024-01-29T00:00:00+00:00, run_after=2024-01-30T00:00:00+00:00
[2024-01-30T23:27:57.816+0100] {processor.py:183} INFO - Processing /home/ubuntu/.local/lib/python3.10/site-packages/airflow/example_dags/example_branch_operator_decorator.py took 0.615 seconds
[2024-01-30T23:29:21.118+0100] {processor.py:161} INFO - Started process (PID=8163) to work on /home/ubuntu/.local/lib/python3.10/site-packages/airflow/example_dags/example_branch_operator_decorator.py
[2024-01-30T23:29:21.157+0100] {processor.py:830} INFO - Processing file /home/ubuntu/.local/lib/python3.10/site-packages/airflow/example_dags/example_branch_operator_decorator.py for tasks to queue
[2024-01-30T23:29:21.159+0100] {logging_mixin.py:188} INFO - [2024-01-30T23:29:21.158+0100] {dagbag.py:538} INFO - Filling up the DagBag from /home/ubuntu/.local/lib/python3.10/site-packages/airflow/example_dags/example_branch_operator_decorator.py
[2024-01-30T23:29:21.243+0100] {processor.py:840} INFO - DAG(s) 'example_branch_python_operator_decorator' retrieved from /home/ubuntu/.local/lib/python3.10/site-packages/airflow/example_dags/example_branch_operator_decorator.py
[2024-01-30T23:29:21.347+0100] {logging_mixin.py:188} INFO - [2024-01-30T23:29:21.343+0100] {dag.py:3033} INFO - Sync 1 DAGs
[2024-01-30T23:29:21.376+0100] {logging_mixin.py:188} INFO - [2024-01-30T23:29:21.375+0100] {dag.py:3820} INFO - Setting next_dagrun for example_branch_python_operator_decorator to 2024-01-29T00:00:00+00:00, run_after=2024-01-30T00:00:00+00:00
[2024-01-30T23:29:21.456+0100] {processor.py:183} INFO - Processing /home/ubuntu/.local/lib/python3.10/site-packages/airflow/example_dags/example_branch_operator_decorator.py took 0.343 seconds
[2024-01-30T23:30:39.699+0100] {processor.py:161} INFO - Started process (PID=8244) to work on /home/ubuntu/.local/lib/python3.10/site-packages/airflow/example_dags/example_branch_operator_decorator.py
[2024-01-30T23:30:39.724+0100] {processor.py:830} INFO - Processing file /home/ubuntu/.local/lib/python3.10/site-packages/airflow/example_dags/example_branch_operator_decorator.py for tasks to queue
[2024-01-30T23:30:39.726+0100] {logging_mixin.py:188} INFO - [2024-01-30T23:30:39.725+0100] {dagbag.py:538} INFO - Filling up the DagBag from /home/ubuntu/.local/lib/python3.10/site-packages/airflow/example_dags/example_branch_operator_decorator.py
[2024-01-30T23:30:39.826+0100] {processor.py:840} INFO - DAG(s) 'example_branch_python_operator_decorator' retrieved from /home/ubuntu/.local/lib/python3.10/site-packages/airflow/example_dags/example_branch_operator_decorator.py
[2024-01-30T23:30:39.864+0100] {logging_mixin.py:188} INFO - [2024-01-30T23:30:39.864+0100] {dag.py:3033} INFO - Sync 1 DAGs
[2024-01-30T23:30:39.892+0100] {logging_mixin.py:188} INFO - [2024-01-30T23:30:39.892+0100] {dag.py:3820} INFO - Setting next_dagrun for example_branch_python_operator_decorator to 2024-01-29T00:00:00+00:00, run_after=2024-01-30T00:00:00+00:00
[2024-01-30T23:30:40.114+0100] {processor.py:183} INFO - Processing /home/ubuntu/.local/lib/python3.10/site-packages/airflow/example_dags/example_branch_operator_decorator.py took 0.429 seconds
[2024-01-30T23:31:54.744+0100] {processor.py:161} INFO - Started process (PID=8307) to work on /home/ubuntu/.local/lib/python3.10/site-packages/airflow/example_dags/example_branch_operator_decorator.py
[2024-01-30T23:31:54.746+0100] {processor.py:830} INFO - Processing file /home/ubuntu/.local/lib/python3.10/site-packages/airflow/example_dags/example_branch_operator_decorator.py for tasks to queue
[2024-01-30T23:31:54.747+0100] {logging_mixin.py:188} INFO - [2024-01-30T23:31:54.747+0100] {dagbag.py:538} INFO - Filling up the DagBag from /home/ubuntu/.local/lib/python3.10/site-packages/airflow/example_dags/example_branch_operator_decorator.py
[2024-01-30T23:31:54.778+0100] {processor.py:840} INFO - DAG(s) 'example_branch_python_operator_decorator' retrieved from /home/ubuntu/.local/lib/python3.10/site-packages/airflow/example_dags/example_branch_operator_decorator.py
[2024-01-30T23:31:54.894+0100] {logging_mixin.py:188} INFO - [2024-01-30T23:31:54.893+0100] {dag.py:3033} INFO - Sync 1 DAGs
[2024-01-30T23:31:54.977+0100] {logging_mixin.py:188} INFO - [2024-01-30T23:31:54.977+0100] {dag.py:3820} INFO - Setting next_dagrun for example_branch_python_operator_decorator to 2024-01-29T00:00:00+00:00, run_after=2024-01-30T00:00:00+00:00
[2024-01-30T23:31:55.081+0100] {processor.py:183} INFO - Processing /home/ubuntu/.local/lib/python3.10/site-packages/airflow/example_dags/example_branch_operator_decorator.py took 0.342 seconds
[2024-01-30T23:33:23.271+0100] {processor.py:161} INFO - Started process (PID=8389) to work on /home/ubuntu/.local/lib/python3.10/site-packages/airflow/example_dags/example_branch_operator_decorator.py
[2024-01-30T23:33:23.296+0100] {processor.py:830} INFO - Processing file /home/ubuntu/.local/lib/python3.10/site-packages/airflow/example_dags/example_branch_operator_decorator.py for tasks to queue
[2024-01-30T23:33:23.298+0100] {logging_mixin.py:188} INFO - [2024-01-30T23:33:23.297+0100] {dagbag.py:538} INFO - Filling up the DagBag from /home/ubuntu/.local/lib/python3.10/site-packages/airflow/example_dags/example_branch_operator_decorator.py
[2024-01-30T23:33:23.332+0100] {processor.py:840} INFO - DAG(s) 'example_branch_python_operator_decorator' retrieved from /home/ubuntu/.local/lib/python3.10/site-packages/airflow/example_dags/example_branch_operator_decorator.py
[2024-01-30T23:33:23.363+0100] {logging_mixin.py:188} INFO - [2024-01-30T23:33:23.363+0100] {dag.py:3033} INFO - Sync 1 DAGs
[2024-01-30T23:33:23.390+0100] {logging_mixin.py:188} INFO - [2024-01-30T23:33:23.390+0100] {dag.py:3820} INFO - Setting next_dagrun for example_branch_python_operator_decorator to 2024-01-29T00:00:00+00:00, run_after=2024-01-30T00:00:00+00:00
[2024-01-30T23:33:23.509+0100] {processor.py:183} INFO - Processing /home/ubuntu/.local/lib/python3.10/site-packages/airflow/example_dags/example_branch_operator_decorator.py took 0.265 seconds
[2024-01-30T23:34:47.163+0100] {processor.py:161} INFO - Started process (PID=8457) to work on /home/ubuntu/.local/lib/python3.10/site-packages/airflow/example_dags/example_branch_operator_decorator.py
[2024-01-30T23:34:47.207+0100] {processor.py:830} INFO - Processing file /home/ubuntu/.local/lib/python3.10/site-packages/airflow/example_dags/example_branch_operator_decorator.py for tasks to queue
[2024-01-30T23:34:47.214+0100] {logging_mixin.py:188} INFO - [2024-01-30T23:34:47.213+0100] {dagbag.py:538} INFO - Filling up the DagBag from /home/ubuntu/.local/lib/python3.10/site-packages/airflow/example_dags/example_branch_operator_decorator.py
[2024-01-30T23:34:47.266+0100] {processor.py:840} INFO - DAG(s) 'example_branch_python_operator_decorator' retrieved from /home/ubuntu/.local/lib/python3.10/site-packages/airflow/example_dags/example_branch_operator_decorator.py
[2024-01-30T23:34:47.411+0100] {logging_mixin.py:188} INFO - [2024-01-30T23:34:47.411+0100] {dag.py:3033} INFO - Sync 1 DAGs
[2024-01-30T23:34:47.554+0100] {logging_mixin.py:188} INFO - [2024-01-30T23:34:47.554+0100] {dag.py:3820} INFO - Setting next_dagrun for example_branch_python_operator_decorator to 2024-01-29T00:00:00+00:00, run_after=2024-01-30T00:00:00+00:00
[2024-01-30T23:34:47.944+0100] {processor.py:183} INFO - Processing /home/ubuntu/.local/lib/python3.10/site-packages/airflow/example_dags/example_branch_operator_decorator.py took 0.792 seconds
[2024-01-30T23:36:20.330+0100] {processor.py:161} INFO - Started process (PID=8535) to work on /home/ubuntu/.local/lib/python3.10/site-packages/airflow/example_dags/example_branch_operator_decorator.py
[2024-01-30T23:36:20.344+0100] {processor.py:830} INFO - Processing file /home/ubuntu/.local/lib/python3.10/site-packages/airflow/example_dags/example_branch_operator_decorator.py for tasks to queue
[2024-01-30T23:36:20.346+0100] {logging_mixin.py:188} INFO - [2024-01-30T23:36:20.345+0100] {dagbag.py:538} INFO - Filling up the DagBag from /home/ubuntu/.local/lib/python3.10/site-packages/airflow/example_dags/example_branch_operator_decorator.py
[2024-01-30T23:36:20.426+0100] {processor.py:840} INFO - DAG(s) 'example_branch_python_operator_decorator' retrieved from /home/ubuntu/.local/lib/python3.10/site-packages/airflow/example_dags/example_branch_operator_decorator.py
[2024-01-30T23:36:20.551+0100] {logging_mixin.py:188} INFO - [2024-01-30T23:36:20.551+0100] {dag.py:3033} INFO - Sync 1 DAGs
[2024-01-30T23:36:20.679+0100] {logging_mixin.py:188} INFO - [2024-01-30T23:36:20.679+0100] {dag.py:3820} INFO - Setting next_dagrun for example_branch_python_operator_decorator to 2024-01-29T00:00:00+00:00, run_after=2024-01-30T00:00:00+00:00
[2024-01-30T23:36:20.757+0100] {processor.py:183} INFO - Processing /home/ubuntu/.local/lib/python3.10/site-packages/airflow/example_dags/example_branch_operator_decorator.py took 0.431 seconds
[2024-01-30T23:37:55.676+0100] {processor.py:161} INFO - Started process (PID=8618) to work on /home/ubuntu/.local/lib/python3.10/site-packages/airflow/example_dags/example_branch_operator_decorator.py
[2024-01-30T23:37:55.679+0100] {processor.py:830} INFO - Processing file /home/ubuntu/.local/lib/python3.10/site-packages/airflow/example_dags/example_branch_operator_decorator.py for tasks to queue
[2024-01-30T23:37:55.681+0100] {logging_mixin.py:188} INFO - [2024-01-30T23:37:55.680+0100] {dagbag.py:538} INFO - Filling up the DagBag from /home/ubuntu/.local/lib/python3.10/site-packages/airflow/example_dags/example_branch_operator_decorator.py
[2024-01-30T23:37:55.708+0100] {processor.py:840} INFO - DAG(s) 'example_branch_python_operator_decorator' retrieved from /home/ubuntu/.local/lib/python3.10/site-packages/airflow/example_dags/example_branch_operator_decorator.py
[2024-01-30T23:37:55.733+0100] {logging_mixin.py:188} INFO - [2024-01-30T23:37:55.733+0100] {dag.py:3033} INFO - Sync 1 DAGs
[2024-01-30T23:37:55.758+0100] {logging_mixin.py:188} INFO - [2024-01-30T23:37:55.758+0100] {dag.py:3820} INFO - Setting next_dagrun for example_branch_python_operator_decorator to 2024-01-29T00:00:00+00:00, run_after=2024-01-30T00:00:00+00:00
[2024-01-30T23:37:55.846+0100] {processor.py:183} INFO - Processing /home/ubuntu/.local/lib/python3.10/site-packages/airflow/example_dags/example_branch_operator_decorator.py took 0.174 seconds
[2024-01-30T23:39:15.402+0100] {processor.py:161} INFO - Started process (PID=8684) to work on /home/ubuntu/.local/lib/python3.10/site-packages/airflow/example_dags/example_branch_operator_decorator.py
[2024-01-30T23:39:15.411+0100] {processor.py:830} INFO - Processing file /home/ubuntu/.local/lib/python3.10/site-packages/airflow/example_dags/example_branch_operator_decorator.py for tasks to queue
[2024-01-30T23:39:15.413+0100] {logging_mixin.py:188} INFO - [2024-01-30T23:39:15.413+0100] {dagbag.py:538} INFO - Filling up the DagBag from /home/ubuntu/.local/lib/python3.10/site-packages/airflow/example_dags/example_branch_operator_decorator.py
[2024-01-30T23:39:15.516+0100] {processor.py:840} INFO - DAG(s) 'example_branch_python_operator_decorator' retrieved from /home/ubuntu/.local/lib/python3.10/site-packages/airflow/example_dags/example_branch_operator_decorator.py
[2024-01-30T23:39:15.646+0100] {logging_mixin.py:188} INFO - [2024-01-30T23:39:15.646+0100] {dag.py:3033} INFO - Sync 1 DAGs
[2024-01-30T23:39:15.676+0100] {logging_mixin.py:188} INFO - [2024-01-30T23:39:15.676+0100] {dag.py:3820} INFO - Setting next_dagrun for example_branch_python_operator_decorator to 2024-01-29T00:00:00+00:00, run_after=2024-01-30T00:00:00+00:00
[2024-01-30T23:39:15.769+0100] {processor.py:183} INFO - Processing /home/ubuntu/.local/lib/python3.10/site-packages/airflow/example_dags/example_branch_operator_decorator.py took 0.381 seconds
[2024-01-30T23:40:34.186+0100] {processor.py:161} INFO - Started process (PID=8749) to work on /home/ubuntu/.local/lib/python3.10/site-packages/airflow/example_dags/example_branch_operator_decorator.py
[2024-01-30T23:40:34.190+0100] {processor.py:830} INFO - Processing file /home/ubuntu/.local/lib/python3.10/site-packages/airflow/example_dags/example_branch_operator_decorator.py for tasks to queue
[2024-01-30T23:40:34.191+0100] {logging_mixin.py:188} INFO - [2024-01-30T23:40:34.191+0100] {dagbag.py:538} INFO - Filling up the DagBag from /home/ubuntu/.local/lib/python3.10/site-packages/airflow/example_dags/example_branch_operator_decorator.py
[2024-01-30T23:40:34.219+0100] {processor.py:840} INFO - DAG(s) 'example_branch_python_operator_decorator' retrieved from /home/ubuntu/.local/lib/python3.10/site-packages/airflow/example_dags/example_branch_operator_decorator.py
[2024-01-30T23:40:34.252+0100] {logging_mixin.py:188} INFO - [2024-01-30T23:40:34.252+0100] {dag.py:3033} INFO - Sync 1 DAGs
[2024-01-30T23:40:34.274+0100] {logging_mixin.py:188} INFO - [2024-01-30T23:40:34.274+0100] {dag.py:3820} INFO - Setting next_dagrun for example_branch_python_operator_decorator to 2024-01-29T00:00:00+00:00, run_after=2024-01-30T00:00:00+00:00
[2024-01-30T23:40:34.321+0100] {processor.py:183} INFO - Processing /home/ubuntu/.local/lib/python3.10/site-packages/airflow/example_dags/example_branch_operator_decorator.py took 0.139 seconds
[2024-01-30T23:41:40.148+0100] {processor.py:161} INFO - Started process (PID=8809) to work on /home/ubuntu/.local/lib/python3.10/site-packages/airflow/example_dags/example_branch_operator_decorator.py
[2024-01-30T23:41:40.157+0100] {processor.py:830} INFO - Processing file /home/ubuntu/.local/lib/python3.10/site-packages/airflow/example_dags/example_branch_operator_decorator.py for tasks to queue
[2024-01-30T23:41:40.167+0100] {logging_mixin.py:188} INFO - [2024-01-30T23:41:40.163+0100] {dagbag.py:538} INFO - Filling up the DagBag from /home/ubuntu/.local/lib/python3.10/site-packages/airflow/example_dags/example_branch_operator_decorator.py
[2024-01-30T23:41:40.223+0100] {processor.py:840} INFO - DAG(s) 'example_branch_python_operator_decorator' retrieved from /home/ubuntu/.local/lib/python3.10/site-packages/airflow/example_dags/example_branch_operator_decorator.py
[2024-01-30T23:41:40.257+0100] {logging_mixin.py:188} INFO - [2024-01-30T23:41:40.257+0100] {dag.py:3033} INFO - Sync 1 DAGs
[2024-01-30T23:41:40.281+0100] {logging_mixin.py:188} INFO - [2024-01-30T23:41:40.281+0100] {dag.py:3820} INFO - Setting next_dagrun for example_branch_python_operator_decorator to 2024-01-29T00:00:00+00:00, run_after=2024-01-30T00:00:00+00:00
[2024-01-30T23:41:40.463+0100] {processor.py:183} INFO - Processing /home/ubuntu/.local/lib/python3.10/site-packages/airflow/example_dags/example_branch_operator_decorator.py took 0.320 seconds
[2024-01-30T23:42:54.433+0100] {processor.py:161} INFO - Started process (PID=8876) to work on /home/ubuntu/.local/lib/python3.10/site-packages/airflow/example_dags/example_branch_operator_decorator.py
[2024-01-30T23:42:54.438+0100] {processor.py:830} INFO - Processing file /home/ubuntu/.local/lib/python3.10/site-packages/airflow/example_dags/example_branch_operator_decorator.py for tasks to queue
[2024-01-30T23:42:54.441+0100] {logging_mixin.py:188} INFO - [2024-01-30T23:42:54.441+0100] {dagbag.py:538} INFO - Filling up the DagBag from /home/ubuntu/.local/lib/python3.10/site-packages/airflow/example_dags/example_branch_operator_decorator.py
[2024-01-30T23:42:54.468+0100] {processor.py:840} INFO - DAG(s) 'example_branch_python_operator_decorator' retrieved from /home/ubuntu/.local/lib/python3.10/site-packages/airflow/example_dags/example_branch_operator_decorator.py
[2024-01-30T23:42:54.497+0100] {logging_mixin.py:188} INFO - [2024-01-30T23:42:54.496+0100] {dag.py:3033} INFO - Sync 1 DAGs
[2024-01-30T23:42:54.520+0100] {logging_mixin.py:188} INFO - [2024-01-30T23:42:54.520+0100] {dag.py:3820} INFO - Setting next_dagrun for example_branch_python_operator_decorator to 2024-01-29T00:00:00+00:00, run_after=2024-01-30T00:00:00+00:00
[2024-01-30T23:42:54.569+0100] {processor.py:183} INFO - Processing /home/ubuntu/.local/lib/python3.10/site-packages/airflow/example_dags/example_branch_operator_decorator.py took 0.144 seconds
[2024-01-30T23:44:01.945+0100] {processor.py:161} INFO - Started process (PID=8940) to work on /home/ubuntu/.local/lib/python3.10/site-packages/airflow/example_dags/example_branch_operator_decorator.py
[2024-01-30T23:44:01.948+0100] {processor.py:830} INFO - Processing file /home/ubuntu/.local/lib/python3.10/site-packages/airflow/example_dags/example_branch_operator_decorator.py for tasks to queue
[2024-01-30T23:44:01.950+0100] {logging_mixin.py:188} INFO - [2024-01-30T23:44:01.949+0100] {dagbag.py:538} INFO - Filling up the DagBag from /home/ubuntu/.local/lib/python3.10/site-packages/airflow/example_dags/example_branch_operator_decorator.py
[2024-01-30T23:44:01.987+0100] {processor.py:840} INFO - DAG(s) 'example_branch_python_operator_decorator' retrieved from /home/ubuntu/.local/lib/python3.10/site-packages/airflow/example_dags/example_branch_operator_decorator.py
[2024-01-30T23:44:02.017+0100] {logging_mixin.py:188} INFO - [2024-01-30T23:44:02.017+0100] {dag.py:3033} INFO - Sync 1 DAGs
[2024-01-30T23:44:02.046+0100] {logging_mixin.py:188} INFO - [2024-01-30T23:44:02.045+0100] {dag.py:3820} INFO - Setting next_dagrun for example_branch_python_operator_decorator to 2024-01-29T00:00:00+00:00, run_after=2024-01-30T00:00:00+00:00
[2024-01-30T23:44:02.208+0100] {processor.py:183} INFO - Processing /home/ubuntu/.local/lib/python3.10/site-packages/airflow/example_dags/example_branch_operator_decorator.py took 0.270 seconds
[2024-01-30T23:45:09.675+0100] {processor.py:161} INFO - Started process (PID=9001) to work on /home/ubuntu/.local/lib/python3.10/site-packages/airflow/example_dags/example_branch_operator_decorator.py
[2024-01-30T23:45:09.678+0100] {processor.py:830} INFO - Processing file /home/ubuntu/.local/lib/python3.10/site-packages/airflow/example_dags/example_branch_operator_decorator.py for tasks to queue
[2024-01-30T23:45:09.698+0100] {logging_mixin.py:188} INFO - [2024-01-30T23:45:09.698+0100] {dagbag.py:538} INFO - Filling up the DagBag from /home/ubuntu/.local/lib/python3.10/site-packages/airflow/example_dags/example_branch_operator_decorator.py
[2024-01-30T23:45:09.732+0100] {processor.py:840} INFO - DAG(s) 'example_branch_python_operator_decorator' retrieved from /home/ubuntu/.local/lib/python3.10/site-packages/airflow/example_dags/example_branch_operator_decorator.py
[2024-01-30T23:45:09.794+0100] {logging_mixin.py:188} INFO - [2024-01-30T23:45:09.794+0100] {dag.py:3033} INFO - Sync 1 DAGs
[2024-01-30T23:45:09.816+0100] {logging_mixin.py:188} INFO - [2024-01-30T23:45:09.816+0100] {dag.py:3820} INFO - Setting next_dagrun for example_branch_python_operator_decorator to 2024-01-29T00:00:00+00:00, run_after=2024-01-30T00:00:00+00:00
[2024-01-30T23:45:09.926+0100] {processor.py:183} INFO - Processing /home/ubuntu/.local/lib/python3.10/site-packages/airflow/example_dags/example_branch_operator_decorator.py took 0.256 seconds
[2024-01-30T23:46:18.526+0100] {processor.py:161} INFO - Started process (PID=9078) to work on /home/ubuntu/.local/lib/python3.10/site-packages/airflow/example_dags/example_branch_operator_decorator.py
[2024-01-30T23:46:18.549+0100] {processor.py:830} INFO - Processing file /home/ubuntu/.local/lib/python3.10/site-packages/airflow/example_dags/example_branch_operator_decorator.py for tasks to queue
[2024-01-30T23:46:18.551+0100] {logging_mixin.py:188} INFO - [2024-01-30T23:46:18.550+0100] {dagbag.py:538} INFO - Filling up the DagBag from /home/ubuntu/.local/lib/python3.10/site-packages/airflow/example_dags/example_branch_operator_decorator.py
[2024-01-30T23:46:18.589+0100] {processor.py:840} INFO - DAG(s) 'example_branch_python_operator_decorator' retrieved from /home/ubuntu/.local/lib/python3.10/site-packages/airflow/example_dags/example_branch_operator_decorator.py
[2024-01-30T23:46:18.649+0100] {logging_mixin.py:188} INFO - [2024-01-30T23:46:18.648+0100] {dag.py:3033} INFO - Sync 1 DAGs
[2024-01-30T23:46:18.681+0100] {logging_mixin.py:188} INFO - [2024-01-30T23:46:18.681+0100] {dag.py:3820} INFO - Setting next_dagrun for example_branch_python_operator_decorator to 2024-01-29T00:00:00+00:00, run_after=2024-01-30T00:00:00+00:00
[2024-01-30T23:46:18.822+0100] {processor.py:183} INFO - Processing /home/ubuntu/.local/lib/python3.10/site-packages/airflow/example_dags/example_branch_operator_decorator.py took 0.300 seconds
[2024-01-30T23:47:24.367+0100] {processor.py:161} INFO - Started process (PID=9145) to work on /home/ubuntu/.local/lib/python3.10/site-packages/airflow/example_dags/example_branch_operator_decorator.py
[2024-01-30T23:47:24.394+0100] {processor.py:830} INFO - Processing file /home/ubuntu/.local/lib/python3.10/site-packages/airflow/example_dags/example_branch_operator_decorator.py for tasks to queue
[2024-01-30T23:47:24.395+0100] {logging_mixin.py:188} INFO - [2024-01-30T23:47:24.394+0100] {dagbag.py:538} INFO - Filling up the DagBag from /home/ubuntu/.local/lib/python3.10/site-packages/airflow/example_dags/example_branch_operator_decorator.py
[2024-01-30T23:47:24.573+0100] {processor.py:840} INFO - DAG(s) 'example_branch_python_operator_decorator' retrieved from /home/ubuntu/.local/lib/python3.10/site-packages/airflow/example_dags/example_branch_operator_decorator.py
[2024-01-30T23:47:24.750+0100] {logging_mixin.py:188} INFO - [2024-01-30T23:47:24.750+0100] {dag.py:3033} INFO - Sync 1 DAGs
[2024-01-30T23:47:24.880+0100] {logging_mixin.py:188} INFO - [2024-01-30T23:47:24.880+0100] {dag.py:3820} INFO - Setting next_dagrun for example_branch_python_operator_decorator to 2024-01-29T00:00:00+00:00, run_after=2024-01-30T00:00:00+00:00
[2024-01-30T23:47:25.135+0100] {processor.py:183} INFO - Processing /home/ubuntu/.local/lib/python3.10/site-packages/airflow/example_dags/example_branch_operator_decorator.py took 0.812 seconds
[2024-01-30T23:48:31.228+0100] {processor.py:161} INFO - Started process (PID=9205) to work on /home/ubuntu/.local/lib/python3.10/site-packages/airflow/example_dags/example_branch_operator_decorator.py
[2024-01-30T23:48:31.239+0100] {processor.py:830} INFO - Processing file /home/ubuntu/.local/lib/python3.10/site-packages/airflow/example_dags/example_branch_operator_decorator.py for tasks to queue
[2024-01-30T23:48:31.253+0100] {logging_mixin.py:188} INFO - [2024-01-30T23:48:31.252+0100] {dagbag.py:538} INFO - Filling up the DagBag from /home/ubuntu/.local/lib/python3.10/site-packages/airflow/example_dags/example_branch_operator_decorator.py
[2024-01-30T23:48:31.349+0100] {processor.py:840} INFO - DAG(s) 'example_branch_python_operator_decorator' retrieved from /home/ubuntu/.local/lib/python3.10/site-packages/airflow/example_dags/example_branch_operator_decorator.py
[2024-01-30T23:48:31.421+0100] {logging_mixin.py:188} INFO - [2024-01-30T23:48:31.421+0100] {dag.py:3033} INFO - Sync 1 DAGs
[2024-01-30T23:48:31.445+0100] {logging_mixin.py:188} INFO - [2024-01-30T23:48:31.445+0100] {dag.py:3820} INFO - Setting next_dagrun for example_branch_python_operator_decorator to 2024-01-29T00:00:00+00:00, run_after=2024-01-30T00:00:00+00:00
[2024-01-30T23:48:31.527+0100] {processor.py:183} INFO - Processing /home/ubuntu/.local/lib/python3.10/site-packages/airflow/example_dags/example_branch_operator_decorator.py took 0.303 seconds
[2024-01-30T23:49:34.962+0100] {processor.py:161} INFO - Started process (PID=9264) to work on /home/ubuntu/.local/lib/python3.10/site-packages/airflow/example_dags/example_branch_operator_decorator.py
[2024-01-30T23:49:34.964+0100] {processor.py:830} INFO - Processing file /home/ubuntu/.local/lib/python3.10/site-packages/airflow/example_dags/example_branch_operator_decorator.py for tasks to queue
[2024-01-30T23:49:34.966+0100] {logging_mixin.py:188} INFO - [2024-01-30T23:49:34.965+0100] {dagbag.py:538} INFO - Filling up the DagBag from /home/ubuntu/.local/lib/python3.10/site-packages/airflow/example_dags/example_branch_operator_decorator.py
[2024-01-30T23:49:35.027+0100] {processor.py:840} INFO - DAG(s) 'example_branch_python_operator_decorator' retrieved from /home/ubuntu/.local/lib/python3.10/site-packages/airflow/example_dags/example_branch_operator_decorator.py
[2024-01-30T23:49:35.070+0100] {logging_mixin.py:188} INFO - [2024-01-30T23:49:35.069+0100] {dag.py:3033} INFO - Sync 1 DAGs
[2024-01-30T23:49:35.098+0100] {logging_mixin.py:188} INFO - [2024-01-30T23:49:35.098+0100] {dag.py:3820} INFO - Setting next_dagrun for example_branch_python_operator_decorator to 2024-01-29T00:00:00+00:00, run_after=2024-01-30T00:00:00+00:00
[2024-01-30T23:49:35.277+0100] {processor.py:183} INFO - Processing /home/ubuntu/.local/lib/python3.10/site-packages/airflow/example_dags/example_branch_operator_decorator.py took 0.321 seconds
[2024-01-30T23:50:39.534+0100] {processor.py:161} INFO - Started process (PID=9326) to work on /home/ubuntu/.local/lib/python3.10/site-packages/airflow/example_dags/example_branch_operator_decorator.py
[2024-01-30T23:50:39.553+0100] {processor.py:830} INFO - Processing file /home/ubuntu/.local/lib/python3.10/site-packages/airflow/example_dags/example_branch_operator_decorator.py for tasks to queue
[2024-01-30T23:50:39.556+0100] {logging_mixin.py:188} INFO - [2024-01-30T23:50:39.554+0100] {dagbag.py:538} INFO - Filling up the DagBag from /home/ubuntu/.local/lib/python3.10/site-packages/airflow/example_dags/example_branch_operator_decorator.py
[2024-01-30T23:50:39.582+0100] {processor.py:840} INFO - DAG(s) 'example_branch_python_operator_decorator' retrieved from /home/ubuntu/.local/lib/python3.10/site-packages/airflow/example_dags/example_branch_operator_decorator.py
[2024-01-30T23:50:39.618+0100] {logging_mixin.py:188} INFO - [2024-01-30T23:50:39.617+0100] {dag.py:3033} INFO - Sync 1 DAGs
[2024-01-30T23:50:39.641+0100] {logging_mixin.py:188} INFO - [2024-01-30T23:50:39.641+0100] {dag.py:3820} INFO - Setting next_dagrun for example_branch_python_operator_decorator to 2024-01-29T00:00:00+00:00, run_after=2024-01-30T00:00:00+00:00
[2024-01-30T23:50:39.703+0100] {processor.py:183} INFO - Processing /home/ubuntu/.local/lib/python3.10/site-packages/airflow/example_dags/example_branch_operator_decorator.py took 0.195 seconds
[2024-01-30T23:51:45.983+0100] {processor.py:161} INFO - Started process (PID=9438) to work on /home/ubuntu/.local/lib/python3.10/site-packages/airflow/example_dags/example_branch_operator_decorator.py
[2024-01-30T23:51:45.986+0100] {processor.py:830} INFO - Processing file /home/ubuntu/.local/lib/python3.10/site-packages/airflow/example_dags/example_branch_operator_decorator.py for tasks to queue
[2024-01-30T23:51:45.990+0100] {logging_mixin.py:188} INFO - [2024-01-30T23:51:45.989+0100] {dagbag.py:538} INFO - Filling up the DagBag from /home/ubuntu/.local/lib/python3.10/site-packages/airflow/example_dags/example_branch_operator_decorator.py
[2024-01-30T23:51:46.062+0100] {processor.py:840} INFO - DAG(s) 'example_branch_python_operator_decorator' retrieved from /home/ubuntu/.local/lib/python3.10/site-packages/airflow/example_dags/example_branch_operator_decorator.py
[2024-01-30T23:51:46.126+0100] {logging_mixin.py:188} INFO - [2024-01-30T23:51:46.123+0100] {dag.py:3033} INFO - Sync 1 DAGs
[2024-01-30T23:51:46.234+0100] {logging_mixin.py:188} INFO - [2024-01-30T23:51:46.230+0100] {dag.py:3820} INFO - Setting next_dagrun for example_branch_python_operator_decorator to 2024-01-29T00:00:00+00:00, run_after=2024-01-30T00:00:00+00:00
[2024-01-30T23:51:46.572+0100] {processor.py:183} INFO - Processing /home/ubuntu/.local/lib/python3.10/site-packages/airflow/example_dags/example_branch_operator_decorator.py took 0.598 seconds
[2024-01-30T23:53:43.347+0100] {processor.py:161} INFO - Started process (PID=9549) to work on /home/ubuntu/.local/lib/python3.10/site-packages/airflow/example_dags/example_branch_operator_decorator.py
[2024-01-30T23:53:43.373+0100] {processor.py:830} INFO - Processing file /home/ubuntu/.local/lib/python3.10/site-packages/airflow/example_dags/example_branch_operator_decorator.py for tasks to queue
[2024-01-30T23:53:43.374+0100] {logging_mixin.py:188} INFO - [2024-01-30T23:53:43.373+0100] {dagbag.py:538} INFO - Filling up the DagBag from /home/ubuntu/.local/lib/python3.10/site-packages/airflow/example_dags/example_branch_operator_decorator.py
[2024-01-30T23:53:43.519+0100] {processor.py:840} INFO - DAG(s) 'example_branch_python_operator_decorator' retrieved from /home/ubuntu/.local/lib/python3.10/site-packages/airflow/example_dags/example_branch_operator_decorator.py
[2024-01-30T23:53:43.764+0100] {logging_mixin.py:188} INFO - [2024-01-30T23:53:43.763+0100] {dag.py:3033} INFO - Sync 1 DAGs
[2024-01-30T23:53:43.846+0100] {logging_mixin.py:188} INFO - [2024-01-30T23:53:43.845+0100] {dag.py:3820} INFO - Setting next_dagrun for example_branch_python_operator_decorator to 2024-01-29T00:00:00+00:00, run_after=2024-01-30T00:00:00+00:00
[2024-01-30T23:53:44.147+0100] {processor.py:183} INFO - Processing /home/ubuntu/.local/lib/python3.10/site-packages/airflow/example_dags/example_branch_operator_decorator.py took 0.805 seconds
[2024-01-30T23:55:49.842+0100] {processor.py:161} INFO - Started process (PID=9632) to work on /home/ubuntu/.local/lib/python3.10/site-packages/airflow/example_dags/example_branch_operator_decorator.py
[2024-01-30T23:55:49.874+0100] {processor.py:830} INFO - Processing file /home/ubuntu/.local/lib/python3.10/site-packages/airflow/example_dags/example_branch_operator_decorator.py for tasks to queue
[2024-01-30T23:55:49.875+0100] {logging_mixin.py:188} INFO - [2024-01-30T23:55:49.875+0100] {dagbag.py:538} INFO - Filling up the DagBag from /home/ubuntu/.local/lib/python3.10/site-packages/airflow/example_dags/example_branch_operator_decorator.py
[2024-01-30T23:55:49.940+0100] {processor.py:840} INFO - DAG(s) 'example_branch_python_operator_decorator' retrieved from /home/ubuntu/.local/lib/python3.10/site-packages/airflow/example_dags/example_branch_operator_decorator.py
[2024-01-30T23:55:50.012+0100] {logging_mixin.py:188} INFO - [2024-01-30T23:55:50.011+0100] {dag.py:3033} INFO - Sync 1 DAGs
[2024-01-30T23:55:50.098+0100] {logging_mixin.py:188} INFO - [2024-01-30T23:55:50.098+0100] {dag.py:3820} INFO - Setting next_dagrun for example_branch_python_operator_decorator to 2024-01-29T00:00:00+00:00, run_after=2024-01-30T00:00:00+00:00
[2024-01-30T23:55:50.425+0100] {processor.py:183} INFO - Processing /home/ubuntu/.local/lib/python3.10/site-packages/airflow/example_dags/example_branch_operator_decorator.py took 0.598 seconds
[2024-01-30T23:58:06.941+0100] {processor.py:161} INFO - Started process (PID=9732) to work on /home/ubuntu/.local/lib/python3.10/site-packages/airflow/example_dags/example_branch_operator_decorator.py
[2024-01-30T23:58:07.003+0100] {processor.py:830} INFO - Processing file /home/ubuntu/.local/lib/python3.10/site-packages/airflow/example_dags/example_branch_operator_decorator.py for tasks to queue
[2024-01-30T23:58:07.019+0100] {logging_mixin.py:188} INFO - [2024-01-30T23:58:07.018+0100] {dagbag.py:538} INFO - Filling up the DagBag from /home/ubuntu/.local/lib/python3.10/site-packages/airflow/example_dags/example_branch_operator_decorator.py
[2024-01-30T23:58:07.180+0100] {processor.py:840} INFO - DAG(s) 'example_branch_python_operator_decorator' retrieved from /home/ubuntu/.local/lib/python3.10/site-packages/airflow/example_dags/example_branch_operator_decorator.py
[2024-01-30T23:58:07.349+0100] {logging_mixin.py:188} INFO - [2024-01-30T23:58:07.349+0100] {dag.py:3033} INFO - Sync 1 DAGs
[2024-01-30T23:58:07.471+0100] {logging_mixin.py:188} INFO - [2024-01-30T23:58:07.470+0100] {dag.py:3820} INFO - Setting next_dagrun for example_branch_python_operator_decorator to 2024-01-29T00:00:00+00:00, run_after=2024-01-30T00:00:00+00:00
[2024-01-30T23:58:07.908+0100] {processor.py:183} INFO - Processing /home/ubuntu/.local/lib/python3.10/site-packages/airflow/example_dags/example_branch_operator_decorator.py took 0.989 seconds
[2024-01-31T00:00:35.738+0100] {processor.py:161} INFO - Started process (PID=9852) to work on /home/ubuntu/.local/lib/python3.10/site-packages/airflow/example_dags/example_branch_operator_decorator.py
[2024-01-31T00:00:35.771+0100] {processor.py:830} INFO - Processing file /home/ubuntu/.local/lib/python3.10/site-packages/airflow/example_dags/example_branch_operator_decorator.py for tasks to queue
[2024-01-31T00:00:35.776+0100] {logging_mixin.py:188} INFO - [2024-01-31T00:00:35.776+0100] {dagbag.py:538} INFO - Filling up the DagBag from /home/ubuntu/.local/lib/python3.10/site-packages/airflow/example_dags/example_branch_operator_decorator.py
[2024-01-31T00:00:35.883+0100] {processor.py:840} INFO - DAG(s) 'example_branch_python_operator_decorator' retrieved from /home/ubuntu/.local/lib/python3.10/site-packages/airflow/example_dags/example_branch_operator_decorator.py
[2024-01-31T00:00:36.058+0100] {logging_mixin.py:188} INFO - [2024-01-31T00:00:36.057+0100] {dag.py:3033} INFO - Sync 1 DAGs
[2024-01-31T00:00:36.154+0100] {logging_mixin.py:188} INFO - [2024-01-31T00:00:36.154+0100] {dag.py:3820} INFO - Setting next_dagrun for example_branch_python_operator_decorator to 2024-01-29T00:00:00+00:00, run_after=2024-01-30T00:00:00+00:00
[2024-01-31T00:00:36.768+0100] {processor.py:183} INFO - Processing /home/ubuntu/.local/lib/python3.10/site-packages/airflow/example_dags/example_branch_operator_decorator.py took 1.045 seconds
[2024-01-31T00:03:04.494+0100] {processor.py:161} INFO - Started process (PID=9972) to work on /home/ubuntu/.local/lib/python3.10/site-packages/airflow/example_dags/example_branch_operator_decorator.py
[2024-01-31T00:03:04.505+0100] {processor.py:830} INFO - Processing file /home/ubuntu/.local/lib/python3.10/site-packages/airflow/example_dags/example_branch_operator_decorator.py for tasks to queue
[2024-01-31T00:03:04.507+0100] {logging_mixin.py:188} INFO - [2024-01-31T00:03:04.506+0100] {dagbag.py:538} INFO - Filling up the DagBag from /home/ubuntu/.local/lib/python3.10/site-packages/airflow/example_dags/example_branch_operator_decorator.py
[2024-01-31T00:03:04.558+0100] {processor.py:840} INFO - DAG(s) 'example_branch_python_operator_decorator' retrieved from /home/ubuntu/.local/lib/python3.10/site-packages/airflow/example_dags/example_branch_operator_decorator.py
[2024-01-31T00:03:04.598+0100] {logging_mixin.py:188} INFO - [2024-01-31T00:03:04.598+0100] {dag.py:3033} INFO - Sync 1 DAGs
[2024-01-31T00:03:04.696+0100] {logging_mixin.py:188} INFO - [2024-01-31T00:03:04.696+0100] {dag.py:3820} INFO - Setting next_dagrun for example_branch_python_operator_decorator to 2024-01-29T00:00:00+00:00, run_after=2024-01-30T00:00:00+00:00
[2024-01-31T00:03:04.749+0100] {processor.py:183} INFO - Processing /home/ubuntu/.local/lib/python3.10/site-packages/airflow/example_dags/example_branch_operator_decorator.py took 0.261 seconds
[2024-01-31T00:04:21.214+0100] {processor.py:161} INFO - Started process (PID=10037) to work on /home/ubuntu/.local/lib/python3.10/site-packages/airflow/example_dags/example_branch_operator_decorator.py
[2024-01-31T00:04:21.262+0100] {processor.py:830} INFO - Processing file /home/ubuntu/.local/lib/python3.10/site-packages/airflow/example_dags/example_branch_operator_decorator.py for tasks to queue
[2024-01-31T00:04:21.267+0100] {logging_mixin.py:188} INFO - [2024-01-31T00:04:21.263+0100] {dagbag.py:538} INFO - Filling up the DagBag from /home/ubuntu/.local/lib/python3.10/site-packages/airflow/example_dags/example_branch_operator_decorator.py
[2024-01-31T00:04:21.295+0100] {processor.py:840} INFO - DAG(s) 'example_branch_python_operator_decorator' retrieved from /home/ubuntu/.local/lib/python3.10/site-packages/airflow/example_dags/example_branch_operator_decorator.py
[2024-01-31T00:04:21.327+0100] {logging_mixin.py:188} INFO - [2024-01-31T00:04:21.326+0100] {dag.py:3033} INFO - Sync 1 DAGs
[2024-01-31T00:04:21.363+0100] {logging_mixin.py:188} INFO - [2024-01-31T00:04:21.363+0100] {dag.py:3820} INFO - Setting next_dagrun for example_branch_python_operator_decorator to 2024-01-29T00:00:00+00:00, run_after=2024-01-30T00:00:00+00:00
[2024-01-31T00:04:21.634+0100] {processor.py:183} INFO - Processing /home/ubuntu/.local/lib/python3.10/site-packages/airflow/example_dags/example_branch_operator_decorator.py took 0.425 seconds
[2024-01-31T00:05:34.148+0100] {processor.py:161} INFO - Started process (PID=10099) to work on /home/ubuntu/.local/lib/python3.10/site-packages/airflow/example_dags/example_branch_operator_decorator.py
[2024-01-31T00:05:34.150+0100] {processor.py:830} INFO - Processing file /home/ubuntu/.local/lib/python3.10/site-packages/airflow/example_dags/example_branch_operator_decorator.py for tasks to queue
[2024-01-31T00:05:34.151+0100] {logging_mixin.py:188} INFO - [2024-01-31T00:05:34.151+0100] {dagbag.py:538} INFO - Filling up the DagBag from /home/ubuntu/.local/lib/python3.10/site-packages/airflow/example_dags/example_branch_operator_decorator.py
[2024-01-31T00:05:34.210+0100] {processor.py:840} INFO - DAG(s) 'example_branch_python_operator_decorator' retrieved from /home/ubuntu/.local/lib/python3.10/site-packages/airflow/example_dags/example_branch_operator_decorator.py
[2024-01-31T00:05:34.238+0100] {logging_mixin.py:188} INFO - [2024-01-31T00:05:34.238+0100] {dag.py:3033} INFO - Sync 1 DAGs
[2024-01-31T00:05:34.296+0100] {logging_mixin.py:188} INFO - [2024-01-31T00:05:34.295+0100] {dag.py:3820} INFO - Setting next_dagrun for example_branch_python_operator_decorator to 2024-01-29T00:00:00+00:00, run_after=2024-01-30T00:00:00+00:00
[2024-01-31T00:05:34.383+0100] {processor.py:183} INFO - Processing /home/ubuntu/.local/lib/python3.10/site-packages/airflow/example_dags/example_branch_operator_decorator.py took 0.242 seconds
[2024-01-31T00:06:46.671+0100] {processor.py:161} INFO - Started process (PID=10161) to work on /home/ubuntu/.local/lib/python3.10/site-packages/airflow/example_dags/example_branch_operator_decorator.py
[2024-01-31T00:06:46.674+0100] {processor.py:830} INFO - Processing file /home/ubuntu/.local/lib/python3.10/site-packages/airflow/example_dags/example_branch_operator_decorator.py for tasks to queue
[2024-01-31T00:06:46.676+0100] {logging_mixin.py:188} INFO - [2024-01-31T00:06:46.675+0100] {dagbag.py:538} INFO - Filling up the DagBag from /home/ubuntu/.local/lib/python3.10/site-packages/airflow/example_dags/example_branch_operator_decorator.py
[2024-01-31T00:06:46.743+0100] {processor.py:840} INFO - DAG(s) 'example_branch_python_operator_decorator' retrieved from /home/ubuntu/.local/lib/python3.10/site-packages/airflow/example_dags/example_branch_operator_decorator.py
[2024-01-31T00:06:46.812+0100] {logging_mixin.py:188} INFO - [2024-01-31T00:06:46.811+0100] {dag.py:3033} INFO - Sync 1 DAGs
[2024-01-31T00:06:46.835+0100] {logging_mixin.py:188} INFO - [2024-01-31T00:06:46.835+0100] {dag.py:3820} INFO - Setting next_dagrun for example_branch_python_operator_decorator to 2024-01-29T00:00:00+00:00, run_after=2024-01-30T00:00:00+00:00
[2024-01-31T00:06:46.994+0100] {processor.py:183} INFO - Processing /home/ubuntu/.local/lib/python3.10/site-packages/airflow/example_dags/example_branch_operator_decorator.py took 0.327 seconds
[2024-01-31T00:07:59.763+0100] {processor.py:161} INFO - Started process (PID=10231) to work on /home/ubuntu/.local/lib/python3.10/site-packages/airflow/example_dags/example_branch_operator_decorator.py
[2024-01-31T00:07:59.766+0100] {processor.py:830} INFO - Processing file /home/ubuntu/.local/lib/python3.10/site-packages/airflow/example_dags/example_branch_operator_decorator.py for tasks to queue
[2024-01-31T00:07:59.768+0100] {logging_mixin.py:188} INFO - [2024-01-31T00:07:59.767+0100] {dagbag.py:538} INFO - Filling up the DagBag from /home/ubuntu/.local/lib/python3.10/site-packages/airflow/example_dags/example_branch_operator_decorator.py
[2024-01-31T00:07:59.830+0100] {processor.py:840} INFO - DAG(s) 'example_branch_python_operator_decorator' retrieved from /home/ubuntu/.local/lib/python3.10/site-packages/airflow/example_dags/example_branch_operator_decorator.py
[2024-01-31T00:07:59.882+0100] {logging_mixin.py:188} INFO - [2024-01-31T00:07:59.882+0100] {dag.py:3033} INFO - Sync 1 DAGs
[2024-01-31T00:07:59.917+0100] {logging_mixin.py:188} INFO - [2024-01-31T00:07:59.917+0100] {dag.py:3820} INFO - Setting next_dagrun for example_branch_python_operator_decorator to 2024-01-29T00:00:00+00:00, run_after=2024-01-30T00:00:00+00:00
[2024-01-31T00:08:00.173+0100] {processor.py:183} INFO - Processing /home/ubuntu/.local/lib/python3.10/site-packages/airflow/example_dags/example_branch_operator_decorator.py took 0.415 seconds
[2024-01-31T00:09:08.617+0100] {processor.py:161} INFO - Started process (PID=10291) to work on /home/ubuntu/.local/lib/python3.10/site-packages/airflow/example_dags/example_branch_operator_decorator.py
[2024-01-31T00:09:08.621+0100] {processor.py:830} INFO - Processing file /home/ubuntu/.local/lib/python3.10/site-packages/airflow/example_dags/example_branch_operator_decorator.py for tasks to queue
[2024-01-31T00:09:08.624+0100] {logging_mixin.py:188} INFO - [2024-01-31T00:09:08.623+0100] {dagbag.py:538} INFO - Filling up the DagBag from /home/ubuntu/.local/lib/python3.10/site-packages/airflow/example_dags/example_branch_operator_decorator.py
[2024-01-31T00:09:08.657+0100] {processor.py:840} INFO - DAG(s) 'example_branch_python_operator_decorator' retrieved from /home/ubuntu/.local/lib/python3.10/site-packages/airflow/example_dags/example_branch_operator_decorator.py
[2024-01-31T00:09:08.688+0100] {logging_mixin.py:188} INFO - [2024-01-31T00:09:08.688+0100] {dag.py:3033} INFO - Sync 1 DAGs
[2024-01-31T00:09:08.738+0100] {logging_mixin.py:188} INFO - [2024-01-31T00:09:08.737+0100] {dag.py:3820} INFO - Setting next_dagrun for example_branch_python_operator_decorator to 2024-01-29T00:00:00+00:00, run_after=2024-01-30T00:00:00+00:00
[2024-01-31T00:09:08.874+0100] {processor.py:183} INFO - Processing /home/ubuntu/.local/lib/python3.10/site-packages/airflow/example_dags/example_branch_operator_decorator.py took 0.263 seconds
[2024-01-31T00:10:22.519+0100] {processor.py:161} INFO - Started process (PID=10354) to work on /home/ubuntu/.local/lib/python3.10/site-packages/airflow/example_dags/example_branch_operator_decorator.py
[2024-01-31T00:10:22.522+0100] {processor.py:830} INFO - Processing file /home/ubuntu/.local/lib/python3.10/site-packages/airflow/example_dags/example_branch_operator_decorator.py for tasks to queue
[2024-01-31T00:10:22.535+0100] {logging_mixin.py:188} INFO - [2024-01-31T00:10:22.534+0100] {dagbag.py:538} INFO - Filling up the DagBag from /home/ubuntu/.local/lib/python3.10/site-packages/airflow/example_dags/example_branch_operator_decorator.py
[2024-01-31T00:10:22.593+0100] {processor.py:840} INFO - DAG(s) 'example_branch_python_operator_decorator' retrieved from /home/ubuntu/.local/lib/python3.10/site-packages/airflow/example_dags/example_branch_operator_decorator.py
[2024-01-31T00:10:22.620+0100] {logging_mixin.py:188} INFO - [2024-01-31T00:10:22.620+0100] {dag.py:3033} INFO - Sync 1 DAGs
[2024-01-31T00:10:22.654+0100] {logging_mixin.py:188} INFO - [2024-01-31T00:10:22.654+0100] {dag.py:3820} INFO - Setting next_dagrun for example_branch_python_operator_decorator to 2024-01-29T00:00:00+00:00, run_after=2024-01-30T00:00:00+00:00
[2024-01-31T00:10:22.974+0100] {processor.py:183} INFO - Processing /home/ubuntu/.local/lib/python3.10/site-packages/airflow/example_dags/example_branch_operator_decorator.py took 0.460 seconds
[2024-01-31T00:11:40.710+0100] {processor.py:161} INFO - Started process (PID=10503) to work on /home/ubuntu/.local/lib/python3.10/site-packages/airflow/example_dags/example_branch_operator_decorator.py
[2024-01-31T00:11:40.714+0100] {processor.py:830} INFO - Processing file /home/ubuntu/.local/lib/python3.10/site-packages/airflow/example_dags/example_branch_operator_decorator.py for tasks to queue
[2024-01-31T00:11:40.717+0100] {logging_mixin.py:188} INFO - [2024-01-31T00:11:40.716+0100] {dagbag.py:538} INFO - Filling up the DagBag from /home/ubuntu/.local/lib/python3.10/site-packages/airflow/example_dags/example_branch_operator_decorator.py
[2024-01-31T00:11:40.777+0100] {processor.py:840} INFO - DAG(s) 'example_branch_python_operator_decorator' retrieved from /home/ubuntu/.local/lib/python3.10/site-packages/airflow/example_dags/example_branch_operator_decorator.py
[2024-01-31T00:11:40.811+0100] {logging_mixin.py:188} INFO - [2024-01-31T00:11:40.811+0100] {dag.py:3033} INFO - Sync 1 DAGs
[2024-01-31T00:11:40.847+0100] {logging_mixin.py:188} INFO - [2024-01-31T00:11:40.843+0100] {dag.py:3820} INFO - Setting next_dagrun for example_branch_python_operator_decorator to 2024-01-29T00:00:00+00:00, run_after=2024-01-30T00:00:00+00:00
[2024-01-31T00:11:41.154+0100] {processor.py:183} INFO - Processing /home/ubuntu/.local/lib/python3.10/site-packages/airflow/example_dags/example_branch_operator_decorator.py took 0.475 seconds
[2024-01-31T00:13:18.304+0100] {processor.py:161} INFO - Started process (PID=10584) to work on /home/ubuntu/.local/lib/python3.10/site-packages/airflow/example_dags/example_branch_operator_decorator.py
[2024-01-31T00:13:18.331+0100] {processor.py:830} INFO - Processing file /home/ubuntu/.local/lib/python3.10/site-packages/airflow/example_dags/example_branch_operator_decorator.py for tasks to queue
[2024-01-31T00:13:18.334+0100] {logging_mixin.py:188} INFO - [2024-01-31T00:13:18.333+0100] {dagbag.py:538} INFO - Filling up the DagBag from /home/ubuntu/.local/lib/python3.10/site-packages/airflow/example_dags/example_branch_operator_decorator.py
[2024-01-31T00:13:18.413+0100] {processor.py:840} INFO - DAG(s) 'example_branch_python_operator_decorator' retrieved from /home/ubuntu/.local/lib/python3.10/site-packages/airflow/example_dags/example_branch_operator_decorator.py
[2024-01-31T00:13:18.582+0100] {logging_mixin.py:188} INFO - [2024-01-31T00:13:18.581+0100] {dag.py:3033} INFO - Sync 1 DAGs
[2024-01-31T00:13:18.717+0100] {logging_mixin.py:188} INFO - [2024-01-31T00:13:18.717+0100] {dag.py:3820} INFO - Setting next_dagrun for example_branch_python_operator_decorator to 2024-01-29T00:00:00+00:00, run_after=2024-01-30T00:00:00+00:00
[2024-01-31T00:13:19.199+0100] {processor.py:183} INFO - Processing /home/ubuntu/.local/lib/python3.10/site-packages/airflow/example_dags/example_branch_operator_decorator.py took 0.900 seconds
[2024-01-31T00:14:51.993+0100] {processor.py:161} INFO - Started process (PID=10652) to work on /home/ubuntu/.local/lib/python3.10/site-packages/airflow/example_dags/example_branch_operator_decorator.py
[2024-01-31T00:14:52.004+0100] {processor.py:830} INFO - Processing file /home/ubuntu/.local/lib/python3.10/site-packages/airflow/example_dags/example_branch_operator_decorator.py for tasks to queue
[2024-01-31T00:14:52.006+0100] {logging_mixin.py:188} INFO - [2024-01-31T00:14:52.005+0100] {dagbag.py:538} INFO - Filling up the DagBag from /home/ubuntu/.local/lib/python3.10/site-packages/airflow/example_dags/example_branch_operator_decorator.py
[2024-01-31T00:14:52.034+0100] {processor.py:840} INFO - DAG(s) 'example_branch_python_operator_decorator' retrieved from /home/ubuntu/.local/lib/python3.10/site-packages/airflow/example_dags/example_branch_operator_decorator.py
[2024-01-31T00:14:52.085+0100] {logging_mixin.py:188} INFO - [2024-01-31T00:14:52.083+0100] {dag.py:3033} INFO - Sync 1 DAGs
[2024-01-31T00:14:52.128+0100] {logging_mixin.py:188} INFO - [2024-01-31T00:14:52.128+0100] {dag.py:3820} INFO - Setting next_dagrun for example_branch_python_operator_decorator to 2024-01-29T00:00:00+00:00, run_after=2024-01-30T00:00:00+00:00
[2024-01-31T00:14:52.338+0100] {processor.py:183} INFO - Processing /home/ubuntu/.local/lib/python3.10/site-packages/airflow/example_dags/example_branch_operator_decorator.py took 0.379 seconds
[2024-01-31T00:16:13.190+0100] {processor.py:161} INFO - Started process (PID=10720) to work on /home/ubuntu/.local/lib/python3.10/site-packages/airflow/example_dags/example_branch_operator_decorator.py
[2024-01-31T00:16:13.212+0100] {processor.py:830} INFO - Processing file /home/ubuntu/.local/lib/python3.10/site-packages/airflow/example_dags/example_branch_operator_decorator.py for tasks to queue
[2024-01-31T00:16:13.214+0100] {logging_mixin.py:188} INFO - [2024-01-31T00:16:13.213+0100] {dagbag.py:538} INFO - Filling up the DagBag from /home/ubuntu/.local/lib/python3.10/site-packages/airflow/example_dags/example_branch_operator_decorator.py
[2024-01-31T00:16:13.243+0100] {processor.py:840} INFO - DAG(s) 'example_branch_python_operator_decorator' retrieved from /home/ubuntu/.local/lib/python3.10/site-packages/airflow/example_dags/example_branch_operator_decorator.py
[2024-01-31T00:16:13.274+0100] {logging_mixin.py:188} INFO - [2024-01-31T00:16:13.274+0100] {dag.py:3033} INFO - Sync 1 DAGs
[2024-01-31T00:16:13.347+0100] {logging_mixin.py:188} INFO - [2024-01-31T00:16:13.346+0100] {dag.py:3820} INFO - Setting next_dagrun for example_branch_python_operator_decorator to 2024-01-29T00:00:00+00:00, run_after=2024-01-30T00:00:00+00:00
[2024-01-31T00:16:13.619+0100] {processor.py:183} INFO - Processing /home/ubuntu/.local/lib/python3.10/site-packages/airflow/example_dags/example_branch_operator_decorator.py took 0.434 seconds
[2024-01-31T00:17:43.219+0100] {processor.py:161} INFO - Started process (PID=10811) to work on /home/ubuntu/.local/lib/python3.10/site-packages/airflow/example_dags/example_branch_operator_decorator.py
[2024-01-31T00:17:43.228+0100] {processor.py:830} INFO - Processing file /home/ubuntu/.local/lib/python3.10/site-packages/airflow/example_dags/example_branch_operator_decorator.py for tasks to queue
[2024-01-31T00:17:43.230+0100] {logging_mixin.py:188} INFO - [2024-01-31T00:17:43.229+0100] {dagbag.py:538} INFO - Filling up the DagBag from /home/ubuntu/.local/lib/python3.10/site-packages/airflow/example_dags/example_branch_operator_decorator.py
[2024-01-31T00:17:43.258+0100] {processor.py:840} INFO - DAG(s) 'example_branch_python_operator_decorator' retrieved from /home/ubuntu/.local/lib/python3.10/site-packages/airflow/example_dags/example_branch_operator_decorator.py
[2024-01-31T00:17:43.284+0100] {logging_mixin.py:188} INFO - [2024-01-31T00:17:43.283+0100] {dag.py:3033} INFO - Sync 1 DAGs
[2024-01-31T00:17:43.309+0100] {logging_mixin.py:188} INFO - [2024-01-31T00:17:43.309+0100] {dag.py:3820} INFO - Setting next_dagrun for example_branch_python_operator_decorator to 2024-01-29T00:00:00+00:00, run_after=2024-01-30T00:00:00+00:00
[2024-01-31T00:17:43.543+0100] {processor.py:183} INFO - Processing /home/ubuntu/.local/lib/python3.10/site-packages/airflow/example_dags/example_branch_operator_decorator.py took 0.329 seconds
[2024-01-31T00:19:02.144+0100] {processor.py:161} INFO - Started process (PID=10891) to work on /home/ubuntu/.local/lib/python3.10/site-packages/airflow/example_dags/example_branch_operator_decorator.py
[2024-01-31T00:19:02.149+0100] {processor.py:830} INFO - Processing file /home/ubuntu/.local/lib/python3.10/site-packages/airflow/example_dags/example_branch_operator_decorator.py for tasks to queue
[2024-01-31T00:19:02.151+0100] {logging_mixin.py:188} INFO - [2024-01-31T00:19:02.150+0100] {dagbag.py:538} INFO - Filling up the DagBag from /home/ubuntu/.local/lib/python3.10/site-packages/airflow/example_dags/example_branch_operator_decorator.py
[2024-01-31T00:19:02.193+0100] {processor.py:840} INFO - DAG(s) 'example_branch_python_operator_decorator' retrieved from /home/ubuntu/.local/lib/python3.10/site-packages/airflow/example_dags/example_branch_operator_decorator.py
[2024-01-31T00:19:02.219+0100] {logging_mixin.py:188} INFO - [2024-01-31T00:19:02.218+0100] {dag.py:3033} INFO - Sync 1 DAGs
[2024-01-31T00:19:02.239+0100] {logging_mixin.py:188} INFO - [2024-01-31T00:19:02.239+0100] {dag.py:3820} INFO - Setting next_dagrun for example_branch_python_operator_decorator to 2024-01-29T00:00:00+00:00, run_after=2024-01-30T00:00:00+00:00
[2024-01-31T00:19:02.355+0100] {processor.py:183} INFO - Processing /home/ubuntu/.local/lib/python3.10/site-packages/airflow/example_dags/example_branch_operator_decorator.py took 0.216 seconds
[2024-01-31T00:20:52.489+0100] {processor.py:161} INFO - Started process (PID=11045) to work on /home/ubuntu/.local/lib/python3.10/site-packages/airflow/example_dags/example_branch_operator_decorator.py
[2024-01-31T00:20:52.517+0100] {processor.py:830} INFO - Processing file /home/ubuntu/.local/lib/python3.10/site-packages/airflow/example_dags/example_branch_operator_decorator.py for tasks to queue
[2024-01-31T00:20:52.519+0100] {logging_mixin.py:188} INFO - [2024-01-31T00:20:52.518+0100] {dagbag.py:538} INFO - Filling up the DagBag from /home/ubuntu/.local/lib/python3.10/site-packages/airflow/example_dags/example_branch_operator_decorator.py
[2024-01-31T00:20:52.637+0100] {processor.py:840} INFO - DAG(s) 'example_branch_python_operator_decorator' retrieved from /home/ubuntu/.local/lib/python3.10/site-packages/airflow/example_dags/example_branch_operator_decorator.py
[2024-01-31T00:20:52.751+0100] {logging_mixin.py:188} INFO - [2024-01-31T00:20:52.746+0100] {dag.py:3033} INFO - Sync 1 DAGs
[2024-01-31T00:20:52.845+0100] {logging_mixin.py:188} INFO - [2024-01-31T00:20:52.845+0100] {dag.py:3820} INFO - Setting next_dagrun for example_branch_python_operator_decorator to 2024-01-29T00:00:00+00:00, run_after=2024-01-30T00:00:00+00:00
[2024-01-31T00:20:53.158+0100] {processor.py:183} INFO - Processing /home/ubuntu/.local/lib/python3.10/site-packages/airflow/example_dags/example_branch_operator_decorator.py took 0.684 seconds
[2024-01-31T00:23:15.196+0100] {processor.py:161} INFO - Started process (PID=11136) to work on /home/ubuntu/.local/lib/python3.10/site-packages/airflow/example_dags/example_branch_operator_decorator.py
[2024-01-31T00:23:15.242+0100] {processor.py:830} INFO - Processing file /home/ubuntu/.local/lib/python3.10/site-packages/airflow/example_dags/example_branch_operator_decorator.py for tasks to queue
[2024-01-31T00:23:15.244+0100] {logging_mixin.py:188} INFO - [2024-01-31T00:23:15.243+0100] {dagbag.py:538} INFO - Filling up the DagBag from /home/ubuntu/.local/lib/python3.10/site-packages/airflow/example_dags/example_branch_operator_decorator.py
[2024-01-31T00:23:15.354+0100] {processor.py:840} INFO - DAG(s) 'example_branch_python_operator_decorator' retrieved from /home/ubuntu/.local/lib/python3.10/site-packages/airflow/example_dags/example_branch_operator_decorator.py
[2024-01-31T00:23:15.514+0100] {logging_mixin.py:188} INFO - [2024-01-31T00:23:15.513+0100] {dag.py:3033} INFO - Sync 1 DAGs
[2024-01-31T00:23:15.657+0100] {logging_mixin.py:188} INFO - [2024-01-31T00:23:15.657+0100] {dag.py:3820} INFO - Setting next_dagrun for example_branch_python_operator_decorator to 2024-01-29T00:00:00+00:00, run_after=2024-01-30T00:00:00+00:00
[2024-01-31T00:23:15.981+0100] {processor.py:183} INFO - Processing /home/ubuntu/.local/lib/python3.10/site-packages/airflow/example_dags/example_branch_operator_decorator.py took 0.793 seconds
[2024-01-31T00:25:18.601+0100] {processor.py:161} INFO - Started process (PID=11239) to work on /home/ubuntu/.local/lib/python3.10/site-packages/airflow/example_dags/example_branch_operator_decorator.py
[2024-01-31T00:25:18.610+0100] {processor.py:830} INFO - Processing file /home/ubuntu/.local/lib/python3.10/site-packages/airflow/example_dags/example_branch_operator_decorator.py for tasks to queue
[2024-01-31T00:25:18.612+0100] {logging_mixin.py:188} INFO - [2024-01-31T00:25:18.611+0100] {dagbag.py:538} INFO - Filling up the DagBag from /home/ubuntu/.local/lib/python3.10/site-packages/airflow/example_dags/example_branch_operator_decorator.py
[2024-01-31T00:25:18.646+0100] {processor.py:840} INFO - DAG(s) 'example_branch_python_operator_decorator' retrieved from /home/ubuntu/.local/lib/python3.10/site-packages/airflow/example_dags/example_branch_operator_decorator.py
[2024-01-31T00:25:18.677+0100] {logging_mixin.py:188} INFO - [2024-01-31T00:25:18.677+0100] {dag.py:3033} INFO - Sync 1 DAGs
[2024-01-31T00:25:18.704+0100] {logging_mixin.py:188} INFO - [2024-01-31T00:25:18.703+0100] {dag.py:3820} INFO - Setting next_dagrun for example_branch_python_operator_decorator to 2024-01-29T00:00:00+00:00, run_after=2024-01-30T00:00:00+00:00
[2024-01-31T00:25:18.837+0100] {processor.py:183} INFO - Processing /home/ubuntu/.local/lib/python3.10/site-packages/airflow/example_dags/example_branch_operator_decorator.py took 0.240 seconds
[2024-01-31T00:26:24.181+0100] {processor.py:161} INFO - Started process (PID=11298) to work on /home/ubuntu/.local/lib/python3.10/site-packages/airflow/example_dags/example_branch_operator_decorator.py
[2024-01-31T00:26:24.186+0100] {processor.py:830} INFO - Processing file /home/ubuntu/.local/lib/python3.10/site-packages/airflow/example_dags/example_branch_operator_decorator.py for tasks to queue
[2024-01-31T00:26:24.191+0100] {logging_mixin.py:188} INFO - [2024-01-31T00:26:24.190+0100] {dagbag.py:538} INFO - Filling up the DagBag from /home/ubuntu/.local/lib/python3.10/site-packages/airflow/example_dags/example_branch_operator_decorator.py
[2024-01-31T00:26:24.222+0100] {processor.py:840} INFO - DAG(s) 'example_branch_python_operator_decorator' retrieved from /home/ubuntu/.local/lib/python3.10/site-packages/airflow/example_dags/example_branch_operator_decorator.py
[2024-01-31T00:26:24.296+0100] {logging_mixin.py:188} INFO - [2024-01-31T00:26:24.296+0100] {dag.py:3033} INFO - Sync 1 DAGs
[2024-01-31T00:26:24.325+0100] {logging_mixin.py:188} INFO - [2024-01-31T00:26:24.325+0100] {dag.py:3820} INFO - Setting next_dagrun for example_branch_python_operator_decorator to 2024-01-29T00:00:00+00:00, run_after=2024-01-30T00:00:00+00:00
[2024-01-31T00:26:24.450+0100] {processor.py:183} INFO - Processing /home/ubuntu/.local/lib/python3.10/site-packages/airflow/example_dags/example_branch_operator_decorator.py took 0.275 seconds
[2024-01-31T00:27:38.766+0100] {processor.py:161} INFO - Started process (PID=11370) to work on /home/ubuntu/.local/lib/python3.10/site-packages/airflow/example_dags/example_branch_operator_decorator.py
[2024-01-31T00:27:38.782+0100] {processor.py:830} INFO - Processing file /home/ubuntu/.local/lib/python3.10/site-packages/airflow/example_dags/example_branch_operator_decorator.py for tasks to queue
[2024-01-31T00:27:38.802+0100] {logging_mixin.py:188} INFO - [2024-01-31T00:27:38.801+0100] {dagbag.py:538} INFO - Filling up the DagBag from /home/ubuntu/.local/lib/python3.10/site-packages/airflow/example_dags/example_branch_operator_decorator.py
[2024-01-31T00:27:38.872+0100] {processor.py:840} INFO - DAG(s) 'example_branch_python_operator_decorator' retrieved from /home/ubuntu/.local/lib/python3.10/site-packages/airflow/example_dags/example_branch_operator_decorator.py
[2024-01-31T00:27:38.984+0100] {logging_mixin.py:188} INFO - [2024-01-31T00:27:38.984+0100] {dag.py:3033} INFO - Sync 1 DAGs
[2024-01-31T00:27:39.039+0100] {logging_mixin.py:188} INFO - [2024-01-31T00:27:39.038+0100] {dag.py:3820} INFO - Setting next_dagrun for example_branch_python_operator_decorator to 2024-01-29T00:00:00+00:00, run_after=2024-01-30T00:00:00+00:00
[2024-01-31T00:27:39.242+0100] {processor.py:183} INFO - Processing /home/ubuntu/.local/lib/python3.10/site-packages/airflow/example_dags/example_branch_operator_decorator.py took 0.482 seconds
[2024-01-31T00:29:04.524+0100] {processor.py:161} INFO - Started process (PID=11525) to work on /home/ubuntu/.local/lib/python3.10/site-packages/airflow/example_dags/example_branch_operator_decorator.py
[2024-01-31T00:29:04.552+0100] {processor.py:830} INFO - Processing file /home/ubuntu/.local/lib/python3.10/site-packages/airflow/example_dags/example_branch_operator_decorator.py for tasks to queue
[2024-01-31T00:29:04.553+0100] {logging_mixin.py:188} INFO - [2024-01-31T00:29:04.553+0100] {dagbag.py:538} INFO - Filling up the DagBag from /home/ubuntu/.local/lib/python3.10/site-packages/airflow/example_dags/example_branch_operator_decorator.py
[2024-01-31T00:29:04.647+0100] {processor.py:840} INFO - DAG(s) 'example_branch_python_operator_decorator' retrieved from /home/ubuntu/.local/lib/python3.10/site-packages/airflow/example_dags/example_branch_operator_decorator.py
[2024-01-31T00:29:04.749+0100] {logging_mixin.py:188} INFO - [2024-01-31T00:29:04.749+0100] {dag.py:3033} INFO - Sync 1 DAGs
[2024-01-31T00:29:04.815+0100] {logging_mixin.py:188} INFO - [2024-01-31T00:29:04.814+0100] {dag.py:3820} INFO - Setting next_dagrun for example_branch_python_operator_decorator to 2024-01-29T00:00:00+00:00, run_after=2024-01-30T00:00:00+00:00
[2024-01-31T00:29:05.055+0100] {processor.py:183} INFO - Processing /home/ubuntu/.local/lib/python3.10/site-packages/airflow/example_dags/example_branch_operator_decorator.py took 0.536 seconds
[2024-01-31T00:30:24.061+0100] {processor.py:161} INFO - Started process (PID=11590) to work on /home/ubuntu/.local/lib/python3.10/site-packages/airflow/example_dags/example_branch_operator_decorator.py
[2024-01-31T00:30:24.082+0100] {processor.py:830} INFO - Processing file /home/ubuntu/.local/lib/python3.10/site-packages/airflow/example_dags/example_branch_operator_decorator.py for tasks to queue
[2024-01-31T00:30:24.094+0100] {logging_mixin.py:188} INFO - [2024-01-31T00:30:24.083+0100] {dagbag.py:538} INFO - Filling up the DagBag from /home/ubuntu/.local/lib/python3.10/site-packages/airflow/example_dags/example_branch_operator_decorator.py
[2024-01-31T00:30:24.130+0100] {processor.py:840} INFO - DAG(s) 'example_branch_python_operator_decorator' retrieved from /home/ubuntu/.local/lib/python3.10/site-packages/airflow/example_dags/example_branch_operator_decorator.py
[2024-01-31T00:30:24.198+0100] {logging_mixin.py:188} INFO - [2024-01-31T00:30:24.198+0100] {dag.py:3033} INFO - Sync 1 DAGs
[2024-01-31T00:30:24.223+0100] {logging_mixin.py:188} INFO - [2024-01-31T00:30:24.223+0100] {dag.py:3820} INFO - Setting next_dagrun for example_branch_python_operator_decorator to 2024-01-29T00:00:00+00:00, run_after=2024-01-30T00:00:00+00:00
[2024-01-31T00:30:24.274+0100] {processor.py:183} INFO - Processing /home/ubuntu/.local/lib/python3.10/site-packages/airflow/example_dags/example_branch_operator_decorator.py took 0.216 seconds
[2024-01-31T00:31:40.807+0100] {processor.py:161} INFO - Started process (PID=11655) to work on /home/ubuntu/.local/lib/python3.10/site-packages/airflow/example_dags/example_branch_operator_decorator.py
[2024-01-31T00:31:40.818+0100] {processor.py:830} INFO - Processing file /home/ubuntu/.local/lib/python3.10/site-packages/airflow/example_dags/example_branch_operator_decorator.py for tasks to queue
[2024-01-31T00:31:40.825+0100] {logging_mixin.py:188} INFO - [2024-01-31T00:31:40.824+0100] {dagbag.py:538} INFO - Filling up the DagBag from /home/ubuntu/.local/lib/python3.10/site-packages/airflow/example_dags/example_branch_operator_decorator.py
[2024-01-31T00:31:40.856+0100] {processor.py:840} INFO - DAG(s) 'example_branch_python_operator_decorator' retrieved from /home/ubuntu/.local/lib/python3.10/site-packages/airflow/example_dags/example_branch_operator_decorator.py
[2024-01-31T00:31:40.889+0100] {logging_mixin.py:188} INFO - [2024-01-31T00:31:40.889+0100] {dag.py:3033} INFO - Sync 1 DAGs
[2024-01-31T00:31:40.934+0100] {logging_mixin.py:188} INFO - [2024-01-31T00:31:40.933+0100] {dag.py:3820} INFO - Setting next_dagrun for example_branch_python_operator_decorator to 2024-01-29T00:00:00+00:00, run_after=2024-01-30T00:00:00+00:00
[2024-01-31T00:31:41.000+0100] {processor.py:183} INFO - Processing /home/ubuntu/.local/lib/python3.10/site-packages/airflow/example_dags/example_branch_operator_decorator.py took 0.198 seconds
[2024-01-31T00:32:57.208+0100] {processor.py:161} INFO - Started process (PID=11721) to work on /home/ubuntu/.local/lib/python3.10/site-packages/airflow/example_dags/example_branch_operator_decorator.py
[2024-01-31T00:32:57.211+0100] {processor.py:830} INFO - Processing file /home/ubuntu/.local/lib/python3.10/site-packages/airflow/example_dags/example_branch_operator_decorator.py for tasks to queue
[2024-01-31T00:32:57.213+0100] {logging_mixin.py:188} INFO - [2024-01-31T00:32:57.212+0100] {dagbag.py:538} INFO - Filling up the DagBag from /home/ubuntu/.local/lib/python3.10/site-packages/airflow/example_dags/example_branch_operator_decorator.py
[2024-01-31T00:32:57.249+0100] {processor.py:840} INFO - DAG(s) 'example_branch_python_operator_decorator' retrieved from /home/ubuntu/.local/lib/python3.10/site-packages/airflow/example_dags/example_branch_operator_decorator.py
[2024-01-31T00:32:57.302+0100] {logging_mixin.py:188} INFO - [2024-01-31T00:32:57.302+0100] {dag.py:3033} INFO - Sync 1 DAGs
[2024-01-31T00:32:57.331+0100] {logging_mixin.py:188} INFO - [2024-01-31T00:32:57.331+0100] {dag.py:3820} INFO - Setting next_dagrun for example_branch_python_operator_decorator to 2024-01-29T00:00:00+00:00, run_after=2024-01-30T00:00:00+00:00
[2024-01-31T00:32:57.568+0100] {processor.py:183} INFO - Processing /home/ubuntu/.local/lib/python3.10/site-packages/airflow/example_dags/example_branch_operator_decorator.py took 0.367 seconds
[2024-01-31T00:34:14.177+0100] {processor.py:161} INFO - Started process (PID=11802) to work on /home/ubuntu/.local/lib/python3.10/site-packages/airflow/example_dags/example_branch_operator_decorator.py
[2024-01-31T00:34:14.224+0100] {processor.py:830} INFO - Processing file /home/ubuntu/.local/lib/python3.10/site-packages/airflow/example_dags/example_branch_operator_decorator.py for tasks to queue
[2024-01-31T00:34:14.225+0100] {logging_mixin.py:188} INFO - [2024-01-31T00:34:14.225+0100] {dagbag.py:538} INFO - Filling up the DagBag from /home/ubuntu/.local/lib/python3.10/site-packages/airflow/example_dags/example_branch_operator_decorator.py
[2024-01-31T00:34:14.249+0100] {processor.py:840} INFO - DAG(s) 'example_branch_python_operator_decorator' retrieved from /home/ubuntu/.local/lib/python3.10/site-packages/airflow/example_dags/example_branch_operator_decorator.py
[2024-01-31T00:34:14.284+0100] {logging_mixin.py:188} INFO - [2024-01-31T00:34:14.283+0100] {dag.py:3033} INFO - Sync 1 DAGs
[2024-01-31T00:34:14.363+0100] {logging_mixin.py:188} INFO - [2024-01-31T00:34:14.363+0100] {dag.py:3820} INFO - Setting next_dagrun for example_branch_python_operator_decorator to 2024-01-29T00:00:00+00:00, run_after=2024-01-30T00:00:00+00:00
[2024-01-31T00:34:14.576+0100] {processor.py:183} INFO - Processing /home/ubuntu/.local/lib/python3.10/site-packages/airflow/example_dags/example_branch_operator_decorator.py took 0.410 seconds
[2024-01-31T00:35:20.410+0100] {processor.py:161} INFO - Started process (PID=11863) to work on /home/ubuntu/.local/lib/python3.10/site-packages/airflow/example_dags/example_branch_operator_decorator.py
[2024-01-31T00:35:20.438+0100] {processor.py:830} INFO - Processing file /home/ubuntu/.local/lib/python3.10/site-packages/airflow/example_dags/example_branch_operator_decorator.py for tasks to queue
[2024-01-31T00:35:20.440+0100] {logging_mixin.py:188} INFO - [2024-01-31T00:35:20.439+0100] {dagbag.py:538} INFO - Filling up the DagBag from /home/ubuntu/.local/lib/python3.10/site-packages/airflow/example_dags/example_branch_operator_decorator.py
[2024-01-31T00:35:20.509+0100] {processor.py:840} INFO - DAG(s) 'example_branch_python_operator_decorator' retrieved from /home/ubuntu/.local/lib/python3.10/site-packages/airflow/example_dags/example_branch_operator_decorator.py
[2024-01-31T00:35:20.649+0100] {logging_mixin.py:188} INFO - [2024-01-31T00:35:20.649+0100] {dag.py:3033} INFO - Sync 1 DAGs
[2024-01-31T00:35:20.725+0100] {logging_mixin.py:188} INFO - [2024-01-31T00:35:20.725+0100] {dag.py:3820} INFO - Setting next_dagrun for example_branch_python_operator_decorator to 2024-01-29T00:00:00+00:00, run_after=2024-01-30T00:00:00+00:00
[2024-01-31T00:35:20.863+0100] {processor.py:183} INFO - Processing /home/ubuntu/.local/lib/python3.10/site-packages/airflow/example_dags/example_branch_operator_decorator.py took 0.470 seconds
[2024-01-31T00:36:26.034+0100] {processor.py:161} INFO - Started process (PID=11924) to work on /home/ubuntu/.local/lib/python3.10/site-packages/airflow/example_dags/example_branch_operator_decorator.py
[2024-01-31T00:36:26.038+0100] {processor.py:830} INFO - Processing file /home/ubuntu/.local/lib/python3.10/site-packages/airflow/example_dags/example_branch_operator_decorator.py for tasks to queue
[2024-01-31T00:36:26.040+0100] {logging_mixin.py:188} INFO - [2024-01-31T00:36:26.039+0100] {dagbag.py:538} INFO - Filling up the DagBag from /home/ubuntu/.local/lib/python3.10/site-packages/airflow/example_dags/example_branch_operator_decorator.py
[2024-01-31T00:36:26.138+0100] {processor.py:840} INFO - DAG(s) 'example_branch_python_operator_decorator' retrieved from /home/ubuntu/.local/lib/python3.10/site-packages/airflow/example_dags/example_branch_operator_decorator.py
[2024-01-31T00:36:26.178+0100] {logging_mixin.py:188} INFO - [2024-01-31T00:36:26.178+0100] {dag.py:3033} INFO - Sync 1 DAGs
[2024-01-31T00:36:26.206+0100] {logging_mixin.py:188} INFO - [2024-01-31T00:36:26.206+0100] {dag.py:3820} INFO - Setting next_dagrun for example_branch_python_operator_decorator to 2024-01-29T00:00:00+00:00, run_after=2024-01-30T00:00:00+00:00
[2024-01-31T00:36:26.315+0100] {processor.py:183} INFO - Processing /home/ubuntu/.local/lib/python3.10/site-packages/airflow/example_dags/example_branch_operator_decorator.py took 0.286 seconds
[2024-01-31T00:37:35.118+0100] {processor.py:161} INFO - Started process (PID=11988) to work on /home/ubuntu/.local/lib/python3.10/site-packages/airflow/example_dags/example_branch_operator_decorator.py
[2024-01-31T00:37:35.127+0100] {processor.py:830} INFO - Processing file /home/ubuntu/.local/lib/python3.10/site-packages/airflow/example_dags/example_branch_operator_decorator.py for tasks to queue
[2024-01-31T00:37:35.129+0100] {logging_mixin.py:188} INFO - [2024-01-31T00:37:35.128+0100] {dagbag.py:538} INFO - Filling up the DagBag from /home/ubuntu/.local/lib/python3.10/site-packages/airflow/example_dags/example_branch_operator_decorator.py
[2024-01-31T00:37:35.176+0100] {processor.py:840} INFO - DAG(s) 'example_branch_python_operator_decorator' retrieved from /home/ubuntu/.local/lib/python3.10/site-packages/airflow/example_dags/example_branch_operator_decorator.py
[2024-01-31T00:37:35.240+0100] {logging_mixin.py:188} INFO - [2024-01-31T00:37:35.240+0100] {dag.py:3033} INFO - Sync 1 DAGs
[2024-01-31T00:37:35.281+0100] {logging_mixin.py:188} INFO - [2024-01-31T00:37:35.281+0100] {dag.py:3820} INFO - Setting next_dagrun for example_branch_python_operator_decorator to 2024-01-29T00:00:00+00:00, run_after=2024-01-30T00:00:00+00:00
[2024-01-31T00:37:35.407+0100] {processor.py:183} INFO - Processing /home/ubuntu/.local/lib/python3.10/site-packages/airflow/example_dags/example_branch_operator_decorator.py took 0.294 seconds
[2024-01-31T00:38:49.228+0100] {processor.py:161} INFO - Started process (PID=12056) to work on /home/ubuntu/.local/lib/python3.10/site-packages/airflow/example_dags/example_branch_operator_decorator.py
[2024-01-31T00:38:49.230+0100] {processor.py:830} INFO - Processing file /home/ubuntu/.local/lib/python3.10/site-packages/airflow/example_dags/example_branch_operator_decorator.py for tasks to queue
[2024-01-31T00:38:49.233+0100] {logging_mixin.py:188} INFO - [2024-01-31T00:38:49.232+0100] {dagbag.py:538} INFO - Filling up the DagBag from /home/ubuntu/.local/lib/python3.10/site-packages/airflow/example_dags/example_branch_operator_decorator.py
[2024-01-31T00:38:49.281+0100] {processor.py:840} INFO - DAG(s) 'example_branch_python_operator_decorator' retrieved from /home/ubuntu/.local/lib/python3.10/site-packages/airflow/example_dags/example_branch_operator_decorator.py
[2024-01-31T00:38:49.315+0100] {logging_mixin.py:188} INFO - [2024-01-31T00:38:49.314+0100] {dag.py:3033} INFO - Sync 1 DAGs
[2024-01-31T00:38:49.349+0100] {logging_mixin.py:188} INFO - [2024-01-31T00:38:49.349+0100] {dag.py:3820} INFO - Setting next_dagrun for example_branch_python_operator_decorator to 2024-01-29T00:00:00+00:00, run_after=2024-01-30T00:00:00+00:00
[2024-01-31T00:38:49.556+0100] {processor.py:183} INFO - Processing /home/ubuntu/.local/lib/python3.10/site-packages/airflow/example_dags/example_branch_operator_decorator.py took 0.335 seconds
[2024-01-31T00:39:57.160+0100] {processor.py:161} INFO - Started process (PID=12116) to work on /home/ubuntu/.local/lib/python3.10/site-packages/airflow/example_dags/example_branch_operator_decorator.py
[2024-01-31T00:39:57.164+0100] {processor.py:830} INFO - Processing file /home/ubuntu/.local/lib/python3.10/site-packages/airflow/example_dags/example_branch_operator_decorator.py for tasks to queue
[2024-01-31T00:39:57.166+0100] {logging_mixin.py:188} INFO - [2024-01-31T00:39:57.165+0100] {dagbag.py:538} INFO - Filling up the DagBag from /home/ubuntu/.local/lib/python3.10/site-packages/airflow/example_dags/example_branch_operator_decorator.py
[2024-01-31T00:39:57.235+0100] {processor.py:840} INFO - DAG(s) 'example_branch_python_operator_decorator' retrieved from /home/ubuntu/.local/lib/python3.10/site-packages/airflow/example_dags/example_branch_operator_decorator.py
[2024-01-31T00:39:57.325+0100] {logging_mixin.py:188} INFO - [2024-01-31T00:39:57.323+0100] {dag.py:3033} INFO - Sync 1 DAGs
[2024-01-31T00:39:57.387+0100] {logging_mixin.py:188} INFO - [2024-01-31T00:39:57.387+0100] {dag.py:3820} INFO - Setting next_dagrun for example_branch_python_operator_decorator to 2024-01-29T00:00:00+00:00, run_after=2024-01-30T00:00:00+00:00
[2024-01-31T00:39:57.492+0100] {processor.py:183} INFO - Processing /home/ubuntu/.local/lib/python3.10/site-packages/airflow/example_dags/example_branch_operator_decorator.py took 0.336 seconds
[2024-01-31T00:41:06.792+0100] {processor.py:161} INFO - Started process (PID=12180) to work on /home/ubuntu/.local/lib/python3.10/site-packages/airflow/example_dags/example_branch_operator_decorator.py
[2024-01-31T00:41:06.796+0100] {processor.py:830} INFO - Processing file /home/ubuntu/.local/lib/python3.10/site-packages/airflow/example_dags/example_branch_operator_decorator.py for tasks to queue
[2024-01-31T00:41:06.811+0100] {logging_mixin.py:188} INFO - [2024-01-31T00:41:06.808+0100] {dagbag.py:538} INFO - Filling up the DagBag from /home/ubuntu/.local/lib/python3.10/site-packages/airflow/example_dags/example_branch_operator_decorator.py
[2024-01-31T00:41:06.860+0100] {processor.py:840} INFO - DAG(s) 'example_branch_python_operator_decorator' retrieved from /home/ubuntu/.local/lib/python3.10/site-packages/airflow/example_dags/example_branch_operator_decorator.py
[2024-01-31T00:41:06.890+0100] {logging_mixin.py:188} INFO - [2024-01-31T00:41:06.890+0100] {dag.py:3033} INFO - Sync 1 DAGs
[2024-01-31T00:41:06.924+0100] {logging_mixin.py:188} INFO - [2024-01-31T00:41:06.924+0100] {dag.py:3820} INFO - Setting next_dagrun for example_branch_python_operator_decorator to 2024-01-29T00:00:00+00:00, run_after=2024-01-30T00:00:00+00:00
[2024-01-31T00:41:06.987+0100] {processor.py:183} INFO - Processing /home/ubuntu/.local/lib/python3.10/site-packages/airflow/example_dags/example_branch_operator_decorator.py took 0.200 seconds
[2024-01-31T00:42:16.618+0100] {processor.py:161} INFO - Started process (PID=12241) to work on /home/ubuntu/.local/lib/python3.10/site-packages/airflow/example_dags/example_branch_operator_decorator.py
[2024-01-31T00:42:16.622+0100] {processor.py:830} INFO - Processing file /home/ubuntu/.local/lib/python3.10/site-packages/airflow/example_dags/example_branch_operator_decorator.py for tasks to queue
[2024-01-31T00:42:16.626+0100] {logging_mixin.py:188} INFO - [2024-01-31T00:42:16.625+0100] {dagbag.py:538} INFO - Filling up the DagBag from /home/ubuntu/.local/lib/python3.10/site-packages/airflow/example_dags/example_branch_operator_decorator.py
[2024-01-31T00:42:16.651+0100] {processor.py:840} INFO - DAG(s) 'example_branch_python_operator_decorator' retrieved from /home/ubuntu/.local/lib/python3.10/site-packages/airflow/example_dags/example_branch_operator_decorator.py
[2024-01-31T00:42:16.705+0100] {logging_mixin.py:188} INFO - [2024-01-31T00:42:16.705+0100] {dag.py:3033} INFO - Sync 1 DAGs
[2024-01-31T00:42:16.757+0100] {logging_mixin.py:188} INFO - [2024-01-31T00:42:16.757+0100] {dag.py:3820} INFO - Setting next_dagrun for example_branch_python_operator_decorator to 2024-01-29T00:00:00+00:00, run_after=2024-01-30T00:00:00+00:00
[2024-01-31T00:42:16.889+0100] {processor.py:183} INFO - Processing /home/ubuntu/.local/lib/python3.10/site-packages/airflow/example_dags/example_branch_operator_decorator.py took 0.276 seconds
[2024-01-31T00:43:22.779+0100] {processor.py:161} INFO - Started process (PID=12303) to work on /home/ubuntu/.local/lib/python3.10/site-packages/airflow/example_dags/example_branch_operator_decorator.py
[2024-01-31T00:43:22.782+0100] {processor.py:830} INFO - Processing file /home/ubuntu/.local/lib/python3.10/site-packages/airflow/example_dags/example_branch_operator_decorator.py for tasks to queue
[2024-01-31T00:43:22.784+0100] {logging_mixin.py:188} INFO - [2024-01-31T00:43:22.783+0100] {dagbag.py:538} INFO - Filling up the DagBag from /home/ubuntu/.local/lib/python3.10/site-packages/airflow/example_dags/example_branch_operator_decorator.py
[2024-01-31T00:43:22.810+0100] {processor.py:840} INFO - DAG(s) 'example_branch_python_operator_decorator' retrieved from /home/ubuntu/.local/lib/python3.10/site-packages/airflow/example_dags/example_branch_operator_decorator.py
[2024-01-31T00:43:22.835+0100] {logging_mixin.py:188} INFO - [2024-01-31T00:43:22.834+0100] {dag.py:3033} INFO - Sync 1 DAGs
[2024-01-31T00:43:22.857+0100] {logging_mixin.py:188} INFO - [2024-01-31T00:43:22.856+0100] {dag.py:3820} INFO - Setting next_dagrun for example_branch_python_operator_decorator to 2024-01-29T00:00:00+00:00, run_after=2024-01-30T00:00:00+00:00
[2024-01-31T00:43:23.088+0100] {processor.py:183} INFO - Processing /home/ubuntu/.local/lib/python3.10/site-packages/airflow/example_dags/example_branch_operator_decorator.py took 0.312 seconds
[2024-01-31T00:44:31.205+0100] {processor.py:161} INFO - Started process (PID=12363) to work on /home/ubuntu/.local/lib/python3.10/site-packages/airflow/example_dags/example_branch_operator_decorator.py
[2024-01-31T00:44:31.217+0100] {processor.py:830} INFO - Processing file /home/ubuntu/.local/lib/python3.10/site-packages/airflow/example_dags/example_branch_operator_decorator.py for tasks to queue
[2024-01-31T00:44:31.226+0100] {logging_mixin.py:188} INFO - [2024-01-31T00:44:31.225+0100] {dagbag.py:538} INFO - Filling up the DagBag from /home/ubuntu/.local/lib/python3.10/site-packages/airflow/example_dags/example_branch_operator_decorator.py
[2024-01-31T00:44:31.256+0100] {processor.py:840} INFO - DAG(s) 'example_branch_python_operator_decorator' retrieved from /home/ubuntu/.local/lib/python3.10/site-packages/airflow/example_dags/example_branch_operator_decorator.py
[2024-01-31T00:44:31.284+0100] {logging_mixin.py:188} INFO - [2024-01-31T00:44:31.283+0100] {dag.py:3033} INFO - Sync 1 DAGs
[2024-01-31T00:44:31.304+0100] {logging_mixin.py:188} INFO - [2024-01-31T00:44:31.304+0100] {dag.py:3820} INFO - Setting next_dagrun for example_branch_python_operator_decorator to 2024-01-29T00:00:00+00:00, run_after=2024-01-30T00:00:00+00:00
[2024-01-31T00:44:31.463+0100] {processor.py:183} INFO - Processing /home/ubuntu/.local/lib/python3.10/site-packages/airflow/example_dags/example_branch_operator_decorator.py took 0.264 seconds
[2024-01-31T00:45:38.148+0100] {processor.py:161} INFO - Started process (PID=12424) to work on /home/ubuntu/.local/lib/python3.10/site-packages/airflow/example_dags/example_branch_operator_decorator.py
[2024-01-31T00:45:38.150+0100] {processor.py:830} INFO - Processing file /home/ubuntu/.local/lib/python3.10/site-packages/airflow/example_dags/example_branch_operator_decorator.py for tasks to queue
[2024-01-31T00:45:38.154+0100] {logging_mixin.py:188} INFO - [2024-01-31T00:45:38.154+0100] {dagbag.py:538} INFO - Filling up the DagBag from /home/ubuntu/.local/lib/python3.10/site-packages/airflow/example_dags/example_branch_operator_decorator.py
[2024-01-31T00:45:38.181+0100] {processor.py:840} INFO - DAG(s) 'example_branch_python_operator_decorator' retrieved from /home/ubuntu/.local/lib/python3.10/site-packages/airflow/example_dags/example_branch_operator_decorator.py
[2024-01-31T00:45:38.217+0100] {logging_mixin.py:188} INFO - [2024-01-31T00:45:38.217+0100] {dag.py:3033} INFO - Sync 1 DAGs
[2024-01-31T00:45:38.250+0100] {logging_mixin.py:188} INFO - [2024-01-31T00:45:38.250+0100] {dag.py:3820} INFO - Setting next_dagrun for example_branch_python_operator_decorator to 2024-01-29T00:00:00+00:00, run_after=2024-01-30T00:00:00+00:00
[2024-01-31T00:45:38.340+0100] {processor.py:183} INFO - Processing /home/ubuntu/.local/lib/python3.10/site-packages/airflow/example_dags/example_branch_operator_decorator.py took 0.198 seconds
