[2024-01-30T23:17:53.609+0100] {processor.py:161} INFO - Started process (PID=6987) to work on /home/ubuntu/.local/lib/python3.10/site-packages/airflow/example_dags/example_setup_teardown_taskflow.py
[2024-01-30T23:17:53.622+0100] {processor.py:830} INFO - Processing file /home/ubuntu/.local/lib/python3.10/site-packages/airflow/example_dags/example_setup_teardown_taskflow.py for tasks to queue
[2024-01-30T23:17:53.623+0100] {logging_mixin.py:188} INFO - [2024-01-30T23:17:53.623+0100] {dagbag.py:538} INFO - Filling up the DagBag from /home/ubuntu/.local/lib/python3.10/site-packages/airflow/example_dags/example_setup_teardown_taskflow.py
[2024-01-30T23:17:53.647+0100] {processor.py:840} INFO - DAG(s) 'example_setup_teardown_taskflow' retrieved from /home/ubuntu/.local/lib/python3.10/site-packages/airflow/example_dags/example_setup_teardown_taskflow.py
[2024-01-30T23:17:54.032+0100] {logging_mixin.py:188} INFO - [2024-01-30T23:17:54.032+0100] {dag.py:3033} INFO - Sync 1 DAGs
[2024-01-30T23:17:54.160+0100] {logging_mixin.py:188} INFO - [2024-01-30T23:17:54.160+0100] {dag.py:3820} INFO - Setting next_dagrun for example_setup_teardown_taskflow to 2024-01-29T00:00:00+00:00, run_after=2024-01-30T00:00:00+00:00
[2024-01-30T23:17:55.362+0100] {processor.py:183} INFO - Processing /home/ubuntu/.local/lib/python3.10/site-packages/airflow/example_dags/example_setup_teardown_taskflow.py took 1.761 seconds
[2024-01-30T23:20:07.968+0100] {processor.py:161} INFO - Started process (PID=7638) to work on /home/ubuntu/.local/lib/python3.10/site-packages/airflow/example_dags/example_setup_teardown_taskflow.py
[2024-01-30T23:20:07.996+0100] {processor.py:830} INFO - Processing file /home/ubuntu/.local/lib/python3.10/site-packages/airflow/example_dags/example_setup_teardown_taskflow.py for tasks to queue
[2024-01-30T23:20:07.997+0100] {logging_mixin.py:188} INFO - [2024-01-30T23:20:07.996+0100] {dagbag.py:538} INFO - Filling up the DagBag from /home/ubuntu/.local/lib/python3.10/site-packages/airflow/example_dags/example_setup_teardown_taskflow.py
[2024-01-30T23:20:08.078+0100] {processor.py:840} INFO - DAG(s) 'example_setup_teardown_taskflow' retrieved from /home/ubuntu/.local/lib/python3.10/site-packages/airflow/example_dags/example_setup_teardown_taskflow.py
[2024-01-30T23:20:08.160+0100] {logging_mixin.py:188} INFO - [2024-01-30T23:20:08.160+0100] {dag.py:3033} INFO - Sync 1 DAGs
[2024-01-30T23:20:08.255+0100] {logging_mixin.py:188} INFO - [2024-01-30T23:20:08.253+0100] {dag.py:3820} INFO - Setting next_dagrun for example_setup_teardown_taskflow to 2024-01-29T00:00:00+00:00, run_after=2024-01-30T00:00:00+00:00
[2024-01-30T23:20:08.600+0100] {processor.py:183} INFO - Processing /home/ubuntu/.local/lib/python3.10/site-packages/airflow/example_dags/example_setup_teardown_taskflow.py took 0.642 seconds
[2024-01-30T23:23:01.480+0100] {processor.py:161} INFO - Started process (PID=7844) to work on /home/ubuntu/.local/lib/python3.10/site-packages/airflow/example_dags/example_setup_teardown_taskflow.py
[2024-01-30T23:23:01.521+0100] {processor.py:830} INFO - Processing file /home/ubuntu/.local/lib/python3.10/site-packages/airflow/example_dags/example_setup_teardown_taskflow.py for tasks to queue
[2024-01-30T23:23:01.538+0100] {logging_mixin.py:188} INFO - [2024-01-30T23:23:01.534+0100] {dagbag.py:538} INFO - Filling up the DagBag from /home/ubuntu/.local/lib/python3.10/site-packages/airflow/example_dags/example_setup_teardown_taskflow.py
[2024-01-30T23:23:01.583+0100] {processor.py:840} INFO - DAG(s) 'example_setup_teardown_taskflow' retrieved from /home/ubuntu/.local/lib/python3.10/site-packages/airflow/example_dags/example_setup_teardown_taskflow.py
[2024-01-30T23:23:01.676+0100] {logging_mixin.py:188} INFO - [2024-01-30T23:23:01.676+0100] {dag.py:3033} INFO - Sync 1 DAGs
[2024-01-30T23:23:01.765+0100] {logging_mixin.py:188} INFO - [2024-01-30T23:23:01.764+0100] {dag.py:3820} INFO - Setting next_dagrun for example_setup_teardown_taskflow to 2024-01-29T00:00:00+00:00, run_after=2024-01-30T00:00:00+00:00
[2024-01-30T23:23:01.976+0100] {processor.py:183} INFO - Processing /home/ubuntu/.local/lib/python3.10/site-packages/airflow/example_dags/example_setup_teardown_taskflow.py took 0.534 seconds
[2024-01-30T23:25:12.816+0100] {processor.py:161} INFO - Started process (PID=7939) to work on /home/ubuntu/.local/lib/python3.10/site-packages/airflow/example_dags/example_setup_teardown_taskflow.py
[2024-01-30T23:25:12.838+0100] {processor.py:830} INFO - Processing file /home/ubuntu/.local/lib/python3.10/site-packages/airflow/example_dags/example_setup_teardown_taskflow.py for tasks to queue
[2024-01-30T23:25:12.840+0100] {logging_mixin.py:188} INFO - [2024-01-30T23:25:12.839+0100] {dagbag.py:538} INFO - Filling up the DagBag from /home/ubuntu/.local/lib/python3.10/site-packages/airflow/example_dags/example_setup_teardown_taskflow.py
[2024-01-30T23:25:12.882+0100] {processor.py:840} INFO - DAG(s) 'example_setup_teardown_taskflow' retrieved from /home/ubuntu/.local/lib/python3.10/site-packages/airflow/example_dags/example_setup_teardown_taskflow.py
[2024-01-30T23:25:12.959+0100] {logging_mixin.py:188} INFO - [2024-01-30T23:25:12.959+0100] {dag.py:3033} INFO - Sync 1 DAGs
[2024-01-30T23:25:13.066+0100] {logging_mixin.py:188} INFO - [2024-01-30T23:25:13.066+0100] {dag.py:3820} INFO - Setting next_dagrun for example_setup_teardown_taskflow to 2024-01-29T00:00:00+00:00, run_after=2024-01-30T00:00:00+00:00
[2024-01-30T23:25:13.333+0100] {processor.py:183} INFO - Processing /home/ubuntu/.local/lib/python3.10/site-packages/airflow/example_dags/example_setup_teardown_taskflow.py took 0.530 seconds
[2024-01-30T23:26:37.221+0100] {processor.py:161} INFO - Started process (PID=8010) to work on /home/ubuntu/.local/lib/python3.10/site-packages/airflow/example_dags/example_setup_teardown_taskflow.py
[2024-01-30T23:26:37.231+0100] {processor.py:830} INFO - Processing file /home/ubuntu/.local/lib/python3.10/site-packages/airflow/example_dags/example_setup_teardown_taskflow.py for tasks to queue
[2024-01-30T23:26:37.233+0100] {logging_mixin.py:188} INFO - [2024-01-30T23:26:37.232+0100] {dagbag.py:538} INFO - Filling up the DagBag from /home/ubuntu/.local/lib/python3.10/site-packages/airflow/example_dags/example_setup_teardown_taskflow.py
[2024-01-30T23:26:37.246+0100] {processor.py:840} INFO - DAG(s) 'example_setup_teardown_taskflow' retrieved from /home/ubuntu/.local/lib/python3.10/site-packages/airflow/example_dags/example_setup_teardown_taskflow.py
[2024-01-30T23:26:37.272+0100] {logging_mixin.py:188} INFO - [2024-01-30T23:26:37.272+0100] {dag.py:3033} INFO - Sync 1 DAGs
[2024-01-30T23:26:37.345+0100] {logging_mixin.py:188} INFO - [2024-01-30T23:26:37.340+0100] {dag.py:3820} INFO - Setting next_dagrun for example_setup_teardown_taskflow to 2024-01-29T00:00:00+00:00, run_after=2024-01-30T00:00:00+00:00
[2024-01-30T23:26:37.453+0100] {processor.py:183} INFO - Processing /home/ubuntu/.local/lib/python3.10/site-packages/airflow/example_dags/example_setup_teardown_taskflow.py took 0.236 seconds
[2024-01-30T23:28:07.775+0100] {processor.py:161} INFO - Started process (PID=8100) to work on /home/ubuntu/.local/lib/python3.10/site-packages/airflow/example_dags/example_setup_teardown_taskflow.py
[2024-01-30T23:28:07.792+0100] {processor.py:830} INFO - Processing file /home/ubuntu/.local/lib/python3.10/site-packages/airflow/example_dags/example_setup_teardown_taskflow.py for tasks to queue
[2024-01-30T23:28:07.797+0100] {logging_mixin.py:188} INFO - [2024-01-30T23:28:07.793+0100] {dagbag.py:538} INFO - Filling up the DagBag from /home/ubuntu/.local/lib/python3.10/site-packages/airflow/example_dags/example_setup_teardown_taskflow.py
[2024-01-30T23:28:07.822+0100] {processor.py:840} INFO - DAG(s) 'example_setup_teardown_taskflow' retrieved from /home/ubuntu/.local/lib/python3.10/site-packages/airflow/example_dags/example_setup_teardown_taskflow.py
[2024-01-30T23:28:07.941+0100] {logging_mixin.py:188} INFO - [2024-01-30T23:28:07.941+0100] {dag.py:3033} INFO - Sync 1 DAGs
[2024-01-30T23:28:08.027+0100] {logging_mixin.py:188} INFO - [2024-01-30T23:28:08.026+0100] {dag.py:3820} INFO - Setting next_dagrun for example_setup_teardown_taskflow to 2024-01-29T00:00:00+00:00, run_after=2024-01-30T00:00:00+00:00
[2024-01-30T23:28:08.094+0100] {processor.py:183} INFO - Processing /home/ubuntu/.local/lib/python3.10/site-packages/airflow/example_dags/example_setup_teardown_taskflow.py took 0.328 seconds
[2024-01-30T23:29:29.952+0100] {processor.py:161} INFO - Started process (PID=8171) to work on /home/ubuntu/.local/lib/python3.10/site-packages/airflow/example_dags/example_setup_teardown_taskflow.py
[2024-01-30T23:29:29.954+0100] {processor.py:830} INFO - Processing file /home/ubuntu/.local/lib/python3.10/site-packages/airflow/example_dags/example_setup_teardown_taskflow.py for tasks to queue
[2024-01-30T23:29:29.956+0100] {logging_mixin.py:188} INFO - [2024-01-30T23:29:29.955+0100] {dagbag.py:538} INFO - Filling up the DagBag from /home/ubuntu/.local/lib/python3.10/site-packages/airflow/example_dags/example_setup_teardown_taskflow.py
[2024-01-30T23:29:29.972+0100] {processor.py:840} INFO - DAG(s) 'example_setup_teardown_taskflow' retrieved from /home/ubuntu/.local/lib/python3.10/site-packages/airflow/example_dags/example_setup_teardown_taskflow.py
[2024-01-30T23:29:29.995+0100] {logging_mixin.py:188} INFO - [2024-01-30T23:29:29.994+0100] {dag.py:3033} INFO - Sync 1 DAGs
[2024-01-30T23:29:30.034+0100] {logging_mixin.py:188} INFO - [2024-01-30T23:29:30.033+0100] {dag.py:3820} INFO - Setting next_dagrun for example_setup_teardown_taskflow to 2024-01-29T00:00:00+00:00, run_after=2024-01-30T00:00:00+00:00
[2024-01-30T23:29:30.197+0100] {processor.py:183} INFO - Processing /home/ubuntu/.local/lib/python3.10/site-packages/airflow/example_dags/example_setup_teardown_taskflow.py took 0.250 seconds
[2024-01-30T23:30:47.579+0100] {processor.py:161} INFO - Started process (PID=8251) to work on /home/ubuntu/.local/lib/python3.10/site-packages/airflow/example_dags/example_setup_teardown_taskflow.py
[2024-01-30T23:30:47.582+0100] {processor.py:830} INFO - Processing file /home/ubuntu/.local/lib/python3.10/site-packages/airflow/example_dags/example_setup_teardown_taskflow.py for tasks to queue
[2024-01-30T23:30:47.584+0100] {logging_mixin.py:188} INFO - [2024-01-30T23:30:47.583+0100] {dagbag.py:538} INFO - Filling up the DagBag from /home/ubuntu/.local/lib/python3.10/site-packages/airflow/example_dags/example_setup_teardown_taskflow.py
[2024-01-30T23:30:47.597+0100] {processor.py:840} INFO - DAG(s) 'example_setup_teardown_taskflow' retrieved from /home/ubuntu/.local/lib/python3.10/site-packages/airflow/example_dags/example_setup_teardown_taskflow.py
[2024-01-30T23:30:47.621+0100] {logging_mixin.py:188} INFO - [2024-01-30T23:30:47.621+0100] {dag.py:3033} INFO - Sync 1 DAGs
[2024-01-30T23:30:47.684+0100] {logging_mixin.py:188} INFO - [2024-01-30T23:30:47.683+0100] {dag.py:3820} INFO - Setting next_dagrun for example_setup_teardown_taskflow to 2024-01-29T00:00:00+00:00, run_after=2024-01-30T00:00:00+00:00
[2024-01-30T23:30:47.891+0100] {processor.py:183} INFO - Processing /home/ubuntu/.local/lib/python3.10/site-packages/airflow/example_dags/example_setup_teardown_taskflow.py took 0.316 seconds
[2024-01-30T23:32:04.426+0100] {processor.py:161} INFO - Started process (PID=8314) to work on /home/ubuntu/.local/lib/python3.10/site-packages/airflow/example_dags/example_setup_teardown_taskflow.py
[2024-01-30T23:32:04.469+0100] {processor.py:830} INFO - Processing file /home/ubuntu/.local/lib/python3.10/site-packages/airflow/example_dags/example_setup_teardown_taskflow.py for tasks to queue
[2024-01-30T23:32:04.471+0100] {logging_mixin.py:188} INFO - [2024-01-30T23:32:04.470+0100] {dagbag.py:538} INFO - Filling up the DagBag from /home/ubuntu/.local/lib/python3.10/site-packages/airflow/example_dags/example_setup_teardown_taskflow.py
[2024-01-30T23:32:04.524+0100] {processor.py:840} INFO - DAG(s) 'example_setup_teardown_taskflow' retrieved from /home/ubuntu/.local/lib/python3.10/site-packages/airflow/example_dags/example_setup_teardown_taskflow.py
[2024-01-30T23:32:04.547+0100] {logging_mixin.py:188} INFO - [2024-01-30T23:32:04.546+0100] {dag.py:3033} INFO - Sync 1 DAGs
[2024-01-30T23:32:04.569+0100] {logging_mixin.py:188} INFO - [2024-01-30T23:32:04.569+0100] {dag.py:3820} INFO - Setting next_dagrun for example_setup_teardown_taskflow to 2024-01-29T00:00:00+00:00, run_after=2024-01-30T00:00:00+00:00
[2024-01-30T23:32:04.738+0100] {processor.py:183} INFO - Processing /home/ubuntu/.local/lib/python3.10/site-packages/airflow/example_dags/example_setup_teardown_taskflow.py took 0.330 seconds
[2024-01-30T23:33:33.410+0100] {processor.py:161} INFO - Started process (PID=8396) to work on /home/ubuntu/.local/lib/python3.10/site-packages/airflow/example_dags/example_setup_teardown_taskflow.py
[2024-01-30T23:33:33.413+0100] {processor.py:830} INFO - Processing file /home/ubuntu/.local/lib/python3.10/site-packages/airflow/example_dags/example_setup_teardown_taskflow.py for tasks to queue
[2024-01-30T23:33:33.415+0100] {logging_mixin.py:188} INFO - [2024-01-30T23:33:33.414+0100] {dagbag.py:538} INFO - Filling up the DagBag from /home/ubuntu/.local/lib/python3.10/site-packages/airflow/example_dags/example_setup_teardown_taskflow.py
[2024-01-30T23:33:33.428+0100] {processor.py:840} INFO - DAG(s) 'example_setup_teardown_taskflow' retrieved from /home/ubuntu/.local/lib/python3.10/site-packages/airflow/example_dags/example_setup_teardown_taskflow.py
[2024-01-30T23:33:33.451+0100] {logging_mixin.py:188} INFO - [2024-01-30T23:33:33.451+0100] {dag.py:3033} INFO - Sync 1 DAGs
[2024-01-30T23:33:33.471+0100] {logging_mixin.py:188} INFO - [2024-01-30T23:33:33.471+0100] {dag.py:3820} INFO - Setting next_dagrun for example_setup_teardown_taskflow to 2024-01-29T00:00:00+00:00, run_after=2024-01-30T00:00:00+00:00
[2024-01-30T23:33:33.674+0100] {processor.py:183} INFO - Processing /home/ubuntu/.local/lib/python3.10/site-packages/airflow/example_dags/example_setup_teardown_taskflow.py took 0.269 seconds
[2024-01-30T23:34:57.339+0100] {processor.py:161} INFO - Started process (PID=8466) to work on /home/ubuntu/.local/lib/python3.10/site-packages/airflow/example_dags/example_setup_teardown_taskflow.py
[2024-01-30T23:34:57.343+0100] {processor.py:830} INFO - Processing file /home/ubuntu/.local/lib/python3.10/site-packages/airflow/example_dags/example_setup_teardown_taskflow.py for tasks to queue
[2024-01-30T23:34:57.345+0100] {logging_mixin.py:188} INFO - [2024-01-30T23:34:57.344+0100] {dagbag.py:538} INFO - Filling up the DagBag from /home/ubuntu/.local/lib/python3.10/site-packages/airflow/example_dags/example_setup_teardown_taskflow.py
[2024-01-30T23:34:57.357+0100] {processor.py:840} INFO - DAG(s) 'example_setup_teardown_taskflow' retrieved from /home/ubuntu/.local/lib/python3.10/site-packages/airflow/example_dags/example_setup_teardown_taskflow.py
[2024-01-30T23:34:57.379+0100] {logging_mixin.py:188} INFO - [2024-01-30T23:34:57.378+0100] {dag.py:3033} INFO - Sync 1 DAGs
[2024-01-30T23:34:57.410+0100] {logging_mixin.py:188} INFO - [2024-01-30T23:34:57.410+0100] {dag.py:3820} INFO - Setting next_dagrun for example_setup_teardown_taskflow to 2024-01-29T00:00:00+00:00, run_after=2024-01-30T00:00:00+00:00
[2024-01-30T23:34:57.456+0100] {processor.py:183} INFO - Processing /home/ubuntu/.local/lib/python3.10/site-packages/airflow/example_dags/example_setup_teardown_taskflow.py took 0.122 seconds
[2024-01-30T23:36:31.607+0100] {processor.py:161} INFO - Started process (PID=8542) to work on /home/ubuntu/.local/lib/python3.10/site-packages/airflow/example_dags/example_setup_teardown_taskflow.py
[2024-01-30T23:36:31.626+0100] {processor.py:830} INFO - Processing file /home/ubuntu/.local/lib/python3.10/site-packages/airflow/example_dags/example_setup_teardown_taskflow.py for tasks to queue
[2024-01-30T23:36:31.644+0100] {logging_mixin.py:188} INFO - [2024-01-30T23:36:31.643+0100] {dagbag.py:538} INFO - Filling up the DagBag from /home/ubuntu/.local/lib/python3.10/site-packages/airflow/example_dags/example_setup_teardown_taskflow.py
[2024-01-30T23:36:31.658+0100] {processor.py:840} INFO - DAG(s) 'example_setup_teardown_taskflow' retrieved from /home/ubuntu/.local/lib/python3.10/site-packages/airflow/example_dags/example_setup_teardown_taskflow.py
[2024-01-30T23:36:31.682+0100] {logging_mixin.py:188} INFO - [2024-01-30T23:36:31.681+0100] {dag.py:3033} INFO - Sync 1 DAGs
[2024-01-30T23:36:31.707+0100] {logging_mixin.py:188} INFO - [2024-01-30T23:36:31.707+0100] {dag.py:3820} INFO - Setting next_dagrun for example_setup_teardown_taskflow to 2024-01-29T00:00:00+00:00, run_after=2024-01-30T00:00:00+00:00
[2024-01-30T23:36:31.874+0100] {processor.py:183} INFO - Processing /home/ubuntu/.local/lib/python3.10/site-packages/airflow/example_dags/example_setup_teardown_taskflow.py took 0.295 seconds
[2024-01-30T23:38:06.572+0100] {processor.py:161} INFO - Started process (PID=8625) to work on /home/ubuntu/.local/lib/python3.10/site-packages/airflow/example_dags/example_setup_teardown_taskflow.py
[2024-01-30T23:38:06.581+0100] {processor.py:830} INFO - Processing file /home/ubuntu/.local/lib/python3.10/site-packages/airflow/example_dags/example_setup_teardown_taskflow.py for tasks to queue
[2024-01-30T23:38:06.583+0100] {logging_mixin.py:188} INFO - [2024-01-30T23:38:06.582+0100] {dagbag.py:538} INFO - Filling up the DagBag from /home/ubuntu/.local/lib/python3.10/site-packages/airflow/example_dags/example_setup_teardown_taskflow.py
[2024-01-30T23:38:06.595+0100] {processor.py:840} INFO - DAG(s) 'example_setup_teardown_taskflow' retrieved from /home/ubuntu/.local/lib/python3.10/site-packages/airflow/example_dags/example_setup_teardown_taskflow.py
[2024-01-30T23:38:06.624+0100] {logging_mixin.py:188} INFO - [2024-01-30T23:38:06.624+0100] {dag.py:3033} INFO - Sync 1 DAGs
[2024-01-30T23:38:06.650+0100] {logging_mixin.py:188} INFO - [2024-01-30T23:38:06.649+0100] {dag.py:3820} INFO - Setting next_dagrun for example_setup_teardown_taskflow to 2024-01-29T00:00:00+00:00, run_after=2024-01-30T00:00:00+00:00
[2024-01-30T23:38:06.769+0100] {processor.py:183} INFO - Processing /home/ubuntu/.local/lib/python3.10/site-packages/airflow/example_dags/example_setup_teardown_taskflow.py took 0.203 seconds
[2024-01-30T23:39:25.569+0100] {processor.py:161} INFO - Started process (PID=8691) to work on /home/ubuntu/.local/lib/python3.10/site-packages/airflow/example_dags/example_setup_teardown_taskflow.py
[2024-01-30T23:39:25.578+0100] {processor.py:830} INFO - Processing file /home/ubuntu/.local/lib/python3.10/site-packages/airflow/example_dags/example_setup_teardown_taskflow.py for tasks to queue
[2024-01-30T23:39:25.580+0100] {logging_mixin.py:188} INFO - [2024-01-30T23:39:25.579+0100] {dagbag.py:538} INFO - Filling up the DagBag from /home/ubuntu/.local/lib/python3.10/site-packages/airflow/example_dags/example_setup_teardown_taskflow.py
[2024-01-30T23:39:25.599+0100] {processor.py:840} INFO - DAG(s) 'example_setup_teardown_taskflow' retrieved from /home/ubuntu/.local/lib/python3.10/site-packages/airflow/example_dags/example_setup_teardown_taskflow.py
[2024-01-30T23:39:25.627+0100] {logging_mixin.py:188} INFO - [2024-01-30T23:39:25.626+0100] {dag.py:3033} INFO - Sync 1 DAGs
[2024-01-30T23:39:25.658+0100] {logging_mixin.py:188} INFO - [2024-01-30T23:39:25.658+0100] {dag.py:3820} INFO - Setting next_dagrun for example_setup_teardown_taskflow to 2024-01-29T00:00:00+00:00, run_after=2024-01-30T00:00:00+00:00
[2024-01-30T23:39:25.734+0100] {processor.py:183} INFO - Processing /home/ubuntu/.local/lib/python3.10/site-packages/airflow/example_dags/example_setup_teardown_taskflow.py took 0.170 seconds
[2024-01-30T23:40:42.019+0100] {processor.py:161} INFO - Started process (PID=8756) to work on /home/ubuntu/.local/lib/python3.10/site-packages/airflow/example_dags/example_setup_teardown_taskflow.py
[2024-01-30T23:40:42.022+0100] {processor.py:830} INFO - Processing file /home/ubuntu/.local/lib/python3.10/site-packages/airflow/example_dags/example_setup_teardown_taskflow.py for tasks to queue
[2024-01-30T23:40:42.023+0100] {logging_mixin.py:188} INFO - [2024-01-30T23:40:42.023+0100] {dagbag.py:538} INFO - Filling up the DagBag from /home/ubuntu/.local/lib/python3.10/site-packages/airflow/example_dags/example_setup_teardown_taskflow.py
[2024-01-30T23:40:42.076+0100] {processor.py:840} INFO - DAG(s) 'example_setup_teardown_taskflow' retrieved from /home/ubuntu/.local/lib/python3.10/site-packages/airflow/example_dags/example_setup_teardown_taskflow.py
[2024-01-30T23:40:42.102+0100] {logging_mixin.py:188} INFO - [2024-01-30T23:40:42.101+0100] {dag.py:3033} INFO - Sync 1 DAGs
[2024-01-30T23:40:42.145+0100] {logging_mixin.py:188} INFO - [2024-01-30T23:40:42.145+0100] {dag.py:3820} INFO - Setting next_dagrun for example_setup_teardown_taskflow to 2024-01-29T00:00:00+00:00, run_after=2024-01-30T00:00:00+00:00
[2024-01-30T23:40:42.254+0100] {processor.py:183} INFO - Processing /home/ubuntu/.local/lib/python3.10/site-packages/airflow/example_dags/example_setup_teardown_taskflow.py took 0.245 seconds
[2024-01-30T23:41:49.150+0100] {processor.py:161} INFO - Started process (PID=8816) to work on /home/ubuntu/.local/lib/python3.10/site-packages/airflow/example_dags/example_setup_teardown_taskflow.py
[2024-01-30T23:41:49.154+0100] {processor.py:830} INFO - Processing file /home/ubuntu/.local/lib/python3.10/site-packages/airflow/example_dags/example_setup_teardown_taskflow.py for tasks to queue
[2024-01-30T23:41:49.156+0100] {logging_mixin.py:188} INFO - [2024-01-30T23:41:49.155+0100] {dagbag.py:538} INFO - Filling up the DagBag from /home/ubuntu/.local/lib/python3.10/site-packages/airflow/example_dags/example_setup_teardown_taskflow.py
[2024-01-30T23:41:49.167+0100] {processor.py:840} INFO - DAG(s) 'example_setup_teardown_taskflow' retrieved from /home/ubuntu/.local/lib/python3.10/site-packages/airflow/example_dags/example_setup_teardown_taskflow.py
[2024-01-30T23:41:49.188+0100] {logging_mixin.py:188} INFO - [2024-01-30T23:41:49.188+0100] {dag.py:3033} INFO - Sync 1 DAGs
[2024-01-30T23:41:49.210+0100] {logging_mixin.py:188} INFO - [2024-01-30T23:41:49.210+0100] {dag.py:3820} INFO - Setting next_dagrun for example_setup_teardown_taskflow to 2024-01-29T00:00:00+00:00, run_after=2024-01-30T00:00:00+00:00
[2024-01-30T23:41:49.270+0100] {processor.py:183} INFO - Processing /home/ubuntu/.local/lib/python3.10/site-packages/airflow/example_dags/example_setup_teardown_taskflow.py took 0.124 seconds
[2024-01-30T23:43:02.378+0100] {processor.py:161} INFO - Started process (PID=8885) to work on /home/ubuntu/.local/lib/python3.10/site-packages/airflow/example_dags/example_setup_teardown_taskflow.py
[2024-01-30T23:43:02.381+0100] {processor.py:830} INFO - Processing file /home/ubuntu/.local/lib/python3.10/site-packages/airflow/example_dags/example_setup_teardown_taskflow.py for tasks to queue
[2024-01-30T23:43:02.382+0100] {logging_mixin.py:188} INFO - [2024-01-30T23:43:02.382+0100] {dagbag.py:538} INFO - Filling up the DagBag from /home/ubuntu/.local/lib/python3.10/site-packages/airflow/example_dags/example_setup_teardown_taskflow.py
[2024-01-30T23:43:02.393+0100] {processor.py:840} INFO - DAG(s) 'example_setup_teardown_taskflow' retrieved from /home/ubuntu/.local/lib/python3.10/site-packages/airflow/example_dags/example_setup_teardown_taskflow.py
[2024-01-30T23:43:02.418+0100] {logging_mixin.py:188} INFO - [2024-01-30T23:43:02.418+0100] {dag.py:3033} INFO - Sync 1 DAGs
[2024-01-30T23:43:02.436+0100] {logging_mixin.py:188} INFO - [2024-01-30T23:43:02.436+0100] {dag.py:3820} INFO - Setting next_dagrun for example_setup_teardown_taskflow to 2024-01-29T00:00:00+00:00, run_after=2024-01-30T00:00:00+00:00
[2024-01-30T23:43:02.524+0100] {processor.py:183} INFO - Processing /home/ubuntu/.local/lib/python3.10/site-packages/airflow/example_dags/example_setup_teardown_taskflow.py took 0.150 seconds
[2024-01-30T23:44:11.186+0100] {processor.py:161} INFO - Started process (PID=8947) to work on /home/ubuntu/.local/lib/python3.10/site-packages/airflow/example_dags/example_setup_teardown_taskflow.py
[2024-01-30T23:44:11.188+0100] {processor.py:830} INFO - Processing file /home/ubuntu/.local/lib/python3.10/site-packages/airflow/example_dags/example_setup_teardown_taskflow.py for tasks to queue
[2024-01-30T23:44:11.190+0100] {logging_mixin.py:188} INFO - [2024-01-30T23:44:11.190+0100] {dagbag.py:538} INFO - Filling up the DagBag from /home/ubuntu/.local/lib/python3.10/site-packages/airflow/example_dags/example_setup_teardown_taskflow.py
[2024-01-30T23:44:11.209+0100] {processor.py:840} INFO - DAG(s) 'example_setup_teardown_taskflow' retrieved from /home/ubuntu/.local/lib/python3.10/site-packages/airflow/example_dags/example_setup_teardown_taskflow.py
[2024-01-30T23:44:11.235+0100] {logging_mixin.py:188} INFO - [2024-01-30T23:44:11.235+0100] {dag.py:3033} INFO - Sync 1 DAGs
[2024-01-30T23:44:11.268+0100] {logging_mixin.py:188} INFO - [2024-01-30T23:44:11.267+0100] {dag.py:3820} INFO - Setting next_dagrun for example_setup_teardown_taskflow to 2024-01-29T00:00:00+00:00, run_after=2024-01-30T00:00:00+00:00
[2024-01-30T23:44:11.429+0100] {processor.py:183} INFO - Processing /home/ubuntu/.local/lib/python3.10/site-packages/airflow/example_dags/example_setup_teardown_taskflow.py took 0.248 seconds
[2024-01-30T23:45:18.966+0100] {processor.py:161} INFO - Started process (PID=9008) to work on /home/ubuntu/.local/lib/python3.10/site-packages/airflow/example_dags/example_setup_teardown_taskflow.py
[2024-01-30T23:45:18.968+0100] {processor.py:830} INFO - Processing file /home/ubuntu/.local/lib/python3.10/site-packages/airflow/example_dags/example_setup_teardown_taskflow.py for tasks to queue
[2024-01-30T23:45:18.970+0100] {logging_mixin.py:188} INFO - [2024-01-30T23:45:18.969+0100] {dagbag.py:538} INFO - Filling up the DagBag from /home/ubuntu/.local/lib/python3.10/site-packages/airflow/example_dags/example_setup_teardown_taskflow.py
[2024-01-30T23:45:18.986+0100] {processor.py:840} INFO - DAG(s) 'example_setup_teardown_taskflow' retrieved from /home/ubuntu/.local/lib/python3.10/site-packages/airflow/example_dags/example_setup_teardown_taskflow.py
[2024-01-30T23:45:19.014+0100] {logging_mixin.py:188} INFO - [2024-01-30T23:45:19.014+0100] {dag.py:3033} INFO - Sync 1 DAGs
[2024-01-30T23:45:19.086+0100] {logging_mixin.py:188} INFO - [2024-01-30T23:45:19.085+0100] {dag.py:3820} INFO - Setting next_dagrun for example_setup_teardown_taskflow to 2024-01-29T00:00:00+00:00, run_after=2024-01-30T00:00:00+00:00
[2024-01-30T23:45:19.138+0100] {processor.py:183} INFO - Processing /home/ubuntu/.local/lib/python3.10/site-packages/airflow/example_dags/example_setup_teardown_taskflow.py took 0.178 seconds
[2024-01-30T23:46:27.246+0100] {processor.py:161} INFO - Started process (PID=9085) to work on /home/ubuntu/.local/lib/python3.10/site-packages/airflow/example_dags/example_setup_teardown_taskflow.py
[2024-01-30T23:46:27.249+0100] {processor.py:830} INFO - Processing file /home/ubuntu/.local/lib/python3.10/site-packages/airflow/example_dags/example_setup_teardown_taskflow.py for tasks to queue
[2024-01-30T23:46:27.250+0100] {logging_mixin.py:188} INFO - [2024-01-30T23:46:27.250+0100] {dagbag.py:538} INFO - Filling up the DagBag from /home/ubuntu/.local/lib/python3.10/site-packages/airflow/example_dags/example_setup_teardown_taskflow.py
[2024-01-30T23:46:27.266+0100] {processor.py:840} INFO - DAG(s) 'example_setup_teardown_taskflow' retrieved from /home/ubuntu/.local/lib/python3.10/site-packages/airflow/example_dags/example_setup_teardown_taskflow.py
[2024-01-30T23:46:27.290+0100] {logging_mixin.py:188} INFO - [2024-01-30T23:46:27.290+0100] {dag.py:3033} INFO - Sync 1 DAGs
[2024-01-30T23:46:27.313+0100] {logging_mixin.py:188} INFO - [2024-01-30T23:46:27.313+0100] {dag.py:3820} INFO - Setting next_dagrun for example_setup_teardown_taskflow to 2024-01-29T00:00:00+00:00, run_after=2024-01-30T00:00:00+00:00
[2024-01-30T23:46:27.550+0100] {processor.py:183} INFO - Processing /home/ubuntu/.local/lib/python3.10/site-packages/airflow/example_dags/example_setup_teardown_taskflow.py took 0.309 seconds
[2024-01-30T23:47:32.839+0100] {processor.py:161} INFO - Started process (PID=9152) to work on /home/ubuntu/.local/lib/python3.10/site-packages/airflow/example_dags/example_setup_teardown_taskflow.py
[2024-01-30T23:47:32.843+0100] {processor.py:830} INFO - Processing file /home/ubuntu/.local/lib/python3.10/site-packages/airflow/example_dags/example_setup_teardown_taskflow.py for tasks to queue
[2024-01-30T23:47:32.845+0100] {logging_mixin.py:188} INFO - [2024-01-30T23:47:32.844+0100] {dagbag.py:538} INFO - Filling up the DagBag from /home/ubuntu/.local/lib/python3.10/site-packages/airflow/example_dags/example_setup_teardown_taskflow.py
[2024-01-30T23:47:32.861+0100] {processor.py:840} INFO - DAG(s) 'example_setup_teardown_taskflow' retrieved from /home/ubuntu/.local/lib/python3.10/site-packages/airflow/example_dags/example_setup_teardown_taskflow.py
[2024-01-30T23:47:32.896+0100] {logging_mixin.py:188} INFO - [2024-01-30T23:47:32.896+0100] {dag.py:3033} INFO - Sync 1 DAGs
[2024-01-30T23:47:32.922+0100] {logging_mixin.py:188} INFO - [2024-01-30T23:47:32.922+0100] {dag.py:3820} INFO - Setting next_dagrun for example_setup_teardown_taskflow to 2024-01-29T00:00:00+00:00, run_after=2024-01-30T00:00:00+00:00
[2024-01-30T23:47:33.000+0100] {processor.py:183} INFO - Processing /home/ubuntu/.local/lib/python3.10/site-packages/airflow/example_dags/example_setup_teardown_taskflow.py took 0.167 seconds
[2024-01-30T23:48:39.188+0100] {processor.py:161} INFO - Started process (PID=9212) to work on /home/ubuntu/.local/lib/python3.10/site-packages/airflow/example_dags/example_setup_teardown_taskflow.py
[2024-01-30T23:48:39.213+0100] {processor.py:830} INFO - Processing file /home/ubuntu/.local/lib/python3.10/site-packages/airflow/example_dags/example_setup_teardown_taskflow.py for tasks to queue
[2024-01-30T23:48:39.214+0100] {logging_mixin.py:188} INFO - [2024-01-30T23:48:39.214+0100] {dagbag.py:538} INFO - Filling up the DagBag from /home/ubuntu/.local/lib/python3.10/site-packages/airflow/example_dags/example_setup_teardown_taskflow.py
[2024-01-30T23:48:39.287+0100] {processor.py:840} INFO - DAG(s) 'example_setup_teardown_taskflow' retrieved from /home/ubuntu/.local/lib/python3.10/site-packages/airflow/example_dags/example_setup_teardown_taskflow.py
[2024-01-30T23:48:39.321+0100] {logging_mixin.py:188} INFO - [2024-01-30T23:48:39.321+0100] {dag.py:3033} INFO - Sync 1 DAGs
[2024-01-30T23:48:39.374+0100] {logging_mixin.py:188} INFO - [2024-01-30T23:48:39.374+0100] {dag.py:3820} INFO - Setting next_dagrun for example_setup_teardown_taskflow to 2024-01-29T00:00:00+00:00, run_after=2024-01-30T00:00:00+00:00
[2024-01-30T23:48:39.662+0100] {processor.py:183} INFO - Processing /home/ubuntu/.local/lib/python3.10/site-packages/airflow/example_dags/example_setup_teardown_taskflow.py took 0.495 seconds
[2024-01-30T23:49:44.204+0100] {processor.py:161} INFO - Started process (PID=9271) to work on /home/ubuntu/.local/lib/python3.10/site-packages/airflow/example_dags/example_setup_teardown_taskflow.py
[2024-01-30T23:49:44.207+0100] {processor.py:830} INFO - Processing file /home/ubuntu/.local/lib/python3.10/site-packages/airflow/example_dags/example_setup_teardown_taskflow.py for tasks to queue
[2024-01-30T23:49:44.209+0100] {logging_mixin.py:188} INFO - [2024-01-30T23:49:44.209+0100] {dagbag.py:538} INFO - Filling up the DagBag from /home/ubuntu/.local/lib/python3.10/site-packages/airflow/example_dags/example_setup_teardown_taskflow.py
[2024-01-30T23:49:44.248+0100] {processor.py:840} INFO - DAG(s) 'example_setup_teardown_taskflow' retrieved from /home/ubuntu/.local/lib/python3.10/site-packages/airflow/example_dags/example_setup_teardown_taskflow.py
[2024-01-30T23:49:44.271+0100] {logging_mixin.py:188} INFO - [2024-01-30T23:49:44.271+0100] {dag.py:3033} INFO - Sync 1 DAGs
[2024-01-30T23:49:44.345+0100] {logging_mixin.py:188} INFO - [2024-01-30T23:49:44.345+0100] {dag.py:3820} INFO - Setting next_dagrun for example_setup_teardown_taskflow to 2024-01-29T00:00:00+00:00, run_after=2024-01-30T00:00:00+00:00
[2024-01-30T23:49:44.473+0100] {processor.py:183} INFO - Processing /home/ubuntu/.local/lib/python3.10/site-packages/airflow/example_dags/example_setup_teardown_taskflow.py took 0.274 seconds
[2024-01-30T23:50:48.501+0100] {processor.py:161} INFO - Started process (PID=9333) to work on /home/ubuntu/.local/lib/python3.10/site-packages/airflow/example_dags/example_setup_teardown_taskflow.py
[2024-01-30T23:50:48.503+0100] {processor.py:830} INFO - Processing file /home/ubuntu/.local/lib/python3.10/site-packages/airflow/example_dags/example_setup_teardown_taskflow.py for tasks to queue
[2024-01-30T23:50:48.505+0100] {logging_mixin.py:188} INFO - [2024-01-30T23:50:48.504+0100] {dagbag.py:538} INFO - Filling up the DagBag from /home/ubuntu/.local/lib/python3.10/site-packages/airflow/example_dags/example_setup_teardown_taskflow.py
[2024-01-30T23:50:48.524+0100] {processor.py:840} INFO - DAG(s) 'example_setup_teardown_taskflow' retrieved from /home/ubuntu/.local/lib/python3.10/site-packages/airflow/example_dags/example_setup_teardown_taskflow.py
[2024-01-30T23:50:48.548+0100] {logging_mixin.py:188} INFO - [2024-01-30T23:50:48.547+0100] {dag.py:3033} INFO - Sync 1 DAGs
[2024-01-30T23:50:48.574+0100] {logging_mixin.py:188} INFO - [2024-01-30T23:50:48.574+0100] {dag.py:3820} INFO - Setting next_dagrun for example_setup_teardown_taskflow to 2024-01-29T00:00:00+00:00, run_after=2024-01-30T00:00:00+00:00
[2024-01-30T23:50:48.846+0100] {processor.py:183} INFO - Processing /home/ubuntu/.local/lib/python3.10/site-packages/airflow/example_dags/example_setup_teardown_taskflow.py took 0.350 seconds
[2024-01-30T23:51:58.261+0100] {processor.py:161} INFO - Started process (PID=9468) to work on /home/ubuntu/.local/lib/python3.10/site-packages/airflow/example_dags/example_setup_teardown_taskflow.py
[2024-01-30T23:51:58.285+0100] {processor.py:830} INFO - Processing file /home/ubuntu/.local/lib/python3.10/site-packages/airflow/example_dags/example_setup_teardown_taskflow.py for tasks to queue
[2024-01-30T23:51:58.287+0100] {logging_mixin.py:188} INFO - [2024-01-30T23:51:58.286+0100] {dagbag.py:538} INFO - Filling up the DagBag from /home/ubuntu/.local/lib/python3.10/site-packages/airflow/example_dags/example_setup_teardown_taskflow.py
[2024-01-30T23:51:58.332+0100] {processor.py:840} INFO - DAG(s) 'example_setup_teardown_taskflow' retrieved from /home/ubuntu/.local/lib/python3.10/site-packages/airflow/example_dags/example_setup_teardown_taskflow.py
[2024-01-30T23:51:58.616+0100] {logging_mixin.py:188} INFO - [2024-01-30T23:51:58.616+0100] {dag.py:3033} INFO - Sync 1 DAGs
[2024-01-30T23:51:58.774+0100] {logging_mixin.py:188} INFO - [2024-01-30T23:51:58.774+0100] {dag.py:3820} INFO - Setting next_dagrun for example_setup_teardown_taskflow to 2024-01-29T00:00:00+00:00, run_after=2024-01-30T00:00:00+00:00
[2024-01-30T23:51:59.124+0100] {processor.py:183} INFO - Processing /home/ubuntu/.local/lib/python3.10/site-packages/airflow/example_dags/example_setup_teardown_taskflow.py took 0.873 seconds
[2024-01-30T23:53:55.590+0100] {processor.py:161} INFO - Started process (PID=9558) to work on /home/ubuntu/.local/lib/python3.10/site-packages/airflow/example_dags/example_setup_teardown_taskflow.py
[2024-01-30T23:53:55.607+0100] {processor.py:830} INFO - Processing file /home/ubuntu/.local/lib/python3.10/site-packages/airflow/example_dags/example_setup_teardown_taskflow.py for tasks to queue
[2024-01-30T23:53:55.609+0100] {logging_mixin.py:188} INFO - [2024-01-30T23:53:55.609+0100] {dagbag.py:538} INFO - Filling up the DagBag from /home/ubuntu/.local/lib/python3.10/site-packages/airflow/example_dags/example_setup_teardown_taskflow.py
[2024-01-30T23:53:55.646+0100] {processor.py:840} INFO - DAG(s) 'example_setup_teardown_taskflow' retrieved from /home/ubuntu/.local/lib/python3.10/site-packages/airflow/example_dags/example_setup_teardown_taskflow.py
[2024-01-30T23:53:55.725+0100] {logging_mixin.py:188} INFO - [2024-01-30T23:53:55.721+0100] {dag.py:3033} INFO - Sync 1 DAGs
[2024-01-30T23:53:55.792+0100] {logging_mixin.py:188} INFO - [2024-01-30T23:53:55.791+0100] {dag.py:3820} INFO - Setting next_dagrun for example_setup_teardown_taskflow to 2024-01-29T00:00:00+00:00, run_after=2024-01-30T00:00:00+00:00
[2024-01-30T23:53:56.279+0100] {processor.py:183} INFO - Processing /home/ubuntu/.local/lib/python3.10/site-packages/airflow/example_dags/example_setup_teardown_taskflow.py took 0.706 seconds
[2024-01-30T23:56:03.831+0100] {processor.py:161} INFO - Started process (PID=9641) to work on /home/ubuntu/.local/lib/python3.10/site-packages/airflow/example_dags/example_setup_teardown_taskflow.py
[2024-01-30T23:56:03.851+0100] {processor.py:830} INFO - Processing file /home/ubuntu/.local/lib/python3.10/site-packages/airflow/example_dags/example_setup_teardown_taskflow.py for tasks to queue
[2024-01-30T23:56:03.868+0100] {logging_mixin.py:188} INFO - [2024-01-30T23:56:03.867+0100] {dagbag.py:538} INFO - Filling up the DagBag from /home/ubuntu/.local/lib/python3.10/site-packages/airflow/example_dags/example_setup_teardown_taskflow.py
[2024-01-30T23:56:03.931+0100] {processor.py:840} INFO - DAG(s) 'example_setup_teardown_taskflow' retrieved from /home/ubuntu/.local/lib/python3.10/site-packages/airflow/example_dags/example_setup_teardown_taskflow.py
[2024-01-30T23:56:04.026+0100] {logging_mixin.py:188} INFO - [2024-01-30T23:56:04.026+0100] {dag.py:3033} INFO - Sync 1 DAGs
[2024-01-30T23:56:04.110+0100] {logging_mixin.py:188} INFO - [2024-01-30T23:56:04.110+0100] {dag.py:3820} INFO - Setting next_dagrun for example_setup_teardown_taskflow to 2024-01-29T00:00:00+00:00, run_after=2024-01-30T00:00:00+00:00
[2024-01-30T23:56:04.459+0100] {processor.py:183} INFO - Processing /home/ubuntu/.local/lib/python3.10/site-packages/airflow/example_dags/example_setup_teardown_taskflow.py took 0.638 seconds
[2024-01-30T23:58:20.774+0100] {processor.py:161} INFO - Started process (PID=9739) to work on /home/ubuntu/.local/lib/python3.10/site-packages/airflow/example_dags/example_setup_teardown_taskflow.py
[2024-01-30T23:58:20.826+0100] {processor.py:830} INFO - Processing file /home/ubuntu/.local/lib/python3.10/site-packages/airflow/example_dags/example_setup_teardown_taskflow.py for tasks to queue
[2024-01-30T23:58:20.827+0100] {logging_mixin.py:188} INFO - [2024-01-30T23:58:20.827+0100] {dagbag.py:538} INFO - Filling up the DagBag from /home/ubuntu/.local/lib/python3.10/site-packages/airflow/example_dags/example_setup_teardown_taskflow.py
[2024-01-30T23:58:20.893+0100] {processor.py:840} INFO - DAG(s) 'example_setup_teardown_taskflow' retrieved from /home/ubuntu/.local/lib/python3.10/site-packages/airflow/example_dags/example_setup_teardown_taskflow.py
[2024-01-30T23:58:21.002+0100] {logging_mixin.py:188} INFO - [2024-01-30T23:58:21.002+0100] {dag.py:3033} INFO - Sync 1 DAGs
[2024-01-30T23:58:21.130+0100] {logging_mixin.py:188} INFO - [2024-01-30T23:58:21.130+0100] {dag.py:3820} INFO - Setting next_dagrun for example_setup_teardown_taskflow to 2024-01-29T00:00:00+00:00, run_after=2024-01-30T00:00:00+00:00
[2024-01-30T23:58:21.550+0100] {processor.py:183} INFO - Processing /home/ubuntu/.local/lib/python3.10/site-packages/airflow/example_dags/example_setup_teardown_taskflow.py took 0.795 seconds
[2024-01-31T00:00:49.469+0100] {processor.py:161} INFO - Started process (PID=9869) to work on /home/ubuntu/.local/lib/python3.10/site-packages/airflow/example_dags/example_setup_teardown_taskflow.py
[2024-01-31T00:00:49.489+0100] {processor.py:830} INFO - Processing file /home/ubuntu/.local/lib/python3.10/site-packages/airflow/example_dags/example_setup_teardown_taskflow.py for tasks to queue
[2024-01-31T00:00:49.491+0100] {logging_mixin.py:188} INFO - [2024-01-31T00:00:49.490+0100] {dagbag.py:538} INFO - Filling up the DagBag from /home/ubuntu/.local/lib/python3.10/site-packages/airflow/example_dags/example_setup_teardown_taskflow.py
[2024-01-31T00:00:49.551+0100] {processor.py:840} INFO - DAG(s) 'example_setup_teardown_taskflow' retrieved from /home/ubuntu/.local/lib/python3.10/site-packages/airflow/example_dags/example_setup_teardown_taskflow.py
[2024-01-31T00:00:49.626+0100] {logging_mixin.py:188} INFO - [2024-01-31T00:00:49.626+0100] {dag.py:3033} INFO - Sync 1 DAGs
[2024-01-31T00:00:49.683+0100] {logging_mixin.py:188} INFO - [2024-01-31T00:00:49.683+0100] {dag.py:3820} INFO - Setting next_dagrun for example_setup_teardown_taskflow to 2024-01-29T00:00:00+00:00, run_after=2024-01-30T00:00:00+00:00
[2024-01-31T00:00:49.981+0100] {processor.py:183} INFO - Processing /home/ubuntu/.local/lib/python3.10/site-packages/airflow/example_dags/example_setup_teardown_taskflow.py took 0.533 seconds
[2024-01-31T00:03:14.137+0100] {processor.py:161} INFO - Started process (PID=9979) to work on /home/ubuntu/.local/lib/python3.10/site-packages/airflow/example_dags/example_setup_teardown_taskflow.py
[2024-01-31T00:03:14.140+0100] {processor.py:830} INFO - Processing file /home/ubuntu/.local/lib/python3.10/site-packages/airflow/example_dags/example_setup_teardown_taskflow.py for tasks to queue
[2024-01-31T00:03:14.145+0100] {logging_mixin.py:188} INFO - [2024-01-31T00:03:14.144+0100] {dagbag.py:538} INFO - Filling up the DagBag from /home/ubuntu/.local/lib/python3.10/site-packages/airflow/example_dags/example_setup_teardown_taskflow.py
[2024-01-31T00:03:14.173+0100] {processor.py:840} INFO - DAG(s) 'example_setup_teardown_taskflow' retrieved from /home/ubuntu/.local/lib/python3.10/site-packages/airflow/example_dags/example_setup_teardown_taskflow.py
[2024-01-31T00:03:14.197+0100] {logging_mixin.py:188} INFO - [2024-01-31T00:03:14.197+0100] {dag.py:3033} INFO - Sync 1 DAGs
[2024-01-31T00:03:14.250+0100] {logging_mixin.py:188} INFO - [2024-01-31T00:03:14.250+0100] {dag.py:3820} INFO - Setting next_dagrun for example_setup_teardown_taskflow to 2024-01-29T00:00:00+00:00, run_after=2024-01-30T00:00:00+00:00
[2024-01-31T00:03:14.520+0100] {processor.py:183} INFO - Processing /home/ubuntu/.local/lib/python3.10/site-packages/airflow/example_dags/example_setup_teardown_taskflow.py took 0.388 seconds
[2024-01-31T00:04:29.550+0100] {processor.py:161} INFO - Started process (PID=10044) to work on /home/ubuntu/.local/lib/python3.10/site-packages/airflow/example_dags/example_setup_teardown_taskflow.py
[2024-01-31T00:04:29.556+0100] {processor.py:830} INFO - Processing file /home/ubuntu/.local/lib/python3.10/site-packages/airflow/example_dags/example_setup_teardown_taskflow.py for tasks to queue
[2024-01-31T00:04:29.558+0100] {logging_mixin.py:188} INFO - [2024-01-31T00:04:29.557+0100] {dagbag.py:538} INFO - Filling up the DagBag from /home/ubuntu/.local/lib/python3.10/site-packages/airflow/example_dags/example_setup_teardown_taskflow.py
[2024-01-31T00:04:29.572+0100] {processor.py:840} INFO - DAG(s) 'example_setup_teardown_taskflow' retrieved from /home/ubuntu/.local/lib/python3.10/site-packages/airflow/example_dags/example_setup_teardown_taskflow.py
[2024-01-31T00:04:29.593+0100] {logging_mixin.py:188} INFO - [2024-01-31T00:04:29.593+0100] {dag.py:3033} INFO - Sync 1 DAGs
[2024-01-31T00:04:29.616+0100] {logging_mixin.py:188} INFO - [2024-01-31T00:04:29.616+0100] {dag.py:3820} INFO - Setting next_dagrun for example_setup_teardown_taskflow to 2024-01-29T00:00:00+00:00, run_after=2024-01-30T00:00:00+00:00
[2024-01-31T00:04:29.788+0100] {processor.py:183} INFO - Processing /home/ubuntu/.local/lib/python3.10/site-packages/airflow/example_dags/example_setup_teardown_taskflow.py took 0.242 seconds
[2024-01-31T00:05:41.918+0100] {processor.py:161} INFO - Started process (PID=10106) to work on /home/ubuntu/.local/lib/python3.10/site-packages/airflow/example_dags/example_setup_teardown_taskflow.py
[2024-01-31T00:05:41.920+0100] {processor.py:830} INFO - Processing file /home/ubuntu/.local/lib/python3.10/site-packages/airflow/example_dags/example_setup_teardown_taskflow.py for tasks to queue
[2024-01-31T00:05:41.922+0100] {logging_mixin.py:188} INFO - [2024-01-31T00:05:41.921+0100] {dagbag.py:538} INFO - Filling up the DagBag from /home/ubuntu/.local/lib/python3.10/site-packages/airflow/example_dags/example_setup_teardown_taskflow.py
[2024-01-31T00:05:41.946+0100] {processor.py:840} INFO - DAG(s) 'example_setup_teardown_taskflow' retrieved from /home/ubuntu/.local/lib/python3.10/site-packages/airflow/example_dags/example_setup_teardown_taskflow.py
[2024-01-31T00:05:41.994+0100] {logging_mixin.py:188} INFO - [2024-01-31T00:05:41.993+0100] {dag.py:3033} INFO - Sync 1 DAGs
[2024-01-31T00:05:42.018+0100] {logging_mixin.py:188} INFO - [2024-01-31T00:05:42.018+0100] {dag.py:3820} INFO - Setting next_dagrun for example_setup_teardown_taskflow to 2024-01-29T00:00:00+00:00, run_after=2024-01-30T00:00:00+00:00
[2024-01-31T00:05:42.067+0100] {processor.py:183} INFO - Processing /home/ubuntu/.local/lib/python3.10/site-packages/airflow/example_dags/example_setup_teardown_taskflow.py took 0.154 seconds
[2024-01-31T00:06:55.753+0100] {processor.py:161} INFO - Started process (PID=10169) to work on /home/ubuntu/.local/lib/python3.10/site-packages/airflow/example_dags/example_setup_teardown_taskflow.py
[2024-01-31T00:06:55.757+0100] {processor.py:830} INFO - Processing file /home/ubuntu/.local/lib/python3.10/site-packages/airflow/example_dags/example_setup_teardown_taskflow.py for tasks to queue
[2024-01-31T00:06:55.759+0100] {logging_mixin.py:188} INFO - [2024-01-31T00:06:55.758+0100] {dagbag.py:538} INFO - Filling up the DagBag from /home/ubuntu/.local/lib/python3.10/site-packages/airflow/example_dags/example_setup_teardown_taskflow.py
[2024-01-31T00:06:55.775+0100] {processor.py:840} INFO - DAG(s) 'example_setup_teardown_taskflow' retrieved from /home/ubuntu/.local/lib/python3.10/site-packages/airflow/example_dags/example_setup_teardown_taskflow.py
[2024-01-31T00:06:55.815+0100] {logging_mixin.py:188} INFO - [2024-01-31T00:06:55.814+0100] {dag.py:3033} INFO - Sync 1 DAGs
[2024-01-31T00:06:55.864+0100] {logging_mixin.py:188} INFO - [2024-01-31T00:06:55.864+0100] {dag.py:3820} INFO - Setting next_dagrun for example_setup_teardown_taskflow to 2024-01-29T00:00:00+00:00, run_after=2024-01-30T00:00:00+00:00
[2024-01-31T00:06:56.066+0100] {processor.py:183} INFO - Processing /home/ubuntu/.local/lib/python3.10/site-packages/airflow/example_dags/example_setup_teardown_taskflow.py took 0.318 seconds
[2024-01-31T00:08:08.776+0100] {processor.py:161} INFO - Started process (PID=10238) to work on /home/ubuntu/.local/lib/python3.10/site-packages/airflow/example_dags/example_setup_teardown_taskflow.py
[2024-01-31T00:08:08.787+0100] {processor.py:830} INFO - Processing file /home/ubuntu/.local/lib/python3.10/site-packages/airflow/example_dags/example_setup_teardown_taskflow.py for tasks to queue
[2024-01-31T00:08:08.792+0100] {logging_mixin.py:188} INFO - [2024-01-31T00:08:08.791+0100] {dagbag.py:538} INFO - Filling up the DagBag from /home/ubuntu/.local/lib/python3.10/site-packages/airflow/example_dags/example_setup_teardown_taskflow.py
[2024-01-31T00:08:08.808+0100] {processor.py:840} INFO - DAG(s) 'example_setup_teardown_taskflow' retrieved from /home/ubuntu/.local/lib/python3.10/site-packages/airflow/example_dags/example_setup_teardown_taskflow.py
[2024-01-31T00:08:08.849+0100] {logging_mixin.py:188} INFO - [2024-01-31T00:08:08.849+0100] {dag.py:3033} INFO - Sync 1 DAGs
[2024-01-31T00:08:08.875+0100] {logging_mixin.py:188} INFO - [2024-01-31T00:08:08.874+0100] {dag.py:3820} INFO - Setting next_dagrun for example_setup_teardown_taskflow to 2024-01-29T00:00:00+00:00, run_after=2024-01-30T00:00:00+00:00
[2024-01-31T00:08:08.943+0100] {processor.py:183} INFO - Processing /home/ubuntu/.local/lib/python3.10/site-packages/airflow/example_dags/example_setup_teardown_taskflow.py took 0.172 seconds
[2024-01-31T00:09:18.308+0100] {processor.py:161} INFO - Started process (PID=10298) to work on /home/ubuntu/.local/lib/python3.10/site-packages/airflow/example_dags/example_setup_teardown_taskflow.py
[2024-01-31T00:09:18.311+0100] {processor.py:830} INFO - Processing file /home/ubuntu/.local/lib/python3.10/site-packages/airflow/example_dags/example_setup_teardown_taskflow.py for tasks to queue
[2024-01-31T00:09:18.313+0100] {logging_mixin.py:188} INFO - [2024-01-31T00:09:18.312+0100] {dagbag.py:538} INFO - Filling up the DagBag from /home/ubuntu/.local/lib/python3.10/site-packages/airflow/example_dags/example_setup_teardown_taskflow.py
[2024-01-31T00:09:18.325+0100] {processor.py:840} INFO - DAG(s) 'example_setup_teardown_taskflow' retrieved from /home/ubuntu/.local/lib/python3.10/site-packages/airflow/example_dags/example_setup_teardown_taskflow.py
[2024-01-31T00:09:18.362+0100] {logging_mixin.py:188} INFO - [2024-01-31T00:09:18.361+0100] {dag.py:3033} INFO - Sync 1 DAGs
[2024-01-31T00:09:18.394+0100] {logging_mixin.py:188} INFO - [2024-01-31T00:09:18.394+0100] {dag.py:3820} INFO - Setting next_dagrun for example_setup_teardown_taskflow to 2024-01-29T00:00:00+00:00, run_after=2024-01-30T00:00:00+00:00
[2024-01-31T00:09:18.445+0100] {processor.py:183} INFO - Processing /home/ubuntu/.local/lib/python3.10/site-packages/airflow/example_dags/example_setup_teardown_taskflow.py took 0.142 seconds
[2024-01-31T00:10:31.869+0100] {processor.py:161} INFO - Started process (PID=10361) to work on /home/ubuntu/.local/lib/python3.10/site-packages/airflow/example_dags/example_setup_teardown_taskflow.py
[2024-01-31T00:10:31.877+0100] {processor.py:830} INFO - Processing file /home/ubuntu/.local/lib/python3.10/site-packages/airflow/example_dags/example_setup_teardown_taskflow.py for tasks to queue
[2024-01-31T00:10:31.878+0100] {logging_mixin.py:188} INFO - [2024-01-31T00:10:31.878+0100] {dagbag.py:538} INFO - Filling up the DagBag from /home/ubuntu/.local/lib/python3.10/site-packages/airflow/example_dags/example_setup_teardown_taskflow.py
[2024-01-31T00:10:31.894+0100] {processor.py:840} INFO - DAG(s) 'example_setup_teardown_taskflow' retrieved from /home/ubuntu/.local/lib/python3.10/site-packages/airflow/example_dags/example_setup_teardown_taskflow.py
[2024-01-31T00:10:31.921+0100] {logging_mixin.py:188} INFO - [2024-01-31T00:10:31.921+0100] {dag.py:3033} INFO - Sync 1 DAGs
[2024-01-31T00:10:31.946+0100] {logging_mixin.py:188} INFO - [2024-01-31T00:10:31.946+0100] {dag.py:3820} INFO - Setting next_dagrun for example_setup_teardown_taskflow to 2024-01-29T00:00:00+00:00, run_after=2024-01-30T00:00:00+00:00
[2024-01-31T00:10:32.085+0100] {processor.py:183} INFO - Processing /home/ubuntu/.local/lib/python3.10/site-packages/airflow/example_dags/example_setup_teardown_taskflow.py took 0.222 seconds
[2024-01-31T00:11:51.802+0100] {processor.py:161} INFO - Started process (PID=10513) to work on /home/ubuntu/.local/lib/python3.10/site-packages/airflow/example_dags/example_setup_teardown_taskflow.py
[2024-01-31T00:11:51.821+0100] {processor.py:830} INFO - Processing file /home/ubuntu/.local/lib/python3.10/site-packages/airflow/example_dags/example_setup_teardown_taskflow.py for tasks to queue
[2024-01-31T00:11:51.823+0100] {logging_mixin.py:188} INFO - [2024-01-31T00:11:51.822+0100] {dagbag.py:538} INFO - Filling up the DagBag from /home/ubuntu/.local/lib/python3.10/site-packages/airflow/example_dags/example_setup_teardown_taskflow.py
[2024-01-31T00:11:51.861+0100] {processor.py:840} INFO - DAG(s) 'example_setup_teardown_taskflow' retrieved from /home/ubuntu/.local/lib/python3.10/site-packages/airflow/example_dags/example_setup_teardown_taskflow.py
[2024-01-31T00:11:51.954+0100] {logging_mixin.py:188} INFO - [2024-01-31T00:11:51.953+0100] {dag.py:3033} INFO - Sync 1 DAGs
[2024-01-31T00:11:52.016+0100] {logging_mixin.py:188} INFO - [2024-01-31T00:11:52.015+0100] {dag.py:3820} INFO - Setting next_dagrun for example_setup_teardown_taskflow to 2024-01-29T00:00:00+00:00, run_after=2024-01-30T00:00:00+00:00
[2024-01-31T00:11:52.239+0100] {processor.py:183} INFO - Processing /home/ubuntu/.local/lib/python3.10/site-packages/airflow/example_dags/example_setup_teardown_taskflow.py took 0.460 seconds
[2024-01-31T00:13:31.368+0100] {processor.py:161} INFO - Started process (PID=10591) to work on /home/ubuntu/.local/lib/python3.10/site-packages/airflow/example_dags/example_setup_teardown_taskflow.py
[2024-01-31T00:13:31.397+0100] {processor.py:830} INFO - Processing file /home/ubuntu/.local/lib/python3.10/site-packages/airflow/example_dags/example_setup_teardown_taskflow.py for tasks to queue
[2024-01-31T00:13:31.399+0100] {logging_mixin.py:188} INFO - [2024-01-31T00:13:31.398+0100] {dagbag.py:538} INFO - Filling up the DagBag from /home/ubuntu/.local/lib/python3.10/site-packages/airflow/example_dags/example_setup_teardown_taskflow.py
[2024-01-31T00:13:31.446+0100] {processor.py:840} INFO - DAG(s) 'example_setup_teardown_taskflow' retrieved from /home/ubuntu/.local/lib/python3.10/site-packages/airflow/example_dags/example_setup_teardown_taskflow.py
[2024-01-31T00:13:31.554+0100] {logging_mixin.py:188} INFO - [2024-01-31T00:13:31.553+0100] {dag.py:3033} INFO - Sync 1 DAGs
[2024-01-31T00:13:31.578+0100] {logging_mixin.py:188} INFO - [2024-01-31T00:13:31.577+0100] {dag.py:3820} INFO - Setting next_dagrun for example_setup_teardown_taskflow to 2024-01-29T00:00:00+00:00, run_after=2024-01-30T00:00:00+00:00
[2024-01-31T00:13:31.693+0100] {processor.py:183} INFO - Processing /home/ubuntu/.local/lib/python3.10/site-packages/airflow/example_dags/example_setup_teardown_taskflow.py took 0.372 seconds
[2024-01-31T00:15:01.617+0100] {processor.py:161} INFO - Started process (PID=10661) to work on /home/ubuntu/.local/lib/python3.10/site-packages/airflow/example_dags/example_setup_teardown_taskflow.py
[2024-01-31T00:15:01.669+0100] {processor.py:830} INFO - Processing file /home/ubuntu/.local/lib/python3.10/site-packages/airflow/example_dags/example_setup_teardown_taskflow.py for tasks to queue
[2024-01-31T00:15:01.691+0100] {logging_mixin.py:188} INFO - [2024-01-31T00:15:01.687+0100] {dagbag.py:538} INFO - Filling up the DagBag from /home/ubuntu/.local/lib/python3.10/site-packages/airflow/example_dags/example_setup_teardown_taskflow.py
[2024-01-31T00:15:01.778+0100] {processor.py:840} INFO - DAG(s) 'example_setup_teardown_taskflow' retrieved from /home/ubuntu/.local/lib/python3.10/site-packages/airflow/example_dags/example_setup_teardown_taskflow.py
[2024-01-31T00:15:01.815+0100] {logging_mixin.py:188} INFO - [2024-01-31T00:15:01.815+0100] {dag.py:3033} INFO - Sync 1 DAGs
[2024-01-31T00:15:01.897+0100] {logging_mixin.py:188} INFO - [2024-01-31T00:15:01.896+0100] {dag.py:3820} INFO - Setting next_dagrun for example_setup_teardown_taskflow to 2024-01-29T00:00:00+00:00, run_after=2024-01-30T00:00:00+00:00
[2024-01-31T00:15:02.075+0100] {processor.py:183} INFO - Processing /home/ubuntu/.local/lib/python3.10/site-packages/airflow/example_dags/example_setup_teardown_taskflow.py took 0.473 seconds
[2024-01-31T00:16:23.158+0100] {processor.py:161} INFO - Started process (PID=10727) to work on /home/ubuntu/.local/lib/python3.10/site-packages/airflow/example_dags/example_setup_teardown_taskflow.py
[2024-01-31T00:16:23.161+0100] {processor.py:830} INFO - Processing file /home/ubuntu/.local/lib/python3.10/site-packages/airflow/example_dags/example_setup_teardown_taskflow.py for tasks to queue
[2024-01-31T00:16:23.164+0100] {logging_mixin.py:188} INFO - [2024-01-31T00:16:23.163+0100] {dagbag.py:538} INFO - Filling up the DagBag from /home/ubuntu/.local/lib/python3.10/site-packages/airflow/example_dags/example_setup_teardown_taskflow.py
[2024-01-31T00:16:23.183+0100] {processor.py:840} INFO - DAG(s) 'example_setup_teardown_taskflow' retrieved from /home/ubuntu/.local/lib/python3.10/site-packages/airflow/example_dags/example_setup_teardown_taskflow.py
[2024-01-31T00:16:23.226+0100] {logging_mixin.py:188} INFO - [2024-01-31T00:16:23.226+0100] {dag.py:3033} INFO - Sync 1 DAGs
[2024-01-31T00:16:23.250+0100] {logging_mixin.py:188} INFO - [2024-01-31T00:16:23.249+0100] {dag.py:3820} INFO - Setting next_dagrun for example_setup_teardown_taskflow to 2024-01-29T00:00:00+00:00, run_after=2024-01-30T00:00:00+00:00
[2024-01-31T00:16:23.618+0100] {processor.py:183} INFO - Processing /home/ubuntu/.local/lib/python3.10/site-packages/airflow/example_dags/example_setup_teardown_taskflow.py took 0.465 seconds
[2024-01-31T00:17:52.428+0100] {processor.py:161} INFO - Started process (PID=10824) to work on /home/ubuntu/.local/lib/python3.10/site-packages/airflow/example_dags/example_setup_teardown_taskflow.py
[2024-01-31T00:17:52.450+0100] {processor.py:830} INFO - Processing file /home/ubuntu/.local/lib/python3.10/site-packages/airflow/example_dags/example_setup_teardown_taskflow.py for tasks to queue
[2024-01-31T00:17:52.452+0100] {logging_mixin.py:188} INFO - [2024-01-31T00:17:52.451+0100] {dagbag.py:538} INFO - Filling up the DagBag from /home/ubuntu/.local/lib/python3.10/site-packages/airflow/example_dags/example_setup_teardown_taskflow.py
[2024-01-31T00:17:52.481+0100] {processor.py:840} INFO - DAG(s) 'example_setup_teardown_taskflow' retrieved from /home/ubuntu/.local/lib/python3.10/site-packages/airflow/example_dags/example_setup_teardown_taskflow.py
[2024-01-31T00:17:52.508+0100] {logging_mixin.py:188} INFO - [2024-01-31T00:17:52.508+0100] {dag.py:3033} INFO - Sync 1 DAGs
[2024-01-31T00:17:52.547+0100] {logging_mixin.py:188} INFO - [2024-01-31T00:17:52.546+0100] {dag.py:3820} INFO - Setting next_dagrun for example_setup_teardown_taskflow to 2024-01-29T00:00:00+00:00, run_after=2024-01-30T00:00:00+00:00
[2024-01-31T00:17:52.678+0100] {processor.py:183} INFO - Processing /home/ubuntu/.local/lib/python3.10/site-packages/airflow/example_dags/example_setup_teardown_taskflow.py took 0.279 seconds
[2024-01-31T00:19:12.511+0100] {processor.py:161} INFO - Started process (PID=10898) to work on /home/ubuntu/.local/lib/python3.10/site-packages/airflow/example_dags/example_setup_teardown_taskflow.py
[2024-01-31T00:19:12.516+0100] {processor.py:830} INFO - Processing file /home/ubuntu/.local/lib/python3.10/site-packages/airflow/example_dags/example_setup_teardown_taskflow.py for tasks to queue
[2024-01-31T00:19:12.517+0100] {logging_mixin.py:188} INFO - [2024-01-31T00:19:12.517+0100] {dagbag.py:538} INFO - Filling up the DagBag from /home/ubuntu/.local/lib/python3.10/site-packages/airflow/example_dags/example_setup_teardown_taskflow.py
[2024-01-31T00:19:12.537+0100] {processor.py:840} INFO - DAG(s) 'example_setup_teardown_taskflow' retrieved from /home/ubuntu/.local/lib/python3.10/site-packages/airflow/example_dags/example_setup_teardown_taskflow.py
[2024-01-31T00:19:12.571+0100] {logging_mixin.py:188} INFO - [2024-01-31T00:19:12.571+0100] {dag.py:3033} INFO - Sync 1 DAGs
[2024-01-31T00:19:12.596+0100] {logging_mixin.py:188} INFO - [2024-01-31T00:19:12.596+0100] {dag.py:3820} INFO - Setting next_dagrun for example_setup_teardown_taskflow to 2024-01-29T00:00:00+00:00, run_after=2024-01-30T00:00:00+00:00
[2024-01-31T00:19:12.639+0100] {processor.py:183} INFO - Processing /home/ubuntu/.local/lib/python3.10/site-packages/airflow/example_dags/example_setup_teardown_taskflow.py took 0.132 seconds
[2024-01-31T00:21:06.221+0100] {processor.py:161} INFO - Started process (PID=11054) to work on /home/ubuntu/.local/lib/python3.10/site-packages/airflow/example_dags/example_setup_teardown_taskflow.py
[2024-01-31T00:21:06.257+0100] {processor.py:830} INFO - Processing file /home/ubuntu/.local/lib/python3.10/site-packages/airflow/example_dags/example_setup_teardown_taskflow.py for tasks to queue
[2024-01-31T00:21:06.260+0100] {logging_mixin.py:188} INFO - [2024-01-31T00:21:06.259+0100] {dagbag.py:538} INFO - Filling up the DagBag from /home/ubuntu/.local/lib/python3.10/site-packages/airflow/example_dags/example_setup_teardown_taskflow.py
[2024-01-31T00:21:06.326+0100] {processor.py:840} INFO - DAG(s) 'example_setup_teardown_taskflow' retrieved from /home/ubuntu/.local/lib/python3.10/site-packages/airflow/example_dags/example_setup_teardown_taskflow.py
[2024-01-31T00:21:06.432+0100] {logging_mixin.py:188} INFO - [2024-01-31T00:21:06.432+0100] {dag.py:3033} INFO - Sync 1 DAGs
[2024-01-31T00:21:06.533+0100] {logging_mixin.py:188} INFO - [2024-01-31T00:21:06.533+0100] {dag.py:3820} INFO - Setting next_dagrun for example_setup_teardown_taskflow to 2024-01-29T00:00:00+00:00, run_after=2024-01-30T00:00:00+00:00
[2024-01-31T00:21:06.942+0100] {processor.py:183} INFO - Processing /home/ubuntu/.local/lib/python3.10/site-packages/airflow/example_dags/example_setup_teardown_taskflow.py took 0.737 seconds
[2024-01-31T00:23:28.584+0100] {processor.py:161} INFO - Started process (PID=11143) to work on /home/ubuntu/.local/lib/python3.10/site-packages/airflow/example_dags/example_setup_teardown_taskflow.py
[2024-01-31T00:23:28.629+0100] {processor.py:830} INFO - Processing file /home/ubuntu/.local/lib/python3.10/site-packages/airflow/example_dags/example_setup_teardown_taskflow.py for tasks to queue
[2024-01-31T00:23:28.641+0100] {logging_mixin.py:188} INFO - [2024-01-31T00:23:28.631+0100] {dagbag.py:538} INFO - Filling up the DagBag from /home/ubuntu/.local/lib/python3.10/site-packages/airflow/example_dags/example_setup_teardown_taskflow.py
[2024-01-31T00:23:28.684+0100] {processor.py:840} INFO - DAG(s) 'example_setup_teardown_taskflow' retrieved from /home/ubuntu/.local/lib/python3.10/site-packages/airflow/example_dags/example_setup_teardown_taskflow.py
[2024-01-31T00:23:28.796+0100] {logging_mixin.py:188} INFO - [2024-01-31T00:23:28.787+0100] {dag.py:3033} INFO - Sync 1 DAGs
[2024-01-31T00:23:28.891+0100] {logging_mixin.py:188} INFO - [2024-01-31T00:23:28.891+0100] {dag.py:3820} INFO - Setting next_dagrun for example_setup_teardown_taskflow to 2024-01-29T00:00:00+00:00, run_after=2024-01-30T00:00:00+00:00
[2024-01-31T00:23:29.196+0100] {processor.py:183} INFO - Processing /home/ubuntu/.local/lib/python3.10/site-packages/airflow/example_dags/example_setup_teardown_taskflow.py took 0.626 seconds
[2024-01-31T00:25:27.717+0100] {processor.py:161} INFO - Started process (PID=11246) to work on /home/ubuntu/.local/lib/python3.10/site-packages/airflow/example_dags/example_setup_teardown_taskflow.py
[2024-01-31T00:25:27.721+0100] {processor.py:830} INFO - Processing file /home/ubuntu/.local/lib/python3.10/site-packages/airflow/example_dags/example_setup_teardown_taskflow.py for tasks to queue
[2024-01-31T00:25:27.722+0100] {logging_mixin.py:188} INFO - [2024-01-31T00:25:27.722+0100] {dagbag.py:538} INFO - Filling up the DagBag from /home/ubuntu/.local/lib/python3.10/site-packages/airflow/example_dags/example_setup_teardown_taskflow.py
[2024-01-31T00:25:27.737+0100] {processor.py:840} INFO - DAG(s) 'example_setup_teardown_taskflow' retrieved from /home/ubuntu/.local/lib/python3.10/site-packages/airflow/example_dags/example_setup_teardown_taskflow.py
[2024-01-31T00:25:27.758+0100] {logging_mixin.py:188} INFO - [2024-01-31T00:25:27.758+0100] {dag.py:3033} INFO - Sync 1 DAGs
[2024-01-31T00:25:27.782+0100] {logging_mixin.py:188} INFO - [2024-01-31T00:25:27.782+0100] {dag.py:3820} INFO - Setting next_dagrun for example_setup_teardown_taskflow to 2024-01-29T00:00:00+00:00, run_after=2024-01-30T00:00:00+00:00
[2024-01-31T00:25:28.047+0100] {processor.py:183} INFO - Processing /home/ubuntu/.local/lib/python3.10/site-packages/airflow/example_dags/example_setup_teardown_taskflow.py took 0.335 seconds
[2024-01-31T00:26:33.048+0100] {processor.py:161} INFO - Started process (PID=11305) to work on /home/ubuntu/.local/lib/python3.10/site-packages/airflow/example_dags/example_setup_teardown_taskflow.py
[2024-01-31T00:26:33.050+0100] {processor.py:830} INFO - Processing file /home/ubuntu/.local/lib/python3.10/site-packages/airflow/example_dags/example_setup_teardown_taskflow.py for tasks to queue
[2024-01-31T00:26:33.052+0100] {logging_mixin.py:188} INFO - [2024-01-31T00:26:33.052+0100] {dagbag.py:538} INFO - Filling up the DagBag from /home/ubuntu/.local/lib/python3.10/site-packages/airflow/example_dags/example_setup_teardown_taskflow.py
[2024-01-31T00:26:33.069+0100] {processor.py:840} INFO - DAG(s) 'example_setup_teardown_taskflow' retrieved from /home/ubuntu/.local/lib/python3.10/site-packages/airflow/example_dags/example_setup_teardown_taskflow.py
[2024-01-31T00:26:33.096+0100] {logging_mixin.py:188} INFO - [2024-01-31T00:26:33.095+0100] {dag.py:3033} INFO - Sync 1 DAGs
[2024-01-31T00:26:33.121+0100] {logging_mixin.py:188} INFO - [2024-01-31T00:26:33.121+0100] {dag.py:3820} INFO - Setting next_dagrun for example_setup_teardown_taskflow to 2024-01-29T00:00:00+00:00, run_after=2024-01-30T00:00:00+00:00
[2024-01-31T00:26:33.227+0100] {processor.py:183} INFO - Processing /home/ubuntu/.local/lib/python3.10/site-packages/airflow/example_dags/example_setup_teardown_taskflow.py took 0.184 seconds
[2024-01-31T00:27:49.728+0100] {processor.py:161} INFO - Started process (PID=11449) to work on /home/ubuntu/.local/lib/python3.10/site-packages/airflow/example_dags/example_setup_teardown_taskflow.py
[2024-01-31T00:27:49.732+0100] {processor.py:830} INFO - Processing file /home/ubuntu/.local/lib/python3.10/site-packages/airflow/example_dags/example_setup_teardown_taskflow.py for tasks to queue
[2024-01-31T00:27:49.734+0100] {logging_mixin.py:188} INFO - [2024-01-31T00:27:49.733+0100] {dagbag.py:538} INFO - Filling up the DagBag from /home/ubuntu/.local/lib/python3.10/site-packages/airflow/example_dags/example_setup_teardown_taskflow.py
[2024-01-31T00:27:49.805+0100] {processor.py:840} INFO - DAG(s) 'example_setup_teardown_taskflow' retrieved from /home/ubuntu/.local/lib/python3.10/site-packages/airflow/example_dags/example_setup_teardown_taskflow.py
[2024-01-31T00:27:49.920+0100] {logging_mixin.py:188} INFO - [2024-01-31T00:27:49.919+0100] {dag.py:3033} INFO - Sync 1 DAGs
[2024-01-31T00:27:49.966+0100] {logging_mixin.py:188} INFO - [2024-01-31T00:27:49.966+0100] {dag.py:3820} INFO - Setting next_dagrun for example_setup_teardown_taskflow to 2024-01-29T00:00:00+00:00, run_after=2024-01-30T00:00:00+00:00
[2024-01-31T00:27:50.178+0100] {processor.py:183} INFO - Processing /home/ubuntu/.local/lib/python3.10/site-packages/airflow/example_dags/example_setup_teardown_taskflow.py took 0.465 seconds
[2024-01-31T00:29:15.230+0100] {processor.py:161} INFO - Started process (PID=11532) to work on /home/ubuntu/.local/lib/python3.10/site-packages/airflow/example_dags/example_setup_teardown_taskflow.py
[2024-01-31T00:29:15.233+0100] {processor.py:830} INFO - Processing file /home/ubuntu/.local/lib/python3.10/site-packages/airflow/example_dags/example_setup_teardown_taskflow.py for tasks to queue
[2024-01-31T00:29:15.235+0100] {logging_mixin.py:188} INFO - [2024-01-31T00:29:15.234+0100] {dagbag.py:538} INFO - Filling up the DagBag from /home/ubuntu/.local/lib/python3.10/site-packages/airflow/example_dags/example_setup_teardown_taskflow.py
[2024-01-31T00:29:15.251+0100] {processor.py:840} INFO - DAG(s) 'example_setup_teardown_taskflow' retrieved from /home/ubuntu/.local/lib/python3.10/site-packages/airflow/example_dags/example_setup_teardown_taskflow.py
[2024-01-31T00:29:15.276+0100] {logging_mixin.py:188} INFO - [2024-01-31T00:29:15.276+0100] {dag.py:3033} INFO - Sync 1 DAGs
[2024-01-31T00:29:15.315+0100] {logging_mixin.py:188} INFO - [2024-01-31T00:29:15.314+0100] {dag.py:3820} INFO - Setting next_dagrun for example_setup_teardown_taskflow to 2024-01-29T00:00:00+00:00, run_after=2024-01-30T00:00:00+00:00
[2024-01-31T00:29:15.390+0100] {processor.py:183} INFO - Processing /home/ubuntu/.local/lib/python3.10/site-packages/airflow/example_dags/example_setup_teardown_taskflow.py took 0.164 seconds
[2024-01-31T00:30:32.973+0100] {processor.py:161} INFO - Started process (PID=11597) to work on /home/ubuntu/.local/lib/python3.10/site-packages/airflow/example_dags/example_setup_teardown_taskflow.py
[2024-01-31T00:30:32.976+0100] {processor.py:830} INFO - Processing file /home/ubuntu/.local/lib/python3.10/site-packages/airflow/example_dags/example_setup_teardown_taskflow.py for tasks to queue
[2024-01-31T00:30:32.978+0100] {logging_mixin.py:188} INFO - [2024-01-31T00:30:32.977+0100] {dagbag.py:538} INFO - Filling up the DagBag from /home/ubuntu/.local/lib/python3.10/site-packages/airflow/example_dags/example_setup_teardown_taskflow.py
[2024-01-31T00:30:32.994+0100] {processor.py:840} INFO - DAG(s) 'example_setup_teardown_taskflow' retrieved from /home/ubuntu/.local/lib/python3.10/site-packages/airflow/example_dags/example_setup_teardown_taskflow.py
[2024-01-31T00:30:33.020+0100] {logging_mixin.py:188} INFO - [2024-01-31T00:30:33.019+0100] {dag.py:3033} INFO - Sync 1 DAGs
[2024-01-31T00:30:33.045+0100] {logging_mixin.py:188} INFO - [2024-01-31T00:30:33.045+0100] {dag.py:3820} INFO - Setting next_dagrun for example_setup_teardown_taskflow to 2024-01-29T00:00:00+00:00, run_after=2024-01-30T00:00:00+00:00
[2024-01-31T00:30:33.161+0100] {processor.py:183} INFO - Processing /home/ubuntu/.local/lib/python3.10/site-packages/airflow/example_dags/example_setup_teardown_taskflow.py took 0.196 seconds
[2024-01-31T00:31:50.409+0100] {processor.py:161} INFO - Started process (PID=11662) to work on /home/ubuntu/.local/lib/python3.10/site-packages/airflow/example_dags/example_setup_teardown_taskflow.py
[2024-01-31T00:31:50.446+0100] {processor.py:830} INFO - Processing file /home/ubuntu/.local/lib/python3.10/site-packages/airflow/example_dags/example_setup_teardown_taskflow.py for tasks to queue
[2024-01-31T00:31:50.463+0100] {logging_mixin.py:188} INFO - [2024-01-31T00:31:50.447+0100] {dagbag.py:538} INFO - Filling up the DagBag from /home/ubuntu/.local/lib/python3.10/site-packages/airflow/example_dags/example_setup_teardown_taskflow.py
[2024-01-31T00:31:50.484+0100] {processor.py:840} INFO - DAG(s) 'example_setup_teardown_taskflow' retrieved from /home/ubuntu/.local/lib/python3.10/site-packages/airflow/example_dags/example_setup_teardown_taskflow.py
[2024-01-31T00:31:50.505+0100] {logging_mixin.py:188} INFO - [2024-01-31T00:31:50.505+0100] {dag.py:3033} INFO - Sync 1 DAGs
[2024-01-31T00:31:50.526+0100] {logging_mixin.py:188} INFO - [2024-01-31T00:31:50.526+0100] {dag.py:3820} INFO - Setting next_dagrun for example_setup_teardown_taskflow to 2024-01-29T00:00:00+00:00, run_after=2024-01-30T00:00:00+00:00
[2024-01-31T00:31:50.636+0100] {processor.py:183} INFO - Processing /home/ubuntu/.local/lib/python3.10/site-packages/airflow/example_dags/example_setup_teardown_taskflow.py took 0.232 seconds
[2024-01-31T00:33:07.517+0100] {processor.py:161} INFO - Started process (PID=11730) to work on /home/ubuntu/.local/lib/python3.10/site-packages/airflow/example_dags/example_setup_teardown_taskflow.py
[2024-01-31T00:33:07.527+0100] {processor.py:830} INFO - Processing file /home/ubuntu/.local/lib/python3.10/site-packages/airflow/example_dags/example_setup_teardown_taskflow.py for tasks to queue
[2024-01-31T00:33:07.540+0100] {logging_mixin.py:188} INFO - [2024-01-31T00:33:07.536+0100] {dagbag.py:538} INFO - Filling up the DagBag from /home/ubuntu/.local/lib/python3.10/site-packages/airflow/example_dags/example_setup_teardown_taskflow.py
[2024-01-31T00:33:07.557+0100] {processor.py:840} INFO - DAG(s) 'example_setup_teardown_taskflow' retrieved from /home/ubuntu/.local/lib/python3.10/site-packages/airflow/example_dags/example_setup_teardown_taskflow.py
[2024-01-31T00:33:07.581+0100] {logging_mixin.py:188} INFO - [2024-01-31T00:33:07.581+0100] {dag.py:3033} INFO - Sync 1 DAGs
[2024-01-31T00:33:07.604+0100] {logging_mixin.py:188} INFO - [2024-01-31T00:33:07.604+0100] {dag.py:3820} INFO - Setting next_dagrun for example_setup_teardown_taskflow to 2024-01-29T00:00:00+00:00, run_after=2024-01-30T00:00:00+00:00
[2024-01-31T00:33:07.649+0100] {processor.py:183} INFO - Processing /home/ubuntu/.local/lib/python3.10/site-packages/airflow/example_dags/example_setup_teardown_taskflow.py took 0.141 seconds
[2024-01-31T00:34:22.158+0100] {processor.py:161} INFO - Started process (PID=11809) to work on /home/ubuntu/.local/lib/python3.10/site-packages/airflow/example_dags/example_setup_teardown_taskflow.py
[2024-01-31T00:34:22.161+0100] {processor.py:830} INFO - Processing file /home/ubuntu/.local/lib/python3.10/site-packages/airflow/example_dags/example_setup_teardown_taskflow.py for tasks to queue
[2024-01-31T00:34:22.164+0100] {logging_mixin.py:188} INFO - [2024-01-31T00:34:22.162+0100] {dagbag.py:538} INFO - Filling up the DagBag from /home/ubuntu/.local/lib/python3.10/site-packages/airflow/example_dags/example_setup_teardown_taskflow.py
[2024-01-31T00:34:22.180+0100] {processor.py:840} INFO - DAG(s) 'example_setup_teardown_taskflow' retrieved from /home/ubuntu/.local/lib/python3.10/site-packages/airflow/example_dags/example_setup_teardown_taskflow.py
[2024-01-31T00:34:22.204+0100] {logging_mixin.py:188} INFO - [2024-01-31T00:34:22.203+0100] {dag.py:3033} INFO - Sync 1 DAGs
[2024-01-31T00:34:22.286+0100] {logging_mixin.py:188} INFO - [2024-01-31T00:34:22.286+0100] {dag.py:3820} INFO - Setting next_dagrun for example_setup_teardown_taskflow to 2024-01-29T00:00:00+00:00, run_after=2024-01-30T00:00:00+00:00
[2024-01-31T00:34:22.392+0100] {processor.py:183} INFO - Processing /home/ubuntu/.local/lib/python3.10/site-packages/airflow/example_dags/example_setup_teardown_taskflow.py took 0.239 seconds
[2024-01-31T00:35:30.408+0100] {processor.py:161} INFO - Started process (PID=11870) to work on /home/ubuntu/.local/lib/python3.10/site-packages/airflow/example_dags/example_setup_teardown_taskflow.py
[2024-01-31T00:35:30.412+0100] {processor.py:830} INFO - Processing file /home/ubuntu/.local/lib/python3.10/site-packages/airflow/example_dags/example_setup_teardown_taskflow.py for tasks to queue
[2024-01-31T00:35:30.413+0100] {logging_mixin.py:188} INFO - [2024-01-31T00:35:30.412+0100] {dagbag.py:538} INFO - Filling up the DagBag from /home/ubuntu/.local/lib/python3.10/site-packages/airflow/example_dags/example_setup_teardown_taskflow.py
[2024-01-31T00:35:30.428+0100] {processor.py:840} INFO - DAG(s) 'example_setup_teardown_taskflow' retrieved from /home/ubuntu/.local/lib/python3.10/site-packages/airflow/example_dags/example_setup_teardown_taskflow.py
[2024-01-31T00:35:30.449+0100] {logging_mixin.py:188} INFO - [2024-01-31T00:35:30.449+0100] {dag.py:3033} INFO - Sync 1 DAGs
[2024-01-31T00:35:30.472+0100] {logging_mixin.py:188} INFO - [2024-01-31T00:35:30.471+0100] {dag.py:3820} INFO - Setting next_dagrun for example_setup_teardown_taskflow to 2024-01-29T00:00:00+00:00, run_after=2024-01-30T00:00:00+00:00
[2024-01-31T00:35:30.600+0100] {processor.py:183} INFO - Processing /home/ubuntu/.local/lib/python3.10/site-packages/airflow/example_dags/example_setup_teardown_taskflow.py took 0.196 seconds
[2024-01-31T00:36:34.761+0100] {processor.py:161} INFO - Started process (PID=11931) to work on /home/ubuntu/.local/lib/python3.10/site-packages/airflow/example_dags/example_setup_teardown_taskflow.py
[2024-01-31T00:36:34.764+0100] {processor.py:830} INFO - Processing file /home/ubuntu/.local/lib/python3.10/site-packages/airflow/example_dags/example_setup_teardown_taskflow.py for tasks to queue
[2024-01-31T00:36:34.766+0100] {logging_mixin.py:188} INFO - [2024-01-31T00:36:34.765+0100] {dagbag.py:538} INFO - Filling up the DagBag from /home/ubuntu/.local/lib/python3.10/site-packages/airflow/example_dags/example_setup_teardown_taskflow.py
[2024-01-31T00:36:34.779+0100] {processor.py:840} INFO - DAG(s) 'example_setup_teardown_taskflow' retrieved from /home/ubuntu/.local/lib/python3.10/site-packages/airflow/example_dags/example_setup_teardown_taskflow.py
[2024-01-31T00:36:34.806+0100] {logging_mixin.py:188} INFO - [2024-01-31T00:36:34.806+0100] {dag.py:3033} INFO - Sync 1 DAGs
[2024-01-31T00:36:34.829+0100] {logging_mixin.py:188} INFO - [2024-01-31T00:36:34.829+0100] {dag.py:3820} INFO - Setting next_dagrun for example_setup_teardown_taskflow to 2024-01-29T00:00:00+00:00, run_after=2024-01-30T00:00:00+00:00
[2024-01-31T00:36:35.083+0100] {processor.py:183} INFO - Processing /home/ubuntu/.local/lib/python3.10/site-packages/airflow/example_dags/example_setup_teardown_taskflow.py took 0.341 seconds
[2024-01-31T00:37:44.824+0100] {processor.py:161} INFO - Started process (PID=11995) to work on /home/ubuntu/.local/lib/python3.10/site-packages/airflow/example_dags/example_setup_teardown_taskflow.py
[2024-01-31T00:37:44.836+0100] {processor.py:830} INFO - Processing file /home/ubuntu/.local/lib/python3.10/site-packages/airflow/example_dags/example_setup_teardown_taskflow.py for tasks to queue
[2024-01-31T00:37:44.837+0100] {logging_mixin.py:188} INFO - [2024-01-31T00:37:44.837+0100] {dagbag.py:538} INFO - Filling up the DagBag from /home/ubuntu/.local/lib/python3.10/site-packages/airflow/example_dags/example_setup_teardown_taskflow.py
[2024-01-31T00:37:44.849+0100] {processor.py:840} INFO - DAG(s) 'example_setup_teardown_taskflow' retrieved from /home/ubuntu/.local/lib/python3.10/site-packages/airflow/example_dags/example_setup_teardown_taskflow.py
[2024-01-31T00:37:44.871+0100] {logging_mixin.py:188} INFO - [2024-01-31T00:37:44.871+0100] {dag.py:3033} INFO - Sync 1 DAGs
[2024-01-31T00:37:44.891+0100] {logging_mixin.py:188} INFO - [2024-01-31T00:37:44.891+0100] {dag.py:3820} INFO - Setting next_dagrun for example_setup_teardown_taskflow to 2024-01-29T00:00:00+00:00, run_after=2024-01-30T00:00:00+00:00
[2024-01-31T00:37:45.036+0100] {processor.py:183} INFO - Processing /home/ubuntu/.local/lib/python3.10/site-packages/airflow/example_dags/example_setup_teardown_taskflow.py took 0.216 seconds
[2024-01-31T00:38:58.345+0100] {processor.py:161} INFO - Started process (PID=12063) to work on /home/ubuntu/.local/lib/python3.10/site-packages/airflow/example_dags/example_setup_teardown_taskflow.py
[2024-01-31T00:38:58.347+0100] {processor.py:830} INFO - Processing file /home/ubuntu/.local/lib/python3.10/site-packages/airflow/example_dags/example_setup_teardown_taskflow.py for tasks to queue
[2024-01-31T00:38:58.349+0100] {logging_mixin.py:188} INFO - [2024-01-31T00:38:58.348+0100] {dagbag.py:538} INFO - Filling up the DagBag from /home/ubuntu/.local/lib/python3.10/site-packages/airflow/example_dags/example_setup_teardown_taskflow.py
[2024-01-31T00:38:58.364+0100] {processor.py:840} INFO - DAG(s) 'example_setup_teardown_taskflow' retrieved from /home/ubuntu/.local/lib/python3.10/site-packages/airflow/example_dags/example_setup_teardown_taskflow.py
[2024-01-31T00:38:58.391+0100] {logging_mixin.py:188} INFO - [2024-01-31T00:38:58.391+0100] {dag.py:3033} INFO - Sync 1 DAGs
[2024-01-31T00:38:58.416+0100] {logging_mixin.py:188} INFO - [2024-01-31T00:38:58.415+0100] {dag.py:3820} INFO - Setting next_dagrun for example_setup_teardown_taskflow to 2024-01-29T00:00:00+00:00, run_after=2024-01-30T00:00:00+00:00
[2024-01-31T00:38:58.519+0100] {processor.py:183} INFO - Processing /home/ubuntu/.local/lib/python3.10/site-packages/airflow/example_dags/example_setup_teardown_taskflow.py took 0.182 seconds
[2024-01-31T00:40:05.148+0100] {processor.py:161} INFO - Started process (PID=12125) to work on /home/ubuntu/.local/lib/python3.10/site-packages/airflow/example_dags/example_setup_teardown_taskflow.py
[2024-01-31T00:40:05.176+0100] {processor.py:830} INFO - Processing file /home/ubuntu/.local/lib/python3.10/site-packages/airflow/example_dags/example_setup_teardown_taskflow.py for tasks to queue
[2024-01-31T00:40:05.178+0100] {logging_mixin.py:188} INFO - [2024-01-31T00:40:05.177+0100] {dagbag.py:538} INFO - Filling up the DagBag from /home/ubuntu/.local/lib/python3.10/site-packages/airflow/example_dags/example_setup_teardown_taskflow.py
[2024-01-31T00:40:05.222+0100] {processor.py:840} INFO - DAG(s) 'example_setup_teardown_taskflow' retrieved from /home/ubuntu/.local/lib/python3.10/site-packages/airflow/example_dags/example_setup_teardown_taskflow.py
[2024-01-31T00:40:05.286+0100] {logging_mixin.py:188} INFO - [2024-01-31T00:40:05.275+0100] {dag.py:3033} INFO - Sync 1 DAGs
[2024-01-31T00:40:05.360+0100] {logging_mixin.py:188} INFO - [2024-01-31T00:40:05.360+0100] {dag.py:3820} INFO - Setting next_dagrun for example_setup_teardown_taskflow to 2024-01-29T00:00:00+00:00, run_after=2024-01-30T00:00:00+00:00
[2024-01-31T00:40:05.531+0100] {processor.py:183} INFO - Processing /home/ubuntu/.local/lib/python3.10/site-packages/airflow/example_dags/example_setup_teardown_taskflow.py took 0.402 seconds
[2024-01-31T00:41:15.790+0100] {processor.py:161} INFO - Started process (PID=12187) to work on /home/ubuntu/.local/lib/python3.10/site-packages/airflow/example_dags/example_setup_teardown_taskflow.py
[2024-01-31T00:41:15.798+0100] {processor.py:830} INFO - Processing file /home/ubuntu/.local/lib/python3.10/site-packages/airflow/example_dags/example_setup_teardown_taskflow.py for tasks to queue
[2024-01-31T00:41:15.799+0100] {logging_mixin.py:188} INFO - [2024-01-31T00:41:15.799+0100] {dagbag.py:538} INFO - Filling up the DagBag from /home/ubuntu/.local/lib/python3.10/site-packages/airflow/example_dags/example_setup_teardown_taskflow.py
[2024-01-31T00:41:15.814+0100] {processor.py:840} INFO - DAG(s) 'example_setup_teardown_taskflow' retrieved from /home/ubuntu/.local/lib/python3.10/site-packages/airflow/example_dags/example_setup_teardown_taskflow.py
[2024-01-31T00:41:15.841+0100] {logging_mixin.py:188} INFO - [2024-01-31T00:41:15.840+0100] {dag.py:3033} INFO - Sync 1 DAGs
[2024-01-31T00:41:15.863+0100] {logging_mixin.py:188} INFO - [2024-01-31T00:41:15.863+0100] {dag.py:3820} INFO - Setting next_dagrun for example_setup_teardown_taskflow to 2024-01-29T00:00:00+00:00, run_after=2024-01-30T00:00:00+00:00
[2024-01-31T00:41:15.955+0100] {processor.py:183} INFO - Processing /home/ubuntu/.local/lib/python3.10/site-packages/airflow/example_dags/example_setup_teardown_taskflow.py took 0.171 seconds
[2024-01-31T00:42:25.998+0100] {processor.py:161} INFO - Started process (PID=12248) to work on /home/ubuntu/.local/lib/python3.10/site-packages/airflow/example_dags/example_setup_teardown_taskflow.py
[2024-01-31T00:42:26.019+0100] {processor.py:830} INFO - Processing file /home/ubuntu/.local/lib/python3.10/site-packages/airflow/example_dags/example_setup_teardown_taskflow.py for tasks to queue
[2024-01-31T00:42:26.025+0100] {logging_mixin.py:188} INFO - [2024-01-31T00:42:26.024+0100] {dagbag.py:538} INFO - Filling up the DagBag from /home/ubuntu/.local/lib/python3.10/site-packages/airflow/example_dags/example_setup_teardown_taskflow.py
[2024-01-31T00:42:26.054+0100] {processor.py:840} INFO - DAG(s) 'example_setup_teardown_taskflow' retrieved from /home/ubuntu/.local/lib/python3.10/site-packages/airflow/example_dags/example_setup_teardown_taskflow.py
[2024-01-31T00:42:26.103+0100] {logging_mixin.py:188} INFO - [2024-01-31T00:42:26.103+0100] {dag.py:3033} INFO - Sync 1 DAGs
[2024-01-31T00:42:26.135+0100] {logging_mixin.py:188} INFO - [2024-01-31T00:42:26.135+0100] {dag.py:3820} INFO - Setting next_dagrun for example_setup_teardown_taskflow to 2024-01-29T00:00:00+00:00, run_after=2024-01-30T00:00:00+00:00
[2024-01-31T00:42:26.224+0100] {processor.py:183} INFO - Processing /home/ubuntu/.local/lib/python3.10/site-packages/airflow/example_dags/example_setup_teardown_taskflow.py took 0.241 seconds
[2024-01-31T00:43:31.779+0100] {processor.py:161} INFO - Started process (PID=12310) to work on /home/ubuntu/.local/lib/python3.10/site-packages/airflow/example_dags/example_setup_teardown_taskflow.py
[2024-01-31T00:43:31.782+0100] {processor.py:830} INFO - Processing file /home/ubuntu/.local/lib/python3.10/site-packages/airflow/example_dags/example_setup_teardown_taskflow.py for tasks to queue
[2024-01-31T00:43:31.784+0100] {logging_mixin.py:188} INFO - [2024-01-31T00:43:31.784+0100] {dagbag.py:538} INFO - Filling up the DagBag from /home/ubuntu/.local/lib/python3.10/site-packages/airflow/example_dags/example_setup_teardown_taskflow.py
[2024-01-31T00:43:31.796+0100] {processor.py:840} INFO - DAG(s) 'example_setup_teardown_taskflow' retrieved from /home/ubuntu/.local/lib/python3.10/site-packages/airflow/example_dags/example_setup_teardown_taskflow.py
[2024-01-31T00:43:31.818+0100] {logging_mixin.py:188} INFO - [2024-01-31T00:43:31.818+0100] {dag.py:3033} INFO - Sync 1 DAGs
[2024-01-31T00:43:31.861+0100] {logging_mixin.py:188} INFO - [2024-01-31T00:43:31.861+0100] {dag.py:3820} INFO - Setting next_dagrun for example_setup_teardown_taskflow to 2024-01-29T00:00:00+00:00, run_after=2024-01-30T00:00:00+00:00
[2024-01-31T00:43:32.038+0100] {processor.py:183} INFO - Processing /home/ubuntu/.local/lib/python3.10/site-packages/airflow/example_dags/example_setup_teardown_taskflow.py took 0.262 seconds
[2024-01-31T00:44:40.772+0100] {processor.py:161} INFO - Started process (PID=12370) to work on /home/ubuntu/.local/lib/python3.10/site-packages/airflow/example_dags/example_setup_teardown_taskflow.py
[2024-01-31T00:44:40.784+0100] {processor.py:830} INFO - Processing file /home/ubuntu/.local/lib/python3.10/site-packages/airflow/example_dags/example_setup_teardown_taskflow.py for tasks to queue
[2024-01-31T00:44:40.794+0100] {logging_mixin.py:188} INFO - [2024-01-31T00:44:40.793+0100] {dagbag.py:538} INFO - Filling up the DagBag from /home/ubuntu/.local/lib/python3.10/site-packages/airflow/example_dags/example_setup_teardown_taskflow.py
[2024-01-31T00:44:40.807+0100] {processor.py:840} INFO - DAG(s) 'example_setup_teardown_taskflow' retrieved from /home/ubuntu/.local/lib/python3.10/site-packages/airflow/example_dags/example_setup_teardown_taskflow.py
[2024-01-31T00:44:40.847+0100] {logging_mixin.py:188} INFO - [2024-01-31T00:44:40.847+0100] {dag.py:3033} INFO - Sync 1 DAGs
[2024-01-31T00:44:40.874+0100] {logging_mixin.py:188} INFO - [2024-01-31T00:44:40.874+0100] {dag.py:3820} INFO - Setting next_dagrun for example_setup_teardown_taskflow to 2024-01-29T00:00:00+00:00, run_after=2024-01-30T00:00:00+00:00
[2024-01-31T00:44:41.111+0100] {processor.py:183} INFO - Processing /home/ubuntu/.local/lib/python3.10/site-packages/airflow/example_dags/example_setup_teardown_taskflow.py took 0.343 seconds
[2024-01-31T00:45:47.629+0100] {processor.py:161} INFO - Started process (PID=12431) to work on /home/ubuntu/.local/lib/python3.10/site-packages/airflow/example_dags/example_setup_teardown_taskflow.py
[2024-01-31T00:45:47.632+0100] {processor.py:830} INFO - Processing file /home/ubuntu/.local/lib/python3.10/site-packages/airflow/example_dags/example_setup_teardown_taskflow.py for tasks to queue
[2024-01-31T00:45:47.635+0100] {logging_mixin.py:188} INFO - [2024-01-31T00:45:47.634+0100] {dagbag.py:538} INFO - Filling up the DagBag from /home/ubuntu/.local/lib/python3.10/site-packages/airflow/example_dags/example_setup_teardown_taskflow.py
[2024-01-31T00:45:47.653+0100] {processor.py:840} INFO - DAG(s) 'example_setup_teardown_taskflow' retrieved from /home/ubuntu/.local/lib/python3.10/site-packages/airflow/example_dags/example_setup_teardown_taskflow.py
[2024-01-31T00:45:47.678+0100] {logging_mixin.py:188} INFO - [2024-01-31T00:45:47.678+0100] {dag.py:3033} INFO - Sync 1 DAGs
[2024-01-31T00:45:47.727+0100] {logging_mixin.py:188} INFO - [2024-01-31T00:45:47.727+0100] {dag.py:3820} INFO - Setting next_dagrun for example_setup_teardown_taskflow to 2024-01-29T00:00:00+00:00, run_after=2024-01-30T00:00:00+00:00
[2024-01-31T00:45:47.857+0100] {processor.py:183} INFO - Processing /home/ubuntu/.local/lib/python3.10/site-packages/airflow/example_dags/example_setup_teardown_taskflow.py took 0.234 seconds
