[2024-01-30T23:18:02.640+0100] {processor.py:161} INFO - Started process (PID=7087) to work on /home/ubuntu/.local/lib/python3.10/site-packages/airflow/example_dags/example_latest_only_with_trigger.py
[2024-01-30T23:18:02.657+0100] {processor.py:830} INFO - Processing file /home/ubuntu/.local/lib/python3.10/site-packages/airflow/example_dags/example_latest_only_with_trigger.py for tasks to queue
[2024-01-30T23:18:02.669+0100] {logging_mixin.py:188} INFO - [2024-01-30T23:18:02.661+0100] {dagbag.py:538} INFO - Filling up the DagBag from /home/ubuntu/.local/lib/python3.10/site-packages/airflow/example_dags/example_latest_only_with_trigger.py
[2024-01-30T23:18:02.777+0100] {processor.py:840} INFO - DAG(s) 'latest_only_with_trigger' retrieved from /home/ubuntu/.local/lib/python3.10/site-packages/airflow/example_dags/example_latest_only_with_trigger.py
[2024-01-30T23:18:05.171+0100] {logging_mixin.py:188} INFO - [2024-01-30T23:18:05.170+0100] {dag.py:3033} INFO - Sync 1 DAGs
[2024-01-30T23:18:05.976+0100] {logging_mixin.py:188} INFO - [2024-01-30T23:18:05.975+0100] {dag.py:3820} INFO - Setting next_dagrun for latest_only_with_trigger to 2024-01-30T16:00:00+00:00, run_after=2024-01-30T20:00:00+00:00
[2024-01-30T23:18:06.729+0100] {processor.py:183} INFO - Processing /home/ubuntu/.local/lib/python3.10/site-packages/airflow/example_dags/example_latest_only_with_trigger.py took 4.284 seconds
[2024-01-30T23:20:13.717+0100] {processor.py:161} INFO - Started process (PID=7642) to work on /home/ubuntu/.local/lib/python3.10/site-packages/airflow/example_dags/example_latest_only_with_trigger.py
[2024-01-30T23:20:13.741+0100] {processor.py:830} INFO - Processing file /home/ubuntu/.local/lib/python3.10/site-packages/airflow/example_dags/example_latest_only_with_trigger.py for tasks to queue
[2024-01-30T23:20:13.742+0100] {logging_mixin.py:188} INFO - [2024-01-30T23:20:13.742+0100] {dagbag.py:538} INFO - Filling up the DagBag from /home/ubuntu/.local/lib/python3.10/site-packages/airflow/example_dags/example_latest_only_with_trigger.py
[2024-01-30T23:20:13.814+0100] {processor.py:840} INFO - DAG(s) 'latest_only_with_trigger' retrieved from /home/ubuntu/.local/lib/python3.10/site-packages/airflow/example_dags/example_latest_only_with_trigger.py
[2024-01-30T23:20:13.854+0100] {logging_mixin.py:188} INFO - [2024-01-30T23:20:13.854+0100] {dag.py:3033} INFO - Sync 1 DAGs
[2024-01-30T23:20:13.916+0100] {logging_mixin.py:188} INFO - [2024-01-30T23:20:13.916+0100] {dag.py:3820} INFO - Setting next_dagrun for latest_only_with_trigger to 2024-01-30T16:00:00+00:00, run_after=2024-01-30T20:00:00+00:00
[2024-01-30T23:20:14.072+0100] {processor.py:183} INFO - Processing /home/ubuntu/.local/lib/python3.10/site-packages/airflow/example_dags/example_latest_only_with_trigger.py took 0.362 seconds
[2024-01-30T23:23:07.531+0100] {processor.py:161} INFO - Started process (PID=7847) to work on /home/ubuntu/.local/lib/python3.10/site-packages/airflow/example_dags/example_latest_only_with_trigger.py
[2024-01-30T23:23:07.579+0100] {processor.py:830} INFO - Processing file /home/ubuntu/.local/lib/python3.10/site-packages/airflow/example_dags/example_latest_only_with_trigger.py for tasks to queue
[2024-01-30T23:23:07.589+0100] {logging_mixin.py:188} INFO - [2024-01-30T23:23:07.589+0100] {dagbag.py:538} INFO - Filling up the DagBag from /home/ubuntu/.local/lib/python3.10/site-packages/airflow/example_dags/example_latest_only_with_trigger.py
[2024-01-30T23:23:07.633+0100] {processor.py:840} INFO - DAG(s) 'latest_only_with_trigger' retrieved from /home/ubuntu/.local/lib/python3.10/site-packages/airflow/example_dags/example_latest_only_with_trigger.py
[2024-01-30T23:23:07.675+0100] {logging_mixin.py:188} INFO - [2024-01-30T23:23:07.675+0100] {dag.py:3033} INFO - Sync 1 DAGs
[2024-01-30T23:23:07.734+0100] {logging_mixin.py:188} INFO - [2024-01-30T23:23:07.734+0100] {dag.py:3820} INFO - Setting next_dagrun for latest_only_with_trigger to 2024-01-30T16:00:00+00:00, run_after=2024-01-30T20:00:00+00:00
[2024-01-30T23:23:08.374+0100] {processor.py:183} INFO - Processing /home/ubuntu/.local/lib/python3.10/site-packages/airflow/example_dags/example_latest_only_with_trigger.py took 0.878 seconds
[2024-01-30T23:25:44.045+0100] {processor.py:161} INFO - Started process (PID=7971) to work on /home/ubuntu/.local/lib/python3.10/site-packages/airflow/example_dags/example_latest_only_with_trigger.py
[2024-01-30T23:25:44.050+0100] {processor.py:830} INFO - Processing file /home/ubuntu/.local/lib/python3.10/site-packages/airflow/example_dags/example_latest_only_with_trigger.py for tasks to queue
[2024-01-30T23:25:44.052+0100] {logging_mixin.py:188} INFO - [2024-01-30T23:25:44.051+0100] {dagbag.py:538} INFO - Filling up the DagBag from /home/ubuntu/.local/lib/python3.10/site-packages/airflow/example_dags/example_latest_only_with_trigger.py
[2024-01-30T23:25:44.061+0100] {processor.py:840} INFO - DAG(s) 'latest_only_with_trigger' retrieved from /home/ubuntu/.local/lib/python3.10/site-packages/airflow/example_dags/example_latest_only_with_trigger.py
[2024-01-30T23:25:44.082+0100] {logging_mixin.py:188} INFO - [2024-01-30T23:25:44.081+0100] {dag.py:3033} INFO - Sync 1 DAGs
[2024-01-30T23:25:44.103+0100] {logging_mixin.py:188} INFO - [2024-01-30T23:25:44.103+0100] {dag.py:3820} INFO - Setting next_dagrun for latest_only_with_trigger to 2024-01-30T16:00:00+00:00, run_after=2024-01-30T20:00:00+00:00
[2024-01-30T23:25:44.188+0100] {processor.py:183} INFO - Processing /home/ubuntu/.local/lib/python3.10/site-packages/airflow/example_dags/example_latest_only_with_trigger.py took 0.147 seconds
[2024-01-30T23:27:07.456+0100] {processor.py:161} INFO - Started process (PID=8042) to work on /home/ubuntu/.local/lib/python3.10/site-packages/airflow/example_dags/example_latest_only_with_trigger.py
[2024-01-30T23:27:07.523+0100] {processor.py:830} INFO - Processing file /home/ubuntu/.local/lib/python3.10/site-packages/airflow/example_dags/example_latest_only_with_trigger.py for tasks to queue
[2024-01-30T23:27:07.533+0100] {logging_mixin.py:188} INFO - [2024-01-30T23:27:07.532+0100] {dagbag.py:538} INFO - Filling up the DagBag from /home/ubuntu/.local/lib/python3.10/site-packages/airflow/example_dags/example_latest_only_with_trigger.py
[2024-01-30T23:27:07.575+0100] {processor.py:840} INFO - DAG(s) 'latest_only_with_trigger' retrieved from /home/ubuntu/.local/lib/python3.10/site-packages/airflow/example_dags/example_latest_only_with_trigger.py
[2024-01-30T23:27:07.691+0100] {logging_mixin.py:188} INFO - [2024-01-30T23:27:07.687+0100] {dag.py:3033} INFO - Sync 1 DAGs
[2024-01-30T23:27:07.749+0100] {logging_mixin.py:188} INFO - [2024-01-30T23:27:07.749+0100] {dag.py:3820} INFO - Setting next_dagrun for latest_only_with_trigger to 2024-01-30T16:00:00+00:00, run_after=2024-01-30T20:00:00+00:00
[2024-01-30T23:27:08.002+0100] {processor.py:183} INFO - Processing /home/ubuntu/.local/lib/python3.10/site-packages/airflow/example_dags/example_latest_only_with_trigger.py took 0.570 seconds
[2024-01-30T23:28:39.758+0100] {processor.py:161} INFO - Started process (PID=8132) to work on /home/ubuntu/.local/lib/python3.10/site-packages/airflow/example_dags/example_latest_only_with_trigger.py
[2024-01-30T23:28:39.772+0100] {processor.py:830} INFO - Processing file /home/ubuntu/.local/lib/python3.10/site-packages/airflow/example_dags/example_latest_only_with_trigger.py for tasks to queue
[2024-01-30T23:28:39.775+0100] {logging_mixin.py:188} INFO - [2024-01-30T23:28:39.774+0100] {dagbag.py:538} INFO - Filling up the DagBag from /home/ubuntu/.local/lib/python3.10/site-packages/airflow/example_dags/example_latest_only_with_trigger.py
[2024-01-30T23:28:39.802+0100] {processor.py:840} INFO - DAG(s) 'latest_only_with_trigger' retrieved from /home/ubuntu/.local/lib/python3.10/site-packages/airflow/example_dags/example_latest_only_with_trigger.py
[2024-01-30T23:28:39.875+0100] {logging_mixin.py:188} INFO - [2024-01-30T23:28:39.874+0100] {dag.py:3033} INFO - Sync 1 DAGs
[2024-01-30T23:28:39.969+0100] {logging_mixin.py:188} INFO - [2024-01-30T23:28:39.969+0100] {dag.py:3820} INFO - Setting next_dagrun for latest_only_with_trigger to 2024-01-30T16:00:00+00:00, run_after=2024-01-30T20:00:00+00:00
[2024-01-30T23:28:40.311+0100] {processor.py:183} INFO - Processing /home/ubuntu/.local/lib/python3.10/site-packages/airflow/example_dags/example_latest_only_with_trigger.py took 0.575 seconds
[2024-01-30T23:30:00.543+0100] {processor.py:161} INFO - Started process (PID=8211) to work on /home/ubuntu/.local/lib/python3.10/site-packages/airflow/example_dags/example_latest_only_with_trigger.py
[2024-01-30T23:30:00.554+0100] {processor.py:830} INFO - Processing file /home/ubuntu/.local/lib/python3.10/site-packages/airflow/example_dags/example_latest_only_with_trigger.py for tasks to queue
[2024-01-30T23:30:00.556+0100] {logging_mixin.py:188} INFO - [2024-01-30T23:30:00.555+0100] {dagbag.py:538} INFO - Filling up the DagBag from /home/ubuntu/.local/lib/python3.10/site-packages/airflow/example_dags/example_latest_only_with_trigger.py
[2024-01-30T23:30:00.596+0100] {processor.py:840} INFO - DAG(s) 'latest_only_with_trigger' retrieved from /home/ubuntu/.local/lib/python3.10/site-packages/airflow/example_dags/example_latest_only_with_trigger.py
[2024-01-30T23:30:00.620+0100] {logging_mixin.py:188} INFO - [2024-01-30T23:30:00.619+0100] {dag.py:3033} INFO - Sync 1 DAGs
[2024-01-30T23:30:00.655+0100] {logging_mixin.py:188} INFO - [2024-01-30T23:30:00.655+0100] {dag.py:3820} INFO - Setting next_dagrun for latest_only_with_trigger to 2024-01-30T16:00:00+00:00, run_after=2024-01-30T20:00:00+00:00
[2024-01-30T23:30:00.763+0100] {processor.py:183} INFO - Processing /home/ubuntu/.local/lib/python3.10/site-packages/airflow/example_dags/example_latest_only_with_trigger.py took 0.225 seconds
[2024-01-30T23:31:11.688+0100] {processor.py:161} INFO - Started process (PID=8277) to work on /home/ubuntu/.local/lib/python3.10/site-packages/airflow/example_dags/example_latest_only_with_trigger.py
[2024-01-30T23:31:11.692+0100] {processor.py:830} INFO - Processing file /home/ubuntu/.local/lib/python3.10/site-packages/airflow/example_dags/example_latest_only_with_trigger.py for tasks to queue
[2024-01-30T23:31:11.693+0100] {logging_mixin.py:188} INFO - [2024-01-30T23:31:11.693+0100] {dagbag.py:538} INFO - Filling up the DagBag from /home/ubuntu/.local/lib/python3.10/site-packages/airflow/example_dags/example_latest_only_with_trigger.py
[2024-01-30T23:31:11.709+0100] {processor.py:840} INFO - DAG(s) 'latest_only_with_trigger' retrieved from /home/ubuntu/.local/lib/python3.10/site-packages/airflow/example_dags/example_latest_only_with_trigger.py
[2024-01-30T23:31:11.729+0100] {logging_mixin.py:188} INFO - [2024-01-30T23:31:11.728+0100] {dag.py:3033} INFO - Sync 1 DAGs
[2024-01-30T23:31:11.752+0100] {logging_mixin.py:188} INFO - [2024-01-30T23:31:11.751+0100] {dag.py:3820} INFO - Setting next_dagrun for latest_only_with_trigger to 2024-01-30T16:00:00+00:00, run_after=2024-01-30T20:00:00+00:00
[2024-01-30T23:31:11.975+0100] {processor.py:183} INFO - Processing /home/ubuntu/.local/lib/python3.10/site-packages/airflow/example_dags/example_latest_only_with_trigger.py took 0.290 seconds
[2024-01-30T23:32:38.077+0100] {processor.py:161} INFO - Started process (PID=8353) to work on /home/ubuntu/.local/lib/python3.10/site-packages/airflow/example_dags/example_latest_only_with_trigger.py
[2024-01-30T23:32:38.088+0100] {processor.py:830} INFO - Processing file /home/ubuntu/.local/lib/python3.10/site-packages/airflow/example_dags/example_latest_only_with_trigger.py for tasks to queue
[2024-01-30T23:32:38.099+0100] {logging_mixin.py:188} INFO - [2024-01-30T23:32:38.098+0100] {dagbag.py:538} INFO - Filling up the DagBag from /home/ubuntu/.local/lib/python3.10/site-packages/airflow/example_dags/example_latest_only_with_trigger.py
[2024-01-30T23:32:38.126+0100] {processor.py:840} INFO - DAG(s) 'latest_only_with_trigger' retrieved from /home/ubuntu/.local/lib/python3.10/site-packages/airflow/example_dags/example_latest_only_with_trigger.py
[2024-01-30T23:32:38.230+0100] {logging_mixin.py:188} INFO - [2024-01-30T23:32:38.229+0100] {dag.py:3033} INFO - Sync 1 DAGs
[2024-01-30T23:32:38.317+0100] {logging_mixin.py:188} INFO - [2024-01-30T23:32:38.317+0100] {dag.py:3820} INFO - Setting next_dagrun for latest_only_with_trigger to 2024-01-30T16:00:00+00:00, run_after=2024-01-30T20:00:00+00:00
[2024-01-30T23:32:38.785+0100] {processor.py:183} INFO - Processing /home/ubuntu/.local/lib/python3.10/site-packages/airflow/example_dags/example_latest_only_with_trigger.py took 0.734 seconds
[2024-01-30T23:34:01.776+0100] {processor.py:161} INFO - Started process (PID=8424) to work on /home/ubuntu/.local/lib/python3.10/site-packages/airflow/example_dags/example_latest_only_with_trigger.py
[2024-01-30T23:34:01.786+0100] {processor.py:830} INFO - Processing file /home/ubuntu/.local/lib/python3.10/site-packages/airflow/example_dags/example_latest_only_with_trigger.py for tasks to queue
[2024-01-30T23:34:01.788+0100] {logging_mixin.py:188} INFO - [2024-01-30T23:34:01.787+0100] {dagbag.py:538} INFO - Filling up the DagBag from /home/ubuntu/.local/lib/python3.10/site-packages/airflow/example_dags/example_latest_only_with_trigger.py
[2024-01-30T23:34:01.796+0100] {processor.py:840} INFO - DAG(s) 'latest_only_with_trigger' retrieved from /home/ubuntu/.local/lib/python3.10/site-packages/airflow/example_dags/example_latest_only_with_trigger.py
[2024-01-30T23:34:01.817+0100] {logging_mixin.py:188} INFO - [2024-01-30T23:34:01.817+0100] {dag.py:3033} INFO - Sync 1 DAGs
[2024-01-30T23:34:01.839+0100] {logging_mixin.py:188} INFO - [2024-01-30T23:34:01.838+0100] {dag.py:3820} INFO - Setting next_dagrun for latest_only_with_trigger to 2024-01-30T16:00:00+00:00, run_after=2024-01-30T20:00:00+00:00
[2024-01-30T23:34:02.053+0100] {processor.py:183} INFO - Processing /home/ubuntu/.local/lib/python3.10/site-packages/airflow/example_dags/example_latest_only_with_trigger.py took 0.282 seconds
[2024-01-30T23:35:26.519+0100] {processor.py:161} INFO - Started process (PID=8493) to work on /home/ubuntu/.local/lib/python3.10/site-packages/airflow/example_dags/example_latest_only_with_trigger.py
[2024-01-30T23:35:26.545+0100] {processor.py:830} INFO - Processing file /home/ubuntu/.local/lib/python3.10/site-packages/airflow/example_dags/example_latest_only_with_trigger.py for tasks to queue
[2024-01-30T23:35:26.546+0100] {logging_mixin.py:188} INFO - [2024-01-30T23:35:26.546+0100] {dagbag.py:538} INFO - Filling up the DagBag from /home/ubuntu/.local/lib/python3.10/site-packages/airflow/example_dags/example_latest_only_with_trigger.py
[2024-01-30T23:35:26.561+0100] {processor.py:840} INFO - DAG(s) 'latest_only_with_trigger' retrieved from /home/ubuntu/.local/lib/python3.10/site-packages/airflow/example_dags/example_latest_only_with_trigger.py
[2024-01-30T23:35:26.603+0100] {logging_mixin.py:188} INFO - [2024-01-30T23:35:26.602+0100] {dag.py:3033} INFO - Sync 1 DAGs
[2024-01-30T23:35:26.652+0100] {logging_mixin.py:188} INFO - [2024-01-30T23:35:26.652+0100] {dag.py:3820} INFO - Setting next_dagrun for latest_only_with_trigger to 2024-01-30T16:00:00+00:00, run_after=2024-01-30T20:00:00+00:00
[2024-01-30T23:35:26.885+0100] {processor.py:183} INFO - Processing /home/ubuntu/.local/lib/python3.10/site-packages/airflow/example_dags/example_latest_only_with_trigger.py took 0.372 seconds
[2024-01-30T23:37:08.929+0100] {processor.py:161} INFO - Started process (PID=8578) to work on /home/ubuntu/.local/lib/python3.10/site-packages/airflow/example_dags/example_latest_only_with_trigger.py
[2024-01-30T23:37:08.932+0100] {processor.py:830} INFO - Processing file /home/ubuntu/.local/lib/python3.10/site-packages/airflow/example_dags/example_latest_only_with_trigger.py for tasks to queue
[2024-01-30T23:37:08.934+0100] {logging_mixin.py:188} INFO - [2024-01-30T23:37:08.934+0100] {dagbag.py:538} INFO - Filling up the DagBag from /home/ubuntu/.local/lib/python3.10/site-packages/airflow/example_dags/example_latest_only_with_trigger.py
[2024-01-30T23:37:08.974+0100] {processor.py:840} INFO - DAG(s) 'latest_only_with_trigger' retrieved from /home/ubuntu/.local/lib/python3.10/site-packages/airflow/example_dags/example_latest_only_with_trigger.py
[2024-01-30T23:37:09.040+0100] {logging_mixin.py:188} INFO - [2024-01-30T23:37:09.040+0100] {dag.py:3033} INFO - Sync 1 DAGs
[2024-01-30T23:37:09.072+0100] {logging_mixin.py:188} INFO - [2024-01-30T23:37:09.072+0100] {dag.py:3820} INFO - Setting next_dagrun for latest_only_with_trigger to 2024-01-30T16:00:00+00:00, run_after=2024-01-30T20:00:00+00:00
[2024-01-30T23:37:09.200+0100] {processor.py:183} INFO - Processing /home/ubuntu/.local/lib/python3.10/site-packages/airflow/example_dags/example_latest_only_with_trigger.py took 0.280 seconds
[2024-01-30T23:38:35.666+0100] {processor.py:161} INFO - Started process (PID=8653) to work on /home/ubuntu/.local/lib/python3.10/site-packages/airflow/example_dags/example_latest_only_with_trigger.py
[2024-01-30T23:38:35.686+0100] {processor.py:830} INFO - Processing file /home/ubuntu/.local/lib/python3.10/site-packages/airflow/example_dags/example_latest_only_with_trigger.py for tasks to queue
[2024-01-30T23:38:35.690+0100] {logging_mixin.py:188} INFO - [2024-01-30T23:38:35.689+0100] {dagbag.py:538} INFO - Filling up the DagBag from /home/ubuntu/.local/lib/python3.10/site-packages/airflow/example_dags/example_latest_only_with_trigger.py
[2024-01-30T23:38:35.715+0100] {processor.py:840} INFO - DAG(s) 'latest_only_with_trigger' retrieved from /home/ubuntu/.local/lib/python3.10/site-packages/airflow/example_dags/example_latest_only_with_trigger.py
[2024-01-30T23:38:35.787+0100] {logging_mixin.py:188} INFO - [2024-01-30T23:38:35.786+0100] {dag.py:3033} INFO - Sync 1 DAGs
[2024-01-30T23:38:35.812+0100] {logging_mixin.py:188} INFO - [2024-01-30T23:38:35.811+0100] {dag.py:3820} INFO - Setting next_dagrun for latest_only_with_trigger to 2024-01-30T16:00:00+00:00, run_after=2024-01-30T20:00:00+00:00
[2024-01-30T23:38:35.858+0100] {processor.py:183} INFO - Processing /home/ubuntu/.local/lib/python3.10/site-packages/airflow/example_dags/example_latest_only_with_trigger.py took 0.198 seconds
[2024-01-30T23:39:53.143+0100] {processor.py:161} INFO - Started process (PID=8717) to work on /home/ubuntu/.local/lib/python3.10/site-packages/airflow/example_dags/example_latest_only_with_trigger.py
[2024-01-30T23:39:53.171+0100] {processor.py:830} INFO - Processing file /home/ubuntu/.local/lib/python3.10/site-packages/airflow/example_dags/example_latest_only_with_trigger.py for tasks to queue
[2024-01-30T23:39:53.178+0100] {logging_mixin.py:188} INFO - [2024-01-30T23:39:53.177+0100] {dagbag.py:538} INFO - Filling up the DagBag from /home/ubuntu/.local/lib/python3.10/site-packages/airflow/example_dags/example_latest_only_with_trigger.py
[2024-01-30T23:39:53.280+0100] {processor.py:840} INFO - DAG(s) 'latest_only_with_trigger' retrieved from /home/ubuntu/.local/lib/python3.10/site-packages/airflow/example_dags/example_latest_only_with_trigger.py
[2024-01-30T23:39:53.370+0100] {logging_mixin.py:188} INFO - [2024-01-30T23:39:53.369+0100] {dag.py:3033} INFO - Sync 1 DAGs
[2024-01-30T23:39:53.418+0100] {logging_mixin.py:188} INFO - [2024-01-30T23:39:53.418+0100] {dag.py:3820} INFO - Setting next_dagrun for latest_only_with_trigger to 2024-01-30T16:00:00+00:00, run_after=2024-01-30T20:00:00+00:00
[2024-01-30T23:39:53.626+0100] {processor.py:183} INFO - Processing /home/ubuntu/.local/lib/python3.10/site-packages/airflow/example_dags/example_latest_only_with_trigger.py took 0.492 seconds
[2024-01-30T23:41:04.701+0100] {processor.py:161} INFO - Started process (PID=8782) to work on /home/ubuntu/.local/lib/python3.10/site-packages/airflow/example_dags/example_latest_only_with_trigger.py
[2024-01-30T23:41:04.705+0100] {processor.py:830} INFO - Processing file /home/ubuntu/.local/lib/python3.10/site-packages/airflow/example_dags/example_latest_only_with_trigger.py for tasks to queue
[2024-01-30T23:41:04.706+0100] {logging_mixin.py:188} INFO - [2024-01-30T23:41:04.706+0100] {dagbag.py:538} INFO - Filling up the DagBag from /home/ubuntu/.local/lib/python3.10/site-packages/airflow/example_dags/example_latest_only_with_trigger.py
[2024-01-30T23:41:04.718+0100] {processor.py:840} INFO - DAG(s) 'latest_only_with_trigger' retrieved from /home/ubuntu/.local/lib/python3.10/site-packages/airflow/example_dags/example_latest_only_with_trigger.py
[2024-01-30T23:41:04.740+0100] {logging_mixin.py:188} INFO - [2024-01-30T23:41:04.740+0100] {dag.py:3033} INFO - Sync 1 DAGs
[2024-01-30T23:41:04.765+0100] {logging_mixin.py:188} INFO - [2024-01-30T23:41:04.765+0100] {dag.py:3820} INFO - Setting next_dagrun for latest_only_with_trigger to 2024-01-30T16:00:00+00:00, run_after=2024-01-30T20:00:00+00:00
[2024-01-30T23:41:04.845+0100] {processor.py:183} INFO - Processing /home/ubuntu/.local/lib/python3.10/site-packages/airflow/example_dags/example_latest_only_with_trigger.py took 0.148 seconds
[2024-01-30T23:42:15.613+0100] {processor.py:161} INFO - Started process (PID=8843) to work on /home/ubuntu/.local/lib/python3.10/site-packages/airflow/example_dags/example_latest_only_with_trigger.py
[2024-01-30T23:42:15.624+0100] {processor.py:830} INFO - Processing file /home/ubuntu/.local/lib/python3.10/site-packages/airflow/example_dags/example_latest_only_with_trigger.py for tasks to queue
[2024-01-30T23:42:15.625+0100] {logging_mixin.py:188} INFO - [2024-01-30T23:42:15.625+0100] {dagbag.py:538} INFO - Filling up the DagBag from /home/ubuntu/.local/lib/python3.10/site-packages/airflow/example_dags/example_latest_only_with_trigger.py
[2024-01-30T23:42:15.636+0100] {processor.py:840} INFO - DAG(s) 'latest_only_with_trigger' retrieved from /home/ubuntu/.local/lib/python3.10/site-packages/airflow/example_dags/example_latest_only_with_trigger.py
[2024-01-30T23:42:15.668+0100] {logging_mixin.py:188} INFO - [2024-01-30T23:42:15.667+0100] {dag.py:3033} INFO - Sync 1 DAGs
[2024-01-30T23:42:15.693+0100] {logging_mixin.py:188} INFO - [2024-01-30T23:42:15.693+0100] {dag.py:3820} INFO - Setting next_dagrun for latest_only_with_trigger to 2024-01-30T16:00:00+00:00, run_after=2024-01-30T20:00:00+00:00
[2024-01-30T23:42:15.761+0100] {processor.py:183} INFO - Processing /home/ubuntu/.local/lib/python3.10/site-packages/airflow/example_dags/example_latest_only_with_trigger.py took 0.155 seconds
[2024-01-30T23:43:24.738+0100] {processor.py:161} INFO - Started process (PID=8910) to work on /home/ubuntu/.local/lib/python3.10/site-packages/airflow/example_dags/example_latest_only_with_trigger.py
[2024-01-30T23:43:24.770+0100] {processor.py:830} INFO - Processing file /home/ubuntu/.local/lib/python3.10/site-packages/airflow/example_dags/example_latest_only_with_trigger.py for tasks to queue
[2024-01-30T23:43:24.776+0100] {logging_mixin.py:188} INFO - [2024-01-30T23:43:24.771+0100] {dagbag.py:538} INFO - Filling up the DagBag from /home/ubuntu/.local/lib/python3.10/site-packages/airflow/example_dags/example_latest_only_with_trigger.py
[2024-01-30T23:43:24.812+0100] {processor.py:840} INFO - DAG(s) 'latest_only_with_trigger' retrieved from /home/ubuntu/.local/lib/python3.10/site-packages/airflow/example_dags/example_latest_only_with_trigger.py
[2024-01-30T23:43:24.859+0100] {logging_mixin.py:188} INFO - [2024-01-30T23:43:24.859+0100] {dag.py:3033} INFO - Sync 1 DAGs
[2024-01-30T23:43:24.882+0100] {logging_mixin.py:188} INFO - [2024-01-30T23:43:24.882+0100] {dag.py:3820} INFO - Setting next_dagrun for latest_only_with_trigger to 2024-01-30T16:00:00+00:00, run_after=2024-01-30T20:00:00+00:00
[2024-01-30T23:43:25.008+0100] {processor.py:183} INFO - Processing /home/ubuntu/.local/lib/python3.10/site-packages/airflow/example_dags/example_latest_only_with_trigger.py took 0.308 seconds
[2024-01-30T23:44:33.964+0100] {processor.py:161} INFO - Started process (PID=8971) to work on /home/ubuntu/.local/lib/python3.10/site-packages/airflow/example_dags/example_latest_only_with_trigger.py
[2024-01-30T23:44:33.967+0100] {processor.py:830} INFO - Processing file /home/ubuntu/.local/lib/python3.10/site-packages/airflow/example_dags/example_latest_only_with_trigger.py for tasks to queue
[2024-01-30T23:44:33.969+0100] {logging_mixin.py:188} INFO - [2024-01-30T23:44:33.969+0100] {dagbag.py:538} INFO - Filling up the DagBag from /home/ubuntu/.local/lib/python3.10/site-packages/airflow/example_dags/example_latest_only_with_trigger.py
[2024-01-30T23:44:33.981+0100] {processor.py:840} INFO - DAG(s) 'latest_only_with_trigger' retrieved from /home/ubuntu/.local/lib/python3.10/site-packages/airflow/example_dags/example_latest_only_with_trigger.py
[2024-01-30T23:44:34.021+0100] {logging_mixin.py:188} INFO - [2024-01-30T23:44:34.020+0100] {dag.py:3033} INFO - Sync 1 DAGs
[2024-01-30T23:44:34.040+0100] {logging_mixin.py:188} INFO - [2024-01-30T23:44:34.040+0100] {dag.py:3820} INFO - Setting next_dagrun for latest_only_with_trigger to 2024-01-30T16:00:00+00:00, run_after=2024-01-30T20:00:00+00:00
[2024-01-30T23:44:34.260+0100] {processor.py:183} INFO - Processing /home/ubuntu/.local/lib/python3.10/site-packages/airflow/example_dags/example_latest_only_with_trigger.py took 0.300 seconds
[2024-01-30T23:45:43.831+0100] {processor.py:161} INFO - Started process (PID=9048) to work on /home/ubuntu/.local/lib/python3.10/site-packages/airflow/example_dags/example_latest_only_with_trigger.py
[2024-01-30T23:45:43.834+0100] {processor.py:830} INFO - Processing file /home/ubuntu/.local/lib/python3.10/site-packages/airflow/example_dags/example_latest_only_with_trigger.py for tasks to queue
[2024-01-30T23:45:43.836+0100] {logging_mixin.py:188} INFO - [2024-01-30T23:45:43.835+0100] {dagbag.py:538} INFO - Filling up the DagBag from /home/ubuntu/.local/lib/python3.10/site-packages/airflow/example_dags/example_latest_only_with_trigger.py
[2024-01-30T23:45:43.847+0100] {processor.py:840} INFO - DAG(s) 'latest_only_with_trigger' retrieved from /home/ubuntu/.local/lib/python3.10/site-packages/airflow/example_dags/example_latest_only_with_trigger.py
[2024-01-30T23:45:43.878+0100] {logging_mixin.py:188} INFO - [2024-01-30T23:45:43.878+0100] {dag.py:3033} INFO - Sync 1 DAGs
[2024-01-30T23:45:43.902+0100] {logging_mixin.py:188} INFO - [2024-01-30T23:45:43.902+0100] {dag.py:3820} INFO - Setting next_dagrun for latest_only_with_trigger to 2024-01-30T16:00:00+00:00, run_after=2024-01-30T20:00:00+00:00
[2024-01-30T23:45:43.946+0100] {processor.py:183} INFO - Processing /home/ubuntu/.local/lib/python3.10/site-packages/airflow/example_dags/example_latest_only_with_trigger.py took 0.120 seconds
[2024-01-30T23:46:47.086+0100] {processor.py:161} INFO - Started process (PID=9107) to work on /home/ubuntu/.local/lib/python3.10/site-packages/airflow/example_dags/example_latest_only_with_trigger.py
[2024-01-30T23:46:47.097+0100] {processor.py:830} INFO - Processing file /home/ubuntu/.local/lib/python3.10/site-packages/airflow/example_dags/example_latest_only_with_trigger.py for tasks to queue
[2024-01-30T23:46:47.098+0100] {logging_mixin.py:188} INFO - [2024-01-30T23:46:47.098+0100] {dagbag.py:538} INFO - Filling up the DagBag from /home/ubuntu/.local/lib/python3.10/site-packages/airflow/example_dags/example_latest_only_with_trigger.py
[2024-01-30T23:46:47.107+0100] {processor.py:840} INFO - DAG(s) 'latest_only_with_trigger' retrieved from /home/ubuntu/.local/lib/python3.10/site-packages/airflow/example_dags/example_latest_only_with_trigger.py
[2024-01-30T23:46:47.128+0100] {logging_mixin.py:188} INFO - [2024-01-30T23:46:47.128+0100] {dag.py:3033} INFO - Sync 1 DAGs
[2024-01-30T23:46:47.175+0100] {logging_mixin.py:188} INFO - [2024-01-30T23:46:47.174+0100] {dag.py:3820} INFO - Setting next_dagrun for latest_only_with_trigger to 2024-01-30T16:00:00+00:00, run_after=2024-01-30T20:00:00+00:00
[2024-01-30T23:46:47.392+0100] {processor.py:183} INFO - Processing /home/ubuntu/.local/lib/python3.10/site-packages/airflow/example_dags/example_latest_only_with_trigger.py took 0.312 seconds
[2024-01-30T23:47:55.426+0100] {processor.py:161} INFO - Started process (PID=9178) to work on /home/ubuntu/.local/lib/python3.10/site-packages/airflow/example_dags/example_latest_only_with_trigger.py
[2024-01-30T23:47:55.429+0100] {processor.py:830} INFO - Processing file /home/ubuntu/.local/lib/python3.10/site-packages/airflow/example_dags/example_latest_only_with_trigger.py for tasks to queue
[2024-01-30T23:47:55.430+0100] {logging_mixin.py:188} INFO - [2024-01-30T23:47:55.429+0100] {dagbag.py:538} INFO - Filling up the DagBag from /home/ubuntu/.local/lib/python3.10/site-packages/airflow/example_dags/example_latest_only_with_trigger.py
[2024-01-30T23:47:55.443+0100] {processor.py:840} INFO - DAG(s) 'latest_only_with_trigger' retrieved from /home/ubuntu/.local/lib/python3.10/site-packages/airflow/example_dags/example_latest_only_with_trigger.py
[2024-01-30T23:47:55.466+0100] {logging_mixin.py:188} INFO - [2024-01-30T23:47:55.466+0100] {dag.py:3033} INFO - Sync 1 DAGs
[2024-01-30T23:47:55.498+0100] {logging_mixin.py:188} INFO - [2024-01-30T23:47:55.498+0100] {dag.py:3820} INFO - Setting next_dagrun for latest_only_with_trigger to 2024-01-30T16:00:00+00:00, run_after=2024-01-30T20:00:00+00:00
[2024-01-30T23:47:55.616+0100] {processor.py:183} INFO - Processing /home/ubuntu/.local/lib/python3.10/site-packages/airflow/example_dags/example_latest_only_with_trigger.py took 0.195 seconds
[2024-01-30T23:49:02.631+0100] {processor.py:161} INFO - Started process (PID=9238) to work on /home/ubuntu/.local/lib/python3.10/site-packages/airflow/example_dags/example_latest_only_with_trigger.py
[2024-01-30T23:49:02.633+0100] {processor.py:830} INFO - Processing file /home/ubuntu/.local/lib/python3.10/site-packages/airflow/example_dags/example_latest_only_with_trigger.py for tasks to queue
[2024-01-30T23:49:02.635+0100] {logging_mixin.py:188} INFO - [2024-01-30T23:49:02.634+0100] {dagbag.py:538} INFO - Filling up the DagBag from /home/ubuntu/.local/lib/python3.10/site-packages/airflow/example_dags/example_latest_only_with_trigger.py
[2024-01-30T23:49:02.649+0100] {processor.py:840} INFO - DAG(s) 'latest_only_with_trigger' retrieved from /home/ubuntu/.local/lib/python3.10/site-packages/airflow/example_dags/example_latest_only_with_trigger.py
[2024-01-30T23:49:02.685+0100] {logging_mixin.py:188} INFO - [2024-01-30T23:49:02.685+0100] {dag.py:3033} INFO - Sync 1 DAGs
[2024-01-30T23:49:02.711+0100] {logging_mixin.py:188} INFO - [2024-01-30T23:49:02.710+0100] {dag.py:3820} INFO - Setting next_dagrun for latest_only_with_trigger to 2024-01-30T16:00:00+00:00, run_after=2024-01-30T20:00:00+00:00
[2024-01-30T23:49:02.778+0100] {processor.py:183} INFO - Processing /home/ubuntu/.local/lib/python3.10/site-packages/airflow/example_dags/example_latest_only_with_trigger.py took 0.154 seconds
[2024-01-30T23:50:07.085+0100] {processor.py:161} INFO - Started process (PID=9298) to work on /home/ubuntu/.local/lib/python3.10/site-packages/airflow/example_dags/example_latest_only_with_trigger.py
[2024-01-30T23:50:07.092+0100] {processor.py:830} INFO - Processing file /home/ubuntu/.local/lib/python3.10/site-packages/airflow/example_dags/example_latest_only_with_trigger.py for tasks to queue
[2024-01-30T23:50:07.094+0100] {logging_mixin.py:188} INFO - [2024-01-30T23:50:07.093+0100] {dagbag.py:538} INFO - Filling up the DagBag from /home/ubuntu/.local/lib/python3.10/site-packages/airflow/example_dags/example_latest_only_with_trigger.py
[2024-01-30T23:50:07.106+0100] {processor.py:840} INFO - DAG(s) 'latest_only_with_trigger' retrieved from /home/ubuntu/.local/lib/python3.10/site-packages/airflow/example_dags/example_latest_only_with_trigger.py
[2024-01-30T23:50:07.128+0100] {logging_mixin.py:188} INFO - [2024-01-30T23:50:07.128+0100] {dag.py:3033} INFO - Sync 1 DAGs
[2024-01-30T23:50:07.149+0100] {logging_mixin.py:188} INFO - [2024-01-30T23:50:07.149+0100] {dag.py:3820} INFO - Setting next_dagrun for latest_only_with_trigger to 2024-01-30T16:00:00+00:00, run_after=2024-01-30T20:00:00+00:00
[2024-01-30T23:50:07.241+0100] {processor.py:183} INFO - Processing /home/ubuntu/.local/lib/python3.10/site-packages/airflow/example_dags/example_latest_only_with_trigger.py took 0.160 seconds
[2024-01-30T23:51:10.874+0100] {processor.py:161} INFO - Started process (PID=9358) to work on /home/ubuntu/.local/lib/python3.10/site-packages/airflow/example_dags/example_latest_only_with_trigger.py
[2024-01-30T23:51:10.879+0100] {processor.py:830} INFO - Processing file /home/ubuntu/.local/lib/python3.10/site-packages/airflow/example_dags/example_latest_only_with_trigger.py for tasks to queue
[2024-01-30T23:51:10.880+0100] {logging_mixin.py:188} INFO - [2024-01-30T23:51:10.880+0100] {dagbag.py:538} INFO - Filling up the DagBag from /home/ubuntu/.local/lib/python3.10/site-packages/airflow/example_dags/example_latest_only_with_trigger.py
[2024-01-30T23:51:10.893+0100] {processor.py:840} INFO - DAG(s) 'latest_only_with_trigger' retrieved from /home/ubuntu/.local/lib/python3.10/site-packages/airflow/example_dags/example_latest_only_with_trigger.py
[2024-01-30T23:51:10.926+0100] {logging_mixin.py:188} INFO - [2024-01-30T23:51:10.925+0100] {dag.py:3033} INFO - Sync 1 DAGs
[2024-01-30T23:51:10.959+0100] {logging_mixin.py:188} INFO - [2024-01-30T23:51:10.959+0100] {dag.py:3820} INFO - Setting next_dagrun for latest_only_with_trigger to 2024-01-30T16:00:00+00:00, run_after=2024-01-30T20:00:00+00:00
[2024-01-30T23:51:11.163+0100] {processor.py:183} INFO - Processing /home/ubuntu/.local/lib/python3.10/site-packages/airflow/example_dags/example_latest_only_with_trigger.py took 0.294 seconds
[2024-01-30T23:52:41.342+0100] {processor.py:161} INFO - Started process (PID=9503) to work on /home/ubuntu/.local/lib/python3.10/site-packages/airflow/example_dags/example_latest_only_with_trigger.py
[2024-01-30T23:52:41.372+0100] {processor.py:830} INFO - Processing file /home/ubuntu/.local/lib/python3.10/site-packages/airflow/example_dags/example_latest_only_with_trigger.py for tasks to queue
[2024-01-30T23:52:41.384+0100] {logging_mixin.py:188} INFO - [2024-01-30T23:52:41.380+0100] {dagbag.py:538} INFO - Filling up the DagBag from /home/ubuntu/.local/lib/python3.10/site-packages/airflow/example_dags/example_latest_only_with_trigger.py
[2024-01-30T23:52:41.410+0100] {processor.py:840} INFO - DAG(s) 'latest_only_with_trigger' retrieved from /home/ubuntu/.local/lib/python3.10/site-packages/airflow/example_dags/example_latest_only_with_trigger.py
[2024-01-30T23:52:41.496+0100] {logging_mixin.py:188} INFO - [2024-01-30T23:52:41.496+0100] {dag.py:3033} INFO - Sync 1 DAGs
[2024-01-30T23:52:41.662+0100] {logging_mixin.py:188} INFO - [2024-01-30T23:52:41.662+0100] {dag.py:3820} INFO - Setting next_dagrun for latest_only_with_trigger to 2024-01-30T16:00:00+00:00, run_after=2024-01-30T20:00:00+00:00
[2024-01-30T23:52:42.078+0100] {processor.py:183} INFO - Processing /home/ubuntu/.local/lib/python3.10/site-packages/airflow/example_dags/example_latest_only_with_trigger.py took 0.777 seconds
[2024-01-30T23:54:39.823+0100] {processor.py:161} INFO - Started process (PID=9589) to work on /home/ubuntu/.local/lib/python3.10/site-packages/airflow/example_dags/example_latest_only_with_trigger.py
[2024-01-30T23:54:39.858+0100] {processor.py:830} INFO - Processing file /home/ubuntu/.local/lib/python3.10/site-packages/airflow/example_dags/example_latest_only_with_trigger.py for tasks to queue
[2024-01-30T23:54:39.860+0100] {logging_mixin.py:188} INFO - [2024-01-30T23:54:39.859+0100] {dagbag.py:538} INFO - Filling up the DagBag from /home/ubuntu/.local/lib/python3.10/site-packages/airflow/example_dags/example_latest_only_with_trigger.py
[2024-01-30T23:54:39.886+0100] {processor.py:840} INFO - DAG(s) 'latest_only_with_trigger' retrieved from /home/ubuntu/.local/lib/python3.10/site-packages/airflow/example_dags/example_latest_only_with_trigger.py
[2024-01-30T23:54:39.951+0100] {logging_mixin.py:188} INFO - [2024-01-30T23:54:39.951+0100] {dag.py:3033} INFO - Sync 1 DAGs
[2024-01-30T23:54:40.032+0100] {logging_mixin.py:188} INFO - [2024-01-30T23:54:40.027+0100] {dag.py:3820} INFO - Setting next_dagrun for latest_only_with_trigger to 2024-01-30T16:00:00+00:00, run_after=2024-01-30T20:00:00+00:00
[2024-01-30T23:54:40.354+0100] {processor.py:183} INFO - Processing /home/ubuntu/.local/lib/python3.10/site-packages/airflow/example_dags/example_latest_only_with_trigger.py took 0.549 seconds
[2024-01-30T23:56:54.402+0100] {processor.py:161} INFO - Started process (PID=9680) to work on /home/ubuntu/.local/lib/python3.10/site-packages/airflow/example_dags/example_latest_only_with_trigger.py
[2024-01-30T23:56:54.454+0100] {processor.py:830} INFO - Processing file /home/ubuntu/.local/lib/python3.10/site-packages/airflow/example_dags/example_latest_only_with_trigger.py for tasks to queue
[2024-01-30T23:56:54.472+0100] {logging_mixin.py:188} INFO - [2024-01-30T23:56:54.455+0100] {dagbag.py:538} INFO - Filling up the DagBag from /home/ubuntu/.local/lib/python3.10/site-packages/airflow/example_dags/example_latest_only_with_trigger.py
[2024-01-30T23:56:54.521+0100] {processor.py:840} INFO - DAG(s) 'latest_only_with_trigger' retrieved from /home/ubuntu/.local/lib/python3.10/site-packages/airflow/example_dags/example_latest_only_with_trigger.py
[2024-01-30T23:56:54.631+0100] {logging_mixin.py:188} INFO - [2024-01-30T23:56:54.630+0100] {dag.py:3033} INFO - Sync 1 DAGs
[2024-01-30T23:56:54.717+0100] {logging_mixin.py:188} INFO - [2024-01-30T23:56:54.716+0100] {dag.py:3820} INFO - Setting next_dagrun for latest_only_with_trigger to 2024-01-30T16:00:00+00:00, run_after=2024-01-30T20:00:00+00:00
[2024-01-30T23:56:55.086+0100] {processor.py:183} INFO - Processing /home/ubuntu/.local/lib/python3.10/site-packages/airflow/example_dags/example_latest_only_with_trigger.py took 0.712 seconds
[2024-01-30T23:59:16.098+0100] {processor.py:161} INFO - Started process (PID=9774) to work on /home/ubuntu/.local/lib/python3.10/site-packages/airflow/example_dags/example_latest_only_with_trigger.py
[2024-01-30T23:59:16.128+0100] {processor.py:830} INFO - Processing file /home/ubuntu/.local/lib/python3.10/site-packages/airflow/example_dags/example_latest_only_with_trigger.py for tasks to queue
[2024-01-30T23:59:16.134+0100] {logging_mixin.py:188} INFO - [2024-01-30T23:59:16.129+0100] {dagbag.py:538} INFO - Filling up the DagBag from /home/ubuntu/.local/lib/python3.10/site-packages/airflow/example_dags/example_latest_only_with_trigger.py
[2024-01-30T23:59:16.176+0100] {processor.py:840} INFO - DAG(s) 'latest_only_with_trigger' retrieved from /home/ubuntu/.local/lib/python3.10/site-packages/airflow/example_dags/example_latest_only_with_trigger.py
[2024-01-30T23:59:16.271+0100] {logging_mixin.py:188} INFO - [2024-01-30T23:59:16.270+0100] {dag.py:3033} INFO - Sync 1 DAGs
[2024-01-30T23:59:16.359+0100] {logging_mixin.py:188} INFO - [2024-01-30T23:59:16.359+0100] {dag.py:3820} INFO - Setting next_dagrun for latest_only_with_trigger to 2024-01-30T16:00:00+00:00, run_after=2024-01-30T20:00:00+00:00
[2024-01-30T23:59:16.769+0100] {processor.py:183} INFO - Processing /home/ubuntu/.local/lib/python3.10/site-packages/airflow/example_dags/example_latest_only_with_trigger.py took 0.684 seconds
[2024-01-31T00:01:48.533+0100] {processor.py:161} INFO - Started process (PID=9907) to work on /home/ubuntu/.local/lib/python3.10/site-packages/airflow/example_dags/example_latest_only_with_trigger.py
[2024-01-31T00:01:48.583+0100] {processor.py:830} INFO - Processing file /home/ubuntu/.local/lib/python3.10/site-packages/airflow/example_dags/example_latest_only_with_trigger.py for tasks to queue
[2024-01-31T00:01:48.585+0100] {logging_mixin.py:188} INFO - [2024-01-31T00:01:48.585+0100] {dagbag.py:538} INFO - Filling up the DagBag from /home/ubuntu/.local/lib/python3.10/site-packages/airflow/example_dags/example_latest_only_with_trigger.py
[2024-01-31T00:01:48.671+0100] {processor.py:840} INFO - DAG(s) 'latest_only_with_trigger' retrieved from /home/ubuntu/.local/lib/python3.10/site-packages/airflow/example_dags/example_latest_only_with_trigger.py
[2024-01-31T00:01:48.765+0100] {logging_mixin.py:188} INFO - [2024-01-31T00:01:48.765+0100] {dag.py:3033} INFO - Sync 1 DAGs
[2024-01-31T00:01:48.865+0100] {logging_mixin.py:188} INFO - [2024-01-31T00:01:48.865+0100] {dag.py:3820} INFO - Setting next_dagrun for latest_only_with_trigger to 2024-01-30T16:00:00+00:00, run_after=2024-01-30T20:00:00+00:00
[2024-01-31T00:01:49.225+0100] {processor.py:183} INFO - Processing /home/ubuntu/.local/lib/python3.10/site-packages/airflow/example_dags/example_latest_only_with_trigger.py took 0.714 seconds
[2024-01-31T00:03:42.121+0100] {processor.py:161} INFO - Started process (PID=10007) to work on /home/ubuntu/.local/lib/python3.10/site-packages/airflow/example_dags/example_latest_only_with_trigger.py
[2024-01-31T00:03:42.125+0100] {processor.py:830} INFO - Processing file /home/ubuntu/.local/lib/python3.10/site-packages/airflow/example_dags/example_latest_only_with_trigger.py for tasks to queue
[2024-01-31T00:03:42.127+0100] {logging_mixin.py:188} INFO - [2024-01-31T00:03:42.126+0100] {dagbag.py:538} INFO - Filling up the DagBag from /home/ubuntu/.local/lib/python3.10/site-packages/airflow/example_dags/example_latest_only_with_trigger.py
[2024-01-31T00:03:42.141+0100] {processor.py:840} INFO - DAG(s) 'latest_only_with_trigger' retrieved from /home/ubuntu/.local/lib/python3.10/site-packages/airflow/example_dags/example_latest_only_with_trigger.py
[2024-01-31T00:03:42.221+0100] {logging_mixin.py:188} INFO - [2024-01-31T00:03:42.221+0100] {dag.py:3033} INFO - Sync 1 DAGs
[2024-01-31T00:03:42.249+0100] {logging_mixin.py:188} INFO - [2024-01-31T00:03:42.248+0100] {dag.py:3820} INFO - Setting next_dagrun for latest_only_with_trigger to 2024-01-30T16:00:00+00:00, run_after=2024-01-30T20:00:00+00:00
[2024-01-31T00:03:42.411+0100] {processor.py:183} INFO - Processing /home/ubuntu/.local/lib/python3.10/site-packages/airflow/example_dags/example_latest_only_with_trigger.py took 0.295 seconds
[2024-01-31T00:04:54.977+0100] {processor.py:161} INFO - Started process (PID=10068) to work on /home/ubuntu/.local/lib/python3.10/site-packages/airflow/example_dags/example_latest_only_with_trigger.py
[2024-01-31T00:04:54.980+0100] {processor.py:830} INFO - Processing file /home/ubuntu/.local/lib/python3.10/site-packages/airflow/example_dags/example_latest_only_with_trigger.py for tasks to queue
[2024-01-31T00:04:54.981+0100] {logging_mixin.py:188} INFO - [2024-01-31T00:04:54.980+0100] {dagbag.py:538} INFO - Filling up the DagBag from /home/ubuntu/.local/lib/python3.10/site-packages/airflow/example_dags/example_latest_only_with_trigger.py
[2024-01-31T00:04:54.996+0100] {processor.py:840} INFO - DAG(s) 'latest_only_with_trigger' retrieved from /home/ubuntu/.local/lib/python3.10/site-packages/airflow/example_dags/example_latest_only_with_trigger.py
[2024-01-31T00:04:55.024+0100] {logging_mixin.py:188} INFO - [2024-01-31T00:04:55.024+0100] {dag.py:3033} INFO - Sync 1 DAGs
[2024-01-31T00:04:55.069+0100] {logging_mixin.py:188} INFO - [2024-01-31T00:04:55.068+0100] {dag.py:3820} INFO - Setting next_dagrun for latest_only_with_trigger to 2024-01-30T16:00:00+00:00, run_after=2024-01-30T20:00:00+00:00
[2024-01-31T00:04:55.162+0100] {processor.py:183} INFO - Processing /home/ubuntu/.local/lib/python3.10/site-packages/airflow/example_dags/example_latest_only_with_trigger.py took 0.190 seconds
[2024-01-31T00:06:05.871+0100] {processor.py:161} INFO - Started process (PID=10132) to work on /home/ubuntu/.local/lib/python3.10/site-packages/airflow/example_dags/example_latest_only_with_trigger.py
[2024-01-31T00:06:05.885+0100] {processor.py:830} INFO - Processing file /home/ubuntu/.local/lib/python3.10/site-packages/airflow/example_dags/example_latest_only_with_trigger.py for tasks to queue
[2024-01-31T00:06:05.888+0100] {logging_mixin.py:188} INFO - [2024-01-31T00:06:05.886+0100] {dagbag.py:538} INFO - Filling up the DagBag from /home/ubuntu/.local/lib/python3.10/site-packages/airflow/example_dags/example_latest_only_with_trigger.py
[2024-01-31T00:06:05.899+0100] {processor.py:840} INFO - DAG(s) 'latest_only_with_trigger' retrieved from /home/ubuntu/.local/lib/python3.10/site-packages/airflow/example_dags/example_latest_only_with_trigger.py
[2024-01-31T00:06:05.935+0100] {logging_mixin.py:188} INFO - [2024-01-31T00:06:05.935+0100] {dag.py:3033} INFO - Sync 1 DAGs
[2024-01-31T00:06:06.191+0100] {logging_mixin.py:188} INFO - [2024-01-31T00:06:06.191+0100] {dag.py:3820} INFO - Setting next_dagrun for latest_only_with_trigger to 2024-01-30T16:00:00+00:00, run_after=2024-01-30T20:00:00+00:00
[2024-01-31T00:06:06.260+0100] {processor.py:183} INFO - Processing /home/ubuntu/.local/lib/python3.10/site-packages/airflow/example_dags/example_latest_only_with_trigger.py took 0.393 seconds
[2024-01-31T00:07:22.242+0100] {processor.py:161} INFO - Started process (PID=10200) to work on /home/ubuntu/.local/lib/python3.10/site-packages/airflow/example_dags/example_latest_only_with_trigger.py
[2024-01-31T00:07:22.248+0100] {processor.py:830} INFO - Processing file /home/ubuntu/.local/lib/python3.10/site-packages/airflow/example_dags/example_latest_only_with_trigger.py for tasks to queue
[2024-01-31T00:07:22.250+0100] {logging_mixin.py:188} INFO - [2024-01-31T00:07:22.249+0100] {dagbag.py:538} INFO - Filling up the DagBag from /home/ubuntu/.local/lib/python3.10/site-packages/airflow/example_dags/example_latest_only_with_trigger.py
[2024-01-31T00:07:22.261+0100] {processor.py:840} INFO - DAG(s) 'latest_only_with_trigger' retrieved from /home/ubuntu/.local/lib/python3.10/site-packages/airflow/example_dags/example_latest_only_with_trigger.py
[2024-01-31T00:07:22.362+0100] {logging_mixin.py:188} INFO - [2024-01-31T00:07:22.362+0100] {dag.py:3033} INFO - Sync 1 DAGs
[2024-01-31T00:07:22.379+0100] {logging_mixin.py:188} INFO - [2024-01-31T00:07:22.379+0100] {dag.py:3820} INFO - Setting next_dagrun for latest_only_with_trigger to 2024-01-30T16:00:00+00:00, run_after=2024-01-30T20:00:00+00:00
[2024-01-31T00:07:22.469+0100] {processor.py:183} INFO - Processing /home/ubuntu/.local/lib/python3.10/site-packages/airflow/example_dags/example_latest_only_with_trigger.py took 0.234 seconds
[2024-01-31T00:08:32.207+0100] {processor.py:161} INFO - Started process (PID=10262) to work on /home/ubuntu/.local/lib/python3.10/site-packages/airflow/example_dags/example_latest_only_with_trigger.py
[2024-01-31T00:08:32.210+0100] {processor.py:830} INFO - Processing file /home/ubuntu/.local/lib/python3.10/site-packages/airflow/example_dags/example_latest_only_with_trigger.py for tasks to queue
[2024-01-31T00:08:32.214+0100] {logging_mixin.py:188} INFO - [2024-01-31T00:08:32.212+0100] {dagbag.py:538} INFO - Filling up the DagBag from /home/ubuntu/.local/lib/python3.10/site-packages/airflow/example_dags/example_latest_only_with_trigger.py
[2024-01-31T00:08:32.224+0100] {processor.py:840} INFO - DAG(s) 'latest_only_with_trigger' retrieved from /home/ubuntu/.local/lib/python3.10/site-packages/airflow/example_dags/example_latest_only_with_trigger.py
[2024-01-31T00:08:32.244+0100] {logging_mixin.py:188} INFO - [2024-01-31T00:08:32.244+0100] {dag.py:3033} INFO - Sync 1 DAGs
[2024-01-31T00:08:32.278+0100] {logging_mixin.py:188} INFO - [2024-01-31T00:08:32.278+0100] {dag.py:3820} INFO - Setting next_dagrun for latest_only_with_trigger to 2024-01-30T16:00:00+00:00, run_after=2024-01-30T20:00:00+00:00
[2024-01-31T00:08:32.336+0100] {processor.py:183} INFO - Processing /home/ubuntu/.local/lib/python3.10/site-packages/airflow/example_dags/example_latest_only_with_trigger.py took 0.134 seconds
[2024-01-31T00:09:44.039+0100] {processor.py:161} INFO - Started process (PID=10323) to work on /home/ubuntu/.local/lib/python3.10/site-packages/airflow/example_dags/example_latest_only_with_trigger.py
[2024-01-31T00:09:44.042+0100] {processor.py:830} INFO - Processing file /home/ubuntu/.local/lib/python3.10/site-packages/airflow/example_dags/example_latest_only_with_trigger.py for tasks to queue
[2024-01-31T00:09:44.044+0100] {logging_mixin.py:188} INFO - [2024-01-31T00:09:44.043+0100] {dagbag.py:538} INFO - Filling up the DagBag from /home/ubuntu/.local/lib/python3.10/site-packages/airflow/example_dags/example_latest_only_with_trigger.py
[2024-01-31T00:09:44.059+0100] {processor.py:840} INFO - DAG(s) 'latest_only_with_trigger' retrieved from /home/ubuntu/.local/lib/python3.10/site-packages/airflow/example_dags/example_latest_only_with_trigger.py
[2024-01-31T00:09:44.093+0100] {logging_mixin.py:188} INFO - [2024-01-31T00:09:44.093+0100] {dag.py:3033} INFO - Sync 1 DAGs
[2024-01-31T00:09:44.115+0100] {logging_mixin.py:188} INFO - [2024-01-31T00:09:44.115+0100] {dag.py:3820} INFO - Setting next_dagrun for latest_only_with_trigger to 2024-01-30T16:00:00+00:00, run_after=2024-01-30T20:00:00+00:00
[2024-01-31T00:09:44.271+0100] {processor.py:183} INFO - Processing /home/ubuntu/.local/lib/python3.10/site-packages/airflow/example_dags/example_latest_only_with_trigger.py took 0.237 seconds
[2024-01-31T00:10:55.029+0100] {processor.py:161} INFO - Started process (PID=10384) to work on /home/ubuntu/.local/lib/python3.10/site-packages/airflow/example_dags/example_latest_only_with_trigger.py
[2024-01-31T00:10:55.033+0100] {processor.py:830} INFO - Processing file /home/ubuntu/.local/lib/python3.10/site-packages/airflow/example_dags/example_latest_only_with_trigger.py for tasks to queue
[2024-01-31T00:10:55.035+0100] {logging_mixin.py:188} INFO - [2024-01-31T00:10:55.034+0100] {dagbag.py:538} INFO - Filling up the DagBag from /home/ubuntu/.local/lib/python3.10/site-packages/airflow/example_dags/example_latest_only_with_trigger.py
[2024-01-31T00:10:55.049+0100] {processor.py:840} INFO - DAG(s) 'latest_only_with_trigger' retrieved from /home/ubuntu/.local/lib/python3.10/site-packages/airflow/example_dags/example_latest_only_with_trigger.py
[2024-01-31T00:10:55.120+0100] {logging_mixin.py:188} INFO - [2024-01-31T00:10:55.119+0100] {dag.py:3033} INFO - Sync 1 DAGs
[2024-01-31T00:10:55.303+0100] {logging_mixin.py:188} INFO - [2024-01-31T00:10:55.303+0100] {dag.py:3820} INFO - Setting next_dagrun for latest_only_with_trigger to 2024-01-30T16:00:00+00:00, run_after=2024-01-30T20:00:00+00:00
[2024-01-31T00:10:55.436+0100] {processor.py:183} INFO - Processing /home/ubuntu/.local/lib/python3.10/site-packages/airflow/example_dags/example_latest_only_with_trigger.py took 0.413 seconds
[2024-01-31T00:12:28.861+0100] {processor.py:161} INFO - Started process (PID=10549) to work on /home/ubuntu/.local/lib/python3.10/site-packages/airflow/example_dags/example_latest_only_with_trigger.py
[2024-01-31T00:12:28.897+0100] {processor.py:830} INFO - Processing file /home/ubuntu/.local/lib/python3.10/site-packages/airflow/example_dags/example_latest_only_with_trigger.py for tasks to queue
[2024-01-31T00:12:28.898+0100] {logging_mixin.py:188} INFO - [2024-01-31T00:12:28.898+0100] {dagbag.py:538} INFO - Filling up the DagBag from /home/ubuntu/.local/lib/python3.10/site-packages/airflow/example_dags/example_latest_only_with_trigger.py
[2024-01-31T00:12:28.922+0100] {processor.py:840} INFO - DAG(s) 'latest_only_with_trigger' retrieved from /home/ubuntu/.local/lib/python3.10/site-packages/airflow/example_dags/example_latest_only_with_trigger.py
[2024-01-31T00:12:29.329+0100] {logging_mixin.py:188} INFO - [2024-01-31T00:12:29.329+0100] {dag.py:3033} INFO - Sync 1 DAGs
[2024-01-31T00:12:29.464+0100] {logging_mixin.py:188} INFO - [2024-01-31T00:12:29.464+0100] {dag.py:3820} INFO - Setting next_dagrun for latest_only_with_trigger to 2024-01-30T16:00:00+00:00, run_after=2024-01-30T20:00:00+00:00
[2024-01-31T00:12:29.836+0100] {processor.py:183} INFO - Processing /home/ubuntu/.local/lib/python3.10/site-packages/airflow/example_dags/example_latest_only_with_trigger.py took 0.986 seconds
[2024-01-31T00:14:04.972+0100] {processor.py:161} INFO - Started process (PID=10621) to work on /home/ubuntu/.local/lib/python3.10/site-packages/airflow/example_dags/example_latest_only_with_trigger.py
[2024-01-31T00:14:04.976+0100] {processor.py:830} INFO - Processing file /home/ubuntu/.local/lib/python3.10/site-packages/airflow/example_dags/example_latest_only_with_trigger.py for tasks to queue
[2024-01-31T00:14:04.978+0100] {logging_mixin.py:188} INFO - [2024-01-31T00:14:04.977+0100] {dagbag.py:538} INFO - Filling up the DagBag from /home/ubuntu/.local/lib/python3.10/site-packages/airflow/example_dags/example_latest_only_with_trigger.py
[2024-01-31T00:14:04.988+0100] {processor.py:840} INFO - DAG(s) 'latest_only_with_trigger' retrieved from /home/ubuntu/.local/lib/python3.10/site-packages/airflow/example_dags/example_latest_only_with_trigger.py
[2024-01-31T00:14:05.049+0100] {logging_mixin.py:188} INFO - [2024-01-31T00:14:05.047+0100] {dag.py:3033} INFO - Sync 1 DAGs
[2024-01-31T00:14:05.086+0100] {logging_mixin.py:188} INFO - [2024-01-31T00:14:05.086+0100] {dag.py:3820} INFO - Setting next_dagrun for latest_only_with_trigger to 2024-01-30T16:00:00+00:00, run_after=2024-01-30T20:00:00+00:00
[2024-01-31T00:14:05.157+0100] {processor.py:183} INFO - Processing /home/ubuntu/.local/lib/python3.10/site-packages/airflow/example_dags/example_latest_only_with_trigger.py took 0.189 seconds
[2024-01-31T00:15:31.719+0100] {processor.py:161} INFO - Started process (PID=10687) to work on /home/ubuntu/.local/lib/python3.10/site-packages/airflow/example_dags/example_latest_only_with_trigger.py
[2024-01-31T00:15:31.775+0100] {processor.py:830} INFO - Processing file /home/ubuntu/.local/lib/python3.10/site-packages/airflow/example_dags/example_latest_only_with_trigger.py for tasks to queue
[2024-01-31T00:15:31.776+0100] {logging_mixin.py:188} INFO - [2024-01-31T00:15:31.776+0100] {dagbag.py:538} INFO - Filling up the DagBag from /home/ubuntu/.local/lib/python3.10/site-packages/airflow/example_dags/example_latest_only_with_trigger.py
[2024-01-31T00:15:31.800+0100] {processor.py:840} INFO - DAG(s) 'latest_only_with_trigger' retrieved from /home/ubuntu/.local/lib/python3.10/site-packages/airflow/example_dags/example_latest_only_with_trigger.py
[2024-01-31T00:15:31.867+0100] {logging_mixin.py:188} INFO - [2024-01-31T00:15:31.866+0100] {dag.py:3033} INFO - Sync 1 DAGs
[2024-01-31T00:15:31.979+0100] {logging_mixin.py:188} INFO - [2024-01-31T00:15:31.979+0100] {dag.py:3820} INFO - Setting next_dagrun for latest_only_with_trigger to 2024-01-30T16:00:00+00:00, run_after=2024-01-30T20:00:00+00:00
[2024-01-31T00:15:32.133+0100] {processor.py:183} INFO - Processing /home/ubuntu/.local/lib/python3.10/site-packages/airflow/example_dags/example_latest_only_with_trigger.py took 0.463 seconds
[2024-01-31T00:16:56.951+0100] {processor.py:161} INFO - Started process (PID=10758) to work on /home/ubuntu/.local/lib/python3.10/site-packages/airflow/example_dags/example_latest_only_with_trigger.py
[2024-01-31T00:16:56.954+0100] {processor.py:830} INFO - Processing file /home/ubuntu/.local/lib/python3.10/site-packages/airflow/example_dags/example_latest_only_with_trigger.py for tasks to queue
[2024-01-31T00:16:56.961+0100] {logging_mixin.py:188} INFO - [2024-01-31T00:16:56.961+0100] {dagbag.py:538} INFO - Filling up the DagBag from /home/ubuntu/.local/lib/python3.10/site-packages/airflow/example_dags/example_latest_only_with_trigger.py
[2024-01-31T00:16:56.981+0100] {processor.py:840} INFO - DAG(s) 'latest_only_with_trigger' retrieved from /home/ubuntu/.local/lib/python3.10/site-packages/airflow/example_dags/example_latest_only_with_trigger.py
[2024-01-31T00:16:57.008+0100] {logging_mixin.py:188} INFO - [2024-01-31T00:16:57.008+0100] {dag.py:3033} INFO - Sync 1 DAGs
[2024-01-31T00:16:57.036+0100] {logging_mixin.py:188} INFO - [2024-01-31T00:16:57.036+0100] {dag.py:3820} INFO - Setting next_dagrun for latest_only_with_trigger to 2024-01-30T16:00:00+00:00, run_after=2024-01-30T20:00:00+00:00
[2024-01-31T00:16:57.159+0100] {processor.py:183} INFO - Processing /home/ubuntu/.local/lib/python3.10/site-packages/airflow/example_dags/example_latest_only_with_trigger.py took 0.213 seconds
[2024-01-31T00:18:23.818+0100] {processor.py:161} INFO - Started process (PID=10858) to work on /home/ubuntu/.local/lib/python3.10/site-packages/airflow/example_dags/example_latest_only_with_trigger.py
[2024-01-31T00:18:23.821+0100] {processor.py:830} INFO - Processing file /home/ubuntu/.local/lib/python3.10/site-packages/airflow/example_dags/example_latest_only_with_trigger.py for tasks to queue
[2024-01-31T00:18:23.828+0100] {logging_mixin.py:188} INFO - [2024-01-31T00:18:23.823+0100] {dagbag.py:538} INFO - Filling up the DagBag from /home/ubuntu/.local/lib/python3.10/site-packages/airflow/example_dags/example_latest_only_with_trigger.py
[2024-01-31T00:18:23.844+0100] {processor.py:840} INFO - DAG(s) 'latest_only_with_trigger' retrieved from /home/ubuntu/.local/lib/python3.10/site-packages/airflow/example_dags/example_latest_only_with_trigger.py
[2024-01-31T00:18:23.869+0100] {logging_mixin.py:188} INFO - [2024-01-31T00:18:23.869+0100] {dag.py:3033} INFO - Sync 1 DAGs
[2024-01-31T00:18:23.891+0100] {logging_mixin.py:188} INFO - [2024-01-31T00:18:23.891+0100] {dag.py:3820} INFO - Setting next_dagrun for latest_only_with_trigger to 2024-01-30T16:00:00+00:00, run_after=2024-01-30T20:00:00+00:00
[2024-01-31T00:18:24.057+0100] {processor.py:183} INFO - Processing /home/ubuntu/.local/lib/python3.10/site-packages/airflow/example_dags/example_latest_only_with_trigger.py took 0.246 seconds
[2024-01-31T00:19:43.835+0100] {processor.py:161} INFO - Started process (PID=11007) to work on /home/ubuntu/.local/lib/python3.10/site-packages/airflow/example_dags/example_latest_only_with_trigger.py
[2024-01-31T00:19:43.881+0100] {processor.py:830} INFO - Processing file /home/ubuntu/.local/lib/python3.10/site-packages/airflow/example_dags/example_latest_only_with_trigger.py for tasks to queue
[2024-01-31T00:19:43.883+0100] {logging_mixin.py:188} INFO - [2024-01-31T00:19:43.882+0100] {dagbag.py:538} INFO - Filling up the DagBag from /home/ubuntu/.local/lib/python3.10/site-packages/airflow/example_dags/example_latest_only_with_trigger.py
[2024-01-31T00:19:43.919+0100] {processor.py:840} INFO - DAG(s) 'latest_only_with_trigger' retrieved from /home/ubuntu/.local/lib/python3.10/site-packages/airflow/example_dags/example_latest_only_with_trigger.py
[2024-01-31T00:19:43.999+0100] {logging_mixin.py:188} INFO - [2024-01-31T00:19:43.998+0100] {dag.py:3033} INFO - Sync 1 DAGs
[2024-01-31T00:19:44.087+0100] {logging_mixin.py:188} INFO - [2024-01-31T00:19:44.087+0100] {dag.py:3820} INFO - Setting next_dagrun for latest_only_with_trigger to 2024-01-30T16:00:00+00:00, run_after=2024-01-30T20:00:00+00:00
[2024-01-31T00:19:44.445+0100] {processor.py:183} INFO - Processing /home/ubuntu/.local/lib/python3.10/site-packages/airflow/example_dags/example_latest_only_with_trigger.py took 0.632 seconds
[2024-01-31T00:21:59.893+0100] {processor.py:161} INFO - Started process (PID=11086) to work on /home/ubuntu/.local/lib/python3.10/site-packages/airflow/example_dags/example_latest_only_with_trigger.py
[2024-01-31T00:21:59.900+0100] {processor.py:830} INFO - Processing file /home/ubuntu/.local/lib/python3.10/site-packages/airflow/example_dags/example_latest_only_with_trigger.py for tasks to queue
[2024-01-31T00:21:59.910+0100] {logging_mixin.py:188} INFO - [2024-01-31T00:21:59.909+0100] {dagbag.py:538} INFO - Filling up the DagBag from /home/ubuntu/.local/lib/python3.10/site-packages/airflow/example_dags/example_latest_only_with_trigger.py
[2024-01-31T00:21:59.930+0100] {processor.py:840} INFO - DAG(s) 'latest_only_with_trigger' retrieved from /home/ubuntu/.local/lib/python3.10/site-packages/airflow/example_dags/example_latest_only_with_trigger.py
[2024-01-31T00:22:00.017+0100] {logging_mixin.py:188} INFO - [2024-01-31T00:22:00.017+0100] {dag.py:3033} INFO - Sync 1 DAGs
[2024-01-31T00:22:00.165+0100] {logging_mixin.py:188} INFO - [2024-01-31T00:22:00.165+0100] {dag.py:3820} INFO - Setting next_dagrun for latest_only_with_trigger to 2024-01-30T16:00:00+00:00, run_after=2024-01-30T20:00:00+00:00
[2024-01-31T00:22:00.496+0100] {processor.py:183} INFO - Processing /home/ubuntu/.local/lib/python3.10/site-packages/airflow/example_dags/example_latest_only_with_trigger.py took 0.608 seconds
[2024-01-31T00:24:21.275+0100] {processor.py:161} INFO - Started process (PID=11177) to work on /home/ubuntu/.local/lib/python3.10/site-packages/airflow/example_dags/example_latest_only_with_trigger.py
[2024-01-31T00:24:21.309+0100] {processor.py:830} INFO - Processing file /home/ubuntu/.local/lib/python3.10/site-packages/airflow/example_dags/example_latest_only_with_trigger.py for tasks to queue
[2024-01-31T00:24:21.342+0100] {logging_mixin.py:188} INFO - [2024-01-31T00:24:21.341+0100] {dagbag.py:538} INFO - Filling up the DagBag from /home/ubuntu/.local/lib/python3.10/site-packages/airflow/example_dags/example_latest_only_with_trigger.py
[2024-01-31T00:24:21.399+0100] {processor.py:840} INFO - DAG(s) 'latest_only_with_trigger' retrieved from /home/ubuntu/.local/lib/python3.10/site-packages/airflow/example_dags/example_latest_only_with_trigger.py
[2024-01-31T00:24:21.735+0100] {logging_mixin.py:188} INFO - [2024-01-31T00:24:21.727+0100] {dag.py:3033} INFO - Sync 1 DAGs
[2024-01-31T00:24:21.788+0100] {logging_mixin.py:188} INFO - [2024-01-31T00:24:21.788+0100] {dag.py:3820} INFO - Setting next_dagrun for latest_only_with_trigger to 2024-01-30T16:00:00+00:00, run_after=2024-01-30T20:00:00+00:00
[2024-01-31T00:24:22.182+0100] {processor.py:183} INFO - Processing /home/ubuntu/.local/lib/python3.10/site-packages/airflow/example_dags/example_latest_only_with_trigger.py took 0.922 seconds
[2024-01-31T00:25:49.866+0100] {processor.py:161} INFO - Started process (PID=11263) to work on /home/ubuntu/.local/lib/python3.10/site-packages/airflow/example_dags/example_latest_only_with_trigger.py
[2024-01-31T00:25:49.872+0100] {processor.py:830} INFO - Processing file /home/ubuntu/.local/lib/python3.10/site-packages/airflow/example_dags/example_latest_only_with_trigger.py for tasks to queue
[2024-01-31T00:25:49.874+0100] {logging_mixin.py:188} INFO - [2024-01-31T00:25:49.874+0100] {dagbag.py:538} INFO - Filling up the DagBag from /home/ubuntu/.local/lib/python3.10/site-packages/airflow/example_dags/example_latest_only_with_trigger.py
[2024-01-31T00:25:49.902+0100] {processor.py:840} INFO - DAG(s) 'latest_only_with_trigger' retrieved from /home/ubuntu/.local/lib/python3.10/site-packages/airflow/example_dags/example_latest_only_with_trigger.py
[2024-01-31T00:25:49.981+0100] {logging_mixin.py:188} INFO - [2024-01-31T00:25:49.981+0100] {dag.py:3033} INFO - Sync 1 DAGs
[2024-01-31T00:25:50.107+0100] {logging_mixin.py:188} INFO - [2024-01-31T00:25:50.106+0100] {dag.py:3820} INFO - Setting next_dagrun for latest_only_with_trigger to 2024-01-30T16:00:00+00:00, run_after=2024-01-30T20:00:00+00:00
[2024-01-31T00:25:50.453+0100] {processor.py:183} INFO - Processing /home/ubuntu/.local/lib/python3.10/site-packages/airflow/example_dags/example_latest_only_with_trigger.py took 0.619 seconds
[2024-01-31T00:26:58.177+0100] {processor.py:161} INFO - Started process (PID=11325) to work on /home/ubuntu/.local/lib/python3.10/site-packages/airflow/example_dags/example_latest_only_with_trigger.py
[2024-01-31T00:26:58.180+0100] {processor.py:830} INFO - Processing file /home/ubuntu/.local/lib/python3.10/site-packages/airflow/example_dags/example_latest_only_with_trigger.py for tasks to queue
[2024-01-31T00:26:58.181+0100] {logging_mixin.py:188} INFO - [2024-01-31T00:26:58.181+0100] {dagbag.py:538} INFO - Filling up the DagBag from /home/ubuntu/.local/lib/python3.10/site-packages/airflow/example_dags/example_latest_only_with_trigger.py
[2024-01-31T00:26:58.193+0100] {processor.py:840} INFO - DAG(s) 'latest_only_with_trigger' retrieved from /home/ubuntu/.local/lib/python3.10/site-packages/airflow/example_dags/example_latest_only_with_trigger.py
[2024-01-31T00:26:58.221+0100] {logging_mixin.py:188} INFO - [2024-01-31T00:26:58.221+0100] {dag.py:3033} INFO - Sync 1 DAGs
[2024-01-31T00:26:58.256+0100] {logging_mixin.py:188} INFO - [2024-01-31T00:26:58.256+0100] {dag.py:3820} INFO - Setting next_dagrun for latest_only_with_trigger to 2024-01-30T16:00:00+00:00, run_after=2024-01-30T20:00:00+00:00
[2024-01-31T00:26:58.456+0100] {processor.py:183} INFO - Processing /home/ubuntu/.local/lib/python3.10/site-packages/airflow/example_dags/example_latest_only_with_trigger.py took 0.285 seconds
[2024-01-31T00:28:24.408+0100] {processor.py:161} INFO - Started process (PID=11487) to work on /home/ubuntu/.local/lib/python3.10/site-packages/airflow/example_dags/example_latest_only_with_trigger.py
[2024-01-31T00:28:24.412+0100] {processor.py:830} INFO - Processing file /home/ubuntu/.local/lib/python3.10/site-packages/airflow/example_dags/example_latest_only_with_trigger.py for tasks to queue
[2024-01-31T00:28:24.413+0100] {logging_mixin.py:188} INFO - [2024-01-31T00:28:24.413+0100] {dagbag.py:538} INFO - Filling up the DagBag from /home/ubuntu/.local/lib/python3.10/site-packages/airflow/example_dags/example_latest_only_with_trigger.py
[2024-01-31T00:28:24.425+0100] {processor.py:840} INFO - DAG(s) 'latest_only_with_trigger' retrieved from /home/ubuntu/.local/lib/python3.10/site-packages/airflow/example_dags/example_latest_only_with_trigger.py
[2024-01-31T00:28:24.449+0100] {logging_mixin.py:188} INFO - [2024-01-31T00:28:24.449+0100] {dag.py:3033} INFO - Sync 1 DAGs
[2024-01-31T00:28:24.475+0100] {logging_mixin.py:188} INFO - [2024-01-31T00:28:24.475+0100] {dag.py:3820} INFO - Setting next_dagrun for latest_only_with_trigger to 2024-01-30T16:00:00+00:00, run_after=2024-01-30T20:00:00+00:00
[2024-01-31T00:28:24.528+0100] {processor.py:183} INFO - Processing /home/ubuntu/.local/lib/python3.10/site-packages/airflow/example_dags/example_latest_only_with_trigger.py took 0.124 seconds
[2024-01-31T00:29:41.931+0100] {processor.py:161} INFO - Started process (PID=11551) to work on /home/ubuntu/.local/lib/python3.10/site-packages/airflow/example_dags/example_latest_only_with_trigger.py
[2024-01-31T00:29:41.940+0100] {processor.py:830} INFO - Processing file /home/ubuntu/.local/lib/python3.10/site-packages/airflow/example_dags/example_latest_only_with_trigger.py for tasks to queue
[2024-01-31T00:29:41.942+0100] {logging_mixin.py:188} INFO - [2024-01-31T00:29:41.941+0100] {dagbag.py:538} INFO - Filling up the DagBag from /home/ubuntu/.local/lib/python3.10/site-packages/airflow/example_dags/example_latest_only_with_trigger.py
[2024-01-31T00:29:41.952+0100] {processor.py:840} INFO - DAG(s) 'latest_only_with_trigger' retrieved from /home/ubuntu/.local/lib/python3.10/site-packages/airflow/example_dags/example_latest_only_with_trigger.py
[2024-01-31T00:29:41.972+0100] {logging_mixin.py:188} INFO - [2024-01-31T00:29:41.972+0100] {dag.py:3033} INFO - Sync 1 DAGs
[2024-01-31T00:29:41.995+0100] {logging_mixin.py:188} INFO - [2024-01-31T00:29:41.994+0100] {dag.py:3820} INFO - Setting next_dagrun for latest_only_with_trigger to 2024-01-30T16:00:00+00:00, run_after=2024-01-30T20:00:00+00:00
[2024-01-31T00:29:42.218+0100] {processor.py:183} INFO - Processing /home/ubuntu/.local/lib/python3.10/site-packages/airflow/example_dags/example_latest_only_with_trigger.py took 0.290 seconds
[2024-01-31T00:30:59.211+0100] {processor.py:161} INFO - Started process (PID=11618) to work on /home/ubuntu/.local/lib/python3.10/site-packages/airflow/example_dags/example_latest_only_with_trigger.py
[2024-01-31T00:30:59.242+0100] {processor.py:830} INFO - Processing file /home/ubuntu/.local/lib/python3.10/site-packages/airflow/example_dags/example_latest_only_with_trigger.py for tasks to queue
[2024-01-31T00:30:59.252+0100] {logging_mixin.py:188} INFO - [2024-01-31T00:30:59.243+0100] {dagbag.py:538} INFO - Filling up the DagBag from /home/ubuntu/.local/lib/python3.10/site-packages/airflow/example_dags/example_latest_only_with_trigger.py
[2024-01-31T00:30:59.268+0100] {processor.py:840} INFO - DAG(s) 'latest_only_with_trigger' retrieved from /home/ubuntu/.local/lib/python3.10/site-packages/airflow/example_dags/example_latest_only_with_trigger.py
[2024-01-31T00:30:59.318+0100] {logging_mixin.py:188} INFO - [2024-01-31T00:30:59.318+0100] {dag.py:3033} INFO - Sync 1 DAGs
[2024-01-31T00:30:59.411+0100] {logging_mixin.py:188} INFO - [2024-01-31T00:30:59.410+0100] {dag.py:3820} INFO - Setting next_dagrun for latest_only_with_trigger to 2024-01-30T16:00:00+00:00, run_after=2024-01-30T20:00:00+00:00
[2024-01-31T00:30:59.840+0100] {processor.py:183} INFO - Processing /home/ubuntu/.local/lib/python3.10/site-packages/airflow/example_dags/example_latest_only_with_trigger.py took 0.642 seconds
[2024-01-31T00:32:17.122+0100] {processor.py:161} INFO - Started process (PID=11684) to work on /home/ubuntu/.local/lib/python3.10/site-packages/airflow/example_dags/example_latest_only_with_trigger.py
[2024-01-31T00:32:17.125+0100] {processor.py:830} INFO - Processing file /home/ubuntu/.local/lib/python3.10/site-packages/airflow/example_dags/example_latest_only_with_trigger.py for tasks to queue
[2024-01-31T00:32:17.127+0100] {logging_mixin.py:188} INFO - [2024-01-31T00:32:17.126+0100] {dagbag.py:538} INFO - Filling up the DagBag from /home/ubuntu/.local/lib/python3.10/site-packages/airflow/example_dags/example_latest_only_with_trigger.py
[2024-01-31T00:32:17.141+0100] {processor.py:840} INFO - DAG(s) 'latest_only_with_trigger' retrieved from /home/ubuntu/.local/lib/python3.10/site-packages/airflow/example_dags/example_latest_only_with_trigger.py
[2024-01-31T00:32:17.164+0100] {logging_mixin.py:188} INFO - [2024-01-31T00:32:17.164+0100] {dag.py:3033} INFO - Sync 1 DAGs
[2024-01-31T00:32:17.190+0100] {logging_mixin.py:188} INFO - [2024-01-31T00:32:17.189+0100] {dag.py:3820} INFO - Setting next_dagrun for latest_only_with_trigger to 2024-01-30T16:00:00+00:00, run_after=2024-01-30T20:00:00+00:00
[2024-01-31T00:32:17.365+0100] {processor.py:183} INFO - Processing /home/ubuntu/.local/lib/python3.10/site-packages/airflow/example_dags/example_latest_only_with_trigger.py took 0.248 seconds
[2024-01-31T00:33:33.785+0100] {processor.py:161} INFO - Started process (PID=11765) to work on /home/ubuntu/.local/lib/python3.10/site-packages/airflow/example_dags/example_latest_only_with_trigger.py
[2024-01-31T00:33:33.794+0100] {processor.py:830} INFO - Processing file /home/ubuntu/.local/lib/python3.10/site-packages/airflow/example_dags/example_latest_only_with_trigger.py for tasks to queue
[2024-01-31T00:33:33.806+0100] {logging_mixin.py:188} INFO - [2024-01-31T00:33:33.806+0100] {dagbag.py:538} INFO - Filling up the DagBag from /home/ubuntu/.local/lib/python3.10/site-packages/airflow/example_dags/example_latest_only_with_trigger.py
[2024-01-31T00:33:33.846+0100] {processor.py:840} INFO - DAG(s) 'latest_only_with_trigger' retrieved from /home/ubuntu/.local/lib/python3.10/site-packages/airflow/example_dags/example_latest_only_with_trigger.py
[2024-01-31T00:33:33.877+0100] {logging_mixin.py:188} INFO - [2024-01-31T00:33:33.875+0100] {dag.py:3033} INFO - Sync 1 DAGs
[2024-01-31T00:33:33.923+0100] {logging_mixin.py:188} INFO - [2024-01-31T00:33:33.922+0100] {dag.py:3820} INFO - Setting next_dagrun for latest_only_with_trigger to 2024-01-30T16:00:00+00:00, run_after=2024-01-30T20:00:00+00:00
[2024-01-31T00:33:34.082+0100] {processor.py:183} INFO - Processing /home/ubuntu/.local/lib/python3.10/site-packages/airflow/example_dags/example_latest_only_with_trigger.py took 0.308 seconds
[2024-01-31T00:34:46.762+0100] {processor.py:161} INFO - Started process (PID=11828) to work on /home/ubuntu/.local/lib/python3.10/site-packages/airflow/example_dags/example_latest_only_with_trigger.py
[2024-01-31T00:34:46.765+0100] {processor.py:830} INFO - Processing file /home/ubuntu/.local/lib/python3.10/site-packages/airflow/example_dags/example_latest_only_with_trigger.py for tasks to queue
[2024-01-31T00:34:46.766+0100] {logging_mixin.py:188} INFO - [2024-01-31T00:34:46.766+0100] {dagbag.py:538} INFO - Filling up the DagBag from /home/ubuntu/.local/lib/python3.10/site-packages/airflow/example_dags/example_latest_only_with_trigger.py
[2024-01-31T00:34:46.776+0100] {processor.py:840} INFO - DAG(s) 'latest_only_with_trigger' retrieved from /home/ubuntu/.local/lib/python3.10/site-packages/airflow/example_dags/example_latest_only_with_trigger.py
[2024-01-31T00:34:46.800+0100] {logging_mixin.py:188} INFO - [2024-01-31T00:34:46.799+0100] {dag.py:3033} INFO - Sync 1 DAGs
[2024-01-31T00:34:46.840+0100] {logging_mixin.py:188} INFO - [2024-01-31T00:34:46.840+0100] {dag.py:3820} INFO - Setting next_dagrun for latest_only_with_trigger to 2024-01-30T16:00:00+00:00, run_after=2024-01-30T20:00:00+00:00
[2024-01-31T00:34:47.112+0100] {processor.py:183} INFO - Processing /home/ubuntu/.local/lib/python3.10/site-packages/airflow/example_dags/example_latest_only_with_trigger.py took 0.354 seconds
[2024-01-31T00:35:53.501+0100] {processor.py:161} INFO - Started process (PID=11889) to work on /home/ubuntu/.local/lib/python3.10/site-packages/airflow/example_dags/example_latest_only_with_trigger.py
[2024-01-31T00:35:53.504+0100] {processor.py:830} INFO - Processing file /home/ubuntu/.local/lib/python3.10/site-packages/airflow/example_dags/example_latest_only_with_trigger.py for tasks to queue
[2024-01-31T00:35:53.506+0100] {logging_mixin.py:188} INFO - [2024-01-31T00:35:53.506+0100] {dagbag.py:538} INFO - Filling up the DagBag from /home/ubuntu/.local/lib/python3.10/site-packages/airflow/example_dags/example_latest_only_with_trigger.py
[2024-01-31T00:35:53.516+0100] {processor.py:840} INFO - DAG(s) 'latest_only_with_trigger' retrieved from /home/ubuntu/.local/lib/python3.10/site-packages/airflow/example_dags/example_latest_only_with_trigger.py
[2024-01-31T00:35:53.536+0100] {logging_mixin.py:188} INFO - [2024-01-31T00:35:53.536+0100] {dag.py:3033} INFO - Sync 1 DAGs
[2024-01-31T00:35:53.555+0100] {logging_mixin.py:188} INFO - [2024-01-31T00:35:53.555+0100] {dag.py:3820} INFO - Setting next_dagrun for latest_only_with_trigger to 2024-01-30T16:00:00+00:00, run_after=2024-01-30T20:00:00+00:00
[2024-01-31T00:35:53.742+0100] {processor.py:183} INFO - Processing /home/ubuntu/.local/lib/python3.10/site-packages/airflow/example_dags/example_latest_only_with_trigger.py took 0.245 seconds
[2024-01-31T00:36:56.561+0100] {processor.py:161} INFO - Started process (PID=11949) to work on /home/ubuntu/.local/lib/python3.10/site-packages/airflow/example_dags/example_latest_only_with_trigger.py
[2024-01-31T00:36:56.574+0100] {processor.py:830} INFO - Processing file /home/ubuntu/.local/lib/python3.10/site-packages/airflow/example_dags/example_latest_only_with_trigger.py for tasks to queue
[2024-01-31T00:36:56.577+0100] {logging_mixin.py:188} INFO - [2024-01-31T00:36:56.576+0100] {dagbag.py:538} INFO - Filling up the DagBag from /home/ubuntu/.local/lib/python3.10/site-packages/airflow/example_dags/example_latest_only_with_trigger.py
[2024-01-31T00:36:56.595+0100] {processor.py:840} INFO - DAG(s) 'latest_only_with_trigger' retrieved from /home/ubuntu/.local/lib/python3.10/site-packages/airflow/example_dags/example_latest_only_with_trigger.py
[2024-01-31T00:36:56.626+0100] {logging_mixin.py:188} INFO - [2024-01-31T00:36:56.626+0100] {dag.py:3033} INFO - Sync 1 DAGs
[2024-01-31T00:36:56.651+0100] {logging_mixin.py:188} INFO - [2024-01-31T00:36:56.650+0100] {dag.py:3820} INFO - Setting next_dagrun for latest_only_with_trigger to 2024-01-30T16:00:00+00:00, run_after=2024-01-30T20:00:00+00:00
[2024-01-31T00:36:56.707+0100] {processor.py:183} INFO - Processing /home/ubuntu/.local/lib/python3.10/site-packages/airflow/example_dags/example_latest_only_with_trigger.py took 0.153 seconds
[2024-01-31T00:38:10.196+0100] {processor.py:161} INFO - Started process (PID=12019) to work on /home/ubuntu/.local/lib/python3.10/site-packages/airflow/example_dags/example_latest_only_with_trigger.py
[2024-01-31T00:38:10.198+0100] {processor.py:830} INFO - Processing file /home/ubuntu/.local/lib/python3.10/site-packages/airflow/example_dags/example_latest_only_with_trigger.py for tasks to queue
[2024-01-31T00:38:10.205+0100] {logging_mixin.py:188} INFO - [2024-01-31T00:38:10.205+0100] {dagbag.py:538} INFO - Filling up the DagBag from /home/ubuntu/.local/lib/python3.10/site-packages/airflow/example_dags/example_latest_only_with_trigger.py
[2024-01-31T00:38:10.233+0100] {processor.py:840} INFO - DAG(s) 'latest_only_with_trigger' retrieved from /home/ubuntu/.local/lib/python3.10/site-packages/airflow/example_dags/example_latest_only_with_trigger.py
[2024-01-31T00:38:10.258+0100] {logging_mixin.py:188} INFO - [2024-01-31T00:38:10.257+0100] {dag.py:3033} INFO - Sync 1 DAGs
[2024-01-31T00:38:10.282+0100] {logging_mixin.py:188} INFO - [2024-01-31T00:38:10.282+0100] {dag.py:3820} INFO - Setting next_dagrun for latest_only_with_trigger to 2024-01-30T16:00:00+00:00, run_after=2024-01-30T20:00:00+00:00
[2024-01-31T00:38:10.457+0100] {processor.py:183} INFO - Processing /home/ubuntu/.local/lib/python3.10/site-packages/airflow/example_dags/example_latest_only_with_trigger.py took 0.268 seconds
[2024-01-31T00:39:20.954+0100] {processor.py:161} INFO - Started process (PID=12084) to work on /home/ubuntu/.local/lib/python3.10/site-packages/airflow/example_dags/example_latest_only_with_trigger.py
[2024-01-31T00:39:20.956+0100] {processor.py:830} INFO - Processing file /home/ubuntu/.local/lib/python3.10/site-packages/airflow/example_dags/example_latest_only_with_trigger.py for tasks to queue
[2024-01-31T00:39:20.958+0100] {logging_mixin.py:188} INFO - [2024-01-31T00:39:20.957+0100] {dagbag.py:538} INFO - Filling up the DagBag from /home/ubuntu/.local/lib/python3.10/site-packages/airflow/example_dags/example_latest_only_with_trigger.py
[2024-01-31T00:39:20.970+0100] {processor.py:840} INFO - DAG(s) 'latest_only_with_trigger' retrieved from /home/ubuntu/.local/lib/python3.10/site-packages/airflow/example_dags/example_latest_only_with_trigger.py
[2024-01-31T00:39:21.001+0100] {logging_mixin.py:188} INFO - [2024-01-31T00:39:21.001+0100] {dag.py:3033} INFO - Sync 1 DAGs
[2024-01-31T00:39:21.038+0100] {logging_mixin.py:188} INFO - [2024-01-31T00:39:21.038+0100] {dag.py:3820} INFO - Setting next_dagrun for latest_only_with_trigger to 2024-01-30T16:00:00+00:00, run_after=2024-01-30T20:00:00+00:00
[2024-01-31T00:39:21.089+0100] {processor.py:183} INFO - Processing /home/ubuntu/.local/lib/python3.10/site-packages/airflow/example_dags/example_latest_only_with_trigger.py took 0.143 seconds
[2024-01-31T00:40:29.502+0100] {processor.py:161} INFO - Started process (PID=12144) to work on /home/ubuntu/.local/lib/python3.10/site-packages/airflow/example_dags/example_latest_only_with_trigger.py
[2024-01-31T00:40:29.504+0100] {processor.py:830} INFO - Processing file /home/ubuntu/.local/lib/python3.10/site-packages/airflow/example_dags/example_latest_only_with_trigger.py for tasks to queue
[2024-01-31T00:40:29.506+0100] {logging_mixin.py:188} INFO - [2024-01-31T00:40:29.505+0100] {dagbag.py:538} INFO - Filling up the DagBag from /home/ubuntu/.local/lib/python3.10/site-packages/airflow/example_dags/example_latest_only_with_trigger.py
[2024-01-31T00:40:29.517+0100] {processor.py:840} INFO - DAG(s) 'latest_only_with_trigger' retrieved from /home/ubuntu/.local/lib/python3.10/site-packages/airflow/example_dags/example_latest_only_with_trigger.py
[2024-01-31T00:40:29.561+0100] {logging_mixin.py:188} INFO - [2024-01-31T00:40:29.561+0100] {dag.py:3033} INFO - Sync 1 DAGs
[2024-01-31T00:40:29.588+0100] {logging_mixin.py:188} INFO - [2024-01-31T00:40:29.588+0100] {dag.py:3820} INFO - Setting next_dagrun for latest_only_with_trigger to 2024-01-30T16:00:00+00:00, run_after=2024-01-30T20:00:00+00:00
[2024-01-31T00:40:29.674+0100] {processor.py:183} INFO - Processing /home/ubuntu/.local/lib/python3.10/site-packages/airflow/example_dags/example_latest_only_with_trigger.py took 0.179 seconds
[2024-01-31T00:41:40.230+0100] {processor.py:161} INFO - Started process (PID=12205) to work on /home/ubuntu/.local/lib/python3.10/site-packages/airflow/example_dags/example_latest_only_with_trigger.py
[2024-01-31T00:41:40.235+0100] {processor.py:830} INFO - Processing file /home/ubuntu/.local/lib/python3.10/site-packages/airflow/example_dags/example_latest_only_with_trigger.py for tasks to queue
[2024-01-31T00:41:40.237+0100] {logging_mixin.py:188} INFO - [2024-01-31T00:41:40.236+0100] {dagbag.py:538} INFO - Filling up the DagBag from /home/ubuntu/.local/lib/python3.10/site-packages/airflow/example_dags/example_latest_only_with_trigger.py
[2024-01-31T00:41:40.255+0100] {processor.py:840} INFO - DAG(s) 'latest_only_with_trigger' retrieved from /home/ubuntu/.local/lib/python3.10/site-packages/airflow/example_dags/example_latest_only_with_trigger.py
[2024-01-31T00:41:40.284+0100] {logging_mixin.py:188} INFO - [2024-01-31T00:41:40.284+0100] {dag.py:3033} INFO - Sync 1 DAGs
[2024-01-31T00:41:40.368+0100] {logging_mixin.py:188} INFO - [2024-01-31T00:41:40.368+0100] {dag.py:3820} INFO - Setting next_dagrun for latest_only_with_trigger to 2024-01-30T16:00:00+00:00, run_after=2024-01-30T20:00:00+00:00
[2024-01-31T00:41:40.577+0100] {processor.py:183} INFO - Processing /home/ubuntu/.local/lib/python3.10/site-packages/airflow/example_dags/example_latest_only_with_trigger.py took 0.351 seconds
[2024-01-31T00:42:49.651+0100] {processor.py:161} INFO - Started process (PID=12267) to work on /home/ubuntu/.local/lib/python3.10/site-packages/airflow/example_dags/example_latest_only_with_trigger.py
[2024-01-31T00:42:49.657+0100] {processor.py:830} INFO - Processing file /home/ubuntu/.local/lib/python3.10/site-packages/airflow/example_dags/example_latest_only_with_trigger.py for tasks to queue
[2024-01-31T00:42:49.658+0100] {logging_mixin.py:188} INFO - [2024-01-31T00:42:49.657+0100] {dagbag.py:538} INFO - Filling up the DagBag from /home/ubuntu/.local/lib/python3.10/site-packages/airflow/example_dags/example_latest_only_with_trigger.py
[2024-01-31T00:42:49.667+0100] {processor.py:840} INFO - DAG(s) 'latest_only_with_trigger' retrieved from /home/ubuntu/.local/lib/python3.10/site-packages/airflow/example_dags/example_latest_only_with_trigger.py
[2024-01-31T00:42:49.689+0100] {logging_mixin.py:188} INFO - [2024-01-31T00:42:49.689+0100] {dag.py:3033} INFO - Sync 1 DAGs
[2024-01-31T00:42:49.722+0100] {logging_mixin.py:188} INFO - [2024-01-31T00:42:49.721+0100] {dag.py:3820} INFO - Setting next_dagrun for latest_only_with_trigger to 2024-01-30T16:00:00+00:00, run_after=2024-01-30T20:00:00+00:00
[2024-01-31T00:42:49.821+0100] {processor.py:183} INFO - Processing /home/ubuntu/.local/lib/python3.10/site-packages/airflow/example_dags/example_latest_only_with_trigger.py took 0.173 seconds
[2024-01-31T00:43:54.529+0100] {processor.py:161} INFO - Started process (PID=12328) to work on /home/ubuntu/.local/lib/python3.10/site-packages/airflow/example_dags/example_latest_only_with_trigger.py
[2024-01-31T00:43:54.534+0100] {processor.py:830} INFO - Processing file /home/ubuntu/.local/lib/python3.10/site-packages/airflow/example_dags/example_latest_only_with_trigger.py for tasks to queue
[2024-01-31T00:43:54.545+0100] {logging_mixin.py:188} INFO - [2024-01-31T00:43:54.539+0100] {dagbag.py:538} INFO - Filling up the DagBag from /home/ubuntu/.local/lib/python3.10/site-packages/airflow/example_dags/example_latest_only_with_trigger.py
[2024-01-31T00:43:54.562+0100] {processor.py:840} INFO - DAG(s) 'latest_only_with_trigger' retrieved from /home/ubuntu/.local/lib/python3.10/site-packages/airflow/example_dags/example_latest_only_with_trigger.py
[2024-01-31T00:43:54.683+0100] {logging_mixin.py:188} INFO - [2024-01-31T00:43:54.682+0100] {dag.py:3033} INFO - Sync 1 DAGs
[2024-01-31T00:43:54.760+0100] {logging_mixin.py:188} INFO - [2024-01-31T00:43:54.760+0100] {dag.py:3820} INFO - Setting next_dagrun for latest_only_with_trigger to 2024-01-30T16:00:00+00:00, run_after=2024-01-30T20:00:00+00:00
[2024-01-31T00:43:54.874+0100] {processor.py:183} INFO - Processing /home/ubuntu/.local/lib/python3.10/site-packages/airflow/example_dags/example_latest_only_with_trigger.py took 0.351 seconds
[2024-01-31T00:45:05.382+0100] {processor.py:161} INFO - Started process (PID=12391) to work on /home/ubuntu/.local/lib/python3.10/site-packages/airflow/example_dags/example_latest_only_with_trigger.py
[2024-01-31T00:45:05.386+0100] {processor.py:830} INFO - Processing file /home/ubuntu/.local/lib/python3.10/site-packages/airflow/example_dags/example_latest_only_with_trigger.py for tasks to queue
[2024-01-31T00:45:05.388+0100] {logging_mixin.py:188} INFO - [2024-01-31T00:45:05.388+0100] {dagbag.py:538} INFO - Filling up the DagBag from /home/ubuntu/.local/lib/python3.10/site-packages/airflow/example_dags/example_latest_only_with_trigger.py
[2024-01-31T00:45:05.401+0100] {processor.py:840} INFO - DAG(s) 'latest_only_with_trigger' retrieved from /home/ubuntu/.local/lib/python3.10/site-packages/airflow/example_dags/example_latest_only_with_trigger.py
[2024-01-31T00:45:05.426+0100] {logging_mixin.py:188} INFO - [2024-01-31T00:45:05.426+0100] {dag.py:3033} INFO - Sync 1 DAGs
[2024-01-31T00:45:05.476+0100] {logging_mixin.py:188} INFO - [2024-01-31T00:45:05.476+0100] {dag.py:3820} INFO - Setting next_dagrun for latest_only_with_trigger to 2024-01-30T16:00:00+00:00, run_after=2024-01-30T20:00:00+00:00
[2024-01-31T00:45:05.587+0100] {processor.py:183} INFO - Processing /home/ubuntu/.local/lib/python3.10/site-packages/airflow/example_dags/example_latest_only_with_trigger.py took 0.238 seconds
                                                                                                                                                                                                                                                                                       