[2024-01-30T23:17:29.331+0100] {processor.py:161} INFO - Started process (PID=6441) to work on /home/ubuntu/.local/lib/python3.10/site-packages/airflow/example_dags/example_branch_labels.py
[2024-01-30T23:17:29.342+0100] {processor.py:830} INFO - Processing file /home/ubuntu/.local/lib/python3.10/site-packages/airflow/example_dags/example_branch_labels.py for tasks to queue
[2024-01-30T23:17:29.348+0100] {logging_mixin.py:188} INFO - [2024-01-30T23:17:29.346+0100] {dagbag.py:538} INFO - Filling up the DagBag from /home/ubuntu/.local/lib/python3.10/site-packages/airflow/example_dags/example_branch_labels.py
[2024-01-30T23:17:29.468+0100] {processor.py:840} INFO - DAG(s) 'example_branch_labels' retrieved from /home/ubuntu/.local/lib/python3.10/site-packages/airflow/example_dags/example_branch_labels.py
[2024-01-30T23:17:30.063+0100] {logging_mixin.py:188} INFO - [2024-01-30T23:17:30.062+0100] {dag.py:3033} INFO - Sync 1 DAGs
[2024-01-30T23:17:30.104+0100] {logging_mixin.py:188} INFO - [2024-01-30T23:17:30.103+0100] {dag.py:3820} INFO - Setting next_dagrun for example_branch_labels to 2024-01-29T00:00:00+00:00, run_after=2024-01-30T00:00:00+00:00
[2024-01-30T23:17:30.226+0100] {processor.py:183} INFO - Processing /home/ubuntu/.local/lib/python3.10/site-packages/airflow/example_dags/example_branch_labels.py took 0.967 seconds
[2024-01-30T23:19:48.256+0100] {processor.py:161} INFO - Started process (PID=7617) to work on /home/ubuntu/.local/lib/python3.10/site-packages/airflow/example_dags/example_branch_labels.py
[2024-01-30T23:19:48.328+0100] {processor.py:830} INFO - Processing file /home/ubuntu/.local/lib/python3.10/site-packages/airflow/example_dags/example_branch_labels.py for tasks to queue
[2024-01-30T23:19:48.330+0100] {logging_mixin.py:188} INFO - [2024-01-30T23:19:48.330+0100] {dagbag.py:538} INFO - Filling up the DagBag from /home/ubuntu/.local/lib/python3.10/site-packages/airflow/example_dags/example_branch_labels.py
[2024-01-30T23:19:48.380+0100] {processor.py:840} INFO - DAG(s) 'example_branch_labels' retrieved from /home/ubuntu/.local/lib/python3.10/site-packages/airflow/example_dags/example_branch_labels.py
[2024-01-30T23:19:48.441+0100] {logging_mixin.py:188} INFO - [2024-01-30T23:19:48.440+0100] {dag.py:3033} INFO - Sync 1 DAGs
[2024-01-30T23:19:48.506+0100] {logging_mixin.py:188} INFO - [2024-01-30T23:19:48.506+0100] {dag.py:3820} INFO - Setting next_dagrun for example_branch_labels to 2024-01-29T00:00:00+00:00, run_after=2024-01-30T00:00:00+00:00
[2024-01-30T23:19:48.670+0100] {processor.py:183} INFO - Processing /home/ubuntu/.local/lib/python3.10/site-packages/airflow/example_dags/example_branch_labels.py took 0.426 seconds
[2024-01-30T23:22:42.632+0100] {processor.py:161} INFO - Started process (PID=7831) to work on /home/ubuntu/.local/lib/python3.10/site-packages/airflow/example_dags/example_branch_labels.py
[2024-01-30T23:22:42.673+0100] {processor.py:830} INFO - Processing file /home/ubuntu/.local/lib/python3.10/site-packages/airflow/example_dags/example_branch_labels.py for tasks to queue
[2024-01-30T23:22:42.691+0100] {logging_mixin.py:188} INFO - [2024-01-30T23:22:42.674+0100] {dagbag.py:538} INFO - Filling up the DagBag from /home/ubuntu/.local/lib/python3.10/site-packages/airflow/example_dags/example_branch_labels.py
[2024-01-30T23:22:42.751+0100] {processor.py:840} INFO - DAG(s) 'example_branch_labels' retrieved from /home/ubuntu/.local/lib/python3.10/site-packages/airflow/example_dags/example_branch_labels.py
[2024-01-30T23:22:42.834+0100] {logging_mixin.py:188} INFO - [2024-01-30T23:22:42.833+0100] {dag.py:3033} INFO - Sync 1 DAGs
[2024-01-30T23:22:42.891+0100] {logging_mixin.py:188} INFO - [2024-01-30T23:22:42.891+0100] {dag.py:3820} INFO - Setting next_dagrun for example_branch_labels to 2024-01-29T00:00:00+00:00, run_after=2024-01-30T00:00:00+00:00
[2024-01-30T23:22:43.319+0100] {processor.py:183} INFO - Processing /home/ubuntu/.local/lib/python3.10/site-packages/airflow/example_dags/example_branch_labels.py took 0.692 seconds
[2024-01-30T23:24:55.951+0100] {processor.py:161} INFO - Started process (PID=7925) to work on /home/ubuntu/.local/lib/python3.10/site-packages/airflow/example_dags/example_branch_labels.py
[2024-01-30T23:24:55.980+0100] {processor.py:830} INFO - Processing file /home/ubuntu/.local/lib/python3.10/site-packages/airflow/example_dags/example_branch_labels.py for tasks to queue
[2024-01-30T23:24:55.993+0100] {logging_mixin.py:188} INFO - [2024-01-30T23:24:55.993+0100] {dagbag.py:538} INFO - Filling up the DagBag from /home/ubuntu/.local/lib/python3.10/site-packages/airflow/example_dags/example_branch_labels.py
[2024-01-30T23:24:56.018+0100] {processor.py:840} INFO - DAG(s) 'example_branch_labels' retrieved from /home/ubuntu/.local/lib/python3.10/site-packages/airflow/example_dags/example_branch_labels.py
[2024-01-30T23:24:56.088+0100] {logging_mixin.py:188} INFO - [2024-01-30T23:24:56.083+0100] {dag.py:3033} INFO - Sync 1 DAGs
[2024-01-30T23:24:56.163+0100] {logging_mixin.py:188} INFO - [2024-01-30T23:24:56.163+0100] {dag.py:3820} INFO - Setting next_dagrun for example_branch_labels to 2024-01-29T00:00:00+00:00, run_after=2024-01-30T00:00:00+00:00
[2024-01-30T23:24:56.343+0100] {processor.py:183} INFO - Processing /home/ubuntu/.local/lib/python3.10/site-packages/airflow/example_dags/example_branch_labels.py took 0.424 seconds
[2024-01-30T23:26:20.081+0100] {processor.py:161} INFO - Started process (PID=7999) to work on /home/ubuntu/.local/lib/python3.10/site-packages/airflow/example_dags/example_branch_labels.py
[2024-01-30T23:26:20.084+0100] {processor.py:830} INFO - Processing file /home/ubuntu/.local/lib/python3.10/site-packages/airflow/example_dags/example_branch_labels.py for tasks to queue
[2024-01-30T23:26:20.086+0100] {logging_mixin.py:188} INFO - [2024-01-30T23:26:20.085+0100] {dagbag.py:538} INFO - Filling up the DagBag from /home/ubuntu/.local/lib/python3.10/site-packages/airflow/example_dags/example_branch_labels.py
[2024-01-30T23:26:20.108+0100] {processor.py:840} INFO - DAG(s) 'example_branch_labels' retrieved from /home/ubuntu/.local/lib/python3.10/site-packages/airflow/example_dags/example_branch_labels.py
[2024-01-30T23:26:20.148+0100] {logging_mixin.py:188} INFO - [2024-01-30T23:26:20.148+0100] {dag.py:3033} INFO - Sync 1 DAGs
[2024-01-30T23:26:20.172+0100] {logging_mixin.py:188} INFO - [2024-01-30T23:26:20.172+0100] {dag.py:3820} INFO - Setting next_dagrun for example_branch_labels to 2024-01-29T00:00:00+00:00, run_after=2024-01-30T00:00:00+00:00
[2024-01-30T23:26:20.356+0100] {processor.py:183} INFO - Processing /home/ubuntu/.local/lib/python3.10/site-packages/airflow/example_dags/example_branch_labels.py took 0.279 seconds
[2024-01-30T23:27:50.721+0100] {processor.py:161} INFO - Started process (PID=8087) to work on /home/ubuntu/.local/lib/python3.10/site-packages/airflow/example_dags/example_branch_labels.py
[2024-01-30T23:27:50.724+0100] {processor.py:830} INFO - Processing file /home/ubuntu/.local/lib/python3.10/site-packages/airflow/example_dags/example_branch_labels.py for tasks to queue
[2024-01-30T23:27:50.726+0100] {logging_mixin.py:188} INFO - [2024-01-30T23:27:50.725+0100] {dagbag.py:538} INFO - Filling up the DagBag from /home/ubuntu/.local/lib/python3.10/site-packages/airflow/example_dags/example_branch_labels.py
[2024-01-30T23:27:50.741+0100] {processor.py:840} INFO - DAG(s) 'example_branch_labels' retrieved from /home/ubuntu/.local/lib/python3.10/site-packages/airflow/example_dags/example_branch_labels.py
[2024-01-30T23:27:50.779+0100] {logging_mixin.py:188} INFO - [2024-01-30T23:27:50.779+0100] {dag.py:3033} INFO - Sync 1 DAGs
[2024-01-30T23:27:50.921+0100] {logging_mixin.py:188} INFO - [2024-01-30T23:27:50.921+0100] {dag.py:3820} INFO - Setting next_dagrun for example_branch_labels to 2024-01-29T00:00:00+00:00, run_after=2024-01-30T00:00:00+00:00
[2024-01-30T23:27:51.060+0100] {processor.py:183} INFO - Processing /home/ubuntu/.local/lib/python3.10/site-packages/airflow/example_dags/example_branch_labels.py took 0.346 seconds
[2024-01-30T23:29:13.997+0100] {processor.py:161} INFO - Started process (PID=8159) to work on /home/ubuntu/.local/lib/python3.10/site-packages/airflow/example_dags/example_branch_labels.py
[2024-01-30T23:29:14.032+0100] {processor.py:830} INFO - Processing file /home/ubuntu/.local/lib/python3.10/site-packages/airflow/example_dags/example_branch_labels.py for tasks to queue
[2024-01-30T23:29:14.034+0100] {logging_mixin.py:188} INFO - [2024-01-30T23:29:14.033+0100] {dagbag.py:538} INFO - Filling up the DagBag from /home/ubuntu/.local/lib/python3.10/site-packages/airflow/example_dags/example_branch_labels.py
[2024-01-30T23:29:14.051+0100] {processor.py:840} INFO - DAG(s) 'example_branch_labels' retrieved from /home/ubuntu/.local/lib/python3.10/site-packages/airflow/example_dags/example_branch_labels.py
[2024-01-30T23:29:14.109+0100] {logging_mixin.py:188} INFO - [2024-01-30T23:29:14.108+0100] {dag.py:3033} INFO - Sync 1 DAGs
[2024-01-30T23:29:14.177+0100] {logging_mixin.py:188} INFO - [2024-01-30T23:29:14.176+0100] {dag.py:3820} INFO - Setting next_dagrun for example_branch_labels to 2024-01-29T00:00:00+00:00, run_after=2024-01-30T00:00:00+00:00
[2024-01-30T23:29:14.473+0100] {processor.py:183} INFO - Processing /home/ubuntu/.local/lib/python3.10/site-packages/airflow/example_dags/example_branch_labels.py took 0.481 seconds
[2024-01-30T23:30:33.205+0100] {processor.py:161} INFO - Started process (PID=8240) to work on /home/ubuntu/.local/lib/python3.10/site-packages/airflow/example_dags/example_branch_labels.py
[2024-01-30T23:30:33.209+0100] {processor.py:830} INFO - Processing file /home/ubuntu/.local/lib/python3.10/site-packages/airflow/example_dags/example_branch_labels.py for tasks to queue
[2024-01-30T23:30:33.212+0100] {logging_mixin.py:188} INFO - [2024-01-30T23:30:33.211+0100] {dagbag.py:538} INFO - Filling up the DagBag from /home/ubuntu/.local/lib/python3.10/site-packages/airflow/example_dags/example_branch_labels.py
[2024-01-30T23:30:33.222+0100] {processor.py:840} INFO - DAG(s) 'example_branch_labels' retrieved from /home/ubuntu/.local/lib/python3.10/site-packages/airflow/example_dags/example_branch_labels.py
[2024-01-30T23:30:33.256+0100] {logging_mixin.py:188} INFO - [2024-01-30T23:30:33.256+0100] {dag.py:3033} INFO - Sync 1 DAGs
[2024-01-30T23:30:33.282+0100] {logging_mixin.py:188} INFO - [2024-01-30T23:30:33.280+0100] {dag.py:3820} INFO - Setting next_dagrun for example_branch_labels to 2024-01-29T00:00:00+00:00, run_after=2024-01-30T00:00:00+00:00
[2024-01-30T23:30:33.426+0100] {processor.py:183} INFO - Processing /home/ubuntu/.local/lib/python3.10/site-packages/airflow/example_dags/example_branch_labels.py took 0.225 seconds
[2024-01-30T23:31:48.053+0100] {processor.py:161} INFO - Started process (PID=8301) to work on /home/ubuntu/.local/lib/python3.10/site-packages/airflow/example_dags/example_branch_labels.py
[2024-01-30T23:31:48.077+0100] {processor.py:830} INFO - Processing file /home/ubuntu/.local/lib/python3.10/site-packages/airflow/example_dags/example_branch_labels.py for tasks to queue
[2024-01-30T23:31:48.088+0100] {logging_mixin.py:188} INFO - [2024-01-30T23:31:48.083+0100] {dagbag.py:538} INFO - Filling up the DagBag from /home/ubuntu/.local/lib/python3.10/site-packages/airflow/example_dags/example_branch_labels.py
[2024-01-30T23:31:48.141+0100] {processor.py:840} INFO - DAG(s) 'example_branch_labels' retrieved from /home/ubuntu/.local/lib/python3.10/site-packages/airflow/example_dags/example_branch_labels.py
[2024-01-30T23:31:48.239+0100] {logging_mixin.py:188} INFO - [2024-01-30T23:31:48.239+0100] {dag.py:3033} INFO - Sync 1 DAGs
[2024-01-30T23:31:48.306+0100] {logging_mixin.py:188} INFO - [2024-01-30T23:31:48.306+0100] {dag.py:3820} INFO - Setting next_dagrun for example_branch_labels to 2024-01-29T00:00:00+00:00, run_after=2024-01-30T00:00:00+00:00
[2024-01-30T23:31:48.649+0100] {processor.py:183} INFO - Processing /home/ubuntu/.local/lib/python3.10/site-packages/airflow/example_dags/example_branch_labels.py took 0.639 seconds
[2024-01-30T23:33:18.217+0100] {processor.py:161} INFO - Started process (PID=8385) to work on /home/ubuntu/.local/lib/python3.10/site-packages/airflow/example_dags/example_branch_labels.py
[2024-01-30T23:33:18.231+0100] {processor.py:830} INFO - Processing file /home/ubuntu/.local/lib/python3.10/site-packages/airflow/example_dags/example_branch_labels.py for tasks to queue
[2024-01-30T23:33:18.233+0100] {logging_mixin.py:188} INFO - [2024-01-30T23:33:18.232+0100] {dagbag.py:538} INFO - Filling up the DagBag from /home/ubuntu/.local/lib/python3.10/site-packages/airflow/example_dags/example_branch_labels.py
[2024-01-30T23:33:18.251+0100] {processor.py:840} INFO - DAG(s) 'example_branch_labels' retrieved from /home/ubuntu/.local/lib/python3.10/site-packages/airflow/example_dags/example_branch_labels.py
[2024-01-30T23:33:18.277+0100] {logging_mixin.py:188} INFO - [2024-01-30T23:33:18.277+0100] {dag.py:3033} INFO - Sync 1 DAGs
[2024-01-30T23:33:18.305+0100] {logging_mixin.py:188} INFO - [2024-01-30T23:33:18.305+0100] {dag.py:3820} INFO - Setting next_dagrun for example_branch_labels to 2024-01-29T00:00:00+00:00, run_after=2024-01-30T00:00:00+00:00
[2024-01-30T23:33:18.471+0100] {processor.py:183} INFO - Processing /home/ubuntu/.local/lib/python3.10/site-packages/airflow/example_dags/example_branch_labels.py took 0.268 seconds
[2024-01-30T23:34:40.374+0100] {processor.py:161} INFO - Started process (PID=8453) to work on /home/ubuntu/.local/lib/python3.10/site-packages/airflow/example_dags/example_branch_labels.py
[2024-01-30T23:34:40.376+0100] {processor.py:830} INFO - Processing file /home/ubuntu/.local/lib/python3.10/site-packages/airflow/example_dags/example_branch_labels.py for tasks to queue
[2024-01-30T23:34:40.378+0100] {logging_mixin.py:188} INFO - [2024-01-30T23:34:40.377+0100] {dagbag.py:538} INFO - Filling up the DagBag from /home/ubuntu/.local/lib/python3.10/site-packages/airflow/example_dags/example_branch_labels.py
[2024-01-30T23:34:40.409+0100] {processor.py:840} INFO - DAG(s) 'example_branch_labels' retrieved from /home/ubuntu/.local/lib/python3.10/site-packages/airflow/example_dags/example_branch_labels.py
[2024-01-30T23:34:40.439+0100] {logging_mixin.py:188} INFO - [2024-01-30T23:34:40.438+0100] {dag.py:3033} INFO - Sync 1 DAGs
[2024-01-30T23:34:40.537+0100] {logging_mixin.py:188} INFO - [2024-01-30T23:34:40.537+0100] {dag.py:3820} INFO - Setting next_dagrun for example_branch_labels to 2024-01-29T00:00:00+00:00, run_after=2024-01-30T00:00:00+00:00
[2024-01-30T23:34:40.817+0100] {processor.py:183} INFO - Processing /home/ubuntu/.local/lib/python3.10/site-packages/airflow/example_dags/example_branch_labels.py took 0.448 seconds
[2024-01-30T23:36:12.466+0100] {processor.py:161} INFO - Started process (PID=8531) to work on /home/ubuntu/.local/lib/python3.10/site-packages/airflow/example_dags/example_branch_labels.py
[2024-01-30T23:36:12.483+0100] {processor.py:830} INFO - Processing file /home/ubuntu/.local/lib/python3.10/site-packages/airflow/example_dags/example_branch_labels.py for tasks to queue
[2024-01-30T23:36:12.484+0100] {logging_mixin.py:188} INFO - [2024-01-30T23:36:12.484+0100] {dagbag.py:538} INFO - Filling up the DagBag from /home/ubuntu/.local/lib/python3.10/site-packages/airflow/example_dags/example_branch_labels.py
[2024-01-30T23:36:12.504+0100] {processor.py:840} INFO - DAG(s) 'example_branch_labels' retrieved from /home/ubuntu/.local/lib/python3.10/site-packages/airflow/example_dags/example_branch_labels.py
[2024-01-30T23:36:12.526+0100] {logging_mixin.py:188} INFO - [2024-01-30T23:36:12.526+0100] {dag.py:3033} INFO - Sync 1 DAGs
[2024-01-30T23:36:12.557+0100] {logging_mixin.py:188} INFO - [2024-01-30T23:36:12.557+0100] {dag.py:3820} INFO - Setting next_dagrun for example_branch_labels to 2024-01-29T00:00:00+00:00, run_after=2024-01-30T00:00:00+00:00
[2024-01-30T23:36:12.924+0100] {processor.py:183} INFO - Processing /home/ubuntu/.local/lib/python3.10/site-packages/airflow/example_dags/example_branch_labels.py took 0.465 seconds
[2024-01-30T23:37:50.192+0100] {processor.py:161} INFO - Started process (PID=8612) to work on /home/ubuntu/.local/lib/python3.10/site-packages/airflow/example_dags/example_branch_labels.py
[2024-01-30T23:37:50.194+0100] {processor.py:830} INFO - Processing file /home/ubuntu/.local/lib/python3.10/site-packages/airflow/example_dags/example_branch_labels.py for tasks to queue
[2024-01-30T23:37:50.196+0100] {logging_mixin.py:188} INFO - [2024-01-30T23:37:50.195+0100] {dagbag.py:538} INFO - Filling up the DagBag from /home/ubuntu/.local/lib/python3.10/site-packages/airflow/example_dags/example_branch_labels.py
[2024-01-30T23:37:50.207+0100] {processor.py:840} INFO - DAG(s) 'example_branch_labels' retrieved from /home/ubuntu/.local/lib/python3.10/site-packages/airflow/example_dags/example_branch_labels.py
[2024-01-30T23:37:50.243+0100] {logging_mixin.py:188} INFO - [2024-01-30T23:37:50.243+0100] {dag.py:3033} INFO - Sync 1 DAGs
[2024-01-30T23:37:50.267+0100] {logging_mixin.py:188} INFO - [2024-01-30T23:37:50.266+0100] {dag.py:3820} INFO - Setting next_dagrun for example_branch_labels to 2024-01-29T00:00:00+00:00, run_after=2024-01-30T00:00:00+00:00
[2024-01-30T23:37:50.421+0100] {processor.py:183} INFO - Processing /home/ubuntu/.local/lib/python3.10/site-packages/airflow/example_dags/example_branch_labels.py took 0.243 seconds
[2024-01-30T23:39:09.869+0100] {processor.py:161} INFO - Started process (PID=8680) to work on /home/ubuntu/.local/lib/python3.10/site-packages/airflow/example_dags/example_branch_labels.py
[2024-01-30T23:39:09.894+0100] {processor.py:830} INFO - Processing file /home/ubuntu/.local/lib/python3.10/site-packages/airflow/example_dags/example_branch_labels.py for tasks to queue
[2024-01-30T23:39:09.896+0100] {logging_mixin.py:188} INFO - [2024-01-30T23:39:09.895+0100] {dagbag.py:538} INFO - Filling up the DagBag from /home/ubuntu/.local/lib/python3.10/site-packages/airflow/example_dags/example_branch_labels.py
[2024-01-30T23:39:09.945+0100] {processor.py:840} INFO - DAG(s) 'example_branch_labels' retrieved from /home/ubuntu/.local/lib/python3.10/site-packages/airflow/example_dags/example_branch_labels.py
[2024-01-30T23:39:10.037+0100] {logging_mixin.py:188} INFO - [2024-01-30T23:39:10.036+0100] {dag.py:3033} INFO - Sync 1 DAGs
[2024-01-30T23:39:10.124+0100] {logging_mixin.py:188} INFO - [2024-01-30T23:39:10.119+0100] {dag.py:3820} INFO - Setting next_dagrun for example_branch_labels to 2024-01-29T00:00:00+00:00, run_after=2024-01-30T00:00:00+00:00
[2024-01-30T23:39:10.515+0100] {processor.py:183} INFO - Processing /home/ubuntu/.local/lib/python3.10/site-packages/airflow/example_dags/example_branch_labels.py took 0.660 seconds
[2024-01-30T23:40:29.587+0100] {processor.py:161} INFO - Started process (PID=8745) to work on /home/ubuntu/.local/lib/python3.10/site-packages/airflow/example_dags/example_branch_labels.py
[2024-01-30T23:40:29.591+0100] {processor.py:830} INFO - Processing file /home/ubuntu/.local/lib/python3.10/site-packages/airflow/example_dags/example_branch_labels.py for tasks to queue
[2024-01-30T23:40:29.593+0100] {logging_mixin.py:188} INFO - [2024-01-30T23:40:29.592+0100] {dagbag.py:538} INFO - Filling up the DagBag from /home/ubuntu/.local/lib/python3.10/site-packages/airflow/example_dags/example_branch_labels.py
[2024-01-30T23:40:29.606+0100] {processor.py:840} INFO - DAG(s) 'example_branch_labels' retrieved from /home/ubuntu/.local/lib/python3.10/site-packages/airflow/example_dags/example_branch_labels.py
[2024-01-30T23:40:29.635+0100] {logging_mixin.py:188} INFO - [2024-01-30T23:40:29.634+0100] {dag.py:3033} INFO - Sync 1 DAGs
[2024-01-30T23:40:29.658+0100] {logging_mixin.py:188} INFO - [2024-01-30T23:40:29.657+0100] {dag.py:3820} INFO - Setting next_dagrun for example_branch_labels to 2024-01-29T00:00:00+00:00, run_after=2024-01-30T00:00:00+00:00
[2024-01-30T23:40:29.726+0100] {processor.py:183} INFO - Processing /home/ubuntu/.local/lib/python3.10/site-packages/airflow/example_dags/example_branch_labels.py took 0.144 seconds
[2024-01-30T23:41:35.247+0100] {processor.py:161} INFO - Started process (PID=8805) to work on /home/ubuntu/.local/lib/python3.10/site-packages/airflow/example_dags/example_branch_labels.py
[2024-01-30T23:41:35.254+0100] {processor.py:830} INFO - Processing file /home/ubuntu/.local/lib/python3.10/site-packages/airflow/example_dags/example_branch_labels.py for tasks to queue
[2024-01-30T23:41:35.256+0100] {logging_mixin.py:188} INFO - [2024-01-30T23:41:35.255+0100] {dagbag.py:538} INFO - Filling up the DagBag from /home/ubuntu/.local/lib/python3.10/site-packages/airflow/example_dags/example_branch_labels.py
[2024-01-30T23:41:35.268+0100] {processor.py:840} INFO - DAG(s) 'example_branch_labels' retrieved from /home/ubuntu/.local/lib/python3.10/site-packages/airflow/example_dags/example_branch_labels.py
[2024-01-30T23:41:35.294+0100] {logging_mixin.py:188} INFO - [2024-01-30T23:41:35.293+0100] {dag.py:3033} INFO - Sync 1 DAGs
[2024-01-30T23:41:35.349+0100] {logging_mixin.py:188} INFO - [2024-01-30T23:41:35.349+0100] {dag.py:3820} INFO - Setting next_dagrun for example_branch_labels to 2024-01-29T00:00:00+00:00, run_after=2024-01-30T00:00:00+00:00
[2024-01-30T23:41:35.559+0100] {processor.py:183} INFO - Processing /home/ubuntu/.local/lib/python3.10/site-packages/airflow/example_dags/example_branch_labels.py took 0.315 seconds
[2024-01-30T23:42:49.077+0100] {processor.py:161} INFO - Started process (PID=8872) to work on /home/ubuntu/.local/lib/python3.10/site-packages/airflow/example_dags/example_branch_labels.py
[2024-01-30T23:42:49.080+0100] {processor.py:830} INFO - Processing file /home/ubuntu/.local/lib/python3.10/site-packages/airflow/example_dags/example_branch_labels.py for tasks to queue
[2024-01-30T23:42:49.082+0100] {logging_mixin.py:188} INFO - [2024-01-30T23:42:49.081+0100] {dagbag.py:538} INFO - Filling up the DagBag from /home/ubuntu/.local/lib/python3.10/site-packages/airflow/example_dags/example_branch_labels.py
[2024-01-30T23:42:49.097+0100] {processor.py:840} INFO - DAG(s) 'example_branch_labels' retrieved from /home/ubuntu/.local/lib/python3.10/site-packages/airflow/example_dags/example_branch_labels.py
[2024-01-30T23:42:49.187+0100] {logging_mixin.py:188} INFO - [2024-01-30T23:42:49.187+0100] {dag.py:3033} INFO - Sync 1 DAGs
[2024-01-30T23:42:49.229+0100] {logging_mixin.py:188} INFO - [2024-01-30T23:42:49.229+0100] {dag.py:3820} INFO - Setting next_dagrun for example_branch_labels to 2024-01-29T00:00:00+00:00, run_after=2024-01-30T00:00:00+00:00
[2024-01-30T23:42:49.539+0100] {processor.py:183} INFO - Processing /home/ubuntu/.local/lib/python3.10/site-packages/airflow/example_dags/example_branch_labels.py took 0.466 seconds
[2024-01-30T23:43:56.661+0100] {processor.py:161} INFO - Started process (PID=8936) to work on /home/ubuntu/.local/lib/python3.10/site-packages/airflow/example_dags/example_branch_labels.py
[2024-01-30T23:43:56.664+0100] {processor.py:830} INFO - Processing file /home/ubuntu/.local/lib/python3.10/site-packages/airflow/example_dags/example_branch_labels.py for tasks to queue
[2024-01-30T23:43:56.668+0100] {logging_mixin.py:188} INFO - [2024-01-30T23:43:56.667+0100] {dagbag.py:538} INFO - Filling up the DagBag from /home/ubuntu/.local/lib/python3.10/site-packages/airflow/example_dags/example_branch_labels.py
[2024-01-30T23:43:56.683+0100] {processor.py:840} INFO - DAG(s) 'example_branch_labels' retrieved from /home/ubuntu/.local/lib/python3.10/site-packages/airflow/example_dags/example_branch_labels.py
[2024-01-30T23:43:56.705+0100] {logging_mixin.py:188} INFO - [2024-01-30T23:43:56.705+0100] {dag.py:3033} INFO - Sync 1 DAGs
[2024-01-30T23:43:56.731+0100] {logging_mixin.py:188} INFO - [2024-01-30T23:43:56.731+0100] {dag.py:3820} INFO - Setting next_dagrun for example_branch_labels to 2024-01-29T00:00:00+00:00, run_after=2024-01-30T00:00:00+00:00
[2024-01-30T23:43:56.813+0100] {processor.py:183} INFO - Processing /home/ubuntu/.local/lib/python3.10/site-packages/airflow/example_dags/example_branch_labels.py took 0.159 seconds
[2024-01-30T23:45:04.107+0100] {processor.py:161} INFO - Started process (PID=8996) to work on /home/ubuntu/.local/lib/python3.10/site-packages/airflow/example_dags/example_branch_labels.py
[2024-01-30T23:45:04.111+0100] {processor.py:830} INFO - Processing file /home/ubuntu/.local/lib/python3.10/site-packages/airflow/example_dags/example_branch_labels.py for tasks to queue
[2024-01-30T23:45:04.113+0100] {logging_mixin.py:188} INFO - [2024-01-30T23:45:04.112+0100] {dagbag.py:538} INFO - Filling up the DagBag from /home/ubuntu/.local/lib/python3.10/site-packages/airflow/example_dags/example_branch_labels.py
[2024-01-30T23:45:04.127+0100] {processor.py:840} INFO - DAG(s) 'example_branch_labels' retrieved from /home/ubuntu/.local/lib/python3.10/site-packages/airflow/example_dags/example_branch_labels.py
[2024-01-30T23:45:04.158+0100] {logging_mixin.py:188} INFO - [2024-01-30T23:45:04.158+0100] {dag.py:3033} INFO - Sync 1 DAGs
[2024-01-30T23:45:04.182+0100] {logging_mixin.py:188} INFO - [2024-01-30T23:45:04.182+0100] {dag.py:3820} INFO - Setting next_dagrun for example_branch_labels to 2024-01-29T00:00:00+00:00, run_after=2024-01-30T00:00:00+00:00
[2024-01-30T23:45:04.297+0100] {processor.py:183} INFO - Processing /home/ubuntu/.local/lib/python3.10/site-packages/airflow/example_dags/example_branch_labels.py took 0.199 seconds
[2024-01-30T23:46:13.637+0100] {processor.py:161} INFO - Started process (PID=9074) to work on /home/ubuntu/.local/lib/python3.10/site-packages/airflow/example_dags/example_branch_labels.py
[2024-01-30T23:46:13.639+0100] {processor.py:830} INFO - Processing file /home/ubuntu/.local/lib/python3.10/site-packages/airflow/example_dags/example_branch_labels.py for tasks to queue
[2024-01-30T23:46:13.641+0100] {logging_mixin.py:188} INFO - [2024-01-30T23:46:13.640+0100] {dagbag.py:538} INFO - Filling up the DagBag from /home/ubuntu/.local/lib/python3.10/site-packages/airflow/example_dags/example_branch_labels.py
[2024-01-30T23:46:13.655+0100] {processor.py:840} INFO - DAG(s) 'example_branch_labels' retrieved from /home/ubuntu/.local/lib/python3.10/site-packages/airflow/example_dags/example_branch_labels.py
[2024-01-30T23:46:13.688+0100] {logging_mixin.py:188} INFO - [2024-01-30T23:46:13.687+0100] {dag.py:3033} INFO - Sync 1 DAGs
[2024-01-30T23:46:13.713+0100] {logging_mixin.py:188} INFO - [2024-01-30T23:46:13.713+0100] {dag.py:3820} INFO - Setting next_dagrun for example_branch_labels to 2024-01-29T00:00:00+00:00, run_after=2024-01-30T00:00:00+00:00
[2024-01-30T23:46:13.766+0100] {processor.py:183} INFO - Processing /home/ubuntu/.local/lib/python3.10/site-packages/airflow/example_dags/example_branch_labels.py took 0.135 seconds
[2024-01-30T23:47:18.844+0100] {processor.py:161} INFO - Started process (PID=9137) to work on /home/ubuntu/.local/lib/python3.10/site-packages/airflow/example_dags/example_branch_labels.py
[2024-01-30T23:47:18.870+0100] {processor.py:830} INFO - Processing file /home/ubuntu/.local/lib/python3.10/site-packages/airflow/example_dags/example_branch_labels.py for tasks to queue
[2024-01-30T23:47:18.872+0100] {logging_mixin.py:188} INFO - [2024-01-30T23:47:18.871+0100] {dagbag.py:538} INFO - Filling up the DagBag from /home/ubuntu/.local/lib/python3.10/site-packages/airflow/example_dags/example_branch_labels.py
[2024-01-30T23:47:18.883+0100] {processor.py:840} INFO - DAG(s) 'example_branch_labels' retrieved from /home/ubuntu/.local/lib/python3.10/site-packages/airflow/example_dags/example_branch_labels.py
[2024-01-30T23:47:18.910+0100] {logging_mixin.py:188} INFO - [2024-01-30T23:47:18.910+0100] {dag.py:3033} INFO - Sync 1 DAGs
[2024-01-30T23:47:18.948+0100] {logging_mixin.py:188} INFO - [2024-01-30T23:47:18.947+0100] {dag.py:3820} INFO - Setting next_dagrun for example_branch_labels to 2024-01-29T00:00:00+00:00, run_after=2024-01-30T00:00:00+00:00
[2024-01-30T23:47:19.039+0100] {processor.py:183} INFO - Processing /home/ubuntu/.local/lib/python3.10/site-packages/airflow/example_dags/example_branch_labels.py took 0.199 seconds
[2024-01-30T23:48:25.074+0100] {processor.py:161} INFO - Started process (PID=9201) to work on /home/ubuntu/.local/lib/python3.10/site-packages/airflow/example_dags/example_branch_labels.py
[2024-01-30T23:48:25.131+0100] {processor.py:830} INFO - Processing file /home/ubuntu/.local/lib/python3.10/site-packages/airflow/example_dags/example_branch_labels.py for tasks to queue
[2024-01-30T23:48:25.133+0100] {logging_mixin.py:188} INFO - [2024-01-30T23:48:25.132+0100] {dagbag.py:538} INFO - Filling up the DagBag from /home/ubuntu/.local/lib/python3.10/site-packages/airflow/example_dags/example_branch_labels.py
[2024-01-30T23:48:25.170+0100] {processor.py:840} INFO - DAG(s) 'example_branch_labels' retrieved from /home/ubuntu/.local/lib/python3.10/site-packages/airflow/example_dags/example_branch_labels.py
[2024-01-30T23:48:25.203+0100] {logging_mixin.py:188} INFO - [2024-01-30T23:48:25.203+0100] {dag.py:3033} INFO - Sync 1 DAGs
[2024-01-30T23:48:25.239+0100] {logging_mixin.py:188} INFO - [2024-01-30T23:48:25.238+0100] {dag.py:3820} INFO - Setting next_dagrun for example_branch_labels to 2024-01-29T00:00:00+00:00, run_after=2024-01-30T00:00:00+00:00
[2024-01-30T23:48:25.404+0100] {processor.py:183} INFO - Processing /home/ubuntu/.local/lib/python3.10/site-packages/airflow/example_dags/example_branch_labels.py took 0.336 seconds
[2024-01-30T23:49:29.522+0100] {processor.py:161} INFO - Started process (PID=9260) to work on /home/ubuntu/.local/lib/python3.10/site-packages/airflow/example_dags/example_branch_labels.py
[2024-01-30T23:49:29.533+0100] {processor.py:830} INFO - Processing file /home/ubuntu/.local/lib/python3.10/site-packages/airflow/example_dags/example_branch_labels.py for tasks to queue
[2024-01-30T23:49:29.534+0100] {logging_mixin.py:188} INFO - [2024-01-30T23:49:29.534+0100] {dagbag.py:538} INFO - Filling up the DagBag from /home/ubuntu/.local/lib/python3.10/site-packages/airflow/example_dags/example_branch_labels.py
[2024-01-30T23:49:29.557+0100] {processor.py:840} INFO - DAG(s) 'example_branch_labels' retrieved from /home/ubuntu/.local/lib/python3.10/site-packages/airflow/example_dags/example_branch_labels.py
[2024-01-30T23:49:29.582+0100] {logging_mixin.py:188} INFO - [2024-01-30T23:49:29.582+0100] {dag.py:3033} INFO - Sync 1 DAGs
[2024-01-30T23:49:29.630+0100] {logging_mixin.py:188} INFO - [2024-01-30T23:49:29.630+0100] {dag.py:3820} INFO - Setting next_dagrun for example_branch_labels to 2024-01-29T00:00:00+00:00, run_after=2024-01-30T00:00:00+00:00
[2024-01-30T23:49:29.763+0100] {processor.py:183} INFO - Processing /home/ubuntu/.local/lib/python3.10/site-packages/airflow/example_dags/example_branch_labels.py took 0.249 seconds
[2024-01-30T23:50:34.047+0100] {processor.py:161} INFO - Started process (PID=9322) to work on /home/ubuntu/.local/lib/python3.10/site-packages/airflow/example_dags/example_branch_labels.py
[2024-01-30T23:50:34.052+0100] {processor.py:830} INFO - Processing file /home/ubuntu/.local/lib/python3.10/site-packages/airflow/example_dags/example_branch_labels.py for tasks to queue
[2024-01-30T23:50:34.069+0100] {logging_mixin.py:188} INFO - [2024-01-30T23:50:34.068+0100] {dagbag.py:538} INFO - Filling up the DagBag from /home/ubuntu/.local/lib/python3.10/site-packages/airflow/example_dags/example_branch_labels.py
[2024-01-30T23:50:34.092+0100] {processor.py:840} INFO - DAG(s) 'example_branch_labels' retrieved from /home/ubuntu/.local/lib/python3.10/site-packages/airflow/example_dags/example_branch_labels.py
[2024-01-30T23:50:34.226+0100] {logging_mixin.py:188} INFO - [2024-01-30T23:50:34.226+0100] {dag.py:3033} INFO - Sync 1 DAGs
[2024-01-30T23:50:34.249+0100] {logging_mixin.py:188} INFO - [2024-01-30T23:50:34.249+0100] {dag.py:3820} INFO - Setting next_dagrun for example_branch_labels to 2024-01-29T00:00:00+00:00, run_after=2024-01-30T00:00:00+00:00
[2024-01-30T23:50:34.377+0100] {processor.py:183} INFO - Processing /home/ubuntu/.local/lib/python3.10/site-packages/airflow/example_dags/example_branch_labels.py took 0.335 seconds
[2024-01-30T23:51:38.607+0100] {processor.py:161} INFO - Started process (PID=9394) to work on /home/ubuntu/.local/lib/python3.10/site-packages/airflow/example_dags/example_branch_labels.py
[2024-01-30T23:51:38.626+0100] {processor.py:830} INFO - Processing file /home/ubuntu/.local/lib/python3.10/site-packages/airflow/example_dags/example_branch_labels.py for tasks to queue
[2024-01-30T23:51:38.641+0100] {logging_mixin.py:188} INFO - [2024-01-30T23:51:38.627+0100] {dagbag.py:538} INFO - Filling up the DagBag from /home/ubuntu/.local/lib/python3.10/site-packages/airflow/example_dags/example_branch_labels.py
[2024-01-30T23:51:38.710+0100] {processor.py:840} INFO - DAG(s) 'example_branch_labels' retrieved from /home/ubuntu/.local/lib/python3.10/site-packages/airflow/example_dags/example_branch_labels.py
[2024-01-30T23:51:38.794+0100] {logging_mixin.py:188} INFO - [2024-01-30T23:51:38.793+0100] {dag.py:3033} INFO - Sync 1 DAGs
[2024-01-30T23:51:38.859+0100] {logging_mixin.py:188} INFO - [2024-01-30T23:51:38.859+0100] {dag.py:3820} INFO - Setting next_dagrun for example_branch_labels to 2024-01-29T00:00:00+00:00, run_after=2024-01-30T00:00:00+00:00
[2024-01-30T23:51:39.587+0100] {processor.py:183} INFO - Processing /home/ubuntu/.local/lib/python3.10/site-packages/airflow/example_dags/example_branch_labels.py took 0.996 seconds
[2024-01-30T23:53:37.368+0100] {processor.py:161} INFO - Started process (PID=9544) to work on /home/ubuntu/.local/lib/python3.10/site-packages/airflow/example_dags/example_branch_labels.py
[2024-01-30T23:53:37.400+0100] {processor.py:830} INFO - Processing file /home/ubuntu/.local/lib/python3.10/site-packages/airflow/example_dags/example_branch_labels.py for tasks to queue
[2024-01-30T23:53:37.402+0100] {logging_mixin.py:188} INFO - [2024-01-30T23:53:37.401+0100] {dagbag.py:538} INFO - Filling up the DagBag from /home/ubuntu/.local/lib/python3.10/site-packages/airflow/example_dags/example_branch_labels.py
[2024-01-30T23:53:37.424+0100] {processor.py:840} INFO - DAG(s) 'example_branch_labels' retrieved from /home/ubuntu/.local/lib/python3.10/site-packages/airflow/example_dags/example_branch_labels.py
[2024-01-30T23:53:37.499+0100] {logging_mixin.py:188} INFO - [2024-01-30T23:53:37.499+0100] {dag.py:3033} INFO - Sync 1 DAGs
[2024-01-30T23:53:37.610+0100] {logging_mixin.py:188} INFO - [2024-01-30T23:53:37.610+0100] {dag.py:3820} INFO - Setting next_dagrun for example_branch_labels to 2024-01-29T00:00:00+00:00, run_after=2024-01-30T00:00:00+00:00
[2024-01-30T23:53:37.899+0100] {processor.py:183} INFO - Processing /home/ubuntu/.local/lib/python3.10/site-packages/airflow/example_dags/example_branch_labels.py took 0.558 seconds
[2024-01-30T23:55:41.976+0100] {processor.py:161} INFO - Started process (PID=9628) to work on /home/ubuntu/.local/lib/python3.10/site-packages/airflow/example_dags/example_branch_labels.py
[2024-01-30T23:55:42.003+0100] {processor.py:830} INFO - Processing file /home/ubuntu/.local/lib/python3.10/site-packages/airflow/example_dags/example_branch_labels.py for tasks to queue
[2024-01-30T23:55:42.013+0100] {logging_mixin.py:188} INFO - [2024-01-30T23:55:42.012+0100] {dagbag.py:538} INFO - Filling up the DagBag from /home/ubuntu/.local/lib/python3.10/site-packages/airflow/example_dags/example_branch_labels.py
[2024-01-30T23:55:42.065+0100] {processor.py:840} INFO - DAG(s) 'example_branch_labels' retrieved from /home/ubuntu/.local/lib/python3.10/site-packages/airflow/example_dags/example_branch_labels.py
[2024-01-30T23:55:42.145+0100] {logging_mixin.py:188} INFO - [2024-01-30T23:55:42.145+0100] {dag.py:3033} INFO - Sync 1 DAGs
[2024-01-30T23:55:42.209+0100] {logging_mixin.py:188} INFO - [2024-01-30T23:55:42.209+0100] {dag.py:3820} INFO - Setting next_dagrun for example_branch_labels to 2024-01-29T00:00:00+00:00, run_after=2024-01-30T00:00:00+00:00
[2024-01-30T23:55:42.616+0100] {processor.py:183} INFO - Processing /home/ubuntu/.local/lib/python3.10/site-packages/airflow/example_dags/example_branch_labels.py took 0.658 seconds
[2024-01-30T23:57:57.985+0100] {processor.py:161} INFO - Started process (PID=9727) to work on /home/ubuntu/.local/lib/python3.10/site-packages/airflow/example_dags/example_branch_labels.py
[2024-01-30T23:57:58.029+0100] {processor.py:830} INFO - Processing file /home/ubuntu/.local/lib/python3.10/site-packages/airflow/example_dags/example_branch_labels.py for tasks to queue
[2024-01-30T23:57:58.031+0100] {logging_mixin.py:188} INFO - [2024-01-30T23:57:58.030+0100] {dagbag.py:538} INFO - Filling up the DagBag from /home/ubuntu/.local/lib/python3.10/site-packages/airflow/example_dags/example_branch_labels.py
[2024-01-30T23:57:58.085+0100] {processor.py:840} INFO - DAG(s) 'example_branch_labels' retrieved from /home/ubuntu/.local/lib/python3.10/site-packages/airflow/example_dags/example_branch_labels.py
[2024-01-30T23:57:58.179+0100] {logging_mixin.py:188} INFO - [2024-01-30T23:57:58.179+0100] {dag.py:3033} INFO - Sync 1 DAGs
[2024-01-30T23:57:58.257+0100] {logging_mixin.py:188} INFO - [2024-01-30T23:57:58.257+0100] {dag.py:3820} INFO - Setting next_dagrun for example_branch_labels to 2024-01-29T00:00:00+00:00, run_after=2024-01-30T00:00:00+00:00
[2024-01-30T23:57:58.623+0100] {processor.py:183} INFO - Processing /home/ubuntu/.local/lib/python3.10/site-packages/airflow/example_dags/example_branch_labels.py took 0.661 seconds
[2024-01-31T00:00:24.552+0100] {processor.py:161} INFO - Started process (PID=9822) to work on /home/ubuntu/.local/lib/python3.10/site-packages/airflow/example_dags/example_branch_labels.py
[2024-01-31T00:00:24.593+0100] {processor.py:830} INFO - Processing file /home/ubuntu/.local/lib/python3.10/site-packages/airflow/example_dags/example_branch_labels.py for tasks to queue
[2024-01-31T00:00:24.595+0100] {logging_mixin.py:188} INFO - [2024-01-31T00:00:24.594+0100] {dagbag.py:538} INFO - Filling up the DagBag from /home/ubuntu/.local/lib/python3.10/site-packages/airflow/example_dags/example_branch_labels.py
[2024-01-31T00:00:24.638+0100] {processor.py:840} INFO - DAG(s) 'example_branch_labels' retrieved from /home/ubuntu/.local/lib/python3.10/site-packages/airflow/example_dags/example_branch_labels.py
[2024-01-31T00:00:24.761+0100] {logging_mixin.py:188} INFO - [2024-01-31T00:00:24.755+0100] {dag.py:3033} INFO - Sync 1 DAGs
[2024-01-31T00:00:24.892+0100] {logging_mixin.py:188} INFO - [2024-01-31T00:00:24.892+0100] {dag.py:3820} INFO - Setting next_dagrun for example_branch_labels to 2024-01-29T00:00:00+00:00, run_after=2024-01-30T00:00:00+00:00
[2024-01-31T00:00:25.554+0100] {processor.py:183} INFO - Processing /home/ubuntu/.local/lib/python3.10/site-packages/airflow/example_dags/example_branch_labels.py took 1.015 seconds
[2024-01-31T00:02:59.039+0100] {processor.py:161} INFO - Started process (PID=9959) to work on /home/ubuntu/.local/lib/python3.10/site-packages/airflow/example_dags/example_branch_labels.py
[2024-01-31T00:02:59.043+0100] {processor.py:830} INFO - Processing file /home/ubuntu/.local/lib/python3.10/site-packages/airflow/example_dags/example_branch_labels.py for tasks to queue
[2024-01-31T00:02:59.045+0100] {logging_mixin.py:188} INFO - [2024-01-31T00:02:59.044+0100] {dagbag.py:538} INFO - Filling up the DagBag from /home/ubuntu/.local/lib/python3.10/site-packages/airflow/example_dags/example_branch_labels.py
[2024-01-31T00:02:59.065+0100] {processor.py:840} INFO - DAG(s) 'example_branch_labels' retrieved from /home/ubuntu/.local/lib/python3.10/site-packages/airflow/example_dags/example_branch_labels.py
[2024-01-31T00:02:59.185+0100] {logging_mixin.py:188} INFO - [2024-01-31T00:02:59.183+0100] {dag.py:3033} INFO - Sync 1 DAGs
[2024-01-31T00:02:59.309+0100] {logging_mixin.py:188} INFO - [2024-01-31T00:02:59.308+0100] {dag.py:3820} INFO - Setting next_dagrun for example_branch_labels to 2024-01-29T00:00:00+00:00, run_after=2024-01-30T00:00:00+00:00
[2024-01-31T00:02:59.479+0100] {processor.py:183} INFO - Processing /home/ubuntu/.local/lib/python3.10/site-packages/airflow/example_dags/example_branch_labels.py took 0.445 seconds
[2024-01-31T00:04:15.787+0100] {processor.py:161} INFO - Started process (PID=10033) to work on /home/ubuntu/.local/lib/python3.10/site-packages/airflow/example_dags/example_branch_labels.py
[2024-01-31T00:04:15.789+0100] {processor.py:830} INFO - Processing file /home/ubuntu/.local/lib/python3.10/site-packages/airflow/example_dags/example_branch_labels.py for tasks to queue
[2024-01-31T00:04:15.791+0100] {logging_mixin.py:188} INFO - [2024-01-31T00:04:15.790+0100] {dagbag.py:538} INFO - Filling up the DagBag from /home/ubuntu/.local/lib/python3.10/site-packages/airflow/example_dags/example_branch_labels.py
[2024-01-31T00:04:15.822+0100] {processor.py:840} INFO - DAG(s) 'example_branch_labels' retrieved from /home/ubuntu/.local/lib/python3.10/site-packages/airflow/example_dags/example_branch_labels.py
[2024-01-31T00:04:15.851+0100] {logging_mixin.py:188} INFO - [2024-01-31T00:04:15.850+0100] {dag.py:3033} INFO - Sync 1 DAGs
[2024-01-31T00:04:15.910+0100] {logging_mixin.py:188} INFO - [2024-01-31T00:04:15.909+0100] {dag.py:3820} INFO - Setting next_dagrun for example_branch_labels to 2024-01-29T00:00:00+00:00, run_after=2024-01-30T00:00:00+00:00
[2024-01-31T00:04:15.978+0100] {processor.py:183} INFO - Processing /home/ubuntu/.local/lib/python3.10/site-packages/airflow/example_dags/example_branch_labels.py took 0.195 seconds
[2024-01-31T00:05:28.000+0100] {processor.py:161} INFO - Started process (PID=10095) to work on /home/ubuntu/.local/lib/python3.10/site-packages/airflow/example_dags/example_branch_labels.py
[2024-01-31T00:05:28.006+0100] {processor.py:830} INFO - Processing file /home/ubuntu/.local/lib/python3.10/site-packages/airflow/example_dags/example_branch_labels.py for tasks to queue
[2024-01-31T00:05:28.017+0100] {logging_mixin.py:188} INFO - [2024-01-31T00:05:28.007+0100] {dagbag.py:538} INFO - Filling up the DagBag from /home/ubuntu/.local/lib/python3.10/site-packages/airflow/example_dags/example_branch_labels.py
[2024-01-31T00:05:28.094+0100] {processor.py:840} INFO - DAG(s) 'example_branch_labels' retrieved from /home/ubuntu/.local/lib/python3.10/site-packages/airflow/example_dags/example_branch_labels.py
[2024-01-31T00:05:28.177+0100] {logging_mixin.py:188} INFO - [2024-01-31T00:05:28.177+0100] {dag.py:3033} INFO - Sync 1 DAGs
[2024-01-31T00:05:28.271+0100] {logging_mixin.py:188} INFO - [2024-01-31T00:05:28.271+0100] {dag.py:3820} INFO - Setting next_dagrun for example_branch_labels to 2024-01-29T00:00:00+00:00, run_after=2024-01-30T00:00:00+00:00
[2024-01-31T00:05:28.632+0100] {processor.py:183} INFO - Processing /home/ubuntu/.local/lib/python3.10/site-packages/airflow/example_dags/example_branch_labels.py took 0.636 seconds
[2024-01-31T00:06:40.754+0100] {processor.py:161} INFO - Started process (PID=10157) to work on /home/ubuntu/.local/lib/python3.10/site-packages/airflow/example_dags/example_branch_labels.py
[2024-01-31T00:06:40.757+0100] {processor.py:830} INFO - Processing file /home/ubuntu/.local/lib/python3.10/site-packages/airflow/example_dags/example_branch_labels.py for tasks to queue
[2024-01-31T00:06:40.759+0100] {logging_mixin.py:188} INFO - [2024-01-31T00:06:40.758+0100] {dagbag.py:538} INFO - Filling up the DagBag from /home/ubuntu/.local/lib/python3.10/site-packages/airflow/example_dags/example_branch_labels.py
[2024-01-31T00:06:40.783+0100] {processor.py:840} INFO - DAG(s) 'example_branch_labels' retrieved from /home/ubuntu/.local/lib/python3.10/site-packages/airflow/example_dags/example_branch_labels.py
[2024-01-31T00:06:40.826+0100] {logging_mixin.py:188} INFO - [2024-01-31T00:06:40.826+0100] {dag.py:3033} INFO - Sync 1 DAGs
[2024-01-31T00:06:40.866+0100] {logging_mixin.py:188} INFO - [2024-01-31T00:06:40.866+0100] {dag.py:3820} INFO - Setting next_dagrun for example_branch_labels to 2024-01-29T00:00:00+00:00, run_after=2024-01-30T00:00:00+00:00
[2024-01-31T00:06:40.907+0100] {processor.py:183} INFO - Processing /home/ubuntu/.local/lib/python3.10/site-packages/airflow/example_dags/example_branch_labels.py took 0.158 seconds
[2024-01-31T00:07:53.713+0100] {processor.py:161} INFO - Started process (PID=10225) to work on /home/ubuntu/.local/lib/python3.10/site-packages/airflow/example_dags/example_branch_labels.py
[2024-01-31T00:07:53.717+0100] {processor.py:830} INFO - Processing file /home/ubuntu/.local/lib/python3.10/site-packages/airflow/example_dags/example_branch_labels.py for tasks to queue
[2024-01-31T00:07:53.719+0100] {logging_mixin.py:188} INFO - [2024-01-31T00:07:53.718+0100] {dagbag.py:538} INFO - Filling up the DagBag from /home/ubuntu/.local/lib/python3.10/site-packages/airflow/example_dags/example_branch_labels.py
[2024-01-31T00:07:53.729+0100] {processor.py:840} INFO - DAG(s) 'example_branch_labels' retrieved from /home/ubuntu/.local/lib/python3.10/site-packages/airflow/example_dags/example_branch_labels.py
[2024-01-31T00:07:53.758+0100] {logging_mixin.py:188} INFO - [2024-01-31T00:07:53.754+0100] {dag.py:3033} INFO - Sync 1 DAGs
[2024-01-31T00:07:53.785+0100] {logging_mixin.py:188} INFO - [2024-01-31T00:07:53.785+0100] {dag.py:3820} INFO - Setting next_dagrun for example_branch_labels to 2024-01-29T00:00:00+00:00, run_after=2024-01-30T00:00:00+00:00
[2024-01-31T00:07:54.032+0100] {processor.py:183} INFO - Processing /home/ubuntu/.local/lib/python3.10/site-packages/airflow/example_dags/example_branch_labels.py took 0.325 seconds
[2024-01-31T00:09:03.335+0100] {processor.py:161} INFO - Started process (PID=10287) to work on /home/ubuntu/.local/lib/python3.10/site-packages/airflow/example_dags/example_branch_labels.py
[2024-01-31T00:09:03.349+0100] {processor.py:830} INFO - Processing file /home/ubuntu/.local/lib/python3.10/site-packages/airflow/example_dags/example_branch_labels.py for tasks to queue
[2024-01-31T00:09:03.351+0100] {logging_mixin.py:188} INFO - [2024-01-31T00:09:03.350+0100] {dagbag.py:538} INFO - Filling up the DagBag from /home/ubuntu/.local/lib/python3.10/site-packages/airflow/example_dags/example_branch_labels.py
[2024-01-31T00:09:03.365+0100] {processor.py:840} INFO - DAG(s) 'example_branch_labels' retrieved from /home/ubuntu/.local/lib/python3.10/site-packages/airflow/example_dags/example_branch_labels.py
[2024-01-31T00:09:03.394+0100] {logging_mixin.py:188} INFO - [2024-01-31T00:09:03.394+0100] {dag.py:3033} INFO - Sync 1 DAGs
[2024-01-31T00:09:03.418+0100] {logging_mixin.py:188} INFO - [2024-01-31T00:09:03.418+0100] {dag.py:3820} INFO - Setting next_dagrun for example_branch_labels to 2024-01-29T00:00:00+00:00, run_after=2024-01-30T00:00:00+00:00
[2024-01-31T00:09:03.545+0100] {processor.py:183} INFO - Processing /home/ubuntu/.local/lib/python3.10/site-packages/airflow/example_dags/example_branch_labels.py took 0.214 seconds
[2024-01-31T00:10:17.159+0100] {processor.py:161} INFO - Started process (PID=10350) to work on /home/ubuntu/.local/lib/python3.10/site-packages/airflow/example_dags/example_branch_labels.py
[2024-01-31T00:10:17.170+0100] {processor.py:830} INFO - Processing file /home/ubuntu/.local/lib/python3.10/site-packages/airflow/example_dags/example_branch_labels.py for tasks to queue
[2024-01-31T00:10:17.175+0100] {logging_mixin.py:188} INFO - [2024-01-31T00:10:17.171+0100] {dagbag.py:538} INFO - Filling up the DagBag from /home/ubuntu/.local/lib/python3.10/site-packages/airflow/example_dags/example_branch_labels.py
[2024-01-31T00:10:17.207+0100] {processor.py:840} INFO - DAG(s) 'example_branch_labels' retrieved from /home/ubuntu/.local/lib/python3.10/site-packages/airflow/example_dags/example_branch_labels.py
[2024-01-31T00:10:17.238+0100] {logging_mixin.py:188} INFO - [2024-01-31T00:10:17.237+0100] {dag.py:3033} INFO - Sync 1 DAGs
[2024-01-31T00:10:17.281+0100] {logging_mixin.py:188} INFO - [2024-01-31T00:10:17.281+0100] {dag.py:3820} INFO - Setting next_dagrun for example_branch_labels to 2024-01-29T00:00:00+00:00, run_after=2024-01-30T00:00:00+00:00
[2024-01-31T00:10:17.381+0100] {processor.py:183} INFO - Processing /home/ubuntu/.local/lib/python3.10/site-packages/airflow/example_dags/example_branch_labels.py took 0.228 seconds
[2024-01-31T00:11:34.156+0100] {processor.py:161} INFO - Started process (PID=10497) to work on /home/ubuntu/.local/lib/python3.10/site-packages/airflow/example_dags/example_branch_labels.py
[2024-01-31T00:11:34.181+0100] {processor.py:830} INFO - Processing file /home/ubuntu/.local/lib/python3.10/site-packages/airflow/example_dags/example_branch_labels.py for tasks to queue
[2024-01-31T00:11:34.183+0100] {logging_mixin.py:188} INFO - [2024-01-31T00:11:34.182+0100] {dagbag.py:538} INFO - Filling up the DagBag from /home/ubuntu/.local/lib/python3.10/site-packages/airflow/example_dags/example_branch_labels.py
[2024-01-31T00:11:34.201+0100] {processor.py:840} INFO - DAG(s) 'example_branch_labels' retrieved from /home/ubuntu/.local/lib/python3.10/site-packages/airflow/example_dags/example_branch_labels.py
[2024-01-31T00:11:34.233+0100] {logging_mixin.py:188} INFO - [2024-01-31T00:11:34.233+0100] {dag.py:3033} INFO - Sync 1 DAGs
[2024-01-31T00:11:34.262+0100] {logging_mixin.py:188} INFO - [2024-01-31T00:11:34.262+0100] {dag.py:3820} INFO - Setting next_dagrun for example_branch_labels to 2024-01-29T00:00:00+00:00, run_after=2024-01-30T00:00:00+00:00
[2024-01-31T00:11:34.368+0100] {processor.py:183} INFO - Processing /home/ubuntu/.local/lib/python3.10/site-packages/airflow/example_dags/example_branch_labels.py took 0.223 seconds
[2024-01-31T00:13:12.673+0100] {processor.py:161} INFO - Started process (PID=10580) to work on /home/ubuntu/.local/lib/python3.10/site-packages/airflow/example_dags/example_branch_labels.py
[2024-01-31T00:13:12.733+0100] {processor.py:830} INFO - Processing file /home/ubuntu/.local/lib/python3.10/site-packages/airflow/example_dags/example_branch_labels.py for tasks to queue
[2024-01-31T00:13:12.736+0100] {logging_mixin.py:188} INFO - [2024-01-31T00:13:12.734+0100] {dagbag.py:538} INFO - Filling up the DagBag from /home/ubuntu/.local/lib/python3.10/site-packages/airflow/example_dags/example_branch_labels.py
[2024-01-31T00:13:12.751+0100] {processor.py:840} INFO - DAG(s) 'example_branch_labels' retrieved from /home/ubuntu/.local/lib/python3.10/site-packages/airflow/example_dags/example_branch_labels.py
[2024-01-31T00:13:12.777+0100] {logging_mixin.py:188} INFO - [2024-01-31T00:13:12.777+0100] {dag.py:3033} INFO - Sync 1 DAGs
[2024-01-31T00:13:12.819+0100] {logging_mixin.py:188} INFO - [2024-01-31T00:13:12.811+0100] {dag.py:3820} INFO - Setting next_dagrun for example_branch_labels to 2024-01-29T00:00:00+00:00, run_after=2024-01-30T00:00:00+00:00
[2024-01-31T00:13:13.010+0100] {processor.py:183} INFO - Processing /home/ubuntu/.local/lib/python3.10/site-packages/airflow/example_dags/example_branch_labels.py took 0.362 seconds
[2024-01-31T00:14:46.366+0100] {processor.py:161} INFO - Started process (PID=10648) to work on /home/ubuntu/.local/lib/python3.10/site-packages/airflow/example_dags/example_branch_labels.py
[2024-01-31T00:14:46.417+0100] {processor.py:830} INFO - Processing file /home/ubuntu/.local/lib/python3.10/site-packages/airflow/example_dags/example_branch_labels.py for tasks to queue
[2024-01-31T00:14:46.419+0100] {logging_mixin.py:188} INFO - [2024-01-31T00:14:46.418+0100] {dagbag.py:538} INFO - Filling up the DagBag from /home/ubuntu/.local/lib/python3.10/site-packages/airflow/example_dags/example_branch_labels.py
[2024-01-31T00:14:46.501+0100] {processor.py:840} INFO - DAG(s) 'example_branch_labels' retrieved from /home/ubuntu/.local/lib/python3.10/site-packages/airflow/example_dags/example_branch_labels.py
[2024-01-31T00:14:46.613+0100] {logging_mixin.py:188} INFO - [2024-01-31T00:14:46.612+0100] {dag.py:3033} INFO - Sync 1 DAGs
[2024-01-31T00:14:46.796+0100] {logging_mixin.py:188} INFO - [2024-01-31T00:14:46.795+0100] {dag.py:3820} INFO - Setting next_dagrun for example_branch_labels to 2024-01-29T00:00:00+00:00, run_after=2024-01-30T00:00:00+00:00
[2024-01-31T00:14:47.025+0100] {processor.py:183} INFO - Processing /home/ubuntu/.local/lib/python3.10/site-packages/airflow/example_dags/example_branch_labels.py took 0.682 seconds
[2024-01-31T00:16:06.936+0100] {processor.py:161} INFO - Started process (PID=10716) to work on /home/ubuntu/.local/lib/python3.10/site-packages/airflow/example_dags/example_branch_labels.py
[2024-01-31T00:16:06.939+0100] {processor.py:830} INFO - Processing file /home/ubuntu/.local/lib/python3.10/site-packages/airflow/example_dags/example_branch_labels.py for tasks to queue
[2024-01-31T00:16:06.941+0100] {logging_mixin.py:188} INFO - [2024-01-31T00:16:06.940+0100] {dagbag.py:538} INFO - Filling up the DagBag from /home/ubuntu/.local/lib/python3.10/site-packages/airflow/example_dags/example_branch_labels.py
[2024-01-31T00:16:06.954+0100] {processor.py:840} INFO - DAG(s) 'example_branch_labels' retrieved from /home/ubuntu/.local/lib/python3.10/site-packages/airflow/example_dags/example_branch_labels.py
[2024-01-31T00:16:06.978+0100] {logging_mixin.py:188} INFO - [2024-01-31T00:16:06.977+0100] {dag.py:3033} INFO - Sync 1 DAGs
[2024-01-31T00:16:07.007+0100] {logging_mixin.py:188} INFO - [2024-01-31T00:16:07.006+0100] {dag.py:3820} INFO - Setting next_dagrun for example_branch_labels to 2024-01-29T00:00:00+00:00, run_after=2024-01-30T00:00:00+00:00
[2024-01-31T00:16:07.093+0100] {processor.py:183} INFO - Processing /home/ubuntu/.local/lib/python3.10/site-packages/airflow/example_dags/example_branch_labels.py took 0.162 seconds
[2024-01-31T00:17:37.826+0100] {processor.py:161} INFO - Started process (PID=10807) to work on /home/ubuntu/.local/lib/python3.10/site-packages/airflow/example_dags/example_branch_labels.py
[2024-01-31T00:17:37.830+0100] {processor.py:830} INFO - Processing file /home/ubuntu/.local/lib/python3.10/site-packages/airflow/example_dags/example_branch_labels.py for tasks to queue
[2024-01-31T00:17:37.832+0100] {logging_mixin.py:188} INFO - [2024-01-31T00:17:37.831+0100] {dagbag.py:538} INFO - Filling up the DagBag from /home/ubuntu/.local/lib/python3.10/site-packages/airflow/example_dags/example_branch_labels.py
[2024-01-31T00:17:37.844+0100] {processor.py:840} INFO - DAG(s) 'example_branch_labels' retrieved from /home/ubuntu/.local/lib/python3.10/site-packages/airflow/example_dags/example_branch_labels.py
[2024-01-31T00:17:37.878+0100] {logging_mixin.py:188} INFO - [2024-01-31T00:17:37.878+0100] {dag.py:3033} INFO - Sync 1 DAGs
[2024-01-31T00:17:37.905+0100] {logging_mixin.py:188} INFO - [2024-01-31T00:17:37.905+0100] {dag.py:3820} INFO - Setting next_dagrun for example_branch_labels to 2024-01-29T00:00:00+00:00, run_after=2024-01-30T00:00:00+00:00
[2024-01-31T00:17:38.050+0100] {processor.py:183} INFO - Processing /home/ubuntu/.local/lib/python3.10/site-packages/airflow/example_dags/example_branch_labels.py took 0.246 seconds
[2024-01-31T00:18:56.894+0100] {processor.py:161} INFO - Started process (PID=10883) to work on /home/ubuntu/.local/lib/python3.10/site-packages/airflow/example_dags/example_branch_labels.py
[2024-01-31T00:18:56.898+0100] {processor.py:830} INFO - Processing file /home/ubuntu/.local/lib/python3.10/site-packages/airflow/example_dags/example_branch_labels.py for tasks to queue
[2024-01-31T00:18:56.902+0100] {logging_mixin.py:188} INFO - [2024-01-31T00:18:56.901+0100] {dagbag.py:538} INFO - Filling up the DagBag from /home/ubuntu/.local/lib/python3.10/site-packages/airflow/example_dags/example_branch_labels.py
[2024-01-31T00:18:56.930+0100] {processor.py:840} INFO - DAG(s) 'example_branch_labels' retrieved from /home/ubuntu/.local/lib/python3.10/site-packages/airflow/example_dags/example_branch_labels.py
[2024-01-31T00:18:56.968+0100] {logging_mixin.py:188} INFO - [2024-01-31T00:18:56.968+0100] {dag.py:3033} INFO - Sync 1 DAGs
[2024-01-31T00:18:56.997+0100] {logging_mixin.py:188} INFO - [2024-01-31T00:18:56.996+0100] {dag.py:3820} INFO - Setting next_dagrun for example_branch_labels to 2024-01-29T00:00:00+00:00, run_after=2024-01-30T00:00:00+00:00
[2024-01-31T00:18:57.186+0100] {processor.py:183} INFO - Processing /home/ubuntu/.local/lib/python3.10/site-packages/airflow/example_dags/example_branch_labels.py took 0.296 seconds
[2024-01-31T00:20:43.029+0100] {processor.py:161} INFO - Started process (PID=11041) to work on /home/ubuntu/.local/lib/python3.10/site-packages/airflow/example_dags/example_branch_labels.py
[2024-01-31T00:20:43.086+0100] {processor.py:830} INFO - Processing file /home/ubuntu/.local/lib/python3.10/site-packages/airflow/example_dags/example_branch_labels.py for tasks to queue
[2024-01-31T00:20:43.088+0100] {logging_mixin.py:188} INFO - [2024-01-31T00:20:43.087+0100] {dagbag.py:538} INFO - Filling up the DagBag from /home/ubuntu/.local/lib/python3.10/site-packages/airflow/example_dags/example_branch_labels.py
[2024-01-31T00:20:43.151+0100] {processor.py:840} INFO - DAG(s) 'example_branch_labels' retrieved from /home/ubuntu/.local/lib/python3.10/site-packages/airflow/example_dags/example_branch_labels.py
[2024-01-31T00:20:43.249+0100] {logging_mixin.py:188} INFO - [2024-01-31T00:20:43.249+0100] {dag.py:3033} INFO - Sync 1 DAGs
[2024-01-31T00:20:43.333+0100] {logging_mixin.py:188} INFO - [2024-01-31T00:20:43.333+0100] {dag.py:3820} INFO - Setting next_dagrun for example_branch_labels to 2024-01-29T00:00:00+00:00, run_after=2024-01-30T00:00:00+00:00
[2024-01-31T00:20:43.766+0100] {processor.py:183} INFO - Processing /home/ubuntu/.local/lib/python3.10/site-packages/airflow/example_dags/example_branch_labels.py took 0.758 seconds
[2024-01-31T00:23:06.108+0100] {processor.py:161} INFO - Started process (PID=11132) to work on /home/ubuntu/.local/lib/python3.10/site-packages/airflow/example_dags/example_branch_labels.py
[2024-01-31T00:23:06.131+0100] {processor.py:830} INFO - Processing file /home/ubuntu/.local/lib/python3.10/site-packages/airflow/example_dags/example_branch_labels.py for tasks to queue
[2024-01-31T00:23:06.141+0100] {logging_mixin.py:188} INFO - [2024-01-31T00:23:06.140+0100] {dagbag.py:538} INFO - Filling up the DagBag from /home/ubuntu/.local/lib/python3.10/site-packages/airflow/example_dags/example_branch_labels.py
[2024-01-31T00:23:06.197+0100] {processor.py:840} INFO - DAG(s) 'example_branch_labels' retrieved from /home/ubuntu/.local/lib/python3.10/site-packages/airflow/example_dags/example_branch_labels.py
[2024-01-31T00:23:06.278+0100] {logging_mixin.py:188} INFO - [2024-01-31T00:23:06.278+0100] {dag.py:3033} INFO - Sync 1 DAGs
[2024-01-31T00:23:06.394+0100] {logging_mixin.py:188} INFO - [2024-01-31T00:23:06.394+0100] {dag.py:3820} INFO - Setting next_dagrun for example_branch_labels to 2024-01-29T00:00:00+00:00, run_after=2024-01-30T00:00:00+00:00
[2024-01-31T00:23:06.693+0100] {processor.py:183} INFO - Processing /home/ubuntu/.local/lib/python3.10/site-packages/airflow/example_dags/example_branch_labels.py took 0.611 seconds
[2024-01-31T00:25:12.943+0100] {processor.py:161} INFO - Started process (PID=11235) to work on /home/ubuntu/.local/lib/python3.10/site-packages/airflow/example_dags/example_branch_labels.py
[2024-01-31T00:25:12.960+0100] {processor.py:830} INFO - Processing file /home/ubuntu/.local/lib/python3.10/site-packages/airflow/example_dags/example_branch_labels.py for tasks to queue
[2024-01-31T00:25:12.962+0100] {logging_mixin.py:188} INFO - [2024-01-31T00:25:12.961+0100] {dagbag.py:538} INFO - Filling up the DagBag from /home/ubuntu/.local/lib/python3.10/site-packages/airflow/example_dags/example_branch_labels.py
[2024-01-31T00:25:12.990+0100] {processor.py:840} INFO - DAG(s) 'example_branch_labels' retrieved from /home/ubuntu/.local/lib/python3.10/site-packages/airflow/example_dags/example_branch_labels.py
[2024-01-31T00:25:13.040+0100] {logging_mixin.py:188} INFO - [2024-01-31T00:25:13.040+0100] {dag.py:3033} INFO - Sync 1 DAGs
[2024-01-31T00:25:13.065+0100] {logging_mixin.py:188} INFO - [2024-01-31T00:25:13.065+0100] {dag.py:3820} INFO - Setting next_dagrun for example_branch_labels to 2024-01-29T00:00:00+00:00, run_after=2024-01-30T00:00:00+00:00
[2024-01-31T00:25:13.159+0100] {processor.py:183} INFO - Processing /home/ubuntu/.local/lib/python3.10/site-packages/airflow/example_dags/example_branch_labels.py took 0.220 seconds
[2024-01-31T00:26:18.386+0100] {processor.py:161} INFO - Started process (PID=11294) to work on /home/ubuntu/.local/lib/python3.10/site-packages/airflow/example_dags/example_branch_labels.py
[2024-01-31T00:26:18.412+0100] {processor.py:830} INFO - Processing file /home/ubuntu/.local/lib/python3.10/site-packages/airflow/example_dags/example_branch_labels.py for tasks to queue
[2024-01-31T00:26:18.416+0100] {logging_mixin.py:188} INFO - [2024-01-31T00:26:18.416+0100] {dagbag.py:538} INFO - Filling up the DagBag from /home/ubuntu/.local/lib/python3.10/site-packages/airflow/example_dags/example_branch_labels.py
[2024-01-31T00:26:18.432+0100] {processor.py:840} INFO - DAG(s) 'example_branch_labels' retrieved from /home/ubuntu/.local/lib/python3.10/site-packages/airflow/example_dags/example_branch_labels.py
[2024-01-31T00:26:18.463+0100] {logging_mixin.py:188} INFO - [2024-01-31T00:26:18.463+0100] {dag.py:3033} INFO - Sync 1 DAGs
[2024-01-31T00:26:18.483+0100] {logging_mixin.py:188} INFO - [2024-01-31T00:26:18.482+0100] {dag.py:3820} INFO - Setting next_dagrun for example_branch_labels to 2024-01-29T00:00:00+00:00, run_after=2024-01-30T00:00:00+00:00
[2024-01-31T00:26:18.650+0100] {processor.py:183} INFO - Processing /home/ubuntu/.local/lib/python3.10/site-packages/airflow/example_dags/example_branch_labels.py took 0.270 seconds
[2024-01-31T00:27:32.579+0100] {processor.py:161} INFO - Started process (PID=11361) to work on /home/ubuntu/.local/lib/python3.10/site-packages/airflow/example_dags/example_branch_labels.py
[2024-01-31T00:27:32.589+0100] {processor.py:830} INFO - Processing file /home/ubuntu/.local/lib/python3.10/site-packages/airflow/example_dags/example_branch_labels.py for tasks to queue
[2024-01-31T00:27:32.592+0100] {logging_mixin.py:188} INFO - [2024-01-31T00:27:32.590+0100] {dagbag.py:538} INFO - Filling up the DagBag from /home/ubuntu/.local/lib/python3.10/site-packages/airflow/example_dags/example_branch_labels.py
[2024-01-31T00:27:32.604+0100] {processor.py:840} INFO - DAG(s) 'example_branch_labels' retrieved from /home/ubuntu/.local/lib/python3.10/site-packages/airflow/example_dags/example_branch_labels.py
[2024-01-31T00:27:32.629+0100] {logging_mixin.py:188} INFO - [2024-01-31T00:27:32.629+0100] {dag.py:3033} INFO - Sync 1 DAGs
[2024-01-31T00:27:32.659+0100] {logging_mixin.py:188} INFO - [2024-01-31T00:27:32.658+0100] {dag.py:3820} INFO - Setting next_dagrun for example_branch_labels to 2024-01-29T00:00:00+00:00, run_after=2024-01-30T00:00:00+00:00
[2024-01-31T00:27:32.876+0100] {processor.py:183} INFO - Processing /home/ubuntu/.local/lib/python3.10/site-packages/airflow/example_dags/example_branch_labels.py took 0.301 seconds
[2024-01-31T00:28:58.910+0100] {processor.py:161} INFO - Started process (PID=11519) to work on /home/ubuntu/.local/lib/python3.10/site-packages/airflow/example_dags/example_branch_labels.py
[2024-01-31T00:28:58.913+0100] {processor.py:830} INFO - Processing file /home/ubuntu/.local/lib/python3.10/site-packages/airflow/example_dags/example_branch_labels.py for tasks to queue
[2024-01-31T00:28:58.915+0100] {logging_mixin.py:188} INFO - [2024-01-31T00:28:58.914+0100] {dagbag.py:538} INFO - Filling up the DagBag from /home/ubuntu/.local/lib/python3.10/site-packages/airflow/example_dags/example_branch_labels.py
[2024-01-31T00:28:58.925+0100] {processor.py:840} INFO - DAG(s) 'example_branch_labels' retrieved from /home/ubuntu/.local/lib/python3.10/site-packages/airflow/example_dags/example_branch_labels.py
[2024-01-31T00:28:58.947+0100] {logging_mixin.py:188} INFO - [2024-01-31T00:28:58.947+0100] {dag.py:3033} INFO - Sync 1 DAGs
[2024-01-31T00:28:58.985+0100] {logging_mixin.py:188} INFO - [2024-01-31T00:28:58.985+0100] {dag.py:3820} INFO - Setting next_dagrun for example_branch_labels to 2024-01-29T00:00:00+00:00, run_after=2024-01-30T00:00:00+00:00
[2024-01-31T00:28:59.146+0100] {processor.py:183} INFO - Processing /home/ubuntu/.local/lib/python3.10/site-packages/airflow/example_dags/example_branch_labels.py took 0.240 seconds
[2024-01-31T00:30:17.428+0100] {processor.py:161} INFO - Started process (PID=11586) to work on /home/ubuntu/.local/lib/python3.10/site-packages/airflow/example_dags/example_branch_labels.py
[2024-01-31T00:30:17.431+0100] {processor.py:830} INFO - Processing file /home/ubuntu/.local/lib/python3.10/site-packages/airflow/example_dags/example_branch_labels.py for tasks to queue
[2024-01-31T00:30:17.433+0100] {logging_mixin.py:188} INFO - [2024-01-31T00:30:17.433+0100] {dagbag.py:538} INFO - Filling up the DagBag from /home/ubuntu/.local/lib/python3.10/site-packages/airflow/example_dags/example_branch_labels.py
[2024-01-31T00:30:17.449+0100] {processor.py:840} INFO - DAG(s) 'example_branch_labels' retrieved from /home/ubuntu/.local/lib/python3.10/site-packages/airflow/example_dags/example_branch_labels.py
[2024-01-31T00:30:17.476+0100] {logging_mixin.py:188} INFO - [2024-01-31T00:30:17.475+0100] {dag.py:3033} INFO - Sync 1 DAGs
[2024-01-31T00:30:17.504+0100] {logging_mixin.py:188} INFO - [2024-01-31T00:30:17.503+0100] {dag.py:3820} INFO - Setting next_dagrun for example_branch_labels to 2024-01-29T00:00:00+00:00, run_after=2024-01-30T00:00:00+00:00
[2024-01-31T00:30:17.782+0100] {processor.py:183} INFO - Processing /home/ubuntu/.local/lib/python3.10/site-packages/airflow/example_dags/example_branch_labels.py took 0.360 seconds
[2024-01-31T00:31:35.342+0100] {processor.py:161} INFO - Started process (PID=11651) to work on /home/ubuntu/.local/lib/python3.10/site-packages/airflow/example_dags/example_branch_labels.py
[2024-01-31T00:31:35.356+0100] {processor.py:830} INFO - Processing file /home/ubuntu/.local/lib/python3.10/site-packages/airflow/example_dags/example_branch_labels.py for tasks to queue
[2024-01-31T00:31:35.357+0100] {logging_mixin.py:188} INFO - [2024-01-31T00:31:35.357+0100] {dagbag.py:538} INFO - Filling up the DagBag from /home/ubuntu/.local/lib/python3.10/site-packages/airflow/example_dags/example_branch_labels.py
[2024-01-31T00:31:35.370+0100] {processor.py:840} INFO - DAG(s) 'example_branch_labels' retrieved from /home/ubuntu/.local/lib/python3.10/site-packages/airflow/example_dags/example_branch_labels.py
[2024-01-31T00:31:35.394+0100] {logging_mixin.py:188} INFO - [2024-01-31T00:31:35.393+0100] {dag.py:3033} INFO - Sync 1 DAGs
[2024-01-31T00:31:35.427+0100] {logging_mixin.py:188} INFO - [2024-01-31T00:31:35.427+0100] {dag.py:3820} INFO - Setting next_dagrun for example_branch_labels to 2024-01-29T00:00:00+00:00, run_after=2024-01-30T00:00:00+00:00
[2024-01-31T00:31:35.562+0100] {processor.py:183} INFO - Processing /home/ubuntu/.local/lib/python3.10/site-packages/airflow/example_dags/example_branch_labels.py took 0.225 seconds
[2024-01-31T00:32:52.319+0100] {processor.py:161} INFO - Started process (PID=11717) to work on /home/ubuntu/.local/lib/python3.10/site-packages/airflow/example_dags/example_branch_labels.py
[2024-01-31T00:32:52.329+0100] {processor.py:830} INFO - Processing file /home/ubuntu/.local/lib/python3.10/site-packages/airflow/example_dags/example_branch_labels.py for tasks to queue
[2024-01-31T00:32:52.331+0100] {logging_mixin.py:188} INFO - [2024-01-31T00:32:52.330+0100] {dagbag.py:538} INFO - Filling up the DagBag from /home/ubuntu/.local/lib/python3.10/site-packages/airflow/example_dags/example_branch_labels.py
[2024-01-31T00:32:52.362+0100] {processor.py:840} INFO - DAG(s) 'example_branch_labels' retrieved from /home/ubuntu/.local/lib/python3.10/site-packages/airflow/example_dags/example_branch_labels.py
[2024-01-31T00:32:52.387+0100] {logging_mixin.py:188} INFO - [2024-01-31T00:32:52.387+0100] {dag.py:3033} INFO - Sync 1 DAGs
[2024-01-31T00:32:52.410+0100] {logging_mixin.py:188} INFO - [2024-01-31T00:32:52.410+0100] {dag.py:3820} INFO - Setting next_dagrun for example_branch_labels to 2024-01-29T00:00:00+00:00, run_after=2024-01-30T00:00:00+00:00
[2024-01-31T00:32:52.455+0100] {processor.py:183} INFO - Processing /home/ubuntu/.local/lib/python3.10/site-packages/airflow/example_dags/example_branch_labels.py took 0.142 seconds
[2024-01-31T00:34:08.921+0100] {processor.py:161} INFO - Started process (PID=11798) to work on /home/ubuntu/.local/lib/python3.10/site-packages/airflow/example_dags/example_branch_labels.py
[2024-01-31T00:34:08.928+0100] {processor.py:830} INFO - Processing file /home/ubuntu/.local/lib/python3.10/site-packages/airflow/example_dags/example_branch_labels.py for tasks to queue
[2024-01-31T00:34:08.929+0100] {logging_mixin.py:188} INFO - [2024-01-31T00:34:08.929+0100] {dagbag.py:538} INFO - Filling up the DagBag from /home/ubuntu/.local/lib/python3.10/site-packages/airflow/example_dags/example_branch_labels.py
[2024-01-31T00:34:08.941+0100] {processor.py:840} INFO - DAG(s) 'example_branch_labels' retrieved from /home/ubuntu/.local/lib/python3.10/site-packages/airflow/example_dags/example_branch_labels.py
[2024-01-31T00:34:08.966+0100] {logging_mixin.py:188} INFO - [2024-01-31T00:34:08.965+0100] {dag.py:3033} INFO - Sync 1 DAGs
[2024-01-31T00:34:09.013+0100] {logging_mixin.py:188} INFO - [2024-01-31T00:34:09.012+0100] {dag.py:3820} INFO - Setting next_dagrun for example_branch_labels to 2024-01-29T00:00:00+00:00, run_after=2024-01-30T00:00:00+00:00
[2024-01-31T00:34:09.222+0100] {processor.py:183} INFO - Processing /home/ubuntu/.local/lib/python3.10/site-packages/airflow/example_dags/example_branch_labels.py took 0.306 seconds
[2024-01-31T00:35:14.903+0100] {processor.py:161} INFO - Started process (PID=11859) to work on /home/ubuntu/.local/lib/python3.10/site-packages/airflow/example_dags/example_branch_labels.py
[2024-01-31T00:35:14.908+0100] {processor.py:830} INFO - Processing file /home/ubuntu/.local/lib/python3.10/site-packages/airflow/example_dags/example_branch_labels.py for tasks to queue
[2024-01-31T00:35:14.909+0100] {logging_mixin.py:188} INFO - [2024-01-31T00:35:14.909+0100] {dagbag.py:538} INFO - Filling up the DagBag from /home/ubuntu/.local/lib/python3.10/site-packages/airflow/example_dags/example_branch_labels.py
[2024-01-31T00:35:14.919+0100] {processor.py:840} INFO - DAG(s) 'example_branch_labels' retrieved from /home/ubuntu/.local/lib/python3.10/site-packages/airflow/example_dags/example_branch_labels.py
[2024-01-31T00:35:14.940+0100] {logging_mixin.py:188} INFO - [2024-01-31T00:35:14.940+0100] {dag.py:3033} INFO - Sync 1 DAGs
[2024-01-31T00:35:14.960+0100] {logging_mixin.py:188} INFO - [2024-01-31T00:35:14.959+0100] {dag.py:3820} INFO - Setting next_dagrun for example_branch_labels to 2024-01-29T00:00:00+00:00, run_after=2024-01-30T00:00:00+00:00
[2024-01-31T00:35:15.064+0100] {processor.py:183} INFO - Processing /home/ubuntu/.local/lib/python3.10/site-packages/airflow/example_dags/example_branch_labels.py took 0.165 seconds
[2024-01-31T00:36:21.118+0100] {processor.py:161} INFO - Started process (PID=11920) to work on /home/ubuntu/.local/lib/python3.10/site-packages/airflow/example_dags/example_branch_labels.py
[2024-01-31T00:36:21.145+0100] {processor.py:830} INFO - Processing file /home/ubuntu/.local/lib/python3.10/site-packages/airflow/example_dags/example_branch_labels.py for tasks to queue
[2024-01-31T00:36:21.146+0100] {logging_mixin.py:188} INFO - [2024-01-31T00:36:21.146+0100] {dagbag.py:538} INFO - Filling up the DagBag from /home/ubuntu/.local/lib/python3.10/site-packages/airflow/example_dags/example_branch_labels.py
[2024-01-31T00:36:21.172+0100] {processor.py:840} INFO - DAG(s) 'example_branch_labels' retrieved from /home/ubuntu/.local/lib/python3.10/site-packages/airflow/example_dags/example_branch_labels.py
[2024-01-31T00:36:21.229+0100] {logging_mixin.py:188} INFO - [2024-01-31T00:36:21.229+0100] {dag.py:3033} INFO - Sync 1 DAGs
[2024-01-31T00:36:21.282+0100] {logging_mixin.py:188} INFO - [2024-01-31T00:36:21.282+0100] {dag.py:3820} INFO - Setting next_dagrun for example_branch_labels to 2024-01-29T00:00:00+00:00, run_after=2024-01-30T00:00:00+00:00
[2024-01-31T00:36:21.408+0100] {processor.py:183} INFO - Processing /home/ubuntu/.local/lib/python3.10/site-packages/airflow/example_dags/example_branch_labels.py took 0.307 seconds
[2024-01-31T00:37:30.063+0100] {processor.py:161} INFO - Started process (PID=11981) to work on /home/ubuntu/.local/lib/python3.10/site-packages/airflow/example_dags/example_branch_labels.py
[2024-01-31T00:37:30.078+0100] {processor.py:830} INFO - Processing file /home/ubuntu/.local/lib/python3.10/site-packages/airflow/example_dags/example_branch_labels.py for tasks to queue
[2024-01-31T00:37:30.080+0100] {logging_mixin.py:188} INFO - [2024-01-31T00:37:30.079+0100] {dagbag.py:538} INFO - Filling up the DagBag from /home/ubuntu/.local/lib/python3.10/site-packages/airflow/example_dags/example_branch_labels.py
[2024-01-31T00:37:30.093+0100] {processor.py:840} INFO - DAG(s) 'example_branch_labels' retrieved from /home/ubuntu/.local/lib/python3.10/site-packages/airflow/example_dags/example_branch_labels.py
[2024-01-31T00:37:30.151+0100] {logging_mixin.py:188} INFO - [2024-01-31T00:37:30.151+0100] {dag.py:3033} INFO - Sync 1 DAGs
[2024-01-31T00:37:30.190+0100] {logging_mixin.py:188} INFO - [2024-01-31T00:37:30.190+0100] {dag.py:3820} INFO - Setting next_dagrun for example_branch_labels to 2024-01-29T00:00:00+00:00, run_after=2024-01-30T00:00:00+00:00
[2024-01-31T00:37:30.230+0100] {processor.py:183} INFO - Processing /home/ubuntu/.local/lib/python3.10/site-packages/airflow/example_dags/example_branch_labels.py took 0.172 seconds
[2024-01-31T00:38:43.681+0100] {processor.py:161} INFO - Started process (PID=12052) to work on /home/ubuntu/.local/lib/python3.10/site-packages/airflow/example_dags/example_branch_labels.py
[2024-01-31T00:38:43.684+0100] {processor.py:830} INFO - Processing file /home/ubuntu/.local/lib/python3.10/site-packages/airflow/example_dags/example_branch_labels.py for tasks to queue
[2024-01-31T00:38:43.693+0100] {logging_mixin.py:188} INFO - [2024-01-31T00:38:43.692+0100] {dagbag.py:538} INFO - Filling up the DagBag from /home/ubuntu/.local/lib/python3.10/site-packages/airflow/example_dags/example_branch_labels.py
[2024-01-31T00:38:43.739+0100] {processor.py:840} INFO - DAG(s) 'example_branch_labels' retrieved from /home/ubuntu/.local/lib/python3.10/site-packages/airflow/example_dags/example_branch_labels.py
[2024-01-31T00:38:43.765+0100] {logging_mixin.py:188} INFO - [2024-01-31T00:38:43.765+0100] {dag.py:3033} INFO - Sync 1 DAGs
[2024-01-31T00:38:43.834+0100] {logging_mixin.py:188} INFO - [2024-01-31T00:38:43.834+0100] {dag.py:3820} INFO - Setting next_dagrun for example_branch_labels to 2024-01-29T00:00:00+00:00, run_after=2024-01-30T00:00:00+00:00
[2024-01-31T00:38:43.883+0100] {processor.py:183} INFO - Processing /home/ubuntu/.local/lib/python3.10/site-packages/airflow/example_dags/example_branch_labels.py took 0.208 seconds
[2024-01-31T00:39:51.297+0100] {processor.py:161} INFO - Started process (PID=12112) to work on /home/ubuntu/.local/lib/python3.10/site-packages/airflow/example_dags/example_branch_labels.py
[2024-01-31T00:39:51.300+0100] {processor.py:830} INFO - Processing file /home/ubuntu/.local/lib/python3.10/site-packages/airflow/example_dags/example_branch_labels.py for tasks to queue
[2024-01-31T00:39:51.301+0100] {logging_mixin.py:188} INFO - [2024-01-31T00:39:51.300+0100] {dagbag.py:538} INFO - Filling up the DagBag from /home/ubuntu/.local/lib/python3.10/site-packages/airflow/example_dags/example_branch_labels.py
[2024-01-31T00:39:51.319+0100] {processor.py:840} INFO - DAG(s) 'example_branch_labels' retrieved from /home/ubuntu/.local/lib/python3.10/site-packages/airflow/example_dags/example_branch_labels.py
[2024-01-31T00:39:51.346+0100] {logging_mixin.py:188} INFO - [2024-01-31T00:39:51.345+0100] {dag.py:3033} INFO - Sync 1 DAGs
[2024-01-31T00:39:51.378+0100] {logging_mixin.py:188} INFO - [2024-01-31T00:39:51.378+0100] {dag.py:3820} INFO - Setting next_dagrun for example_branch_labels to 2024-01-29T00:00:00+00:00, run_after=2024-01-30T00:00:00+00:00
[2024-01-31T00:39:51.490+0100] {processor.py:183} INFO - Processing /home/ubuntu/.local/lib/python3.10/site-packages/airflow/example_dags/example_branch_labels.py took 0.199 seconds
[2024-01-31T00:41:01.240+0100] {processor.py:161} INFO - Started process (PID=12174) to work on /home/ubuntu/.local/lib/python3.10/site-packages/airflow/example_dags/example_branch_labels.py
[2024-01-31T00:41:01.269+0100] {processor.py:830} INFO - Processing file /home/ubuntu/.local/lib/python3.10/site-packages/airflow/example_dags/example_branch_labels.py for tasks to queue
[2024-01-31T00:41:01.270+0100] {logging_mixin.py:188} INFO - [2024-01-31T00:41:01.269+0100] {dagbag.py:538} INFO - Filling up the DagBag from /home/ubuntu/.local/lib/python3.10/site-packages/airflow/example_dags/example_branch_labels.py
[2024-01-31T00:41:01.285+0100] {processor.py:840} INFO - DAG(s) 'example_branch_labels' retrieved from /home/ubuntu/.local/lib/python3.10/site-packages/airflow/example_dags/example_branch_labels.py
[2024-01-31T00:41:01.382+0100] {logging_mixin.py:188} INFO - [2024-01-31T00:41:01.381+0100] {dag.py:3033} INFO - Sync 1 DAGs
[2024-01-31T00:41:01.413+0100] {logging_mixin.py:188} INFO - [2024-01-31T00:41:01.413+0100] {dag.py:3820} INFO - Setting next_dagrun for example_branch_labels to 2024-01-29T00:00:00+00:00, run_after=2024-01-30T00:00:00+00:00
[2024-01-31T00:41:01.482+0100] {processor.py:183} INFO - Processing /home/ubuntu/.local/lib/python3.10/site-packages/airflow/example_dags/example_branch_labels.py took 0.255 seconds
[2024-01-31T00:42:11.127+0100] {processor.py:161} INFO - Started process (PID=12237) to work on /home/ubuntu/.local/lib/python3.10/site-packages/airflow/example_dags/example_branch_labels.py
[2024-01-31T00:42:11.147+0100] {processor.py:830} INFO - Processing file /home/ubuntu/.local/lib/python3.10/site-packages/airflow/example_dags/example_branch_labels.py for tasks to queue
[2024-01-31T00:42:11.157+0100] {logging_mixin.py:188} INFO - [2024-01-31T00:42:11.150+0100] {dagbag.py:538} INFO - Filling up the DagBag from /home/ubuntu/.local/lib/python3.10/site-packages/airflow/example_dags/example_branch_labels.py
[2024-01-31T00:42:11.198+0100] {processor.py:840} INFO - DAG(s) 'example_branch_labels' retrieved from /home/ubuntu/.local/lib/python3.10/site-packages/airflow/example_dags/example_branch_labels.py
[2024-01-31T00:42:11.226+0100] {logging_mixin.py:188} INFO - [2024-01-31T00:42:11.226+0100] {dag.py:3033} INFO - Sync 1 DAGs
[2024-01-31T00:42:11.248+0100] {logging_mixin.py:188} INFO - [2024-01-31T00:42:11.248+0100] {dag.py:3820} INFO - Setting next_dagrun for example_branch_labels to 2024-01-29T00:00:00+00:00, run_after=2024-01-30T00:00:00+00:00
[2024-01-31T00:42:11.366+0100] {processor.py:183} INFO - Processing /home/ubuntu/.local/lib/python3.10/site-packages/airflow/example_dags/example_branch_labels.py took 0.243 seconds
[2024-01-31T00:43:17.043+0100] {processor.py:161} INFO - Started process (PID=12299) to work on /home/ubuntu/.local/lib/python3.10/site-packages/airflow/example_dags/example_branch_labels.py
[2024-01-31T00:43:17.045+0100] {processor.py:830} INFO - Processing file /home/ubuntu/.local/lib/python3.10/site-packages/airflow/example_dags/example_branch_labels.py for tasks to queue
[2024-01-31T00:43:17.047+0100] {logging_mixin.py:188} INFO - [2024-01-31T00:43:17.046+0100] {dagbag.py:538} INFO - Filling up the DagBag from /home/ubuntu/.local/lib/python3.10/site-packages/airflow/example_dags/example_branch_labels.py
[2024-01-31T00:43:17.060+0100] {processor.py:840} INFO - DAG(s) 'example_branch_labels' retrieved from /home/ubuntu/.local/lib/python3.10/site-packages/airflow/example_dags/example_branch_labels.py
[2024-01-31T00:43:17.096+0100] {logging_mixin.py:188} INFO - [2024-01-31T00:43:17.096+0100] {dag.py:3033} INFO - Sync 1 DAGs
[2024-01-31T00:43:17.146+0100] {logging_mixin.py:188} INFO - [2024-01-31T00:43:17.145+0100] {dag.py:3820} INFO - Setting next_dagrun for example_branch_labels to 2024-01-29T00:00:00+00:00, run_after=2024-01-30T00:00:00+00:00
[2024-01-31T00:43:17.392+0100] {processor.py:183} INFO - Processing /home/ubuntu/.local/lib/python3.10/site-packages/airflow/example_dags/example_branch_labels.py took 0.356 seconds
[2024-01-31T00:44:25.754+0100] {processor.py:161} INFO - Started process (PID=12359) to work on /home/ubuntu/.local/lib/python3.10/site-packages/airflow/example_dags/example_branch_labels.py
[2024-01-31T00:44:25.756+0100] {processor.py:830} INFO - Processing file /home/ubuntu/.local/lib/python3.10/site-packages/airflow/example_dags/example_branch_labels.py for tasks to queue
[2024-01-31T00:44:25.758+0100] {logging_mixin.py:188} INFO - [2024-01-31T00:44:25.757+0100] {dagbag.py:538} INFO - Filling up the DagBag from /home/ubuntu/.local/lib/python3.10/site-packages/airflow/example_dags/example_branch_labels.py
[2024-01-31T00:44:25.774+0100] {processor.py:840} INFO - DAG(s) 'example_branch_labels' retrieved from /home/ubuntu/.local/lib/python3.10/site-packages/airflow/example_dags/example_branch_labels.py
[2024-01-31T00:44:25.798+0100] {logging_mixin.py:188} INFO - [2024-01-31T00:44:25.798+0100] {dag.py:3033} INFO - Sync 1 DAGs
[2024-01-31T00:44:25.828+0100] {logging_mixin.py:188} INFO - [2024-01-31T00:44:25.828+0100] {dag.py:3820} INFO - Setting next_dagrun for example_branch_labels to 2024-01-29T00:00:00+00:00, run_after=2024-01-30T00:00:00+00:00
[2024-01-31T00:44:25.972+0100] {processor.py:183} INFO - Processing /home/ubuntu/.local/lib/python3.10/site-packages/airflow/example_dags/example_branch_labels.py took 0.226 seconds
[2024-01-31T00:45:34.142+0100] {processor.py:161} INFO - Started process (PID=12420) to work on /home/ubuntu/.local/lib/python3.10/site-packages/airflow/example_dags/example_branch_labels.py
[2024-01-31T00:45:34.146+0100] {processor.py:830} INFO - Processing file /home/ubuntu/.local/lib/python3.10/site-packages/airflow/example_dags/example_branch_labels.py for tasks to queue
[2024-01-31T00:45:34.148+0100] {logging_mixin.py:188} INFO - [2024-01-31T00:45:34.147+0100] {dagbag.py:538} INFO - Filling up the DagBag from /home/ubuntu/.local/lib/python3.10/site-packages/airflow/example_dags/example_branch_labels.py
[2024-01-31T00:45:34.158+0100] {processor.py:840} INFO - DAG(s) 'example_branch_labels' retrieved from /home/ubuntu/.local/lib/python3.10/site-packages/airflow/example_dags/example_branch_labels.py
[2024-01-31T00:45:34.184+0100] {logging_mixin.py:188} INFO - [2024-01-31T00:45:34.184+0100] {dag.py:3033} INFO - Sync 1 DAGs
[2024-01-31T00:45:34.204+0100] {logging_mixin.py:188} INFO - [2024-01-31T00:45:34.204+0100] {dag.py:3820} INFO - Setting next_dagrun for example_branch_labels to 2024-01-29T00:00:00+00:00, run_after=2024-01-30T00:00:00+00:00
[2024-01-31T00:45:34.318+0100] {processor.py:183} INFO - Processing /home/ubuntu/.local/lib/python3.10/site-packages/airflow/example_dags/example_branch_labels.py took 0.180 seconds
