[2024-01-30T23:17:15.224+0100] {processor.py:161} INFO - Started process (PID=5820) to work on /home/ubuntu/.local/lib/python3.10/site-packages/airflow/example_dags/example_branch_day_of_week_operator.py
[2024-01-30T23:17:15.228+0100] {processor.py:830} INFO - Processing file /home/ubuntu/.local/lib/python3.10/site-packages/airflow/example_dags/example_branch_day_of_week_operator.py for tasks to queue
[2024-01-30T23:17:15.230+0100] {logging_mixin.py:188} INFO - [2024-01-30T23:17:15.229+0100] {dagbag.py:538} INFO - Filling up the DagBag from /home/ubuntu/.local/lib/python3.10/site-packages/airflow/example_dags/example_branch_day_of_week_operator.py
[2024-01-30T23:17:15.240+0100] {processor.py:840} INFO - DAG(s) 'example_weekday_branch_operator' retrieved from /home/ubuntu/.local/lib/python3.10/site-packages/airflow/example_dags/example_branch_day_of_week_operator.py
[2024-01-30T23:17:15.974+0100] {logging_mixin.py:188} INFO - [2024-01-30T23:17:15.973+0100] {dag.py:3033} INFO - Sync 1 DAGs
[2024-01-30T23:17:16.108+0100] {logging_mixin.py:188} INFO - [2024-01-30T23:17:16.108+0100] {dag.py:3820} INFO - Setting next_dagrun for example_weekday_branch_operator to 2024-01-29T00:00:00+00:00, run_after=2024-01-30T00:00:00+00:00
[2024-01-30T23:17:16.311+0100] {processor.py:183} INFO - Processing /home/ubuntu/.local/lib/python3.10/site-packages/airflow/example_dags/example_branch_day_of_week_operator.py took 1.105 seconds
[2024-01-30T23:19:34.445+0100] {processor.py:161} INFO - Started process (PID=7611) to work on /home/ubuntu/.local/lib/python3.10/site-packages/airflow/example_dags/example_branch_day_of_week_operator.py
[2024-01-30T23:19:34.469+0100] {processor.py:830} INFO - Processing file /home/ubuntu/.local/lib/python3.10/site-packages/airflow/example_dags/example_branch_day_of_week_operator.py for tasks to queue
[2024-01-30T23:19:34.470+0100] {logging_mixin.py:188} INFO - [2024-01-30T23:19:34.470+0100] {dagbag.py:538} INFO - Filling up the DagBag from /home/ubuntu/.local/lib/python3.10/site-packages/airflow/example_dags/example_branch_day_of_week_operator.py
[2024-01-30T23:19:34.535+0100] {processor.py:840} INFO - DAG(s) 'example_weekday_branch_operator' retrieved from /home/ubuntu/.local/lib/python3.10/site-packages/airflow/example_dags/example_branch_day_of_week_operator.py
[2024-01-30T23:19:34.616+0100] {logging_mixin.py:188} INFO - [2024-01-30T23:19:34.615+0100] {dag.py:3033} INFO - Sync 1 DAGs
[2024-01-30T23:19:34.688+0100] {logging_mixin.py:188} INFO - [2024-01-30T23:19:34.688+0100] {dag.py:3820} INFO - Setting next_dagrun for example_weekday_branch_operator to 2024-01-29T00:00:00+00:00, run_after=2024-01-30T00:00:00+00:00
[2024-01-30T23:19:34.894+0100] {processor.py:183} INFO - Processing /home/ubuntu/.local/lib/python3.10/site-packages/airflow/example_dags/example_branch_day_of_week_operator.py took 0.456 seconds
[2024-01-30T23:22:34.648+0100] {processor.py:161} INFO - Started process (PID=7821) to work on /home/ubuntu/.local/lib/python3.10/site-packages/airflow/example_dags/example_branch_day_of_week_operator.py
[2024-01-30T23:22:34.671+0100] {processor.py:830} INFO - Processing file /home/ubuntu/.local/lib/python3.10/site-packages/airflow/example_dags/example_branch_day_of_week_operator.py for tasks to queue
[2024-01-30T23:22:34.672+0100] {logging_mixin.py:188} INFO - [2024-01-30T23:22:34.672+0100] {dagbag.py:538} INFO - Filling up the DagBag from /home/ubuntu/.local/lib/python3.10/site-packages/airflow/example_dags/example_branch_day_of_week_operator.py
[2024-01-30T23:22:34.693+0100] {processor.py:840} INFO - DAG(s) 'example_weekday_branch_operator' retrieved from /home/ubuntu/.local/lib/python3.10/site-packages/airflow/example_dags/example_branch_day_of_week_operator.py
[2024-01-30T23:22:34.744+0100] {logging_mixin.py:188} INFO - [2024-01-30T23:22:34.744+0100] {dag.py:3033} INFO - Sync 1 DAGs
[2024-01-30T23:22:34.812+0100] {logging_mixin.py:188} INFO - [2024-01-30T23:22:34.811+0100] {dag.py:3820} INFO - Setting next_dagrun for example_weekday_branch_operator to 2024-01-29T00:00:00+00:00, run_after=2024-01-30T00:00:00+00:00
[2024-01-30T23:22:34.921+0100] {processor.py:183} INFO - Processing /home/ubuntu/.local/lib/python3.10/site-packages/airflow/example_dags/example_branch_day_of_week_operator.py took 0.278 seconds
[2024-01-30T23:24:49.133+0100] {processor.py:161} INFO - Started process (PID=7918) to work on /home/ubuntu/.local/lib/python3.10/site-packages/airflow/example_dags/example_branch_day_of_week_operator.py
[2024-01-30T23:24:49.150+0100] {processor.py:830} INFO - Processing file /home/ubuntu/.local/lib/python3.10/site-packages/airflow/example_dags/example_branch_day_of_week_operator.py for tasks to queue
[2024-01-30T23:24:49.152+0100] {logging_mixin.py:188} INFO - [2024-01-30T23:24:49.152+0100] {dagbag.py:538} INFO - Filling up the DagBag from /home/ubuntu/.local/lib/python3.10/site-packages/airflow/example_dags/example_branch_day_of_week_operator.py
[2024-01-30T23:24:49.183+0100] {processor.py:840} INFO - DAG(s) 'example_weekday_branch_operator' retrieved from /home/ubuntu/.local/lib/python3.10/site-packages/airflow/example_dags/example_branch_day_of_week_operator.py
[2024-01-30T23:24:49.217+0100] {logging_mixin.py:188} INFO - [2024-01-30T23:24:49.217+0100] {dag.py:3033} INFO - Sync 1 DAGs
[2024-01-30T23:24:49.251+0100] {logging_mixin.py:188} INFO - [2024-01-30T23:24:49.251+0100] {dag.py:3820} INFO - Setting next_dagrun for example_weekday_branch_operator to 2024-01-29T00:00:00+00:00, run_after=2024-01-30T00:00:00+00:00
[2024-01-30T23:24:49.369+0100] {processor.py:183} INFO - Processing /home/ubuntu/.local/lib/python3.10/site-packages/airflow/example_dags/example_branch_day_of_week_operator.py took 0.241 seconds
[2024-01-30T23:26:13.701+0100] {processor.py:161} INFO - Started process (PID=7994) to work on /home/ubuntu/.local/lib/python3.10/site-packages/airflow/example_dags/example_branch_day_of_week_operator.py
[2024-01-30T23:26:13.744+0100] {processor.py:830} INFO - Processing file /home/ubuntu/.local/lib/python3.10/site-packages/airflow/example_dags/example_branch_day_of_week_operator.py for tasks to queue
[2024-01-30T23:26:13.754+0100] {logging_mixin.py:188} INFO - [2024-01-30T23:26:13.753+0100] {dagbag.py:538} INFO - Filling up the DagBag from /home/ubuntu/.local/lib/python3.10/site-packages/airflow/example_dags/example_branch_day_of_week_operator.py
[2024-01-30T23:26:13.838+0100] {processor.py:840} INFO - DAG(s) 'example_weekday_branch_operator' retrieved from /home/ubuntu/.local/lib/python3.10/site-packages/airflow/example_dags/example_branch_day_of_week_operator.py
[2024-01-30T23:26:13.907+0100] {logging_mixin.py:188} INFO - [2024-01-30T23:26:13.907+0100] {dag.py:3033} INFO - Sync 1 DAGs
[2024-01-30T23:26:14.001+0100] {logging_mixin.py:188} INFO - [2024-01-30T23:26:14.001+0100] {dag.py:3820} INFO - Setting next_dagrun for example_weekday_branch_operator to 2024-01-29T00:00:00+00:00, run_after=2024-01-30T00:00:00+00:00
[2024-01-30T23:26:14.042+0100] {processor.py:183} INFO - Processing /home/ubuntu/.local/lib/python3.10/site-packages/airflow/example_dags/example_branch_day_of_week_operator.py took 0.350 seconds
[2024-01-30T23:27:42.888+0100] {processor.py:161} INFO - Started process (PID=8082) to work on /home/ubuntu/.local/lib/python3.10/site-packages/airflow/example_dags/example_branch_day_of_week_operator.py
[2024-01-30T23:27:42.890+0100] {processor.py:830} INFO - Processing file /home/ubuntu/.local/lib/python3.10/site-packages/airflow/example_dags/example_branch_day_of_week_operator.py for tasks to queue
[2024-01-30T23:27:42.891+0100] {logging_mixin.py:188} INFO - [2024-01-30T23:27:42.891+0100] {dagbag.py:538} INFO - Filling up the DagBag from /home/ubuntu/.local/lib/python3.10/site-packages/airflow/example_dags/example_branch_day_of_week_operator.py
[2024-01-30T23:27:42.907+0100] {processor.py:840} INFO - DAG(s) 'example_weekday_branch_operator' retrieved from /home/ubuntu/.local/lib/python3.10/site-packages/airflow/example_dags/example_branch_day_of_week_operator.py
[2024-01-30T23:27:42.934+0100] {logging_mixin.py:188} INFO - [2024-01-30T23:27:42.933+0100] {dag.py:3033} INFO - Sync 1 DAGs
[2024-01-30T23:27:42.957+0100] {logging_mixin.py:188} INFO - [2024-01-30T23:27:42.957+0100] {dag.py:3820} INFO - Setting next_dagrun for example_weekday_branch_operator to 2024-01-29T00:00:00+00:00, run_after=2024-01-30T00:00:00+00:00
[2024-01-30T23:27:43.074+0100] {processor.py:183} INFO - Processing /home/ubuntu/.local/lib/python3.10/site-packages/airflow/example_dags/example_branch_day_of_week_operator.py took 0.192 seconds
[2024-01-30T23:29:06.822+0100] {processor.py:161} INFO - Started process (PID=8154) to work on /home/ubuntu/.local/lib/python3.10/site-packages/airflow/example_dags/example_branch_day_of_week_operator.py
[2024-01-30T23:29:06.830+0100] {processor.py:830} INFO - Processing file /home/ubuntu/.local/lib/python3.10/site-packages/airflow/example_dags/example_branch_day_of_week_operator.py for tasks to queue
[2024-01-30T23:29:06.832+0100] {logging_mixin.py:188} INFO - [2024-01-30T23:29:06.832+0100] {dagbag.py:538} INFO - Filling up the DagBag from /home/ubuntu/.local/lib/python3.10/site-packages/airflow/example_dags/example_branch_day_of_week_operator.py
[2024-01-30T23:29:06.845+0100] {processor.py:840} INFO - DAG(s) 'example_weekday_branch_operator' retrieved from /home/ubuntu/.local/lib/python3.10/site-packages/airflow/example_dags/example_branch_day_of_week_operator.py
[2024-01-30T23:29:06.880+0100] {logging_mixin.py:188} INFO - [2024-01-30T23:29:06.880+0100] {dag.py:3033} INFO - Sync 1 DAGs
[2024-01-30T23:29:06.908+0100] {logging_mixin.py:188} INFO - [2024-01-30T23:29:06.907+0100] {dag.py:3820} INFO - Setting next_dagrun for example_weekday_branch_operator to 2024-01-29T00:00:00+00:00, run_after=2024-01-30T00:00:00+00:00
[2024-01-30T23:29:07.005+0100] {processor.py:183} INFO - Processing /home/ubuntu/.local/lib/python3.10/site-packages/airflow/example_dags/example_branch_day_of_week_operator.py took 0.189 seconds
[2024-01-30T23:30:26.290+0100] {processor.py:161} INFO - Started process (PID=8235) to work on /home/ubuntu/.local/lib/python3.10/site-packages/airflow/example_dags/example_branch_day_of_week_operator.py
[2024-01-30T23:30:26.303+0100] {processor.py:830} INFO - Processing file /home/ubuntu/.local/lib/python3.10/site-packages/airflow/example_dags/example_branch_day_of_week_operator.py for tasks to queue
[2024-01-30T23:30:26.305+0100] {logging_mixin.py:188} INFO - [2024-01-30T23:30:26.304+0100] {dagbag.py:538} INFO - Filling up the DagBag from /home/ubuntu/.local/lib/python3.10/site-packages/airflow/example_dags/example_branch_day_of_week_operator.py
[2024-01-30T23:30:26.317+0100] {processor.py:840} INFO - DAG(s) 'example_weekday_branch_operator' retrieved from /home/ubuntu/.local/lib/python3.10/site-packages/airflow/example_dags/example_branch_day_of_week_operator.py
[2024-01-30T23:30:26.348+0100] {logging_mixin.py:188} INFO - [2024-01-30T23:30:26.347+0100] {dag.py:3033} INFO - Sync 1 DAGs
[2024-01-30T23:30:26.372+0100] {logging_mixin.py:188} INFO - [2024-01-30T23:30:26.372+0100] {dag.py:3820} INFO - Setting next_dagrun for example_weekday_branch_operator to 2024-01-29T00:00:00+00:00, run_after=2024-01-30T00:00:00+00:00
[2024-01-30T23:30:26.428+0100] {processor.py:183} INFO - Processing /home/ubuntu/.local/lib/python3.10/site-packages/airflow/example_dags/example_branch_day_of_week_operator.py took 0.143 seconds
[2024-01-30T23:31:39.083+0100] {processor.py:161} INFO - Started process (PID=8296) to work on /home/ubuntu/.local/lib/python3.10/site-packages/airflow/example_dags/example_branch_day_of_week_operator.py
[2024-01-30T23:31:39.100+0100] {processor.py:830} INFO - Processing file /home/ubuntu/.local/lib/python3.10/site-packages/airflow/example_dags/example_branch_day_of_week_operator.py for tasks to queue
[2024-01-30T23:31:39.101+0100] {logging_mixin.py:188} INFO - [2024-01-30T23:31:39.101+0100] {dagbag.py:538} INFO - Filling up the DagBag from /home/ubuntu/.local/lib/python3.10/site-packages/airflow/example_dags/example_branch_day_of_week_operator.py
[2024-01-30T23:31:39.168+0100] {processor.py:840} INFO - DAG(s) 'example_weekday_branch_operator' retrieved from /home/ubuntu/.local/lib/python3.10/site-packages/airflow/example_dags/example_branch_day_of_week_operator.py
[2024-01-30T23:31:39.269+0100] {logging_mixin.py:188} INFO - [2024-01-30T23:31:39.269+0100] {dag.py:3033} INFO - Sync 1 DAGs
[2024-01-30T23:31:39.445+0100] {logging_mixin.py:188} INFO - [2024-01-30T23:31:39.445+0100] {dag.py:3820} INFO - Setting next_dagrun for example_weekday_branch_operator to 2024-01-29T00:00:00+00:00, run_after=2024-01-30T00:00:00+00:00
[2024-01-30T23:31:39.800+0100] {processor.py:183} INFO - Processing /home/ubuntu/.local/lib/python3.10/site-packages/airflow/example_dags/example_branch_day_of_week_operator.py took 0.735 seconds
[2024-01-30T23:33:11.035+0100] {processor.py:161} INFO - Started process (PID=8379) to work on /home/ubuntu/.local/lib/python3.10/site-packages/airflow/example_dags/example_branch_day_of_week_operator.py
[2024-01-30T23:33:11.055+0100] {processor.py:830} INFO - Processing file /home/ubuntu/.local/lib/python3.10/site-packages/airflow/example_dags/example_branch_day_of_week_operator.py for tasks to queue
[2024-01-30T23:33:11.065+0100] {logging_mixin.py:188} INFO - [2024-01-30T23:33:11.064+0100] {dagbag.py:538} INFO - Filling up the DagBag from /home/ubuntu/.local/lib/python3.10/site-packages/airflow/example_dags/example_branch_day_of_week_operator.py
[2024-01-30T23:33:11.083+0100] {processor.py:840} INFO - DAG(s) 'example_weekday_branch_operator' retrieved from /home/ubuntu/.local/lib/python3.10/site-packages/airflow/example_dags/example_branch_day_of_week_operator.py
[2024-01-30T23:33:11.153+0100] {logging_mixin.py:188} INFO - [2024-01-30T23:33:11.153+0100] {dag.py:3033} INFO - Sync 1 DAGs
[2024-01-30T23:33:11.214+0100] {logging_mixin.py:188} INFO - [2024-01-30T23:33:11.214+0100] {dag.py:3820} INFO - Setting next_dagrun for example_weekday_branch_operator to 2024-01-29T00:00:00+00:00, run_after=2024-01-30T00:00:00+00:00
[2024-01-30T23:33:11.478+0100] {processor.py:183} INFO - Processing /home/ubuntu/.local/lib/python3.10/site-packages/airflow/example_dags/example_branch_day_of_week_operator.py took 0.447 seconds
[2024-01-30T23:34:33.090+0100] {processor.py:161} INFO - Started process (PID=8448) to work on /home/ubuntu/.local/lib/python3.10/site-packages/airflow/example_dags/example_branch_day_of_week_operator.py
[2024-01-30T23:34:33.113+0100] {processor.py:830} INFO - Processing file /home/ubuntu/.local/lib/python3.10/site-packages/airflow/example_dags/example_branch_day_of_week_operator.py for tasks to queue
[2024-01-30T23:34:33.131+0100] {logging_mixin.py:188} INFO - [2024-01-30T23:34:33.130+0100] {dagbag.py:538} INFO - Filling up the DagBag from /home/ubuntu/.local/lib/python3.10/site-packages/airflow/example_dags/example_branch_day_of_week_operator.py
[2024-01-30T23:34:33.155+0100] {processor.py:840} INFO - DAG(s) 'example_weekday_branch_operator' retrieved from /home/ubuntu/.local/lib/python3.10/site-packages/airflow/example_dags/example_branch_day_of_week_operator.py
[2024-01-30T23:34:33.222+0100] {logging_mixin.py:188} INFO - [2024-01-30T23:34:33.222+0100] {dag.py:3033} INFO - Sync 1 DAGs
[2024-01-30T23:34:33.321+0100] {logging_mixin.py:188} INFO - [2024-01-30T23:34:33.316+0100] {dag.py:3820} INFO - Setting next_dagrun for example_weekday_branch_operator to 2024-01-29T00:00:00+00:00, run_after=2024-01-30T00:00:00+00:00
[2024-01-30T23:34:33.578+0100] {processor.py:183} INFO - Processing /home/ubuntu/.local/lib/python3.10/site-packages/airflow/example_dags/example_branch_day_of_week_operator.py took 0.496 seconds
[2024-01-30T23:36:03.548+0100] {processor.py:161} INFO - Started process (PID=8525) to work on /home/ubuntu/.local/lib/python3.10/site-packages/airflow/example_dags/example_branch_day_of_week_operator.py
[2024-01-30T23:36:03.551+0100] {processor.py:830} INFO - Processing file /home/ubuntu/.local/lib/python3.10/site-packages/airflow/example_dags/example_branch_day_of_week_operator.py for tasks to queue
[2024-01-30T23:36:03.553+0100] {logging_mixin.py:188} INFO - [2024-01-30T23:36:03.552+0100] {dagbag.py:538} INFO - Filling up the DagBag from /home/ubuntu/.local/lib/python3.10/site-packages/airflow/example_dags/example_branch_day_of_week_operator.py
[2024-01-30T23:36:03.573+0100] {processor.py:840} INFO - DAG(s) 'example_weekday_branch_operator' retrieved from /home/ubuntu/.local/lib/python3.10/site-packages/airflow/example_dags/example_branch_day_of_week_operator.py
[2024-01-30T23:36:03.667+0100] {logging_mixin.py:188} INFO - [2024-01-30T23:36:03.665+0100] {dag.py:3033} INFO - Sync 1 DAGs
[2024-01-30T23:36:03.729+0100] {logging_mixin.py:188} INFO - [2024-01-30T23:36:03.728+0100] {dag.py:3820} INFO - Setting next_dagrun for example_weekday_branch_operator to 2024-01-29T00:00:00+00:00, run_after=2024-01-30T00:00:00+00:00
[2024-01-30T23:36:04.030+0100] {processor.py:183} INFO - Processing /home/ubuntu/.local/lib/python3.10/site-packages/airflow/example_dags/example_branch_day_of_week_operator.py took 0.491 seconds
[2024-01-30T23:37:41.834+0100] {processor.py:161} INFO - Started process (PID=8607) to work on /home/ubuntu/.local/lib/python3.10/site-packages/airflow/example_dags/example_branch_day_of_week_operator.py
[2024-01-30T23:37:41.837+0100] {processor.py:830} INFO - Processing file /home/ubuntu/.local/lib/python3.10/site-packages/airflow/example_dags/example_branch_day_of_week_operator.py for tasks to queue
[2024-01-30T23:37:41.838+0100] {logging_mixin.py:188} INFO - [2024-01-30T23:37:41.838+0100] {dagbag.py:538} INFO - Filling up the DagBag from /home/ubuntu/.local/lib/python3.10/site-packages/airflow/example_dags/example_branch_day_of_week_operator.py
[2024-01-30T23:37:41.874+0100] {processor.py:840} INFO - DAG(s) 'example_weekday_branch_operator' retrieved from /home/ubuntu/.local/lib/python3.10/site-packages/airflow/example_dags/example_branch_day_of_week_operator.py
[2024-01-30T23:37:41.990+0100] {logging_mixin.py:188} INFO - [2024-01-30T23:37:41.989+0100] {dag.py:3033} INFO - Sync 1 DAGs
[2024-01-30T23:37:42.051+0100] {logging_mixin.py:188} INFO - [2024-01-30T23:37:42.051+0100] {dag.py:3820} INFO - Setting next_dagrun for example_weekday_branch_operator to 2024-01-29T00:00:00+00:00, run_after=2024-01-30T00:00:00+00:00
[2024-01-30T23:37:42.345+0100] {processor.py:183} INFO - Processing /home/ubuntu/.local/lib/python3.10/site-packages/airflow/example_dags/example_branch_day_of_week_operator.py took 0.526 seconds
[2024-01-30T23:39:02.752+0100] {processor.py:161} INFO - Started process (PID=8674) to work on /home/ubuntu/.local/lib/python3.10/site-packages/airflow/example_dags/example_branch_day_of_week_operator.py
[2024-01-30T23:39:02.784+0100] {processor.py:830} INFO - Processing file /home/ubuntu/.local/lib/python3.10/site-packages/airflow/example_dags/example_branch_day_of_week_operator.py for tasks to queue
[2024-01-30T23:39:02.786+0100] {logging_mixin.py:188} INFO - [2024-01-30T23:39:02.785+0100] {dagbag.py:538} INFO - Filling up the DagBag from /home/ubuntu/.local/lib/python3.10/site-packages/airflow/example_dags/example_branch_day_of_week_operator.py
[2024-01-30T23:39:02.800+0100] {processor.py:840} INFO - DAG(s) 'example_weekday_branch_operator' retrieved from /home/ubuntu/.local/lib/python3.10/site-packages/airflow/example_dags/example_branch_day_of_week_operator.py
[2024-01-30T23:39:03.004+0100] {logging_mixin.py:188} INFO - [2024-01-30T23:39:03.000+0100] {dag.py:3033} INFO - Sync 1 DAGs
[2024-01-30T23:39:03.076+0100] {logging_mixin.py:188} INFO - [2024-01-30T23:39:03.075+0100] {dag.py:3820} INFO - Setting next_dagrun for example_weekday_branch_operator to 2024-01-29T00:00:00+00:00, run_after=2024-01-30T00:00:00+00:00
[2024-01-30T23:39:03.268+0100] {processor.py:183} INFO - Processing /home/ubuntu/.local/lib/python3.10/site-packages/airflow/example_dags/example_branch_day_of_week_operator.py took 0.534 seconds
[2024-01-30T23:40:22.959+0100] {processor.py:161} INFO - Started process (PID=8739) to work on /home/ubuntu/.local/lib/python3.10/site-packages/airflow/example_dags/example_branch_day_of_week_operator.py
[2024-01-30T23:40:22.962+0100] {processor.py:830} INFO - Processing file /home/ubuntu/.local/lib/python3.10/site-packages/airflow/example_dags/example_branch_day_of_week_operator.py for tasks to queue
[2024-01-30T23:40:22.965+0100] {logging_mixin.py:188} INFO - [2024-01-30T23:40:22.964+0100] {dagbag.py:538} INFO - Filling up the DagBag from /home/ubuntu/.local/lib/python3.10/site-packages/airflow/example_dags/example_branch_day_of_week_operator.py
[2024-01-30T23:40:22.977+0100] {processor.py:840} INFO - DAG(s) 'example_weekday_branch_operator' retrieved from /home/ubuntu/.local/lib/python3.10/site-packages/airflow/example_dags/example_branch_day_of_week_operator.py
[2024-01-30T23:40:23.006+0100] {logging_mixin.py:188} INFO - [2024-01-30T23:40:23.005+0100] {dag.py:3033} INFO - Sync 1 DAGs
[2024-01-30T23:40:23.049+0100] {logging_mixin.py:188} INFO - [2024-01-30T23:40:23.032+0100] {dag.py:3820} INFO - Setting next_dagrun for example_weekday_branch_operator to 2024-01-29T00:00:00+00:00, run_after=2024-01-30T00:00:00+00:00
[2024-01-30T23:40:23.165+0100] {processor.py:183} INFO - Processing /home/ubuntu/.local/lib/python3.10/site-packages/airflow/example_dags/example_branch_day_of_week_operator.py took 0.214 seconds
[2024-01-30T23:41:28.461+0100] {processor.py:161} INFO - Started process (PID=8800) to work on /home/ubuntu/.local/lib/python3.10/site-packages/airflow/example_dags/example_branch_day_of_week_operator.py
[2024-01-30T23:41:28.464+0100] {processor.py:830} INFO - Processing file /home/ubuntu/.local/lib/python3.10/site-packages/airflow/example_dags/example_branch_day_of_week_operator.py for tasks to queue
[2024-01-30T23:41:28.465+0100] {logging_mixin.py:188} INFO - [2024-01-30T23:41:28.465+0100] {dagbag.py:538} INFO - Filling up the DagBag from /home/ubuntu/.local/lib/python3.10/site-packages/airflow/example_dags/example_branch_day_of_week_operator.py
[2024-01-30T23:41:28.498+0100] {processor.py:840} INFO - DAG(s) 'example_weekday_branch_operator' retrieved from /home/ubuntu/.local/lib/python3.10/site-packages/airflow/example_dags/example_branch_day_of_week_operator.py
[2024-01-30T23:41:28.522+0100] {logging_mixin.py:188} INFO - [2024-01-30T23:41:28.522+0100] {dag.py:3033} INFO - Sync 1 DAGs
[2024-01-30T23:41:28.548+0100] {logging_mixin.py:188} INFO - [2024-01-30T23:41:28.547+0100] {dag.py:3820} INFO - Setting next_dagrun for example_weekday_branch_operator to 2024-01-29T00:00:00+00:00, run_after=2024-01-30T00:00:00+00:00
[2024-01-30T23:41:28.584+0100] {processor.py:183} INFO - Processing /home/ubuntu/.local/lib/python3.10/site-packages/airflow/example_dags/example_branch_day_of_week_operator.py took 0.127 seconds
[2024-01-30T23:42:41.622+0100] {processor.py:161} INFO - Started process (PID=8867) to work on /home/ubuntu/.local/lib/python3.10/site-packages/airflow/example_dags/example_branch_day_of_week_operator.py
[2024-01-30T23:42:41.628+0100] {processor.py:830} INFO - Processing file /home/ubuntu/.local/lib/python3.10/site-packages/airflow/example_dags/example_branch_day_of_week_operator.py for tasks to queue
[2024-01-30T23:42:41.630+0100] {logging_mixin.py:188} INFO - [2024-01-30T23:42:41.629+0100] {dagbag.py:538} INFO - Filling up the DagBag from /home/ubuntu/.local/lib/python3.10/site-packages/airflow/example_dags/example_branch_day_of_week_operator.py
[2024-01-30T23:42:41.642+0100] {processor.py:840} INFO - DAG(s) 'example_weekday_branch_operator' retrieved from /home/ubuntu/.local/lib/python3.10/site-packages/airflow/example_dags/example_branch_day_of_week_operator.py
[2024-01-30T23:42:41.669+0100] {logging_mixin.py:188} INFO - [2024-01-30T23:42:41.668+0100] {dag.py:3033} INFO - Sync 1 DAGs
[2024-01-30T23:42:41.699+0100] {logging_mixin.py:188} INFO - [2024-01-30T23:42:41.699+0100] {dag.py:3820} INFO - Setting next_dagrun for example_weekday_branch_operator to 2024-01-29T00:00:00+00:00, run_after=2024-01-30T00:00:00+00:00
[2024-01-30T23:42:41.919+0100] {processor.py:183} INFO - Processing /home/ubuntu/.local/lib/python3.10/site-packages/airflow/example_dags/example_branch_day_of_week_operator.py took 0.304 seconds
[2024-01-30T23:43:51.182+0100] {processor.py:161} INFO - Started process (PID=8929) to work on /home/ubuntu/.local/lib/python3.10/site-packages/airflow/example_dags/example_branch_day_of_week_operator.py
[2024-01-30T23:43:51.185+0100] {processor.py:830} INFO - Processing file /home/ubuntu/.local/lib/python3.10/site-packages/airflow/example_dags/example_branch_day_of_week_operator.py for tasks to queue
[2024-01-30T23:43:51.187+0100] {logging_mixin.py:188} INFO - [2024-01-30T23:43:51.186+0100] {dagbag.py:538} INFO - Filling up the DagBag from /home/ubuntu/.local/lib/python3.10/site-packages/airflow/example_dags/example_branch_day_of_week_operator.py
[2024-01-30T23:43:51.201+0100] {processor.py:840} INFO - DAG(s) 'example_weekday_branch_operator' retrieved from /home/ubuntu/.local/lib/python3.10/site-packages/airflow/example_dags/example_branch_day_of_week_operator.py
[2024-01-30T23:43:51.228+0100] {logging_mixin.py:188} INFO - [2024-01-30T23:43:51.228+0100] {dag.py:3033} INFO - Sync 1 DAGs
[2024-01-30T23:43:51.253+0100] {logging_mixin.py:188} INFO - [2024-01-30T23:43:51.253+0100] {dag.py:3820} INFO - Setting next_dagrun for example_weekday_branch_operator to 2024-01-29T00:00:00+00:00, run_after=2024-01-30T00:00:00+00:00
[2024-01-30T23:43:51.451+0100] {processor.py:183} INFO - Processing /home/ubuntu/.local/lib/python3.10/site-packages/airflow/example_dags/example_branch_day_of_week_operator.py took 0.275 seconds
[2024-01-30T23:44:58.119+0100] {processor.py:161} INFO - Started process (PID=8991) to work on /home/ubuntu/.local/lib/python3.10/site-packages/airflow/example_dags/example_branch_day_of_week_operator.py
[2024-01-30T23:44:58.150+0100] {processor.py:830} INFO - Processing file /home/ubuntu/.local/lib/python3.10/site-packages/airflow/example_dags/example_branch_day_of_week_operator.py for tasks to queue
[2024-01-30T23:44:58.152+0100] {logging_mixin.py:188} INFO - [2024-01-30T23:44:58.151+0100] {dagbag.py:538} INFO - Filling up the DagBag from /home/ubuntu/.local/lib/python3.10/site-packages/airflow/example_dags/example_branch_day_of_week_operator.py
[2024-01-30T23:44:58.178+0100] {processor.py:840} INFO - DAG(s) 'example_weekday_branch_operator' retrieved from /home/ubuntu/.local/lib/python3.10/site-packages/airflow/example_dags/example_branch_day_of_week_operator.py
[2024-01-30T23:44:58.200+0100] {logging_mixin.py:188} INFO - [2024-01-30T23:44:58.199+0100] {dag.py:3033} INFO - Sync 1 DAGs
[2024-01-30T23:44:58.222+0100] {logging_mixin.py:188} INFO - [2024-01-30T23:44:58.221+0100] {dag.py:3820} INFO - Setting next_dagrun for example_weekday_branch_operator to 2024-01-29T00:00:00+00:00, run_after=2024-01-30T00:00:00+00:00
[2024-01-30T23:44:58.292+0100] {processor.py:183} INFO - Processing /home/ubuntu/.local/lib/python3.10/site-packages/airflow/example_dags/example_branch_day_of_week_operator.py took 0.186 seconds
[2024-01-30T23:46:06.905+0100] {processor.py:161} INFO - Started process (PID=9069) to work on /home/ubuntu/.local/lib/python3.10/site-packages/airflow/example_dags/example_branch_day_of_week_operator.py
[2024-01-30T23:46:06.914+0100] {processor.py:830} INFO - Processing file /home/ubuntu/.local/lib/python3.10/site-packages/airflow/example_dags/example_branch_day_of_week_operator.py for tasks to queue
[2024-01-30T23:46:06.916+0100] {logging_mixin.py:188} INFO - [2024-01-30T23:46:06.915+0100] {dagbag.py:538} INFO - Filling up the DagBag from /home/ubuntu/.local/lib/python3.10/site-packages/airflow/example_dags/example_branch_day_of_week_operator.py
[2024-01-30T23:46:06.928+0100] {processor.py:840} INFO - DAG(s) 'example_weekday_branch_operator' retrieved from /home/ubuntu/.local/lib/python3.10/site-packages/airflow/example_dags/example_branch_day_of_week_operator.py
[2024-01-30T23:46:06.954+0100] {logging_mixin.py:188} INFO - [2024-01-30T23:46:06.954+0100] {dag.py:3033} INFO - Sync 1 DAGs
[2024-01-30T23:46:06.982+0100] {logging_mixin.py:188} INFO - [2024-01-30T23:46:06.982+0100] {dag.py:3820} INFO - Setting next_dagrun for example_weekday_branch_operator to 2024-01-29T00:00:00+00:00, run_after=2024-01-30T00:00:00+00:00
[2024-01-30T23:46:07.102+0100] {processor.py:183} INFO - Processing /home/ubuntu/.local/lib/python3.10/site-packages/airflow/example_dags/example_branch_day_of_week_operator.py took 0.201 seconds
[2024-01-30T23:47:13.288+0100] {processor.py:161} INFO - Started process (PID=9132) to work on /home/ubuntu/.local/lib/python3.10/site-packages/airflow/example_dags/example_branch_day_of_week_operator.py
[2024-01-30T23:47:13.297+0100] {processor.py:830} INFO - Processing file /home/ubuntu/.local/lib/python3.10/site-packages/airflow/example_dags/example_branch_day_of_week_operator.py for tasks to queue
[2024-01-30T23:47:13.299+0100] {logging_mixin.py:188} INFO - [2024-01-30T23:47:13.298+0100] {dagbag.py:538} INFO - Filling up the DagBag from /home/ubuntu/.local/lib/python3.10/site-packages/airflow/example_dags/example_branch_day_of_week_operator.py
[2024-01-30T23:47:13.314+0100] {processor.py:840} INFO - DAG(s) 'example_weekday_branch_operator' retrieved from /home/ubuntu/.local/lib/python3.10/site-packages/airflow/example_dags/example_branch_day_of_week_operator.py
[2024-01-30T23:47:13.341+0100] {logging_mixin.py:188} INFO - [2024-01-30T23:47:13.341+0100] {dag.py:3033} INFO - Sync 1 DAGs
[2024-01-30T23:47:13.370+0100] {logging_mixin.py:188} INFO - [2024-01-30T23:47:13.370+0100] {dag.py:3820} INFO - Setting next_dagrun for example_weekday_branch_operator to 2024-01-29T00:00:00+00:00, run_after=2024-01-30T00:00:00+00:00
[2024-01-30T23:47:13.434+0100] {processor.py:183} INFO - Processing /home/ubuntu/.local/lib/python3.10/site-packages/airflow/example_dags/example_branch_day_of_week_operator.py took 0.152 seconds
[2024-01-30T23:48:18.631+0100] {processor.py:161} INFO - Started process (PID=9196) to work on /home/ubuntu/.local/lib/python3.10/site-packages/airflow/example_dags/example_branch_day_of_week_operator.py
[2024-01-30T23:48:18.634+0100] {processor.py:830} INFO - Processing file /home/ubuntu/.local/lib/python3.10/site-packages/airflow/example_dags/example_branch_day_of_week_operator.py for tasks to queue
[2024-01-30T23:48:18.636+0100] {logging_mixin.py:188} INFO - [2024-01-30T23:48:18.635+0100] {dagbag.py:538} INFO - Filling up the DagBag from /home/ubuntu/.local/lib/python3.10/site-packages/airflow/example_dags/example_branch_day_of_week_operator.py
[2024-01-30T23:48:18.662+0100] {processor.py:840} INFO - DAG(s) 'example_weekday_branch_operator' retrieved from /home/ubuntu/.local/lib/python3.10/site-packages/airflow/example_dags/example_branch_day_of_week_operator.py
[2024-01-30T23:48:18.685+0100] {logging_mixin.py:188} INFO - [2024-01-30T23:48:18.684+0100] {dag.py:3033} INFO - Sync 1 DAGs
[2024-01-30T23:48:18.708+0100] {logging_mixin.py:188} INFO - [2024-01-30T23:48:18.708+0100] {dag.py:3820} INFO - Setting next_dagrun for example_weekday_branch_operator to 2024-01-29T00:00:00+00:00, run_after=2024-01-30T00:00:00+00:00
[2024-01-30T23:48:18.776+0100] {processor.py:183} INFO - Processing /home/ubuntu/.local/lib/python3.10/site-packages/airflow/example_dags/example_branch_day_of_week_operator.py took 0.149 seconds
[2024-01-30T23:49:22.604+0100] {processor.py:161} INFO - Started process (PID=9255) to work on /home/ubuntu/.local/lib/python3.10/site-packages/airflow/example_dags/example_branch_day_of_week_operator.py
[2024-01-30T23:49:22.607+0100] {processor.py:830} INFO - Processing file /home/ubuntu/.local/lib/python3.10/site-packages/airflow/example_dags/example_branch_day_of_week_operator.py for tasks to queue
[2024-01-30T23:49:22.609+0100] {logging_mixin.py:188} INFO - [2024-01-30T23:49:22.608+0100] {dagbag.py:538} INFO - Filling up the DagBag from /home/ubuntu/.local/lib/python3.10/site-packages/airflow/example_dags/example_branch_day_of_week_operator.py
[2024-01-30T23:49:22.622+0100] {processor.py:840} INFO - DAG(s) 'example_weekday_branch_operator' retrieved from /home/ubuntu/.local/lib/python3.10/site-packages/airflow/example_dags/example_branch_day_of_week_operator.py
[2024-01-30T23:49:22.649+0100] {logging_mixin.py:188} INFO - [2024-01-30T23:49:22.649+0100] {dag.py:3033} INFO - Sync 1 DAGs
[2024-01-30T23:49:22.677+0100] {logging_mixin.py:188} INFO - [2024-01-30T23:49:22.676+0100] {dag.py:3820} INFO - Setting next_dagrun for example_weekday_branch_operator to 2024-01-29T00:00:00+00:00, run_after=2024-01-30T00:00:00+00:00
[2024-01-30T23:49:22.848+0100] {processor.py:183} INFO - Processing /home/ubuntu/.local/lib/python3.10/site-packages/airflow/example_dags/example_branch_day_of_week_operator.py took 0.249 seconds
[2024-01-30T23:50:27.701+0100] {processor.py:161} INFO - Started process (PID=9317) to work on /home/ubuntu/.local/lib/python3.10/site-packages/airflow/example_dags/example_branch_day_of_week_operator.py
[2024-01-30T23:50:27.704+0100] {processor.py:830} INFO - Processing file /home/ubuntu/.local/lib/python3.10/site-packages/airflow/example_dags/example_branch_day_of_week_operator.py for tasks to queue
[2024-01-30T23:50:27.706+0100] {logging_mixin.py:188} INFO - [2024-01-30T23:50:27.705+0100] {dagbag.py:538} INFO - Filling up the DagBag from /home/ubuntu/.local/lib/python3.10/site-packages/airflow/example_dags/example_branch_day_of_week_operator.py
[2024-01-30T23:50:27.718+0100] {processor.py:840} INFO - DAG(s) 'example_weekday_branch_operator' retrieved from /home/ubuntu/.local/lib/python3.10/site-packages/airflow/example_dags/example_branch_day_of_week_operator.py
[2024-01-30T23:50:27.750+0100] {logging_mixin.py:188} INFO - [2024-01-30T23:50:27.750+0100] {dag.py:3033} INFO - Sync 1 DAGs
[2024-01-30T23:50:27.780+0100] {logging_mixin.py:188} INFO - [2024-01-30T23:50:27.779+0100] {dag.py:3820} INFO - Setting next_dagrun for example_weekday_branch_operator to 2024-01-29T00:00:00+00:00, run_after=2024-01-30T00:00:00+00:00
[2024-01-30T23:50:27.909+0100] {processor.py:183} INFO - Processing /home/ubuntu/.local/lib/python3.10/site-packages/airflow/example_dags/example_branch_day_of_week_operator.py took 0.214 seconds
[2024-01-30T23:51:31.267+0100] {processor.py:161} INFO - Started process (PID=9375) to work on /home/ubuntu/.local/lib/python3.10/site-packages/airflow/example_dags/example_branch_day_of_week_operator.py
[2024-01-30T23:51:31.270+0100] {processor.py:830} INFO - Processing file /home/ubuntu/.local/lib/python3.10/site-packages/airflow/example_dags/example_branch_day_of_week_operator.py for tasks to queue
[2024-01-30T23:51:31.275+0100] {logging_mixin.py:188} INFO - [2024-01-30T23:51:31.274+0100] {dagbag.py:538} INFO - Filling up the DagBag from /home/ubuntu/.local/lib/python3.10/site-packages/airflow/example_dags/example_branch_day_of_week_operator.py
[2024-01-30T23:51:31.287+0100] {processor.py:840} INFO - DAG(s) 'example_weekday_branch_operator' retrieved from /home/ubuntu/.local/lib/python3.10/site-packages/airflow/example_dags/example_branch_day_of_week_operator.py
[2024-01-30T23:51:31.313+0100] {logging_mixin.py:188} INFO - [2024-01-30T23:51:31.312+0100] {dag.py:3033} INFO - Sync 1 DAGs
[2024-01-30T23:51:31.353+0100] {logging_mixin.py:188} INFO - [2024-01-30T23:51:31.353+0100] {dag.py:3820} INFO - Setting next_dagrun for example_weekday_branch_operator to 2024-01-29T00:00:00+00:00, run_after=2024-01-30T00:00:00+00:00
[2024-01-30T23:51:31.402+0100] {processor.py:183} INFO - Processing /home/ubuntu/.local/lib/python3.10/site-packages/airflow/example_dags/example_branch_day_of_week_operator.py took 0.141 seconds
[2024-01-30T23:53:29.004+0100] {processor.py:161} INFO - Started process (PID=9536) to work on /home/ubuntu/.local/lib/python3.10/site-packages/airflow/example_dags/example_branch_day_of_week_operator.py
[2024-01-30T23:53:29.032+0100] {processor.py:830} INFO - Processing file /home/ubuntu/.local/lib/python3.10/site-packages/airflow/example_dags/example_branch_day_of_week_operator.py for tasks to queue
[2024-01-30T23:53:29.034+0100] {logging_mixin.py:188} INFO - [2024-01-30T23:53:29.034+0100] {dagbag.py:538} INFO - Filling up the DagBag from /home/ubuntu/.local/lib/python3.10/site-packages/airflow/example_dags/example_branch_day_of_week_operator.py
[2024-01-30T23:53:29.048+0100] {processor.py:840} INFO - DAG(s) 'example_weekday_branch_operator' retrieved from /home/ubuntu/.local/lib/python3.10/site-packages/airflow/example_dags/example_branch_day_of_week_operator.py
[2024-01-30T23:53:29.126+0100] {logging_mixin.py:188} INFO - [2024-01-30T23:53:29.126+0100] {dag.py:3033} INFO - Sync 1 DAGs
[2024-01-30T23:53:29.233+0100] {logging_mixin.py:188} INFO - [2024-01-30T23:53:29.233+0100] {dag.py:3820} INFO - Setting next_dagrun for example_weekday_branch_operator to 2024-01-29T00:00:00+00:00, run_after=2024-01-30T00:00:00+00:00
[2024-01-30T23:53:29.802+0100] {processor.py:183} INFO - Processing /home/ubuntu/.local/lib/python3.10/site-packages/airflow/example_dags/example_branch_day_of_week_operator.py took 0.804 seconds
[2024-01-30T23:55:31.489+0100] {processor.py:161} INFO - Started process (PID=9623) to work on /home/ubuntu/.local/lib/python3.10/site-packages/airflow/example_dags/example_branch_day_of_week_operator.py
[2024-01-30T23:55:31.514+0100] {processor.py:830} INFO - Processing file /home/ubuntu/.local/lib/python3.10/site-packages/airflow/example_dags/example_branch_day_of_week_operator.py for tasks to queue
[2024-01-30T23:55:31.521+0100] {logging_mixin.py:188} INFO - [2024-01-30T23:55:31.519+0100] {dagbag.py:538} INFO - Filling up the DagBag from /home/ubuntu/.local/lib/python3.10/site-packages/airflow/example_dags/example_branch_day_of_week_operator.py
[2024-01-30T23:55:31.551+0100] {processor.py:840} INFO - DAG(s) 'example_weekday_branch_operator' retrieved from /home/ubuntu/.local/lib/python3.10/site-packages/airflow/example_dags/example_branch_day_of_week_operator.py
[2024-01-30T23:55:31.630+0100] {logging_mixin.py:188} INFO - [2024-01-30T23:55:31.629+0100] {dag.py:3033} INFO - Sync 1 DAGs
[2024-01-30T23:55:31.702+0100] {logging_mixin.py:188} INFO - [2024-01-30T23:55:31.701+0100] {dag.py:3820} INFO - Setting next_dagrun for example_weekday_branch_operator to 2024-01-29T00:00:00+00:00, run_after=2024-01-30T00:00:00+00:00
[2024-01-30T23:55:32.155+0100] {processor.py:183} INFO - Processing /home/ubuntu/.local/lib/python3.10/site-packages/airflow/example_dags/example_branch_day_of_week_operator.py took 0.672 seconds
[2024-01-30T23:56:46.047+0100] {processor.py:161} INFO - Started process (PID=9671) to work on /home/ubuntu/.local/lib/python3.10/site-packages/airflow/example_dags/example_branch_day_of_week_operator.py
[2024-01-30T23:56:46.067+0100] {processor.py:830} INFO - Processing file /home/ubuntu/.local/lib/python3.10/site-packages/airflow/example_dags/example_branch_day_of_week_operator.py for tasks to queue
[2024-01-30T23:56:46.073+0100] {logging_mixin.py:188} INFO - [2024-01-30T23:56:46.072+0100] {dagbag.py:538} INFO - Filling up the DagBag from /home/ubuntu/.local/lib/python3.10/site-packages/airflow/example_dags/example_branch_day_of_week_operator.py
[2024-01-30T23:56:46.128+0100] {processor.py:840} INFO - DAG(s) 'example_weekday_branch_operator' retrieved from /home/ubuntu/.local/lib/python3.10/site-packages/airflow/example_dags/example_branch_day_of_week_operator.py
[2024-01-30T23:56:46.214+0100] {logging_mixin.py:188} INFO - [2024-01-30T23:56:46.213+0100] {dag.py:3033} INFO - Sync 1 DAGs
[2024-01-30T23:56:46.331+0100] {logging_mixin.py:188} INFO - [2024-01-30T23:56:46.330+0100] {dag.py:3820} INFO - Setting next_dagrun for example_weekday_branch_operator to 2024-01-29T00:00:00+00:00, run_after=2024-01-30T00:00:00+00:00
[2024-01-30T23:56:46.631+0100] {processor.py:183} INFO - Processing /home/ubuntu/.local/lib/python3.10/site-packages/airflow/example_dags/example_branch_day_of_week_operator.py took 0.591 seconds
[2024-01-30T23:59:05.729+0100] {processor.py:161} INFO - Started process (PID=9769) to work on /home/ubuntu/.local/lib/python3.10/site-packages/airflow/example_dags/example_branch_day_of_week_operator.py
[2024-01-30T23:59:05.746+0100] {processor.py:830} INFO - Processing file /home/ubuntu/.local/lib/python3.10/site-packages/airflow/example_dags/example_branch_day_of_week_operator.py for tasks to queue
[2024-01-30T23:59:05.748+0100] {logging_mixin.py:188} INFO - [2024-01-30T23:59:05.747+0100] {dagbag.py:538} INFO - Filling up the DagBag from /home/ubuntu/.local/lib/python3.10/site-packages/airflow/example_dags/example_branch_day_of_week_operator.py
[2024-01-30T23:59:05.786+0100] {processor.py:840} INFO - DAG(s) 'example_weekday_branch_operator' retrieved from /home/ubuntu/.local/lib/python3.10/site-packages/airflow/example_dags/example_branch_day_of_week_operator.py
[2024-01-30T23:59:05.848+0100] {logging_mixin.py:188} INFO - [2024-01-30T23:59:05.847+0100] {dag.py:3033} INFO - Sync 1 DAGs
[2024-01-30T23:59:05.894+0100] {logging_mixin.py:188} INFO - [2024-01-30T23:59:05.894+0100] {dag.py:3820} INFO - Setting next_dagrun for example_weekday_branch_operator to 2024-01-29T00:00:00+00:00, run_after=2024-01-30T00:00:00+00:00
[2024-01-30T23:59:06.227+0100] {processor.py:183} INFO - Processing /home/ubuntu/.local/lib/python3.10/site-packages/airflow/example_dags/example_branch_day_of_week_operator.py took 0.505 seconds
[2024-01-31T00:00:18.667+0100] {processor.py:161} INFO - Started process (PID=9819) to work on /home/ubuntu/.local/lib/python3.10/site-packages/airflow/example_dags/example_branch_day_of_week_operator.py
[2024-01-31T00:00:18.697+0100] {processor.py:830} INFO - Processing file /home/ubuntu/.local/lib/python3.10/site-packages/airflow/example_dags/example_branch_day_of_week_operator.py for tasks to queue
[2024-01-31T00:00:18.698+0100] {logging_mixin.py:188} INFO - [2024-01-31T00:00:18.698+0100] {dagbag.py:538} INFO - Filling up the DagBag from /home/ubuntu/.local/lib/python3.10/site-packages/airflow/example_dags/example_branch_day_of_week_operator.py
[2024-01-31T00:00:18.738+0100] {processor.py:840} INFO - DAG(s) 'example_weekday_branch_operator' retrieved from /home/ubuntu/.local/lib/python3.10/site-packages/airflow/example_dags/example_branch_day_of_week_operator.py
[2024-01-31T00:00:18.913+0100] {logging_mixin.py:188} INFO - [2024-01-31T00:00:18.912+0100] {dag.py:3033} INFO - Sync 1 DAGs
[2024-01-31T00:00:18.996+0100] {logging_mixin.py:188} INFO - [2024-01-31T00:00:18.991+0100] {dag.py:3820} INFO - Setting next_dagrun for example_weekday_branch_operator to 2024-01-29T00:00:00+00:00, run_after=2024-01-30T00:00:00+00:00
[2024-01-31T00:00:19.275+0100] {processor.py:183} INFO - Processing /home/ubuntu/.local/lib/python3.10/site-packages/airflow/example_dags/example_branch_day_of_week_operator.py took 0.629 seconds
[2024-01-31T00:01:36.465+0100] {processor.py:161} INFO - Started process (PID=9901) to work on /home/ubuntu/.local/lib/python3.10/site-packages/airflow/example_dags/example_branch_day_of_week_operator.py
[2024-01-31T00:01:36.469+0100] {processor.py:830} INFO - Processing file /home/ubuntu/.local/lib/python3.10/site-packages/airflow/example_dags/example_branch_day_of_week_operator.py for tasks to queue
[2024-01-31T00:01:36.471+0100] {logging_mixin.py:188} INFO - [2024-01-31T00:01:36.470+0100] {dagbag.py:538} INFO - Filling up the DagBag from /home/ubuntu/.local/lib/python3.10/site-packages/airflow/example_dags/example_branch_day_of_week_operator.py
[2024-01-31T00:01:36.505+0100] {processor.py:840} INFO - DAG(s) 'example_weekday_branch_operator' retrieved from /home/ubuntu/.local/lib/python3.10/site-packages/airflow/example_dags/example_branch_day_of_week_operator.py
[2024-01-31T00:01:36.647+0100] {logging_mixin.py:188} INFO - [2024-01-31T00:01:36.647+0100] {dag.py:3033} INFO - Sync 1 DAGs
[2024-01-31T00:01:36.675+0100] {logging_mixin.py:188} INFO - [2024-01-31T00:01:36.674+0100] {dag.py:3820} INFO - Setting next_dagrun for example_weekday_branch_operator to 2024-01-29T00:00:00+00:00, run_after=2024-01-30T00:00:00+00:00
[2024-01-31T00:01:37.009+0100] {processor.py:183} INFO - Processing /home/ubuntu/.local/lib/python3.10/site-packages/airflow/example_dags/example_branch_day_of_week_operator.py took 0.571 seconds
[2024-01-31T00:02:53.556+0100] {processor.py:161} INFO - Started process (PID=9945) to work on /home/ubuntu/.local/lib/python3.10/site-packages/airflow/example_dags/example_branch_day_of_week_operator.py
[2024-01-31T00:02:53.578+0100] {processor.py:830} INFO - Processing file /home/ubuntu/.local/lib/python3.10/site-packages/airflow/example_dags/example_branch_day_of_week_operator.py for tasks to queue
[2024-01-31T00:02:53.602+0100] {logging_mixin.py:188} INFO - [2024-01-31T00:02:53.580+0100] {dagbag.py:538} INFO - Filling up the DagBag from /home/ubuntu/.local/lib/python3.10/site-packages/airflow/example_dags/example_branch_day_of_week_operator.py
[2024-01-31T00:02:53.641+0100] {processor.py:840} INFO - DAG(s) 'example_weekday_branch_operator' retrieved from /home/ubuntu/.local/lib/python3.10/site-packages/airflow/example_dags/example_branch_day_of_week_operator.py
[2024-01-31T00:02:53.735+0100] {logging_mixin.py:188} INFO - [2024-01-31T00:02:53.734+0100] {dag.py:3033} INFO - Sync 1 DAGs
[2024-01-31T00:02:53.818+0100] {logging_mixin.py:188} INFO - [2024-01-31T00:02:53.818+0100] {dag.py:3820} INFO - Setting next_dagrun for example_weekday_branch_operator to 2024-01-29T00:00:00+00:00, run_after=2024-01-30T00:00:00+00:00
[2024-01-31T00:02:54.164+0100] {processor.py:183} INFO - Processing /home/ubuntu/.local/lib/python3.10/site-packages/airflow/example_dags/example_branch_day_of_week_operator.py took 0.618 seconds
[2024-01-31T00:04:11.898+0100] {processor.py:161} INFO - Started process (PID=10030) to work on /home/ubuntu/.local/lib/python3.10/site-packages/airflow/example_dags/example_branch_day_of_week_operator.py
[2024-01-31T00:04:11.905+0100] {processor.py:830} INFO - Processing file /home/ubuntu/.local/lib/python3.10/site-packages/airflow/example_dags/example_branch_day_of_week_operator.py for tasks to queue
[2024-01-31T00:04:11.907+0100] {logging_mixin.py:188} INFO - [2024-01-31T00:04:11.907+0100] {dagbag.py:538} INFO - Filling up the DagBag from /home/ubuntu/.local/lib/python3.10/site-packages/airflow/example_dags/example_branch_day_of_week_operator.py
[2024-01-31T00:04:11.996+0100] {processor.py:840} INFO - DAG(s) 'example_weekday_branch_operator' retrieved from /home/ubuntu/.local/lib/python3.10/site-packages/airflow/example_dags/example_branch_day_of_week_operator.py
[2024-01-31T00:04:12.082+0100] {logging_mixin.py:188} INFO - [2024-01-31T00:04:12.081+0100] {dag.py:3033} INFO - Sync 1 DAGs
[2024-01-31T00:04:12.111+0100] {logging_mixin.py:188} INFO - [2024-01-31T00:04:12.111+0100] {dag.py:3820} INFO - Setting next_dagrun for example_weekday_branch_operator to 2024-01-29T00:00:00+00:00, run_after=2024-01-30T00:00:00+00:00
[2024-01-31T00:04:12.302+0100] {processor.py:183} INFO - Processing /home/ubuntu/.local/lib/python3.10/site-packages/airflow/example_dags/example_branch_day_of_week_operator.py took 0.408 seconds
[2024-01-31T00:05:23.301+0100] {processor.py:161} INFO - Started process (PID=10092) to work on /home/ubuntu/.local/lib/python3.10/site-packages/airflow/example_dags/example_branch_day_of_week_operator.py
[2024-01-31T00:05:23.303+0100] {processor.py:830} INFO - Processing file /home/ubuntu/.local/lib/python3.10/site-packages/airflow/example_dags/example_branch_day_of_week_operator.py for tasks to queue
[2024-01-31T00:05:23.305+0100] {logging_mixin.py:188} INFO - [2024-01-31T00:05:23.304+0100] {dagbag.py:538} INFO - Filling up the DagBag from /home/ubuntu/.local/lib/python3.10/site-packages/airflow/example_dags/example_branch_day_of_week_operator.py
[2024-01-31T00:05:23.318+0100] {processor.py:840} INFO - DAG(s) 'example_weekday_branch_operator' retrieved from /home/ubuntu/.local/lib/python3.10/site-packages/airflow/example_dags/example_branch_day_of_week_operator.py
[2024-01-31T00:05:23.350+0100] {logging_mixin.py:188} INFO - [2024-01-31T00:05:23.349+0100] {dag.py:3033} INFO - Sync 1 DAGs
[2024-01-31T00:05:23.377+0100] {logging_mixin.py:188} INFO - [2024-01-31T00:05:23.377+0100] {dag.py:3820} INFO - Setting next_dagrun for example_weekday_branch_operator to 2024-01-29T00:00:00+00:00, run_after=2024-01-30T00:00:00+00:00
[2024-01-31T00:05:23.445+0100] {processor.py:183} INFO - Processing /home/ubuntu/.local/lib/python3.10/site-packages/airflow/example_dags/example_branch_day_of_week_operator.py took 0.150 seconds
[2024-01-31T00:06:36.447+0100] {processor.py:161} INFO - Started process (PID=10154) to work on /home/ubuntu/.local/lib/python3.10/site-packages/airflow/example_dags/example_branch_day_of_week_operator.py
[2024-01-31T00:06:36.450+0100] {processor.py:830} INFO - Processing file /home/ubuntu/.local/lib/python3.10/site-packages/airflow/example_dags/example_branch_day_of_week_operator.py for tasks to queue
[2024-01-31T00:06:36.452+0100] {logging_mixin.py:188} INFO - [2024-01-31T00:06:36.452+0100] {dagbag.py:538} INFO - Filling up the DagBag from /home/ubuntu/.local/lib/python3.10/site-packages/airflow/example_dags/example_branch_day_of_week_operator.py
[2024-01-31T00:06:36.488+0100] {processor.py:840} INFO - DAG(s) 'example_weekday_branch_operator' retrieved from /home/ubuntu/.local/lib/python3.10/site-packages/airflow/example_dags/example_branch_day_of_week_operator.py
[2024-01-31T00:06:36.533+0100] {logging_mixin.py:188} INFO - [2024-01-31T00:06:36.532+0100] {dag.py:3033} INFO - Sync 1 DAGs
[2024-01-31T00:06:36.562+0100] {logging_mixin.py:188} INFO - [2024-01-31T00:06:36.562+0100] {dag.py:3820} INFO - Setting next_dagrun for example_weekday_branch_operator to 2024-01-29T00:00:00+00:00, run_after=2024-01-30T00:00:00+00:00
[2024-01-31T00:06:36.677+0100] {processor.py:183} INFO - Processing /home/ubuntu/.local/lib/python3.10/site-packages/airflow/example_dags/example_branch_day_of_week_operator.py took 0.235 seconds
[2024-01-31T00:07:49.580+0100] {processor.py:161} INFO - Started process (PID=10221) to work on /home/ubuntu/.local/lib/python3.10/site-packages/airflow/example_dags/example_branch_day_of_week_operator.py
[2024-01-31T00:07:49.589+0100] {processor.py:830} INFO - Processing file /home/ubuntu/.local/lib/python3.10/site-packages/airflow/example_dags/example_branch_day_of_week_operator.py for tasks to queue
[2024-01-31T00:07:49.590+0100] {logging_mixin.py:188} INFO - [2024-01-31T00:07:49.590+0100] {dagbag.py:538} INFO - Filling up the DagBag from /home/ubuntu/.local/lib/python3.10/site-packages/airflow/example_dags/example_branch_day_of_week_operator.py
[2024-01-31T00:07:49.604+0100] {processor.py:840} INFO - DAG(s) 'example_weekday_branch_operator' retrieved from /home/ubuntu/.local/lib/python3.10/site-packages/airflow/example_dags/example_branch_day_of_week_operator.py
[2024-01-31T00:07:49.628+0100] {logging_mixin.py:188} INFO - [2024-01-31T00:07:49.627+0100] {dag.py:3033} INFO - Sync 1 DAGs
[2024-01-31T00:07:49.689+0100] {logging_mixin.py:188} INFO - [2024-01-31T00:07:49.688+0100] {dag.py:3820} INFO - Setting next_dagrun for example_weekday_branch_operator to 2024-01-29T00:00:00+00:00, run_after=2024-01-30T00:00:00+00:00
[2024-01-31T00:07:49.744+0100] {processor.py:183} INFO - Processing /home/ubuntu/.local/lib/python3.10/site-packages/airflow/example_dags/example_branch_day_of_week_operator.py took 0.169 seconds
[2024-01-31T00:08:59.455+0100] {processor.py:161} INFO - Started process (PID=10284) to work on /home/ubuntu/.local/lib/python3.10/site-packages/airflow/example_dags/example_branch_day_of_week_operator.py
[2024-01-31T00:08:59.458+0100] {processor.py:830} INFO - Processing file /home/ubuntu/.local/lib/python3.10/site-packages/airflow/example_dags/example_branch_day_of_week_operator.py for tasks to queue
[2024-01-31T00:08:59.460+0100] {logging_mixin.py:188} INFO - [2024-01-31T00:08:59.459+0100] {dagbag.py:538} INFO - Filling up the DagBag from /home/ubuntu/.local/lib/python3.10/site-packages/airflow/example_dags/example_branch_day_of_week_operator.py
[2024-01-31T00:08:59.470+0100] {processor.py:840} INFO - DAG(s) 'example_weekday_branch_operator' retrieved from /home/ubuntu/.local/lib/python3.10/site-packages/airflow/example_dags/example_branch_day_of_week_operator.py
[2024-01-31T00:08:59.489+0100] {logging_mixin.py:188} INFO - [2024-01-31T00:08:59.489+0100] {dag.py:3033} INFO - Sync 1 DAGs
[2024-01-31T00:08:59.523+0100] {logging_mixin.py:188} INFO - [2024-01-31T00:08:59.523+0100] {dag.py:3820} INFO - Setting next_dagrun for example_weekday_branch_operator to 2024-01-29T00:00:00+00:00, run_after=2024-01-30T00:00:00+00:00
[2024-01-31T00:08:59.597+0100] {processor.py:183} INFO - Processing /home/ubuntu/.local/lib/python3.10/site-packages/airflow/example_dags/example_branch_day_of_week_operator.py took 0.156 seconds
[2024-01-31T00:10:13.898+0100] {processor.py:161} INFO - Started process (PID=10347) to work on /home/ubuntu/.local/lib/python3.10/site-packages/airflow/example_dags/example_branch_day_of_week_operator.py
[2024-01-31T00:10:13.915+0100] {processor.py:830} INFO - Processing file /home/ubuntu/.local/lib/python3.10/site-packages/airflow/example_dags/example_branch_day_of_week_operator.py for tasks to queue
[2024-01-31T00:10:13.918+0100] {logging_mixin.py:188} INFO - [2024-01-31T00:10:13.917+0100] {dagbag.py:538} INFO - Filling up the DagBag from /home/ubuntu/.local/lib/python3.10/site-packages/airflow/example_dags/example_branch_day_of_week_operator.py
[2024-01-31T00:10:13.929+0100] {processor.py:840} INFO - DAG(s) 'example_weekday_branch_operator' retrieved from /home/ubuntu/.local/lib/python3.10/site-packages/airflow/example_dags/example_branch_day_of_week_operator.py
[2024-01-31T00:10:13.954+0100] {logging_mixin.py:188} INFO - [2024-01-31T00:10:13.954+0100] {dag.py:3033} INFO - Sync 1 DAGs
[2024-01-31T00:10:13.979+0100] {logging_mixin.py:188} INFO - [2024-01-31T00:10:13.979+0100] {dag.py:3820} INFO - Setting next_dagrun for example_weekday_branch_operator to 2024-01-29T00:00:00+00:00, run_after=2024-01-30T00:00:00+00:00
[2024-01-31T00:10:14.075+0100] {processor.py:183} INFO - Processing /home/ubuntu/.local/lib/python3.10/site-packages/airflow/example_dags/example_branch_day_of_week_operator.py took 0.181 seconds
[2024-01-31T00:11:28.887+0100] {processor.py:161} INFO - Started process (PID=10488) to work on /home/ubuntu/.local/lib/python3.10/site-packages/airflow/example_dags/example_branch_day_of_week_operator.py
[2024-01-31T00:11:28.949+0100] {processor.py:830} INFO - Processing file /home/ubuntu/.local/lib/python3.10/site-packages/airflow/example_dags/example_branch_day_of_week_operator.py for tasks to queue
[2024-01-31T00:11:28.956+0100] {logging_mixin.py:188} INFO - [2024-01-31T00:11:28.953+0100] {dagbag.py:538} INFO - Filling up the DagBag from /home/ubuntu/.local/lib/python3.10/site-packages/airflow/example_dags/example_branch_day_of_week_operator.py
[2024-01-31T00:11:29.093+0100] {processor.py:840} INFO - DAG(s) 'example_weekday_branch_operator' retrieved from /home/ubuntu/.local/lib/python3.10/site-packages/airflow/example_dags/example_branch_day_of_week_operator.py
[2024-01-31T00:11:29.195+0100] {logging_mixin.py:188} INFO - [2024-01-31T00:11:29.195+0100] {dag.py:3033} INFO - Sync 1 DAGs
[2024-01-31T00:11:29.273+0100] {logging_mixin.py:188} INFO - [2024-01-31T00:11:29.273+0100] {dag.py:3820} INFO - Setting next_dagrun for example_weekday_branch_operator to 2024-01-29T00:00:00+00:00, run_after=2024-01-30T00:00:00+00:00
[2024-01-31T00:11:29.469+0100] {processor.py:183} INFO - Processing /home/ubuntu/.local/lib/python3.10/site-packages/airflow/example_dags/example_branch_day_of_week_operator.py took 0.644 seconds
[2024-01-31T00:13:08.690+0100] {processor.py:161} INFO - Started process (PID=10577) to work on /home/ubuntu/.local/lib/python3.10/site-packages/airflow/example_dags/example_branch_day_of_week_operator.py
[2024-01-31T00:13:08.726+0100] {processor.py:830} INFO - Processing file /home/ubuntu/.local/lib/python3.10/site-packages/airflow/example_dags/example_branch_day_of_week_operator.py for tasks to queue
[2024-01-31T00:13:08.727+0100] {logging_mixin.py:188} INFO - [2024-01-31T00:13:08.727+0100] {dagbag.py:538} INFO - Filling up the DagBag from /home/ubuntu/.local/lib/python3.10/site-packages/airflow/example_dags/example_branch_day_of_week_operator.py
[2024-01-31T00:13:08.796+0100] {processor.py:840} INFO - DAG(s) 'example_weekday_branch_operator' retrieved from /home/ubuntu/.local/lib/python3.10/site-packages/airflow/example_dags/example_branch_day_of_week_operator.py
[2024-01-31T00:13:08.876+0100] {logging_mixin.py:188} INFO - [2024-01-31T00:13:08.875+0100] {dag.py:3033} INFO - Sync 1 DAGs
[2024-01-31T00:13:08.970+0100] {logging_mixin.py:188} INFO - [2024-01-31T00:13:08.970+0100] {dag.py:3820} INFO - Setting next_dagrun for example_weekday_branch_operator to 2024-01-29T00:00:00+00:00, run_after=2024-01-30T00:00:00+00:00
[2024-01-31T00:13:09.202+0100] {processor.py:183} INFO - Processing /home/ubuntu/.local/lib/python3.10/site-packages/airflow/example_dags/example_branch_day_of_week_operator.py took 0.530 seconds
[2024-01-31T00:14:42.755+0100] {processor.py:161} INFO - Started process (PID=10645) to work on /home/ubuntu/.local/lib/python3.10/site-packages/airflow/example_dags/example_branch_day_of_week_operator.py
[2024-01-31T00:14:42.758+0100] {processor.py:830} INFO - Processing file /home/ubuntu/.local/lib/python3.10/site-packages/airflow/example_dags/example_branch_day_of_week_operator.py for tasks to queue
[2024-01-31T00:14:42.759+0100] {logging_mixin.py:188} INFO - [2024-01-31T00:14:42.759+0100] {dagbag.py:538} INFO - Filling up the DagBag from /home/ubuntu/.local/lib/python3.10/site-packages/airflow/example_dags/example_branch_day_of_week_operator.py
[2024-01-31T00:14:42.772+0100] {processor.py:840} INFO - DAG(s) 'example_weekday_branch_operator' retrieved from /home/ubuntu/.local/lib/python3.10/site-packages/airflow/example_dags/example_branch_day_of_week_operator.py
[2024-01-31T00:14:42.793+0100] {logging_mixin.py:188} INFO - [2024-01-31T00:14:42.793+0100] {dag.py:3033} INFO - Sync 1 DAGs
[2024-01-31T00:14:42.841+0100] {logging_mixin.py:188} INFO - [2024-01-31T00:14:42.841+0100] {dag.py:3820} INFO - Setting next_dagrun for example_weekday_branch_operator to 2024-01-29T00:00:00+00:00, run_after=2024-01-30T00:00:00+00:00
[2024-01-31T00:14:43.018+0100] {processor.py:183} INFO - Processing /home/ubuntu/.local/lib/python3.10/site-packages/airflow/example_dags/example_branch_day_of_week_operator.py took 0.267 seconds
[2024-01-31T00:16:03.376+0100] {processor.py:161} INFO - Started process (PID=10713) to work on /home/ubuntu/.local/lib/python3.10/site-packages/airflow/example_dags/example_branch_day_of_week_operator.py
[2024-01-31T00:16:03.381+0100] {processor.py:830} INFO - Processing file /home/ubuntu/.local/lib/python3.10/site-packages/airflow/example_dags/example_branch_day_of_week_operator.py for tasks to queue
[2024-01-31T00:16:03.387+0100] {logging_mixin.py:188} INFO - [2024-01-31T00:16:03.382+0100] {dagbag.py:538} INFO - Filling up the DagBag from /home/ubuntu/.local/lib/python3.10/site-packages/airflow/example_dags/example_branch_day_of_week_operator.py
[2024-01-31T00:16:03.409+0100] {processor.py:840} INFO - DAG(s) 'example_weekday_branch_operator' retrieved from /home/ubuntu/.local/lib/python3.10/site-packages/airflow/example_dags/example_branch_day_of_week_operator.py
[2024-01-31T00:16:03.433+0100] {logging_mixin.py:188} INFO - [2024-01-31T00:16:03.433+0100] {dag.py:3033} INFO - Sync 1 DAGs
[2024-01-31T00:16:03.461+0100] {logging_mixin.py:188} INFO - [2024-01-31T00:16:03.461+0100] {dag.py:3820} INFO - Setting next_dagrun for example_weekday_branch_operator to 2024-01-29T00:00:00+00:00, run_after=2024-01-30T00:00:00+00:00
[2024-01-31T00:16:03.634+0100] {processor.py:183} INFO - Processing /home/ubuntu/.local/lib/python3.10/site-packages/airflow/example_dags/example_branch_day_of_week_operator.py took 0.286 seconds
[2024-01-31T00:17:33.836+0100] {processor.py:161} INFO - Started process (PID=10804) to work on /home/ubuntu/.local/lib/python3.10/site-packages/airflow/example_dags/example_branch_day_of_week_operator.py
[2024-01-31T00:17:33.838+0100] {processor.py:830} INFO - Processing file /home/ubuntu/.local/lib/python3.10/site-packages/airflow/example_dags/example_branch_day_of_week_operator.py for tasks to queue
[2024-01-31T00:17:33.840+0100] {logging_mixin.py:188} INFO - [2024-01-31T00:17:33.839+0100] {dagbag.py:538} INFO - Filling up the DagBag from /home/ubuntu/.local/lib/python3.10/site-packages/airflow/example_dags/example_branch_day_of_week_operator.py
[2024-01-31T00:17:33.861+0100] {processor.py:840} INFO - DAG(s) 'example_weekday_branch_operator' retrieved from /home/ubuntu/.local/lib/python3.10/site-packages/airflow/example_dags/example_branch_day_of_week_operator.py
[2024-01-31T00:17:33.890+0100] {logging_mixin.py:188} INFO - [2024-01-31T00:17:33.890+0100] {dag.py:3033} INFO - Sync 1 DAGs
[2024-01-31T00:17:33.930+0100] {logging_mixin.py:188} INFO - [2024-01-31T00:17:33.930+0100] {dag.py:3820} INFO - Setting next_dagrun for example_weekday_branch_operator to 2024-01-29T00:00:00+00:00, run_after=2024-01-30T00:00:00+00:00
[2024-01-31T00:17:34.056+0100] {processor.py:183} INFO - Processing /home/ubuntu/.local/lib/python3.10/site-packages/airflow/example_dags/example_branch_day_of_week_operator.py took 0.237 seconds
[2024-01-31T00:18:53.143+0100] {processor.py:161} INFO - Started process (PID=10880) to work on /home/ubuntu/.local/lib/python3.10/site-packages/airflow/example_dags/example_branch_day_of_week_operator.py
[2024-01-31T00:18:53.152+0100] {processor.py:830} INFO - Processing file /home/ubuntu/.local/lib/python3.10/site-packages/airflow/example_dags/example_branch_day_of_week_operator.py for tasks to queue
[2024-01-31T00:18:53.154+0100] {logging_mixin.py:188} INFO - [2024-01-31T00:18:53.153+0100] {dagbag.py:538} INFO - Filling up the DagBag from /home/ubuntu/.local/lib/python3.10/site-packages/airflow/example_dags/example_branch_day_of_week_operator.py
[2024-01-31T00:18:53.228+0100] {processor.py:840} INFO - DAG(s) 'example_weekday_branch_operator' retrieved from /home/ubuntu/.local/lib/python3.10/site-packages/airflow/example_dags/example_branch_day_of_week_operator.py
[2024-01-31T00:18:53.254+0100] {logging_mixin.py:188} INFO - [2024-01-31T00:18:53.254+0100] {dag.py:3033} INFO - Sync 1 DAGs
[2024-01-31T00:18:53.279+0100] {logging_mixin.py:188} INFO - [2024-01-31T00:18:53.279+0100] {dag.py:3820} INFO - Setting next_dagrun for example_weekday_branch_operator to 2024-01-29T00:00:00+00:00, run_after=2024-01-30T00:00:00+00:00
[2024-01-31T00:18:53.408+0100] {processor.py:183} INFO - Processing /home/ubuntu/.local/lib/python3.10/site-packages/airflow/example_dags/example_branch_day_of_week_operator.py took 0.270 seconds
[2024-01-31T00:20:37.481+0100] {processor.py:161} INFO - Started process (PID=11038) to work on /home/ubuntu/.local/lib/python3.10/site-packages/airflow/example_dags/example_branch_day_of_week_operator.py
[2024-01-31T00:20:37.505+0100] {processor.py:830} INFO - Processing file /home/ubuntu/.local/lib/python3.10/site-packages/airflow/example_dags/example_branch_day_of_week_operator.py for tasks to queue
[2024-01-31T00:20:37.507+0100] {logging_mixin.py:188} INFO - [2024-01-31T00:20:37.506+0100] {dagbag.py:538} INFO - Filling up the DagBag from /home/ubuntu/.local/lib/python3.10/site-packages/airflow/example_dags/example_branch_day_of_week_operator.py
[2024-01-31T00:20:37.558+0100] {processor.py:840} INFO - DAG(s) 'example_weekday_branch_operator' retrieved from /home/ubuntu/.local/lib/python3.10/site-packages/airflow/example_dags/example_branch_day_of_week_operator.py
[2024-01-31T00:20:37.629+0100] {logging_mixin.py:188} INFO - [2024-01-31T00:20:37.628+0100] {dag.py:3033} INFO - Sync 1 DAGs
[2024-01-31T00:20:37.750+0100] {logging_mixin.py:188} INFO - [2024-01-31T00:20:37.750+0100] {dag.py:3820} INFO - Setting next_dagrun for example_weekday_branch_operator to 2024-01-29T00:00:00+00:00, run_after=2024-01-30T00:00:00+00:00
[2024-01-31T00:20:38.124+0100] {processor.py:183} INFO - Processing /home/ubuntu/.local/lib/python3.10/site-packages/airflow/example_dags/example_branch_day_of_week_operator.py took 0.665 seconds
[2024-01-31T00:22:59.880+0100] {processor.py:161} INFO - Started process (PID=11127) to work on /home/ubuntu/.local/lib/python3.10/site-packages/airflow/example_dags/example_branch_day_of_week_operator.py
[2024-01-31T00:22:59.921+0100] {processor.py:830} INFO - Processing file /home/ubuntu/.local/lib/python3.10/site-packages/airflow/example_dags/example_branch_day_of_week_operator.py for tasks to queue
[2024-01-31T00:22:59.923+0100] {logging_mixin.py:188} INFO - [2024-01-31T00:22:59.922+0100] {dagbag.py:538} INFO - Filling up the DagBag from /home/ubuntu/.local/lib/python3.10/site-packages/airflow/example_dags/example_branch_day_of_week_operator.py
[2024-01-31T00:22:59.963+0100] {processor.py:840} INFO - DAG(s) 'example_weekday_branch_operator' retrieved from /home/ubuntu/.local/lib/python3.10/site-packages/airflow/example_dags/example_branch_day_of_week_operator.py
[2024-01-31T00:23:00.054+0100] {logging_mixin.py:188} INFO - [2024-01-31T00:23:00.053+0100] {dag.py:3033} INFO - Sync 1 DAGs
[2024-01-31T00:23:00.129+0100] {logging_mixin.py:188} INFO - [2024-01-31T00:23:00.129+0100] {dag.py:3820} INFO - Setting next_dagrun for example_weekday_branch_operator to 2024-01-29T00:00:00+00:00, run_after=2024-01-30T00:00:00+00:00
[2024-01-31T00:23:00.608+0100] {processor.py:183} INFO - Processing /home/ubuntu/.local/lib/python3.10/site-packages/airflow/example_dags/example_branch_day_of_week_operator.py took 0.735 seconds
[2024-01-31T00:25:08.325+0100] {processor.py:161} INFO - Started process (PID=11232) to work on /home/ubuntu/.local/lib/python3.10/site-packages/airflow/example_dags/example_branch_day_of_week_operator.py
[2024-01-31T00:25:08.343+0100] {processor.py:830} INFO - Processing file /home/ubuntu/.local/lib/python3.10/site-packages/airflow/example_dags/example_branch_day_of_week_operator.py for tasks to queue
[2024-01-31T00:25:08.349+0100] {logging_mixin.py:188} INFO - [2024-01-31T00:25:08.349+0100] {dagbag.py:538} INFO - Filling up the DagBag from /home/ubuntu/.local/lib/python3.10/site-packages/airflow/example_dags/example_branch_day_of_week_operator.py
[2024-01-31T00:25:08.410+0100] {processor.py:840} INFO - DAG(s) 'example_weekday_branch_operator' retrieved from /home/ubuntu/.local/lib/python3.10/site-packages/airflow/example_dags/example_branch_day_of_week_operator.py
[2024-01-31T00:25:08.488+0100] {logging_mixin.py:188} INFO - [2024-01-31T00:25:08.487+0100] {dag.py:3033} INFO - Sync 1 DAGs
[2024-01-31T00:25:08.563+0100] {logging_mixin.py:188} INFO - [2024-01-31T00:25:08.563+0100] {dag.py:3820} INFO - Setting next_dagrun for example_weekday_branch_operator to 2024-01-29T00:00:00+00:00, run_after=2024-01-30T00:00:00+00:00
[2024-01-31T00:25:08.796+0100] {processor.py:183} INFO - Processing /home/ubuntu/.local/lib/python3.10/site-packages/airflow/example_dags/example_branch_day_of_week_operator.py took 0.479 seconds
[2024-01-31T00:26:14.200+0100] {processor.py:161} INFO - Started process (PID=11291) to work on /home/ubuntu/.local/lib/python3.10/site-packages/airflow/example_dags/example_branch_day_of_week_operator.py
[2024-01-31T00:26:14.203+0100] {processor.py:830} INFO - Processing file /home/ubuntu/.local/lib/python3.10/site-packages/airflow/example_dags/example_branch_day_of_week_operator.py for tasks to queue
[2024-01-31T00:26:14.205+0100] {logging_mixin.py:188} INFO - [2024-01-31T00:26:14.205+0100] {dagbag.py:538} INFO - Filling up the DagBag from /home/ubuntu/.local/lib/python3.10/site-packages/airflow/example_dags/example_branch_day_of_week_operator.py
[2024-01-31T00:26:14.224+0100] {processor.py:840} INFO - DAG(s) 'example_weekday_branch_operator' retrieved from /home/ubuntu/.local/lib/python3.10/site-packages/airflow/example_dags/example_branch_day_of_week_operator.py
[2024-01-31T00:26:14.259+0100] {logging_mixin.py:188} INFO - [2024-01-31T00:26:14.258+0100] {dag.py:3033} INFO - Sync 1 DAGs
[2024-01-31T00:26:14.285+0100] {logging_mixin.py:188} INFO - [2024-01-31T00:26:14.285+0100] {dag.py:3820} INFO - Setting next_dagrun for example_weekday_branch_operator to 2024-01-29T00:00:00+00:00, run_after=2024-01-30T00:00:00+00:00
[2024-01-31T00:26:14.336+0100] {processor.py:183} INFO - Processing /home/ubuntu/.local/lib/python3.10/site-packages/airflow/example_dags/example_branch_day_of_week_operator.py took 0.143 seconds
[2024-01-31T00:27:28.216+0100] {processor.py:161} INFO - Started process (PID=11358) to work on /home/ubuntu/.local/lib/python3.10/site-packages/airflow/example_dags/example_branch_day_of_week_operator.py
[2024-01-31T00:27:28.219+0100] {processor.py:830} INFO - Processing file /home/ubuntu/.local/lib/python3.10/site-packages/airflow/example_dags/example_branch_day_of_week_operator.py for tasks to queue
[2024-01-31T00:27:28.239+0100] {logging_mixin.py:188} INFO - [2024-01-31T00:27:28.237+0100] {dagbag.py:538} INFO - Filling up the DagBag from /home/ubuntu/.local/lib/python3.10/site-packages/airflow/example_dags/example_branch_day_of_week_operator.py
[2024-01-31T00:27:28.252+0100] {processor.py:840} INFO - DAG(s) 'example_weekday_branch_operator' retrieved from /home/ubuntu/.local/lib/python3.10/site-packages/airflow/example_dags/example_branch_day_of_week_operator.py
[2024-01-31T00:27:28.291+0100] {logging_mixin.py:188} INFO - [2024-01-31T00:27:28.291+0100] {dag.py:3033} INFO - Sync 1 DAGs
[2024-01-31T00:27:28.322+0100] {logging_mixin.py:188} INFO - [2024-01-31T00:27:28.321+0100] {dag.py:3820} INFO - Setting next_dagrun for example_weekday_branch_operator to 2024-01-29T00:00:00+00:00, run_after=2024-01-30T00:00:00+00:00
[2024-01-31T00:27:28.374+0100] {processor.py:183} INFO - Processing /home/ubuntu/.local/lib/python3.10/site-packages/airflow/example_dags/example_branch_day_of_week_operator.py took 0.162 seconds
[2024-01-31T00:28:54.937+0100] {processor.py:161} INFO - Started process (PID=11516) to work on /home/ubuntu/.local/lib/python3.10/site-packages/airflow/example_dags/example_branch_day_of_week_operator.py
[2024-01-31T00:28:54.940+0100] {processor.py:830} INFO - Processing file /home/ubuntu/.local/lib/python3.10/site-packages/airflow/example_dags/example_branch_day_of_week_operator.py for tasks to queue
[2024-01-31T00:28:54.942+0100] {logging_mixin.py:188} INFO - [2024-01-31T00:28:54.941+0100] {dagbag.py:538} INFO - Filling up the DagBag from /home/ubuntu/.local/lib/python3.10/site-packages/airflow/example_dags/example_branch_day_of_week_operator.py
[2024-01-31T00:28:54.956+0100] {processor.py:840} INFO - DAG(s) 'example_weekday_branch_operator' retrieved from /home/ubuntu/.local/lib/python3.10/site-packages/airflow/example_dags/example_branch_day_of_week_operator.py
[2024-01-31T00:28:54.983+0100] {logging_mixin.py:188} INFO - [2024-01-31T00:28:54.982+0100] {dag.py:3033} INFO - Sync 1 DAGs
[2024-01-31T00:28:55.033+0100] {logging_mixin.py:188} INFO - [2024-01-31T00:28:55.032+0100] {dag.py:3820} INFO - Setting next_dagrun for example_weekday_branch_operator to 2024-01-29T00:00:00+00:00, run_after=2024-01-30T00:00:00+00:00
[2024-01-31T00:28:55.072+0100] {processor.py:183} INFO - Processing /home/ubuntu/.local/lib/python3.10/site-packages/airflow/example_dags/example_branch_day_of_week_operator.py took 0.140 seconds
[2024-01-31T00:30:12.718+0100] {processor.py:161} INFO - Started process (PID=11583) to work on /home/ubuntu/.local/lib/python3.10/site-packages/airflow/example_dags/example_branch_day_of_week_operator.py
[2024-01-31T00:30:12.795+0100] {processor.py:830} INFO - Processing file /home/ubuntu/.local/lib/python3.10/site-packages/airflow/example_dags/example_branch_day_of_week_operator.py for tasks to queue
[2024-01-31T00:30:12.802+0100] {logging_mixin.py:188} INFO - [2024-01-31T00:30:12.801+0100] {dagbag.py:538} INFO - Filling up the DagBag from /home/ubuntu/.local/lib/python3.10/site-packages/airflow/example_dags/example_branch_day_of_week_operator.py
[2024-01-31T00:30:12.828+0100] {processor.py:840} INFO - DAG(s) 'example_weekday_branch_operator' retrieved from /home/ubuntu/.local/lib/python3.10/site-packages/airflow/example_dags/example_branch_day_of_week_operator.py
[2024-01-31T00:30:12.853+0100] {logging_mixin.py:188} INFO - [2024-01-31T00:30:12.853+0100] {dag.py:3033} INFO - Sync 1 DAGs
[2024-01-31T00:30:12.880+0100] {logging_mixin.py:188} INFO - [2024-01-31T00:30:12.879+0100] {dag.py:3820} INFO - Setting next_dagrun for example_weekday_branch_operator to 2024-01-29T00:00:00+00:00, run_after=2024-01-30T00:00:00+00:00
[2024-01-31T00:30:12.962+0100] {processor.py:183} INFO - Processing /home/ubuntu/.local/lib/python3.10/site-packages/airflow/example_dags/example_branch_day_of_week_operator.py took 0.291 seconds
[2024-01-31T00:31:31.573+0100] {processor.py:161} INFO - Started process (PID=11648) to work on /home/ubuntu/.local/lib/python3.10/site-packages/airflow/example_dags/example_branch_day_of_week_operator.py
[2024-01-31T00:31:31.576+0100] {processor.py:830} INFO - Processing file /home/ubuntu/.local/lib/python3.10/site-packages/airflow/example_dags/example_branch_day_of_week_operator.py for tasks to queue
[2024-01-31T00:31:31.578+0100] {logging_mixin.py:188} INFO - [2024-01-31T00:31:31.578+0100] {dagbag.py:538} INFO - Filling up the DagBag from /home/ubuntu/.local/lib/python3.10/site-packages/airflow/example_dags/example_branch_day_of_week_operator.py
[2024-01-31T00:31:31.590+0100] {processor.py:840} INFO - DAG(s) 'example_weekday_branch_operator' retrieved from /home/ubuntu/.local/lib/python3.10/site-packages/airflow/example_dags/example_branch_day_of_week_operator.py
[2024-01-31T00:31:31.615+0100] {logging_mixin.py:188} INFO - [2024-01-31T00:31:31.615+0100] {dag.py:3033} INFO - Sync 1 DAGs
[2024-01-31T00:31:31.644+0100] {logging_mixin.py:188} INFO - [2024-01-31T00:31:31.644+0100] {dag.py:3820} INFO - Setting next_dagrun for example_weekday_branch_operator to 2024-01-29T00:00:00+00:00, run_after=2024-01-30T00:00:00+00:00
[2024-01-31T00:31:31.781+0100] {processor.py:183} INFO - Processing /home/ubuntu/.local/lib/python3.10/site-packages/airflow/example_dags/example_branch_day_of_week_operator.py took 0.212 seconds
[2024-01-31T00:32:48.066+0100] {processor.py:161} INFO - Started process (PID=11713) to work on /home/ubuntu/.local/lib/python3.10/site-packages/airflow/example_dags/example_branch_day_of_week_operator.py
[2024-01-31T00:32:48.102+0100] {processor.py:830} INFO - Processing file /home/ubuntu/.local/lib/python3.10/site-packages/airflow/example_dags/example_branch_day_of_week_operator.py for tasks to queue
[2024-01-31T00:32:48.105+0100] {logging_mixin.py:188} INFO - [2024-01-31T00:32:48.103+0100] {dagbag.py:538} INFO - Filling up the DagBag from /home/ubuntu/.local/lib/python3.10/site-packages/airflow/example_dags/example_branch_day_of_week_operator.py
[2024-01-31T00:32:48.154+0100] {processor.py:840} INFO - DAG(s) 'example_weekday_branch_operator' retrieved from /home/ubuntu/.local/lib/python3.10/site-packages/airflow/example_dags/example_branch_day_of_week_operator.py
[2024-01-31T00:32:48.443+0100] {logging_mixin.py:188} INFO - [2024-01-31T00:32:48.443+0100] {dag.py:3033} INFO - Sync 1 DAGs
[2024-01-31T00:32:48.504+0100] {logging_mixin.py:188} INFO - [2024-01-31T00:32:48.504+0100] {dag.py:3820} INFO - Setting next_dagrun for example_weekday_branch_operator to 2024-01-29T00:00:00+00:00, run_after=2024-01-30T00:00:00+00:00
[2024-01-31T00:32:48.914+0100] {processor.py:183} INFO - Processing /home/ubuntu/.local/lib/python3.10/site-packages/airflow/example_dags/example_branch_day_of_week_operator.py took 0.863 seconds
[2024-01-31T00:34:04.795+0100] {processor.py:161} INFO - Started process (PID=11795) to work on /home/ubuntu/.local/lib/python3.10/site-packages/airflow/example_dags/example_branch_day_of_week_operator.py
[2024-01-31T00:34:04.800+0100] {processor.py:830} INFO - Processing file /home/ubuntu/.local/lib/python3.10/site-packages/airflow/example_dags/example_branch_day_of_week_operator.py for tasks to queue
[2024-01-31T00:34:04.802+0100] {logging_mixin.py:188} INFO - [2024-01-31T00:34:04.801+0100] {dagbag.py:538} INFO - Filling up the DagBag from /home/ubuntu/.local/lib/python3.10/site-packages/airflow/example_dags/example_branch_day_of_week_operator.py
[2024-01-31T00:34:04.814+0100] {processor.py:840} INFO - DAG(s) 'example_weekday_branch_operator' retrieved from /home/ubuntu/.local/lib/python3.10/site-packages/airflow/example_dags/example_branch_day_of_week_operator.py
[2024-01-31T00:34:04.839+0100] {logging_mixin.py:188} INFO - [2024-01-31T00:34:04.839+0100] {dag.py:3033} INFO - Sync 1 DAGs
[2024-01-31T00:34:04.870+0100] {logging_mixin.py:188} INFO - [2024-01-31T00:34:04.870+0100] {dag.py:3820} INFO - Setting next_dagrun for example_weekday_branch_operator to 2024-01-29T00:00:00+00:00, run_after=2024-01-30T00:00:00+00:00
[2024-01-31T00:34:04.946+0100] {processor.py:183} INFO - Processing /home/ubuntu/.local/lib/python3.10/site-packages/airflow/example_dags/example_branch_day_of_week_operator.py took 0.155 seconds
[2024-01-31T00:35:12.182+0100] {processor.py:161} INFO - Started process (PID=11856) to work on /home/ubuntu/.local/lib/python3.10/site-packages/airflow/example_dags/example_branch_day_of_week_operator.py
[2024-01-31T00:35:12.185+0100] {processor.py:830} INFO - Processing file /home/ubuntu/.local/lib/python3.10/site-packages/airflow/example_dags/example_branch_day_of_week_operator.py for tasks to queue
[2024-01-31T00:35:12.188+0100] {logging_mixin.py:188} INFO - [2024-01-31T00:35:12.187+0100] {dagbag.py:538} INFO - Filling up the DagBag from /home/ubuntu/.local/lib/python3.10/site-packages/airflow/example_dags/example_branch_day_of_week_operator.py
[2024-01-31T00:35:12.197+0100] {processor.py:840} INFO - DAG(s) 'example_weekday_branch_operator' retrieved from /home/ubuntu/.local/lib/python3.10/site-packages/airflow/example_dags/example_branch_day_of_week_operator.py
[2024-01-31T00:35:12.217+0100] {logging_mixin.py:188} INFO - [2024-01-31T00:35:12.216+0100] {dag.py:3033} INFO - Sync 1 DAGs
[2024-01-31T00:35:12.249+0100] {logging_mixin.py:188} INFO - [2024-01-31T00:35:12.249+0100] {dag.py:3820} INFO - Setting next_dagrun for example_weekday_branch_operator to 2024-01-29T00:00:00+00:00, run_after=2024-01-30T00:00:00+00:00
[2024-01-31T00:35:12.348+0100] {processor.py:183} INFO - Processing /home/ubuntu/.local/lib/python3.10/site-packages/airflow/example_dags/example_branch_day_of_week_operator.py took 0.170 seconds
[2024-01-31T00:36:17.041+0100] {processor.py:161} INFO - Started process (PID=11917) to work on /home/ubuntu/.local/lib/python3.10/site-packages/airflow/example_dags/example_branch_day_of_week_operator.py
[2024-01-31T00:36:17.044+0100] {processor.py:830} INFO - Processing file /home/ubuntu/.local/lib/python3.10/site-packages/airflow/example_dags/example_branch_day_of_week_operator.py for tasks to queue
[2024-01-31T00:36:17.046+0100] {logging_mixin.py:188} INFO - [2024-01-31T00:36:17.045+0100] {dagbag.py:538} INFO - Filling up the DagBag from /home/ubuntu/.local/lib/python3.10/site-packages/airflow/example_dags/example_branch_day_of_week_operator.py
[2024-01-31T00:36:17.057+0100] {processor.py:840} INFO - DAG(s) 'example_weekday_branch_operator' retrieved from /home/ubuntu/.local/lib/python3.10/site-packages/airflow/example_dags/example_branch_day_of_week_operator.py
[2024-01-31T00:36:17.111+0100] {logging_mixin.py:188} INFO - [2024-01-31T00:36:17.111+0100] {dag.py:3033} INFO - Sync 1 DAGs
[2024-01-31T00:36:17.205+0100] {logging_mixin.py:188} INFO - [2024-01-31T00:36:17.204+0100] {dag.py:3820} INFO - Setting next_dagrun for example_weekday_branch_operator to 2024-01-29T00:00:00+00:00, run_after=2024-01-30T00:00:00+00:00
[2024-01-31T00:36:17.351+0100] {processor.py:183} INFO - Processing /home/ubuntu/.local/lib/python3.10/site-packages/airflow/example_dags/example_branch_day_of_week_operator.py took 0.314 seconds
[2024-01-31T00:37:25.946+0100] {processor.py:161} INFO - Started process (PID=11978) to work on /home/ubuntu/.local/lib/python3.10/site-packages/airflow/example_dags/example_branch_day_of_week_operator.py
[2024-01-31T00:37:25.949+0100] {processor.py:830} INFO - Processing file /home/ubuntu/.local/lib/python3.10/site-packages/airflow/example_dags/example_branch_day_of_week_operator.py for tasks to queue
[2024-01-31T00:37:25.958+0100] {logging_mixin.py:188} INFO - [2024-01-31T00:37:25.950+0100] {dagbag.py:538} INFO - Filling up the DagBag from /home/ubuntu/.local/lib/python3.10/site-packages/airflow/example_dags/example_branch_day_of_week_operator.py
[2024-01-31T00:37:25.971+0100] {processor.py:840} INFO - DAG(s) 'example_weekday_branch_operator' retrieved from /home/ubuntu/.local/lib/python3.10/site-packages/airflow/example_dags/example_branch_day_of_week_operator.py
[2024-01-31T00:37:25.998+0100] {logging_mixin.py:188} INFO - [2024-01-31T00:37:25.997+0100] {dag.py:3033} INFO - Sync 1 DAGs
[2024-01-31T00:37:26.032+0100] {logging_mixin.py:188} INFO - [2024-01-31T00:37:26.031+0100] {dag.py:3820} INFO - Setting next_dagrun for example_weekday_branch_operator to 2024-01-29T00:00:00+00:00, run_after=2024-01-30T00:00:00+00:00
[2024-01-31T00:37:26.200+0100] {processor.py:183} INFO - Processing /home/ubuntu/.local/lib/python3.10/site-packages/airflow/example_dags/example_branch_day_of_week_operator.py took 0.259 seconds
[2024-01-31T00:38:39.529+0100] {processor.py:161} INFO - Started process (PID=12049) to work on /home/ubuntu/.local/lib/python3.10/site-packages/airflow/example_dags/example_branch_day_of_week_operator.py
[2024-01-31T00:38:39.532+0100] {processor.py:830} INFO - Processing file /home/ubuntu/.local/lib/python3.10/site-packages/airflow/example_dags/example_branch_day_of_week_operator.py for tasks to queue
[2024-01-31T00:38:39.534+0100] {logging_mixin.py:188} INFO - [2024-01-31T00:38:39.533+0100] {dagbag.py:538} INFO - Filling up the DagBag from /home/ubuntu/.local/lib/python3.10/site-packages/airflow/example_dags/example_branch_day_of_week_operator.py
[2024-01-31T00:38:39.548+0100] {processor.py:840} INFO - DAG(s) 'example_weekday_branch_operator' retrieved from /home/ubuntu/.local/lib/python3.10/site-packages/airflow/example_dags/example_branch_day_of_week_operator.py
[2024-01-31T00:38:39.572+0100] {logging_mixin.py:188} INFO - [2024-01-31T00:38:39.572+0100] {dag.py:3033} INFO - Sync 1 DAGs
[2024-01-31T00:38:39.599+0100] {logging_mixin.py:188} INFO - [2024-01-31T00:38:39.599+0100] {dag.py:3820} INFO - Setting next_dagrun for example_weekday_branch_operator to 2024-01-29T00:00:00+00:00, run_after=2024-01-30T00:00:00+00:00
[2024-01-31T00:38:39.767+0100] {processor.py:183} INFO - Processing /home/ubuntu/.local/lib/python3.10/site-packages/airflow/example_dags/example_branch_day_of_week_operator.py took 0.246 seconds
[2024-01-31T00:39:47.084+0100] {processor.py:161} INFO - Started process (PID=12109) to work on /home/ubuntu/.local/lib/python3.10/site-packages/airflow/example_dags/example_branch_day_of_week_operator.py
[2024-01-31T00:39:47.086+0100] {processor.py:830} INFO - Processing file /home/ubuntu/.local/lib/python3.10/site-packages/airflow/example_dags/example_branch_day_of_week_operator.py for tasks to queue
[2024-01-31T00:39:47.088+0100] {logging_mixin.py:188} INFO - [2024-01-31T00:39:47.088+0100] {dagbag.py:538} INFO - Filling up the DagBag from /home/ubuntu/.local/lib/python3.10/site-packages/airflow/example_dags/example_branch_day_of_week_operator.py
[2024-01-31T00:39:47.100+0100] {processor.py:840} INFO - DAG(s) 'example_weekday_branch_operator' retrieved from /home/ubuntu/.local/lib/python3.10/site-packages/airflow/example_dags/example_branch_day_of_week_operator.py
[2024-01-31T00:39:47.188+0100] {logging_mixin.py:188} INFO - [2024-01-31T00:39:47.187+0100] {dag.py:3033} INFO - Sync 1 DAGs
[2024-01-31T00:39:47.213+0100] {logging_mixin.py:188} INFO - [2024-01-31T00:39:47.213+0100] {dag.py:3820} INFO - Setting next_dagrun for example_weekday_branch_operator to 2024-01-29T00:00:00+00:00, run_after=2024-01-30T00:00:00+00:00
[2024-01-31T00:39:47.367+0100] {processor.py:183} INFO - Processing /home/ubuntu/.local/lib/python3.10/site-packages/airflow/example_dags/example_branch_day_of_week_operator.py took 0.287 seconds
[2024-01-31T00:40:57.643+0100] {processor.py:161} INFO - Started process (PID=12171) to work on /home/ubuntu/.local/lib/python3.10/site-packages/airflow/example_dags/example_branch_day_of_week_operator.py
[2024-01-31T00:40:57.646+0100] {processor.py:830} INFO - Processing file /home/ubuntu/.local/lib/python3.10/site-packages/airflow/example_dags/example_branch_day_of_week_operator.py for tasks to queue
[2024-01-31T00:40:57.648+0100] {logging_mixin.py:188} INFO - [2024-01-31T00:40:57.647+0100] {dagbag.py:538} INFO - Filling up the DagBag from /home/ubuntu/.local/lib/python3.10/site-packages/airflow/example_dags/example_branch_day_of_week_operator.py
[2024-01-31T00:40:57.661+0100] {processor.py:840} INFO - DAG(s) 'example_weekday_branch_operator' retrieved from /home/ubuntu/.local/lib/python3.10/site-packages/airflow/example_dags/example_branch_day_of_week_operator.py
[2024-01-31T00:40:57.685+0100] {logging_mixin.py:188} INFO - [2024-01-31T00:40:57.685+0100] {dag.py:3033} INFO - Sync 1 DAGs
[2024-01-31T00:40:57.716+0100] {logging_mixin.py:188} INFO - [2024-01-31T00:40:57.716+0100] {dag.py:3820} INFO - Setting next_dagrun for example_weekday_branch_operator to 2024-01-29T00:00:00+00:00, run_after=2024-01-30T00:00:00+00:00
[2024-01-31T00:40:57.832+0100] {processor.py:183} INFO - Processing /home/ubuntu/.local/lib/python3.10/site-packages/airflow/example_dags/example_branch_day_of_week_operator.py took 0.194 seconds
[2024-01-31T00:42:07.176+0100] {processor.py:161} INFO - Started process (PID=12234) to work on /home/ubuntu/.local/lib/python3.10/site-packages/airflow/example_dags/example_branch_day_of_week_operator.py
[2024-01-31T00:42:07.178+0100] {processor.py:830} INFO - Processing file /home/ubuntu/.local/lib/python3.10/site-packages/airflow/example_dags/example_branch_day_of_week_operator.py for tasks to queue
[2024-01-31T00:42:07.180+0100] {logging_mixin.py:188} INFO - [2024-01-31T00:42:07.180+0100] {dagbag.py:538} INFO - Filling up the DagBag from /home/ubuntu/.local/lib/python3.10/site-packages/airflow/example_dags/example_branch_day_of_week_operator.py
[2024-01-31T00:42:07.191+0100] {processor.py:840} INFO - DAG(s) 'example_weekday_branch_operator' retrieved from /home/ubuntu/.local/lib/python3.10/site-packages/airflow/example_dags/example_branch_day_of_week_operator.py
[2024-01-31T00:42:07.229+0100] {logging_mixin.py:188} INFO - [2024-01-31T00:42:07.229+0100] {dag.py:3033} INFO - Sync 1 DAGs
[2024-01-31T00:42:07.250+0100] {logging_mixin.py:188} INFO - [2024-01-31T00:42:07.249+0100] {dag.py:3820} INFO - Setting next_dagrun for example_weekday_branch_operator to 2024-01-29T00:00:00+00:00, run_after=2024-01-30T00:00:00+00:00
[2024-01-31T00:42:07.345+0100] {processor.py:183} INFO - Processing /home/ubuntu/.local/lib/python3.10/site-packages/airflow/example_dags/example_branch_day_of_week_operator.py took 0.174 seconds
[2024-01-31T00:43:12.737+0100] {processor.py:161} INFO - Started process (PID=12295) to work on /home/ubuntu/.local/lib/python3.10/site-packages/airflow/example_dags/example_branch_day_of_week_operator.py
[2024-01-31T00:43:12.740+0100] {processor.py:830} INFO - Processing file /home/ubuntu/.local/lib/python3.10/site-packages/airflow/example_dags/example_branch_day_of_week_operator.py for tasks to queue
[2024-01-31T00:43:12.742+0100] {logging_mixin.py:188} INFO - [2024-01-31T00:43:12.741+0100] {dagbag.py:538} INFO - Filling up the DagBag from /home/ubuntu/.local/lib/python3.10/site-packages/airflow/example_dags/example_branch_day_of_week_operator.py
[2024-01-31T00:43:12.753+0100] {processor.py:840} INFO - DAG(s) 'example_weekday_branch_operator' retrieved from /home/ubuntu/.local/lib/python3.10/site-packages/airflow/example_dags/example_branch_day_of_week_operator.py
[2024-01-31T00:43:12.780+0100] {logging_mixin.py:188} INFO - [2024-01-31T00:43:12.779+0100] {dag.py:3033} INFO - Sync 1 DAGs
[2024-01-31T00:43:12.804+0100] {logging_mixin.py:188} INFO - [2024-01-31T00:43:12.804+0100] {dag.py:3820} INFO - Setting next_dagrun for example_weekday_branch_operator to 2024-01-29T00:00:00+00:00, run_after=2024-01-30T00:00:00+00:00
[2024-01-31T00:43:13.050+0100] {processor.py:183} INFO - Processing /home/ubuntu/.local/lib/python3.10/site-packages/airflow/example_dags/example_branch_day_of_week_operator.py took 0.318 seconds
[2024-01-31T00:44:21.650+0100] {processor.py:161} INFO - Started process (PID=12356) to work on /home/ubuntu/.local/lib/python3.10/site-packages/airflow/example_dags/example_branch_day_of_week_operator.py
[2024-01-31T00:44:21.682+0100] {processor.py:830} INFO - Processing file /home/ubuntu/.local/lib/python3.10/site-packages/airflow/example_dags/example_branch_day_of_week_operator.py for tasks to queue
[2024-01-31T00:44:21.684+0100] {logging_mixin.py:188} INFO - [2024-01-31T00:44:21.683+0100] {dagbag.py:538} INFO - Filling up the DagBag from /home/ubuntu/.local/lib/python3.10/site-packages/airflow/example_dags/example_branch_day_of_week_operator.py
[2024-01-31T00:44:21.696+0100] {processor.py:840} INFO - DAG(s) 'example_weekday_branch_operator' retrieved from /home/ubuntu/.local/lib/python3.10/site-packages/airflow/example_dags/example_branch_day_of_week_operator.py
[2024-01-31T00:44:21.721+0100] {logging_mixin.py:188} INFO - [2024-01-31T00:44:21.720+0100] {dag.py:3033} INFO - Sync 1 DAGs
[2024-01-31T00:44:21.745+0100] {logging_mixin.py:188} INFO - [2024-01-31T00:44:21.744+0100] {dag.py:3820} INFO - Setting next_dagrun for example_weekday_branch_operator to 2024-01-29T00:00:00+00:00, run_after=2024-01-30T00:00:00+00:00
[2024-01-31T00:44:21.954+0100] {processor.py:183} INFO - Processing /home/ubuntu/.local/lib/python3.10/site-packages/airflow/example_dags/example_branch_day_of_week_operator.py took 0.330 seconds
[2024-01-31T00:45:29.460+0100] {processor.py:161} INFO - Started process (PID=12417) to work on /home/ubuntu/.local/lib/python3.10/site-packages/airflow/example_dags/example_branch_day_of_week_operator.py
[2024-01-31T00:45:29.481+0100] {processor.py:830} INFO - Processing file /home/ubuntu/.local/lib/python3.10/site-packages/airflow/example_dags/example_branch_day_of_week_operator.py for tasks to queue
[2024-01-31T00:45:29.576+0100] {logging_mixin.py:188} INFO - [2024-01-31T00:45:29.482+0100] {dagbag.py:538} INFO - Filling up the DagBag from /home/ubuntu/.local/lib/python3.10/site-packages/airflow/example_dags/example_branch_day_of_week_operator.py
[2024-01-31T00:45:29.589+0100] {processor.py:840} INFO - DAG(s) 'example_weekday_branch_operator' retrieved from /home/ubuntu/.local/lib/python3.10/site-packages/airflow/example_dags/example_branch_day_of_week_operator.py
[2024-01-31T00:45:29.622+0100] {logging_mixin.py:188} INFO - [2024-01-31T00:45:29.621+0100] {dag.py:3033} INFO - Sync 1 DAGs
[2024-01-31T00:45:29.686+0100] {logging_mixin.py:188} INFO - [2024-01-31T00:45:29.685+0100] {dag.py:3820} INFO - Setting next_dagrun for example_weekday_branch_operator to 2024-01-29T00:00:00+00:00, run_after=2024-01-30T00:00:00+00:00
[2024-01-31T00:45:29.941+0100] {processor.py:183} INFO - Processing /home/ubuntu/.local/lib/python3.10/site-packages/airflow/example_dags/example_branch_day_of_week_operator.py took 0.485 seconds
                                                                                                                                                                                                                                                                                                                                                                                                                                                                                                                                                                                                                                                                                                                                                                                                                                                                                                                                                                                                                                                                                                                                                                                                                                                                                                                                                                                                                                                                                           