[2024-02-01T14:08:03.569+0100] {processor.py:161} INFO - Started process (PID=6136) to work on /home/ubuntu/.local/lib/python3.10/site-packages/airflow/example_dags/plugins/listener_plugin.py
[2024-02-01T14:08:03.572+0100] {processor.py:830} INFO - Processing file /home/ubuntu/.local/lib/python3.10/site-packages/airflow/example_dags/plugins/listener_plugin.py for tasks to queue
[2024-02-01T14:08:03.602+0100] {logging_mixin.py:188} INFO - [2024-02-01T14:08:03.573+0100] {dagbag.py:538} INFO - Filling up the DagBag from /home/ubuntu/.local/lib/python3.10/site-packages/airflow/example_dags/plugins/listener_plugin.py
[2024-02-01T14:08:03.670+0100] {processor.py:842} WARNING - No viable dags retrieved from /home/ubuntu/.local/lib/python3.10/site-packages/airflow/example_dags/plugins/listener_plugin.py
[2024-02-01T14:08:03.742+0100] {processor.py:183} INFO - Processing /home/ubuntu/.local/lib/python3.10/site-packages/airflow/example_dags/plugins/listener_plugin.py took 0.200 seconds
[2024-02-01T14:11:17.367+0100] {processor.py:161} INFO - Started process (PID=6225) to work on /home/ubuntu/.local/lib/python3.10/site-packages/airflow/example_dags/plugins/listener_plugin.py
[2024-02-01T14:11:17.377+0100] {processor.py:830} INFO - Processing file /home/ubuntu/.local/lib/python3.10/site-packages/airflow/example_dags/plugins/listener_plugin.py for tasks to queue
[2024-02-01T14:11:17.379+0100] {logging_mixin.py:188} INFO - [2024-02-01T14:11:17.378+0100] {dagbag.py:538} INFO - Filling up the DagBag from /home/ubuntu/.local/lib/python3.10/site-packages/airflow/example_dags/plugins/listener_plugin.py
[2024-02-01T14:11:17.385+0100] {processor.py:842} WARNING - No viable dags retrieved from /home/ubuntu/.local/lib/python3.10/site-packages/airflow/example_dags/plugins/listener_plugin.py
[2024-02-01T14:11:17.414+0100] {processor.py:183} INFO - Processing /home/ubuntu/.local/lib/python3.10/site-packages/airflow/example_dags/plugins/listener_plugin.py took 0.058 seconds
[2024-02-01T14:13:06.825+0100] {processor.py:161} INFO - Started process (PID=6296) to work on /home/ubuntu/.local/lib/python3.10/site-packages/airflow/example_dags/plugins/listener_plugin.py
[2024-02-01T14:13:06.930+0100] {processor.py:830} INFO - Processing file /home/ubuntu/.local/lib/python3.10/site-packages/airflow/example_dags/plugins/listener_plugin.py for tasks to queue
[2024-02-01T14:13:06.931+0100] {logging_mixin.py:188} INFO - [2024-02-01T14:13:06.931+0100] {dagbag.py:538} INFO - Filling up the DagBag from /home/ubuntu/.local/lib/python3.10/site-packages/airflow/example_dags/plugins/listener_plugin.py
[2024-02-01T14:13:06.961+0100] {processor.py:842} WARNING - No viable dags retrieved from /home/ubuntu/.local/lib/python3.10/site-packages/airflow/example_dags/plugins/listener_plugin.py
[2024-02-01T14:13:07.131+0100] {processor.py:183} INFO - Processing /home/ubuntu/.local/lib/python3.10/site-packages/airflow/example_dags/plugins/listener_plugin.py took 0.342 seconds
[2024-02-01T14:14:57.117+0100] {processor.py:161} INFO - Started process (PID=6415) to work on /home/ubuntu/.local/lib/python3.10/site-packages/airflow/example_dags/plugins/listener_plugin.py
[2024-02-01T14:14:57.147+0100] {processor.py:830} INFO - Processing file /home/ubuntu/.local/lib/python3.10/site-packages/airflow/example_dags/plugins/listener_plugin.py for tasks to queue
[2024-02-01T14:14:57.165+0100] {logging_mixin.py:188} INFO - [2024-02-01T14:14:57.148+0100] {dagbag.py:538} INFO - Filling up the DagBag from /home/ubuntu/.local/lib/python3.10/site-packages/airflow/example_dags/plugins/listener_plugin.py
[2024-02-01T14:14:57.179+0100] {processor.py:842} WARNING - No viable dags retrieved from /home/ubuntu/.local/lib/python3.10/site-packages/airflow/example_dags/plugins/listener_plugin.py
[2024-02-01T14:14:57.213+0100] {processor.py:183} INFO - Processing /home/ubuntu/.local/lib/python3.10/site-packages/airflow/example_dags/plugins/listener_plugin.py took 0.147 seconds
[2024-02-01T14:17:03.604+0100] {processor.py:161} INFO - Started process (PID=6646) to work on /home/ubuntu/.local/lib/python3.10/site-packages/airflow/example_dags/plugins/listener_plugin.py
[2024-02-01T14:17:03.655+0100] {processor.py:830} INFO - Processing file /home/ubuntu/.local/lib/python3.10/site-packages/airflow/example_dags/plugins/listener_plugin.py for tasks to queue
[2024-02-01T14:17:03.656+0100] {logging_mixin.py:188} INFO - [2024-02-01T14:17:03.656+0100] {dagbag.py:538} INFO - Filling up the DagBag from /home/ubuntu/.local/lib/python3.10/site-packages/airflow/example_dags/plugins/listener_plugin.py
[2024-02-01T14:17:03.705+0100] {processor.py:842} WARNING - No viable dags retrieved from /home/ubuntu/.local/lib/python3.10/site-packages/airflow/example_dags/plugins/listener_plugin.py
[2024-02-01T14:17:03.825+0100] {processor.py:183} INFO - Processing /home/ubuntu/.local/lib/python3.10/site-packages/airflow/example_dags/plugins/listener_plugin.py took 0.310 seconds
[2024-02-01T14:20:35.286+0100] {processor.py:161} INFO - Started process (PID=7575) to work on /home/ubuntu/.local/lib/python3.10/site-packages/airflow/example_dags/plugins/listener_plugin.py
[2024-02-01T14:20:35.389+0100] {processor.py:830} INFO - Processing file /home/ubuntu/.local/lib/python3.10/site-packages/airflow/example_dags/plugins/listener_plugin.py for tasks to queue
[2024-02-01T14:20:35.390+0100] {logging_mixin.py:188} INFO - [2024-02-01T14:20:35.390+0100] {dagbag.py:538} INFO - Filling up the DagBag from /home/ubuntu/.local/lib/python3.10/site-packages/airflow/example_dags/plugins/listener_plugin.py
[2024-02-01T14:20:35.534+0100] {processor.py:842} WARNING - No viable dags retrieved from /home/ubuntu/.local/lib/python3.10/site-packages/airflow/example_dags/plugins/listener_plugin.py
[2024-02-01T14:20:35.616+0100] {processor.py:183} INFO - Processing /home/ubuntu/.local/lib/python3.10/site-packages/airflow/example_dags/plugins/listener_plugin.py took 0.345 seconds
[2024-02-01T14:23:43.846+0100] {processor.py:161} INFO - Started process (PID=8016) to work on /home/ubuntu/.local/lib/python3.10/site-packages/airflow/example_dags/plugins/listener_plugin.py
[2024-02-01T14:23:43.863+0100] {processor.py:830} INFO - Processing file /home/ubuntu/.local/lib/python3.10/site-packages/airflow/example_dags/plugins/listener_plugin.py for tasks to queue
[2024-02-01T14:23:43.867+0100] {logging_mixin.py:188} INFO - [2024-02-01T14:23:43.864+0100] {dagbag.py:538} INFO - Filling up the DagBag from /home/ubuntu/.local/lib/python3.10/site-packages/airflow/example_dags/plugins/listener_plugin.py
[2024-02-01T14:23:43.970+0100] {processor.py:842} WARNING - No viable dags retrieved from /home/ubuntu/.local/lib/python3.10/site-packages/airflow/example_dags/plugins/listener_plugin.py
[2024-02-01T14:23:44.171+0100] {processor.py:183} INFO - Processing /home/ubuntu/.local/lib/python3.10/site-packages/airflow/example_dags/plugins/listener_plugin.py took 0.329 seconds
[2024-02-01T14:26:20.890+0100] {processor.py:161} INFO - Started process (PID=8104) to work on /home/ubuntu/.local/lib/python3.10/site-packages/airflow/example_dags/plugins/listener_plugin.py
[2024-02-01T14:26:21.006+0100] {processor.py:830} INFO - Processing file /home/ubuntu/.local/lib/python3.10/site-packages/airflow/example_dags/plugins/listener_plugin.py for tasks to queue
[2024-02-01T14:26:21.014+0100] {logging_mixin.py:188} INFO - [2024-02-01T14:26:21.007+0100] {dagbag.py:538} INFO - Filling up the DagBag from /home/ubuntu/.local/lib/python3.10/site-packages/airflow/example_dags/plugins/listener_plugin.py
[2024-02-01T14:26:21.066+0100] {processor.py:842} WARNING - No viable dags retrieved from /home/ubuntu/.local/lib/python3.10/site-packages/airflow/example_dags/plugins/listener_plugin.py
[2024-02-01T14:26:21.231+0100] {processor.py:183} INFO - Processing /home/ubuntu/.local/lib/python3.10/site-packages/airflow/example_dags/plugins/listener_plugin.py took 0.356 seconds
[2024-02-01T14:29:36.818+0100] {processor.py:161} INFO - Started process (PID=8190) to work on /home/ubuntu/.local/lib/python3.10/site-packages/airflow/example_dags/plugins/listener_plugin.py
[2024-02-01T14:29:36.880+0100] {processor.py:830} INFO - Processing file /home/ubuntu/.local/lib/python3.10/site-packages/airflow/example_dags/plugins/listener_plugin.py for tasks to queue
[2024-02-01T14:29:36.917+0100] {logging_mixin.py:188} INFO - [2024-02-01T14:29:36.916+0100] {dagbag.py:538} INFO - Filling up the DagBag from /home/ubuntu/.local/lib/python3.10/site-packages/airflow/example_dags/plugins/listener_plugin.py
[2024-02-01T14:29:36.966+0100] {processor.py:842} WARNING - No viable dags retrieved from /home/ubuntu/.local/lib/python3.10/site-packages/airflow/example_dags/plugins/listener_plugin.py
[2024-02-01T14:29:37.037+0100] {processor.py:183} INFO - Processing /home/ubuntu/.local/lib/python3.10/site-packages/airflow/example_dags/plugins/listener_plugin.py took 0.244 seconds
[2024-02-01T14:32:08.196+0100] {processor.py:161} INFO - Started process (PID=8383) to work on /home/ubuntu/.local/lib/python3.10/site-packages/airflow/example_dags/plugins/listener_plugin.py
[2024-02-01T14:32:08.202+0100] {processor.py:830} INFO - Processing file /home/ubuntu/.local/lib/python3.10/site-packages/airflow/example_dags/plugins/listener_plugin.py for tasks to queue
[2024-02-01T14:32:08.230+0100] {logging_mixin.py:188} INFO - [2024-02-01T14:32:08.223+0100] {dagbag.py:538} INFO - Filling up the DagBag from /home/ubuntu/.local/lib/python3.10/site-packages/airflow/example_dags/plugins/listener_plugin.py
[2024-02-01T14:32:08.256+0100] {processor.py:842} WARNING - No viable dags retrieved from /home/ubuntu/.local/lib/python3.10/site-packages/airflow/example_dags/plugins/listener_plugin.py
[2024-02-01T14:32:08.358+0100] {processor.py:183} INFO - Processing /home/ubuntu/.local/lib/python3.10/site-packages/airflow/example_dags/plugins/listener_plugin.py took 0.181 seconds
[2024-02-01T14:34:30.523+0100] {processor.py:161} INFO - Started process (PID=8745) to work on /home/ubuntu/.local/lib/python3.10/site-packages/airflow/example_dags/plugins/listener_plugin.py
[2024-02-01T14:34:30.569+0100] {processor.py:830} INFO - Processing file /home/ubuntu/.local/lib/python3.10/site-packages/airflow/example_dags/plugins/listener_plugin.py for tasks to queue
[2024-02-01T14:34:30.571+0100] {logging_mixin.py:188} INFO - [2024-02-01T14:34:30.570+0100] {dagbag.py:538} INFO - Filling up the DagBag from /home/ubuntu/.local/lib/python3.10/site-packages/airflow/example_dags/plugins/listener_plugin.py
[2024-02-01T14:34:30.616+0100] {processor.py:842} WARNING - No viable dags retrieved from /home/ubuntu/.local/lib/python3.10/site-packages/airflow/example_dags/plugins/listener_plugin.py
[2024-02-01T14:34:30.742+0100] {processor.py:183} INFO - Processing /home/ubuntu/.local/lib/python3.10/site-packages/airflow/example_dags/plugins/listener_plugin.py took 0.233 seconds
[2024-02-01T14:36:39.745+0100] {processor.py:161} INFO - Started process (PID=8940) to work on /home/ubuntu/.local/lib/python3.10/site-packages/airflow/example_dags/plugins/listener_plugin.py
[2024-02-01T14:36:39.827+0100] {processor.py:830} INFO - Processing file /home/ubuntu/.local/lib/python3.10/site-packages/airflow/example_dags/plugins/listener_plugin.py for tasks to queue
[2024-02-01T14:36:39.846+0100] {logging_mixin.py:188} INFO - [2024-02-01T14:36:39.845+0100] {dagbag.py:538} INFO - Filling up the DagBag from /home/ubuntu/.local/lib/python3.10/site-packages/airflow/example_dags/plugins/listener_plugin.py
[2024-02-01T14:36:39.908+0100] {processor.py:842} WARNING - No viable dags retrieved from /home/ubuntu/.local/lib/python3.10/site-packages/airflow/example_dags/plugins/listener_plugin.py
[2024-02-01T14:36:39.996+0100] {processor.py:183} INFO - Processing /home/ubuntu/.local/lib/python3.10/site-packages/airflow/example_dags/plugins/listener_plugin.py took 0.339 seconds
[2024-02-01T14:39:53.736+0100] {processor.py:161} INFO - Started process (PID=9484) to work on /home/ubuntu/.local/lib/python3.10/site-packages/airflow/example_dags/plugins/listener_plugin.py
[2024-02-01T14:39:53.873+0100] {processor.py:830} INFO - Processing file /home/ubuntu/.local/lib/python3.10/site-packages/airflow/example_dags/plugins/listener_plugin.py for tasks to queue
[2024-02-01T14:39:53.875+0100] {logging_mixin.py:188} INFO - [2024-02-01T14:39:53.874+0100] {dagbag.py:538} INFO - Filling up the DagBag from /home/ubuntu/.local/lib/python3.10/site-packages/airflow/example_dags/plugins/listener_plugin.py
[2024-02-01T14:39:54.022+0100] {processor.py:842} WARNING - No viable dags retrieved from /home/ubuntu/.local/lib/python3.10/site-packages/airflow/example_dags/plugins/listener_plugin.py
[2024-02-01T14:39:55.485+0100] {processor.py:183} INFO - Processing /home/ubuntu/.local/lib/python3.10/site-packages/airflow/example_dags/plugins/listener_plugin.py took 1.779 seconds
[2024-02-01T14:45:48.901+0100] {processor.py:161} INFO - Started process (PID=10137) to work on /home/ubuntu/.local/lib/python3.10/site-packages/airflow/example_dags/plugins/listener_plugin.py
[2024-02-01T14:45:49.075+0100] {processor.py:830} INFO - Processing file /home/ubuntu/.local/lib/python3.10/site-packages/airflow/example_dags/plugins/listener_plugin.py for tasks to queue
[2024-02-01T14:45:49.095+0100] {logging_mixin.py:188} INFO - [2024-02-01T14:45:49.093+0100] {dagbag.py:538} INFO - Filling up the DagBag from /home/ubuntu/.local/lib/python3.10/site-packages/airflow/example_dags/plugins/listener_plugin.py
[2024-02-01T14:45:49.393+0100] {processor.py:842} WARNING - No viable dags retrieved from /home/ubuntu/.local/lib/python3.10/site-packages/airflow/example_dags/plugins/listener_plugin.py
[2024-02-01T14:45:49.513+0100] {processor.py:183} INFO - Processing /home/ubuntu/.local/lib/python3.10/site-packages/airflow/example_dags/plugins/listener_plugin.py took 0.667 seconds
[2024-02-01T14:50:02.681+0100] {processor.py:161} INFO - Started process (PID=10295) to work on /home/ubuntu/.local/lib/python3.10/site-packages/airflow/example_dags/plugins/listener_plugin.py
[2024-02-01T14:50:02.756+0100] {processor.py:830} INFO - Processing file /home/ubuntu/.local/lib/python3.10/site-packages/airflow/example_dags/plugins/listener_plugin.py for tasks to queue
[2024-02-01T14:50:02.798+0100] {logging_mixin.py:188} INFO - [2024-02-01T14:50:02.757+0100] {dagbag.py:538} INFO - Filling up the DagBag from /home/ubuntu/.local/lib/python3.10/site-packages/airflow/example_dags/plugins/listener_plugin.py
[2024-02-01T14:50:02.988+0100] {processor.py:842} WARNING - No viable dags retrieved from /home/ubuntu/.local/lib/python3.10/site-packages/airflow/example_dags/plugins/listener_plugin.py
[2024-02-01T14:50:03.019+0100] {processor.py:183} INFO - Processing /home/ubuntu/.local/lib/python3.10/site-packages/airflow/example_dags/plugins/listener_plugin.py took 0.391 seconds
[2024-02-01T14:54:22.068+0100] {processor.py:161} INFO - Started process (PID=10896) to work on /home/ubuntu/.local/lib/python3.10/site-packages/airflow/example_dags/plugins/listener_plugin.py
[2024-02-01T14:54:22.138+0100] {processor.py:830} INFO - Processing file /home/ubuntu/.local/lib/python3.10/site-packages/airflow/example_dags/plugins/listener_plugin.py for tasks to queue
[2024-02-01T14:54:22.140+0100] {logging_mixin.py:188} INFO - [2024-02-01T14:54:22.139+0100] {dagbag.py:538} INFO - Filling up the DagBag from /home/ubuntu/.local/lib/python3.10/site-packages/airflow/example_dags/plugins/listener_plugin.py
[2024-02-01T14:54:22.363+0100] {processor.py:842} WARNING - No viable dags retrieved from /home/ubuntu/.local/lib/python3.10/site-packages/airflow/example_dags/plugins/listener_plugin.py
[2024-02-01T14:54:22.592+0100] {processor.py:183} INFO - Processing /home/ubuntu/.local/lib/python3.10/site-packages/airflow/example_dags/plugins/listener_plugin.py took 0.593 seconds
[2024-02-01T14:59:54.672+0100] {processor.py:161} INFO - Started process (PID=11610) to work on /home/ubuntu/.local/lib/python3.10/site-packages/airflow/example_dags/plugins/listener_plugin.py
[2024-02-01T14:59:54.677+0100] {processor.py:830} INFO - Processing file /home/ubuntu/.local/lib/python3.10/site-packages/airflow/example_dags/plugins/listener_plugin.py for tasks to queue
[2024-02-01T14:59:54.680+0100] {logging_mixin.py:188} INFO - [2024-02-01T14:59:54.679+0100] {dagbag.py:538} INFO - Filling up the DagBag from /home/ubuntu/.local/lib/python3.10/site-packages/airflow/example_dags/plugins/listener_plugin.py
[2024-02-01T14:59:54.822+0100] {processor.py:842} WARNING - No viable dags retrieved from /home/ubuntu/.local/lib/python3.10/site-packages/airflow/example_dags/plugins/listener_plugin.py
[2024-02-01T14:59:54.902+0100] {processor.py:183} INFO - Processing /home/ubuntu/.local/lib/python3.10/site-packages/airflow/example_dags/plugins/listener_plugin.py took 0.262 seconds
[2024-02-01T15:04:01.322+0100] {processor.py:161} INFO - Started process (PID=11773) to work on /home/ubuntu/.local/lib/python3.10/site-packages/airflow/example_dags/plugins/listener_plugin.py
[2024-02-01T15:04:01.436+0100] {processor.py:830} INFO - Processing file /home/ubuntu/.local/lib/python3.10/site-packages/airflow/example_dags/plugins/listener_plugin.py for tasks to queue
[2024-02-01T15:04:01.462+0100] {logging_mixin.py:188} INFO - [2024-02-01T15:04:01.444+0100] {dagbag.py:538} INFO - Filling up the DagBag from /home/ubuntu/.local/lib/python3.10/site-packages/airflow/example_dags/plugins/listener_plugin.py
[2024-02-01T15:04:01.471+0100] {processor.py:842} WARNING - No viable dags retrieved from /home/ubuntu/.local/lib/python3.10/site-packages/airflow/example_dags/plugins/listener_plugin.py
[2024-02-01T15:04:01.658+0100] {processor.py:183} INFO - Processing /home/ubuntu/.local/lib/python3.10/site-packages/airflow/example_dags/plugins/listener_plugin.py took 0.394 seconds
[2024-02-01T16:03:05.802+0100] {processor.py:161} INFO - Started process (PID=9030) to work on /home/ubuntu/.local/lib/python3.10/site-packages/airflow/example_dags/plugins/listener_plugin.py
[2024-02-01T16:03:06.098+0100] {processor.py:830} INFO - Processing file /home/ubuntu/.local/lib/python3.10/site-packages/airflow/example_dags/plugins/listener_plugin.py for tasks to queue
[2024-02-01T16:03:06.131+0100] {logging_mixin.py:188} INFO - [2024-02-01T16:03:06.130+0100] {dagbag.py:538} INFO - Filling up the DagBag from /home/ubuntu/.local/lib/python3.10/site-packages/airflow/example_dags/plugins/listener_plugin.py
[2024-02-01T16:03:06.148+0100] {processor.py:842} WARNING - No viable dags retrieved from /home/ubuntu/.local/lib/python3.10/site-packages/airflow/example_dags/plugins/listener_plugin.py
[2024-02-01T16:03:06.304+0100] {processor.py:183} INFO - Processing /home/ubuntu/.local/lib/python3.10/site-packages/airflow/example_dags/plugins/listener_plugin.py took 0.556 seconds
