[2024-01-27T17:53:56.827+0100] {processor.py:161} INFO - Started process (PID=8331) to work on /home/ubuntu/.local/lib/python3.10/site-packages/airflow/example_dags/example_short_circuit_decorator.py
[2024-01-27T17:53:56.828+0100] {processor.py:830} INFO - Processing file /home/ubuntu/.local/lib/python3.10/site-packages/airflow/example_dags/example_short_circuit_decorator.py for tasks to queue
[2024-01-27T17:53:56.830+0100] {logging_mixin.py:188} INFO - [2024-01-27T17:53:56.829+0100] {dagbag.py:538} INFO - Filling up the DagBag from /home/ubuntu/.local/lib/python3.10/site-packages/airflow/example_dags/example_short_circuit_decorator.py
[2024-01-27T17:53:56.844+0100] {processor.py:840} INFO - DAG(s) 'example_short_circuit_decorator' retrieved from /home/ubuntu/.local/lib/python3.10/site-packages/airflow/example_dags/example_short_circuit_decorator.py
[2024-01-27T17:53:57.074+0100] {logging_mixin.py:188} INFO - [2024-01-27T17:53:57.074+0100] {dag.py:3033} INFO - Sync 1 DAGs
[2024-01-27T17:53:57.159+0100] {logging_mixin.py:188} INFO - [2024-01-27T17:53:57.159+0100] {dag.py:3820} INFO - Setting next_dagrun for example_short_circuit_decorator to 2024-01-26T00:00:00+00:00, run_after=2024-01-27T00:00:00+00:00
[2024-01-27T17:53:57.362+0100] {processor.py:183} INFO - Processing /home/ubuntu/.local/lib/python3.10/site-packages/airflow/example_dags/example_short_circuit_decorator.py took 0.540 seconds
[2024-01-27T17:55:18.194+0100] {processor.py:161} INFO - Started process (PID=8401) to work on /home/ubuntu/.local/lib/python3.10/site-packages/airflow/example_dags/example_short_circuit_decorator.py
[2024-01-27T17:55:18.213+0100] {processor.py:830} INFO - Processing file /home/ubuntu/.local/lib/python3.10/site-packages/airflow/example_dags/example_short_circuit_decorator.py for tasks to queue
[2024-01-27T17:55:18.214+0100] {logging_mixin.py:188} INFO - [2024-01-27T17:55:18.213+0100] {dagbag.py:538} INFO - Filling up the DagBag from /home/ubuntu/.local/lib/python3.10/site-packages/airflow/example_dags/example_short_circuit_decorator.py
[2024-01-27T17:55:18.226+0100] {processor.py:840} INFO - DAG(s) 'example_short_circuit_decorator' retrieved from /home/ubuntu/.local/lib/python3.10/site-packages/airflow/example_dags/example_short_circuit_decorator.py
[2024-01-27T17:55:18.251+0100] {logging_mixin.py:188} INFO - [2024-01-27T17:55:18.251+0100] {dag.py:3033} INFO - Sync 1 DAGs
[2024-01-27T17:55:18.304+0100] {logging_mixin.py:188} INFO - [2024-01-27T17:55:18.303+0100] {dag.py:3820} INFO - Setting next_dagrun for example_short_circuit_decorator to 2024-01-26T00:00:00+00:00, run_after=2024-01-27T00:00:00+00:00
[2024-01-27T17:55:18.404+0100] {processor.py:183} INFO - Processing /home/ubuntu/.local/lib/python3.10/site-packages/airflow/example_dags/example_short_circuit_decorator.py took 0.214 seconds
[2024-01-27T17:56:33.041+0100] {processor.py:161} INFO - Started process (PID=8464) to work on /home/ubuntu/.local/lib/python3.10/site-packages/airflow/example_dags/example_short_circuit_decorator.py
[2024-01-27T17:56:33.062+0100] {processor.py:830} INFO - Processing file /home/ubuntu/.local/lib/python3.10/site-packages/airflow/example_dags/example_short_circuit_decorator.py for tasks to queue
[2024-01-27T17:56:33.063+0100] {logging_mixin.py:188} INFO - [2024-01-27T17:56:33.062+0100] {dagbag.py:538} INFO - Filling up the DagBag from /home/ubuntu/.local/lib/python3.10/site-packages/airflow/example_dags/example_short_circuit_decorator.py
[2024-01-27T17:56:33.105+0100] {processor.py:840} INFO - DAG(s) 'example_short_circuit_decorator' retrieved from /home/ubuntu/.local/lib/python3.10/site-packages/airflow/example_dags/example_short_circuit_decorator.py
[2024-01-27T17:56:33.212+0100] {logging_mixin.py:188} INFO - [2024-01-27T17:56:33.211+0100] {dag.py:3033} INFO - Sync 1 DAGs
[2024-01-27T17:56:33.267+0100] {logging_mixin.py:188} INFO - [2024-01-27T17:56:33.267+0100] {dag.py:3820} INFO - Setting next_dagrun for example_short_circuit_decorator to 2024-01-26T00:00:00+00:00, run_after=2024-01-27T00:00:00+00:00
[2024-01-27T17:56:33.611+0100] {processor.py:183} INFO - Processing /home/ubuntu/.local/lib/python3.10/site-packages/airflow/example_dags/example_short_circuit_decorator.py took 0.595 seconds
[2024-01-27T17:57:44.988+0100] {processor.py:161} INFO - Started process (PID=8536) to work on /home/ubuntu/.local/lib/python3.10/site-packages/airflow/example_dags/example_short_circuit_decorator.py
[2024-01-27T17:57:45.006+0100] {processor.py:830} INFO - Processing file /home/ubuntu/.local/lib/python3.10/site-packages/airflow/example_dags/example_short_circuit_decorator.py for tasks to queue
[2024-01-27T17:57:45.007+0100] {logging_mixin.py:188} INFO - [2024-01-27T17:57:45.006+0100] {dagbag.py:538} INFO - Filling up the DagBag from /home/ubuntu/.local/lib/python3.10/site-packages/airflow/example_dags/example_short_circuit_decorator.py
[2024-01-27T17:57:45.054+0100] {processor.py:840} INFO - DAG(s) 'example_short_circuit_decorator' retrieved from /home/ubuntu/.local/lib/python3.10/site-packages/airflow/example_dags/example_short_circuit_decorator.py
[2024-01-27T17:57:45.077+0100] {logging_mixin.py:188} INFO - [2024-01-27T17:57:45.077+0100] {dag.py:3033} INFO - Sync 1 DAGs
[2024-01-27T17:57:45.100+0100] {logging_mixin.py:188} INFO - [2024-01-27T17:57:45.100+0100] {dag.py:3820} INFO - Setting next_dagrun for example_short_circuit_decorator to 2024-01-26T00:00:00+00:00, run_after=2024-01-27T00:00:00+00:00
[2024-01-27T17:57:45.158+0100] {processor.py:183} INFO - Processing /home/ubuntu/.local/lib/python3.10/site-packages/airflow/example_dags/example_short_circuit_decorator.py took 0.176 seconds
[2024-01-27T17:58:59.947+0100] {processor.py:161} INFO - Started process (PID=8664) to work on /home/ubuntu/.local/lib/python3.10/site-packages/airflow/example_dags/example_short_circuit_decorator.py
[2024-01-27T17:58:59.949+0100] {processor.py:830} INFO - Processing file /home/ubuntu/.local/lib/python3.10/site-packages/airflow/example_dags/example_short_circuit_decorator.py for tasks to queue
[2024-01-27T17:58:59.950+0100] {logging_mixin.py:188} INFO - [2024-01-27T17:58:59.950+0100] {dagbag.py:538} INFO - Filling up the DagBag from /home/ubuntu/.local/lib/python3.10/site-packages/airflow/example_dags/example_short_circuit_decorator.py
[2024-01-27T17:58:59.964+0100] {processor.py:840} INFO - DAG(s) 'example_short_circuit_decorator' retrieved from /home/ubuntu/.local/lib/python3.10/site-packages/airflow/example_dags/example_short_circuit_decorator.py
[2024-01-27T17:59:00.003+0100] {logging_mixin.py:188} INFO - [2024-01-27T17:59:00.002+0100] {dag.py:3033} INFO - Sync 1 DAGs
[2024-01-27T17:59:00.074+0100] {logging_mixin.py:188} INFO - [2024-01-27T17:59:00.074+0100] {dag.py:3820} INFO - Setting next_dagrun for example_short_circuit_decorator to 2024-01-26T00:00:00+00:00, run_after=2024-01-27T00:00:00+00:00
[2024-01-27T17:59:00.306+0100] {processor.py:183} INFO - Processing /home/ubuntu/.local/lib/python3.10/site-packages/airflow/example_dags/example_short_circuit_decorator.py took 0.363 seconds
[2024-01-27T18:00:12.178+0100] {processor.py:161} INFO - Started process (PID=8726) to work on /home/ubuntu/.local/lib/python3.10/site-packages/airflow/example_dags/example_short_circuit_decorator.py
[2024-01-27T18:00:12.180+0100] {processor.py:830} INFO - Processing file /home/ubuntu/.local/lib/python3.10/site-packages/airflow/example_dags/example_short_circuit_decorator.py for tasks to queue
[2024-01-27T18:00:12.182+0100] {logging_mixin.py:188} INFO - [2024-01-27T18:00:12.181+0100] {dagbag.py:538} INFO - Filling up the DagBag from /home/ubuntu/.local/lib/python3.10/site-packages/airflow/example_dags/example_short_circuit_decorator.py
[2024-01-27T18:00:12.195+0100] {processor.py:840} INFO - DAG(s) 'example_short_circuit_decorator' retrieved from /home/ubuntu/.local/lib/python3.10/site-packages/airflow/example_dags/example_short_circuit_decorator.py
[2024-01-27T18:00:12.217+0100] {logging_mixin.py:188} INFO - [2024-01-27T18:00:12.217+0100] {dag.py:3033} INFO - Sync 1 DAGs
[2024-01-27T18:00:12.241+0100] {logging_mixin.py:188} INFO - [2024-01-27T18:00:12.241+0100] {dag.py:3820} INFO - Setting next_dagrun for example_short_circuit_decorator to 2024-01-26T00:00:00+00:00, run_after=2024-01-27T00:00:00+00:00
[2024-01-27T18:00:12.374+0100] {processor.py:183} INFO - Processing /home/ubuntu/.local/lib/python3.10/site-packages/airflow/example_dags/example_short_circuit_decorator.py took 0.201 seconds
[2024-01-27T18:01:20.867+0100] {processor.py:161} INFO - Started process (PID=8788) to work on /home/ubuntu/.local/lib/python3.10/site-packages/airflow/example_dags/example_short_circuit_decorator.py
[2024-01-27T18:01:20.950+0100] {processor.py:830} INFO - Processing file /home/ubuntu/.local/lib/python3.10/site-packages/airflow/example_dags/example_short_circuit_decorator.py for tasks to queue
[2024-01-27T18:01:20.952+0100] {logging_mixin.py:188} INFO - [2024-01-27T18:01:20.951+0100] {dagbag.py:538} INFO - Filling up the DagBag from /home/ubuntu/.local/lib/python3.10/site-packages/airflow/example_dags/example_short_circuit_decorator.py
[2024-01-27T18:01:20.969+0100] {processor.py:840} INFO - DAG(s) 'example_short_circuit_decorator' retrieved from /home/ubuntu/.local/lib/python3.10/site-packages/airflow/example_dags/example_short_circuit_decorator.py
[2024-01-27T18:01:21.043+0100] {logging_mixin.py:188} INFO - [2024-01-27T18:01:21.043+0100] {dag.py:3033} INFO - Sync 1 DAGs
[2024-01-27T18:01:21.161+0100] {logging_mixin.py:188} INFO - [2024-01-27T18:01:21.160+0100] {dag.py:3820} INFO - Setting next_dagrun for example_short_circuit_decorator to 2024-01-26T00:00:00+00:00, run_after=2024-01-27T00:00:00+00:00
[2024-01-27T18:01:21.263+0100] {processor.py:183} INFO - Processing /home/ubuntu/.local/lib/python3.10/site-packages/airflow/example_dags/example_short_circuit_decorator.py took 0.414 seconds
[2024-01-27T18:03:44.240+0100] {processor.py:161} INFO - Started process (PID=8889) to work on /home/ubuntu/.local/lib/python3.10/site-packages/airflow/example_dags/example_short_circuit_decorator.py
[2024-01-27T18:03:44.275+0100] {processor.py:830} INFO - Processing file /home/ubuntu/.local/lib/python3.10/site-packages/airflow/example_dags/example_short_circuit_decorator.py for tasks to queue
[2024-01-27T18:03:44.277+0100] {logging_mixin.py:188} INFO - [2024-01-27T18:03:44.276+0100] {dagbag.py:538} INFO - Filling up the DagBag from /home/ubuntu/.local/lib/python3.10/site-packages/airflow/example_dags/example_short_circuit_decorator.py
[2024-01-27T18:03:44.361+0100] {processor.py:840} INFO - DAG(s) 'example_short_circuit_decorator' retrieved from /home/ubuntu/.local/lib/python3.10/site-packages/airflow/example_dags/example_short_circuit_decorator.py
[2024-01-27T18:03:44.442+0100] {logging_mixin.py:188} INFO - [2024-01-27T18:03:44.442+0100] {dag.py:3033} INFO - Sync 1 DAGs
[2024-01-27T18:03:44.619+0100] {logging_mixin.py:188} INFO - [2024-01-27T18:03:44.619+0100] {dag.py:3820} INFO - Setting next_dagrun for example_short_circuit_decorator to 2024-01-26T00:00:00+00:00, run_after=2024-01-27T00:00:00+00:00
[2024-01-27T18:03:45.090+0100] {processor.py:183} INFO - Processing /home/ubuntu/.local/lib/python3.10/site-packages/airflow/example_dags/example_short_circuit_decorator.py took 0.897 seconds
[2024-01-27T18:05:55.158+0100] {processor.py:161} INFO - Started process (PID=8948) to work on /home/ubuntu/.local/lib/python3.10/site-packages/airflow/example_dags/example_short_circuit_decorator.py
[2024-01-27T18:05:55.200+0100] {processor.py:830} INFO - Processing file /home/ubuntu/.local/lib/python3.10/site-packages/airflow/example_dags/example_short_circuit_decorator.py for tasks to queue
[2024-01-27T18:05:55.208+0100] {logging_mixin.py:188} INFO - [2024-01-27T18:05:55.207+0100] {dagbag.py:538} INFO - Filling up the DagBag from /home/ubuntu/.local/lib/python3.10/site-packages/airflow/example_dags/example_short_circuit_decorator.py
[2024-01-27T18:05:55.291+0100] {processor.py:840} INFO - DAG(s) 'example_short_circuit_decorator' retrieved from /home/ubuntu/.local/lib/python3.10/site-packages/airflow/example_dags/example_short_circuit_decorator.py
[2024-01-27T18:05:55.497+0100] {logging_mixin.py:188} INFO - [2024-01-27T18:05:55.497+0100] {dag.py:3033} INFO - Sync 1 DAGs
[2024-01-27T18:05:55.606+0100] {logging_mixin.py:188} INFO - [2024-01-27T18:05:55.601+0100] {dag.py:3820} INFO - Setting next_dagrun for example_short_circuit_decorator to 2024-01-26T00:00:00+00:00, run_after=2024-01-27T00:00:00+00:00
[2024-01-27T18:05:55.843+0100] {processor.py:183} INFO - Processing /home/ubuntu/.local/lib/python3.10/site-packages/airflow/example_dags/example_short_circuit_decorator.py took 0.699 seconds
[2024-01-27T18:09:41.181+0100] {processor.py:161} INFO - Started process (PID=9073) to work on /home/ubuntu/.local/lib/python3.10/site-packages/airflow/example_dags/example_short_circuit_decorator.py
[2024-01-27T18:09:41.185+0100] {processor.py:830} INFO - Processing file /home/ubuntu/.local/lib/python3.10/site-packages/airflow/example_dags/example_short_circuit_decorator.py for tasks to queue
[2024-01-27T18:09:41.187+0100] {logging_mixin.py:188} INFO - [2024-01-27T18:09:41.186+0100] {dagbag.py:538} INFO - Filling up the DagBag from /home/ubuntu/.local/lib/python3.10/site-packages/airflow/example_dags/example_short_circuit_decorator.py
[2024-01-27T18:09:41.265+0100] {processor.py:840} INFO - DAG(s) 'example_short_circuit_decorator' retrieved from /home/ubuntu/.local/lib/python3.10/site-packages/airflow/example_dags/example_short_circuit_decorator.py
[2024-01-27T18:09:42.004+0100] {logging_mixin.py:188} INFO - [2024-01-27T18:09:42.004+0100] {dag.py:3033} INFO - Sync 1 DAGs
[2024-01-27T18:09:42.166+0100] {logging_mixin.py:188} INFO - [2024-01-27T18:09:42.166+0100] {dag.py:3820} INFO - Setting next_dagrun for example_short_circuit_decorator to 2024-01-26T00:00:00+00:00, run_after=2024-01-27T00:00:00+00:00
[2024-01-27T18:09:42.420+0100] {processor.py:183} INFO - Processing /home/ubuntu/.local/lib/python3.10/site-packages/airflow/example_dags/example_short_circuit_decorator.py took 1.270 seconds
[2024-01-27T18:13:07.677+0100] {processor.py:161} INFO - Started process (PID=9218) to work on /home/ubuntu/.local/lib/python3.10/site-packages/airflow/example_dags/example_short_circuit_decorator.py
[2024-01-27T18:13:07.712+0100] {processor.py:830} INFO - Processing file /home/ubuntu/.local/lib/python3.10/site-packages/airflow/example_dags/example_short_circuit_decorator.py for tasks to queue
[2024-01-27T18:13:07.735+0100] {logging_mixin.py:188} INFO - [2024-01-27T18:13:07.719+0100] {dagbag.py:538} INFO - Filling up the DagBag from /home/ubuntu/.local/lib/python3.10/site-packages/airflow/example_dags/example_short_circuit_decorator.py
[2024-01-27T18:13:07.888+0100] {processor.py:840} INFO - DAG(s) 'example_short_circuit_decorator' retrieved from /home/ubuntu/.local/lib/python3.10/site-packages/airflow/example_dags/example_short_circuit_decorator.py
[2024-01-27T18:13:08.035+0100] {logging_mixin.py:188} INFO - [2024-01-27T18:13:08.034+0100] {dag.py:3033} INFO - Sync 1 DAGs
[2024-01-27T18:13:08.085+0100] {logging_mixin.py:188} INFO - [2024-01-27T18:13:08.085+0100] {dag.py:3820} INFO - Setting next_dagrun for example_short_circuit_decorator to 2024-01-26T00:00:00+00:00, run_after=2024-01-27T00:00:00+00:00
[2024-01-27T18:13:08.413+0100] {processor.py:183} INFO - Processing /home/ubuntu/.local/lib/python3.10/site-packages/airflow/example_dags/example_short_circuit_decorator.py took 0.760 seconds
[2024-01-27T18:16:37.474+0100] {processor.py:161} INFO - Started process (PID=9317) to work on /home/ubuntu/.local/lib/python3.10/site-packages/airflow/example_dags/example_short_circuit_decorator.py
[2024-01-27T18:16:37.537+0100] {processor.py:830} INFO - Processing file /home/ubuntu/.local/lib/python3.10/site-packages/airflow/example_dags/example_short_circuit_decorator.py for tasks to queue
[2024-01-27T18:16:37.539+0100] {logging_mixin.py:188} INFO - [2024-01-27T18:16:37.538+0100] {dagbag.py:538} INFO - Filling up the DagBag from /home/ubuntu/.local/lib/python3.10/site-packages/airflow/example_dags/example_short_circuit_decorator.py
[2024-01-27T18:16:37.571+0100] {processor.py:840} INFO - DAG(s) 'example_short_circuit_decorator' retrieved from /home/ubuntu/.local/lib/python3.10/site-packages/airflow/example_dags/example_short_circuit_decorator.py
[2024-01-27T18:16:37.616+0100] {logging_mixin.py:188} INFO - [2024-01-27T18:16:37.616+0100] {dag.py:3033} INFO - Sync 1 DAGs
[2024-01-27T18:16:37.651+0100] {logging_mixin.py:188} INFO - [2024-01-27T18:16:37.650+0100] {dag.py:3820} INFO - Setting next_dagrun for example_short_circuit_decorator to 2024-01-26T00:00:00+00:00, run_after=2024-01-27T00:00:00+00:00
[2024-01-27T18:16:38.272+0100] {processor.py:183} INFO - Processing /home/ubuntu/.local/lib/python3.10/site-packages/airflow/example_dags/example_short_circuit_decorator.py took 0.833 seconds
[2024-01-27T18:20:09.044+0100] {processor.py:161} INFO - Started process (PID=9528) to work on /home/ubuntu/.local/lib/python3.10/site-packages/airflow/example_dags/example_short_circuit_decorator.py
[2024-01-27T18:20:09.051+0100] {processor.py:830} INFO - Processing file /home/ubuntu/.local/lib/python3.10/site-packages/airflow/example_dags/example_short_circuit_decorator.py for tasks to queue
[2024-01-27T18:20:09.053+0100] {logging_mixin.py:188} INFO - [2024-01-27T18:20:09.052+0100] {dagbag.py:538} INFO - Filling up the DagBag from /home/ubuntu/.local/lib/python3.10/site-packages/airflow/example_dags/example_short_circuit_decorator.py
[2024-01-27T18:20:09.096+0100] {processor.py:840} INFO - DAG(s) 'example_short_circuit_decorator' retrieved from /home/ubuntu/.local/lib/python3.10/site-packages/airflow/example_dags/example_short_circuit_decorator.py
[2024-01-27T18:20:09.244+0100] {logging_mixin.py:188} INFO - [2024-01-27T18:20:09.243+0100] {dag.py:3033} INFO - Sync 1 DAGs
[2024-01-27T18:20:09.396+0100] {logging_mixin.py:188} INFO - [2024-01-27T18:20:09.396+0100] {dag.py:3820} INFO - Setting next_dagrun for example_short_circuit_decorator to 2024-01-26T00:00:00+00:00, run_after=2024-01-27T00:00:00+00:00
[2024-01-27T18:20:10.238+0100] {processor.py:183} INFO - Processing /home/ubuntu/.local/lib/python3.10/site-packages/airflow/example_dags/example_short_circuit_decorator.py took 1.202 seconds
[2024-01-27T18:23:56.361+0100] {processor.py:161} INFO - Started process (PID=9715) to work on /home/ubuntu/.local/lib/python3.10/site-packages/airflow/example_dags/example_short_circuit_decorator.py
[2024-01-27T18:23:56.435+0100] {processor.py:830} INFO - Processing file /home/ubuntu/.local/lib/python3.10/site-packages/airflow/example_dags/example_short_circuit_decorator.py for tasks to queue
[2024-01-27T18:23:56.444+0100] {logging_mixin.py:188} INFO - [2024-01-27T18:23:56.443+0100] {dagbag.py:538} INFO - Filling up the DagBag from /home/ubuntu/.local/lib/python3.10/site-packages/airflow/example_dags/example_short_circuit_decorator.py
[2024-01-27T18:23:56.499+0100] {processor.py:840} INFO - DAG(s) 'example_short_circuit_decorator' retrieved from /home/ubuntu/.local/lib/python3.10/site-packages/airflow/example_dags/example_short_circuit_decorator.py
[2024-01-27T18:23:56.686+0100] {logging_mixin.py:188} INFO - [2024-01-27T18:23:56.686+0100] {dag.py:3033} INFO - Sync 1 DAGs
[2024-01-27T18:23:56.822+0100] {logging_mixin.py:188} INFO - [2024-01-27T18:23:56.822+0100] {dag.py:3820} INFO - Setting next_dagrun for example_short_circuit_decorator to 2024-01-26T00:00:00+00:00, run_after=2024-01-27T00:00:00+00:00
[2024-01-27T18:23:57.367+0100] {processor.py:183} INFO - Processing /home/ubuntu/.local/lib/python3.10/site-packages/airflow/example_dags/example_short_circuit_decorator.py took 1.055 seconds
[2024-01-27T18:34:08.273+0100] {processor.py:161} INFO - Started process (PID=10027) to work on /home/ubuntu/.local/lib/python3.10/site-packages/airflow/example_dags/example_short_circuit_decorator.py
[2024-01-27T18:34:08.364+0100] {processor.py:830} INFO - Processing file /home/ubuntu/.local/lib/python3.10/site-packages/airflow/example_dags/example_short_circuit_decorator.py for tasks to queue
[2024-01-27T18:34:08.373+0100] {logging_mixin.py:188} INFO - [2024-01-27T18:34:08.366+0100] {dagbag.py:538} INFO - Filling up the DagBag from /home/ubuntu/.local/lib/python3.10/site-packages/airflow/example_dags/example_short_circuit_decorator.py
[2024-01-27T18:34:08.469+0100] {processor.py:840} INFO - DAG(s) 'example_short_circuit_decorator' retrieved from /home/ubuntu/.local/lib/python3.10/site-packages/airflow/example_dags/example_short_circuit_decorator.py
[2024-01-27T18:34:08.624+0100] {logging_mixin.py:188} INFO - [2024-01-27T18:34:08.624+0100] {dag.py:3033} INFO - Sync 1 DAGs
[2024-01-27T18:34:08.710+0100] {logging_mixin.py:188} INFO - [2024-01-27T18:34:08.710+0100] {dag.py:3820} INFO - Setting next_dagrun for example_short_circuit_decorator to 2024-01-26T00:00:00+00:00, run_after=2024-01-27T00:00:00+00:00
[2024-01-27T18:34:09.284+0100] {processor.py:183} INFO - Processing /home/ubuntu/.local/lib/python3.10/site-packages/airflow/example_dags/example_short_circuit_decorator.py took 1.037 seconds
[2024-01-27T18:36:18.654+0100] {processor.py:161} INFO - Started process (PID=10112) to work on /home/ubuntu/.local/lib/python3.10/site-packages/airflow/example_dags/example_short_circuit_decorator.py
[2024-01-27T18:36:18.687+0100] {processor.py:830} INFO - Processing file /home/ubuntu/.local/lib/python3.10/site-packages/airflow/example_dags/example_short_circuit_decorator.py for tasks to queue
[2024-01-27T18:36:18.689+0100] {logging_mixin.py:188} INFO - [2024-01-27T18:36:18.688+0100] {dagbag.py:538} INFO - Filling up the DagBag from /home/ubuntu/.local/lib/python3.10/site-packages/airflow/example_dags/example_short_circuit_decorator.py
[2024-01-27T18:36:18.737+0100] {processor.py:840} INFO - DAG(s) 'example_short_circuit_decorator' retrieved from /home/ubuntu/.local/lib/python3.10/site-packages/airflow/example_dags/example_short_circuit_decorator.py
[2024-01-27T18:36:18.922+0100] {logging_mixin.py:188} INFO - [2024-01-27T18:36:18.921+0100] {dag.py:3033} INFO - Sync 1 DAGs
[2024-01-27T18:36:19.004+0100] {logging_mixin.py:188} INFO - [2024-01-27T18:36:19.003+0100] {dag.py:3820} INFO - Setting next_dagrun for example_short_circuit_decorator to 2024-01-26T00:00:00+00:00, run_after=2024-01-27T00:00:00+00:00
[2024-01-27T18:36:19.658+0100] {processor.py:183} INFO - Processing /home/ubuntu/.local/lib/python3.10/site-packages/airflow/example_dags/example_short_circuit_decorator.py took 1.035 seconds
[2024-01-27T18:39:53.852+0100] {processor.py:161} INFO - Started process (PID=10237) to work on /home/ubuntu/.local/lib/python3.10/site-packages/airflow/example_dags/example_short_circuit_decorator.py
[2024-01-27T18:39:53.885+0100] {processor.py:830} INFO - Processing file /home/ubuntu/.local/lib/python3.10/site-packages/airflow/example_dags/example_short_circuit_decorator.py for tasks to queue
[2024-01-27T18:39:53.920+0100] {logging_mixin.py:188} INFO - [2024-01-27T18:39:53.886+0100] {dagbag.py:538} INFO - Filling up the DagBag from /home/ubuntu/.local/lib/python3.10/site-packages/airflow/example_dags/example_short_circuit_decorator.py
[2024-01-27T18:39:54.027+0100] {processor.py:840} INFO - DAG(s) 'example_short_circuit_decorator' retrieved from /home/ubuntu/.local/lib/python3.10/site-packages/airflow/example_dags/example_short_circuit_decorator.py
[2024-01-27T18:39:54.697+0100] {logging_mixin.py:188} INFO - [2024-01-27T18:39:54.697+0100] {dag.py:3033} INFO - Sync 1 DAGs
[2024-01-27T18:39:54.767+0100] {logging_mixin.py:188} INFO - [2024-01-27T18:39:54.767+0100] {dag.py:3820} INFO - Setting next_dagrun for example_short_circuit_decorator to 2024-01-26T00:00:00+00:00, run_after=2024-01-27T00:00:00+00:00
[2024-01-27T18:39:55.177+0100] {processor.py:183} INFO - Processing /home/ubuntu/.local/lib/python3.10/site-packages/airflow/example_dags/example_short_circuit_decorator.py took 1.347 seconds
[2024-01-27T18:43:32.660+0100] {processor.py:161} INFO - Started process (PID=10366) to work on /home/ubuntu/.local/lib/python3.10/site-packages/airflow/example_dags/example_short_circuit_decorator.py
[2024-01-27T18:43:32.704+0100] {processor.py:830} INFO - Processing file /home/ubuntu/.local/lib/python3.10/site-packages/airflow/example_dags/example_short_circuit_decorator.py for tasks to queue
[2024-01-27T18:43:32.713+0100] {logging_mixin.py:188} INFO - [2024-01-27T18:43:32.705+0100] {dagbag.py:538} INFO - Filling up the DagBag from /home/ubuntu/.local/lib/python3.10/site-packages/airflow/example_dags/example_short_circuit_decorator.py
[2024-01-27T18:43:32.834+0100] {processor.py:840} INFO - DAG(s) 'example_short_circuit_decorator' retrieved from /home/ubuntu/.local/lib/python3.10/site-packages/airflow/example_dags/example_short_circuit_decorator.py
[2024-01-27T18:43:33.041+0100] {logging_mixin.py:188} INFO - [2024-01-27T18:43:33.040+0100] {dag.py:3033} INFO - Sync 1 DAGs
[2024-01-27T18:43:33.205+0100] {logging_mixin.py:188} INFO - [2024-01-27T18:43:33.204+0100] {dag.py:3820} INFO - Setting next_dagrun for example_short_circuit_decorator to 2024-01-26T00:00:00+00:00, run_after=2024-01-27T00:00:00+00:00
[2024-01-27T18:43:34.329+0100] {processor.py:183} INFO - Processing /home/ubuntu/.local/lib/python3.10/site-packages/airflow/example_dags/example_short_circuit_decorator.py took 1.689 seconds
[2024-01-27T18:47:19.017+0100] {processor.py:161} INFO - Started process (PID=10582) to work on /home/ubuntu/.local/lib/python3.10/site-packages/airflow/example_dags/example_short_circuit_decorator.py
[2024-01-27T18:47:19.029+0100] {processor.py:830} INFO - Processing file /home/ubuntu/.local/lib/python3.10/site-packages/airflow/example_dags/example_short_circuit_decorator.py for tasks to queue
[2024-01-27T18:47:19.030+0100] {logging_mixin.py:188} INFO - [2024-01-27T18:47:19.030+0100] {dagbag.py:538} INFO - Filling up the DagBag from /home/ubuntu/.local/lib/python3.10/site-packages/airflow/example_dags/example_short_circuit_decorator.py
[2024-01-27T18:47:19.053+0100] {processor.py:840} INFO - DAG(s) 'example_short_circuit_decorator' retrieved from /home/ubuntu/.local/lib/python3.10/site-packages/airflow/example_dags/example_short_circuit_decorator.py
[2024-01-27T18:47:19.087+0100] {logging_mixin.py:188} INFO - [2024-01-27T18:47:19.086+0100] {dag.py:3033} INFO - Sync 1 DAGs
[2024-01-27T18:47:19.119+0100] {logging_mixin.py:188} INFO - [2024-01-27T18:47:19.119+0100] {dag.py:3820} INFO - Setting next_dagrun for example_short_circuit_decorator to 2024-01-26T00:00:00+00:00, run_after=2024-01-27T00:00:00+00:00
[2024-01-27T18:47:20.012+0100] {processor.py:183} INFO - Processing /home/ubuntu/.local/lib/python3.10/site-packages/airflow/example_dags/example_short_circuit_decorator.py took 1.015 seconds
[2024-01-27T18:50:39.548+0100] {processor.py:161} INFO - Started process (PID=10721) to work on /home/ubuntu/.local/lib/python3.10/site-packages/airflow/example_dags/example_short_circuit_decorator.py
[2024-01-27T18:50:39.585+0100] {processor.py:830} INFO - Processing file /home/ubuntu/.local/lib/python3.10/site-packages/airflow/example_dags/example_short_circuit_decorator.py for tasks to queue
[2024-01-27T18:50:39.614+0100] {logging_mixin.py:188} INFO - [2024-01-27T18:50:39.601+0100] {dagbag.py:538} INFO - Filling up the DagBag from /home/ubuntu/.local/lib/python3.10/site-packages/airflow/example_dags/example_short_circuit_decorator.py
[2024-01-27T18:50:39.709+0100] {processor.py:840} INFO - DAG(s) 'example_short_circuit_decorator' retrieved from /home/ubuntu/.local/lib/python3.10/site-packages/airflow/example_dags/example_short_circuit_decorator.py
[2024-01-27T18:50:39.972+0100] {logging_mixin.py:188} INFO - [2024-01-27T18:50:39.972+0100] {dag.py:3033} INFO - Sync 1 DAGs
[2024-01-27T18:50:40.175+0100] {logging_mixin.py:188} INFO - [2024-01-27T18:50:40.174+0100] {dag.py:3820} INFO - Setting next_dagrun for example_short_circuit_decorator to 2024-01-26T00:00:00+00:00, run_after=2024-01-27T00:00:00+00:00
[2024-01-27T18:50:40.616+0100] {processor.py:183} INFO - Processing /home/ubuntu/.local/lib/python3.10/site-packages/airflow/example_dags/example_short_circuit_decorator.py took 1.104 seconds
[2024-01-27T18:55:00.453+0100] {processor.py:161} INFO - Started process (PID=10837) to work on /home/ubuntu/.local/lib/python3.10/site-packages/airflow/example_dags/example_short_circuit_decorator.py
[2024-01-27T18:55:00.535+0100] {processor.py:830} INFO - Processing file /home/ubuntu/.local/lib/python3.10/site-packages/airflow/example_dags/example_short_circuit_decorator.py for tasks to queue
[2024-01-27T18:55:00.538+0100] {logging_mixin.py:188} INFO - [2024-01-27T18:55:00.537+0100] {dagbag.py:538} INFO - Filling up the DagBag from /home/ubuntu/.local/lib/python3.10/site-packages/airflow/example_dags/example_short_circuit_decorator.py
[2024-01-27T18:55:00.566+0100] {processor.py:840} INFO - DAG(s) 'example_short_circuit_decorator' retrieved from /home/ubuntu/.local/lib/python3.10/site-packages/airflow/example_dags/example_short_circuit_decorator.py
[2024-01-27T18:55:00.624+0100] {logging_mixin.py:188} INFO - [2024-01-27T18:55:00.624+0100] {dag.py:3033} INFO - Sync 1 DAGs
[2024-01-27T18:55:00.737+0100] {logging_mixin.py:188} INFO - [2024-01-27T18:55:00.736+0100] {dag.py:3820} INFO - Setting next_dagrun for example_short_circuit_decorator to 2024-01-26T00:00:00+00:00, run_after=2024-01-27T00:00:00+00:00
[2024-01-27T18:55:01.598+0100] {processor.py:183} INFO - Processing /home/ubuntu/.local/lib/python3.10/site-packages/airflow/example_dags/example_short_circuit_decorator.py took 1.184 seconds
[2024-01-27T18:59:45.589+0100] {processor.py:161} INFO - Started process (PID=10972) to work on /home/ubuntu/.local/lib/python3.10/site-packages/airflow/example_dags/example_short_circuit_decorator.py
[2024-01-27T18:59:45.667+0100] {processor.py:830} INFO - Processing file /home/ubuntu/.local/lib/python3.10/site-packages/airflow/example_dags/example_short_circuit_decorator.py for tasks to queue
[2024-01-27T18:59:45.670+0100] {logging_mixin.py:188} INFO - [2024-01-27T18:59:45.669+0100] {dagbag.py:538} INFO - Filling up the DagBag from /home/ubuntu/.local/lib/python3.10/site-packages/airflow/example_dags/example_short_circuit_decorator.py
[2024-01-27T18:59:45.786+0100] {processor.py:840} INFO - DAG(s) 'example_short_circuit_decorator' retrieved from /home/ubuntu/.local/lib/python3.10/site-packages/airflow/example_dags/example_short_circuit_decorator.py
[2024-01-27T18:59:45.916+0100] {logging_mixin.py:188} INFO - [2024-01-27T18:59:45.916+0100] {dag.py:3033} INFO - Sync 1 DAGs
[2024-01-27T18:59:45.949+0100] {logging_mixin.py:188} INFO - [2024-01-27T18:59:45.949+0100] {dag.py:3820} INFO - Setting next_dagrun for example_short_circuit_decorator to 2024-01-26T00:00:00+00:00, run_after=2024-01-27T00:00:00+00:00
[2024-01-27T18:59:46.816+0100] {processor.py:183} INFO - Processing /home/ubuntu/.local/lib/python3.10/site-packages/airflow/example_dags/example_short_circuit_decorator.py took 1.290 seconds
[2024-01-27T19:04:08.593+0100] {processor.py:161} INFO - Started process (PID=11087) to work on /home/ubuntu/.local/lib/python3.10/site-packages/airflow/example_dags/example_short_circuit_decorator.py
[2024-01-27T19:04:08.628+0100] {processor.py:830} INFO - Processing file /home/ubuntu/.local/lib/python3.10/site-packages/airflow/example_dags/example_short_circuit_decorator.py for tasks to queue
[2024-01-27T19:04:08.631+0100] {logging_mixin.py:188} INFO - [2024-01-27T19:04:08.630+0100] {dagbag.py:538} INFO - Filling up the DagBag from /home/ubuntu/.local/lib/python3.10/site-packages/airflow/example_dags/example_short_circuit_decorator.py
[2024-01-27T19:04:08.766+0100] {processor.py:840} INFO - DAG(s) 'example_short_circuit_decorator' retrieved from /home/ubuntu/.local/lib/python3.10/site-packages/airflow/example_dags/example_short_circuit_decorator.py
[2024-01-27T19:04:09.025+0100] {logging_mixin.py:188} INFO - [2024-01-27T19:04:09.025+0100] {dag.py:3033} INFO - Sync 1 DAGs
[2024-01-27T19:04:09.329+0100] {logging_mixin.py:188} INFO - [2024-01-27T19:04:09.329+0100] {dag.py:3820} INFO - Setting next_dagrun for example_short_circuit_decorator to 2024-01-26T00:00:00+00:00, run_after=2024-01-27T00:00:00+00:00
[2024-01-27T19:04:09.892+0100] {processor.py:183} INFO - Processing /home/ubuntu/.local/lib/python3.10/site-packages/airflow/example_dags/example_short_circuit_decorator.py took 1.360 seconds
[2024-01-27T19:08:36.203+0100] {processor.py:161} INFO - Started process (PID=11197) to work on /home/ubuntu/.local/lib/python3.10/site-packages/airflow/example_dags/example_short_circuit_decorator.py
[2024-01-27T19:08:36.232+0100] {processor.py:830} INFO - Processing file /home/ubuntu/.local/lib/python3.10/site-packages/airflow/example_dags/example_short_circuit_decorator.py for tasks to queue
[2024-01-27T19:08:36.255+0100] {logging_mixin.py:188} INFO - [2024-01-27T19:08:36.254+0100] {dagbag.py:538} INFO - Filling up the DagBag from /home/ubuntu/.local/lib/python3.10/site-packages/airflow/example_dags/example_short_circuit_decorator.py
[2024-01-27T19:08:36.371+0100] {processor.py:840} INFO - DAG(s) 'example_short_circuit_decorator' retrieved from /home/ubuntu/.local/lib/python3.10/site-packages/airflow/example_dags/example_short_circuit_decorator.py
[2024-01-27T19:08:36.591+0100] {logging_mixin.py:188} INFO - [2024-01-27T19:08:36.582+0100] {dag.py:3033} INFO - Sync 1 DAGs
[2024-01-27T19:08:36.765+0100] {logging_mixin.py:188} INFO - [2024-01-27T19:08:36.765+0100] {dag.py:3820} INFO - Setting next_dagrun for example_short_circuit_decorator to 2024-01-26T00:00:00+00:00, run_after=2024-01-27T00:00:00+00:00
[2024-01-27T19:08:37.523+0100] {processor.py:183} INFO - Processing /home/ubuntu/.local/lib/python3.10/site-packages/airflow/example_dags/example_short_circuit_decorator.py took 1.416 seconds
