[2024-01-27T17:53:33.788+0100] {processor.py:161} INFO - Started process (PID=8315) to work on /home/ubuntu/.local/lib/python3.10/site-packages/airflow/example_dags/example_short_circuit_operator.py
[2024-01-27T17:53:33.789+0100] {processor.py:830} INFO - Processing file /home/ubuntu/.local/lib/python3.10/site-packages/airflow/example_dags/example_short_circuit_operator.py for tasks to queue
[2024-01-27T17:53:33.791+0100] {logging_mixin.py:188} INFO - [2024-01-27T17:53:33.790+0100] {dagbag.py:538} INFO - Filling up the DagBag from /home/ubuntu/.local/lib/python3.10/site-packages/airflow/example_dags/example_short_circuit_operator.py
[2024-01-27T17:53:33.803+0100] {processor.py:840} INFO - DAG(s) 'example_short_circuit_operator' retrieved from /home/ubuntu/.local/lib/python3.10/site-packages/airflow/example_dags/example_short_circuit_operator.py
[2024-01-27T17:53:34.016+0100] {logging_mixin.py:188} INFO - [2024-01-27T17:53:34.016+0100] {dag.py:3033} INFO - Sync 1 DAGs
[2024-01-27T17:53:34.101+0100] {logging_mixin.py:188} INFO - [2024-01-27T17:53:34.100+0100] {dag.py:3820} INFO - Setting next_dagrun for example_short_circuit_operator to 2024-01-26T00:00:00+00:00, run_after=2024-01-27T00:00:00+00:00
[2024-01-27T17:53:34.156+0100] {processor.py:183} INFO - Processing /home/ubuntu/.local/lib/python3.10/site-packages/airflow/example_dags/example_short_circuit_operator.py took 0.372 seconds
[2024-01-27T17:54:46.360+0100] {processor.py:161} INFO - Started process (PID=8376) to work on /home/ubuntu/.local/lib/python3.10/site-packages/airflow/example_dags/example_short_circuit_operator.py
[2024-01-27T17:54:46.364+0100] {processor.py:830} INFO - Processing file /home/ubuntu/.local/lib/python3.10/site-packages/airflow/example_dags/example_short_circuit_operator.py for tasks to queue
[2024-01-27T17:54:46.365+0100] {logging_mixin.py:188} INFO - [2024-01-27T17:54:46.364+0100] {dagbag.py:538} INFO - Filling up the DagBag from /home/ubuntu/.local/lib/python3.10/site-packages/airflow/example_dags/example_short_circuit_operator.py
[2024-01-27T17:54:46.376+0100] {processor.py:840} INFO - DAG(s) 'example_short_circuit_operator' retrieved from /home/ubuntu/.local/lib/python3.10/site-packages/airflow/example_dags/example_short_circuit_operator.py
[2024-01-27T17:54:46.399+0100] {logging_mixin.py:188} INFO - [2024-01-27T17:54:46.398+0100] {dag.py:3033} INFO - Sync 1 DAGs
[2024-01-27T17:54:46.467+0100] {logging_mixin.py:188} INFO - [2024-01-27T17:54:46.467+0100] {dag.py:3820} INFO - Setting next_dagrun for example_short_circuit_operator to 2024-01-26T00:00:00+00:00, run_after=2024-01-27T00:00:00+00:00
[2024-01-27T17:54:46.643+0100] {processor.py:183} INFO - Processing /home/ubuntu/.local/lib/python3.10/site-packages/airflow/example_dags/example_short_circuit_operator.py took 0.287 seconds
[2024-01-27T17:55:57.614+0100] {processor.py:161} INFO - Started process (PID=8438) to work on /home/ubuntu/.local/lib/python3.10/site-packages/airflow/example_dags/example_short_circuit_operator.py
[2024-01-27T17:55:57.617+0100] {processor.py:830} INFO - Processing file /home/ubuntu/.local/lib/python3.10/site-packages/airflow/example_dags/example_short_circuit_operator.py for tasks to queue
[2024-01-27T17:55:57.618+0100] {logging_mixin.py:188} INFO - [2024-01-27T17:55:57.618+0100] {dagbag.py:538} INFO - Filling up the DagBag from /home/ubuntu/.local/lib/python3.10/site-packages/airflow/example_dags/example_short_circuit_operator.py
[2024-01-27T17:55:57.632+0100] {processor.py:840} INFO - DAG(s) 'example_short_circuit_operator' retrieved from /home/ubuntu/.local/lib/python3.10/site-packages/airflow/example_dags/example_short_circuit_operator.py
[2024-01-27T17:55:57.656+0100] {logging_mixin.py:188} INFO - [2024-01-27T17:55:57.656+0100] {dag.py:3033} INFO - Sync 1 DAGs
[2024-01-27T17:55:57.687+0100] {logging_mixin.py:188} INFO - [2024-01-27T17:55:57.687+0100] {dag.py:3820} INFO - Setting next_dagrun for example_short_circuit_operator to 2024-01-26T00:00:00+00:00, run_after=2024-01-27T00:00:00+00:00
[2024-01-27T17:55:57.797+0100] {processor.py:183} INFO - Processing /home/ubuntu/.local/lib/python3.10/site-packages/airflow/example_dags/example_short_circuit_operator.py took 0.188 seconds
[2024-01-27T17:57:12.929+0100] {processor.py:161} INFO - Started process (PID=8510) to work on /home/ubuntu/.local/lib/python3.10/site-packages/airflow/example_dags/example_short_circuit_operator.py
[2024-01-27T17:57:12.937+0100] {processor.py:830} INFO - Processing file /home/ubuntu/.local/lib/python3.10/site-packages/airflow/example_dags/example_short_circuit_operator.py for tasks to queue
[2024-01-27T17:57:12.939+0100] {logging_mixin.py:188} INFO - [2024-01-27T17:57:12.938+0100] {dagbag.py:538} INFO - Filling up the DagBag from /home/ubuntu/.local/lib/python3.10/site-packages/airflow/example_dags/example_short_circuit_operator.py
[2024-01-27T17:57:12.954+0100] {processor.py:840} INFO - DAG(s) 'example_short_circuit_operator' retrieved from /home/ubuntu/.local/lib/python3.10/site-packages/airflow/example_dags/example_short_circuit_operator.py
[2024-01-27T17:57:12.979+0100] {logging_mixin.py:188} INFO - [2024-01-27T17:57:12.979+0100] {dag.py:3033} INFO - Sync 1 DAGs
[2024-01-27T17:57:13.010+0100] {logging_mixin.py:188} INFO - [2024-01-27T17:57:13.009+0100] {dag.py:3820} INFO - Setting next_dagrun for example_short_circuit_operator to 2024-01-26T00:00:00+00:00, run_after=2024-01-27T00:00:00+00:00
[2024-01-27T17:57:13.058+0100] {processor.py:183} INFO - Processing /home/ubuntu/.local/lib/python3.10/site-packages/airflow/example_dags/example_short_circuit_operator.py took 0.149 seconds
[2024-01-27T17:58:27.039+0100] {processor.py:161} INFO - Started process (PID=8633) to work on /home/ubuntu/.local/lib/python3.10/site-packages/airflow/example_dags/example_short_circuit_operator.py
[2024-01-27T17:58:27.042+0100] {processor.py:830} INFO - Processing file /home/ubuntu/.local/lib/python3.10/site-packages/airflow/example_dags/example_short_circuit_operator.py for tasks to queue
[2024-01-27T17:58:27.043+0100] {logging_mixin.py:188} INFO - [2024-01-27T17:58:27.042+0100] {dagbag.py:538} INFO - Filling up the DagBag from /home/ubuntu/.local/lib/python3.10/site-packages/airflow/example_dags/example_short_circuit_operator.py
[2024-01-27T17:58:27.060+0100] {processor.py:840} INFO - DAG(s) 'example_short_circuit_operator' retrieved from /home/ubuntu/.local/lib/python3.10/site-packages/airflow/example_dags/example_short_circuit_operator.py
[2024-01-27T17:58:27.093+0100] {logging_mixin.py:188} INFO - [2024-01-27T17:58:27.093+0100] {dag.py:3033} INFO - Sync 1 DAGs
[2024-01-27T17:58:27.127+0100] {logging_mixin.py:188} INFO - [2024-01-27T17:58:27.126+0100] {dag.py:3820} INFO - Setting next_dagrun for example_short_circuit_operator to 2024-01-26T00:00:00+00:00, run_after=2024-01-27T00:00:00+00:00
[2024-01-27T17:58:27.279+0100] {processor.py:183} INFO - Processing /home/ubuntu/.local/lib/python3.10/site-packages/airflow/example_dags/example_short_circuit_operator.py took 0.244 seconds
[2024-01-27T17:59:39.661+0100] {processor.py:161} INFO - Started process (PID=8701) to work on /home/ubuntu/.local/lib/python3.10/site-packages/airflow/example_dags/example_short_circuit_operator.py
[2024-01-27T17:59:39.710+0100] {processor.py:830} INFO - Processing file /home/ubuntu/.local/lib/python3.10/site-packages/airflow/example_dags/example_short_circuit_operator.py for tasks to queue
[2024-01-27T17:59:39.711+0100] {logging_mixin.py:188} INFO - [2024-01-27T17:59:39.711+0100] {dagbag.py:538} INFO - Filling up the DagBag from /home/ubuntu/.local/lib/python3.10/site-packages/airflow/example_dags/example_short_circuit_operator.py
[2024-01-27T17:59:39.733+0100] {processor.py:840} INFO - DAG(s) 'example_short_circuit_operator' retrieved from /home/ubuntu/.local/lib/python3.10/site-packages/airflow/example_dags/example_short_circuit_operator.py
[2024-01-27T17:59:39.788+0100] {logging_mixin.py:188} INFO - [2024-01-27T17:59:39.785+0100] {dag.py:3033} INFO - Sync 1 DAGs
[2024-01-27T17:59:39.849+0100] {logging_mixin.py:188} INFO - [2024-01-27T17:59:39.848+0100] {dag.py:3820} INFO - Setting next_dagrun for example_short_circuit_operator to 2024-01-26T00:00:00+00:00, run_after=2024-01-27T00:00:00+00:00
[2024-01-27T17:59:39.980+0100] {processor.py:183} INFO - Processing /home/ubuntu/.local/lib/python3.10/site-packages/airflow/example_dags/example_short_circuit_operator.py took 0.325 seconds
[2024-01-27T18:00:50.148+0100] {processor.py:161} INFO - Started process (PID=8764) to work on /home/ubuntu/.local/lib/python3.10/site-packages/airflow/example_dags/example_short_circuit_operator.py
[2024-01-27T18:00:50.151+0100] {processor.py:830} INFO - Processing file /home/ubuntu/.local/lib/python3.10/site-packages/airflow/example_dags/example_short_circuit_operator.py for tasks to queue
[2024-01-27T18:00:50.152+0100] {logging_mixin.py:188} INFO - [2024-01-27T18:00:50.152+0100] {dagbag.py:538} INFO - Filling up the DagBag from /home/ubuntu/.local/lib/python3.10/site-packages/airflow/example_dags/example_short_circuit_operator.py
[2024-01-27T18:00:50.164+0100] {processor.py:840} INFO - DAG(s) 'example_short_circuit_operator' retrieved from /home/ubuntu/.local/lib/python3.10/site-packages/airflow/example_dags/example_short_circuit_operator.py
[2024-01-27T18:00:50.185+0100] {logging_mixin.py:188} INFO - [2024-01-27T18:00:50.185+0100] {dag.py:3033} INFO - Sync 1 DAGs
[2024-01-27T18:00:50.208+0100] {logging_mixin.py:188} INFO - [2024-01-27T18:00:50.208+0100] {dag.py:3820} INFO - Setting next_dagrun for example_short_circuit_operator to 2024-01-26T00:00:00+00:00, run_after=2024-01-27T00:00:00+00:00
[2024-01-27T18:00:50.271+0100] {processor.py:183} INFO - Processing /home/ubuntu/.local/lib/python3.10/site-packages/airflow/example_dags/example_short_circuit_operator.py took 0.127 seconds
[2024-01-27T18:02:19.360+0100] {processor.py:161} INFO - Started process (PID=8836) to work on /home/ubuntu/.local/lib/python3.10/site-packages/airflow/example_dags/example_short_circuit_operator.py
[2024-01-27T18:02:19.412+0100] {processor.py:830} INFO - Processing file /home/ubuntu/.local/lib/python3.10/site-packages/airflow/example_dags/example_short_circuit_operator.py for tasks to queue
[2024-01-27T18:02:19.414+0100] {logging_mixin.py:188} INFO - [2024-01-27T18:02:19.413+0100] {dagbag.py:538} INFO - Filling up the DagBag from /home/ubuntu/.local/lib/python3.10/site-packages/airflow/example_dags/example_short_circuit_operator.py
[2024-01-27T18:02:19.443+0100] {processor.py:840} INFO - DAG(s) 'example_short_circuit_operator' retrieved from /home/ubuntu/.local/lib/python3.10/site-packages/airflow/example_dags/example_short_circuit_operator.py
[2024-01-27T18:02:19.493+0100] {logging_mixin.py:188} INFO - [2024-01-27T18:02:19.492+0100] {dag.py:3033} INFO - Sync 1 DAGs
[2024-01-27T18:02:19.574+0100] {logging_mixin.py:188} INFO - [2024-01-27T18:02:19.574+0100] {dag.py:3820} INFO - Setting next_dagrun for example_short_circuit_operator to 2024-01-26T00:00:00+00:00, run_after=2024-01-27T00:00:00+00:00
[2024-01-27T18:02:19.915+0100] {processor.py:183} INFO - Processing /home/ubuntu/.local/lib/python3.10/site-packages/airflow/example_dags/example_short_circuit_operator.py took 0.608 seconds
[2024-01-27T18:05:11.945+0100] {processor.py:161} INFO - Started process (PID=8930) to work on /home/ubuntu/.local/lib/python3.10/site-packages/airflow/example_dags/example_short_circuit_operator.py
[2024-01-27T18:05:11.953+0100] {processor.py:830} INFO - Processing file /home/ubuntu/.local/lib/python3.10/site-packages/airflow/example_dags/example_short_circuit_operator.py for tasks to queue
[2024-01-27T18:05:11.978+0100] {logging_mixin.py:188} INFO - [2024-01-27T18:05:11.971+0100] {dagbag.py:538} INFO - Filling up the DagBag from /home/ubuntu/.local/lib/python3.10/site-packages/airflow/example_dags/example_short_circuit_operator.py
[2024-01-27T18:05:12.004+0100] {processor.py:840} INFO - DAG(s) 'example_short_circuit_operator' retrieved from /home/ubuntu/.local/lib/python3.10/site-packages/airflow/example_dags/example_short_circuit_operator.py
[2024-01-27T18:05:12.104+0100] {logging_mixin.py:188} INFO - [2024-01-27T18:05:12.104+0100] {dag.py:3033} INFO - Sync 1 DAGs
[2024-01-27T18:05:12.177+0100] {logging_mixin.py:188} INFO - [2024-01-27T18:05:12.169+0100] {dag.py:3820} INFO - Setting next_dagrun for example_short_circuit_operator to 2024-01-26T00:00:00+00:00, run_after=2024-01-27T00:00:00+00:00
[2024-01-27T18:05:12.663+0100] {processor.py:183} INFO - Processing /home/ubuntu/.local/lib/python3.10/site-packages/airflow/example_dags/example_short_circuit_operator.py took 0.728 seconds
[2024-01-27T18:07:00.528+0100] {processor.py:161} INFO - Started process (PID=8980) to work on /home/ubuntu/.local/lib/python3.10/site-packages/airflow/example_dags/example_short_circuit_operator.py
[2024-01-27T18:07:00.538+0100] {processor.py:830} INFO - Processing file /home/ubuntu/.local/lib/python3.10/site-packages/airflow/example_dags/example_short_circuit_operator.py for tasks to queue
[2024-01-27T18:07:00.552+0100] {logging_mixin.py:188} INFO - [2024-01-27T18:07:00.540+0100] {dagbag.py:538} INFO - Filling up the DagBag from /home/ubuntu/.local/lib/python3.10/site-packages/airflow/example_dags/example_short_circuit_operator.py
[2024-01-27T18:07:00.681+0100] {processor.py:840} INFO - DAG(s) 'example_short_circuit_operator' retrieved from /home/ubuntu/.local/lib/python3.10/site-packages/airflow/example_dags/example_short_circuit_operator.py
[2024-01-27T18:07:00.990+0100] {logging_mixin.py:188} INFO - [2024-01-27T18:07:00.990+0100] {dag.py:3033} INFO - Sync 1 DAGs
[2024-01-27T18:07:01.223+0100] {logging_mixin.py:188} INFO - [2024-01-27T18:07:01.222+0100] {dag.py:3820} INFO - Setting next_dagrun for example_short_circuit_operator to 2024-01-26T00:00:00+00:00, run_after=2024-01-27T00:00:00+00:00
[2024-01-27T18:07:01.926+0100] {processor.py:183} INFO - Processing /home/ubuntu/.local/lib/python3.10/site-packages/airflow/example_dags/example_short_circuit_operator.py took 1.430 seconds
[2024-01-27T18:09:00.198+0100] {processor.py:161} INFO - Started process (PID=9046) to work on /home/ubuntu/.local/lib/python3.10/site-packages/airflow/example_dags/example_short_circuit_operator.py
[2024-01-27T18:09:00.223+0100] {processor.py:830} INFO - Processing file /home/ubuntu/.local/lib/python3.10/site-packages/airflow/example_dags/example_short_circuit_operator.py for tasks to queue
[2024-01-27T18:09:00.228+0100] {logging_mixin.py:188} INFO - [2024-01-27T18:09:00.224+0100] {dagbag.py:538} INFO - Filling up the DagBag from /home/ubuntu/.local/lib/python3.10/site-packages/airflow/example_dags/example_short_circuit_operator.py
[2024-01-27T18:09:00.310+0100] {processor.py:840} INFO - DAG(s) 'example_short_circuit_operator' retrieved from /home/ubuntu/.local/lib/python3.10/site-packages/airflow/example_dags/example_short_circuit_operator.py
[2024-01-27T18:09:00.541+0100] {logging_mixin.py:188} INFO - [2024-01-27T18:09:00.534+0100] {dag.py:3033} INFO - Sync 1 DAGs
[2024-01-27T18:09:00.644+0100] {logging_mixin.py:188} INFO - [2024-01-27T18:09:00.644+0100] {dag.py:3820} INFO - Setting next_dagrun for example_short_circuit_operator to 2024-01-26T00:00:00+00:00, run_after=2024-01-27T00:00:00+00:00
[2024-01-27T18:09:01.212+0100] {processor.py:183} INFO - Processing /home/ubuntu/.local/lib/python3.10/site-packages/airflow/example_dags/example_short_circuit_operator.py took 1.026 seconds
[2024-01-27T18:10:46.464+0100] {processor.py:161} INFO - Started process (PID=9144) to work on /home/ubuntu/.local/lib/python3.10/site-packages/airflow/example_dags/example_short_circuit_operator.py
[2024-01-27T18:10:46.503+0100] {processor.py:830} INFO - Processing file /home/ubuntu/.local/lib/python3.10/site-packages/airflow/example_dags/example_short_circuit_operator.py for tasks to queue
[2024-01-27T18:10:46.510+0100] {logging_mixin.py:188} INFO - [2024-01-27T18:10:46.509+0100] {dagbag.py:538} INFO - Filling up the DagBag from /home/ubuntu/.local/lib/python3.10/site-packages/airflow/example_dags/example_short_circuit_operator.py
[2024-01-27T18:10:46.545+0100] {processor.py:840} INFO - DAG(s) 'example_short_circuit_operator' retrieved from /home/ubuntu/.local/lib/python3.10/site-packages/airflow/example_dags/example_short_circuit_operator.py
[2024-01-27T18:10:46.596+0100] {logging_mixin.py:188} INFO - [2024-01-27T18:10:46.596+0100] {dag.py:3033} INFO - Sync 1 DAGs
[2024-01-27T18:10:46.668+0100] {logging_mixin.py:188} INFO - [2024-01-27T18:10:46.667+0100] {dag.py:3820} INFO - Setting next_dagrun for example_short_circuit_operator to 2024-01-26T00:00:00+00:00, run_after=2024-01-27T00:00:00+00:00
[2024-01-27T18:10:47.066+0100] {processor.py:183} INFO - Processing /home/ubuntu/.local/lib/python3.10/site-packages/airflow/example_dags/example_short_circuit_operator.py took 0.607 seconds
[2024-01-27T18:12:30.910+0100] {processor.py:161} INFO - Started process (PID=9200) to work on /home/ubuntu/.local/lib/python3.10/site-packages/airflow/example_dags/example_short_circuit_operator.py
[2024-01-27T18:12:30.939+0100] {processor.py:830} INFO - Processing file /home/ubuntu/.local/lib/python3.10/site-packages/airflow/example_dags/example_short_circuit_operator.py for tasks to queue
[2024-01-27T18:12:30.942+0100] {logging_mixin.py:188} INFO - [2024-01-27T18:12:30.941+0100] {dagbag.py:538} INFO - Filling up the DagBag from /home/ubuntu/.local/lib/python3.10/site-packages/airflow/example_dags/example_short_circuit_operator.py
[2024-01-27T18:12:30.999+0100] {processor.py:840} INFO - DAG(s) 'example_short_circuit_operator' retrieved from /home/ubuntu/.local/lib/python3.10/site-packages/airflow/example_dags/example_short_circuit_operator.py
[2024-01-27T18:12:31.130+0100] {logging_mixin.py:188} INFO - [2024-01-27T18:12:31.129+0100] {dag.py:3033} INFO - Sync 1 DAGs
[2024-01-27T18:12:31.284+0100] {logging_mixin.py:188} INFO - [2024-01-27T18:12:31.277+0100] {dag.py:3820} INFO - Setting next_dagrun for example_short_circuit_operator to 2024-01-26T00:00:00+00:00, run_after=2024-01-27T00:00:00+00:00
[2024-01-27T18:12:31.485+0100] {processor.py:183} INFO - Processing /home/ubuntu/.local/lib/python3.10/site-packages/airflow/example_dags/example_short_circuit_operator.py took 0.643 seconds
[2024-01-27T18:14:13.263+0100] {processor.py:161} INFO - Started process (PID=9252) to work on /home/ubuntu/.local/lib/python3.10/site-packages/airflow/example_dags/example_short_circuit_operator.py
[2024-01-27T18:14:13.293+0100] {processor.py:830} INFO - Processing file /home/ubuntu/.local/lib/python3.10/site-packages/airflow/example_dags/example_short_circuit_operator.py for tasks to queue
[2024-01-27T18:14:13.300+0100] {logging_mixin.py:188} INFO - [2024-01-27T18:14:13.294+0100] {dagbag.py:538} INFO - Filling up the DagBag from /home/ubuntu/.local/lib/python3.10/site-packages/airflow/example_dags/example_short_circuit_operator.py
[2024-01-27T18:14:13.378+0100] {processor.py:840} INFO - DAG(s) 'example_short_circuit_operator' retrieved from /home/ubuntu/.local/lib/python3.10/site-packages/airflow/example_dags/example_short_circuit_operator.py
[2024-01-27T18:14:13.615+0100] {logging_mixin.py:188} INFO - [2024-01-27T18:14:13.614+0100] {dag.py:3033} INFO - Sync 1 DAGs
[2024-01-27T18:14:13.653+0100] {logging_mixin.py:188} INFO - [2024-01-27T18:14:13.652+0100] {dag.py:3820} INFO - Setting next_dagrun for example_short_circuit_operator to 2024-01-26T00:00:00+00:00, run_after=2024-01-27T00:00:00+00:00
[2024-01-27T18:14:14.178+0100] {processor.py:183} INFO - Processing /home/ubuntu/.local/lib/python3.10/site-packages/airflow/example_dags/example_short_circuit_operator.py took 0.944 seconds
[2024-01-27T18:16:00.871+0100] {processor.py:161} INFO - Started process (PID=9301) to work on /home/ubuntu/.local/lib/python3.10/site-packages/airflow/example_dags/example_short_circuit_operator.py
[2024-01-27T18:16:00.875+0100] {processor.py:830} INFO - Processing file /home/ubuntu/.local/lib/python3.10/site-packages/airflow/example_dags/example_short_circuit_operator.py for tasks to queue
[2024-01-27T18:16:00.877+0100] {logging_mixin.py:188} INFO - [2024-01-27T18:16:00.876+0100] {dagbag.py:538} INFO - Filling up the DagBag from /home/ubuntu/.local/lib/python3.10/site-packages/airflow/example_dags/example_short_circuit_operator.py
[2024-01-27T18:16:00.896+0100] {processor.py:840} INFO - DAG(s) 'example_short_circuit_operator' retrieved from /home/ubuntu/.local/lib/python3.10/site-packages/airflow/example_dags/example_short_circuit_operator.py
[2024-01-27T18:16:00.985+0100] {logging_mixin.py:188} INFO - [2024-01-27T18:16:00.985+0100] {dag.py:3033} INFO - Sync 1 DAGs
[2024-01-27T18:16:01.015+0100] {logging_mixin.py:188} INFO - [2024-01-27T18:16:01.015+0100] {dag.py:3820} INFO - Setting next_dagrun for example_short_circuit_operator to 2024-01-26T00:00:00+00:00, run_after=2024-01-27T00:00:00+00:00
[2024-01-27T18:16:01.433+0100] {processor.py:183} INFO - Processing /home/ubuntu/.local/lib/python3.10/site-packages/airflow/example_dags/example_short_circuit_operator.py took 0.567 seconds
[2024-01-27T18:17:44.586+0100] {processor.py:161} INFO - Started process (PID=9364) to work on /home/ubuntu/.local/lib/python3.10/site-packages/airflow/example_dags/example_short_circuit_operator.py
[2024-01-27T18:17:44.591+0100] {processor.py:830} INFO - Processing file /home/ubuntu/.local/lib/python3.10/site-packages/airflow/example_dags/example_short_circuit_operator.py for tasks to queue
[2024-01-27T18:17:44.594+0100] {logging_mixin.py:188} INFO - [2024-01-27T18:17:44.593+0100] {dagbag.py:538} INFO - Filling up the DagBag from /home/ubuntu/.local/lib/python3.10/site-packages/airflow/example_dags/example_short_circuit_operator.py
[2024-01-27T18:17:44.625+0100] {processor.py:840} INFO - DAG(s) 'example_short_circuit_operator' retrieved from /home/ubuntu/.local/lib/python3.10/site-packages/airflow/example_dags/example_short_circuit_operator.py
[2024-01-27T18:17:44.679+0100] {logging_mixin.py:188} INFO - [2024-01-27T18:17:44.679+0100] {dag.py:3033} INFO - Sync 1 DAGs
[2024-01-27T18:17:45.295+0100] {logging_mixin.py:188} INFO - [2024-01-27T18:17:45.294+0100] {dag.py:3820} INFO - Setting next_dagrun for example_short_circuit_operator to 2024-01-26T00:00:00+00:00, run_after=2024-01-27T00:00:00+00:00
[2024-01-27T18:17:45.817+0100] {processor.py:183} INFO - Processing /home/ubuntu/.local/lib/python3.10/site-packages/airflow/example_dags/example_short_circuit_operator.py took 1.239 seconds
[2024-01-27T18:19:24.613+0100] {processor.py:161} INFO - Started process (PID=9506) to work on /home/ubuntu/.local/lib/python3.10/site-packages/airflow/example_dags/example_short_circuit_operator.py
[2024-01-27T18:19:24.650+0100] {processor.py:830} INFO - Processing file /home/ubuntu/.local/lib/python3.10/site-packages/airflow/example_dags/example_short_circuit_operator.py for tasks to queue
[2024-01-27T18:19:24.652+0100] {logging_mixin.py:188} INFO - [2024-01-27T18:19:24.652+0100] {dagbag.py:538} INFO - Filling up the DagBag from /home/ubuntu/.local/lib/python3.10/site-packages/airflow/example_dags/example_short_circuit_operator.py
[2024-01-27T18:19:24.783+0100] {processor.py:840} INFO - DAG(s) 'example_short_circuit_operator' retrieved from /home/ubuntu/.local/lib/python3.10/site-packages/airflow/example_dags/example_short_circuit_operator.py
[2024-01-27T18:19:24.989+0100] {logging_mixin.py:188} INFO - [2024-01-27T18:19:24.989+0100] {dag.py:3033} INFO - Sync 1 DAGs
[2024-01-27T18:19:25.239+0100] {logging_mixin.py:188} INFO - [2024-01-27T18:19:25.238+0100] {dag.py:3820} INFO - Setting next_dagrun for example_short_circuit_operator to 2024-01-26T00:00:00+00:00, run_after=2024-01-27T00:00:00+00:00
[2024-01-27T18:19:25.776+0100] {processor.py:183} INFO - Processing /home/ubuntu/.local/lib/python3.10/site-packages/airflow/example_dags/example_short_circuit_operator.py took 1.222 seconds
[2024-01-27T18:21:15.457+0100] {processor.py:161} INFO - Started process (PID=9561) to work on /home/ubuntu/.local/lib/python3.10/site-packages/airflow/example_dags/example_short_circuit_operator.py
[2024-01-27T18:21:15.510+0100] {processor.py:830} INFO - Processing file /home/ubuntu/.local/lib/python3.10/site-packages/airflow/example_dags/example_short_circuit_operator.py for tasks to queue
[2024-01-27T18:21:15.551+0100] {logging_mixin.py:188} INFO - [2024-01-27T18:21:15.511+0100] {dagbag.py:538} INFO - Filling up the DagBag from /home/ubuntu/.local/lib/python3.10/site-packages/airflow/example_dags/example_short_circuit_operator.py
[2024-01-27T18:21:15.678+0100] {processor.py:840} INFO - DAG(s) 'example_short_circuit_operator' retrieved from /home/ubuntu/.local/lib/python3.10/site-packages/airflow/example_dags/example_short_circuit_operator.py
[2024-01-27T18:21:15.729+0100] {logging_mixin.py:188} INFO - [2024-01-27T18:21:15.729+0100] {dag.py:3033} INFO - Sync 1 DAGs
[2024-01-27T18:21:15.770+0100] {logging_mixin.py:188} INFO - [2024-01-27T18:21:15.770+0100] {dag.py:3820} INFO - Setting next_dagrun for example_short_circuit_operator to 2024-01-26T00:00:00+00:00, run_after=2024-01-27T00:00:00+00:00
[2024-01-27T18:21:16.277+0100] {processor.py:183} INFO - Processing /home/ubuntu/.local/lib/python3.10/site-packages/airflow/example_dags/example_short_circuit_operator.py took 0.884 seconds
[2024-01-27T18:23:11.032+0100] {processor.py:161} INFO - Started process (PID=9683) to work on /home/ubuntu/.local/lib/python3.10/site-packages/airflow/example_dags/example_short_circuit_operator.py
[2024-01-27T18:23:11.051+0100] {processor.py:830} INFO - Processing file /home/ubuntu/.local/lib/python3.10/site-packages/airflow/example_dags/example_short_circuit_operator.py for tasks to queue
[2024-01-27T18:23:11.053+0100] {logging_mixin.py:188} INFO - [2024-01-27T18:23:11.052+0100] {dagbag.py:538} INFO - Filling up the DagBag from /home/ubuntu/.local/lib/python3.10/site-packages/airflow/example_dags/example_short_circuit_operator.py
[2024-01-27T18:23:11.177+0100] {processor.py:840} INFO - DAG(s) 'example_short_circuit_operator' retrieved from /home/ubuntu/.local/lib/python3.10/site-packages/airflow/example_dags/example_short_circuit_operator.py
[2024-01-27T18:23:11.458+0100] {logging_mixin.py:188} INFO - [2024-01-27T18:23:11.458+0100] {dag.py:3033} INFO - Sync 1 DAGs
[2024-01-27T18:23:11.534+0100] {logging_mixin.py:188} INFO - [2024-01-27T18:23:11.533+0100] {dag.py:3820} INFO - Setting next_dagrun for example_short_circuit_operator to 2024-01-26T00:00:00+00:00, run_after=2024-01-27T00:00:00+00:00
[2024-01-27T18:23:11.649+0100] {processor.py:183} INFO - Processing /home/ubuntu/.local/lib/python3.10/site-packages/airflow/example_dags/example_short_circuit_operator.py took 0.651 seconds
[2024-01-27T18:25:02.314+0100] {processor.py:161} INFO - Started process (PID=9760) to work on /home/ubuntu/.local/lib/python3.10/site-packages/airflow/example_dags/example_short_circuit_operator.py
[2024-01-27T18:25:02.356+0100] {processor.py:830} INFO - Processing file /home/ubuntu/.local/lib/python3.10/site-packages/airflow/example_dags/example_short_circuit_operator.py for tasks to queue
[2024-01-27T18:25:02.358+0100] {logging_mixin.py:188} INFO - [2024-01-27T18:25:02.357+0100] {dagbag.py:538} INFO - Filling up the DagBag from /home/ubuntu/.local/lib/python3.10/site-packages/airflow/example_dags/example_short_circuit_operator.py
[2024-01-27T18:25:02.443+0100] {processor.py:840} INFO - DAG(s) 'example_short_circuit_operator' retrieved from /home/ubuntu/.local/lib/python3.10/site-packages/airflow/example_dags/example_short_circuit_operator.py
[2024-01-27T18:25:02.686+0100] {logging_mixin.py:188} INFO - [2024-01-27T18:25:02.685+0100] {dag.py:3033} INFO - Sync 1 DAGs
[2024-01-27T18:25:02.795+0100] {logging_mixin.py:188} INFO - [2024-01-27T18:25:02.787+0100] {dag.py:3820} INFO - Setting next_dagrun for example_short_circuit_operator to 2024-01-26T00:00:00+00:00, run_after=2024-01-27T00:00:00+00:00
[2024-01-27T18:25:03.366+0100] {processor.py:183} INFO - Processing /home/ubuntu/.local/lib/python3.10/site-packages/airflow/example_dags/example_short_circuit_operator.py took 1.059 seconds
[2024-01-27T18:27:02.753+0100] {processor.py:161} INFO - Started process (PID=9825) to work on /home/ubuntu/.local/lib/python3.10/site-packages/airflow/example_dags/example_short_circuit_operator.py
[2024-01-27T18:27:02.793+0100] {processor.py:830} INFO - Processing file /home/ubuntu/.local/lib/python3.10/site-packages/airflow/example_dags/example_short_circuit_operator.py for tasks to queue
[2024-01-27T18:27:02.804+0100] {logging_mixin.py:188} INFO - [2024-01-27T18:27:02.803+0100] {dagbag.py:538} INFO - Filling up the DagBag from /home/ubuntu/.local/lib/python3.10/site-packages/airflow/example_dags/example_short_circuit_operator.py
[2024-01-27T18:27:02.876+0100] {processor.py:840} INFO - DAG(s) 'example_short_circuit_operator' retrieved from /home/ubuntu/.local/lib/python3.10/site-packages/airflow/example_dags/example_short_circuit_operator.py
[2024-01-27T18:27:03.097+0100] {logging_mixin.py:188} INFO - [2024-01-27T18:27:03.096+0100] {dag.py:3033} INFO - Sync 1 DAGs
[2024-01-27T18:27:03.394+0100] {logging_mixin.py:188} INFO - [2024-01-27T18:27:03.394+0100] {dag.py:3820} INFO - Setting next_dagrun for example_short_circuit_operator to 2024-01-26T00:00:00+00:00, run_after=2024-01-27T00:00:00+00:00
[2024-01-27T18:27:03.793+0100] {processor.py:183} INFO - Processing /home/ubuntu/.local/lib/python3.10/site-packages/airflow/example_dags/example_short_circuit_operator.py took 1.066 seconds
[2024-01-27T18:33:15.909+0100] {processor.py:161} INFO - Started process (PID=10002) to work on /home/ubuntu/.local/lib/python3.10/site-packages/airflow/example_dags/example_short_circuit_operator.py
[2024-01-27T18:33:15.987+0100] {processor.py:830} INFO - Processing file /home/ubuntu/.local/lib/python3.10/site-packages/airflow/example_dags/example_short_circuit_operator.py for tasks to queue
[2024-01-27T18:33:15.995+0100] {logging_mixin.py:188} INFO - [2024-01-27T18:33:15.994+0100] {dagbag.py:538} INFO - Filling up the DagBag from /home/ubuntu/.local/lib/python3.10/site-packages/airflow/example_dags/example_short_circuit_operator.py
[2024-01-27T18:33:16.039+0100] {processor.py:840} INFO - DAG(s) 'example_short_circuit_operator' retrieved from /home/ubuntu/.local/lib/python3.10/site-packages/airflow/example_dags/example_short_circuit_operator.py
[2024-01-27T18:33:16.204+0100] {logging_mixin.py:188} INFO - [2024-01-27T18:33:16.204+0100] {dag.py:3033} INFO - Sync 1 DAGs
[2024-01-27T18:33:16.388+0100] {logging_mixin.py:188} INFO - [2024-01-27T18:33:16.388+0100] {dag.py:3820} INFO - Setting next_dagrun for example_short_circuit_operator to 2024-01-26T00:00:00+00:00, run_after=2024-01-27T00:00:00+00:00
[2024-01-27T18:33:16.925+0100] {processor.py:183} INFO - Processing /home/ubuntu/.local/lib/python3.10/site-packages/airflow/example_dags/example_short_circuit_operator.py took 1.059 seconds
[2024-01-27T18:35:36.226+0100] {processor.py:161} INFO - Started process (PID=10086) to work on /home/ubuntu/.local/lib/python3.10/site-packages/airflow/example_dags/example_short_circuit_operator.py
[2024-01-27T18:35:36.243+0100] {processor.py:830} INFO - Processing file /home/ubuntu/.local/lib/python3.10/site-packages/airflow/example_dags/example_short_circuit_operator.py for tasks to queue
[2024-01-27T18:35:36.269+0100] {logging_mixin.py:188} INFO - [2024-01-27T18:35:36.245+0100] {dagbag.py:538} INFO - Filling up the DagBag from /home/ubuntu/.local/lib/python3.10/site-packages/airflow/example_dags/example_short_circuit_operator.py
[2024-01-27T18:35:36.328+0100] {processor.py:840} INFO - DAG(s) 'example_short_circuit_operator' retrieved from /home/ubuntu/.local/lib/python3.10/site-packages/airflow/example_dags/example_short_circuit_operator.py
[2024-01-27T18:35:36.519+0100] {logging_mixin.py:188} INFO - [2024-01-27T18:35:36.519+0100] {dag.py:3033} INFO - Sync 1 DAGs
[2024-01-27T18:35:36.648+0100] {logging_mixin.py:188} INFO - [2024-01-27T18:35:36.647+0100] {dag.py:3820} INFO - Setting next_dagrun for example_short_circuit_operator to 2024-01-26T00:00:00+00:00, run_after=2024-01-27T00:00:00+00:00
[2024-01-27T18:35:37.222+0100] {processor.py:183} INFO - Processing /home/ubuntu/.local/lib/python3.10/site-packages/airflow/example_dags/example_short_circuit_operator.py took 1.013 seconds
[2024-01-27T18:37:25.559+0100] {processor.py:161} INFO - Started process (PID=10158) to work on /home/ubuntu/.local/lib/python3.10/site-packages/airflow/example_dags/example_short_circuit_operator.py
[2024-01-27T18:37:25.598+0100] {processor.py:830} INFO - Processing file /home/ubuntu/.local/lib/python3.10/site-packages/airflow/example_dags/example_short_circuit_operator.py for tasks to queue
[2024-01-27T18:37:25.601+0100] {logging_mixin.py:188} INFO - [2024-01-27T18:37:25.600+0100] {dagbag.py:538} INFO - Filling up the DagBag from /home/ubuntu/.local/lib/python3.10/site-packages/airflow/example_dags/example_short_circuit_operator.py
[2024-01-27T18:37:25.623+0100] {processor.py:840} INFO - DAG(s) 'example_short_circuit_operator' retrieved from /home/ubuntu/.local/lib/python3.10/site-packages/airflow/example_dags/example_short_circuit_operator.py
[2024-01-27T18:37:25.806+0100] {logging_mixin.py:188} INFO - [2024-01-27T18:37:25.806+0100] {dag.py:3033} INFO - Sync 1 DAGs
[2024-01-27T18:37:25.934+0100] {logging_mixin.py:188} INFO - [2024-01-27T18:37:25.928+0100] {dag.py:3820} INFO - Setting next_dagrun for example_short_circuit_operator to 2024-01-26T00:00:00+00:00, run_after=2024-01-27T00:00:00+00:00
[2024-01-27T18:37:26.647+0100] {processor.py:183} INFO - Processing /home/ubuntu/.local/lib/python3.10/site-packages/airflow/example_dags/example_short_circuit_operator.py took 1.109 seconds
[2024-01-27T18:39:09.451+0100] {processor.py:161} INFO - Started process (PID=10219) to work on /home/ubuntu/.local/lib/python3.10/site-packages/airflow/example_dags/example_short_circuit_operator.py
[2024-01-27T18:39:09.512+0100] {processor.py:830} INFO - Processing file /home/ubuntu/.local/lib/python3.10/site-packages/airflow/example_dags/example_short_circuit_operator.py for tasks to queue
[2024-01-27T18:39:09.559+0100] {logging_mixin.py:188} INFO - [2024-01-27T18:39:09.513+0100] {dagbag.py:538} INFO - Filling up the DagBag from /home/ubuntu/.local/lib/python3.10/site-packages/airflow/example_dags/example_short_circuit_operator.py
[2024-01-27T18:39:09.594+0100] {processor.py:840} INFO - DAG(s) 'example_short_circuit_operator' retrieved from /home/ubuntu/.local/lib/python3.10/site-packages/airflow/example_dags/example_short_circuit_operator.py
[2024-01-27T18:39:09.747+0100] {logging_mixin.py:188} INFO - [2024-01-27T18:39:09.747+0100] {dag.py:3033} INFO - Sync 1 DAGs
[2024-01-27T18:39:09.913+0100] {logging_mixin.py:188} INFO - [2024-01-27T18:39:09.904+0100] {dag.py:3820} INFO - Setting next_dagrun for example_short_circuit_operator to 2024-01-26T00:00:00+00:00, run_after=2024-01-27T00:00:00+00:00
[2024-01-27T18:39:10.502+0100] {processor.py:183} INFO - Processing /home/ubuntu/.local/lib/python3.10/site-packages/airflow/example_dags/example_short_circuit_operator.py took 1.102 seconds
[2024-01-27T18:40:56.871+0100] {processor.py:161} INFO - Started process (PID=10282) to work on /home/ubuntu/.local/lib/python3.10/site-packages/airflow/example_dags/example_short_circuit_operator.py
[2024-01-27T18:40:56.905+0100] {processor.py:830} INFO - Processing file /home/ubuntu/.local/lib/python3.10/site-packages/airflow/example_dags/example_short_circuit_operator.py for tasks to queue
[2024-01-27T18:40:56.907+0100] {logging_mixin.py:188} INFO - [2024-01-27T18:40:56.906+0100] {dagbag.py:538} INFO - Filling up the DagBag from /home/ubuntu/.local/lib/python3.10/site-packages/airflow/example_dags/example_short_circuit_operator.py
[2024-01-27T18:40:56.978+0100] {processor.py:840} INFO - DAG(s) 'example_short_circuit_operator' retrieved from /home/ubuntu/.local/lib/python3.10/site-packages/airflow/example_dags/example_short_circuit_operator.py
[2024-01-27T18:40:57.364+0100] {logging_mixin.py:188} INFO - [2024-01-27T18:40:57.363+0100] {dag.py:3033} INFO - Sync 1 DAGs
[2024-01-27T18:40:58.017+0100] {logging_mixin.py:188} INFO - [2024-01-27T18:40:58.016+0100] {dag.py:3820} INFO - Setting next_dagrun for example_short_circuit_operator to 2024-01-26T00:00:00+00:00, run_after=2024-01-27T00:00:00+00:00
[2024-01-27T18:40:59.319+0100] {processor.py:183} INFO - Processing /home/ubuntu/.local/lib/python3.10/site-packages/airflow/example_dags/example_short_circuit_operator.py took 2.483 seconds
[2024-01-27T18:42:45.890+0100] {processor.py:161} INFO - Started process (PID=10349) to work on /home/ubuntu/.local/lib/python3.10/site-packages/airflow/example_dags/example_short_circuit_operator.py
[2024-01-27T18:42:45.924+0100] {processor.py:830} INFO - Processing file /home/ubuntu/.local/lib/python3.10/site-packages/airflow/example_dags/example_short_circuit_operator.py for tasks to queue
[2024-01-27T18:42:45.934+0100] {logging_mixin.py:188} INFO - [2024-01-27T18:42:45.933+0100] {dagbag.py:538} INFO - Filling up the DagBag from /home/ubuntu/.local/lib/python3.10/site-packages/airflow/example_dags/example_short_circuit_operator.py
[2024-01-27T18:42:46.006+0100] {processor.py:840} INFO - DAG(s) 'example_short_circuit_operator' retrieved from /home/ubuntu/.local/lib/python3.10/site-packages/airflow/example_dags/example_short_circuit_operator.py
[2024-01-27T18:42:46.200+0100] {logging_mixin.py:188} INFO - [2024-01-27T18:42:46.199+0100] {dag.py:3033} INFO - Sync 1 DAGs
[2024-01-27T18:42:46.305+0100] {logging_mixin.py:188} INFO - [2024-01-27T18:42:46.305+0100] {dag.py:3820} INFO - Setting next_dagrun for example_short_circuit_operator to 2024-01-26T00:00:00+00:00, run_after=2024-01-27T00:00:00+00:00
[2024-01-27T18:42:46.823+0100] {processor.py:183} INFO - Processing /home/ubuntu/.local/lib/python3.10/site-packages/airflow/example_dags/example_short_circuit_operator.py took 0.958 seconds
[2024-01-27T18:44:42.129+0100] {processor.py:161} INFO - Started process (PID=10414) to work on /home/ubuntu/.local/lib/python3.10/site-packages/airflow/example_dags/example_short_circuit_operator.py
[2024-01-27T18:44:42.176+0100] {processor.py:830} INFO - Processing file /home/ubuntu/.local/lib/python3.10/site-packages/airflow/example_dags/example_short_circuit_operator.py for tasks to queue
[2024-01-27T18:44:42.178+0100] {logging_mixin.py:188} INFO - [2024-01-27T18:44:42.177+0100] {dagbag.py:538} INFO - Filling up the DagBag from /home/ubuntu/.local/lib/python3.10/site-packages/airflow/example_dags/example_short_circuit_operator.py
[2024-01-27T18:44:42.269+0100] {processor.py:840} INFO - DAG(s) 'example_short_circuit_operator' retrieved from /home/ubuntu/.local/lib/python3.10/site-packages/airflow/example_dags/example_short_circuit_operator.py
[2024-01-27T18:44:42.477+0100] {logging_mixin.py:188} INFO - [2024-01-27T18:44:42.476+0100] {dag.py:3033} INFO - Sync 1 DAGs
[2024-01-27T18:44:42.622+0100] {logging_mixin.py:188} INFO - [2024-01-27T18:44:42.621+0100] {dag.py:3820} INFO - Setting next_dagrun for example_short_circuit_operator to 2024-01-26T00:00:00+00:00, run_after=2024-01-27T00:00:00+00:00
[2024-01-27T18:44:43.195+0100] {processor.py:183} INFO - Processing /home/ubuntu/.local/lib/python3.10/site-packages/airflow/example_dags/example_short_circuit_operator.py took 1.129 seconds
[2024-01-27T18:46:36.758+0100] {processor.py:161} INFO - Started process (PID=10513) to work on /home/ubuntu/.local/lib/python3.10/site-packages/airflow/example_dags/example_short_circuit_operator.py
[2024-01-27T18:46:36.785+0100] {processor.py:830} INFO - Processing file /home/ubuntu/.local/lib/python3.10/site-packages/airflow/example_dags/example_short_circuit_operator.py for tasks to queue
[2024-01-27T18:46:36.823+0100] {logging_mixin.py:188} INFO - [2024-01-27T18:46:36.808+0100] {dagbag.py:538} INFO - Filling up the DagBag from /home/ubuntu/.local/lib/python3.10/site-packages/airflow/example_dags/example_short_circuit_operator.py
[2024-01-27T18:46:36.868+0100] {processor.py:840} INFO - DAG(s) 'example_short_circuit_operator' retrieved from /home/ubuntu/.local/lib/python3.10/site-packages/airflow/example_dags/example_short_circuit_operator.py
[2024-01-27T18:46:37.262+0100] {logging_mixin.py:188} INFO - [2024-01-27T18:46:37.261+0100] {dag.py:3033} INFO - Sync 1 DAGs
[2024-01-27T18:46:37.400+0100] {logging_mixin.py:188} INFO - [2024-01-27T18:46:37.400+0100] {dag.py:3820} INFO - Setting next_dagrun for example_short_circuit_operator to 2024-01-26T00:00:00+00:00, run_after=2024-01-27T00:00:00+00:00
[2024-01-27T18:46:37.904+0100] {processor.py:183} INFO - Processing /home/ubuntu/.local/lib/python3.10/site-packages/airflow/example_dags/example_short_circuit_operator.py took 1.189 seconds
[2024-01-27T18:48:25.049+0100] {processor.py:161} INFO - Started process (PID=10650) to work on /home/ubuntu/.local/lib/python3.10/site-packages/airflow/example_dags/example_short_circuit_operator.py
[2024-01-27T18:48:25.076+0100] {processor.py:830} INFO - Processing file /home/ubuntu/.local/lib/python3.10/site-packages/airflow/example_dags/example_short_circuit_operator.py for tasks to queue
[2024-01-27T18:48:25.078+0100] {logging_mixin.py:188} INFO - [2024-01-27T18:48:25.077+0100] {dagbag.py:538} INFO - Filling up the DagBag from /home/ubuntu/.local/lib/python3.10/site-packages/airflow/example_dags/example_short_circuit_operator.py
[2024-01-27T18:48:25.091+0100] {processor.py:840} INFO - DAG(s) 'example_short_circuit_operator' retrieved from /home/ubuntu/.local/lib/python3.10/site-packages/airflow/example_dags/example_short_circuit_operator.py
[2024-01-27T18:48:25.136+0100] {logging_mixin.py:188} INFO - [2024-01-27T18:48:25.135+0100] {dag.py:3033} INFO - Sync 1 DAGs
[2024-01-27T18:48:25.175+0100] {logging_mixin.py:188} INFO - [2024-01-27T18:48:25.175+0100] {dag.py:3820} INFO - Setting next_dagrun for example_short_circuit_operator to 2024-01-26T00:00:00+00:00, run_after=2024-01-27T00:00:00+00:00
[2024-01-27T18:48:25.360+0100] {processor.py:183} INFO - Processing /home/ubuntu/.local/lib/python3.10/site-packages/airflow/example_dags/example_short_circuit_operator.py took 0.318 seconds
[2024-01-27T18:50:01.567+0100] {processor.py:161} INFO - Started process (PID=10706) to work on /home/ubuntu/.local/lib/python3.10/site-packages/airflow/example_dags/example_short_circuit_operator.py
[2024-01-27T18:50:01.632+0100] {processor.py:830} INFO - Processing file /home/ubuntu/.local/lib/python3.10/site-packages/airflow/example_dags/example_short_circuit_operator.py for tasks to queue
[2024-01-27T18:50:01.657+0100] {logging_mixin.py:188} INFO - [2024-01-27T18:50:01.643+0100] {dagbag.py:538} INFO - Filling up the DagBag from /home/ubuntu/.local/lib/python3.10/site-packages/airflow/example_dags/example_short_circuit_operator.py
[2024-01-27T18:50:01.724+0100] {processor.py:840} INFO - DAG(s) 'example_short_circuit_operator' retrieved from /home/ubuntu/.local/lib/python3.10/site-packages/airflow/example_dags/example_short_circuit_operator.py
[2024-01-27T18:50:01.931+0100] {logging_mixin.py:188} INFO - [2024-01-27T18:50:01.930+0100] {dag.py:3033} INFO - Sync 1 DAGs
[2024-01-27T18:50:02.108+0100] {logging_mixin.py:188} INFO - [2024-01-27T18:50:02.107+0100] {dag.py:3820} INFO - Setting next_dagrun for example_short_circuit_operator to 2024-01-26T00:00:00+00:00, run_after=2024-01-27T00:00:00+00:00
[2024-01-27T18:50:02.681+0100] {processor.py:183} INFO - Processing /home/ubuntu/.local/lib/python3.10/site-packages/airflow/example_dags/example_short_circuit_operator.py took 1.148 seconds
[2024-01-27T18:51:46.840+0100] {processor.py:161} INFO - Started process (PID=10760) to work on /home/ubuntu/.local/lib/python3.10/site-packages/airflow/example_dags/example_short_circuit_operator.py
[2024-01-27T18:51:46.913+0100] {processor.py:830} INFO - Processing file /home/ubuntu/.local/lib/python3.10/site-packages/airflow/example_dags/example_short_circuit_operator.py for tasks to queue
[2024-01-27T18:51:46.930+0100] {logging_mixin.py:188} INFO - [2024-01-27T18:51:46.928+0100] {dagbag.py:538} INFO - Filling up the DagBag from /home/ubuntu/.local/lib/python3.10/site-packages/airflow/example_dags/example_short_circuit_operator.py
[2024-01-27T18:51:47.089+0100] {processor.py:840} INFO - DAG(s) 'example_short_circuit_operator' retrieved from /home/ubuntu/.local/lib/python3.10/site-packages/airflow/example_dags/example_short_circuit_operator.py
[2024-01-27T18:51:47.236+0100] {logging_mixin.py:188} INFO - [2024-01-27T18:51:47.235+0100] {dag.py:3033} INFO - Sync 1 DAGs
[2024-01-27T18:51:47.343+0100] {logging_mixin.py:188} INFO - [2024-01-27T18:51:47.343+0100] {dag.py:3820} INFO - Setting next_dagrun for example_short_circuit_operator to 2024-01-26T00:00:00+00:00, run_after=2024-01-27T00:00:00+00:00
[2024-01-27T18:51:48.025+0100] {processor.py:183} INFO - Processing /home/ubuntu/.local/lib/python3.10/site-packages/airflow/example_dags/example_short_circuit_operator.py took 1.196 seconds
[2024-01-27T18:54:01.193+0100] {processor.py:161} INFO - Started process (PID=10819) to work on /home/ubuntu/.local/lib/python3.10/site-packages/airflow/example_dags/example_short_circuit_operator.py
[2024-01-27T18:54:01.260+0100] {processor.py:830} INFO - Processing file /home/ubuntu/.local/lib/python3.10/site-packages/airflow/example_dags/example_short_circuit_operator.py for tasks to queue
[2024-01-27T18:54:01.263+0100] {logging_mixin.py:188} INFO - [2024-01-27T18:54:01.262+0100] {dagbag.py:538} INFO - Filling up the DagBag from /home/ubuntu/.local/lib/python3.10/site-packages/airflow/example_dags/example_short_circuit_operator.py
[2024-01-27T18:54:01.359+0100] {processor.py:840} INFO - DAG(s) 'example_short_circuit_operator' retrieved from /home/ubuntu/.local/lib/python3.10/site-packages/airflow/example_dags/example_short_circuit_operator.py
[2024-01-27T18:54:01.455+0100] {logging_mixin.py:188} INFO - [2024-01-27T18:54:01.454+0100] {dag.py:3033} INFO - Sync 1 DAGs
[2024-01-27T18:54:01.500+0100] {logging_mixin.py:188} INFO - [2024-01-27T18:54:01.500+0100] {dag.py:3820} INFO - Setting next_dagrun for example_short_circuit_operator to 2024-01-26T00:00:00+00:00, run_after=2024-01-27T00:00:00+00:00
[2024-01-27T18:54:01.566+0100] {processor.py:183} INFO - Processing /home/ubuntu/.local/lib/python3.10/site-packages/airflow/example_dags/example_short_circuit_operator.py took 0.411 seconds
[2024-01-27T18:56:36.782+0100] {processor.py:161} INFO - Started process (PID=10874) to work on /home/ubuntu/.local/lib/python3.10/site-packages/airflow/example_dags/example_short_circuit_operator.py
[2024-01-27T18:56:36.845+0100] {processor.py:830} INFO - Processing file /home/ubuntu/.local/lib/python3.10/site-packages/airflow/example_dags/example_short_circuit_operator.py for tasks to queue
[2024-01-27T18:56:36.848+0100] {logging_mixin.py:188} INFO - [2024-01-27T18:56:36.847+0100] {dagbag.py:538} INFO - Filling up the DagBag from /home/ubuntu/.local/lib/python3.10/site-packages/airflow/example_dags/example_short_circuit_operator.py
[2024-01-27T18:56:36.883+0100] {processor.py:840} INFO - DAG(s) 'example_short_circuit_operator' retrieved from /home/ubuntu/.local/lib/python3.10/site-packages/airflow/example_dags/example_short_circuit_operator.py
[2024-01-27T18:56:37.091+0100] {logging_mixin.py:188} INFO - [2024-01-27T18:56:37.090+0100] {dag.py:3033} INFO - Sync 1 DAGs
[2024-01-27T18:56:37.236+0100] {logging_mixin.py:188} INFO - [2024-01-27T18:56:37.236+0100] {dag.py:3820} INFO - Setting next_dagrun for example_short_circuit_operator to 2024-01-26T00:00:00+00:00, run_after=2024-01-27T00:00:00+00:00
[2024-01-27T18:56:37.900+0100] {processor.py:183} INFO - Processing /home/ubuntu/.local/lib/python3.10/site-packages/airflow/example_dags/example_short_circuit_operator.py took 1.163 seconds
[2024-01-27T18:58:55.690+0100] {processor.py:161} INFO - Started process (PID=10955) to work on /home/ubuntu/.local/lib/python3.10/site-packages/airflow/example_dags/example_short_circuit_operator.py
[2024-01-27T18:58:55.695+0100] {processor.py:830} INFO - Processing file /home/ubuntu/.local/lib/python3.10/site-packages/airflow/example_dags/example_short_circuit_operator.py for tasks to queue
[2024-01-27T18:58:55.697+0100] {logging_mixin.py:188} INFO - [2024-01-27T18:58:55.696+0100] {dagbag.py:538} INFO - Filling up the DagBag from /home/ubuntu/.local/lib/python3.10/site-packages/airflow/example_dags/example_short_circuit_operator.py
[2024-01-27T18:58:55.732+0100] {processor.py:840} INFO - DAG(s) 'example_short_circuit_operator' retrieved from /home/ubuntu/.local/lib/python3.10/site-packages/airflow/example_dags/example_short_circuit_operator.py
[2024-01-27T18:58:55.951+0100] {logging_mixin.py:188} INFO - [2024-01-27T18:58:55.951+0100] {dag.py:3033} INFO - Sync 1 DAGs
[2024-01-27T18:58:56.033+0100] {logging_mixin.py:188} INFO - [2024-01-27T18:58:56.033+0100] {dag.py:3820} INFO - Setting next_dagrun for example_short_circuit_operator to 2024-01-26T00:00:00+00:00, run_after=2024-01-27T00:00:00+00:00
[2024-01-27T18:58:56.757+0100] {processor.py:183} INFO - Processing /home/ubuntu/.local/lib/python3.10/site-packages/airflow/example_dags/example_short_circuit_operator.py took 1.076 seconds
[2024-01-27T19:01:06.521+0100] {processor.py:161} INFO - Started process (PID=11011) to work on /home/ubuntu/.local/lib/python3.10/site-packages/airflow/example_dags/example_short_circuit_operator.py
[2024-01-27T19:01:06.561+0100] {processor.py:830} INFO - Processing file /home/ubuntu/.local/lib/python3.10/site-packages/airflow/example_dags/example_short_circuit_operator.py for tasks to queue
[2024-01-27T19:01:06.570+0100] {logging_mixin.py:188} INFO - [2024-01-27T19:01:06.569+0100] {dagbag.py:538} INFO - Filling up the DagBag from /home/ubuntu/.local/lib/python3.10/site-packages/airflow/example_dags/example_short_circuit_operator.py
[2024-01-27T19:01:06.586+0100] {processor.py:840} INFO - DAG(s) 'example_short_circuit_operator' retrieved from /home/ubuntu/.local/lib/python3.10/site-packages/airflow/example_dags/example_short_circuit_operator.py
[2024-01-27T19:01:06.766+0100] {logging_mixin.py:188} INFO - [2024-01-27T19:01:06.765+0100] {dag.py:3033} INFO - Sync 1 DAGs
[2024-01-27T19:01:06.992+0100] {logging_mixin.py:188} INFO - [2024-01-27T19:01:06.992+0100] {dag.py:3820} INFO - Setting next_dagrun for example_short_circuit_operator to 2024-01-26T00:00:00+00:00, run_after=2024-01-27T00:00:00+00:00
[2024-01-27T19:01:07.599+0100] {processor.py:183} INFO - Processing /home/ubuntu/.local/lib/python3.10/site-packages/airflow/example_dags/example_short_circuit_operator.py took 1.125 seconds
[2024-01-27T19:03:14.673+0100] {processor.py:161} INFO - Started process (PID=11069) to work on /home/ubuntu/.local/lib/python3.10/site-packages/airflow/example_dags/example_short_circuit_operator.py
[2024-01-27T19:03:14.721+0100] {processor.py:830} INFO - Processing file /home/ubuntu/.local/lib/python3.10/site-packages/airflow/example_dags/example_short_circuit_operator.py for tasks to queue
[2024-01-27T19:03:14.750+0100] {logging_mixin.py:188} INFO - [2024-01-27T19:03:14.731+0100] {dagbag.py:538} INFO - Filling up the DagBag from /home/ubuntu/.local/lib/python3.10/site-packages/airflow/example_dags/example_short_circuit_operator.py
[2024-01-27T19:03:14.847+0100] {processor.py:840} INFO - DAG(s) 'example_short_circuit_operator' retrieved from /home/ubuntu/.local/lib/python3.10/site-packages/airflow/example_dags/example_short_circuit_operator.py
[2024-01-27T19:03:15.172+0100] {logging_mixin.py:188} INFO - [2024-01-27T19:03:15.163+0100] {dag.py:3033} INFO - Sync 1 DAGs
[2024-01-27T19:03:15.407+0100] {logging_mixin.py:188} INFO - [2024-01-27T19:03:15.406+0100] {dag.py:3820} INFO - Setting next_dagrun for example_short_circuit_operator to 2024-01-26T00:00:00+00:00, run_after=2024-01-27T00:00:00+00:00
[2024-01-27T19:03:16.476+0100] {processor.py:183} INFO - Processing /home/ubuntu/.local/lib/python3.10/site-packages/airflow/example_dags/example_short_circuit_operator.py took 1.842 seconds
[2024-01-27T19:05:29.837+0100] {processor.py:161} INFO - Started process (PID=11124) to work on /home/ubuntu/.local/lib/python3.10/site-packages/airflow/example_dags/example_short_circuit_operator.py
[2024-01-27T19:05:29.923+0100] {processor.py:830} INFO - Processing file /home/ubuntu/.local/lib/python3.10/site-packages/airflow/example_dags/example_short_circuit_operator.py for tasks to queue
[2024-01-27T19:05:29.932+0100] {logging_mixin.py:188} INFO - [2024-01-27T19:05:29.924+0100] {dagbag.py:538} INFO - Filling up the DagBag from /home/ubuntu/.local/lib/python3.10/site-packages/airflow/example_dags/example_short_circuit_operator.py
[2024-01-27T19:05:30.069+0100] {processor.py:840} INFO - DAG(s) 'example_short_circuit_operator' retrieved from /home/ubuntu/.local/lib/python3.10/site-packages/airflow/example_dags/example_short_circuit_operator.py
[2024-01-27T19:05:30.602+0100] {logging_mixin.py:188} INFO - [2024-01-27T19:05:30.602+0100] {dag.py:3033} INFO - Sync 1 DAGs
[2024-01-27T19:05:30.751+0100] {logging_mixin.py:188} INFO - [2024-01-27T19:05:30.742+0100] {dag.py:3820} INFO - Setting next_dagrun for example_short_circuit_operator to 2024-01-26T00:00:00+00:00, run_after=2024-01-27T00:00:00+00:00
[2024-01-27T19:05:31.344+0100] {processor.py:183} INFO - Processing /home/ubuntu/.local/lib/python3.10/site-packages/airflow/example_dags/example_short_circuit_operator.py took 1.537 seconds
[2024-01-27T19:07:38.892+0100] {processor.py:161} INFO - Started process (PID=11179) to work on /home/ubuntu/.local/lib/python3.10/site-packages/airflow/example_dags/example_short_circuit_operator.py
[2024-01-27T19:07:38.977+0100] {processor.py:830} INFO - Processing file /home/ubuntu/.local/lib/python3.10/site-packages/airflow/example_dags/example_short_circuit_operator.py for tasks to queue
[2024-01-27T19:07:38.979+0100] {logging_mixin.py:188} INFO - [2024-01-27T19:07:38.978+0100] {dagbag.py:538} INFO - Filling up the DagBag from /home/ubuntu/.local/lib/python3.10/site-packages/airflow/example_dags/example_short_circuit_operator.py
[2024-01-27T19:07:39.057+0100] {processor.py:840} INFO - DAG(s) 'example_short_circuit_operator' retrieved from /home/ubuntu/.local/lib/python3.10/site-packages/airflow/example_dags/example_short_circuit_operator.py
[2024-01-27T19:07:39.197+0100] {logging_mixin.py:188} INFO - [2024-01-27T19:07:39.197+0100] {dag.py:3033} INFO - Sync 1 DAGs
[2024-01-27T19:07:39.278+0100] {logging_mixin.py:188} INFO - [2024-01-27T19:07:39.278+0100] {dag.py:3820} INFO - Setting next_dagrun for example_short_circuit_operator to 2024-01-26T00:00:00+00:00, run_after=2024-01-27T00:00:00+00:00
[2024-01-27T19:07:39.833+0100] {processor.py:183} INFO - Processing /home/ubuntu/.local/lib/python3.10/site-packages/airflow/example_dags/example_short_circuit_operator.py took 1.016 seconds
