[2024-01-27T17:53:43.560+0100] {processor.py:161} INFO - Started process (PID=8322) to work on /home/ubuntu/.local/lib/python3.10/site-packages/airflow/example_dags/example_branch_labels.py
[2024-01-27T17:53:43.561+0100] {processor.py:830} INFO - Processing file /home/ubuntu/.local/lib/python3.10/site-packages/airflow/example_dags/example_branch_labels.py for tasks to queue
[2024-01-27T17:53:43.565+0100] {logging_mixin.py:188} INFO - [2024-01-27T17:53:43.565+0100] {dagbag.py:538} INFO - Filling up the DagBag from /home/ubuntu/.local/lib/python3.10/site-packages/airflow/example_dags/example_branch_labels.py
[2024-01-27T17:53:43.577+0100] {processor.py:840} INFO - DAG(s) 'example_branch_labels' retrieved from /home/ubuntu/.local/lib/python3.10/site-packages/airflow/example_dags/example_branch_labels.py
[2024-01-27T17:53:43.783+0100] {logging_mixin.py:188} INFO - [2024-01-27T17:53:43.782+0100] {dag.py:3033} INFO - Sync 1 DAGs
[2024-01-27T17:53:43.807+0100] {logging_mixin.py:188} INFO - [2024-01-27T17:53:43.807+0100] {dag.py:3820} INFO - Setting next_dagrun for example_branch_labels to 2024-01-26T00:00:00+00:00, run_after=2024-01-27T00:00:00+00:00
[2024-01-27T17:53:43.936+0100] {processor.py:183} INFO - Processing /home/ubuntu/.local/lib/python3.10/site-packages/airflow/example_dags/example_branch_labels.py took 0.380 seconds
[2024-01-27T17:54:55.550+0100] {processor.py:161} INFO - Started process (PID=8383) to work on /home/ubuntu/.local/lib/python3.10/site-packages/airflow/example_dags/example_branch_labels.py
[2024-01-27T17:54:55.554+0100] {processor.py:830} INFO - Processing file /home/ubuntu/.local/lib/python3.10/site-packages/airflow/example_dags/example_branch_labels.py for tasks to queue
[2024-01-27T17:54:55.555+0100] {logging_mixin.py:188} INFO - [2024-01-27T17:54:55.554+0100] {dagbag.py:538} INFO - Filling up the DagBag from /home/ubuntu/.local/lib/python3.10/site-packages/airflow/example_dags/example_branch_labels.py
[2024-01-27T17:54:55.567+0100] {processor.py:840} INFO - DAG(s) 'example_branch_labels' retrieved from /home/ubuntu/.local/lib/python3.10/site-packages/airflow/example_dags/example_branch_labels.py
[2024-01-27T17:54:55.627+0100] {logging_mixin.py:188} INFO - [2024-01-27T17:54:55.626+0100] {dag.py:3033} INFO - Sync 1 DAGs
[2024-01-27T17:54:55.650+0100] {logging_mixin.py:188} INFO - [2024-01-27T17:54:55.649+0100] {dag.py:3820} INFO - Setting next_dagrun for example_branch_labels to 2024-01-26T00:00:00+00:00, run_after=2024-01-27T00:00:00+00:00
[2024-01-27T17:54:55.755+0100] {processor.py:183} INFO - Processing /home/ubuntu/.local/lib/python3.10/site-packages/airflow/example_dags/example_branch_labels.py took 0.211 seconds
[2024-01-27T17:56:06.033+0100] {processor.py:161} INFO - Started process (PID=8445) to work on /home/ubuntu/.local/lib/python3.10/site-packages/airflow/example_dags/example_branch_labels.py
[2024-01-27T17:56:06.036+0100] {processor.py:830} INFO - Processing file /home/ubuntu/.local/lib/python3.10/site-packages/airflow/example_dags/example_branch_labels.py for tasks to queue
[2024-01-27T17:56:06.037+0100] {logging_mixin.py:188} INFO - [2024-01-27T17:56:06.037+0100] {dagbag.py:538} INFO - Filling up the DagBag from /home/ubuntu/.local/lib/python3.10/site-packages/airflow/example_dags/example_branch_labels.py
[2024-01-27T17:56:06.068+0100] {processor.py:840} INFO - DAG(s) 'example_branch_labels' retrieved from /home/ubuntu/.local/lib/python3.10/site-packages/airflow/example_dags/example_branch_labels.py
[2024-01-27T17:56:06.093+0100] {logging_mixin.py:188} INFO - [2024-01-27T17:56:06.093+0100] {dag.py:3033} INFO - Sync 1 DAGs
[2024-01-27T17:56:06.123+0100] {logging_mixin.py:188} INFO - [2024-01-27T17:56:06.123+0100] {dag.py:3820} INFO - Setting next_dagrun for example_branch_labels to 2024-01-26T00:00:00+00:00, run_after=2024-01-27T00:00:00+00:00
[2024-01-27T17:56:06.207+0100] {processor.py:183} INFO - Processing /home/ubuntu/.local/lib/python3.10/site-packages/airflow/example_dags/example_branch_labels.py took 0.177 seconds
[2024-01-27T17:57:22.342+0100] {processor.py:161} INFO - Started process (PID=8517) to work on /home/ubuntu/.local/lib/python3.10/site-packages/airflow/example_dags/example_branch_labels.py
[2024-01-27T17:57:22.349+0100] {processor.py:830} INFO - Processing file /home/ubuntu/.local/lib/python3.10/site-packages/airflow/example_dags/example_branch_labels.py for tasks to queue
[2024-01-27T17:57:22.350+0100] {logging_mixin.py:188} INFO - [2024-01-27T17:57:22.349+0100] {dagbag.py:538} INFO - Filling up the DagBag from /home/ubuntu/.local/lib/python3.10/site-packages/airflow/example_dags/example_branch_labels.py
[2024-01-27T17:57:22.368+0100] {processor.py:840} INFO - DAG(s) 'example_branch_labels' retrieved from /home/ubuntu/.local/lib/python3.10/site-packages/airflow/example_dags/example_branch_labels.py
[2024-01-27T17:57:22.391+0100] {logging_mixin.py:188} INFO - [2024-01-27T17:57:22.391+0100] {dag.py:3033} INFO - Sync 1 DAGs
[2024-01-27T17:57:22.416+0100] {logging_mixin.py:188} INFO - [2024-01-27T17:57:22.416+0100] {dag.py:3820} INFO - Setting next_dagrun for example_branch_labels to 2024-01-26T00:00:00+00:00, run_after=2024-01-27T00:00:00+00:00
[2024-01-27T17:57:22.585+0100] {processor.py:183} INFO - Processing /home/ubuntu/.local/lib/python3.10/site-packages/airflow/example_dags/example_branch_labels.py took 0.243 seconds
[2024-01-27T17:58:36.002+0100] {processor.py:161} INFO - Started process (PID=8646) to work on /home/ubuntu/.local/lib/python3.10/site-packages/airflow/example_dags/example_branch_labels.py
[2024-01-27T17:58:36.014+0100] {processor.py:830} INFO - Processing file /home/ubuntu/.local/lib/python3.10/site-packages/airflow/example_dags/example_branch_labels.py for tasks to queue
[2024-01-27T17:58:36.036+0100] {logging_mixin.py:188} INFO - [2024-01-27T17:58:36.035+0100] {dagbag.py:538} INFO - Filling up the DagBag from /home/ubuntu/.local/lib/python3.10/site-packages/airflow/example_dags/example_branch_labels.py
[2024-01-27T17:58:36.053+0100] {processor.py:840} INFO - DAG(s) 'example_branch_labels' retrieved from /home/ubuntu/.local/lib/python3.10/site-packages/airflow/example_dags/example_branch_labels.py
[2024-01-27T17:58:36.093+0100] {logging_mixin.py:188} INFO - [2024-01-27T17:58:36.093+0100] {dag.py:3033} INFO - Sync 1 DAGs
[2024-01-27T17:58:36.116+0100] {logging_mixin.py:188} INFO - [2024-01-27T17:58:36.115+0100] {dag.py:3820} INFO - Setting next_dagrun for example_branch_labels to 2024-01-26T00:00:00+00:00, run_after=2024-01-27T00:00:00+00:00
[2024-01-27T17:58:36.182+0100] {processor.py:183} INFO - Processing /home/ubuntu/.local/lib/python3.10/site-packages/airflow/example_dags/example_branch_labels.py took 0.185 seconds
[2024-01-27T17:59:48.271+0100] {processor.py:161} INFO - Started process (PID=8708) to work on /home/ubuntu/.local/lib/python3.10/site-packages/airflow/example_dags/example_branch_labels.py
[2024-01-27T17:59:48.278+0100] {processor.py:830} INFO - Processing file /home/ubuntu/.local/lib/python3.10/site-packages/airflow/example_dags/example_branch_labels.py for tasks to queue
[2024-01-27T17:59:48.279+0100] {logging_mixin.py:188} INFO - [2024-01-27T17:59:48.279+0100] {dagbag.py:538} INFO - Filling up the DagBag from /home/ubuntu/.local/lib/python3.10/site-packages/airflow/example_dags/example_branch_labels.py
[2024-01-27T17:59:48.297+0100] {processor.py:840} INFO - DAG(s) 'example_branch_labels' retrieved from /home/ubuntu/.local/lib/python3.10/site-packages/airflow/example_dags/example_branch_labels.py
[2024-01-27T17:59:48.323+0100] {logging_mixin.py:188} INFO - [2024-01-27T17:59:48.322+0100] {dag.py:3033} INFO - Sync 1 DAGs
[2024-01-27T17:59:48.353+0100] {logging_mixin.py:188} INFO - [2024-01-27T17:59:48.353+0100] {dag.py:3820} INFO - Setting next_dagrun for example_branch_labels to 2024-01-26T00:00:00+00:00, run_after=2024-01-27T00:00:00+00:00
[2024-01-27T17:59:48.480+0100] {processor.py:183} INFO - Processing /home/ubuntu/.local/lib/python3.10/site-packages/airflow/example_dags/example_branch_labels.py took 0.227 seconds
[2024-01-27T18:00:59.983+0100] {processor.py:161} INFO - Started process (PID=8771) to work on /home/ubuntu/.local/lib/python3.10/site-packages/airflow/example_dags/example_branch_labels.py
[2024-01-27T18:00:59.985+0100] {processor.py:830} INFO - Processing file /home/ubuntu/.local/lib/python3.10/site-packages/airflow/example_dags/example_branch_labels.py for tasks to queue
[2024-01-27T18:00:59.986+0100] {logging_mixin.py:188} INFO - [2024-01-27T18:00:59.986+0100] {dagbag.py:538} INFO - Filling up the DagBag from /home/ubuntu/.local/lib/python3.10/site-packages/airflow/example_dags/example_branch_labels.py
[2024-01-27T18:00:59.997+0100] {processor.py:840} INFO - DAG(s) 'example_branch_labels' retrieved from /home/ubuntu/.local/lib/python3.10/site-packages/airflow/example_dags/example_branch_labels.py
[2024-01-27T18:01:00.057+0100] {logging_mixin.py:188} INFO - [2024-01-27T18:01:00.057+0100] {dag.py:3033} INFO - Sync 1 DAGs
[2024-01-27T18:01:00.118+0100] {logging_mixin.py:188} INFO - [2024-01-27T18:01:00.118+0100] {dag.py:3820} INFO - Setting next_dagrun for example_branch_labels to 2024-01-26T00:00:00+00:00, run_after=2024-01-27T00:00:00+00:00
[2024-01-27T18:01:00.187+0100] {processor.py:183} INFO - Processing /home/ubuntu/.local/lib/python3.10/site-packages/airflow/example_dags/example_branch_labels.py took 0.212 seconds
[2024-01-27T18:02:36.225+0100] {processor.py:161} INFO - Started process (PID=8845) to work on /home/ubuntu/.local/lib/python3.10/site-packages/airflow/example_dags/example_branch_labels.py
[2024-01-27T18:02:36.285+0100] {processor.py:830} INFO - Processing file /home/ubuntu/.local/lib/python3.10/site-packages/airflow/example_dags/example_branch_labels.py for tasks to queue
[2024-01-27T18:02:36.287+0100] {logging_mixin.py:188} INFO - [2024-01-27T18:02:36.286+0100] {dagbag.py:538} INFO - Filling up the DagBag from /home/ubuntu/.local/lib/python3.10/site-packages/airflow/example_dags/example_branch_labels.py
[2024-01-27T18:02:36.345+0100] {processor.py:840} INFO - DAG(s) 'example_branch_labels' retrieved from /home/ubuntu/.local/lib/python3.10/site-packages/airflow/example_dags/example_branch_labels.py
[2024-01-27T18:02:36.477+0100] {logging_mixin.py:188} INFO - [2024-01-27T18:02:36.477+0100] {dag.py:3033} INFO - Sync 1 DAGs
[2024-01-27T18:02:36.606+0100] {logging_mixin.py:188} INFO - [2024-01-27T18:02:36.605+0100] {dag.py:3820} INFO - Setting next_dagrun for example_branch_labels to 2024-01-26T00:00:00+00:00, run_after=2024-01-27T00:00:00+00:00
[2024-01-27T18:02:37.143+0100] {processor.py:183} INFO - Processing /home/ubuntu/.local/lib/python3.10/site-packages/airflow/example_dags/example_branch_labels.py took 0.986 seconds
[2024-01-27T18:05:29.187+0100] {processor.py:161} INFO - Started process (PID=8937) to work on /home/ubuntu/.local/lib/python3.10/site-packages/airflow/example_dags/example_branch_labels.py
[2024-01-27T18:05:29.220+0100] {processor.py:830} INFO - Processing file /home/ubuntu/.local/lib/python3.10/site-packages/airflow/example_dags/example_branch_labels.py for tasks to queue
[2024-01-27T18:05:29.230+0100] {logging_mixin.py:188} INFO - [2024-01-27T18:05:29.221+0100] {dagbag.py:538} INFO - Filling up the DagBag from /home/ubuntu/.local/lib/python3.10/site-packages/airflow/example_dags/example_branch_labels.py
[2024-01-27T18:05:29.323+0100] {processor.py:840} INFO - DAG(s) 'example_branch_labels' retrieved from /home/ubuntu/.local/lib/python3.10/site-packages/airflow/example_dags/example_branch_labels.py
[2024-01-27T18:05:29.442+0100] {logging_mixin.py:188} INFO - [2024-01-27T18:05:29.442+0100] {dag.py:3033} INFO - Sync 1 DAGs
[2024-01-27T18:05:29.579+0100] {logging_mixin.py:188} INFO - [2024-01-27T18:05:29.579+0100] {dag.py:3820} INFO - Setting next_dagrun for example_branch_labels to 2024-01-26T00:00:00+00:00, run_after=2024-01-27T00:00:00+00:00
[2024-01-27T18:05:29.926+0100] {processor.py:183} INFO - Processing /home/ubuntu/.local/lib/python3.10/site-packages/airflow/example_dags/example_branch_labels.py took 0.761 seconds
[2024-01-27T18:07:24.785+0100] {processor.py:161} INFO - Started process (PID=8992) to work on /home/ubuntu/.local/lib/python3.10/site-packages/airflow/example_dags/example_branch_labels.py
[2024-01-27T18:07:24.828+0100] {processor.py:830} INFO - Processing file /home/ubuntu/.local/lib/python3.10/site-packages/airflow/example_dags/example_branch_labels.py for tasks to queue
[2024-01-27T18:07:24.830+0100] {logging_mixin.py:188} INFO - [2024-01-27T18:07:24.829+0100] {dagbag.py:538} INFO - Filling up the DagBag from /home/ubuntu/.local/lib/python3.10/site-packages/airflow/example_dags/example_branch_labels.py
[2024-01-27T18:07:24.912+0100] {processor.py:840} INFO - DAG(s) 'example_branch_labels' retrieved from /home/ubuntu/.local/lib/python3.10/site-packages/airflow/example_dags/example_branch_labels.py
[2024-01-27T18:07:25.132+0100] {logging_mixin.py:188} INFO - [2024-01-27T18:07:25.132+0100] {dag.py:3033} INFO - Sync 1 DAGs
[2024-01-27T18:07:25.252+0100] {logging_mixin.py:188} INFO - [2024-01-27T18:07:25.251+0100] {dag.py:3820} INFO - Setting next_dagrun for example_branch_labels to 2024-01-26T00:00:00+00:00, run_after=2024-01-27T00:00:00+00:00
[2024-01-27T18:07:25.711+0100] {processor.py:183} INFO - Processing /home/ubuntu/.local/lib/python3.10/site-packages/airflow/example_dags/example_branch_labels.py took 0.982 seconds
[2024-01-27T18:09:17.253+0100] {processor.py:161} INFO - Started process (PID=9053) to work on /home/ubuntu/.local/lib/python3.10/site-packages/airflow/example_dags/example_branch_labels.py
[2024-01-27T18:09:17.277+0100] {processor.py:830} INFO - Processing file /home/ubuntu/.local/lib/python3.10/site-packages/airflow/example_dags/example_branch_labels.py for tasks to queue
[2024-01-27T18:09:17.295+0100] {logging_mixin.py:188} INFO - [2024-01-27T18:09:17.278+0100] {dagbag.py:538} INFO - Filling up the DagBag from /home/ubuntu/.local/lib/python3.10/site-packages/airflow/example_dags/example_branch_labels.py
[2024-01-27T18:09:17.375+0100] {processor.py:840} INFO - DAG(s) 'example_branch_labels' retrieved from /home/ubuntu/.local/lib/python3.10/site-packages/airflow/example_dags/example_branch_labels.py
[2024-01-27T18:09:17.493+0100] {logging_mixin.py:188} INFO - [2024-01-27T18:09:17.492+0100] {dag.py:3033} INFO - Sync 1 DAGs
[2024-01-27T18:09:17.536+0100] {logging_mixin.py:188} INFO - [2024-01-27T18:09:17.536+0100] {dag.py:3820} INFO - Setting next_dagrun for example_branch_labels to 2024-01-26T00:00:00+00:00, run_after=2024-01-27T00:00:00+00:00
[2024-01-27T18:09:18.096+0100] {processor.py:183} INFO - Processing /home/ubuntu/.local/lib/python3.10/site-packages/airflow/example_dags/example_branch_labels.py took 0.850 seconds
[2024-01-27T18:11:05.340+0100] {processor.py:161} INFO - Started process (PID=9151) to work on /home/ubuntu/.local/lib/python3.10/site-packages/airflow/example_dags/example_branch_labels.py
[2024-01-27T18:11:05.388+0100] {processor.py:830} INFO - Processing file /home/ubuntu/.local/lib/python3.10/site-packages/airflow/example_dags/example_branch_labels.py for tasks to queue
[2024-01-27T18:11:05.389+0100] {logging_mixin.py:188} INFO - [2024-01-27T18:11:05.389+0100] {dagbag.py:538} INFO - Filling up the DagBag from /home/ubuntu/.local/lib/python3.10/site-packages/airflow/example_dags/example_branch_labels.py
[2024-01-27T18:11:05.442+0100] {processor.py:840} INFO - DAG(s) 'example_branch_labels' retrieved from /home/ubuntu/.local/lib/python3.10/site-packages/airflow/example_dags/example_branch_labels.py
[2024-01-27T18:11:05.526+0100] {logging_mixin.py:188} INFO - [2024-01-27T18:11:05.526+0100] {dag.py:3033} INFO - Sync 1 DAGs
[2024-01-27T18:11:05.733+0100] {logging_mixin.py:188} INFO - [2024-01-27T18:11:05.733+0100] {dag.py:3820} INFO - Setting next_dagrun for example_branch_labels to 2024-01-26T00:00:00+00:00, run_after=2024-01-27T00:00:00+00:00
[2024-01-27T18:11:06.240+0100] {processor.py:183} INFO - Processing /home/ubuntu/.local/lib/python3.10/site-packages/airflow/example_dags/example_branch_labels.py took 0.952 seconds
[2024-01-27T18:12:48.120+0100] {processor.py:161} INFO - Started process (PID=9210) to work on /home/ubuntu/.local/lib/python3.10/site-packages/airflow/example_dags/example_branch_labels.py
[2024-01-27T18:12:48.182+0100] {processor.py:830} INFO - Processing file /home/ubuntu/.local/lib/python3.10/site-packages/airflow/example_dags/example_branch_labels.py for tasks to queue
[2024-01-27T18:12:48.192+0100] {logging_mixin.py:188} INFO - [2024-01-27T18:12:48.191+0100] {dagbag.py:538} INFO - Filling up the DagBag from /home/ubuntu/.local/lib/python3.10/site-packages/airflow/example_dags/example_branch_labels.py
[2024-01-27T18:12:48.238+0100] {processor.py:840} INFO - DAG(s) 'example_branch_labels' retrieved from /home/ubuntu/.local/lib/python3.10/site-packages/airflow/example_dags/example_branch_labels.py
[2024-01-27T18:12:48.393+0100] {logging_mixin.py:188} INFO - [2024-01-27T18:12:48.392+0100] {dag.py:3033} INFO - Sync 1 DAGs
[2024-01-27T18:12:48.521+0100] {logging_mixin.py:188} INFO - [2024-01-27T18:12:48.520+0100] {dag.py:3820} INFO - Setting next_dagrun for example_branch_labels to 2024-01-26T00:00:00+00:00, run_after=2024-01-27T00:00:00+00:00
[2024-01-27T18:12:48.980+0100] {processor.py:183} INFO - Processing /home/ubuntu/.local/lib/python3.10/site-packages/airflow/example_dags/example_branch_labels.py took 0.903 seconds
[2024-01-27T18:14:33.679+0100] {processor.py:161} INFO - Started process (PID=9259) to work on /home/ubuntu/.local/lib/python3.10/site-packages/airflow/example_dags/example_branch_labels.py
[2024-01-27T18:14:33.725+0100] {processor.py:830} INFO - Processing file /home/ubuntu/.local/lib/python3.10/site-packages/airflow/example_dags/example_branch_labels.py for tasks to queue
[2024-01-27T18:14:33.749+0100] {logging_mixin.py:188} INFO - [2024-01-27T18:14:33.748+0100] {dagbag.py:538} INFO - Filling up the DagBag from /home/ubuntu/.local/lib/python3.10/site-packages/airflow/example_dags/example_branch_labels.py
[2024-01-27T18:14:33.797+0100] {processor.py:840} INFO - DAG(s) 'example_branch_labels' retrieved from /home/ubuntu/.local/lib/python3.10/site-packages/airflow/example_dags/example_branch_labels.py
[2024-01-27T18:14:33.937+0100] {logging_mixin.py:188} INFO - [2024-01-27T18:14:33.936+0100] {dag.py:3033} INFO - Sync 1 DAGs
[2024-01-27T18:14:34.055+0100] {logging_mixin.py:188} INFO - [2024-01-27T18:14:34.054+0100] {dag.py:3820} INFO - Setting next_dagrun for example_branch_labels to 2024-01-26T00:00:00+00:00, run_after=2024-01-27T00:00:00+00:00
[2024-01-27T18:14:34.578+0100] {processor.py:183} INFO - Processing /home/ubuntu/.local/lib/python3.10/site-packages/airflow/example_dags/example_branch_labels.py took 0.942 seconds
[2024-01-27T18:16:19.487+0100] {processor.py:161} INFO - Started process (PID=9308) to work on /home/ubuntu/.local/lib/python3.10/site-packages/airflow/example_dags/example_branch_labels.py
[2024-01-27T18:16:19.515+0100] {processor.py:830} INFO - Processing file /home/ubuntu/.local/lib/python3.10/site-packages/airflow/example_dags/example_branch_labels.py for tasks to queue
[2024-01-27T18:16:19.518+0100] {logging_mixin.py:188} INFO - [2024-01-27T18:16:19.517+0100] {dagbag.py:538} INFO - Filling up the DagBag from /home/ubuntu/.local/lib/python3.10/site-packages/airflow/example_dags/example_branch_labels.py
[2024-01-27T18:16:19.585+0100] {processor.py:840} INFO - DAG(s) 'example_branch_labels' retrieved from /home/ubuntu/.local/lib/python3.10/site-packages/airflow/example_dags/example_branch_labels.py
[2024-01-27T18:16:19.682+0100] {logging_mixin.py:188} INFO - [2024-01-27T18:16:19.682+0100] {dag.py:3033} INFO - Sync 1 DAGs
[2024-01-27T18:16:19.814+0100] {logging_mixin.py:188} INFO - [2024-01-27T18:16:19.806+0100] {dag.py:3820} INFO - Setting next_dagrun for example_branch_labels to 2024-01-26T00:00:00+00:00, run_after=2024-01-27T00:00:00+00:00
[2024-01-27T18:16:20.343+0100] {processor.py:183} INFO - Processing /home/ubuntu/.local/lib/python3.10/site-packages/airflow/example_dags/example_branch_labels.py took 0.898 seconds
[2024-01-27T18:18:04.468+0100] {processor.py:161} INFO - Started process (PID=9371) to work on /home/ubuntu/.local/lib/python3.10/site-packages/airflow/example_dags/example_branch_labels.py
[2024-01-27T18:18:04.506+0100] {processor.py:830} INFO - Processing file /home/ubuntu/.local/lib/python3.10/site-packages/airflow/example_dags/example_branch_labels.py for tasks to queue
[2024-01-27T18:18:04.541+0100] {logging_mixin.py:188} INFO - [2024-01-27T18:18:04.533+0100] {dagbag.py:538} INFO - Filling up the DagBag from /home/ubuntu/.local/lib/python3.10/site-packages/airflow/example_dags/example_branch_labels.py
[2024-01-27T18:18:04.609+0100] {processor.py:840} INFO - DAG(s) 'example_branch_labels' retrieved from /home/ubuntu/.local/lib/python3.10/site-packages/airflow/example_dags/example_branch_labels.py
[2024-01-27T18:18:04.743+0100] {logging_mixin.py:188} INFO - [2024-01-27T18:18:04.742+0100] {dag.py:3033} INFO - Sync 1 DAGs
[2024-01-27T18:18:04.912+0100] {logging_mixin.py:188} INFO - [2024-01-27T18:18:04.912+0100] {dag.py:3820} INFO - Setting next_dagrun for example_branch_labels to 2024-01-26T00:00:00+00:00, run_after=2024-01-27T00:00:00+00:00
[2024-01-27T18:18:05.201+0100] {processor.py:183} INFO - Processing /home/ubuntu/.local/lib/python3.10/site-packages/airflow/example_dags/example_branch_labels.py took 0.762 seconds
[2024-01-27T18:19:44.788+0100] {processor.py:161} INFO - Started process (PID=9521) to work on /home/ubuntu/.local/lib/python3.10/site-packages/airflow/example_dags/example_branch_labels.py
[2024-01-27T18:19:44.829+0100] {processor.py:830} INFO - Processing file /home/ubuntu/.local/lib/python3.10/site-packages/airflow/example_dags/example_branch_labels.py for tasks to queue
[2024-01-27T18:19:44.838+0100] {logging_mixin.py:188} INFO - [2024-01-27T18:19:44.837+0100] {dagbag.py:538} INFO - Filling up the DagBag from /home/ubuntu/.local/lib/python3.10/site-packages/airflow/example_dags/example_branch_labels.py
[2024-01-27T18:19:44.924+0100] {processor.py:840} INFO - DAG(s) 'example_branch_labels' retrieved from /home/ubuntu/.local/lib/python3.10/site-packages/airflow/example_dags/example_branch_labels.py
[2024-01-27T18:19:45.144+0100] {logging_mixin.py:188} INFO - [2024-01-27T18:19:45.144+0100] {dag.py:3033} INFO - Sync 1 DAGs
[2024-01-27T18:19:45.312+0100] {logging_mixin.py:188} INFO - [2024-01-27T18:19:45.311+0100] {dag.py:3820} INFO - Setting next_dagrun for example_branch_labels to 2024-01-26T00:00:00+00:00, run_after=2024-01-27T00:00:00+00:00
[2024-01-27T18:19:45.908+0100] {processor.py:183} INFO - Processing /home/ubuntu/.local/lib/python3.10/site-packages/airflow/example_dags/example_branch_labels.py took 1.157 seconds
[2024-01-27T18:21:33.402+0100] {processor.py:161} INFO - Started process (PID=9571) to work on /home/ubuntu/.local/lib/python3.10/site-packages/airflow/example_dags/example_branch_labels.py
[2024-01-27T18:21:33.452+0100] {processor.py:830} INFO - Processing file /home/ubuntu/.local/lib/python3.10/site-packages/airflow/example_dags/example_branch_labels.py for tasks to queue
[2024-01-27T18:21:33.455+0100] {logging_mixin.py:188} INFO - [2024-01-27T18:21:33.454+0100] {dagbag.py:538} INFO - Filling up the DagBag from /home/ubuntu/.local/lib/python3.10/site-packages/airflow/example_dags/example_branch_labels.py
[2024-01-27T18:21:33.524+0100] {processor.py:840} INFO - DAG(s) 'example_branch_labels' retrieved from /home/ubuntu/.local/lib/python3.10/site-packages/airflow/example_dags/example_branch_labels.py
[2024-01-27T18:21:33.743+0100] {logging_mixin.py:188} INFO - [2024-01-27T18:21:33.742+0100] {dag.py:3033} INFO - Sync 1 DAGs
[2024-01-27T18:21:33.871+0100] {logging_mixin.py:188} INFO - [2024-01-27T18:21:33.871+0100] {dag.py:3820} INFO - Setting next_dagrun for example_branch_labels to 2024-01-26T00:00:00+00:00, run_after=2024-01-27T00:00:00+00:00
[2024-01-27T18:21:34.180+0100] {processor.py:183} INFO - Processing /home/ubuntu/.local/lib/python3.10/site-packages/airflow/example_dags/example_branch_labels.py took 0.812 seconds
[2024-01-27T18:23:31.339+0100] {processor.py:161} INFO - Started process (PID=9701) to work on /home/ubuntu/.local/lib/python3.10/site-packages/airflow/example_dags/example_branch_labels.py
[2024-01-27T18:23:31.396+0100] {processor.py:830} INFO - Processing file /home/ubuntu/.local/lib/python3.10/site-packages/airflow/example_dags/example_branch_labels.py for tasks to queue
[2024-01-27T18:23:31.398+0100] {logging_mixin.py:188} INFO - [2024-01-27T18:23:31.397+0100] {dagbag.py:538} INFO - Filling up the DagBag from /home/ubuntu/.local/lib/python3.10/site-packages/airflow/example_dags/example_branch_labels.py
[2024-01-27T18:23:31.486+0100] {processor.py:840} INFO - DAG(s) 'example_branch_labels' retrieved from /home/ubuntu/.local/lib/python3.10/site-packages/airflow/example_dags/example_branch_labels.py
[2024-01-27T18:23:31.692+0100] {logging_mixin.py:188} INFO - [2024-01-27T18:23:31.684+0100] {dag.py:3033} INFO - Sync 1 DAGs
[2024-01-27T18:23:31.857+0100] {logging_mixin.py:188} INFO - [2024-01-27T18:23:31.856+0100] {dag.py:3820} INFO - Setting next_dagrun for example_branch_labels to 2024-01-26T00:00:00+00:00, run_after=2024-01-27T00:00:00+00:00
[2024-01-27T18:23:32.000+0100] {processor.py:183} INFO - Processing /home/ubuntu/.local/lib/python3.10/site-packages/airflow/example_dags/example_branch_labels.py took 0.703 seconds
[2024-01-27T18:25:22.974+0100] {processor.py:161} INFO - Started process (PID=9773) to work on /home/ubuntu/.local/lib/python3.10/site-packages/airflow/example_dags/example_branch_labels.py
[2024-01-27T18:25:23.077+0100] {processor.py:830} INFO - Processing file /home/ubuntu/.local/lib/python3.10/site-packages/airflow/example_dags/example_branch_labels.py for tasks to queue
[2024-01-27T18:25:23.101+0100] {logging_mixin.py:188} INFO - [2024-01-27T18:25:23.100+0100] {dagbag.py:538} INFO - Filling up the DagBag from /home/ubuntu/.local/lib/python3.10/site-packages/airflow/example_dags/example_branch_labels.py
[2024-01-27T18:25:23.247+0100] {processor.py:840} INFO - DAG(s) 'example_branch_labels' retrieved from /home/ubuntu/.local/lib/python3.10/site-packages/airflow/example_dags/example_branch_labels.py
[2024-01-27T18:25:23.418+0100] {logging_mixin.py:188} INFO - [2024-01-27T18:25:23.418+0100] {dag.py:3033} INFO - Sync 1 DAGs
[2024-01-27T18:25:23.537+0100] {logging_mixin.py:188} INFO - [2024-01-27T18:25:23.537+0100] {dag.py:3820} INFO - Setting next_dagrun for example_branch_labels to 2024-01-26T00:00:00+00:00, run_after=2024-01-27T00:00:00+00:00
[2024-01-27T18:25:24.185+0100] {processor.py:183} INFO - Processing /home/ubuntu/.local/lib/python3.10/site-packages/airflow/example_dags/example_branch_labels.py took 1.278 seconds
[2024-01-27T18:27:21.599+0100] {processor.py:161} INFO - Started process (PID=9843) to work on /home/ubuntu/.local/lib/python3.10/site-packages/airflow/example_dags/example_branch_labels.py
[2024-01-27T18:27:21.630+0100] {processor.py:830} INFO - Processing file /home/ubuntu/.local/lib/python3.10/site-packages/airflow/example_dags/example_branch_labels.py for tasks to queue
[2024-01-27T18:27:21.633+0100] {logging_mixin.py:188} INFO - [2024-01-27T18:27:21.631+0100] {dagbag.py:538} INFO - Filling up the DagBag from /home/ubuntu/.local/lib/python3.10/site-packages/airflow/example_dags/example_branch_labels.py
[2024-01-27T18:27:21.714+0100] {processor.py:840} INFO - DAG(s) 'example_branch_labels' retrieved from /home/ubuntu/.local/lib/python3.10/site-packages/airflow/example_dags/example_branch_labels.py
[2024-01-27T18:27:21.890+0100] {logging_mixin.py:188} INFO - [2024-01-27T18:27:21.890+0100] {dag.py:3033} INFO - Sync 1 DAGs
[2024-01-27T18:27:21.976+0100] {logging_mixin.py:188} INFO - [2024-01-27T18:27:21.976+0100] {dag.py:3820} INFO - Setting next_dagrun for example_branch_labels to 2024-01-26T00:00:00+00:00, run_after=2024-01-27T00:00:00+00:00
[2024-01-27T18:27:22.291+0100] {processor.py:183} INFO - Processing /home/ubuntu/.local/lib/python3.10/site-packages/airflow/example_dags/example_branch_labels.py took 0.698 seconds
[2024-01-27T18:33:36.432+0100] {processor.py:161} INFO - Started process (PID=10011) to work on /home/ubuntu/.local/lib/python3.10/site-packages/airflow/example_dags/example_branch_labels.py
[2024-01-27T18:33:36.493+0100] {processor.py:830} INFO - Processing file /home/ubuntu/.local/lib/python3.10/site-packages/airflow/example_dags/example_branch_labels.py for tasks to queue
[2024-01-27T18:33:36.496+0100] {logging_mixin.py:188} INFO - [2024-01-27T18:33:36.495+0100] {dagbag.py:538} INFO - Filling up the DagBag from /home/ubuntu/.local/lib/python3.10/site-packages/airflow/example_dags/example_branch_labels.py
[2024-01-27T18:33:36.540+0100] {processor.py:840} INFO - DAG(s) 'example_branch_labels' retrieved from /home/ubuntu/.local/lib/python3.10/site-packages/airflow/example_dags/example_branch_labels.py
[2024-01-27T18:33:36.740+0100] {logging_mixin.py:188} INFO - [2024-01-27T18:33:36.739+0100] {dag.py:3033} INFO - Sync 1 DAGs
[2024-01-27T18:33:36.861+0100] {logging_mixin.py:188} INFO - [2024-01-27T18:33:36.860+0100] {dag.py:3820} INFO - Setting next_dagrun for example_branch_labels to 2024-01-26T00:00:00+00:00, run_after=2024-01-27T00:00:00+00:00
[2024-01-27T18:33:37.469+0100] {processor.py:183} INFO - Processing /home/ubuntu/.local/lib/python3.10/site-packages/airflow/example_dags/example_branch_labels.py took 1.061 seconds
[2024-01-27T18:35:53.283+0100] {processor.py:161} INFO - Started process (PID=10098) to work on /home/ubuntu/.local/lib/python3.10/site-packages/airflow/example_dags/example_branch_labels.py
[2024-01-27T18:35:53.343+0100] {processor.py:830} INFO - Processing file /home/ubuntu/.local/lib/python3.10/site-packages/airflow/example_dags/example_branch_labels.py for tasks to queue
[2024-01-27T18:35:53.352+0100] {logging_mixin.py:188} INFO - [2024-01-27T18:35:53.351+0100] {dagbag.py:538} INFO - Filling up the DagBag from /home/ubuntu/.local/lib/python3.10/site-packages/airflow/example_dags/example_branch_labels.py
[2024-01-27T18:35:53.397+0100] {processor.py:840} INFO - DAG(s) 'example_branch_labels' retrieved from /home/ubuntu/.local/lib/python3.10/site-packages/airflow/example_dags/example_branch_labels.py
[2024-01-27T18:35:53.495+0100] {logging_mixin.py:188} INFO - [2024-01-27T18:35:53.495+0100] {dag.py:3033} INFO - Sync 1 DAGs
[2024-01-27T18:35:53.641+0100] {logging_mixin.py:188} INFO - [2024-01-27T18:35:53.641+0100] {dag.py:3820} INFO - Setting next_dagrun for example_branch_labels to 2024-01-26T00:00:00+00:00, run_after=2024-01-27T00:00:00+00:00
[2024-01-27T18:35:53.923+0100] {processor.py:183} INFO - Processing /home/ubuntu/.local/lib/python3.10/site-packages/airflow/example_dags/example_branch_labels.py took 0.651 seconds
[2024-01-27T18:37:45.477+0100] {processor.py:161} INFO - Started process (PID=10171) to work on /home/ubuntu/.local/lib/python3.10/site-packages/airflow/example_dags/example_branch_labels.py
[2024-01-27T18:37:45.522+0100] {processor.py:830} INFO - Processing file /home/ubuntu/.local/lib/python3.10/site-packages/airflow/example_dags/example_branch_labels.py for tasks to queue
[2024-01-27T18:37:45.524+0100] {logging_mixin.py:188} INFO - [2024-01-27T18:37:45.523+0100] {dagbag.py:538} INFO - Filling up the DagBag from /home/ubuntu/.local/lib/python3.10/site-packages/airflow/example_dags/example_branch_labels.py
[2024-01-27T18:37:45.644+0100] {processor.py:840} INFO - DAG(s) 'example_branch_labels' retrieved from /home/ubuntu/.local/lib/python3.10/site-packages/airflow/example_dags/example_branch_labels.py
[2024-01-27T18:37:45.788+0100] {logging_mixin.py:188} INFO - [2024-01-27T18:37:45.788+0100] {dag.py:3033} INFO - Sync 1 DAGs
[2024-01-27T18:37:45.864+0100] {logging_mixin.py:188} INFO - [2024-01-27T18:37:45.863+0100] {dag.py:3820} INFO - Setting next_dagrun for example_branch_labels to 2024-01-26T00:00:00+00:00, run_after=2024-01-27T00:00:00+00:00
[2024-01-27T18:37:46.180+0100] {processor.py:183} INFO - Processing /home/ubuntu/.local/lib/python3.10/site-packages/airflow/example_dags/example_branch_labels.py took 0.747 seconds
[2024-01-27T18:41:14.617+0100] {processor.py:161} INFO - Started process (PID=10293) to work on /home/ubuntu/.local/lib/python3.10/site-packages/airflow/example_dags/example_branch_labels.py
[2024-01-27T18:41:14.685+0100] {processor.py:830} INFO - Processing file /home/ubuntu/.local/lib/python3.10/site-packages/airflow/example_dags/example_branch_labels.py for tasks to queue
[2024-01-27T18:41:14.710+0100] {logging_mixin.py:188} INFO - [2024-01-27T18:41:14.709+0100] {dagbag.py:538} INFO - Filling up the DagBag from /home/ubuntu/.local/lib/python3.10/site-packages/airflow/example_dags/example_branch_labels.py
[2024-01-27T18:41:14.762+0100] {processor.py:840} INFO - DAG(s) 'example_branch_labels' retrieved from /home/ubuntu/.local/lib/python3.10/site-packages/airflow/example_dags/example_branch_labels.py
[2024-01-27T18:41:14.897+0100] {logging_mixin.py:188} INFO - [2024-01-27T18:41:14.896+0100] {dag.py:3033} INFO - Sync 1 DAGs
[2024-01-27T18:41:15.019+0100] {logging_mixin.py:188} INFO - [2024-01-27T18:41:15.018+0100] {dag.py:3820} INFO - Setting next_dagrun for example_branch_labels to 2024-01-26T00:00:00+00:00, run_after=2024-01-27T00:00:00+00:00
[2024-01-27T18:41:15.305+0100] {processor.py:183} INFO - Processing /home/ubuntu/.local/lib/python3.10/site-packages/airflow/example_dags/example_branch_labels.py took 0.710 seconds
[2024-01-27T18:43:04.536+0100] {processor.py:161} INFO - Started process (PID=10356) to work on /home/ubuntu/.local/lib/python3.10/site-packages/airflow/example_dags/example_branch_labels.py
[2024-01-27T18:43:04.582+0100] {processor.py:830} INFO - Processing file /home/ubuntu/.local/lib/python3.10/site-packages/airflow/example_dags/example_branch_labels.py for tasks to queue
[2024-01-27T18:43:04.584+0100] {logging_mixin.py:188} INFO - [2024-01-27T18:43:04.583+0100] {dagbag.py:538} INFO - Filling up the DagBag from /home/ubuntu/.local/lib/python3.10/site-packages/airflow/example_dags/example_branch_labels.py
[2024-01-27T18:43:04.652+0100] {processor.py:840} INFO - DAG(s) 'example_branch_labels' retrieved from /home/ubuntu/.local/lib/python3.10/site-packages/airflow/example_dags/example_branch_labels.py
[2024-01-27T18:43:04.835+0100] {logging_mixin.py:188} INFO - [2024-01-27T18:43:04.834+0100] {dag.py:3033} INFO - Sync 1 DAGs
[2024-01-27T18:43:05.540+0100] {logging_mixin.py:188} INFO - [2024-01-27T18:43:05.540+0100] {dag.py:3820} INFO - Setting next_dagrun for example_branch_labels to 2024-01-26T00:00:00+00:00, run_after=2024-01-27T00:00:00+00:00
[2024-01-27T18:43:06.350+0100] {processor.py:183} INFO - Processing /home/ubuntu/.local/lib/python3.10/site-packages/airflow/example_dags/example_branch_labels.py took 1.830 seconds
[2024-01-27T18:45:02.367+0100] {processor.py:161} INFO - Started process (PID=10424) to work on /home/ubuntu/.local/lib/python3.10/site-packages/airflow/example_dags/example_branch_labels.py
[2024-01-27T18:45:02.436+0100] {processor.py:830} INFO - Processing file /home/ubuntu/.local/lib/python3.10/site-packages/airflow/example_dags/example_branch_labels.py for tasks to queue
[2024-01-27T18:45:02.437+0100] {logging_mixin.py:188} INFO - [2024-01-27T18:45:02.437+0100] {dagbag.py:538} INFO - Filling up the DagBag from /home/ubuntu/.local/lib/python3.10/site-packages/airflow/example_dags/example_branch_labels.py
[2024-01-27T18:45:02.516+0100] {processor.py:840} INFO - DAG(s) 'example_branch_labels' retrieved from /home/ubuntu/.local/lib/python3.10/site-packages/airflow/example_dags/example_branch_labels.py
[2024-01-27T18:45:02.609+0100] {logging_mixin.py:188} INFO - [2024-01-27T18:45:02.609+0100] {dag.py:3033} INFO - Sync 1 DAGs
[2024-01-27T18:45:02.751+0100] {logging_mixin.py:188} INFO - [2024-01-27T18:45:02.751+0100] {dag.py:3820} INFO - Setting next_dagrun for example_branch_labels to 2024-01-26T00:00:00+00:00, run_after=2024-01-27T00:00:00+00:00
[2024-01-27T18:45:03.233+0100] {processor.py:183} INFO - Processing /home/ubuntu/.local/lib/python3.10/site-packages/airflow/example_dags/example_branch_labels.py took 0.888 seconds
[2024-01-27T18:46:55.164+0100] {processor.py:161} INFO - Started process (PID=10545) to work on /home/ubuntu/.local/lib/python3.10/site-packages/airflow/example_dags/example_branch_labels.py
[2024-01-27T18:46:55.204+0100] {processor.py:830} INFO - Processing file /home/ubuntu/.local/lib/python3.10/site-packages/airflow/example_dags/example_branch_labels.py for tasks to queue
[2024-01-27T18:46:55.207+0100] {logging_mixin.py:188} INFO - [2024-01-27T18:46:55.206+0100] {dagbag.py:538} INFO - Filling up the DagBag from /home/ubuntu/.local/lib/python3.10/site-packages/airflow/example_dags/example_branch_labels.py
[2024-01-27T18:46:55.224+0100] {processor.py:840} INFO - DAG(s) 'example_branch_labels' retrieved from /home/ubuntu/.local/lib/python3.10/site-packages/airflow/example_dags/example_branch_labels.py
[2024-01-27T18:46:55.261+0100] {logging_mixin.py:188} INFO - [2024-01-27T18:46:55.261+0100] {dag.py:3033} INFO - Sync 1 DAGs
[2024-01-27T18:46:55.300+0100] {logging_mixin.py:188} INFO - [2024-01-27T18:46:55.299+0100] {dag.py:3820} INFO - Setting next_dagrun for example_branch_labels to 2024-01-26T00:00:00+00:00, run_after=2024-01-27T00:00:00+00:00
[2024-01-27T18:46:55.640+0100] {processor.py:183} INFO - Processing /home/ubuntu/.local/lib/python3.10/site-packages/airflow/example_dags/example_branch_labels.py took 0.523 seconds
[2024-01-27T18:48:40.207+0100] {processor.py:161} INFO - Started process (PID=10657) to work on /home/ubuntu/.local/lib/python3.10/site-packages/airflow/example_dags/example_branch_labels.py
[2024-01-27T18:48:40.245+0100] {processor.py:830} INFO - Processing file /home/ubuntu/.local/lib/python3.10/site-packages/airflow/example_dags/example_branch_labels.py for tasks to queue
[2024-01-27T18:48:40.261+0100] {logging_mixin.py:188} INFO - [2024-01-27T18:48:40.260+0100] {dagbag.py:538} INFO - Filling up the DagBag from /home/ubuntu/.local/lib/python3.10/site-packages/airflow/example_dags/example_branch_labels.py
[2024-01-27T18:48:40.344+0100] {processor.py:840} INFO - DAG(s) 'example_branch_labels' retrieved from /home/ubuntu/.local/lib/python3.10/site-packages/airflow/example_dags/example_branch_labels.py
[2024-01-27T18:48:40.527+0100] {logging_mixin.py:188} INFO - [2024-01-27T18:48:40.526+0100] {dag.py:3033} INFO - Sync 1 DAGs
[2024-01-27T18:48:40.663+0100] {logging_mixin.py:188} INFO - [2024-01-27T18:48:40.662+0100] {dag.py:3820} INFO - Setting next_dagrun for example_branch_labels to 2024-01-26T00:00:00+00:00, run_after=2024-01-27T00:00:00+00:00
[2024-01-27T18:48:41.084+0100] {processor.py:183} INFO - Processing /home/ubuntu/.local/lib/python3.10/site-packages/airflow/example_dags/example_branch_labels.py took 0.884 seconds
[2024-01-27T18:50:20.589+0100] {processor.py:161} INFO - Started process (PID=10713) to work on /home/ubuntu/.local/lib/python3.10/site-packages/airflow/example_dags/example_branch_labels.py
[2024-01-27T18:50:20.657+0100] {processor.py:830} INFO - Processing file /home/ubuntu/.local/lib/python3.10/site-packages/airflow/example_dags/example_branch_labels.py for tasks to queue
[2024-01-27T18:50:20.660+0100] {logging_mixin.py:188} INFO - [2024-01-27T18:50:20.658+0100] {dagbag.py:538} INFO - Filling up the DagBag from /home/ubuntu/.local/lib/python3.10/site-packages/airflow/example_dags/example_branch_labels.py
[2024-01-27T18:50:20.710+0100] {processor.py:840} INFO - DAG(s) 'example_branch_labels' retrieved from /home/ubuntu/.local/lib/python3.10/site-packages/airflow/example_dags/example_branch_labels.py
[2024-01-27T18:50:20.846+0100] {logging_mixin.py:188} INFO - [2024-01-27T18:50:20.846+0100] {dag.py:3033} INFO - Sync 1 DAGs
[2024-01-27T18:50:20.984+0100] {logging_mixin.py:188} INFO - [2024-01-27T18:50:20.984+0100] {dag.py:3820} INFO - Setting next_dagrun for example_branch_labels to 2024-01-26T00:00:00+00:00, run_after=2024-01-27T00:00:00+00:00
[2024-01-27T18:50:21.484+0100] {processor.py:183} INFO - Processing /home/ubuntu/.local/lib/python3.10/site-packages/airflow/example_dags/example_branch_labels.py took 0.918 seconds
[2024-01-27T18:54:24.932+0100] {processor.py:161} INFO - Started process (PID=10826) to work on /home/ubuntu/.local/lib/python3.10/site-packages/airflow/example_dags/example_branch_labels.py
[2024-01-27T18:54:25.024+0100] {processor.py:830} INFO - Processing file /home/ubuntu/.local/lib/python3.10/site-packages/airflow/example_dags/example_branch_labels.py for tasks to queue
[2024-01-27T18:54:25.041+0100] {logging_mixin.py:188} INFO - [2024-01-27T18:54:25.025+0100] {dagbag.py:538} INFO - Filling up the DagBag from /home/ubuntu/.local/lib/python3.10/site-packages/airflow/example_dags/example_branch_labels.py
[2024-01-27T18:54:25.134+0100] {processor.py:840} INFO - DAG(s) 'example_branch_labels' retrieved from /home/ubuntu/.local/lib/python3.10/site-packages/airflow/example_dags/example_branch_labels.py
[2024-01-27T18:54:25.203+0100] {logging_mixin.py:188} INFO - [2024-01-27T18:54:25.202+0100] {dag.py:3033} INFO - Sync 1 DAGs
[2024-01-27T18:54:25.277+0100] {logging_mixin.py:188} INFO - [2024-01-27T18:54:25.276+0100] {dag.py:3820} INFO - Setting next_dagrun for example_branch_labels to 2024-01-26T00:00:00+00:00, run_after=2024-01-27T00:00:00+00:00
[2024-01-27T18:54:25.882+0100] {processor.py:183} INFO - Processing /home/ubuntu/.local/lib/python3.10/site-packages/airflow/example_dags/example_branch_labels.py took 0.961 seconds
[2024-01-27T18:57:00.817+0100] {processor.py:161} INFO - Started process (PID=10883) to work on /home/ubuntu/.local/lib/python3.10/site-packages/airflow/example_dags/example_branch_labels.py
[2024-01-27T18:57:00.835+0100] {processor.py:830} INFO - Processing file /home/ubuntu/.local/lib/python3.10/site-packages/airflow/example_dags/example_branch_labels.py for tasks to queue
[2024-01-27T18:57:00.845+0100] {logging_mixin.py:188} INFO - [2024-01-27T18:57:00.837+0100] {dagbag.py:538} INFO - Filling up the DagBag from /home/ubuntu/.local/lib/python3.10/site-packages/airflow/example_dags/example_branch_labels.py
[2024-01-27T18:57:00.925+0100] {processor.py:840} INFO - DAG(s) 'example_branch_labels' retrieved from /home/ubuntu/.local/lib/python3.10/site-packages/airflow/example_dags/example_branch_labels.py
[2024-01-27T18:57:01.121+0100] {logging_mixin.py:188} INFO - [2024-01-27T18:57:01.120+0100] {dag.py:3033} INFO - Sync 1 DAGs
[2024-01-27T18:57:01.308+0100] {logging_mixin.py:188} INFO - [2024-01-27T18:57:01.308+0100] {dag.py:3820} INFO - Setting next_dagrun for example_branch_labels to 2024-01-26T00:00:00+00:00, run_after=2024-01-27T00:00:00+00:00
[2024-01-27T18:57:01.997+0100] {processor.py:183} INFO - Processing /home/ubuntu/.local/lib/python3.10/site-packages/airflow/example_dags/example_branch_labels.py took 1.226 seconds
[2024-01-27T18:59:16.828+0100] {processor.py:161} INFO - Started process (PID=10963) to work on /home/ubuntu/.local/lib/python3.10/site-packages/airflow/example_dags/example_branch_labels.py
[2024-01-27T18:59:16.875+0100] {processor.py:830} INFO - Processing file /home/ubuntu/.local/lib/python3.10/site-packages/airflow/example_dags/example_branch_labels.py for tasks to queue
[2024-01-27T18:59:16.878+0100] {logging_mixin.py:188} INFO - [2024-01-27T18:59:16.877+0100] {dagbag.py:538} INFO - Filling up the DagBag from /home/ubuntu/.local/lib/python3.10/site-packages/airflow/example_dags/example_branch_labels.py
[2024-01-27T18:59:17.026+0100] {processor.py:840} INFO - DAG(s) 'example_branch_labels' retrieved from /home/ubuntu/.local/lib/python3.10/site-packages/airflow/example_dags/example_branch_labels.py
[2024-01-27T18:59:17.201+0100] {logging_mixin.py:188} INFO - [2024-01-27T18:59:17.183+0100] {dag.py:3033} INFO - Sync 1 DAGs
[2024-01-27T18:59:17.448+0100] {logging_mixin.py:188} INFO - [2024-01-27T18:59:17.447+0100] {dag.py:3820} INFO - Setting next_dagrun for example_branch_labels to 2024-01-26T00:00:00+00:00, run_after=2024-01-27T00:00:00+00:00
[2024-01-27T18:59:18.229+0100] {processor.py:183} INFO - Processing /home/ubuntu/.local/lib/python3.10/site-packages/airflow/example_dags/example_branch_labels.py took 1.488 seconds
[2024-01-27T19:01:31.019+0100] {processor.py:161} INFO - Started process (PID=11021) to work on /home/ubuntu/.local/lib/python3.10/site-packages/airflow/example_dags/example_branch_labels.py
[2024-01-27T19:01:31.026+0100] {processor.py:830} INFO - Processing file /home/ubuntu/.local/lib/python3.10/site-packages/airflow/example_dags/example_branch_labels.py for tasks to queue
[2024-01-27T19:01:31.027+0100] {logging_mixin.py:188} INFO - [2024-01-27T19:01:31.027+0100] {dagbag.py:538} INFO - Filling up the DagBag from /home/ubuntu/.local/lib/python3.10/site-packages/airflow/example_dags/example_branch_labels.py
[2024-01-27T19:01:31.084+0100] {processor.py:840} INFO - DAG(s) 'example_branch_labels' retrieved from /home/ubuntu/.local/lib/python3.10/site-packages/airflow/example_dags/example_branch_labels.py
[2024-01-27T19:01:31.289+0100] {logging_mixin.py:188} INFO - [2024-01-27T19:01:31.289+0100] {dag.py:3033} INFO - Sync 1 DAGs
[2024-01-27T19:01:31.376+0100] {logging_mixin.py:188} INFO - [2024-01-27T19:01:31.376+0100] {dag.py:3820} INFO - Setting next_dagrun for example_branch_labels to 2024-01-26T00:00:00+00:00, run_after=2024-01-27T00:00:00+00:00
[2024-01-27T19:01:31.947+0100] {processor.py:183} INFO - Processing /home/ubuntu/.local/lib/python3.10/site-packages/airflow/example_dags/example_branch_labels.py took 0.990 seconds
[2024-01-27T19:03:39.944+0100] {processor.py:161} INFO - Started process (PID=11076) to work on /home/ubuntu/.local/lib/python3.10/site-packages/airflow/example_dags/example_branch_labels.py
[2024-01-27T19:03:39.998+0100] {processor.py:830} INFO - Processing file /home/ubuntu/.local/lib/python3.10/site-packages/airflow/example_dags/example_branch_labels.py for tasks to queue
[2024-01-27T19:03:40.001+0100] {logging_mixin.py:188} INFO - [2024-01-27T19:03:39.999+0100] {dagbag.py:538} INFO - Filling up the DagBag from /home/ubuntu/.local/lib/python3.10/site-packages/airflow/example_dags/example_branch_labels.py
[2024-01-27T19:03:40.221+0100] {processor.py:840} INFO - DAG(s) 'example_branch_labels' retrieved from /home/ubuntu/.local/lib/python3.10/site-packages/airflow/example_dags/example_branch_labels.py
[2024-01-27T19:03:40.514+0100] {logging_mixin.py:188} INFO - [2024-01-27T19:03:40.513+0100] {dag.py:3033} INFO - Sync 1 DAGs
[2024-01-27T19:03:40.796+0100] {logging_mixin.py:188} INFO - [2024-01-27T19:03:40.795+0100] {dag.py:3820} INFO - Setting next_dagrun for example_branch_labels to 2024-01-26T00:00:00+00:00, run_after=2024-01-27T00:00:00+00:00
[2024-01-27T19:03:41.476+0100] {processor.py:183} INFO - Processing /home/ubuntu/.local/lib/python3.10/site-packages/airflow/example_dags/example_branch_labels.py took 1.546 seconds
[2024-01-27T19:05:51.917+0100] {processor.py:161} INFO - Started process (PID=11133) to work on /home/ubuntu/.local/lib/python3.10/site-packages/airflow/example_dags/example_branch_labels.py
[2024-01-27T19:05:51.941+0100] {processor.py:830} INFO - Processing file /home/ubuntu/.local/lib/python3.10/site-packages/airflow/example_dags/example_branch_labels.py for tasks to queue
[2024-01-27T19:05:52.013+0100] {logging_mixin.py:188} INFO - [2024-01-27T19:05:51.996+0100] {dagbag.py:538} INFO - Filling up the DagBag from /home/ubuntu/.local/lib/python3.10/site-packages/airflow/example_dags/example_branch_labels.py
[2024-01-27T19:05:52.147+0100] {processor.py:840} INFO - DAG(s) 'example_branch_labels' retrieved from /home/ubuntu/.local/lib/python3.10/site-packages/airflow/example_dags/example_branch_labels.py
[2024-01-27T19:05:52.544+0100] {logging_mixin.py:188} INFO - [2024-01-27T19:05:52.544+0100] {dag.py:3033} INFO - Sync 1 DAGs
[2024-01-27T19:05:52.820+0100] {logging_mixin.py:188} INFO - [2024-01-27T19:05:52.820+0100] {dag.py:3820} INFO - Setting next_dagrun for example_branch_labels to 2024-01-26T00:00:00+00:00, run_after=2024-01-27T00:00:00+00:00
[2024-01-27T19:05:53.490+0100] {processor.py:183} INFO - Processing /home/ubuntu/.local/lib/python3.10/site-packages/airflow/example_dags/example_branch_labels.py took 1.625 seconds
[2024-01-27T19:08:04.783+0100] {processor.py:161} INFO - Started process (PID=11188) to work on /home/ubuntu/.local/lib/python3.10/site-packages/airflow/example_dags/example_branch_labels.py
[2024-01-27T19:08:04.827+0100] {processor.py:830} INFO - Processing file /home/ubuntu/.local/lib/python3.10/site-packages/airflow/example_dags/example_branch_labels.py for tasks to queue
[2024-01-27T19:08:04.845+0100] {logging_mixin.py:188} INFO - [2024-01-27T19:08:04.838+0100] {dagbag.py:538} INFO - Filling up the DagBag from /home/ubuntu/.local/lib/python3.10/site-packages/airflow/example_dags/example_branch_labels.py
[2024-01-27T19:08:05.037+0100] {processor.py:840} INFO - DAG(s) 'example_branch_labels' retrieved from /home/ubuntu/.local/lib/python3.10/site-packages/airflow/example_dags/example_branch_labels.py
[2024-01-27T19:08:05.272+0100] {logging_mixin.py:188} INFO - [2024-01-27T19:08:05.272+0100] {dag.py:3033} INFO - Sync 1 DAGs
[2024-01-27T19:08:05.549+0100] {logging_mixin.py:188} INFO - [2024-01-27T19:08:05.549+0100] {dag.py:3820} INFO - Setting next_dagrun for example_branch_labels to 2024-01-26T00:00:00+00:00, run_after=2024-01-27T00:00:00+00:00
[2024-01-27T19:08:06.215+0100] {processor.py:183} INFO - Processing /home/ubuntu/.local/lib/python3.10/site-packages/airflow/example_dags/example_branch_labels.py took 1.482 seconds
