[2024-01-27T17:53:41.838+0100] {processor.py:161} INFO - Started process (PID=8321) to work on /home/ubuntu/.local/lib/python3.10/site-packages/airflow/example_dags/example_params_trigger_ui.py
[2024-01-27T17:53:41.839+0100] {processor.py:830} INFO - Processing file /home/ubuntu/.local/lib/python3.10/site-packages/airflow/example_dags/example_params_trigger_ui.py for tasks to queue
[2024-01-27T17:53:41.840+0100] {logging_mixin.py:188} INFO - [2024-01-27T17:53:41.840+0100] {dagbag.py:538} INFO - Filling up the DagBag from /home/ubuntu/.local/lib/python3.10/site-packages/airflow/example_dags/example_params_trigger_ui.py
[2024-01-27T17:53:41.915+0100] {processor.py:840} INFO - DAG(s) 'example_params_trigger_ui' retrieved from /home/ubuntu/.local/lib/python3.10/site-packages/airflow/example_dags/example_params_trigger_ui.py
[2024-01-27T17:53:42.192+0100] {logging_mixin.py:188} INFO - [2024-01-27T17:53:42.192+0100] {dag.py:3033} INFO - Sync 1 DAGs
[2024-01-27T17:53:42.201+0100] {logging_mixin.py:188} INFO - [2024-01-27T17:53:42.201+0100] {dag.py:3820} INFO - Setting next_dagrun for example_params_trigger_ui to None, run_after=None
[2024-01-27T17:53:42.291+0100] {processor.py:183} INFO - Processing /home/ubuntu/.local/lib/python3.10/site-packages/airflow/example_dags/example_params_trigger_ui.py took 0.471 seconds
[2024-01-27T17:54:54.209+0100] {processor.py:161} INFO - Started process (PID=8382) to work on /home/ubuntu/.local/lib/python3.10/site-packages/airflow/example_dags/example_params_trigger_ui.py
[2024-01-27T17:54:54.211+0100] {processor.py:830} INFO - Processing file /home/ubuntu/.local/lib/python3.10/site-packages/airflow/example_dags/example_params_trigger_ui.py for tasks to queue
[2024-01-27T17:54:54.212+0100] {logging_mixin.py:188} INFO - [2024-01-27T17:54:54.212+0100] {dagbag.py:538} INFO - Filling up the DagBag from /home/ubuntu/.local/lib/python3.10/site-packages/airflow/example_dags/example_params_trigger_ui.py
[2024-01-27T17:54:54.235+0100] {processor.py:840} INFO - DAG(s) 'example_params_trigger_ui' retrieved from /home/ubuntu/.local/lib/python3.10/site-packages/airflow/example_dags/example_params_trigger_ui.py
[2024-01-27T17:54:54.300+0100] {logging_mixin.py:188} INFO - [2024-01-27T17:54:54.299+0100] {dag.py:3033} INFO - Sync 1 DAGs
[2024-01-27T17:54:54.312+0100] {logging_mixin.py:188} INFO - [2024-01-27T17:54:54.312+0100] {dag.py:3820} INFO - Setting next_dagrun for example_params_trigger_ui to None, run_after=None
[2024-01-27T17:54:54.375+0100] {processor.py:183} INFO - Processing /home/ubuntu/.local/lib/python3.10/site-packages/airflow/example_dags/example_params_trigger_ui.py took 0.174 seconds
[2024-01-27T17:56:04.524+0100] {processor.py:161} INFO - Started process (PID=8444) to work on /home/ubuntu/.local/lib/python3.10/site-packages/airflow/example_dags/example_params_trigger_ui.py
[2024-01-27T17:56:04.534+0100] {processor.py:830} INFO - Processing file /home/ubuntu/.local/lib/python3.10/site-packages/airflow/example_dags/example_params_trigger_ui.py for tasks to queue
[2024-01-27T17:56:04.535+0100] {logging_mixin.py:188} INFO - [2024-01-27T17:56:04.535+0100] {dagbag.py:538} INFO - Filling up the DagBag from /home/ubuntu/.local/lib/python3.10/site-packages/airflow/example_dags/example_params_trigger_ui.py
[2024-01-27T17:56:04.553+0100] {processor.py:840} INFO - DAG(s) 'example_params_trigger_ui' retrieved from /home/ubuntu/.local/lib/python3.10/site-packages/airflow/example_dags/example_params_trigger_ui.py
[2024-01-27T17:56:04.592+0100] {logging_mixin.py:188} INFO - [2024-01-27T17:56:04.592+0100] {dag.py:3033} INFO - Sync 1 DAGs
[2024-01-27T17:56:04.603+0100] {logging_mixin.py:188} INFO - [2024-01-27T17:56:04.603+0100] {dag.py:3820} INFO - Setting next_dagrun for example_params_trigger_ui to None, run_after=None
[2024-01-27T17:56:04.722+0100] {processor.py:183} INFO - Processing /home/ubuntu/.local/lib/python3.10/site-packages/airflow/example_dags/example_params_trigger_ui.py took 0.207 seconds
[2024-01-27T17:57:20.890+0100] {processor.py:161} INFO - Started process (PID=8516) to work on /home/ubuntu/.local/lib/python3.10/site-packages/airflow/example_dags/example_params_trigger_ui.py
[2024-01-27T17:57:20.894+0100] {processor.py:830} INFO - Processing file /home/ubuntu/.local/lib/python3.10/site-packages/airflow/example_dags/example_params_trigger_ui.py for tasks to queue
[2024-01-27T17:57:20.895+0100] {logging_mixin.py:188} INFO - [2024-01-27T17:57:20.894+0100] {dagbag.py:538} INFO - Filling up the DagBag from /home/ubuntu/.local/lib/python3.10/site-packages/airflow/example_dags/example_params_trigger_ui.py
[2024-01-27T17:57:20.912+0100] {processor.py:840} INFO - DAG(s) 'example_params_trigger_ui' retrieved from /home/ubuntu/.local/lib/python3.10/site-packages/airflow/example_dags/example_params_trigger_ui.py
[2024-01-27T17:57:20.961+0100] {logging_mixin.py:188} INFO - [2024-01-27T17:57:20.961+0100] {dag.py:3033} INFO - Sync 1 DAGs
[2024-01-27T17:57:20.973+0100] {logging_mixin.py:188} INFO - [2024-01-27T17:57:20.973+0100] {dag.py:3820} INFO - Setting next_dagrun for example_params_trigger_ui to None, run_after=None
[2024-01-27T17:57:21.087+0100] {processor.py:183} INFO - Processing /home/ubuntu/.local/lib/python3.10/site-packages/airflow/example_dags/example_params_trigger_ui.py took 0.200 seconds
[2024-01-27T17:58:34.528+0100] {processor.py:161} INFO - Started process (PID=8645) to work on /home/ubuntu/.local/lib/python3.10/site-packages/airflow/example_dags/example_params_trigger_ui.py
[2024-01-27T17:58:34.530+0100] {processor.py:830} INFO - Processing file /home/ubuntu/.local/lib/python3.10/site-packages/airflow/example_dags/example_params_trigger_ui.py for tasks to queue
[2024-01-27T17:58:34.531+0100] {logging_mixin.py:188} INFO - [2024-01-27T17:58:34.531+0100] {dagbag.py:538} INFO - Filling up the DagBag from /home/ubuntu/.local/lib/python3.10/site-packages/airflow/example_dags/example_params_trigger_ui.py
[2024-01-27T17:58:34.557+0100] {processor.py:840} INFO - DAG(s) 'example_params_trigger_ui' retrieved from /home/ubuntu/.local/lib/python3.10/site-packages/airflow/example_dags/example_params_trigger_ui.py
[2024-01-27T17:58:34.626+0100] {logging_mixin.py:188} INFO - [2024-01-27T17:58:34.626+0100] {dag.py:3033} INFO - Sync 1 DAGs
[2024-01-27T17:58:34.643+0100] {logging_mixin.py:188} INFO - [2024-01-27T17:58:34.643+0100] {dag.py:3820} INFO - Setting next_dagrun for example_params_trigger_ui to None, run_after=None
[2024-01-27T17:58:34.714+0100] {processor.py:183} INFO - Processing /home/ubuntu/.local/lib/python3.10/site-packages/airflow/example_dags/example_params_trigger_ui.py took 0.195 seconds
[2024-01-27T17:59:46.831+0100] {processor.py:161} INFO - Started process (PID=8707) to work on /home/ubuntu/.local/lib/python3.10/site-packages/airflow/example_dags/example_params_trigger_ui.py
[2024-01-27T17:59:46.840+0100] {processor.py:830} INFO - Processing file /home/ubuntu/.local/lib/python3.10/site-packages/airflow/example_dags/example_params_trigger_ui.py for tasks to queue
[2024-01-27T17:59:46.841+0100] {logging_mixin.py:188} INFO - [2024-01-27T17:59:46.840+0100] {dagbag.py:538} INFO - Filling up the DagBag from /home/ubuntu/.local/lib/python3.10/site-packages/airflow/example_dags/example_params_trigger_ui.py
[2024-01-27T17:59:46.859+0100] {processor.py:840} INFO - DAG(s) 'example_params_trigger_ui' retrieved from /home/ubuntu/.local/lib/python3.10/site-packages/airflow/example_dags/example_params_trigger_ui.py
[2024-01-27T17:59:46.907+0100] {logging_mixin.py:188} INFO - [2024-01-27T17:59:46.907+0100] {dag.py:3033} INFO - Sync 1 DAGs
[2024-01-27T17:59:46.920+0100] {logging_mixin.py:188} INFO - [2024-01-27T17:59:46.919+0100] {dag.py:3820} INFO - Setting next_dagrun for example_params_trigger_ui to None, run_after=None
[2024-01-27T17:59:47.027+0100] {processor.py:183} INFO - Processing /home/ubuntu/.local/lib/python3.10/site-packages/airflow/example_dags/example_params_trigger_ui.py took 0.204 seconds
[2024-01-27T18:00:58.382+0100] {processor.py:161} INFO - Started process (PID=8770) to work on /home/ubuntu/.local/lib/python3.10/site-packages/airflow/example_dags/example_params_trigger_ui.py
[2024-01-27T18:00:58.397+0100] {processor.py:830} INFO - Processing file /home/ubuntu/.local/lib/python3.10/site-packages/airflow/example_dags/example_params_trigger_ui.py for tasks to queue
[2024-01-27T18:00:58.399+0100] {logging_mixin.py:188} INFO - [2024-01-27T18:00:58.398+0100] {dagbag.py:538} INFO - Filling up the DagBag from /home/ubuntu/.local/lib/python3.10/site-packages/airflow/example_dags/example_params_trigger_ui.py
[2024-01-27T18:00:58.456+0100] {processor.py:840} INFO - DAG(s) 'example_params_trigger_ui' retrieved from /home/ubuntu/.local/lib/python3.10/site-packages/airflow/example_dags/example_params_trigger_ui.py
[2024-01-27T18:00:58.557+0100] {logging_mixin.py:188} INFO - [2024-01-27T18:00:58.557+0100] {dag.py:3033} INFO - Sync 1 DAGs
[2024-01-27T18:00:58.581+0100] {logging_mixin.py:188} INFO - [2024-01-27T18:00:58.581+0100] {dag.py:3820} INFO - Setting next_dagrun for example_params_trigger_ui to None, run_after=None
[2024-01-27T18:00:58.705+0100] {processor.py:183} INFO - Processing /home/ubuntu/.local/lib/python3.10/site-packages/airflow/example_dags/example_params_trigger_ui.py took 0.327 seconds
[2024-01-27T18:02:33.802+0100] {processor.py:161} INFO - Started process (PID=8842) to work on /home/ubuntu/.local/lib/python3.10/site-packages/airflow/example_dags/example_params_trigger_ui.py
[2024-01-27T18:02:33.828+0100] {processor.py:830} INFO - Processing file /home/ubuntu/.local/lib/python3.10/site-packages/airflow/example_dags/example_params_trigger_ui.py for tasks to queue
[2024-01-27T18:02:33.835+0100] {logging_mixin.py:188} INFO - [2024-01-27T18:02:33.829+0100] {dagbag.py:538} INFO - Filling up the DagBag from /home/ubuntu/.local/lib/python3.10/site-packages/airflow/example_dags/example_params_trigger_ui.py
[2024-01-27T18:02:33.941+0100] {processor.py:840} INFO - DAG(s) 'example_params_trigger_ui' retrieved from /home/ubuntu/.local/lib/python3.10/site-packages/airflow/example_dags/example_params_trigger_ui.py
[2024-01-27T18:02:34.070+0100] {logging_mixin.py:188} INFO - [2024-01-27T18:02:34.069+0100] {dag.py:3033} INFO - Sync 1 DAGs
[2024-01-27T18:02:34.093+0100] {logging_mixin.py:188} INFO - [2024-01-27T18:02:34.092+0100] {dag.py:3820} INFO - Setting next_dagrun for example_params_trigger_ui to None, run_after=None
[2024-01-27T18:02:34.411+0100] {processor.py:183} INFO - Processing /home/ubuntu/.local/lib/python3.10/site-packages/airflow/example_dags/example_params_trigger_ui.py took 0.628 seconds
[2024-01-27T18:05:26.927+0100] {processor.py:161} INFO - Started process (PID=8936) to work on /home/ubuntu/.local/lib/python3.10/site-packages/airflow/example_dags/example_params_trigger_ui.py
[2024-01-27T18:05:26.968+0100] {processor.py:830} INFO - Processing file /home/ubuntu/.local/lib/python3.10/site-packages/airflow/example_dags/example_params_trigger_ui.py for tasks to queue
[2024-01-27T18:05:26.970+0100] {logging_mixin.py:188} INFO - [2024-01-27T18:05:26.969+0100] {dagbag.py:538} INFO - Filling up the DagBag from /home/ubuntu/.local/lib/python3.10/site-packages/airflow/example_dags/example_params_trigger_ui.py
[2024-01-27T18:05:27.006+0100] {processor.py:840} INFO - DAG(s) 'example_params_trigger_ui' retrieved from /home/ubuntu/.local/lib/python3.10/site-packages/airflow/example_dags/example_params_trigger_ui.py
[2024-01-27T18:05:27.072+0100] {logging_mixin.py:188} INFO - [2024-01-27T18:05:27.072+0100] {dag.py:3033} INFO - Sync 1 DAGs
[2024-01-27T18:05:27.090+0100] {logging_mixin.py:188} INFO - [2024-01-27T18:05:27.090+0100] {dag.py:3820} INFO - Setting next_dagrun for example_params_trigger_ui to None, run_after=None
[2024-01-27T18:05:27.513+0100] {processor.py:183} INFO - Processing /home/ubuntu/.local/lib/python3.10/site-packages/airflow/example_dags/example_params_trigger_ui.py took 0.611 seconds
[2024-01-27T18:07:20.832+0100] {processor.py:161} INFO - Started process (PID=8991) to work on /home/ubuntu/.local/lib/python3.10/site-packages/airflow/example_dags/example_params_trigger_ui.py
[2024-01-27T18:07:20.869+0100] {processor.py:830} INFO - Processing file /home/ubuntu/.local/lib/python3.10/site-packages/airflow/example_dags/example_params_trigger_ui.py for tasks to queue
[2024-01-27T18:07:20.930+0100] {logging_mixin.py:188} INFO - [2024-01-27T18:07:20.929+0100] {dagbag.py:538} INFO - Filling up the DagBag from /home/ubuntu/.local/lib/python3.10/site-packages/airflow/example_dags/example_params_trigger_ui.py
[2024-01-27T18:07:21.124+0100] {processor.py:840} INFO - DAG(s) 'example_params_trigger_ui' retrieved from /home/ubuntu/.local/lib/python3.10/site-packages/airflow/example_dags/example_params_trigger_ui.py
[2024-01-27T18:07:21.748+0100] {logging_mixin.py:188} INFO - [2024-01-27T18:07:21.747+0100] {dag.py:3033} INFO - Sync 1 DAGs
[2024-01-27T18:07:21.975+0100] {logging_mixin.py:188} INFO - [2024-01-27T18:07:21.975+0100] {dag.py:3820} INFO - Setting next_dagrun for example_params_trigger_ui to None, run_after=None
[2024-01-27T18:07:22.555+0100] {processor.py:183} INFO - Processing /home/ubuntu/.local/lib/python3.10/site-packages/airflow/example_dags/example_params_trigger_ui.py took 1.751 seconds
[2024-01-27T18:09:14.678+0100] {processor.py:161} INFO - Started process (PID=9052) to work on /home/ubuntu/.local/lib/python3.10/site-packages/airflow/example_dags/example_params_trigger_ui.py
[2024-01-27T18:09:14.749+0100] {processor.py:830} INFO - Processing file /home/ubuntu/.local/lib/python3.10/site-packages/airflow/example_dags/example_params_trigger_ui.py for tasks to queue
[2024-01-27T18:09:14.766+0100] {logging_mixin.py:188} INFO - [2024-01-27T18:09:14.765+0100] {dagbag.py:538} INFO - Filling up the DagBag from /home/ubuntu/.local/lib/python3.10/site-packages/airflow/example_dags/example_params_trigger_ui.py
[2024-01-27T18:09:14.886+0100] {processor.py:840} INFO - DAG(s) 'example_params_trigger_ui' retrieved from /home/ubuntu/.local/lib/python3.10/site-packages/airflow/example_dags/example_params_trigger_ui.py
[2024-01-27T18:09:15.308+0100] {logging_mixin.py:188} INFO - [2024-01-27T18:09:15.307+0100] {dag.py:3033} INFO - Sync 1 DAGs
[2024-01-27T18:09:15.361+0100] {logging_mixin.py:188} INFO - [2024-01-27T18:09:15.360+0100] {dag.py:3820} INFO - Setting next_dagrun for example_params_trigger_ui to None, run_after=None
[2024-01-27T18:09:15.859+0100] {processor.py:183} INFO - Processing /home/ubuntu/.local/lib/python3.10/site-packages/airflow/example_dags/example_params_trigger_ui.py took 1.188 seconds
[2024-01-27T18:11:02.217+0100] {processor.py:161} INFO - Started process (PID=9150) to work on /home/ubuntu/.local/lib/python3.10/site-packages/airflow/example_dags/example_params_trigger_ui.py
[2024-01-27T18:11:02.276+0100] {processor.py:830} INFO - Processing file /home/ubuntu/.local/lib/python3.10/site-packages/airflow/example_dags/example_params_trigger_ui.py for tasks to queue
[2024-01-27T18:11:02.285+0100] {logging_mixin.py:188} INFO - [2024-01-27T18:11:02.284+0100] {dagbag.py:538} INFO - Filling up the DagBag from /home/ubuntu/.local/lib/python3.10/site-packages/airflow/example_dags/example_params_trigger_ui.py
[2024-01-27T18:11:02.370+0100] {processor.py:840} INFO - DAG(s) 'example_params_trigger_ui' retrieved from /home/ubuntu/.local/lib/python3.10/site-packages/airflow/example_dags/example_params_trigger_ui.py
[2024-01-27T18:11:02.788+0100] {logging_mixin.py:188} INFO - [2024-01-27T18:11:02.788+0100] {dag.py:3033} INFO - Sync 1 DAGs
[2024-01-27T18:11:02.873+0100] {logging_mixin.py:188} INFO - [2024-01-27T18:11:02.873+0100] {dag.py:3820} INFO - Setting next_dagrun for example_params_trigger_ui to None, run_after=None
[2024-01-27T18:11:03.620+0100] {processor.py:183} INFO - Processing /home/ubuntu/.local/lib/python3.10/site-packages/airflow/example_dags/example_params_trigger_ui.py took 1.410 seconds
[2024-01-27T18:12:45.406+0100] {processor.py:161} INFO - Started process (PID=9209) to work on /home/ubuntu/.local/lib/python3.10/site-packages/airflow/example_dags/example_params_trigger_ui.py
[2024-01-27T18:12:45.502+0100] {processor.py:830} INFO - Processing file /home/ubuntu/.local/lib/python3.10/site-packages/airflow/example_dags/example_params_trigger_ui.py for tasks to queue
[2024-01-27T18:12:45.504+0100] {logging_mixin.py:188} INFO - [2024-01-27T18:12:45.504+0100] {dagbag.py:538} INFO - Filling up the DagBag from /home/ubuntu/.local/lib/python3.10/site-packages/airflow/example_dags/example_params_trigger_ui.py
[2024-01-27T18:12:45.603+0100] {processor.py:840} INFO - DAG(s) 'example_params_trigger_ui' retrieved from /home/ubuntu/.local/lib/python3.10/site-packages/airflow/example_dags/example_params_trigger_ui.py
[2024-01-27T18:12:45.748+0100] {logging_mixin.py:188} INFO - [2024-01-27T18:12:45.748+0100] {dag.py:3033} INFO - Sync 1 DAGs
[2024-01-27T18:12:45.767+0100] {logging_mixin.py:188} INFO - [2024-01-27T18:12:45.767+0100] {dag.py:3820} INFO - Setting next_dagrun for example_params_trigger_ui to None, run_after=None
[2024-01-27T18:12:46.377+0100] {processor.py:183} INFO - Processing /home/ubuntu/.local/lib/python3.10/site-packages/airflow/example_dags/example_params_trigger_ui.py took 1.027 seconds
[2024-01-27T18:14:30.548+0100] {processor.py:161} INFO - Started process (PID=9258) to work on /home/ubuntu/.local/lib/python3.10/site-packages/airflow/example_dags/example_params_trigger_ui.py
[2024-01-27T18:14:30.617+0100] {processor.py:830} INFO - Processing file /home/ubuntu/.local/lib/python3.10/site-packages/airflow/example_dags/example_params_trigger_ui.py for tasks to queue
[2024-01-27T18:14:30.665+0100] {logging_mixin.py:188} INFO - [2024-01-27T18:14:30.664+0100] {dagbag.py:538} INFO - Filling up the DagBag from /home/ubuntu/.local/lib/python3.10/site-packages/airflow/example_dags/example_params_trigger_ui.py
[2024-01-27T18:14:30.875+0100] {processor.py:840} INFO - DAG(s) 'example_params_trigger_ui' retrieved from /home/ubuntu/.local/lib/python3.10/site-packages/airflow/example_dags/example_params_trigger_ui.py
[2024-01-27T18:14:31.214+0100] {logging_mixin.py:188} INFO - [2024-01-27T18:14:31.214+0100] {dag.py:3033} INFO - Sync 1 DAGs
[2024-01-27T18:14:31.275+0100] {logging_mixin.py:188} INFO - [2024-01-27T18:14:31.275+0100] {dag.py:3820} INFO - Setting next_dagrun for example_params_trigger_ui to None, run_after=None
[2024-01-27T18:14:31.755+0100] {processor.py:183} INFO - Processing /home/ubuntu/.local/lib/python3.10/site-packages/airflow/example_dags/example_params_trigger_ui.py took 1.243 seconds
[2024-01-27T18:16:16.696+0100] {processor.py:161} INFO - Started process (PID=9307) to work on /home/ubuntu/.local/lib/python3.10/site-packages/airflow/example_dags/example_params_trigger_ui.py
[2024-01-27T18:16:16.791+0100] {processor.py:830} INFO - Processing file /home/ubuntu/.local/lib/python3.10/site-packages/airflow/example_dags/example_params_trigger_ui.py for tasks to queue
[2024-01-27T18:16:16.793+0100] {logging_mixin.py:188} INFO - [2024-01-27T18:16:16.792+0100] {dagbag.py:538} INFO - Filling up the DagBag from /home/ubuntu/.local/lib/python3.10/site-packages/airflow/example_dags/example_params_trigger_ui.py
[2024-01-27T18:16:16.938+0100] {processor.py:840} INFO - DAG(s) 'example_params_trigger_ui' retrieved from /home/ubuntu/.local/lib/python3.10/site-packages/airflow/example_dags/example_params_trigger_ui.py
[2024-01-27T18:16:17.240+0100] {logging_mixin.py:188} INFO - [2024-01-27T18:16:17.231+0100] {dag.py:3033} INFO - Sync 1 DAGs
[2024-01-27T18:16:17.316+0100] {logging_mixin.py:188} INFO - [2024-01-27T18:16:17.316+0100] {dag.py:3820} INFO - Setting next_dagrun for example_params_trigger_ui to None, run_after=None
[2024-01-27T18:16:17.746+0100] {processor.py:183} INFO - Processing /home/ubuntu/.local/lib/python3.10/site-packages/airflow/example_dags/example_params_trigger_ui.py took 1.117 seconds
[2024-01-27T18:18:01.453+0100] {processor.py:161} INFO - Started process (PID=9370) to work on /home/ubuntu/.local/lib/python3.10/site-packages/airflow/example_dags/example_params_trigger_ui.py
[2024-01-27T18:18:01.497+0100] {processor.py:830} INFO - Processing file /home/ubuntu/.local/lib/python3.10/site-packages/airflow/example_dags/example_params_trigger_ui.py for tasks to queue
[2024-01-27T18:18:01.506+0100] {logging_mixin.py:188} INFO - [2024-01-27T18:18:01.505+0100] {dagbag.py:538} INFO - Filling up the DagBag from /home/ubuntu/.local/lib/python3.10/site-packages/airflow/example_dags/example_params_trigger_ui.py
[2024-01-27T18:18:01.739+0100] {processor.py:840} INFO - DAG(s) 'example_params_trigger_ui' retrieved from /home/ubuntu/.local/lib/python3.10/site-packages/airflow/example_dags/example_params_trigger_ui.py
[2024-01-27T18:18:02.126+0100] {logging_mixin.py:188} INFO - [2024-01-27T18:18:02.126+0100] {dag.py:3033} INFO - Sync 1 DAGs
[2024-01-27T18:18:02.202+0100] {logging_mixin.py:188} INFO - [2024-01-27T18:18:02.202+0100] {dag.py:3820} INFO - Setting next_dagrun for example_params_trigger_ui to None, run_after=None
[2024-01-27T18:18:03.011+0100] {processor.py:183} INFO - Processing /home/ubuntu/.local/lib/python3.10/site-packages/airflow/example_dags/example_params_trigger_ui.py took 1.609 seconds
[2024-01-27T18:19:41.678+0100] {processor.py:161} INFO - Started process (PID=9519) to work on /home/ubuntu/.local/lib/python3.10/site-packages/airflow/example_dags/example_params_trigger_ui.py
[2024-01-27T18:19:41.728+0100] {processor.py:830} INFO - Processing file /home/ubuntu/.local/lib/python3.10/site-packages/airflow/example_dags/example_params_trigger_ui.py for tasks to queue
[2024-01-27T18:19:41.738+0100] {logging_mixin.py:188} INFO - [2024-01-27T18:19:41.729+0100] {dagbag.py:538} INFO - Filling up the DagBag from /home/ubuntu/.local/lib/python3.10/site-packages/airflow/example_dags/example_params_trigger_ui.py
[2024-01-27T18:19:41.941+0100] {processor.py:840} INFO - DAG(s) 'example_params_trigger_ui' retrieved from /home/ubuntu/.local/lib/python3.10/site-packages/airflow/example_dags/example_params_trigger_ui.py
[2024-01-27T18:19:42.165+0100] {logging_mixin.py:188} INFO - [2024-01-27T18:19:42.165+0100] {dag.py:3033} INFO - Sync 1 DAGs
[2024-01-27T18:19:42.190+0100] {logging_mixin.py:188} INFO - [2024-01-27T18:19:42.189+0100] {dag.py:3820} INFO - Setting next_dagrun for example_params_trigger_ui to None, run_after=None
[2024-01-27T18:19:42.832+0100] {processor.py:183} INFO - Processing /home/ubuntu/.local/lib/python3.10/site-packages/airflow/example_dags/example_params_trigger_ui.py took 1.164 seconds
[2024-01-27T18:21:30.528+0100] {processor.py:161} INFO - Started process (PID=9570) to work on /home/ubuntu/.local/lib/python3.10/site-packages/airflow/example_dags/example_params_trigger_ui.py
[2024-01-27T18:21:30.596+0100] {processor.py:830} INFO - Processing file /home/ubuntu/.local/lib/python3.10/site-packages/airflow/example_dags/example_params_trigger_ui.py for tasks to queue
[2024-01-27T18:21:30.615+0100] {logging_mixin.py:188} INFO - [2024-01-27T18:21:30.614+0100] {dagbag.py:538} INFO - Filling up the DagBag from /home/ubuntu/.local/lib/python3.10/site-packages/airflow/example_dags/example_params_trigger_ui.py
[2024-01-27T18:21:30.739+0100] {processor.py:840} INFO - DAG(s) 'example_params_trigger_ui' retrieved from /home/ubuntu/.local/lib/python3.10/site-packages/airflow/example_dags/example_params_trigger_ui.py
[2024-01-27T18:21:31.016+0100] {logging_mixin.py:188} INFO - [2024-01-27T18:21:31.016+0100] {dag.py:3033} INFO - Sync 1 DAGs
[2024-01-27T18:21:31.117+0100] {logging_mixin.py:188} INFO - [2024-01-27T18:21:31.117+0100] {dag.py:3820} INFO - Setting next_dagrun for example_params_trigger_ui to None, run_after=None
[2024-01-27T18:21:31.775+0100] {processor.py:183} INFO - Processing /home/ubuntu/.local/lib/python3.10/site-packages/airflow/example_dags/example_params_trigger_ui.py took 1.271 seconds
[2024-01-27T18:23:28.069+0100] {processor.py:161} INFO - Started process (PID=9697) to work on /home/ubuntu/.local/lib/python3.10/site-packages/airflow/example_dags/example_params_trigger_ui.py
[2024-01-27T18:23:28.183+0100] {processor.py:830} INFO - Processing file /home/ubuntu/.local/lib/python3.10/site-packages/airflow/example_dags/example_params_trigger_ui.py for tasks to queue
[2024-01-27T18:23:28.185+0100] {logging_mixin.py:188} INFO - [2024-01-27T18:23:28.184+0100] {dagbag.py:538} INFO - Filling up the DagBag from /home/ubuntu/.local/lib/python3.10/site-packages/airflow/example_dags/example_params_trigger_ui.py
[2024-01-27T18:23:28.294+0100] {processor.py:840} INFO - DAG(s) 'example_params_trigger_ui' retrieved from /home/ubuntu/.local/lib/python3.10/site-packages/airflow/example_dags/example_params_trigger_ui.py
[2024-01-27T18:23:28.650+0100] {logging_mixin.py:188} INFO - [2024-01-27T18:23:28.650+0100] {dag.py:3033} INFO - Sync 1 DAGs
[2024-01-27T18:23:28.761+0100] {logging_mixin.py:188} INFO - [2024-01-27T18:23:28.761+0100] {dag.py:3820} INFO - Setting next_dagrun for example_params_trigger_ui to None, run_after=None
[2024-01-27T18:23:29.322+0100] {processor.py:183} INFO - Processing /home/ubuntu/.local/lib/python3.10/site-packages/airflow/example_dags/example_params_trigger_ui.py took 1.262 seconds
[2024-01-27T18:25:19.514+0100] {processor.py:161} INFO - Started process (PID=9772) to work on /home/ubuntu/.local/lib/python3.10/site-packages/airflow/example_dags/example_params_trigger_ui.py
[2024-01-27T18:25:19.574+0100] {processor.py:830} INFO - Processing file /home/ubuntu/.local/lib/python3.10/site-packages/airflow/example_dags/example_params_trigger_ui.py for tasks to queue
[2024-01-27T18:25:19.597+0100] {logging_mixin.py:188} INFO - [2024-01-27T18:25:19.596+0100] {dagbag.py:538} INFO - Filling up the DagBag from /home/ubuntu/.local/lib/python3.10/site-packages/airflow/example_dags/example_params_trigger_ui.py
[2024-01-27T18:25:19.695+0100] {processor.py:840} INFO - DAG(s) 'example_params_trigger_ui' retrieved from /home/ubuntu/.local/lib/python3.10/site-packages/airflow/example_dags/example_params_trigger_ui.py
[2024-01-27T18:25:20.187+0100] {logging_mixin.py:188} INFO - [2024-01-27T18:25:20.187+0100] {dag.py:3033} INFO - Sync 1 DAGs
[2024-01-27T18:25:20.334+0100] {logging_mixin.py:188} INFO - [2024-01-27T18:25:20.306+0100] {dag.py:3820} INFO - Setting next_dagrun for example_params_trigger_ui to None, run_after=None
[2024-01-27T18:25:20.954+0100] {processor.py:183} INFO - Processing /home/ubuntu/.local/lib/python3.10/site-packages/airflow/example_dags/example_params_trigger_ui.py took 1.456 seconds
[2024-01-27T18:27:18.503+0100] {processor.py:161} INFO - Started process (PID=9841) to work on /home/ubuntu/.local/lib/python3.10/site-packages/airflow/example_dags/example_params_trigger_ui.py
[2024-01-27T18:27:18.543+0100] {processor.py:830} INFO - Processing file /home/ubuntu/.local/lib/python3.10/site-packages/airflow/example_dags/example_params_trigger_ui.py for tasks to queue
[2024-01-27T18:27:18.552+0100] {logging_mixin.py:188} INFO - [2024-01-27T18:27:18.544+0100] {dagbag.py:538} INFO - Filling up the DagBag from /home/ubuntu/.local/lib/python3.10/site-packages/airflow/example_dags/example_params_trigger_ui.py
[2024-01-27T18:27:18.622+0100] {processor.py:840} INFO - DAG(s) 'example_params_trigger_ui' retrieved from /home/ubuntu/.local/lib/python3.10/site-packages/airflow/example_dags/example_params_trigger_ui.py
[2024-01-27T18:27:19.085+0100] {logging_mixin.py:188} INFO - [2024-01-27T18:27:19.084+0100] {dag.py:3033} INFO - Sync 1 DAGs
[2024-01-27T18:27:19.240+0100] {logging_mixin.py:188} INFO - [2024-01-27T18:27:19.240+0100] {dag.py:3820} INFO - Setting next_dagrun for example_params_trigger_ui to None, run_after=None
[2024-01-27T18:27:19.855+0100] {processor.py:183} INFO - Processing /home/ubuntu/.local/lib/python3.10/site-packages/airflow/example_dags/example_params_trigger_ui.py took 1.364 seconds
[2024-01-27T18:33:32.883+0100] {processor.py:161} INFO - Started process (PID=10008) to work on /home/ubuntu/.local/lib/python3.10/site-packages/airflow/example_dags/example_params_trigger_ui.py
[2024-01-27T18:33:32.966+0100] {processor.py:830} INFO - Processing file /home/ubuntu/.local/lib/python3.10/site-packages/airflow/example_dags/example_params_trigger_ui.py for tasks to queue
[2024-01-27T18:33:32.968+0100] {logging_mixin.py:188} INFO - [2024-01-27T18:33:32.967+0100] {dagbag.py:538} INFO - Filling up the DagBag from /home/ubuntu/.local/lib/python3.10/site-packages/airflow/example_dags/example_params_trigger_ui.py
[2024-01-27T18:33:33.055+0100] {processor.py:840} INFO - DAG(s) 'example_params_trigger_ui' retrieved from /home/ubuntu/.local/lib/python3.10/site-packages/airflow/example_dags/example_params_trigger_ui.py
[2024-01-27T18:33:33.351+0100] {logging_mixin.py:188} INFO - [2024-01-27T18:33:33.351+0100] {dag.py:3033} INFO - Sync 1 DAGs
[2024-01-27T18:33:33.415+0100] {logging_mixin.py:188} INFO - [2024-01-27T18:33:33.415+0100] {dag.py:3820} INFO - Setting next_dagrun for example_params_trigger_ui to None, run_after=None
[2024-01-27T18:33:34.029+0100] {processor.py:183} INFO - Processing /home/ubuntu/.local/lib/python3.10/site-packages/airflow/example_dags/example_params_trigger_ui.py took 1.216 seconds
[2024-01-27T18:35:51.355+0100] {processor.py:161} INFO - Started process (PID=10096) to work on /home/ubuntu/.local/lib/python3.10/site-packages/airflow/example_dags/example_params_trigger_ui.py
[2024-01-27T18:35:51.404+0100] {processor.py:830} INFO - Processing file /home/ubuntu/.local/lib/python3.10/site-packages/airflow/example_dags/example_params_trigger_ui.py for tasks to queue
[2024-01-27T18:35:51.420+0100] {logging_mixin.py:188} INFO - [2024-01-27T18:35:51.405+0100] {dagbag.py:538} INFO - Filling up the DagBag from /home/ubuntu/.local/lib/python3.10/site-packages/airflow/example_dags/example_params_trigger_ui.py
[2024-01-27T18:35:51.511+0100] {processor.py:840} INFO - DAG(s) 'example_params_trigger_ui' retrieved from /home/ubuntu/.local/lib/python3.10/site-packages/airflow/example_dags/example_params_trigger_ui.py
[2024-01-27T18:35:51.752+0100] {logging_mixin.py:188} INFO - [2024-01-27T18:35:51.752+0100] {dag.py:3033} INFO - Sync 1 DAGs
[2024-01-27T18:35:51.829+0100] {logging_mixin.py:188} INFO - [2024-01-27T18:35:51.829+0100] {dag.py:3820} INFO - Setting next_dagrun for example_params_trigger_ui to None, run_after=None
[2024-01-27T18:35:51.967+0100] {processor.py:183} INFO - Processing /home/ubuntu/.local/lib/python3.10/site-packages/airflow/example_dags/example_params_trigger_ui.py took 0.639 seconds
[2024-01-27T18:37:41.896+0100] {processor.py:161} INFO - Started process (PID=10170) to work on /home/ubuntu/.local/lib/python3.10/site-packages/airflow/example_dags/example_params_trigger_ui.py
[2024-01-27T18:37:41.943+0100] {processor.py:830} INFO - Processing file /home/ubuntu/.local/lib/python3.10/site-packages/airflow/example_dags/example_params_trigger_ui.py for tasks to queue
[2024-01-27T18:37:41.947+0100] {logging_mixin.py:188} INFO - [2024-01-27T18:37:41.944+0100] {dagbag.py:538} INFO - Filling up the DagBag from /home/ubuntu/.local/lib/python3.10/site-packages/airflow/example_dags/example_params_trigger_ui.py
[2024-01-27T18:37:42.057+0100] {processor.py:840} INFO - DAG(s) 'example_params_trigger_ui' retrieved from /home/ubuntu/.local/lib/python3.10/site-packages/airflow/example_dags/example_params_trigger_ui.py
[2024-01-27T18:37:42.302+0100] {logging_mixin.py:188} INFO - [2024-01-27T18:37:42.301+0100] {dag.py:3033} INFO - Sync 1 DAGs
[2024-01-27T18:37:42.360+0100] {logging_mixin.py:188} INFO - [2024-01-27T18:37:42.360+0100] {dag.py:3820} INFO - Setting next_dagrun for example_params_trigger_ui to None, run_after=None
[2024-01-27T18:37:43.216+0100] {processor.py:183} INFO - Processing /home/ubuntu/.local/lib/python3.10/site-packages/airflow/example_dags/example_params_trigger_ui.py took 1.399 seconds
[2024-01-27T18:39:28.452+0100] {processor.py:161} INFO - Started process (PID=10227) to work on /home/ubuntu/.local/lib/python3.10/site-packages/airflow/example_dags/example_params_trigger_ui.py
[2024-01-27T18:39:28.499+0100] {processor.py:830} INFO - Processing file /home/ubuntu/.local/lib/python3.10/site-packages/airflow/example_dags/example_params_trigger_ui.py for tasks to queue
[2024-01-27T18:39:28.509+0100] {logging_mixin.py:188} INFO - [2024-01-27T18:39:28.501+0100] {dagbag.py:538} INFO - Filling up the DagBag from /home/ubuntu/.local/lib/python3.10/site-packages/airflow/example_dags/example_params_trigger_ui.py
[2024-01-27T18:39:28.632+0100] {processor.py:840} INFO - DAG(s) 'example_params_trigger_ui' retrieved from /home/ubuntu/.local/lib/python3.10/site-packages/airflow/example_dags/example_params_trigger_ui.py
[2024-01-27T18:39:29.000+0100] {logging_mixin.py:188} INFO - [2024-01-27T18:39:29.000+0100] {dag.py:3033} INFO - Sync 1 DAGs
[2024-01-27T18:39:29.102+0100] {logging_mixin.py:188} INFO - [2024-01-27T18:39:29.102+0100] {dag.py:3820} INFO - Setting next_dagrun for example_params_trigger_ui to None, run_after=None
[2024-01-27T18:39:29.593+0100] {processor.py:183} INFO - Processing /home/ubuntu/.local/lib/python3.10/site-packages/airflow/example_dags/example_params_trigger_ui.py took 1.167 seconds
[2024-01-27T18:41:12.771+0100] {processor.py:161} INFO - Started process (PID=10289) to work on /home/ubuntu/.local/lib/python3.10/site-packages/airflow/example_dags/example_params_trigger_ui.py
[2024-01-27T18:41:12.808+0100] {processor.py:830} INFO - Processing file /home/ubuntu/.local/lib/python3.10/site-packages/airflow/example_dags/example_params_trigger_ui.py for tasks to queue
[2024-01-27T18:41:12.818+0100] {logging_mixin.py:188} INFO - [2024-01-27T18:41:12.817+0100] {dagbag.py:538} INFO - Filling up the DagBag from /home/ubuntu/.local/lib/python3.10/site-packages/airflow/example_dags/example_params_trigger_ui.py
[2024-01-27T18:41:12.935+0100] {processor.py:840} INFO - DAG(s) 'example_params_trigger_ui' retrieved from /home/ubuntu/.local/lib/python3.10/site-packages/airflow/example_dags/example_params_trigger_ui.py
[2024-01-27T18:41:13.060+0100] {logging_mixin.py:188} INFO - [2024-01-27T18:41:13.059+0100] {dag.py:3033} INFO - Sync 1 DAGs
[2024-01-27T18:41:13.118+0100] {logging_mixin.py:188} INFO - [2024-01-27T18:41:13.118+0100] {dag.py:3820} INFO - Setting next_dagrun for example_params_trigger_ui to None, run_after=None
[2024-01-27T18:41:13.543+0100] {processor.py:183} INFO - Processing /home/ubuntu/.local/lib/python3.10/site-packages/airflow/example_dags/example_params_trigger_ui.py took 0.799 seconds
[2024-01-27T18:43:02.619+0100] {processor.py:161} INFO - Started process (PID=10355) to work on /home/ubuntu/.local/lib/python3.10/site-packages/airflow/example_dags/example_params_trigger_ui.py
[2024-01-27T18:43:02.661+0100] {processor.py:830} INFO - Processing file /home/ubuntu/.local/lib/python3.10/site-packages/airflow/example_dags/example_params_trigger_ui.py for tasks to queue
[2024-01-27T18:43:02.676+0100] {logging_mixin.py:188} INFO - [2024-01-27T18:43:02.676+0100] {dagbag.py:538} INFO - Filling up the DagBag from /home/ubuntu/.local/lib/python3.10/site-packages/airflow/example_dags/example_params_trigger_ui.py
[2024-01-27T18:43:02.762+0100] {processor.py:840} INFO - DAG(s) 'example_params_trigger_ui' retrieved from /home/ubuntu/.local/lib/python3.10/site-packages/airflow/example_dags/example_params_trigger_ui.py
[2024-01-27T18:43:03.093+0100] {logging_mixin.py:188} INFO - [2024-01-27T18:43:03.092+0100] {dag.py:3033} INFO - Sync 1 DAGs
[2024-01-27T18:43:03.186+0100] {logging_mixin.py:188} INFO - [2024-01-27T18:43:03.179+0100] {dag.py:3820} INFO - Setting next_dagrun for example_params_trigger_ui to None, run_after=None
[2024-01-27T18:43:03.712+0100] {processor.py:183} INFO - Processing /home/ubuntu/.local/lib/python3.10/site-packages/airflow/example_dags/example_params_trigger_ui.py took 1.107 seconds
[2024-01-27T18:44:59.130+0100] {processor.py:161} INFO - Started process (PID=10423) to work on /home/ubuntu/.local/lib/python3.10/site-packages/airflow/example_dags/example_params_trigger_ui.py
[2024-01-27T18:44:59.168+0100] {processor.py:830} INFO - Processing file /home/ubuntu/.local/lib/python3.10/site-packages/airflow/example_dags/example_params_trigger_ui.py for tasks to queue
[2024-01-27T18:44:59.170+0100] {logging_mixin.py:188} INFO - [2024-01-27T18:44:59.169+0100] {dagbag.py:538} INFO - Filling up the DagBag from /home/ubuntu/.local/lib/python3.10/site-packages/airflow/example_dags/example_params_trigger_ui.py
[2024-01-27T18:44:59.404+0100] {processor.py:840} INFO - DAG(s) 'example_params_trigger_ui' retrieved from /home/ubuntu/.local/lib/python3.10/site-packages/airflow/example_dags/example_params_trigger_ui.py
[2024-01-27T18:44:59.729+0100] {logging_mixin.py:188} INFO - [2024-01-27T18:44:59.729+0100] {dag.py:3033} INFO - Sync 1 DAGs
[2024-01-27T18:44:59.884+0100] {logging_mixin.py:188} INFO - [2024-01-27T18:44:59.884+0100] {dag.py:3820} INFO - Setting next_dagrun for example_params_trigger_ui to None, run_after=None
[2024-01-27T18:45:00.405+0100] {processor.py:183} INFO - Processing /home/ubuntu/.local/lib/python3.10/site-packages/airflow/example_dags/example_params_trigger_ui.py took 1.317 seconds
[2024-01-27T18:46:52.976+0100] {processor.py:161} INFO - Started process (PID=10544) to work on /home/ubuntu/.local/lib/python3.10/site-packages/airflow/example_dags/example_params_trigger_ui.py
[2024-01-27T18:46:53.021+0100] {processor.py:830} INFO - Processing file /home/ubuntu/.local/lib/python3.10/site-packages/airflow/example_dags/example_params_trigger_ui.py for tasks to queue
[2024-01-27T18:46:53.034+0100] {logging_mixin.py:188} INFO - [2024-01-27T18:46:53.028+0100] {dagbag.py:538} INFO - Filling up the DagBag from /home/ubuntu/.local/lib/python3.10/site-packages/airflow/example_dags/example_params_trigger_ui.py
[2024-01-27T18:46:53.128+0100] {processor.py:840} INFO - DAG(s) 'example_params_trigger_ui' retrieved from /home/ubuntu/.local/lib/python3.10/site-packages/airflow/example_dags/example_params_trigger_ui.py
[2024-01-27T18:46:53.276+0100] {logging_mixin.py:188} INFO - [2024-01-27T18:46:53.276+0100] {dag.py:3033} INFO - Sync 1 DAGs
[2024-01-27T18:46:53.297+0100] {logging_mixin.py:188} INFO - [2024-01-27T18:46:53.297+0100] {dag.py:3820} INFO - Setting next_dagrun for example_params_trigger_ui to None, run_after=None
[2024-01-27T18:46:53.721+0100] {processor.py:183} INFO - Processing /home/ubuntu/.local/lib/python3.10/site-packages/airflow/example_dags/example_params_trigger_ui.py took 0.775 seconds
[2024-01-27T18:48:38.069+0100] {processor.py:161} INFO - Started process (PID=10656) to work on /home/ubuntu/.local/lib/python3.10/site-packages/airflow/example_dags/example_params_trigger_ui.py
[2024-01-27T18:48:38.102+0100] {processor.py:830} INFO - Processing file /home/ubuntu/.local/lib/python3.10/site-packages/airflow/example_dags/example_params_trigger_ui.py for tasks to queue
[2024-01-27T18:48:38.104+0100] {logging_mixin.py:188} INFO - [2024-01-27T18:48:38.103+0100] {dagbag.py:538} INFO - Filling up the DagBag from /home/ubuntu/.local/lib/python3.10/site-packages/airflow/example_dags/example_params_trigger_ui.py
[2024-01-27T18:48:38.139+0100] {processor.py:840} INFO - DAG(s) 'example_params_trigger_ui' retrieved from /home/ubuntu/.local/lib/python3.10/site-packages/airflow/example_dags/example_params_trigger_ui.py
[2024-01-27T18:48:38.371+0100] {logging_mixin.py:188} INFO - [2024-01-27T18:48:38.370+0100] {dag.py:3033} INFO - Sync 1 DAGs
[2024-01-27T18:48:38.393+0100] {logging_mixin.py:188} INFO - [2024-01-27T18:48:38.392+0100] {dag.py:3820} INFO - Setting next_dagrun for example_params_trigger_ui to None, run_after=None
[2024-01-27T18:48:38.584+0100] {processor.py:183} INFO - Processing /home/ubuntu/.local/lib/python3.10/site-packages/airflow/example_dags/example_params_trigger_ui.py took 0.549 seconds
[2024-01-27T18:50:17.491+0100] {processor.py:161} INFO - Started process (PID=10712) to work on /home/ubuntu/.local/lib/python3.10/site-packages/airflow/example_dags/example_params_trigger_ui.py
[2024-01-27T18:50:17.523+0100] {processor.py:830} INFO - Processing file /home/ubuntu/.local/lib/python3.10/site-packages/airflow/example_dags/example_params_trigger_ui.py for tasks to queue
[2024-01-27T18:50:17.524+0100] {logging_mixin.py:188} INFO - [2024-01-27T18:50:17.524+0100] {dagbag.py:538} INFO - Filling up the DagBag from /home/ubuntu/.local/lib/python3.10/site-packages/airflow/example_dags/example_params_trigger_ui.py
[2024-01-27T18:50:17.582+0100] {processor.py:840} INFO - DAG(s) 'example_params_trigger_ui' retrieved from /home/ubuntu/.local/lib/python3.10/site-packages/airflow/example_dags/example_params_trigger_ui.py
[2024-01-27T18:50:17.955+0100] {logging_mixin.py:188} INFO - [2024-01-27T18:50:17.954+0100] {dag.py:3033} INFO - Sync 1 DAGs
[2024-01-27T18:50:18.011+0100] {logging_mixin.py:188} INFO - [2024-01-27T18:50:18.011+0100] {dag.py:3820} INFO - Setting next_dagrun for example_params_trigger_ui to None, run_after=None
[2024-01-27T18:50:18.543+0100] {processor.py:183} INFO - Processing /home/ubuntu/.local/lib/python3.10/site-packages/airflow/example_dags/example_params_trigger_ui.py took 1.098 seconds
[2024-01-27T18:52:02.430+0100] {processor.py:161} INFO - Started process (PID=10766) to work on /home/ubuntu/.local/lib/python3.10/site-packages/airflow/example_dags/example_params_trigger_ui.py
[2024-01-27T18:52:02.457+0100] {processor.py:830} INFO - Processing file /home/ubuntu/.local/lib/python3.10/site-packages/airflow/example_dags/example_params_trigger_ui.py for tasks to queue
[2024-01-27T18:52:02.465+0100] {logging_mixin.py:188} INFO - [2024-01-27T18:52:02.464+0100] {dagbag.py:538} INFO - Filling up the DagBag from /home/ubuntu/.local/lib/python3.10/site-packages/airflow/example_dags/example_params_trigger_ui.py
[2024-01-27T18:52:02.561+0100] {processor.py:840} INFO - DAG(s) 'example_params_trigger_ui' retrieved from /home/ubuntu/.local/lib/python3.10/site-packages/airflow/example_dags/example_params_trigger_ui.py
[2024-01-27T18:52:02.980+0100] {logging_mixin.py:188} INFO - [2024-01-27T18:52:02.973+0100] {dag.py:3033} INFO - Sync 1 DAGs
[2024-01-27T18:52:03.040+0100] {logging_mixin.py:188} INFO - [2024-01-27T18:52:03.039+0100] {dag.py:3820} INFO - Setting next_dagrun for example_params_trigger_ui to None, run_after=None
[2024-01-27T18:52:03.416+0100] {processor.py:183} INFO - Processing /home/ubuntu/.local/lib/python3.10/site-packages/airflow/example_dags/example_params_trigger_ui.py took 1.008 seconds
[2024-01-27T18:54:21.777+0100] {processor.py:161} INFO - Started process (PID=10825) to work on /home/ubuntu/.local/lib/python3.10/site-packages/airflow/example_dags/example_params_trigger_ui.py
[2024-01-27T18:54:21.827+0100] {processor.py:830} INFO - Processing file /home/ubuntu/.local/lib/python3.10/site-packages/airflow/example_dags/example_params_trigger_ui.py for tasks to queue
[2024-01-27T18:54:21.829+0100] {logging_mixin.py:188} INFO - [2024-01-27T18:54:21.828+0100] {dagbag.py:538} INFO - Filling up the DagBag from /home/ubuntu/.local/lib/python3.10/site-packages/airflow/example_dags/example_params_trigger_ui.py
[2024-01-27T18:54:22.072+0100] {processor.py:840} INFO - DAG(s) 'example_params_trigger_ui' retrieved from /home/ubuntu/.local/lib/python3.10/site-packages/airflow/example_dags/example_params_trigger_ui.py
[2024-01-27T18:54:22.773+0100] {logging_mixin.py:188} INFO - [2024-01-27T18:54:22.772+0100] {dag.py:3033} INFO - Sync 1 DAGs
[2024-01-27T18:54:22.875+0100] {logging_mixin.py:188} INFO - [2024-01-27T18:54:22.874+0100] {dag.py:3820} INFO - Setting next_dagrun for example_params_trigger_ui to None, run_after=None
[2024-01-27T18:54:23.417+0100] {processor.py:183} INFO - Processing /home/ubuntu/.local/lib/python3.10/site-packages/airflow/example_dags/example_params_trigger_ui.py took 1.665 seconds
[2024-01-27T18:56:56.917+0100] {processor.py:161} INFO - Started process (PID=10882) to work on /home/ubuntu/.local/lib/python3.10/site-packages/airflow/example_dags/example_params_trigger_ui.py
[2024-01-27T18:56:56.957+0100] {processor.py:830} INFO - Processing file /home/ubuntu/.local/lib/python3.10/site-packages/airflow/example_dags/example_params_trigger_ui.py for tasks to queue
[2024-01-27T18:56:56.968+0100] {logging_mixin.py:188} INFO - [2024-01-27T18:56:56.958+0100] {dagbag.py:538} INFO - Filling up the DagBag from /home/ubuntu/.local/lib/python3.10/site-packages/airflow/example_dags/example_params_trigger_ui.py
[2024-01-27T18:56:57.166+0100] {processor.py:840} INFO - DAG(s) 'example_params_trigger_ui' retrieved from /home/ubuntu/.local/lib/python3.10/site-packages/airflow/example_dags/example_params_trigger_ui.py
[2024-01-27T18:56:57.650+0100] {logging_mixin.py:188} INFO - [2024-01-27T18:56:57.650+0100] {dag.py:3033} INFO - Sync 1 DAGs
[2024-01-27T18:56:57.797+0100] {logging_mixin.py:188} INFO - [2024-01-27T18:56:57.796+0100] {dag.py:3820} INFO - Setting next_dagrun for example_params_trigger_ui to None, run_after=None
[2024-01-27T18:56:58.542+0100] {processor.py:183} INFO - Processing /home/ubuntu/.local/lib/python3.10/site-packages/airflow/example_dags/example_params_trigger_ui.py took 1.660 seconds
[2024-01-27T18:59:13.037+0100] {processor.py:161} INFO - Started process (PID=10961) to work on /home/ubuntu/.local/lib/python3.10/site-packages/airflow/example_dags/example_params_trigger_ui.py
[2024-01-27T18:59:13.091+0100] {processor.py:830} INFO - Processing file /home/ubuntu/.local/lib/python3.10/site-packages/airflow/example_dags/example_params_trigger_ui.py for tasks to queue
[2024-01-27T18:59:13.107+0100] {logging_mixin.py:188} INFO - [2024-01-27T18:59:13.105+0100] {dagbag.py:538} INFO - Filling up the DagBag from /home/ubuntu/.local/lib/python3.10/site-packages/airflow/example_dags/example_params_trigger_ui.py
[2024-01-27T18:59:13.160+0100] {processor.py:840} INFO - DAG(s) 'example_params_trigger_ui' retrieved from /home/ubuntu/.local/lib/python3.10/site-packages/airflow/example_dags/example_params_trigger_ui.py
[2024-01-27T18:59:13.232+0100] {logging_mixin.py:188} INFO - [2024-01-27T18:59:13.232+0100] {dag.py:3033} INFO - Sync 1 DAGs
[2024-01-27T18:59:13.250+0100] {logging_mixin.py:188} INFO - [2024-01-27T18:59:13.250+0100] {dag.py:3820} INFO - Setting next_dagrun for example_params_trigger_ui to None, run_after=None
[2024-01-27T18:59:13.797+0100] {processor.py:183} INFO - Processing /home/ubuntu/.local/lib/python3.10/site-packages/airflow/example_dags/example_params_trigger_ui.py took 0.793 seconds
[2024-01-27T19:01:26.400+0100] {processor.py:161} INFO - Started process (PID=11020) to work on /home/ubuntu/.local/lib/python3.10/site-packages/airflow/example_dags/example_params_trigger_ui.py
[2024-01-27T19:01:26.471+0100] {processor.py:830} INFO - Processing file /home/ubuntu/.local/lib/python3.10/site-packages/airflow/example_dags/example_params_trigger_ui.py for tasks to queue
[2024-01-27T19:01:26.496+0100] {logging_mixin.py:188} INFO - [2024-01-27T19:01:26.495+0100] {dagbag.py:538} INFO - Filling up the DagBag from /home/ubuntu/.local/lib/python3.10/site-packages/airflow/example_dags/example_params_trigger_ui.py
[2024-01-27T19:01:26.689+0100] {processor.py:840} INFO - DAG(s) 'example_params_trigger_ui' retrieved from /home/ubuntu/.local/lib/python3.10/site-packages/airflow/example_dags/example_params_trigger_ui.py
[2024-01-27T19:01:27.257+0100] {logging_mixin.py:188} INFO - [2024-01-27T19:01:27.257+0100] {dag.py:3033} INFO - Sync 1 DAGs
[2024-01-27T19:01:27.342+0100] {logging_mixin.py:188} INFO - [2024-01-27T19:01:27.341+0100] {dag.py:3820} INFO - Setting next_dagrun for example_params_trigger_ui to None, run_after=None
[2024-01-27T19:01:28.831+0100] {processor.py:183} INFO - Processing /home/ubuntu/.local/lib/python3.10/site-packages/airflow/example_dags/example_params_trigger_ui.py took 2.486 seconds
[2024-01-27T19:03:35.819+0100] {processor.py:161} INFO - Started process (PID=11075) to work on /home/ubuntu/.local/lib/python3.10/site-packages/airflow/example_dags/example_params_trigger_ui.py
[2024-01-27T19:03:35.825+0100] {processor.py:830} INFO - Processing file /home/ubuntu/.local/lib/python3.10/site-packages/airflow/example_dags/example_params_trigger_ui.py for tasks to queue
[2024-01-27T19:03:35.827+0100] {logging_mixin.py:188} INFO - [2024-01-27T19:03:35.826+0100] {dagbag.py:538} INFO - Filling up the DagBag from /home/ubuntu/.local/lib/python3.10/site-packages/airflow/example_dags/example_params_trigger_ui.py
[2024-01-27T19:03:36.037+0100] {processor.py:840} INFO - DAG(s) 'example_params_trigger_ui' retrieved from /home/ubuntu/.local/lib/python3.10/site-packages/airflow/example_dags/example_params_trigger_ui.py
[2024-01-27T19:03:36.477+0100] {logging_mixin.py:188} INFO - [2024-01-27T19:03:36.476+0100] {dag.py:3033} INFO - Sync 1 DAGs
[2024-01-27T19:03:36.889+0100] {logging_mixin.py:188} INFO - [2024-01-27T19:03:36.881+0100] {dag.py:3820} INFO - Setting next_dagrun for example_params_trigger_ui to None, run_after=None
[2024-01-27T19:03:37.714+0100] {processor.py:183} INFO - Processing /home/ubuntu/.local/lib/python3.10/site-packages/airflow/example_dags/example_params_trigger_ui.py took 1.923 seconds
[2024-01-27T19:05:48.667+0100] {processor.py:161} INFO - Started process (PID=11130) to work on /home/ubuntu/.local/lib/python3.10/site-packages/airflow/example_dags/example_params_trigger_ui.py
[2024-01-27T19:05:48.707+0100] {processor.py:830} INFO - Processing file /home/ubuntu/.local/lib/python3.10/site-packages/airflow/example_dags/example_params_trigger_ui.py for tasks to queue
[2024-01-27T19:05:48.718+0100] {logging_mixin.py:188} INFO - [2024-01-27T19:05:48.716+0100] {dagbag.py:538} INFO - Filling up the DagBag from /home/ubuntu/.local/lib/python3.10/site-packages/airflow/example_dags/example_params_trigger_ui.py
[2024-01-27T19:05:48.896+0100] {processor.py:840} INFO - DAG(s) 'example_params_trigger_ui' retrieved from /home/ubuntu/.local/lib/python3.10/site-packages/airflow/example_dags/example_params_trigger_ui.py
[2024-01-27T19:05:49.395+0100] {logging_mixin.py:188} INFO - [2024-01-27T19:05:49.394+0100] {dag.py:3033} INFO - Sync 1 DAGs
[2024-01-27T19:05:49.490+0100] {logging_mixin.py:188} INFO - [2024-01-27T19:05:49.489+0100] {dag.py:3820} INFO - Setting next_dagrun for example_params_trigger_ui to None, run_after=None
[2024-01-27T19:05:49.821+0100] {processor.py:183} INFO - Processing /home/ubuntu/.local/lib/python3.10/site-packages/airflow/example_dags/example_params_trigger_ui.py took 1.213 seconds
[2024-01-27T19:08:01.121+0100] {processor.py:161} INFO - Started process (PID=11187) to work on /home/ubuntu/.local/lib/python3.10/site-packages/airflow/example_dags/example_params_trigger_ui.py
[2024-01-27T19:08:01.170+0100] {processor.py:830} INFO - Processing file /home/ubuntu/.local/lib/python3.10/site-packages/airflow/example_dags/example_params_trigger_ui.py for tasks to queue
[2024-01-27T19:08:01.204+0100] {logging_mixin.py:188} INFO - [2024-01-27T19:08:01.203+0100] {dagbag.py:538} INFO - Filling up the DagBag from /home/ubuntu/.local/lib/python3.10/site-packages/airflow/example_dags/example_params_trigger_ui.py
[2024-01-27T19:08:01.345+0100] {processor.py:840} INFO - DAG(s) 'example_params_trigger_ui' retrieved from /home/ubuntu/.local/lib/python3.10/site-packages/airflow/example_dags/example_params_trigger_ui.py
[2024-01-27T19:08:01.631+0100] {logging_mixin.py:188} INFO - [2024-01-27T19:08:01.631+0100] {dag.py:3033} INFO - Sync 1 DAGs
[2024-01-27T19:08:01.741+0100] {logging_mixin.py:188} INFO - [2024-01-27T19:08:01.734+0100] {dag.py:3820} INFO - Setting next_dagrun for example_params_trigger_ui to None, run_after=None
[2024-01-27T19:08:02.600+0100] {processor.py:183} INFO - Processing /home/ubuntu/.local/lib/python3.10/site-packages/airflow/example_dags/example_params_trigger_ui.py took 1.512 seconds
