[2024-01-27T17:53:39.512+0100] {processor.py:161} INFO - Started process (PID=8319) to work on /home/ubuntu/.local/lib/python3.10/site-packages/airflow/example_dags/example_branch_python_dop_operator_3.py
[2024-01-27T17:53:39.522+0100] {processor.py:830} INFO - Processing file /home/ubuntu/.local/lib/python3.10/site-packages/airflow/example_dags/example_branch_python_dop_operator_3.py for tasks to queue
[2024-01-27T17:53:39.523+0100] {logging_mixin.py:188} INFO - [2024-01-27T17:53:39.523+0100] {dagbag.py:538} INFO - Filling up the DagBag from /home/ubuntu/.local/lib/python3.10/site-packages/airflow/example_dags/example_branch_python_dop_operator_3.py
[2024-01-27T17:53:39.579+0100] {processor.py:840} INFO - DAG(s) 'example_branch_dop_operator_v3' retrieved from /home/ubuntu/.local/lib/python3.10/site-packages/airflow/example_dags/example_branch_python_dop_operator_3.py
[2024-01-27T17:53:39.860+0100] {logging_mixin.py:188} INFO - [2024-01-27T17:53:39.860+0100] {dag.py:3033} INFO - Sync 1 DAGs
[2024-01-27T17:53:39.886+0100] {logging_mixin.py:188} INFO - [2024-01-27T17:53:39.886+0100] {dag.py:3820} INFO - Setting next_dagrun for example_branch_dop_operator_v3 to 2024-01-27T16:52:00+00:00, run_after=2024-01-27T16:53:00+00:00
[2024-01-27T17:53:40.050+0100] {processor.py:183} INFO - Processing /home/ubuntu/.local/lib/python3.10/site-packages/airflow/example_dags/example_branch_python_dop_operator_3.py took 0.552 seconds
[2024-01-27T17:54:51.690+0100] {processor.py:161} INFO - Started process (PID=8380) to work on /home/ubuntu/.local/lib/python3.10/site-packages/airflow/example_dags/example_branch_python_dop_operator_3.py
[2024-01-27T17:54:51.692+0100] {processor.py:830} INFO - Processing file /home/ubuntu/.local/lib/python3.10/site-packages/airflow/example_dags/example_branch_python_dop_operator_3.py for tasks to queue
[2024-01-27T17:54:51.694+0100] {logging_mixin.py:188} INFO - [2024-01-27T17:54:51.694+0100] {dagbag.py:538} INFO - Filling up the DagBag from /home/ubuntu/.local/lib/python3.10/site-packages/airflow/example_dags/example_branch_python_dop_operator_3.py
[2024-01-27T17:54:51.711+0100] {processor.py:840} INFO - DAG(s) 'example_branch_dop_operator_v3' retrieved from /home/ubuntu/.local/lib/python3.10/site-packages/airflow/example_dags/example_branch_python_dop_operator_3.py
[2024-01-27T17:54:51.734+0100] {logging_mixin.py:188} INFO - [2024-01-27T17:54:51.734+0100] {dag.py:3033} INFO - Sync 1 DAGs
[2024-01-27T17:54:51.767+0100] {logging_mixin.py:188} INFO - [2024-01-27T17:54:51.767+0100] {dag.py:3820} INFO - Setting next_dagrun for example_branch_dop_operator_v3 to 2024-01-27T16:53:00+00:00, run_after=2024-01-27T16:54:00+00:00
[2024-01-27T17:54:51.827+0100] {processor.py:183} INFO - Processing /home/ubuntu/.local/lib/python3.10/site-packages/airflow/example_dags/example_branch_python_dop_operator_3.py took 0.140 seconds
[2024-01-27T17:56:02.162+0100] {processor.py:161} INFO - Started process (PID=8442) to work on /home/ubuntu/.local/lib/python3.10/site-packages/airflow/example_dags/example_branch_python_dop_operator_3.py
[2024-01-27T17:56:02.165+0100] {processor.py:830} INFO - Processing file /home/ubuntu/.local/lib/python3.10/site-packages/airflow/example_dags/example_branch_python_dop_operator_3.py for tasks to queue
[2024-01-27T17:56:02.167+0100] {logging_mixin.py:188} INFO - [2024-01-27T17:56:02.166+0100] {dagbag.py:538} INFO - Filling up the DagBag from /home/ubuntu/.local/lib/python3.10/site-packages/airflow/example_dags/example_branch_python_dop_operator_3.py
[2024-01-27T17:56:02.207+0100] {processor.py:840} INFO - DAG(s) 'example_branch_dop_operator_v3' retrieved from /home/ubuntu/.local/lib/python3.10/site-packages/airflow/example_dags/example_branch_python_dop_operator_3.py
[2024-01-27T17:56:02.258+0100] {logging_mixin.py:188} INFO - [2024-01-27T17:56:02.258+0100] {dag.py:3033} INFO - Sync 1 DAGs
[2024-01-27T17:56:02.315+0100] {logging_mixin.py:188} INFO - [2024-01-27T17:56:02.315+0100] {dag.py:3820} INFO - Setting next_dagrun for example_branch_dop_operator_v3 to 2024-01-27T16:55:00+00:00, run_after=2024-01-27T16:56:00+00:00
[2024-01-27T17:56:02.521+0100] {processor.py:183} INFO - Processing /home/ubuntu/.local/lib/python3.10/site-packages/airflow/example_dags/example_branch_python_dop_operator_3.py took 0.366 seconds
[2024-01-27T17:57:18.184+0100] {processor.py:161} INFO - Started process (PID=8514) to work on /home/ubuntu/.local/lib/python3.10/site-packages/airflow/example_dags/example_branch_python_dop_operator_3.py
[2024-01-27T17:57:18.198+0100] {processor.py:830} INFO - Processing file /home/ubuntu/.local/lib/python3.10/site-packages/airflow/example_dags/example_branch_python_dop_operator_3.py for tasks to queue
[2024-01-27T17:57:18.199+0100] {logging_mixin.py:188} INFO - [2024-01-27T17:57:18.199+0100] {dagbag.py:538} INFO - Filling up the DagBag from /home/ubuntu/.local/lib/python3.10/site-packages/airflow/example_dags/example_branch_python_dop_operator_3.py
[2024-01-27T17:57:18.226+0100] {processor.py:840} INFO - DAG(s) 'example_branch_dop_operator_v3' retrieved from /home/ubuntu/.local/lib/python3.10/site-packages/airflow/example_dags/example_branch_python_dop_operator_3.py
[2024-01-27T17:57:18.247+0100] {logging_mixin.py:188} INFO - [2024-01-27T17:57:18.247+0100] {dag.py:3033} INFO - Sync 1 DAGs
[2024-01-27T17:57:18.273+0100] {logging_mixin.py:188} INFO - [2024-01-27T17:57:18.273+0100] {dag.py:3820} INFO - Setting next_dagrun for example_branch_dop_operator_v3 to 2024-01-27T16:56:00+00:00, run_after=2024-01-27T16:57:00+00:00
[2024-01-27T17:57:18.346+0100] {processor.py:183} INFO - Processing /home/ubuntu/.local/lib/python3.10/site-packages/airflow/example_dags/example_branch_python_dop_operator_3.py took 0.166 seconds
[2024-01-27T17:58:31.673+0100] {processor.py:161} INFO - Started process (PID=8641) to work on /home/ubuntu/.local/lib/python3.10/site-packages/airflow/example_dags/example_branch_python_dop_operator_3.py
[2024-01-27T17:58:31.675+0100] {processor.py:830} INFO - Processing file /home/ubuntu/.local/lib/python3.10/site-packages/airflow/example_dags/example_branch_python_dop_operator_3.py for tasks to queue
[2024-01-27T17:58:31.676+0100] {logging_mixin.py:188} INFO - [2024-01-27T17:58:31.676+0100] {dagbag.py:538} INFO - Filling up the DagBag from /home/ubuntu/.local/lib/python3.10/site-packages/airflow/example_dags/example_branch_python_dop_operator_3.py
[2024-01-27T17:58:31.690+0100] {processor.py:840} INFO - DAG(s) 'example_branch_dop_operator_v3' retrieved from /home/ubuntu/.local/lib/python3.10/site-packages/airflow/example_dags/example_branch_python_dop_operator_3.py
[2024-01-27T17:58:31.711+0100] {logging_mixin.py:188} INFO - [2024-01-27T17:58:31.711+0100] {dag.py:3033} INFO - Sync 1 DAGs
[2024-01-27T17:58:31.747+0100] {logging_mixin.py:188} INFO - [2024-01-27T17:58:31.747+0100] {dag.py:3820} INFO - Setting next_dagrun for example_branch_dop_operator_v3 to 2024-01-27T16:57:00+00:00, run_after=2024-01-27T16:58:00+00:00
[2024-01-27T17:58:31.879+0100] {processor.py:183} INFO - Processing /home/ubuntu/.local/lib/python3.10/site-packages/airflow/example_dags/example_branch_python_dop_operator_3.py took 0.210 seconds
[2024-01-27T17:59:44.807+0100] {processor.py:161} INFO - Started process (PID=8705) to work on /home/ubuntu/.local/lib/python3.10/site-packages/airflow/example_dags/example_branch_python_dop_operator_3.py
[2024-01-27T17:59:44.809+0100] {processor.py:830} INFO - Processing file /home/ubuntu/.local/lib/python3.10/site-packages/airflow/example_dags/example_branch_python_dop_operator_3.py for tasks to queue
[2024-01-27T17:59:44.812+0100] {logging_mixin.py:188} INFO - [2024-01-27T17:59:44.812+0100] {dagbag.py:538} INFO - Filling up the DagBag from /home/ubuntu/.local/lib/python3.10/site-packages/airflow/example_dags/example_branch_python_dop_operator_3.py
[2024-01-27T17:59:44.823+0100] {processor.py:840} INFO - DAG(s) 'example_branch_dop_operator_v3' retrieved from /home/ubuntu/.local/lib/python3.10/site-packages/airflow/example_dags/example_branch_python_dop_operator_3.py
[2024-01-27T17:59:44.844+0100] {logging_mixin.py:188} INFO - [2024-01-27T17:59:44.843+0100] {dag.py:3033} INFO - Sync 1 DAGs
[2024-01-27T17:59:44.988+0100] {logging_mixin.py:188} INFO - [2024-01-27T17:59:44.985+0100] {dag.py:3820} INFO - Setting next_dagrun for example_branch_dop_operator_v3 to 2024-01-27T16:58:00+00:00, run_after=2024-01-27T16:59:00+00:00
[2024-01-27T17:59:45.244+0100] {processor.py:183} INFO - Processing /home/ubuntu/.local/lib/python3.10/site-packages/airflow/example_dags/example_branch_python_dop_operator_3.py took 0.441 seconds
[2024-01-27T18:00:55.609+0100] {processor.py:161} INFO - Started process (PID=8768) to work on /home/ubuntu/.local/lib/python3.10/site-packages/airflow/example_dags/example_branch_python_dop_operator_3.py
[2024-01-27T18:00:55.612+0100] {processor.py:830} INFO - Processing file /home/ubuntu/.local/lib/python3.10/site-packages/airflow/example_dags/example_branch_python_dop_operator_3.py for tasks to queue
[2024-01-27T18:00:55.613+0100] {logging_mixin.py:188} INFO - [2024-01-27T18:00:55.613+0100] {dagbag.py:538} INFO - Filling up the DagBag from /home/ubuntu/.local/lib/python3.10/site-packages/airflow/example_dags/example_branch_python_dop_operator_3.py
[2024-01-27T18:00:55.625+0100] {processor.py:840} INFO - DAG(s) 'example_branch_dop_operator_v3' retrieved from /home/ubuntu/.local/lib/python3.10/site-packages/airflow/example_dags/example_branch_python_dop_operator_3.py
[2024-01-27T18:00:55.646+0100] {logging_mixin.py:188} INFO - [2024-01-27T18:00:55.646+0100] {dag.py:3033} INFO - Sync 1 DAGs
[2024-01-27T18:00:55.681+0100] {logging_mixin.py:188} INFO - [2024-01-27T18:00:55.681+0100] {dag.py:3820} INFO - Setting next_dagrun for example_branch_dop_operator_v3 to 2024-01-27T16:59:00+00:00, run_after=2024-01-27T17:00:00+00:00
[2024-01-27T18:00:55.906+0100] {processor.py:183} INFO - Processing /home/ubuntu/.local/lib/python3.10/site-packages/airflow/example_dags/example_branch_python_dop_operator_3.py took 0.302 seconds
[2024-01-27T18:02:28.026+0100] {processor.py:161} INFO - Started process (PID=8840) to work on /home/ubuntu/.local/lib/python3.10/site-packages/airflow/example_dags/example_branch_python_dop_operator_3.py
[2024-01-27T18:02:28.032+0100] {processor.py:830} INFO - Processing file /home/ubuntu/.local/lib/python3.10/site-packages/airflow/example_dags/example_branch_python_dop_operator_3.py for tasks to queue
[2024-01-27T18:02:28.034+0100] {logging_mixin.py:188} INFO - [2024-01-27T18:02:28.034+0100] {dagbag.py:538} INFO - Filling up the DagBag from /home/ubuntu/.local/lib/python3.10/site-packages/airflow/example_dags/example_branch_python_dop_operator_3.py
[2024-01-27T18:02:28.104+0100] {processor.py:840} INFO - DAG(s) 'example_branch_dop_operator_v3' retrieved from /home/ubuntu/.local/lib/python3.10/site-packages/airflow/example_dags/example_branch_python_dop_operator_3.py
[2024-01-27T18:02:28.313+0100] {logging_mixin.py:188} INFO - [2024-01-27T18:02:28.313+0100] {dag.py:3033} INFO - Sync 1 DAGs
[2024-01-27T18:02:28.601+0100] {logging_mixin.py:188} INFO - [2024-01-27T18:02:28.600+0100] {dag.py:3820} INFO - Setting next_dagrun for example_branch_dop_operator_v3 to 2024-01-27T17:01:00+00:00, run_after=2024-01-27T17:02:00+00:00
[2024-01-27T18:02:29.113+0100] {processor.py:183} INFO - Processing /home/ubuntu/.local/lib/python3.10/site-packages/airflow/example_dags/example_branch_python_dop_operator_3.py took 1.113 seconds
[2024-01-27T18:05:22.314+0100] {processor.py:161} INFO - Started process (PID=8934) to work on /home/ubuntu/.local/lib/python3.10/site-packages/airflow/example_dags/example_branch_python_dop_operator_3.py
[2024-01-27T18:05:22.337+0100] {processor.py:830} INFO - Processing file /home/ubuntu/.local/lib/python3.10/site-packages/airflow/example_dags/example_branch_python_dop_operator_3.py for tasks to queue
[2024-01-27T18:05:22.344+0100] {logging_mixin.py:188} INFO - [2024-01-27T18:05:22.343+0100] {dagbag.py:538} INFO - Filling up the DagBag from /home/ubuntu/.local/lib/python3.10/site-packages/airflow/example_dags/example_branch_python_dop_operator_3.py
[2024-01-27T18:05:22.408+0100] {processor.py:840} INFO - DAG(s) 'example_branch_dop_operator_v3' retrieved from /home/ubuntu/.local/lib/python3.10/site-packages/airflow/example_dags/example_branch_python_dop_operator_3.py
[2024-01-27T18:05:22.581+0100] {logging_mixin.py:188} INFO - [2024-01-27T18:05:22.580+0100] {dag.py:3033} INFO - Sync 1 DAGs
[2024-01-27T18:05:22.806+0100] {logging_mixin.py:188} INFO - [2024-01-27T18:05:22.805+0100] {dag.py:3820} INFO - Setting next_dagrun for example_branch_dop_operator_v3 to 2024-01-27T17:04:00+00:00, run_after=2024-01-27T17:05:00+00:00
[2024-01-27T18:05:23.351+0100] {processor.py:183} INFO - Processing /home/ubuntu/.local/lib/python3.10/site-packages/airflow/example_dags/example_branch_python_dop_operator_3.py took 1.082 seconds
[2024-01-27T18:07:14.339+0100] {processor.py:161} INFO - Started process (PID=8987) to work on /home/ubuntu/.local/lib/python3.10/site-packages/airflow/example_dags/example_branch_python_dop_operator_3.py
[2024-01-27T18:07:14.385+0100] {processor.py:830} INFO - Processing file /home/ubuntu/.local/lib/python3.10/site-packages/airflow/example_dags/example_branch_python_dop_operator_3.py for tasks to queue
[2024-01-27T18:07:14.398+0100] {logging_mixin.py:188} INFO - [2024-01-27T18:07:14.397+0100] {dagbag.py:538} INFO - Filling up the DagBag from /home/ubuntu/.local/lib/python3.10/site-packages/airflow/example_dags/example_branch_python_dop_operator_3.py
[2024-01-27T18:07:14.542+0100] {processor.py:840} INFO - DAG(s) 'example_branch_dop_operator_v3' retrieved from /home/ubuntu/.local/lib/python3.10/site-packages/airflow/example_dags/example_branch_python_dop_operator_3.py
[2024-01-27T18:07:14.824+0100] {logging_mixin.py:188} INFO - [2024-01-27T18:07:14.816+0100] {dag.py:3033} INFO - Sync 1 DAGs
[2024-01-27T18:07:15.481+0100] {logging_mixin.py:188} INFO - [2024-01-27T18:07:15.480+0100] {dag.py:3820} INFO - Setting next_dagrun for example_branch_dop_operator_v3 to 2024-01-27T17:06:00+00:00, run_after=2024-01-27T17:07:00+00:00
[2024-01-27T18:07:16.607+0100] {processor.py:183} INFO - Processing /home/ubuntu/.local/lib/python3.10/site-packages/airflow/example_dags/example_branch_python_dop_operator_3.py took 2.315 seconds
[2024-01-27T18:09:11.153+0100] {processor.py:161} INFO - Started process (PID=9050) to work on /home/ubuntu/.local/lib/python3.10/site-packages/airflow/example_dags/example_branch_python_dop_operator_3.py
[2024-01-27T18:09:11.208+0100] {processor.py:830} INFO - Processing file /home/ubuntu/.local/lib/python3.10/site-packages/airflow/example_dags/example_branch_python_dop_operator_3.py for tasks to queue
[2024-01-27T18:09:11.211+0100] {logging_mixin.py:188} INFO - [2024-01-27T18:09:11.210+0100] {dagbag.py:538} INFO - Filling up the DagBag from /home/ubuntu/.local/lib/python3.10/site-packages/airflow/example_dags/example_branch_python_dop_operator_3.py
[2024-01-27T18:09:11.232+0100] {processor.py:840} INFO - DAG(s) 'example_branch_dop_operator_v3' retrieved from /home/ubuntu/.local/lib/python3.10/site-packages/airflow/example_dags/example_branch_python_dop_operator_3.py
[2024-01-27T18:09:11.270+0100] {logging_mixin.py:188} INFO - [2024-01-27T18:09:11.269+0100] {dag.py:3033} INFO - Sync 1 DAGs
[2024-01-27T18:09:11.417+0100] {logging_mixin.py:188} INFO - [2024-01-27T18:09:11.417+0100] {dag.py:3820} INFO - Setting next_dagrun for example_branch_dop_operator_v3 to 2024-01-27T17:08:00+00:00, run_after=2024-01-27T17:09:00+00:00
[2024-01-27T18:09:12.200+0100] {processor.py:183} INFO - Processing /home/ubuntu/.local/lib/python3.10/site-packages/airflow/example_dags/example_branch_python_dop_operator_3.py took 1.060 seconds
[2024-01-27T18:10:56.639+0100] {processor.py:161} INFO - Started process (PID=9148) to work on /home/ubuntu/.local/lib/python3.10/site-packages/airflow/example_dags/example_branch_python_dop_operator_3.py
[2024-01-27T18:10:56.684+0100] {processor.py:830} INFO - Processing file /home/ubuntu/.local/lib/python3.10/site-packages/airflow/example_dags/example_branch_python_dop_operator_3.py for tasks to queue
[2024-01-27T18:10:56.692+0100] {logging_mixin.py:188} INFO - [2024-01-27T18:10:56.685+0100] {dagbag.py:538} INFO - Filling up the DagBag from /home/ubuntu/.local/lib/python3.10/site-packages/airflow/example_dags/example_branch_python_dop_operator_3.py
[2024-01-27T18:10:56.835+0100] {processor.py:840} INFO - DAG(s) 'example_branch_dop_operator_v3' retrieved from /home/ubuntu/.local/lib/python3.10/site-packages/airflow/example_dags/example_branch_python_dop_operator_3.py
[2024-01-27T18:10:57.020+0100] {logging_mixin.py:188} INFO - [2024-01-27T18:10:57.019+0100] {dag.py:3033} INFO - Sync 1 DAGs
[2024-01-27T18:10:57.247+0100] {logging_mixin.py:188} INFO - [2024-01-27T18:10:57.247+0100] {dag.py:3820} INFO - Setting next_dagrun for example_branch_dop_operator_v3 to 2024-01-27T17:09:00+00:00, run_after=2024-01-27T17:10:00+00:00
[2024-01-27T18:10:58.017+0100] {processor.py:183} INFO - Processing /home/ubuntu/.local/lib/python3.10/site-packages/airflow/example_dags/example_branch_python_dop_operator_3.py took 1.409 seconds
[2024-01-27T18:12:39.019+0100] {processor.py:161} INFO - Started process (PID=9206) to work on /home/ubuntu/.local/lib/python3.10/site-packages/airflow/example_dags/example_branch_python_dop_operator_3.py
[2024-01-27T18:12:39.079+0100] {processor.py:830} INFO - Processing file /home/ubuntu/.local/lib/python3.10/site-packages/airflow/example_dags/example_branch_python_dop_operator_3.py for tasks to queue
[2024-01-27T18:12:39.086+0100] {logging_mixin.py:188} INFO - [2024-01-27T18:12:39.080+0100] {dagbag.py:538} INFO - Filling up the DagBag from /home/ubuntu/.local/lib/python3.10/site-packages/airflow/example_dags/example_branch_python_dop_operator_3.py
[2024-01-27T18:12:39.196+0100] {processor.py:840} INFO - DAG(s) 'example_branch_dop_operator_v3' retrieved from /home/ubuntu/.local/lib/python3.10/site-packages/airflow/example_dags/example_branch_python_dop_operator_3.py
[2024-01-27T18:12:39.300+0100] {logging_mixin.py:188} INFO - [2024-01-27T18:12:39.300+0100] {dag.py:3033} INFO - Sync 1 DAGs
[2024-01-27T18:12:39.522+0100] {logging_mixin.py:188} INFO - [2024-01-27T18:12:39.521+0100] {dag.py:3820} INFO - Setting next_dagrun for example_branch_dop_operator_v3 to 2024-01-27T17:11:00+00:00, run_after=2024-01-27T17:12:00+00:00
[2024-01-27T18:12:40.775+0100] {processor.py:183} INFO - Processing /home/ubuntu/.local/lib/python3.10/site-packages/airflow/example_dags/example_branch_python_dop_operator_3.py took 1.791 seconds
[2024-01-27T18:14:24.692+0100] {processor.py:161} INFO - Started process (PID=9256) to work on /home/ubuntu/.local/lib/python3.10/site-packages/airflow/example_dags/example_branch_python_dop_operator_3.py
[2024-01-27T18:14:24.736+0100] {processor.py:830} INFO - Processing file /home/ubuntu/.local/lib/python3.10/site-packages/airflow/example_dags/example_branch_python_dop_operator_3.py for tasks to queue
[2024-01-27T18:14:24.763+0100] {logging_mixin.py:188} INFO - [2024-01-27T18:14:24.762+0100] {dagbag.py:538} INFO - Filling up the DagBag from /home/ubuntu/.local/lib/python3.10/site-packages/airflow/example_dags/example_branch_python_dop_operator_3.py
[2024-01-27T18:14:24.832+0100] {processor.py:840} INFO - DAG(s) 'example_branch_dop_operator_v3' retrieved from /home/ubuntu/.local/lib/python3.10/site-packages/airflow/example_dags/example_branch_python_dop_operator_3.py
[2024-01-27T18:14:24.948+0100] {logging_mixin.py:188} INFO - [2024-01-27T18:14:24.948+0100] {dag.py:3033} INFO - Sync 1 DAGs
[2024-01-27T18:14:25.132+0100] {logging_mixin.py:188} INFO - [2024-01-27T18:14:25.131+0100] {dag.py:3820} INFO - Setting next_dagrun for example_branch_dop_operator_v3 to 2024-01-27T17:13:00+00:00, run_after=2024-01-27T17:14:00+00:00
[2024-01-27T18:14:25.693+0100] {processor.py:183} INFO - Processing /home/ubuntu/.local/lib/python3.10/site-packages/airflow/example_dags/example_branch_python_dop_operator_3.py took 1.012 seconds
[2024-01-27T18:16:11.298+0100] {processor.py:161} INFO - Started process (PID=9305) to work on /home/ubuntu/.local/lib/python3.10/site-packages/airflow/example_dags/example_branch_python_dop_operator_3.py
[2024-01-27T18:16:11.329+0100] {processor.py:830} INFO - Processing file /home/ubuntu/.local/lib/python3.10/site-packages/airflow/example_dags/example_branch_python_dop_operator_3.py for tasks to queue
[2024-01-27T18:16:11.342+0100] {logging_mixin.py:188} INFO - [2024-01-27T18:16:11.335+0100] {dagbag.py:538} INFO - Filling up the DagBag from /home/ubuntu/.local/lib/python3.10/site-packages/airflow/example_dags/example_branch_python_dop_operator_3.py
[2024-01-27T18:16:11.425+0100] {processor.py:840} INFO - DAG(s) 'example_branch_dop_operator_v3' retrieved from /home/ubuntu/.local/lib/python3.10/site-packages/airflow/example_dags/example_branch_python_dop_operator_3.py
[2024-01-27T18:16:11.518+0100] {logging_mixin.py:188} INFO - [2024-01-27T18:16:11.510+0100] {dag.py:3033} INFO - Sync 1 DAGs
[2024-01-27T18:16:11.716+0100] {logging_mixin.py:188} INFO - [2024-01-27T18:16:11.708+0100] {dag.py:3820} INFO - Setting next_dagrun for example_branch_dop_operator_v3 to 2024-01-27T17:15:00+00:00, run_after=2024-01-27T17:16:00+00:00
[2024-01-27T18:16:12.430+0100] {processor.py:183} INFO - Processing /home/ubuntu/.local/lib/python3.10/site-packages/airflow/example_dags/example_branch_python_dop_operator_3.py took 1.155 seconds
[2024-01-27T18:17:56.144+0100] {processor.py:161} INFO - Started process (PID=9368) to work on /home/ubuntu/.local/lib/python3.10/site-packages/airflow/example_dags/example_branch_python_dop_operator_3.py
[2024-01-27T18:17:56.232+0100] {processor.py:830} INFO - Processing file /home/ubuntu/.local/lib/python3.10/site-packages/airflow/example_dags/example_branch_python_dop_operator_3.py for tasks to queue
[2024-01-27T18:17:56.261+0100] {logging_mixin.py:188} INFO - [2024-01-27T18:17:56.233+0100] {dagbag.py:538} INFO - Filling up the DagBag from /home/ubuntu/.local/lib/python3.10/site-packages/airflow/example_dags/example_branch_python_dop_operator_3.py
[2024-01-27T18:17:56.329+0100] {processor.py:840} INFO - DAG(s) 'example_branch_dop_operator_v3' retrieved from /home/ubuntu/.local/lib/python3.10/site-packages/airflow/example_dags/example_branch_python_dop_operator_3.py
[2024-01-27T18:17:56.507+0100] {logging_mixin.py:188} INFO - [2024-01-27T18:17:56.507+0100] {dag.py:3033} INFO - Sync 1 DAGs
[2024-01-27T18:17:56.676+0100] {logging_mixin.py:188} INFO - [2024-01-27T18:17:56.676+0100] {dag.py:3820} INFO - Setting next_dagrun for example_branch_dop_operator_v3 to 2024-01-27T17:16:00+00:00, run_after=2024-01-27T17:17:00+00:00
[2024-01-27T18:17:57.341+0100] {processor.py:183} INFO - Processing /home/ubuntu/.local/lib/python3.10/site-packages/airflow/example_dags/example_branch_python_dop_operator_3.py took 1.212 seconds
[2024-01-27T18:19:35.757+0100] {processor.py:161} INFO - Started process (PID=9513) to work on /home/ubuntu/.local/lib/python3.10/site-packages/airflow/example_dags/example_branch_python_dop_operator_3.py
[2024-01-27T18:19:35.791+0100] {processor.py:830} INFO - Processing file /home/ubuntu/.local/lib/python3.10/site-packages/airflow/example_dags/example_branch_python_dop_operator_3.py for tasks to queue
[2024-01-27T18:19:35.793+0100] {logging_mixin.py:188} INFO - [2024-01-27T18:19:35.793+0100] {dagbag.py:538} INFO - Filling up the DagBag from /home/ubuntu/.local/lib/python3.10/site-packages/airflow/example_dags/example_branch_python_dop_operator_3.py
[2024-01-27T18:19:35.938+0100] {processor.py:840} INFO - DAG(s) 'example_branch_dop_operator_v3' retrieved from /home/ubuntu/.local/lib/python3.10/site-packages/airflow/example_dags/example_branch_python_dop_operator_3.py
[2024-01-27T18:19:36.084+0100] {logging_mixin.py:188} INFO - [2024-01-27T18:19:36.083+0100] {dag.py:3033} INFO - Sync 1 DAGs
[2024-01-27T18:19:36.426+0100] {logging_mixin.py:188} INFO - [2024-01-27T18:19:36.426+0100] {dag.py:3820} INFO - Setting next_dagrun for example_branch_dop_operator_v3 to 2024-01-27T17:18:00+00:00, run_after=2024-01-27T17:19:00+00:00
[2024-01-27T18:19:36.884+0100] {processor.py:183} INFO - Processing /home/ubuntu/.local/lib/python3.10/site-packages/airflow/example_dags/example_branch_python_dop_operator_3.py took 1.137 seconds
[2024-01-27T18:21:26.934+0100] {processor.py:161} INFO - Started process (PID=9568) to work on /home/ubuntu/.local/lib/python3.10/site-packages/airflow/example_dags/example_branch_python_dop_operator_3.py
[2024-01-27T18:21:26.951+0100] {processor.py:830} INFO - Processing file /home/ubuntu/.local/lib/python3.10/site-packages/airflow/example_dags/example_branch_python_dop_operator_3.py for tasks to queue
[2024-01-27T18:21:26.953+0100] {logging_mixin.py:188} INFO - [2024-01-27T18:21:26.952+0100] {dagbag.py:538} INFO - Filling up the DagBag from /home/ubuntu/.local/lib/python3.10/site-packages/airflow/example_dags/example_branch_python_dop_operator_3.py
[2024-01-27T18:21:26.976+0100] {processor.py:840} INFO - DAG(s) 'example_branch_dop_operator_v3' retrieved from /home/ubuntu/.local/lib/python3.10/site-packages/airflow/example_dags/example_branch_python_dop_operator_3.py
[2024-01-27T18:21:27.101+0100] {logging_mixin.py:188} INFO - [2024-01-27T18:21:27.101+0100] {dag.py:3033} INFO - Sync 1 DAGs
[2024-01-27T18:21:27.168+0100] {logging_mixin.py:188} INFO - [2024-01-27T18:21:27.168+0100] {dag.py:3820} INFO - Setting next_dagrun for example_branch_dop_operator_v3 to 2024-01-27T17:20:00+00:00, run_after=2024-01-27T17:21:00+00:00
[2024-01-27T18:21:27.979+0100] {processor.py:183} INFO - Processing /home/ubuntu/.local/lib/python3.10/site-packages/airflow/example_dags/example_branch_python_dop_operator_3.py took 1.082 seconds
[2024-01-27T18:23:22.383+0100] {processor.py:161} INFO - Started process (PID=9695) to work on /home/ubuntu/.local/lib/python3.10/site-packages/airflow/example_dags/example_branch_python_dop_operator_3.py
[2024-01-27T18:23:22.418+0100] {processor.py:830} INFO - Processing file /home/ubuntu/.local/lib/python3.10/site-packages/airflow/example_dags/example_branch_python_dop_operator_3.py for tasks to queue
[2024-01-27T18:23:22.420+0100] {logging_mixin.py:188} INFO - [2024-01-27T18:23:22.419+0100] {dagbag.py:538} INFO - Filling up the DagBag from /home/ubuntu/.local/lib/python3.10/site-packages/airflow/example_dags/example_branch_python_dop_operator_3.py
[2024-01-27T18:23:22.580+0100] {processor.py:840} INFO - DAG(s) 'example_branch_dop_operator_v3' retrieved from /home/ubuntu/.local/lib/python3.10/site-packages/airflow/example_dags/example_branch_python_dop_operator_3.py
[2024-01-27T18:23:22.696+0100] {logging_mixin.py:188} INFO - [2024-01-27T18:23:22.696+0100] {dag.py:3033} INFO - Sync 1 DAGs
[2024-01-27T18:23:22.875+0100] {logging_mixin.py:188} INFO - [2024-01-27T18:23:22.874+0100] {dag.py:3820} INFO - Setting next_dagrun for example_branch_dop_operator_v3 to 2024-01-27T17:22:00+00:00, run_after=2024-01-27T17:23:00+00:00
[2024-01-27T18:23:23.633+0100] {processor.py:183} INFO - Processing /home/ubuntu/.local/lib/python3.10/site-packages/airflow/example_dags/example_branch_python_dop_operator_3.py took 1.269 seconds
[2024-01-27T18:25:14.089+0100] {processor.py:161} INFO - Started process (PID=9768) to work on /home/ubuntu/.local/lib/python3.10/site-packages/airflow/example_dags/example_branch_python_dop_operator_3.py
[2024-01-27T18:25:14.109+0100] {processor.py:830} INFO - Processing file /home/ubuntu/.local/lib/python3.10/site-packages/airflow/example_dags/example_branch_python_dop_operator_3.py for tasks to queue
[2024-01-27T18:25:14.111+0100] {logging_mixin.py:188} INFO - [2024-01-27T18:25:14.111+0100] {dagbag.py:538} INFO - Filling up the DagBag from /home/ubuntu/.local/lib/python3.10/site-packages/airflow/example_dags/example_branch_python_dop_operator_3.py
[2024-01-27T18:25:14.308+0100] {processor.py:840} INFO - DAG(s) 'example_branch_dop_operator_v3' retrieved from /home/ubuntu/.local/lib/python3.10/site-packages/airflow/example_dags/example_branch_python_dop_operator_3.py
[2024-01-27T18:25:14.356+0100] {logging_mixin.py:188} INFO - [2024-01-27T18:25:14.356+0100] {dag.py:3033} INFO - Sync 1 DAGs
[2024-01-27T18:25:14.408+0100] {logging_mixin.py:188} INFO - [2024-01-27T18:25:14.407+0100] {dag.py:3820} INFO - Setting next_dagrun for example_branch_dop_operator_v3 to 2024-01-27T17:24:00+00:00, run_after=2024-01-27T17:25:00+00:00
[2024-01-27T18:25:14.961+0100] {processor.py:183} INFO - Processing /home/ubuntu/.local/lib/python3.10/site-packages/airflow/example_dags/example_branch_python_dop_operator_3.py took 0.892 seconds
[2024-01-27T18:27:13.724+0100] {processor.py:161} INFO - Started process (PID=9839) to work on /home/ubuntu/.local/lib/python3.10/site-packages/airflow/example_dags/example_branch_python_dop_operator_3.py
[2024-01-27T18:27:13.760+0100] {processor.py:830} INFO - Processing file /home/ubuntu/.local/lib/python3.10/site-packages/airflow/example_dags/example_branch_python_dop_operator_3.py for tasks to queue
[2024-01-27T18:27:13.768+0100] {logging_mixin.py:188} INFO - [2024-01-27T18:27:13.761+0100] {dagbag.py:538} INFO - Filling up the DagBag from /home/ubuntu/.local/lib/python3.10/site-packages/airflow/example_dags/example_branch_python_dop_operator_3.py
[2024-01-27T18:27:13.809+0100] {processor.py:840} INFO - DAG(s) 'example_branch_dop_operator_v3' retrieved from /home/ubuntu/.local/lib/python3.10/site-packages/airflow/example_dags/example_branch_python_dop_operator_3.py
[2024-01-27T18:27:13.936+0100] {logging_mixin.py:188} INFO - [2024-01-27T18:27:13.929+0100] {dag.py:3033} INFO - Sync 1 DAGs
[2024-01-27T18:27:14.069+0100] {logging_mixin.py:188} INFO - [2024-01-27T18:27:14.068+0100] {dag.py:3820} INFO - Setting next_dagrun for example_branch_dop_operator_v3 to 2024-01-27T17:26:00+00:00, run_after=2024-01-27T17:27:00+00:00
[2024-01-27T18:27:14.682+0100] {processor.py:183} INFO - Processing /home/ubuntu/.local/lib/python3.10/site-packages/airflow/example_dags/example_branch_python_dop_operator_3.py took 1.031 seconds
[2024-01-27T18:33:27.771+0100] {processor.py:161} INFO - Started process (PID=10006) to work on /home/ubuntu/.local/lib/python3.10/site-packages/airflow/example_dags/example_branch_python_dop_operator_3.py
[2024-01-27T18:33:27.861+0100] {processor.py:830} INFO - Processing file /home/ubuntu/.local/lib/python3.10/site-packages/airflow/example_dags/example_branch_python_dop_operator_3.py for tasks to queue
[2024-01-27T18:33:27.869+0100] {logging_mixin.py:188} INFO - [2024-01-27T18:33:27.868+0100] {dagbag.py:538} INFO - Filling up the DagBag from /home/ubuntu/.local/lib/python3.10/site-packages/airflow/example_dags/example_branch_python_dop_operator_3.py
[2024-01-27T18:33:27.956+0100] {processor.py:840} INFO - DAG(s) 'example_branch_dop_operator_v3' retrieved from /home/ubuntu/.local/lib/python3.10/site-packages/airflow/example_dags/example_branch_python_dop_operator_3.py
[2024-01-27T18:33:28.160+0100] {logging_mixin.py:188} INFO - [2024-01-27T18:33:28.159+0100] {dag.py:3033} INFO - Sync 1 DAGs
[2024-01-27T18:33:28.274+0100] {logging_mixin.py:188} INFO - [2024-01-27T18:33:28.274+0100] {dag.py:3820} INFO - Setting next_dagrun for example_branch_dop_operator_v3 to 2024-01-27T17:32:00+00:00, run_after=2024-01-27T17:33:00+00:00
[2024-01-27T18:33:28.734+0100] {processor.py:183} INFO - Processing /home/ubuntu/.local/lib/python3.10/site-packages/airflow/example_dags/example_branch_python_dop_operator_3.py took 0.976 seconds
[2024-01-27T18:35:45.855+0100] {processor.py:161} INFO - Started process (PID=10094) to work on /home/ubuntu/.local/lib/python3.10/site-packages/airflow/example_dags/example_branch_python_dop_operator_3.py
[2024-01-27T18:35:45.867+0100] {processor.py:830} INFO - Processing file /home/ubuntu/.local/lib/python3.10/site-packages/airflow/example_dags/example_branch_python_dop_operator_3.py for tasks to queue
[2024-01-27T18:35:45.868+0100] {logging_mixin.py:188} INFO - [2024-01-27T18:35:45.867+0100] {dagbag.py:538} INFO - Filling up the DagBag from /home/ubuntu/.local/lib/python3.10/site-packages/airflow/example_dags/example_branch_python_dop_operator_3.py
[2024-01-27T18:35:45.892+0100] {processor.py:840} INFO - DAG(s) 'example_branch_dop_operator_v3' retrieved from /home/ubuntu/.local/lib/python3.10/site-packages/airflow/example_dags/example_branch_python_dop_operator_3.py
[2024-01-27T18:35:45.960+0100] {logging_mixin.py:188} INFO - [2024-01-27T18:35:45.960+0100] {dag.py:3033} INFO - Sync 1 DAGs
[2024-01-27T18:35:46.151+0100] {logging_mixin.py:188} INFO - [2024-01-27T18:35:46.151+0100] {dag.py:3820} INFO - Setting next_dagrun for example_branch_dop_operator_v3 to 2024-01-27T17:34:00+00:00, run_after=2024-01-27T17:35:00+00:00
[2024-01-27T18:35:46.430+0100] {processor.py:183} INFO - Processing /home/ubuntu/.local/lib/python3.10/site-packages/airflow/example_dags/example_branch_python_dop_operator_3.py took 0.598 seconds
[2024-01-27T18:37:36.805+0100] {processor.py:161} INFO - Started process (PID=10164) to work on /home/ubuntu/.local/lib/python3.10/site-packages/airflow/example_dags/example_branch_python_dop_operator_3.py
[2024-01-27T18:37:36.837+0100] {processor.py:830} INFO - Processing file /home/ubuntu/.local/lib/python3.10/site-packages/airflow/example_dags/example_branch_python_dop_operator_3.py for tasks to queue
[2024-01-27T18:37:36.840+0100] {logging_mixin.py:188} INFO - [2024-01-27T18:37:36.839+0100] {dagbag.py:538} INFO - Filling up the DagBag from /home/ubuntu/.local/lib/python3.10/site-packages/airflow/example_dags/example_branch_python_dop_operator_3.py
[2024-01-27T18:37:36.904+0100] {processor.py:840} INFO - DAG(s) 'example_branch_dop_operator_v3' retrieved from /home/ubuntu/.local/lib/python3.10/site-packages/airflow/example_dags/example_branch_python_dop_operator_3.py
[2024-01-27T18:37:37.062+0100] {logging_mixin.py:188} INFO - [2024-01-27T18:37:37.053+0100] {dag.py:3033} INFO - Sync 1 DAGs
[2024-01-27T18:37:37.433+0100] {logging_mixin.py:188} INFO - [2024-01-27T18:37:37.433+0100] {dag.py:3820} INFO - Setting next_dagrun for example_branch_dop_operator_v3 to 2024-01-27T17:36:00+00:00, run_after=2024-01-27T17:37:00+00:00
[2024-01-27T18:37:38.041+0100] {processor.py:183} INFO - Processing /home/ubuntu/.local/lib/python3.10/site-packages/airflow/example_dags/example_branch_python_dop_operator_3.py took 1.246 seconds
[2024-01-27T18:39:21.864+0100] {processor.py:161} INFO - Started process (PID=10225) to work on /home/ubuntu/.local/lib/python3.10/site-packages/airflow/example_dags/example_branch_python_dop_operator_3.py
[2024-01-27T18:39:21.925+0100] {processor.py:830} INFO - Processing file /home/ubuntu/.local/lib/python3.10/site-packages/airflow/example_dags/example_branch_python_dop_operator_3.py for tasks to queue
[2024-01-27T18:39:21.935+0100] {logging_mixin.py:188} INFO - [2024-01-27T18:39:21.934+0100] {dagbag.py:538} INFO - Filling up the DagBag from /home/ubuntu/.local/lib/python3.10/site-packages/airflow/example_dags/example_branch_python_dop_operator_3.py
[2024-01-27T18:39:22.077+0100] {processor.py:840} INFO - DAG(s) 'example_branch_dop_operator_v3' retrieved from /home/ubuntu/.local/lib/python3.10/site-packages/airflow/example_dags/example_branch_python_dop_operator_3.py
[2024-01-27T18:39:22.237+0100] {logging_mixin.py:188} INFO - [2024-01-27T18:39:22.236+0100] {dag.py:3033} INFO - Sync 1 DAGs
[2024-01-27T18:39:22.350+0100] {logging_mixin.py:188} INFO - [2024-01-27T18:39:22.350+0100] {dag.py:3820} INFO - Setting next_dagrun for example_branch_dop_operator_v3 to 2024-01-27T17:38:00+00:00, run_after=2024-01-27T17:39:00+00:00
[2024-01-27T18:39:23.003+0100] {processor.py:183} INFO - Processing /home/ubuntu/.local/lib/python3.10/site-packages/airflow/example_dags/example_branch_python_dop_operator_3.py took 1.179 seconds
[2024-01-27T18:41:07.410+0100] {processor.py:161} INFO - Started process (PID=10287) to work on /home/ubuntu/.local/lib/python3.10/site-packages/airflow/example_dags/example_branch_python_dop_operator_3.py
[2024-01-27T18:41:07.485+0100] {processor.py:830} INFO - Processing file /home/ubuntu/.local/lib/python3.10/site-packages/airflow/example_dags/example_branch_python_dop_operator_3.py for tasks to queue
[2024-01-27T18:41:07.495+0100] {logging_mixin.py:188} INFO - [2024-01-27T18:41:07.494+0100] {dagbag.py:538} INFO - Filling up the DagBag from /home/ubuntu/.local/lib/python3.10/site-packages/airflow/example_dags/example_branch_python_dop_operator_3.py
[2024-01-27T18:41:07.560+0100] {processor.py:840} INFO - DAG(s) 'example_branch_dop_operator_v3' retrieved from /home/ubuntu/.local/lib/python3.10/site-packages/airflow/example_dags/example_branch_python_dop_operator_3.py
[2024-01-27T18:41:07.681+0100] {logging_mixin.py:188} INFO - [2024-01-27T18:41:07.674+0100] {dag.py:3033} INFO - Sync 1 DAGs
[2024-01-27T18:41:07.942+0100] {logging_mixin.py:188} INFO - [2024-01-27T18:41:07.942+0100] {dag.py:3820} INFO - Setting next_dagrun for example_branch_dop_operator_v3 to 2024-01-27T17:40:00+00:00, run_after=2024-01-27T17:41:00+00:00
[2024-01-27T18:41:08.378+0100] {processor.py:183} INFO - Processing /home/ubuntu/.local/lib/python3.10/site-packages/airflow/example_dags/example_branch_python_dop_operator_3.py took 1.016 seconds
[2024-01-27T18:42:57.241+0100] {processor.py:161} INFO - Started process (PID=10353) to work on /home/ubuntu/.local/lib/python3.10/site-packages/airflow/example_dags/example_branch_python_dop_operator_3.py
[2024-01-27T18:42:57.294+0100] {processor.py:830} INFO - Processing file /home/ubuntu/.local/lib/python3.10/site-packages/airflow/example_dags/example_branch_python_dop_operator_3.py for tasks to queue
[2024-01-27T18:42:57.305+0100] {logging_mixin.py:188} INFO - [2024-01-27T18:42:57.304+0100] {dagbag.py:538} INFO - Filling up the DagBag from /home/ubuntu/.local/lib/python3.10/site-packages/airflow/example_dags/example_branch_python_dop_operator_3.py
[2024-01-27T18:42:57.438+0100] {processor.py:840} INFO - DAG(s) 'example_branch_dop_operator_v3' retrieved from /home/ubuntu/.local/lib/python3.10/site-packages/airflow/example_dags/example_branch_python_dop_operator_3.py
[2024-01-27T18:42:57.595+0100] {logging_mixin.py:188} INFO - [2024-01-27T18:42:57.595+0100] {dag.py:3033} INFO - Sync 1 DAGs
[2024-01-27T18:42:57.792+0100] {logging_mixin.py:188} INFO - [2024-01-27T18:42:57.792+0100] {dag.py:3820} INFO - Setting next_dagrun for example_branch_dop_operator_v3 to 2024-01-27T17:41:00+00:00, run_after=2024-01-27T17:42:00+00:00
[2024-01-27T18:42:58.521+0100] {processor.py:183} INFO - Processing /home/ubuntu/.local/lib/python3.10/site-packages/airflow/example_dags/example_branch_python_dop_operator_3.py took 1.310 seconds
[2024-01-27T18:44:53.399+0100] {processor.py:161} INFO - Started process (PID=10421) to work on /home/ubuntu/.local/lib/python3.10/site-packages/airflow/example_dags/example_branch_python_dop_operator_3.py
[2024-01-27T18:44:53.409+0100] {processor.py:830} INFO - Processing file /home/ubuntu/.local/lib/python3.10/site-packages/airflow/example_dags/example_branch_python_dop_operator_3.py for tasks to queue
[2024-01-27T18:44:53.412+0100] {logging_mixin.py:188} INFO - [2024-01-27T18:44:53.411+0100] {dagbag.py:538} INFO - Filling up the DagBag from /home/ubuntu/.local/lib/python3.10/site-packages/airflow/example_dags/example_branch_python_dop_operator_3.py
[2024-01-27T18:44:53.468+0100] {processor.py:840} INFO - DAG(s) 'example_branch_dop_operator_v3' retrieved from /home/ubuntu/.local/lib/python3.10/site-packages/airflow/example_dags/example_branch_python_dop_operator_3.py
[2024-01-27T18:44:53.573+0100] {logging_mixin.py:188} INFO - [2024-01-27T18:44:53.572+0100] {dag.py:3033} INFO - Sync 1 DAGs
[2024-01-27T18:44:53.696+0100] {logging_mixin.py:188} INFO - [2024-01-27T18:44:53.695+0100] {dag.py:3820} INFO - Setting next_dagrun for example_branch_dop_operator_v3 to 2024-01-27T17:43:00+00:00, run_after=2024-01-27T17:44:00+00:00
[2024-01-27T18:44:54.093+0100] {processor.py:183} INFO - Processing /home/ubuntu/.local/lib/python3.10/site-packages/airflow/example_dags/example_branch_python_dop_operator_3.py took 0.705 seconds
[2024-01-27T18:46:48.936+0100] {processor.py:161} INFO - Started process (PID=10542) to work on /home/ubuntu/.local/lib/python3.10/site-packages/airflow/example_dags/example_branch_python_dop_operator_3.py
[2024-01-27T18:46:48.970+0100] {processor.py:830} INFO - Processing file /home/ubuntu/.local/lib/python3.10/site-packages/airflow/example_dags/example_branch_python_dop_operator_3.py for tasks to queue
[2024-01-27T18:46:48.972+0100] {logging_mixin.py:188} INFO - [2024-01-27T18:46:48.971+0100] {dagbag.py:538} INFO - Filling up the DagBag from /home/ubuntu/.local/lib/python3.10/site-packages/airflow/example_dags/example_branch_python_dop_operator_3.py
[2024-01-27T18:46:49.020+0100] {processor.py:840} INFO - DAG(s) 'example_branch_dop_operator_v3' retrieved from /home/ubuntu/.local/lib/python3.10/site-packages/airflow/example_dags/example_branch_python_dop_operator_3.py
[2024-01-27T18:46:49.098+0100] {logging_mixin.py:188} INFO - [2024-01-27T18:46:49.098+0100] {dag.py:3033} INFO - Sync 1 DAGs
[2024-01-27T18:46:49.197+0100] {logging_mixin.py:188} INFO - [2024-01-27T18:46:49.190+0100] {dag.py:3820} INFO - Setting next_dagrun for example_branch_dop_operator_v3 to 2024-01-27T17:45:00+00:00, run_after=2024-01-27T17:46:00+00:00
[2024-01-27T18:46:49.786+0100] {processor.py:183} INFO - Processing /home/ubuntu/.local/lib/python3.10/site-packages/airflow/example_dags/example_branch_python_dop_operator_3.py took 0.857 seconds
[2024-01-27T18:48:33.496+0100] {processor.py:161} INFO - Started process (PID=10654) to work on /home/ubuntu/.local/lib/python3.10/site-packages/airflow/example_dags/example_branch_python_dop_operator_3.py
[2024-01-27T18:48:33.536+0100] {processor.py:830} INFO - Processing file /home/ubuntu/.local/lib/python3.10/site-packages/airflow/example_dags/example_branch_python_dop_operator_3.py for tasks to queue
[2024-01-27T18:48:33.538+0100] {logging_mixin.py:188} INFO - [2024-01-27T18:48:33.537+0100] {dagbag.py:538} INFO - Filling up the DagBag from /home/ubuntu/.local/lib/python3.10/site-packages/airflow/example_dags/example_branch_python_dop_operator_3.py
[2024-01-27T18:48:33.593+0100] {processor.py:840} INFO - DAG(s) 'example_branch_dop_operator_v3' retrieved from /home/ubuntu/.local/lib/python3.10/site-packages/airflow/example_dags/example_branch_python_dop_operator_3.py
[2024-01-27T18:48:33.691+0100] {logging_mixin.py:188} INFO - [2024-01-27T18:48:33.691+0100] {dag.py:3033} INFO - Sync 1 DAGs
[2024-01-27T18:48:33.739+0100] {logging_mixin.py:188} INFO - [2024-01-27T18:48:33.739+0100] {dag.py:3820} INFO - Setting next_dagrun for example_branch_dop_operator_v3 to 2024-01-27T17:47:00+00:00, run_after=2024-01-27T17:48:00+00:00
[2024-01-27T18:48:34.335+0100] {processor.py:183} INFO - Processing /home/ubuntu/.local/lib/python3.10/site-packages/airflow/example_dags/example_branch_python_dop_operator_3.py took 0.848 seconds
[2024-01-27T18:50:11.893+0100] {processor.py:161} INFO - Started process (PID=10710) to work on /home/ubuntu/.local/lib/python3.10/site-packages/airflow/example_dags/example_branch_python_dop_operator_3.py
[2024-01-27T18:50:11.936+0100] {processor.py:830} INFO - Processing file /home/ubuntu/.local/lib/python3.10/site-packages/airflow/example_dags/example_branch_python_dop_operator_3.py for tasks to queue
[2024-01-27T18:50:11.955+0100] {logging_mixin.py:188} INFO - [2024-01-27T18:50:11.945+0100] {dagbag.py:538} INFO - Filling up the DagBag from /home/ubuntu/.local/lib/python3.10/site-packages/airflow/example_dags/example_branch_python_dop_operator_3.py
[2024-01-27T18:50:12.063+0100] {processor.py:840} INFO - DAG(s) 'example_branch_dop_operator_v3' retrieved from /home/ubuntu/.local/lib/python3.10/site-packages/airflow/example_dags/example_branch_python_dop_operator_3.py
[2024-01-27T18:50:12.172+0100] {logging_mixin.py:188} INFO - [2024-01-27T18:50:12.172+0100] {dag.py:3033} INFO - Sync 1 DAGs
[2024-01-27T18:50:12.317+0100] {logging_mixin.py:188} INFO - [2024-01-27T18:50:12.316+0100] {dag.py:3820} INFO - Setting next_dagrun for example_branch_dop_operator_v3 to 2024-01-27T17:49:00+00:00, run_after=2024-01-27T17:50:00+00:00
[2024-01-27T18:50:12.933+0100] {processor.py:183} INFO - Processing /home/ubuntu/.local/lib/python3.10/site-packages/airflow/example_dags/example_branch_python_dop_operator_3.py took 1.069 seconds
[2024-01-27T18:51:56.940+0100] {processor.py:161} INFO - Started process (PID=10764) to work on /home/ubuntu/.local/lib/python3.10/site-packages/airflow/example_dags/example_branch_python_dop_operator_3.py
[2024-01-27T18:51:57.004+0100] {processor.py:830} INFO - Processing file /home/ubuntu/.local/lib/python3.10/site-packages/airflow/example_dags/example_branch_python_dop_operator_3.py for tasks to queue
[2024-01-27T18:51:57.020+0100] {logging_mixin.py:188} INFO - [2024-01-27T18:51:57.012+0100] {dagbag.py:538} INFO - Filling up the DagBag from /home/ubuntu/.local/lib/python3.10/site-packages/airflow/example_dags/example_branch_python_dop_operator_3.py
[2024-01-27T18:51:57.086+0100] {processor.py:840} INFO - DAG(s) 'example_branch_dop_operator_v3' retrieved from /home/ubuntu/.local/lib/python3.10/site-packages/airflow/example_dags/example_branch_python_dop_operator_3.py
[2024-01-27T18:51:57.318+0100] {logging_mixin.py:188} INFO - [2024-01-27T18:51:57.317+0100] {dag.py:3033} INFO - Sync 1 DAGs
[2024-01-27T18:51:57.537+0100] {logging_mixin.py:188} INFO - [2024-01-27T18:51:57.536+0100] {dag.py:3820} INFO - Setting next_dagrun for example_branch_dop_operator_v3 to 2024-01-27T17:50:00+00:00, run_after=2024-01-27T17:51:00+00:00
[2024-01-27T18:51:57.856+0100] {processor.py:183} INFO - Processing /home/ubuntu/.local/lib/python3.10/site-packages/airflow/example_dags/example_branch_python_dop_operator_3.py took 0.970 seconds
[2024-01-27T18:54:14.152+0100] {processor.py:161} INFO - Started process (PID=10823) to work on /home/ubuntu/.local/lib/python3.10/site-packages/airflow/example_dags/example_branch_python_dop_operator_3.py
[2024-01-27T18:54:14.203+0100] {processor.py:830} INFO - Processing file /home/ubuntu/.local/lib/python3.10/site-packages/airflow/example_dags/example_branch_python_dop_operator_3.py for tasks to queue
[2024-01-27T18:54:14.205+0100] {logging_mixin.py:188} INFO - [2024-01-27T18:54:14.204+0100] {dagbag.py:538} INFO - Filling up the DagBag from /home/ubuntu/.local/lib/python3.10/site-packages/airflow/example_dags/example_branch_python_dop_operator_3.py
[2024-01-27T18:54:14.308+0100] {processor.py:840} INFO - DAG(s) 'example_branch_dop_operator_v3' retrieved from /home/ubuntu/.local/lib/python3.10/site-packages/airflow/example_dags/example_branch_python_dop_operator_3.py
[2024-01-27T18:54:14.539+0100] {logging_mixin.py:188} INFO - [2024-01-27T18:54:14.538+0100] {dag.py:3033} INFO - Sync 1 DAGs
[2024-01-27T18:54:14.795+0100] {logging_mixin.py:188} INFO - [2024-01-27T18:54:14.794+0100] {dag.py:3820} INFO - Setting next_dagrun for example_branch_dop_operator_v3 to 2024-01-27T17:53:00+00:00, run_after=2024-01-27T17:54:00+00:00
[2024-01-27T18:54:15.851+0100] {processor.py:183} INFO - Processing /home/ubuntu/.local/lib/python3.10/site-packages/airflow/example_dags/example_branch_python_dop_operator_3.py took 1.776 seconds
[2024-01-27T18:56:50.882+0100] {processor.py:161} INFO - Started process (PID=10880) to work on /home/ubuntu/.local/lib/python3.10/site-packages/airflow/example_dags/example_branch_python_dop_operator_3.py
[2024-01-27T18:56:50.940+0100] {processor.py:830} INFO - Processing file /home/ubuntu/.local/lib/python3.10/site-packages/airflow/example_dags/example_branch_python_dop_operator_3.py for tasks to queue
[2024-01-27T18:56:50.969+0100] {logging_mixin.py:188} INFO - [2024-01-27T18:56:50.968+0100] {dagbag.py:538} INFO - Filling up the DagBag from /home/ubuntu/.local/lib/python3.10/site-packages/airflow/example_dags/example_branch_python_dop_operator_3.py
[2024-01-27T18:56:51.130+0100] {processor.py:840} INFO - DAG(s) 'example_branch_dop_operator_v3' retrieved from /home/ubuntu/.local/lib/python3.10/site-packages/airflow/example_dags/example_branch_python_dop_operator_3.py
[2024-01-27T18:56:51.303+0100] {logging_mixin.py:188} INFO - [2024-01-27T18:56:51.294+0100] {dag.py:3033} INFO - Sync 1 DAGs
[2024-01-27T18:56:51.510+0100] {logging_mixin.py:188} INFO - [2024-01-27T18:56:51.509+0100] {dag.py:3820} INFO - Setting next_dagrun for example_branch_dop_operator_v3 to 2024-01-27T17:55:00+00:00, run_after=2024-01-27T17:56:00+00:00
[2024-01-27T18:56:52.226+0100] {processor.py:183} INFO - Processing /home/ubuntu/.local/lib/python3.10/site-packages/airflow/example_dags/example_branch_python_dop_operator_3.py took 1.370 seconds
[2024-01-27T18:59:07.314+0100] {processor.py:161} INFO - Started process (PID=10959) to work on /home/ubuntu/.local/lib/python3.10/site-packages/airflow/example_dags/example_branch_python_dop_operator_3.py
[2024-01-27T18:59:07.412+0100] {processor.py:830} INFO - Processing file /home/ubuntu/.local/lib/python3.10/site-packages/airflow/example_dags/example_branch_python_dop_operator_3.py for tasks to queue
[2024-01-27T18:59:07.423+0100] {logging_mixin.py:188} INFO - [2024-01-27T18:59:07.421+0100] {dagbag.py:538} INFO - Filling up the DagBag from /home/ubuntu/.local/lib/python3.10/site-packages/airflow/example_dags/example_branch_python_dop_operator_3.py
[2024-01-27T18:59:07.488+0100] {processor.py:840} INFO - DAG(s) 'example_branch_dop_operator_v3' retrieved from /home/ubuntu/.local/lib/python3.10/site-packages/airflow/example_dags/example_branch_python_dop_operator_3.py
[2024-01-27T18:59:07.555+0100] {logging_mixin.py:188} INFO - [2024-01-27T18:59:07.555+0100] {dag.py:3033} INFO - Sync 1 DAGs
[2024-01-27T18:59:07.609+0100] {logging_mixin.py:188} INFO - [2024-01-27T18:59:07.608+0100] {dag.py:3820} INFO - Setting next_dagrun for example_branch_dop_operator_v3 to 2024-01-27T17:58:00+00:00, run_after=2024-01-27T17:59:00+00:00
[2024-01-27T18:59:08.010+0100] {processor.py:183} INFO - Processing /home/ubuntu/.local/lib/python3.10/site-packages/airflow/example_dags/example_branch_python_dop_operator_3.py took 0.719 seconds
[2024-01-27T19:01:19.691+0100] {processor.py:161} INFO - Started process (PID=11018) to work on /home/ubuntu/.local/lib/python3.10/site-packages/airflow/example_dags/example_branch_python_dop_operator_3.py
[2024-01-27T19:01:19.755+0100] {processor.py:830} INFO - Processing file /home/ubuntu/.local/lib/python3.10/site-packages/airflow/example_dags/example_branch_python_dop_operator_3.py for tasks to queue
[2024-01-27T19:01:19.757+0100] {logging_mixin.py:188} INFO - [2024-01-27T19:01:19.756+0100] {dagbag.py:538} INFO - Filling up the DagBag from /home/ubuntu/.local/lib/python3.10/site-packages/airflow/example_dags/example_branch_python_dop_operator_3.py
[2024-01-27T19:01:19.878+0100] {processor.py:840} INFO - DAG(s) 'example_branch_dop_operator_v3' retrieved from /home/ubuntu/.local/lib/python3.10/site-packages/airflow/example_dags/example_branch_python_dop_operator_3.py
[2024-01-27T19:01:20.081+0100] {logging_mixin.py:188} INFO - [2024-01-27T19:01:20.057+0100] {dag.py:3033} INFO - Sync 1 DAGs
[2024-01-27T19:01:20.434+0100] {logging_mixin.py:188} INFO - [2024-01-27T19:01:20.433+0100] {dag.py:3820} INFO - Setting next_dagrun for example_branch_dop_operator_v3 to 2024-01-27T18:00:00+00:00, run_after=2024-01-27T18:01:00+00:00
[2024-01-27T19:01:21.194+0100] {processor.py:183} INFO - Processing /home/ubuntu/.local/lib/python3.10/site-packages/airflow/example_dags/example_branch_python_dop_operator_3.py took 1.538 seconds
[2024-01-27T19:03:28.963+0100] {processor.py:161} INFO - Started process (PID=11073) to work on /home/ubuntu/.local/lib/python3.10/site-packages/airflow/example_dags/example_branch_python_dop_operator_3.py
[2024-01-27T19:03:29.031+0100] {processor.py:830} INFO - Processing file /home/ubuntu/.local/lib/python3.10/site-packages/airflow/example_dags/example_branch_python_dop_operator_3.py for tasks to queue
[2024-01-27T19:03:29.034+0100] {logging_mixin.py:188} INFO - [2024-01-27T19:03:29.033+0100] {dagbag.py:538} INFO - Filling up the DagBag from /home/ubuntu/.local/lib/python3.10/site-packages/airflow/example_dags/example_branch_python_dop_operator_3.py
[2024-01-27T19:03:29.148+0100] {processor.py:840} INFO - DAG(s) 'example_branch_dop_operator_v3' retrieved from /home/ubuntu/.local/lib/python3.10/site-packages/airflow/example_dags/example_branch_python_dop_operator_3.py
[2024-01-27T19:03:29.345+0100] {logging_mixin.py:188} INFO - [2024-01-27T19:03:29.344+0100] {dag.py:3033} INFO - Sync 1 DAGs
[2024-01-27T19:03:29.778+0100] {logging_mixin.py:188} INFO - [2024-01-27T19:03:29.777+0100] {dag.py:3820} INFO - Setting next_dagrun for example_branch_dop_operator_v3 to 2024-01-27T18:02:00+00:00, run_after=2024-01-27T18:03:00+00:00
[2024-01-27T19:03:30.725+0100] {processor.py:183} INFO - Processing /home/ubuntu/.local/lib/python3.10/site-packages/airflow/example_dags/example_branch_python_dop_operator_3.py took 1.812 seconds
[2024-01-27T19:05:42.711+0100] {processor.py:161} INFO - Started process (PID=11128) to work on /home/ubuntu/.local/lib/python3.10/site-packages/airflow/example_dags/example_branch_python_dop_operator_3.py
[2024-01-27T19:05:42.813+0100] {processor.py:830} INFO - Processing file /home/ubuntu/.local/lib/python3.10/site-packages/airflow/example_dags/example_branch_python_dop_operator_3.py for tasks to queue
[2024-01-27T19:05:42.822+0100] {logging_mixin.py:188} INFO - [2024-01-27T19:05:42.821+0100] {dagbag.py:538} INFO - Filling up the DagBag from /home/ubuntu/.local/lib/python3.10/site-packages/airflow/example_dags/example_branch_python_dop_operator_3.py
[2024-01-27T19:05:42.857+0100] {processor.py:840} INFO - DAG(s) 'example_branch_dop_operator_v3' retrieved from /home/ubuntu/.local/lib/python3.10/site-packages/airflow/example_dags/example_branch_python_dop_operator_3.py
[2024-01-27T19:05:43.013+0100] {logging_mixin.py:188} INFO - [2024-01-27T19:05:43.012+0100] {dag.py:3033} INFO - Sync 1 DAGs
[2024-01-27T19:05:43.069+0100] {logging_mixin.py:188} INFO - [2024-01-27T19:05:43.068+0100] {dag.py:3820} INFO - Setting next_dagrun for example_branch_dop_operator_v3 to 2024-01-27T18:04:00+00:00, run_after=2024-01-27T18:05:00+00:00
[2024-01-27T19:05:43.407+0100] {processor.py:183} INFO - Processing /home/ubuntu/.local/lib/python3.10/site-packages/airflow/example_dags/example_branch_python_dop_operator_3.py took 0.800 seconds
[2024-01-27T19:07:52.692+0100] {processor.py:161} INFO - Started process (PID=11185) to work on /home/ubuntu/.local/lib/python3.10/site-packages/airflow/example_dags/example_branch_python_dop_operator_3.py
[2024-01-27T19:07:52.741+0100] {processor.py:830} INFO - Processing file /home/ubuntu/.local/lib/python3.10/site-packages/airflow/example_dags/example_branch_python_dop_operator_3.py for tasks to queue
[2024-01-27T19:07:52.773+0100] {logging_mixin.py:188} INFO - [2024-01-27T19:07:52.771+0100] {dagbag.py:538} INFO - Filling up the DagBag from /home/ubuntu/.local/lib/python3.10/site-packages/airflow/example_dags/example_branch_python_dop_operator_3.py
[2024-01-27T19:07:53.036+0100] {processor.py:840} INFO - DAG(s) 'example_branch_dop_operator_v3' retrieved from /home/ubuntu/.local/lib/python3.10/site-packages/airflow/example_dags/example_branch_python_dop_operator_3.py
[2024-01-27T19:07:53.265+0100] {logging_mixin.py:188} INFO - [2024-01-27T19:07:53.250+0100] {dag.py:3033} INFO - Sync 1 DAGs
[2024-01-27T19:07:53.594+0100] {logging_mixin.py:188} INFO - [2024-01-27T19:07:53.593+0100] {dag.py:3820} INFO - Setting next_dagrun for example_branch_dop_operator_v3 to 2024-01-27T18:06:00+00:00, run_after=2024-01-27T18:07:00+00:00
[2024-01-27T19:07:54.342+0100] {processor.py:183} INFO - Processing /home/ubuntu/.local/lib/python3.10/site-packages/airflow/example_dags/example_branch_python_dop_operator_3.py took 1.747 seconds
