[2024-01-27T17:54:03.498+0100] {processor.py:161} INFO - Started process (PID=8336) to work on /home/ubuntu/.local/lib/python3.10/site-packages/airflow/example_dags/example_latest_only_with_trigger.py
[2024-01-27T17:54:03.499+0100] {processor.py:830} INFO - Processing file /home/ubuntu/.local/lib/python3.10/site-packages/airflow/example_dags/example_latest_only_with_trigger.py for tasks to queue
[2024-01-27T17:54:03.500+0100] {logging_mixin.py:188} INFO - [2024-01-27T17:54:03.500+0100] {dagbag.py:538} INFO - Filling up the DagBag from /home/ubuntu/.local/lib/python3.10/site-packages/airflow/example_dags/example_latest_only_with_trigger.py
[2024-01-27T17:54:03.509+0100] {processor.py:840} INFO - DAG(s) 'latest_only_with_trigger' retrieved from /home/ubuntu/.local/lib/python3.10/site-packages/airflow/example_dags/example_latest_only_with_trigger.py
[2024-01-27T17:54:03.624+0100] {logging_mixin.py:188} INFO - [2024-01-27T17:54:03.624+0100] {dag.py:3033} INFO - Sync 1 DAGs
[2024-01-27T17:54:03.677+0100] {logging_mixin.py:188} INFO - [2024-01-27T17:54:03.676+0100] {dag.py:3820} INFO - Setting next_dagrun for latest_only_with_trigger to 2024-01-27T12:00:00+00:00, run_after=2024-01-27T16:00:00+00:00
[2024-01-27T17:54:03.940+0100] {processor.py:183} INFO - Processing /home/ubuntu/.local/lib/python3.10/site-packages/airflow/example_dags/example_latest_only_with_trigger.py took 0.446 seconds
[2024-01-27T17:55:24.074+0100] {processor.py:161} INFO - Started process (PID=8406) to work on /home/ubuntu/.local/lib/python3.10/site-packages/airflow/example_dags/example_latest_only_with_trigger.py
[2024-01-27T17:55:24.082+0100] {processor.py:830} INFO - Processing file /home/ubuntu/.local/lib/python3.10/site-packages/airflow/example_dags/example_latest_only_with_trigger.py for tasks to queue
[2024-01-27T17:55:24.083+0100] {logging_mixin.py:188} INFO - [2024-01-27T17:55:24.082+0100] {dagbag.py:538} INFO - Filling up the DagBag from /home/ubuntu/.local/lib/python3.10/site-packages/airflow/example_dags/example_latest_only_with_trigger.py
[2024-01-27T17:55:24.094+0100] {processor.py:840} INFO - DAG(s) 'latest_only_with_trigger' retrieved from /home/ubuntu/.local/lib/python3.10/site-packages/airflow/example_dags/example_latest_only_with_trigger.py
[2024-01-27T17:55:24.118+0100] {logging_mixin.py:188} INFO - [2024-01-27T17:55:24.118+0100] {dag.py:3033} INFO - Sync 1 DAGs
[2024-01-27T17:55:24.141+0100] {logging_mixin.py:188} INFO - [2024-01-27T17:55:24.141+0100] {dag.py:3820} INFO - Setting next_dagrun for latest_only_with_trigger to 2024-01-27T12:00:00+00:00, run_after=2024-01-27T16:00:00+00:00
[2024-01-27T17:55:24.328+0100] {processor.py:183} INFO - Processing /home/ubuntu/.local/lib/python3.10/site-packages/airflow/example_dags/example_latest_only_with_trigger.py took 0.271 seconds
[2024-01-27T17:56:41.450+0100] {processor.py:161} INFO - Started process (PID=8471) to work on /home/ubuntu/.local/lib/python3.10/site-packages/airflow/example_dags/example_latest_only_with_trigger.py
[2024-01-27T17:56:41.476+0100] {processor.py:830} INFO - Processing file /home/ubuntu/.local/lib/python3.10/site-packages/airflow/example_dags/example_latest_only_with_trigger.py for tasks to queue
[2024-01-27T17:56:41.477+0100] {logging_mixin.py:188} INFO - [2024-01-27T17:56:41.477+0100] {dagbag.py:538} INFO - Filling up the DagBag from /home/ubuntu/.local/lib/python3.10/site-packages/airflow/example_dags/example_latest_only_with_trigger.py
[2024-01-27T17:56:41.525+0100] {processor.py:840} INFO - DAG(s) 'latest_only_with_trigger' retrieved from /home/ubuntu/.local/lib/python3.10/site-packages/airflow/example_dags/example_latest_only_with_trigger.py
[2024-01-27T17:56:41.614+0100] {logging_mixin.py:188} INFO - [2024-01-27T17:56:41.608+0100] {dag.py:3033} INFO - Sync 1 DAGs
[2024-01-27T17:56:41.687+0100] {logging_mixin.py:188} INFO - [2024-01-27T17:56:41.687+0100] {dag.py:3820} INFO - Setting next_dagrun for latest_only_with_trigger to 2024-01-27T12:00:00+00:00, run_after=2024-01-27T16:00:00+00:00
[2024-01-27T17:56:42.045+0100] {processor.py:183} INFO - Processing /home/ubuntu/.local/lib/python3.10/site-packages/airflow/example_dags/example_latest_only_with_trigger.py took 0.610 seconds
[2024-01-27T17:57:53.037+0100] {processor.py:161} INFO - Started process (PID=8546) to work on /home/ubuntu/.local/lib/python3.10/site-packages/airflow/example_dags/example_latest_only_with_trigger.py
[2024-01-27T17:57:53.062+0100] {processor.py:830} INFO - Processing file /home/ubuntu/.local/lib/python3.10/site-packages/airflow/example_dags/example_latest_only_with_trigger.py for tasks to queue
[2024-01-27T17:57:53.063+0100] {logging_mixin.py:188} INFO - [2024-01-27T17:57:53.062+0100] {dagbag.py:538} INFO - Filling up the DagBag from /home/ubuntu/.local/lib/python3.10/site-packages/airflow/example_dags/example_latest_only_with_trigger.py
[2024-01-27T17:57:53.086+0100] {processor.py:840} INFO - DAG(s) 'latest_only_with_trigger' retrieved from /home/ubuntu/.local/lib/python3.10/site-packages/airflow/example_dags/example_latest_only_with_trigger.py
[2024-01-27T17:57:53.146+0100] {logging_mixin.py:188} INFO - [2024-01-27T17:57:53.146+0100] {dag.py:3033} INFO - Sync 1 DAGs
[2024-01-27T17:57:53.173+0100] {logging_mixin.py:188} INFO - [2024-01-27T17:57:53.173+0100] {dag.py:3820} INFO - Setting next_dagrun for latest_only_with_trigger to 2024-01-27T12:00:00+00:00, run_after=2024-01-27T16:00:00+00:00
[2024-01-27T17:57:53.235+0100] {processor.py:183} INFO - Processing /home/ubuntu/.local/lib/python3.10/site-packages/airflow/example_dags/example_latest_only_with_trigger.py took 0.206 seconds
[2024-01-27T17:59:06.823+0100] {processor.py:161} INFO - Started process (PID=8669) to work on /home/ubuntu/.local/lib/python3.10/site-packages/airflow/example_dags/example_latest_only_with_trigger.py
[2024-01-27T17:59:06.828+0100] {processor.py:830} INFO - Processing file /home/ubuntu/.local/lib/python3.10/site-packages/airflow/example_dags/example_latest_only_with_trigger.py for tasks to queue
[2024-01-27T17:59:06.829+0100] {logging_mixin.py:188} INFO - [2024-01-27T17:59:06.829+0100] {dagbag.py:538} INFO - Filling up the DagBag from /home/ubuntu/.local/lib/python3.10/site-packages/airflow/example_dags/example_latest_only_with_trigger.py
[2024-01-27T17:59:06.839+0100] {processor.py:840} INFO - DAG(s) 'latest_only_with_trigger' retrieved from /home/ubuntu/.local/lib/python3.10/site-packages/airflow/example_dags/example_latest_only_with_trigger.py
[2024-01-27T17:59:06.861+0100] {logging_mixin.py:188} INFO - [2024-01-27T17:59:06.860+0100] {dag.py:3033} INFO - Sync 1 DAGs
[2024-01-27T17:59:06.883+0100] {logging_mixin.py:188} INFO - [2024-01-27T17:59:06.883+0100] {dag.py:3820} INFO - Setting next_dagrun for latest_only_with_trigger to 2024-01-27T12:00:00+00:00, run_after=2024-01-27T16:00:00+00:00
[2024-01-27T17:59:06.969+0100] {processor.py:183} INFO - Processing /home/ubuntu/.local/lib/python3.10/site-packages/airflow/example_dags/example_latest_only_with_trigger.py took 0.149 seconds
[2024-01-27T18:00:18.621+0100] {processor.py:161} INFO - Started process (PID=8731) to work on /home/ubuntu/.local/lib/python3.10/site-packages/airflow/example_dags/example_latest_only_with_trigger.py
[2024-01-27T18:00:18.625+0100] {processor.py:830} INFO - Processing file /home/ubuntu/.local/lib/python3.10/site-packages/airflow/example_dags/example_latest_only_with_trigger.py for tasks to queue
[2024-01-27T18:00:18.626+0100] {logging_mixin.py:188} INFO - [2024-01-27T18:00:18.625+0100] {dagbag.py:538} INFO - Filling up the DagBag from /home/ubuntu/.local/lib/python3.10/site-packages/airflow/example_dags/example_latest_only_with_trigger.py
[2024-01-27T18:00:18.637+0100] {processor.py:840} INFO - DAG(s) 'latest_only_with_trigger' retrieved from /home/ubuntu/.local/lib/python3.10/site-packages/airflow/example_dags/example_latest_only_with_trigger.py
[2024-01-27T18:00:18.666+0100] {logging_mixin.py:188} INFO - [2024-01-27T18:00:18.666+0100] {dag.py:3033} INFO - Sync 1 DAGs
[2024-01-27T18:00:18.724+0100] {logging_mixin.py:188} INFO - [2024-01-27T18:00:18.723+0100] {dag.py:3820} INFO - Setting next_dagrun for latest_only_with_trigger to 2024-01-27T12:00:00+00:00, run_after=2024-01-27T16:00:00+00:00
[2024-01-27T18:00:18.836+0100] {processor.py:183} INFO - Processing /home/ubuntu/.local/lib/python3.10/site-packages/airflow/example_dags/example_latest_only_with_trigger.py took 0.223 seconds
[2024-01-27T18:01:28.284+0100] {processor.py:161} INFO - Started process (PID=8793) to work on /home/ubuntu/.local/lib/python3.10/site-packages/airflow/example_dags/example_latest_only_with_trigger.py
[2024-01-27T18:01:28.297+0100] {processor.py:830} INFO - Processing file /home/ubuntu/.local/lib/python3.10/site-packages/airflow/example_dags/example_latest_only_with_trigger.py for tasks to queue
[2024-01-27T18:01:28.299+0100] {logging_mixin.py:188} INFO - [2024-01-27T18:01:28.298+0100] {dagbag.py:538} INFO - Filling up the DagBag from /home/ubuntu/.local/lib/python3.10/site-packages/airflow/example_dags/example_latest_only_with_trigger.py
[2024-01-27T18:01:28.311+0100] {processor.py:840} INFO - DAG(s) 'latest_only_with_trigger' retrieved from /home/ubuntu/.local/lib/python3.10/site-packages/airflow/example_dags/example_latest_only_with_trigger.py
[2024-01-27T18:01:28.333+0100] {logging_mixin.py:188} INFO - [2024-01-27T18:01:28.333+0100] {dag.py:3033} INFO - Sync 1 DAGs
[2024-01-27T18:01:28.363+0100] {logging_mixin.py:188} INFO - [2024-01-27T18:01:28.363+0100] {dag.py:3820} INFO - Setting next_dagrun for latest_only_with_trigger to 2024-01-27T12:00:00+00:00, run_after=2024-01-27T16:00:00+00:00
[2024-01-27T18:01:28.415+0100] {processor.py:183} INFO - Processing /home/ubuntu/.local/lib/python3.10/site-packages/airflow/example_dags/example_latest_only_with_trigger.py took 0.153 seconds
[2024-01-27T18:03:58.686+0100] {processor.py:161} INFO - Started process (PID=8894) to work on /home/ubuntu/.local/lib/python3.10/site-packages/airflow/example_dags/example_latest_only_with_trigger.py
[2024-01-27T18:03:58.748+0100] {processor.py:830} INFO - Processing file /home/ubuntu/.local/lib/python3.10/site-packages/airflow/example_dags/example_latest_only_with_trigger.py for tasks to queue
[2024-01-27T18:03:58.750+0100] {logging_mixin.py:188} INFO - [2024-01-27T18:03:58.749+0100] {dagbag.py:538} INFO - Filling up the DagBag from /home/ubuntu/.local/lib/python3.10/site-packages/airflow/example_dags/example_latest_only_with_trigger.py
[2024-01-27T18:03:58.790+0100] {processor.py:840} INFO - DAG(s) 'latest_only_with_trigger' retrieved from /home/ubuntu/.local/lib/python3.10/site-packages/airflow/example_dags/example_latest_only_with_trigger.py
[2024-01-27T18:03:59.215+0100] {logging_mixin.py:188} INFO - [2024-01-27T18:03:59.214+0100] {dag.py:3033} INFO - Sync 1 DAGs
[2024-01-27T18:03:59.386+0100] {logging_mixin.py:188} INFO - [2024-01-27T18:03:59.385+0100] {dag.py:3820} INFO - Setting next_dagrun for latest_only_with_trigger to 2024-01-27T12:00:00+00:00, run_after=2024-01-27T16:00:00+00:00
[2024-01-27T18:04:00.221+0100] {processor.py:183} INFO - Processing /home/ubuntu/.local/lib/python3.10/site-packages/airflow/example_dags/example_latest_only_with_trigger.py took 1.599 seconds
[2024-01-27T18:07:34.784+0100] {processor.py:161} INFO - Started process (PID=8997) to work on /home/ubuntu/.local/lib/python3.10/site-packages/airflow/example_dags/example_latest_only_with_trigger.py
[2024-01-27T18:07:34.833+0100] {processor.py:830} INFO - Processing file /home/ubuntu/.local/lib/python3.10/site-packages/airflow/example_dags/example_latest_only_with_trigger.py for tasks to queue
[2024-01-27T18:07:34.836+0100] {logging_mixin.py:188} INFO - [2024-01-27T18:07:34.835+0100] {dagbag.py:538} INFO - Filling up the DagBag from /home/ubuntu/.local/lib/python3.10/site-packages/airflow/example_dags/example_latest_only_with_trigger.py
[2024-01-27T18:07:34.916+0100] {processor.py:840} INFO - DAG(s) 'latest_only_with_trigger' retrieved from /home/ubuntu/.local/lib/python3.10/site-packages/airflow/example_dags/example_latest_only_with_trigger.py
[2024-01-27T18:07:35.129+0100] {logging_mixin.py:188} INFO - [2024-01-27T18:07:35.128+0100] {dag.py:3033} INFO - Sync 1 DAGs
[2024-01-27T18:07:35.393+0100] {logging_mixin.py:188} INFO - [2024-01-27T18:07:35.393+0100] {dag.py:3820} INFO - Setting next_dagrun for latest_only_with_trigger to 2024-01-27T12:00:00+00:00, run_after=2024-01-27T16:00:00+00:00
[2024-01-27T18:07:35.941+0100] {processor.py:183} INFO - Processing /home/ubuntu/.local/lib/python3.10/site-packages/airflow/example_dags/example_latest_only_with_trigger.py took 1.249 seconds
[2024-01-27T18:09:56.456+0100] {processor.py:161} INFO - Started process (PID=9078) to work on /home/ubuntu/.local/lib/python3.10/site-packages/airflow/example_dags/example_latest_only_with_trigger.py
[2024-01-27T18:09:56.468+0100] {processor.py:830} INFO - Processing file /home/ubuntu/.local/lib/python3.10/site-packages/airflow/example_dags/example_latest_only_with_trigger.py for tasks to queue
[2024-01-27T18:09:56.471+0100] {logging_mixin.py:188} INFO - [2024-01-27T18:09:56.470+0100] {dagbag.py:538} INFO - Filling up the DagBag from /home/ubuntu/.local/lib/python3.10/site-packages/airflow/example_dags/example_latest_only_with_trigger.py
[2024-01-27T18:09:56.576+0100] {processor.py:840} INFO - DAG(s) 'latest_only_with_trigger' retrieved from /home/ubuntu/.local/lib/python3.10/site-packages/airflow/example_dags/example_latest_only_with_trigger.py
[2024-01-27T18:09:56.738+0100] {logging_mixin.py:188} INFO - [2024-01-27T18:09:56.738+0100] {dag.py:3033} INFO - Sync 1 DAGs
[2024-01-27T18:09:56.928+0100] {logging_mixin.py:188} INFO - [2024-01-27T18:09:56.928+0100] {dag.py:3820} INFO - Setting next_dagrun for latest_only_with_trigger to 2024-01-27T12:00:00+00:00, run_after=2024-01-27T16:00:00+00:00
[2024-01-27T18:09:57.609+0100] {processor.py:183} INFO - Processing /home/ubuntu/.local/lib/python3.10/site-packages/airflow/example_dags/example_latest_only_with_trigger.py took 1.168 seconds
[2024-01-27T18:13:20.634+0100] {processor.py:161} INFO - Started process (PID=9223) to work on /home/ubuntu/.local/lib/python3.10/site-packages/airflow/example_dags/example_latest_only_with_trigger.py
[2024-01-27T18:13:20.679+0100] {processor.py:830} INFO - Processing file /home/ubuntu/.local/lib/python3.10/site-packages/airflow/example_dags/example_latest_only_with_trigger.py for tasks to queue
[2024-01-27T18:13:20.681+0100] {logging_mixin.py:188} INFO - [2024-01-27T18:13:20.680+0100] {dagbag.py:538} INFO - Filling up the DagBag from /home/ubuntu/.local/lib/python3.10/site-packages/airflow/example_dags/example_latest_only_with_trigger.py
[2024-01-27T18:13:20.752+0100] {processor.py:840} INFO - DAG(s) 'latest_only_with_trigger' retrieved from /home/ubuntu/.local/lib/python3.10/site-packages/airflow/example_dags/example_latest_only_with_trigger.py
[2024-01-27T18:13:20.926+0100] {logging_mixin.py:188} INFO - [2024-01-27T18:13:20.906+0100] {dag.py:3033} INFO - Sync 1 DAGs
[2024-01-27T18:13:21.066+0100] {logging_mixin.py:188} INFO - [2024-01-27T18:13:21.065+0100] {dag.py:3820} INFO - Setting next_dagrun for latest_only_with_trigger to 2024-01-27T12:00:00+00:00, run_after=2024-01-27T16:00:00+00:00
[2024-01-27T18:13:21.439+0100] {processor.py:183} INFO - Processing /home/ubuntu/.local/lib/python3.10/site-packages/airflow/example_dags/example_latest_only_with_trigger.py took 0.828 seconds
[2024-01-27T18:16:50.808+0100] {processor.py:161} INFO - Started process (PID=9322) to work on /home/ubuntu/.local/lib/python3.10/site-packages/airflow/example_dags/example_latest_only_with_trigger.py
[2024-01-27T18:16:50.853+0100] {processor.py:830} INFO - Processing file /home/ubuntu/.local/lib/python3.10/site-packages/airflow/example_dags/example_latest_only_with_trigger.py for tasks to queue
[2024-01-27T18:16:50.884+0100] {logging_mixin.py:188} INFO - [2024-01-27T18:16:50.877+0100] {dagbag.py:538} INFO - Filling up the DagBag from /home/ubuntu/.local/lib/python3.10/site-packages/airflow/example_dags/example_latest_only_with_trigger.py
[2024-01-27T18:16:51.001+0100] {processor.py:840} INFO - DAG(s) 'latest_only_with_trigger' retrieved from /home/ubuntu/.local/lib/python3.10/site-packages/airflow/example_dags/example_latest_only_with_trigger.py
[2024-01-27T18:16:51.169+0100] {logging_mixin.py:188} INFO - [2024-01-27T18:16:51.169+0100] {dag.py:3033} INFO - Sync 1 DAGs
[2024-01-27T18:16:51.388+0100] {logging_mixin.py:188} INFO - [2024-01-27T18:16:51.388+0100] {dag.py:3820} INFO - Setting next_dagrun for latest_only_with_trigger to 2024-01-27T12:00:00+00:00, run_after=2024-01-27T16:00:00+00:00
[2024-01-27T18:16:52.130+0100] {processor.py:183} INFO - Processing /home/ubuntu/.local/lib/python3.10/site-packages/airflow/example_dags/example_latest_only_with_trigger.py took 1.386 seconds
[2024-01-27T18:20:24.618+0100] {processor.py:161} INFO - Started process (PID=9533) to work on /home/ubuntu/.local/lib/python3.10/site-packages/airflow/example_dags/example_latest_only_with_trigger.py
[2024-01-27T18:20:24.667+0100] {processor.py:830} INFO - Processing file /home/ubuntu/.local/lib/python3.10/site-packages/airflow/example_dags/example_latest_only_with_trigger.py for tasks to queue
[2024-01-27T18:20:24.683+0100] {logging_mixin.py:188} INFO - [2024-01-27T18:20:24.682+0100] {dagbag.py:538} INFO - Filling up the DagBag from /home/ubuntu/.local/lib/python3.10/site-packages/airflow/example_dags/example_latest_only_with_trigger.py
[2024-01-27T18:20:24.768+0100] {processor.py:840} INFO - DAG(s) 'latest_only_with_trigger' retrieved from /home/ubuntu/.local/lib/python3.10/site-packages/airflow/example_dags/example_latest_only_with_trigger.py
[2024-01-27T18:20:24.827+0100] {logging_mixin.py:188} INFO - [2024-01-27T18:20:24.827+0100] {dag.py:3033} INFO - Sync 1 DAGs
[2024-01-27T18:20:25.036+0100] {logging_mixin.py:188} INFO - [2024-01-27T18:20:25.035+0100] {dag.py:3820} INFO - Setting next_dagrun for latest_only_with_trigger to 2024-01-27T12:00:00+00:00, run_after=2024-01-27T16:00:00+00:00
[2024-01-27T18:20:25.741+0100] {processor.py:183} INFO - Processing /home/ubuntu/.local/lib/python3.10/site-packages/airflow/example_dags/example_latest_only_with_trigger.py took 1.138 seconds
[2024-01-27T18:24:11.209+0100] {processor.py:161} INFO - Started process (PID=9720) to work on /home/ubuntu/.local/lib/python3.10/site-packages/airflow/example_dags/example_latest_only_with_trigger.py
[2024-01-27T18:24:11.257+0100] {processor.py:830} INFO - Processing file /home/ubuntu/.local/lib/python3.10/site-packages/airflow/example_dags/example_latest_only_with_trigger.py for tasks to queue
[2024-01-27T18:24:11.270+0100] {logging_mixin.py:188} INFO - [2024-01-27T18:24:11.269+0100] {dagbag.py:538} INFO - Filling up the DagBag from /home/ubuntu/.local/lib/python3.10/site-packages/airflow/example_dags/example_latest_only_with_trigger.py
[2024-01-27T18:24:11.317+0100] {processor.py:840} INFO - DAG(s) 'latest_only_with_trigger' retrieved from /home/ubuntu/.local/lib/python3.10/site-packages/airflow/example_dags/example_latest_only_with_trigger.py
[2024-01-27T18:24:11.402+0100] {logging_mixin.py:188} INFO - [2024-01-27T18:24:11.401+0100] {dag.py:3033} INFO - Sync 1 DAGs
[2024-01-27T18:24:11.524+0100] {logging_mixin.py:188} INFO - [2024-01-27T18:24:11.524+0100] {dag.py:3820} INFO - Setting next_dagrun for latest_only_with_trigger to 2024-01-27T12:00:00+00:00, run_after=2024-01-27T16:00:00+00:00
[2024-01-27T18:24:11.990+0100] {processor.py:183} INFO - Processing /home/ubuntu/.local/lib/python3.10/site-packages/airflow/example_dags/example_latest_only_with_trigger.py took 0.787 seconds
[2024-01-27T18:34:21.601+0100] {processor.py:161} INFO - Started process (PID=10035) to work on /home/ubuntu/.local/lib/python3.10/site-packages/airflow/example_dags/example_latest_only_with_trigger.py
[2024-01-27T18:34:21.617+0100] {processor.py:830} INFO - Processing file /home/ubuntu/.local/lib/python3.10/site-packages/airflow/example_dags/example_latest_only_with_trigger.py for tasks to queue
[2024-01-27T18:34:21.632+0100] {logging_mixin.py:188} INFO - [2024-01-27T18:34:21.631+0100] {dagbag.py:538} INFO - Filling up the DagBag from /home/ubuntu/.local/lib/python3.10/site-packages/airflow/example_dags/example_latest_only_with_trigger.py
[2024-01-27T18:34:21.681+0100] {processor.py:840} INFO - DAG(s) 'latest_only_with_trigger' retrieved from /home/ubuntu/.local/lib/python3.10/site-packages/airflow/example_dags/example_latest_only_with_trigger.py
[2024-01-27T18:34:21.816+0100] {logging_mixin.py:188} INFO - [2024-01-27T18:34:21.816+0100] {dag.py:3033} INFO - Sync 1 DAGs
[2024-01-27T18:34:21.961+0100] {logging_mixin.py:188} INFO - [2024-01-27T18:34:21.961+0100] {dag.py:3820} INFO - Setting next_dagrun for latest_only_with_trigger to 2024-01-27T12:00:00+00:00, run_after=2024-01-27T16:00:00+00:00
[2024-01-27T18:34:22.805+0100] {processor.py:183} INFO - Processing /home/ubuntu/.local/lib/python3.10/site-packages/airflow/example_dags/example_latest_only_with_trigger.py took 1.212 seconds
[2024-01-27T18:37:53.379+0100] {processor.py:161} INFO - Started process (PID=10175) to work on /home/ubuntu/.local/lib/python3.10/site-packages/airflow/example_dags/example_latest_only_with_trigger.py
[2024-01-27T18:37:53.478+0100] {processor.py:830} INFO - Processing file /home/ubuntu/.local/lib/python3.10/site-packages/airflow/example_dags/example_latest_only_with_trigger.py for tasks to queue
[2024-01-27T18:37:53.504+0100] {logging_mixin.py:188} INFO - [2024-01-27T18:37:53.503+0100] {dagbag.py:538} INFO - Filling up the DagBag from /home/ubuntu/.local/lib/python3.10/site-packages/airflow/example_dags/example_latest_only_with_trigger.py
[2024-01-27T18:37:53.531+0100] {processor.py:840} INFO - DAG(s) 'latest_only_with_trigger' retrieved from /home/ubuntu/.local/lib/python3.10/site-packages/airflow/example_dags/example_latest_only_with_trigger.py
[2024-01-27T18:37:53.617+0100] {logging_mixin.py:188} INFO - [2024-01-27T18:37:53.617+0100] {dag.py:3033} INFO - Sync 1 DAGs
[2024-01-27T18:37:53.690+0100] {logging_mixin.py:188} INFO - [2024-01-27T18:37:53.682+0100] {dag.py:3820} INFO - Setting next_dagrun for latest_only_with_trigger to 2024-01-27T12:00:00+00:00, run_after=2024-01-27T16:00:00+00:00
[2024-01-27T18:37:54.132+0100] {processor.py:183} INFO - Processing /home/ubuntu/.local/lib/python3.10/site-packages/airflow/example_dags/example_latest_only_with_trigger.py took 0.794 seconds
[2024-01-27T18:41:21.004+0100] {processor.py:161} INFO - Started process (PID=10296) to work on /home/ubuntu/.local/lib/python3.10/site-packages/airflow/example_dags/example_latest_only_with_trigger.py
[2024-01-27T18:41:21.050+0100] {processor.py:830} INFO - Processing file /home/ubuntu/.local/lib/python3.10/site-packages/airflow/example_dags/example_latest_only_with_trigger.py for tasks to queue
[2024-01-27T18:41:21.052+0100] {logging_mixin.py:188} INFO - [2024-01-27T18:41:21.051+0100] {dagbag.py:538} INFO - Filling up the DagBag from /home/ubuntu/.local/lib/python3.10/site-packages/airflow/example_dags/example_latest_only_with_trigger.py
[2024-01-27T18:41:21.107+0100] {processor.py:840} INFO - DAG(s) 'latest_only_with_trigger' retrieved from /home/ubuntu/.local/lib/python3.10/site-packages/airflow/example_dags/example_latest_only_with_trigger.py
[2024-01-27T18:41:21.274+0100] {logging_mixin.py:188} INFO - [2024-01-27T18:41:21.271+0100] {dag.py:3033} INFO - Sync 1 DAGs
[2024-01-27T18:41:21.467+0100] {logging_mixin.py:188} INFO - [2024-01-27T18:41:21.467+0100] {dag.py:3820} INFO - Setting next_dagrun for latest_only_with_trigger to 2024-01-27T12:00:00+00:00, run_after=2024-01-27T16:00:00+00:00
[2024-01-27T18:41:22.180+0100] {processor.py:183} INFO - Processing /home/ubuntu/.local/lib/python3.10/site-packages/airflow/example_dags/example_latest_only_with_trigger.py took 1.190 seconds
[2024-01-27T18:45:15.488+0100] {processor.py:161} INFO - Started process (PID=10428) to work on /home/ubuntu/.local/lib/python3.10/site-packages/airflow/example_dags/example_latest_only_with_trigger.py
[2024-01-27T18:45:15.546+0100] {processor.py:830} INFO - Processing file /home/ubuntu/.local/lib/python3.10/site-packages/airflow/example_dags/example_latest_only_with_trigger.py for tasks to queue
[2024-01-27T18:45:15.568+0100] {logging_mixin.py:188} INFO - [2024-01-27T18:45:15.558+0100] {dagbag.py:538} INFO - Filling up the DagBag from /home/ubuntu/.local/lib/python3.10/site-packages/airflow/example_dags/example_latest_only_with_trigger.py
[2024-01-27T18:45:15.653+0100] {processor.py:840} INFO - DAG(s) 'latest_only_with_trigger' retrieved from /home/ubuntu/.local/lib/python3.10/site-packages/airflow/example_dags/example_latest_only_with_trigger.py
[2024-01-27T18:45:15.736+0100] {logging_mixin.py:188} INFO - [2024-01-27T18:45:15.736+0100] {dag.py:3033} INFO - Sync 1 DAGs
[2024-01-27T18:45:15.786+0100] {logging_mixin.py:188} INFO - [2024-01-27T18:45:15.785+0100] {dag.py:3820} INFO - Setting next_dagrun for latest_only_with_trigger to 2024-01-27T12:00:00+00:00, run_after=2024-01-27T16:00:00+00:00
[2024-01-27T18:45:16.351+0100] {processor.py:183} INFO - Processing /home/ubuntu/.local/lib/python3.10/site-packages/airflow/example_dags/example_latest_only_with_trigger.py took 0.899 seconds
[2024-01-27T18:48:51.176+0100] {processor.py:161} INFO - Started process (PID=10663) to work on /home/ubuntu/.local/lib/python3.10/site-packages/airflow/example_dags/example_latest_only_with_trigger.py
[2024-01-27T18:48:51.232+0100] {processor.py:830} INFO - Processing file /home/ubuntu/.local/lib/python3.10/site-packages/airflow/example_dags/example_latest_only_with_trigger.py for tasks to queue
[2024-01-27T18:48:51.239+0100] {logging_mixin.py:188} INFO - [2024-01-27T18:48:51.233+0100] {dagbag.py:538} INFO - Filling up the DagBag from /home/ubuntu/.local/lib/python3.10/site-packages/airflow/example_dags/example_latest_only_with_trigger.py
[2024-01-27T18:48:51.326+0100] {processor.py:840} INFO - DAG(s) 'latest_only_with_trigger' retrieved from /home/ubuntu/.local/lib/python3.10/site-packages/airflow/example_dags/example_latest_only_with_trigger.py
[2024-01-27T18:48:51.434+0100] {logging_mixin.py:188} INFO - [2024-01-27T18:48:51.433+0100] {dag.py:3033} INFO - Sync 1 DAGs
[2024-01-27T18:48:51.612+0100] {logging_mixin.py:188} INFO - [2024-01-27T18:48:51.612+0100] {dag.py:3820} INFO - Setting next_dagrun for latest_only_with_trigger to 2024-01-27T12:00:00+00:00, run_after=2024-01-27T16:00:00+00:00
[2024-01-27T18:48:52.208+0100] {processor.py:183} INFO - Processing /home/ubuntu/.local/lib/python3.10/site-packages/airflow/example_dags/example_latest_only_with_trigger.py took 1.052 seconds
[2024-01-27T18:52:15.270+0100] {processor.py:161} INFO - Started process (PID=10770) to work on /home/ubuntu/.local/lib/python3.10/site-packages/airflow/example_dags/example_latest_only_with_trigger.py
[2024-01-27T18:52:15.303+0100] {processor.py:830} INFO - Processing file /home/ubuntu/.local/lib/python3.10/site-packages/airflow/example_dags/example_latest_only_with_trigger.py for tasks to queue
[2024-01-27T18:52:15.305+0100] {logging_mixin.py:188} INFO - [2024-01-27T18:52:15.304+0100] {dagbag.py:538} INFO - Filling up the DagBag from /home/ubuntu/.local/lib/python3.10/site-packages/airflow/example_dags/example_latest_only_with_trigger.py
[2024-01-27T18:52:15.371+0100] {processor.py:840} INFO - DAG(s) 'latest_only_with_trigger' retrieved from /home/ubuntu/.local/lib/python3.10/site-packages/airflow/example_dags/example_latest_only_with_trigger.py
[2024-01-27T18:52:15.559+0100] {logging_mixin.py:188} INFO - [2024-01-27T18:52:15.558+0100] {dag.py:3033} INFO - Sync 1 DAGs
[2024-01-27T18:52:15.674+0100] {logging_mixin.py:188} INFO - [2024-01-27T18:52:15.674+0100] {dag.py:3820} INFO - Setting next_dagrun for latest_only_with_trigger to 2024-01-27T12:00:00+00:00, run_after=2024-01-27T16:00:00+00:00
[2024-01-27T18:52:16.159+0100] {processor.py:183} INFO - Processing /home/ubuntu/.local/lib/python3.10/site-packages/airflow/example_dags/example_latest_only_with_trigger.py took 0.926 seconds
[2024-01-27T18:57:24.096+0100] {processor.py:161} INFO - Started process (PID=10897) to work on /home/ubuntu/.local/lib/python3.10/site-packages/airflow/example_dags/example_latest_only_with_trigger.py
[2024-01-27T18:57:24.177+0100] {processor.py:830} INFO - Processing file /home/ubuntu/.local/lib/python3.10/site-packages/airflow/example_dags/example_latest_only_with_trigger.py for tasks to queue
[2024-01-27T18:57:24.180+0100] {logging_mixin.py:188} INFO - [2024-01-27T18:57:24.179+0100] {dagbag.py:538} INFO - Filling up the DagBag from /home/ubuntu/.local/lib/python3.10/site-packages/airflow/example_dags/example_latest_only_with_trigger.py
[2024-01-27T18:57:24.267+0100] {processor.py:840} INFO - DAG(s) 'latest_only_with_trigger' retrieved from /home/ubuntu/.local/lib/python3.10/site-packages/airflow/example_dags/example_latest_only_with_trigger.py
[2024-01-27T18:57:24.551+0100] {logging_mixin.py:188} INFO - [2024-01-27T18:57:24.531+0100] {dag.py:3033} INFO - Sync 1 DAGs
[2024-01-27T18:57:24.807+0100] {logging_mixin.py:188} INFO - [2024-01-27T18:57:24.807+0100] {dag.py:3820} INFO - Setting next_dagrun for latest_only_with_trigger to 2024-01-27T12:00:00+00:00, run_after=2024-01-27T16:00:00+00:00
[2024-01-27T18:57:25.554+0100] {processor.py:183} INFO - Processing /home/ubuntu/.local/lib/python3.10/site-packages/airflow/example_dags/example_latest_only_with_trigger.py took 1.469 seconds
[2024-01-27T19:00:01.246+0100] {processor.py:161} INFO - Started process (PID=10979) to work on /home/ubuntu/.local/lib/python3.10/site-packages/airflow/example_dags/example_latest_only_with_trigger.py
[2024-01-27T19:00:01.250+0100] {processor.py:830} INFO - Processing file /home/ubuntu/.local/lib/python3.10/site-packages/airflow/example_dags/example_latest_only_with_trigger.py for tasks to queue
[2024-01-27T19:00:01.253+0100] {logging_mixin.py:188} INFO - [2024-01-27T19:00:01.252+0100] {dagbag.py:538} INFO - Filling up the DagBag from /home/ubuntu/.local/lib/python3.10/site-packages/airflow/example_dags/example_latest_only_with_trigger.py
[2024-01-27T19:00:01.312+0100] {processor.py:840} INFO - DAG(s) 'latest_only_with_trigger' retrieved from /home/ubuntu/.local/lib/python3.10/site-packages/airflow/example_dags/example_latest_only_with_trigger.py
[2024-01-27T19:00:01.521+0100] {logging_mixin.py:188} INFO - [2024-01-27T19:00:01.521+0100] {dag.py:3033} INFO - Sync 1 DAGs
[2024-01-27T19:00:01.766+0100] {logging_mixin.py:188} INFO - [2024-01-27T19:00:01.765+0100] {dag.py:3820} INFO - Setting next_dagrun for latest_only_with_trigger to 2024-01-27T12:00:00+00:00, run_after=2024-01-27T16:00:00+00:00
[2024-01-27T19:00:02.374+0100] {processor.py:183} INFO - Processing /home/ubuntu/.local/lib/python3.10/site-packages/airflow/example_dags/example_latest_only_with_trigger.py took 1.197 seconds
[2024-01-27T19:04:26.306+0100] {processor.py:161} INFO - Started process (PID=11092) to work on /home/ubuntu/.local/lib/python3.10/site-packages/airflow/example_dags/example_latest_only_with_trigger.py
[2024-01-27T19:04:26.351+0100] {processor.py:830} INFO - Processing file /home/ubuntu/.local/lib/python3.10/site-packages/airflow/example_dags/example_latest_only_with_trigger.py for tasks to queue
[2024-01-27T19:04:26.356+0100] {logging_mixin.py:188} INFO - [2024-01-27T19:04:26.354+0100] {dagbag.py:538} INFO - Filling up the DagBag from /home/ubuntu/.local/lib/python3.10/site-packages/airflow/example_dags/example_latest_only_with_trigger.py
[2024-01-27T19:04:26.455+0100] {processor.py:840} INFO - DAG(s) 'latest_only_with_trigger' retrieved from /home/ubuntu/.local/lib/python3.10/site-packages/airflow/example_dags/example_latest_only_with_trigger.py
[2024-01-27T19:04:27.271+0100] {logging_mixin.py:188} INFO - [2024-01-27T19:04:27.270+0100] {dag.py:3033} INFO - Sync 1 DAGs
[2024-01-27T19:04:27.498+0100] {logging_mixin.py:188} INFO - [2024-01-27T19:04:27.497+0100] {dag.py:3820} INFO - Setting next_dagrun for latest_only_with_trigger to 2024-01-27T12:00:00+00:00, run_after=2024-01-27T16:00:00+00:00
[2024-01-27T19:04:28.136+0100] {processor.py:183} INFO - Processing /home/ubuntu/.local/lib/python3.10/site-packages/airflow/example_dags/example_latest_only_with_trigger.py took 1.932 seconds
[2024-01-27T19:08:53.520+0100] {processor.py:161} INFO - Started process (PID=11205) to work on /home/ubuntu/.local/lib/python3.10/site-packages/airflow/example_dags/example_latest_only_with_trigger.py
[2024-01-27T19:08:53.551+0100] {processor.py:830} INFO - Processing file /home/ubuntu/.local/lib/python3.10/site-packages/airflow/example_dags/example_latest_only_with_trigger.py for tasks to queue
[2024-01-27T19:08:53.556+0100] {logging_mixin.py:188} INFO - [2024-01-27T19:08:53.554+0100] {dagbag.py:538} INFO - Filling up the DagBag from /home/ubuntu/.local/lib/python3.10/site-packages/airflow/example_dags/example_latest_only_with_trigger.py
[2024-01-27T19:08:53.672+0100] {processor.py:840} INFO - DAG(s) 'latest_only_with_trigger' retrieved from /home/ubuntu/.local/lib/python3.10/site-packages/airflow/example_dags/example_latest_only_with_trigger.py
[2024-01-27T19:08:54.039+0100] {logging_mixin.py:188} INFO - [2024-01-27T19:08:54.038+0100] {dag.py:3033} INFO - Sync 1 DAGs
[2024-01-27T19:08:54.498+0100] {logging_mixin.py:188} INFO - [2024-01-27T19:08:54.497+0100] {dag.py:3820} INFO - Setting next_dagrun for latest_only_with_trigger to 2024-01-27T12:00:00+00:00, run_after=2024-01-27T16:00:00+00:00
[2024-01-27T19:08:55.015+0100] {processor.py:183} INFO - Processing /home/ubuntu/.local/lib/python3.10/site-packages/airflow/example_dags/example_latest_only_with_trigger.py took 1.508 seconds
