[2024-01-27T17:53:47.424+0100] {processor.py:161} INFO - Started process (PID=8325) to work on /home/ubuntu/.local/lib/python3.10/site-packages/airflow/example_dags/example_params_ui_tutorial.py
[2024-01-27T17:53:47.425+0100] {processor.py:830} INFO - Processing file /home/ubuntu/.local/lib/python3.10/site-packages/airflow/example_dags/example_params_ui_tutorial.py for tasks to queue
[2024-01-27T17:53:47.427+0100] {logging_mixin.py:188} INFO - [2024-01-27T17:53:47.426+0100] {dagbag.py:538} INFO - Filling up the DagBag from /home/ubuntu/.local/lib/python3.10/site-packages/airflow/example_dags/example_params_ui_tutorial.py
[2024-01-27T17:53:47.442+0100] {processor.py:840} INFO - DAG(s) 'example_params_ui_tutorial' retrieved from /home/ubuntu/.local/lib/python3.10/site-packages/airflow/example_dags/example_params_ui_tutorial.py
[2024-01-27T17:53:47.854+0100] {logging_mixin.py:188} INFO - [2024-01-27T17:53:47.854+0100] {dag.py:3033} INFO - Sync 1 DAGs
[2024-01-27T17:53:47.891+0100] {logging_mixin.py:188} INFO - [2024-01-27T17:53:47.891+0100] {dag.py:3820} INFO - Setting next_dagrun for example_params_ui_tutorial to None, run_after=None
[2024-01-27T17:53:48.183+0100] {processor.py:183} INFO - Processing /home/ubuntu/.local/lib/python3.10/site-packages/airflow/example_dags/example_params_ui_tutorial.py took 0.764 seconds
[2024-01-27T17:54:59.511+0100] {processor.py:161} INFO - Started process (PID=8386) to work on /home/ubuntu/.local/lib/python3.10/site-packages/airflow/example_dags/example_params_ui_tutorial.py
[2024-01-27T17:54:59.513+0100] {processor.py:830} INFO - Processing file /home/ubuntu/.local/lib/python3.10/site-packages/airflow/example_dags/example_params_ui_tutorial.py for tasks to queue
[2024-01-27T17:54:59.514+0100] {logging_mixin.py:188} INFO - [2024-01-27T17:54:59.514+0100] {dagbag.py:538} INFO - Filling up the DagBag from /home/ubuntu/.local/lib/python3.10/site-packages/airflow/example_dags/example_params_ui_tutorial.py
[2024-01-27T17:54:59.531+0100] {processor.py:840} INFO - DAG(s) 'example_params_ui_tutorial' retrieved from /home/ubuntu/.local/lib/python3.10/site-packages/airflow/example_dags/example_params_ui_tutorial.py
[2024-01-27T17:54:59.651+0100] {logging_mixin.py:188} INFO - [2024-01-27T17:54:59.650+0100] {dag.py:3033} INFO - Sync 1 DAGs
[2024-01-27T17:54:59.664+0100] {logging_mixin.py:188} INFO - [2024-01-27T17:54:59.663+0100] {dag.py:3820} INFO - Setting next_dagrun for example_params_ui_tutorial to None, run_after=None
[2024-01-27T17:54:59.752+0100] {processor.py:183} INFO - Processing /home/ubuntu/.local/lib/python3.10/site-packages/airflow/example_dags/example_params_ui_tutorial.py took 0.246 seconds
[2024-01-27T17:56:10.174+0100] {processor.py:161} INFO - Started process (PID=8448) to work on /home/ubuntu/.local/lib/python3.10/site-packages/airflow/example_dags/example_params_ui_tutorial.py
[2024-01-27T17:56:10.193+0100] {processor.py:830} INFO - Processing file /home/ubuntu/.local/lib/python3.10/site-packages/airflow/example_dags/example_params_ui_tutorial.py for tasks to queue
[2024-01-27T17:56:10.195+0100] {logging_mixin.py:188} INFO - [2024-01-27T17:56:10.194+0100] {dagbag.py:538} INFO - Filling up the DagBag from /home/ubuntu/.local/lib/python3.10/site-packages/airflow/example_dags/example_params_ui_tutorial.py
[2024-01-27T17:56:10.258+0100] {processor.py:840} INFO - DAG(s) 'example_params_ui_tutorial' retrieved from /home/ubuntu/.local/lib/python3.10/site-packages/airflow/example_dags/example_params_ui_tutorial.py
[2024-01-27T17:56:10.374+0100] {logging_mixin.py:188} INFO - [2024-01-27T17:56:10.374+0100] {dag.py:3033} INFO - Sync 1 DAGs
[2024-01-27T17:56:10.395+0100] {logging_mixin.py:188} INFO - [2024-01-27T17:56:10.395+0100] {dag.py:3820} INFO - Setting next_dagrun for example_params_ui_tutorial to None, run_after=None
[2024-01-27T17:56:10.671+0100] {processor.py:183} INFO - Processing /home/ubuntu/.local/lib/python3.10/site-packages/airflow/example_dags/example_params_ui_tutorial.py took 0.523 seconds
[2024-01-27T17:57:25.894+0100] {processor.py:161} INFO - Started process (PID=8520) to work on /home/ubuntu/.local/lib/python3.10/site-packages/airflow/example_dags/example_params_ui_tutorial.py
[2024-01-27T17:57:25.896+0100] {processor.py:830} INFO - Processing file /home/ubuntu/.local/lib/python3.10/site-packages/airflow/example_dags/example_params_ui_tutorial.py for tasks to queue
[2024-01-27T17:57:25.897+0100] {logging_mixin.py:188} INFO - [2024-01-27T17:57:25.897+0100] {dagbag.py:538} INFO - Filling up the DagBag from /home/ubuntu/.local/lib/python3.10/site-packages/airflow/example_dags/example_params_ui_tutorial.py
[2024-01-27T17:57:25.916+0100] {processor.py:840} INFO - DAG(s) 'example_params_ui_tutorial' retrieved from /home/ubuntu/.local/lib/python3.10/site-packages/airflow/example_dags/example_params_ui_tutorial.py
[2024-01-27T17:57:26.055+0100] {logging_mixin.py:188} INFO - [2024-01-27T17:57:26.055+0100] {dag.py:3033} INFO - Sync 1 DAGs
[2024-01-27T17:57:26.096+0100] {logging_mixin.py:188} INFO - [2024-01-27T17:57:26.095+0100] {dag.py:3820} INFO - Setting next_dagrun for example_params_ui_tutorial to None, run_after=None
[2024-01-27T17:57:26.280+0100] {processor.py:183} INFO - Processing /home/ubuntu/.local/lib/python3.10/site-packages/airflow/example_dags/example_params_ui_tutorial.py took 0.390 seconds
[2024-01-27T17:58:40.093+0100] {processor.py:161} INFO - Started process (PID=8649) to work on /home/ubuntu/.local/lib/python3.10/site-packages/airflow/example_dags/example_params_ui_tutorial.py
[2024-01-27T17:58:40.112+0100] {processor.py:830} INFO - Processing file /home/ubuntu/.local/lib/python3.10/site-packages/airflow/example_dags/example_params_ui_tutorial.py for tasks to queue
[2024-01-27T17:58:40.117+0100] {logging_mixin.py:188} INFO - [2024-01-27T17:58:40.117+0100] {dagbag.py:538} INFO - Filling up the DagBag from /home/ubuntu/.local/lib/python3.10/site-packages/airflow/example_dags/example_params_ui_tutorial.py
[2024-01-27T17:58:40.168+0100] {processor.py:840} INFO - DAG(s) 'example_params_ui_tutorial' retrieved from /home/ubuntu/.local/lib/python3.10/site-packages/airflow/example_dags/example_params_ui_tutorial.py
[2024-01-27T17:58:40.338+0100] {logging_mixin.py:188} INFO - [2024-01-27T17:58:40.338+0100] {dag.py:3033} INFO - Sync 1 DAGs
[2024-01-27T17:58:40.381+0100] {logging_mixin.py:188} INFO - [2024-01-27T17:58:40.377+0100] {dag.py:3820} INFO - Setting next_dagrun for example_params_ui_tutorial to None, run_after=None
[2024-01-27T17:58:40.638+0100] {processor.py:183} INFO - Processing /home/ubuntu/.local/lib/python3.10/site-packages/airflow/example_dags/example_params_ui_tutorial.py took 0.557 seconds
[2024-01-27T17:59:52.244+0100] {processor.py:161} INFO - Started process (PID=8711) to work on /home/ubuntu/.local/lib/python3.10/site-packages/airflow/example_dags/example_params_ui_tutorial.py
[2024-01-27T17:59:52.254+0100] {processor.py:830} INFO - Processing file /home/ubuntu/.local/lib/python3.10/site-packages/airflow/example_dags/example_params_ui_tutorial.py for tasks to queue
[2024-01-27T17:59:52.255+0100] {logging_mixin.py:188} INFO - [2024-01-27T17:59:52.255+0100] {dagbag.py:538} INFO - Filling up the DagBag from /home/ubuntu/.local/lib/python3.10/site-packages/airflow/example_dags/example_params_ui_tutorial.py
[2024-01-27T17:59:52.279+0100] {processor.py:840} INFO - DAG(s) 'example_params_ui_tutorial' retrieved from /home/ubuntu/.local/lib/python3.10/site-packages/airflow/example_dags/example_params_ui_tutorial.py
[2024-01-27T17:59:52.429+0100] {logging_mixin.py:188} INFO - [2024-01-27T17:59:52.429+0100] {dag.py:3033} INFO - Sync 1 DAGs
[2024-01-27T17:59:52.470+0100] {logging_mixin.py:188} INFO - [2024-01-27T17:59:52.469+0100] {dag.py:3820} INFO - Setting next_dagrun for example_params_ui_tutorial to None, run_after=None
[2024-01-27T17:59:52.689+0100] {processor.py:183} INFO - Processing /home/ubuntu/.local/lib/python3.10/site-packages/airflow/example_dags/example_params_ui_tutorial.py took 0.449 seconds
[2024-01-27T18:01:03.327+0100] {processor.py:161} INFO - Started process (PID=8774) to work on /home/ubuntu/.local/lib/python3.10/site-packages/airflow/example_dags/example_params_ui_tutorial.py
[2024-01-27T18:01:03.335+0100] {processor.py:830} INFO - Processing file /home/ubuntu/.local/lib/python3.10/site-packages/airflow/example_dags/example_params_ui_tutorial.py for tasks to queue
[2024-01-27T18:01:03.336+0100] {logging_mixin.py:188} INFO - [2024-01-27T18:01:03.336+0100] {dagbag.py:538} INFO - Filling up the DagBag from /home/ubuntu/.local/lib/python3.10/site-packages/airflow/example_dags/example_params_ui_tutorial.py
[2024-01-27T18:01:03.354+0100] {processor.py:840} INFO - DAG(s) 'example_params_ui_tutorial' retrieved from /home/ubuntu/.local/lib/python3.10/site-packages/airflow/example_dags/example_params_ui_tutorial.py
[2024-01-27T18:01:03.404+0100] {logging_mixin.py:188} INFO - [2024-01-27T18:01:03.404+0100] {dag.py:3033} INFO - Sync 1 DAGs
[2024-01-27T18:01:03.417+0100] {logging_mixin.py:188} INFO - [2024-01-27T18:01:03.417+0100] {dag.py:3820} INFO - Setting next_dagrun for example_params_ui_tutorial to None, run_after=None
[2024-01-27T18:01:03.481+0100] {processor.py:183} INFO - Processing /home/ubuntu/.local/lib/python3.10/site-packages/airflow/example_dags/example_params_ui_tutorial.py took 0.159 seconds
[2024-01-27T18:02:44.406+0100] {processor.py:161} INFO - Started process (PID=8849) to work on /home/ubuntu/.local/lib/python3.10/site-packages/airflow/example_dags/example_params_ui_tutorial.py
[2024-01-27T18:02:44.452+0100] {processor.py:830} INFO - Processing file /home/ubuntu/.local/lib/python3.10/site-packages/airflow/example_dags/example_params_ui_tutorial.py for tasks to queue
[2024-01-27T18:02:44.461+0100] {logging_mixin.py:188} INFO - [2024-01-27T18:02:44.460+0100] {dagbag.py:538} INFO - Filling up the DagBag from /home/ubuntu/.local/lib/python3.10/site-packages/airflow/example_dags/example_params_ui_tutorial.py
[2024-01-27T18:02:44.539+0100] {processor.py:840} INFO - DAG(s) 'example_params_ui_tutorial' retrieved from /home/ubuntu/.local/lib/python3.10/site-packages/airflow/example_dags/example_params_ui_tutorial.py
[2024-01-27T18:02:44.880+0100] {logging_mixin.py:188} INFO - [2024-01-27T18:02:44.879+0100] {dag.py:3033} INFO - Sync 1 DAGs
[2024-01-27T18:02:44.964+0100] {logging_mixin.py:188} INFO - [2024-01-27T18:02:44.964+0100] {dag.py:3820} INFO - Setting next_dagrun for example_params_ui_tutorial to None, run_after=None
[2024-01-27T18:02:45.683+0100] {processor.py:183} INFO - Processing /home/ubuntu/.local/lib/python3.10/site-packages/airflow/example_dags/example_params_ui_tutorial.py took 1.334 seconds
[2024-01-27T18:05:38.307+0100] {processor.py:161} INFO - Started process (PID=8942) to work on /home/ubuntu/.local/lib/python3.10/site-packages/airflow/example_dags/example_params_ui_tutorial.py
[2024-01-27T18:05:38.315+0100] {processor.py:830} INFO - Processing file /home/ubuntu/.local/lib/python3.10/site-packages/airflow/example_dags/example_params_ui_tutorial.py for tasks to queue
[2024-01-27T18:05:38.323+0100] {logging_mixin.py:188} INFO - [2024-01-27T18:05:38.322+0100] {dagbag.py:538} INFO - Filling up the DagBag from /home/ubuntu/.local/lib/python3.10/site-packages/airflow/example_dags/example_params_ui_tutorial.py
[2024-01-27T18:05:38.421+0100] {processor.py:840} INFO - DAG(s) 'example_params_ui_tutorial' retrieved from /home/ubuntu/.local/lib/python3.10/site-packages/airflow/example_dags/example_params_ui_tutorial.py
[2024-01-27T18:05:38.815+0100] {logging_mixin.py:188} INFO - [2024-01-27T18:05:38.814+0100] {dag.py:3033} INFO - Sync 1 DAGs
[2024-01-27T18:05:39.010+0100] {logging_mixin.py:188} INFO - [2024-01-27T18:05:39.009+0100] {dag.py:3820} INFO - Setting next_dagrun for example_params_ui_tutorial to None, run_after=None
[2024-01-27T18:05:39.776+0100] {processor.py:183} INFO - Processing /home/ubuntu/.local/lib/python3.10/site-packages/airflow/example_dags/example_params_ui_tutorial.py took 1.477 seconds
[2024-01-27T18:09:26.029+0100] {processor.py:161} INFO - Started process (PID=9056) to work on /home/ubuntu/.local/lib/python3.10/site-packages/airflow/example_dags/example_params_ui_tutorial.py
[2024-01-27T18:09:26.034+0100] {processor.py:830} INFO - Processing file /home/ubuntu/.local/lib/python3.10/site-packages/airflow/example_dags/example_params_ui_tutorial.py for tasks to queue
[2024-01-27T18:09:26.038+0100] {logging_mixin.py:188} INFO - [2024-01-27T18:09:26.036+0100] {dagbag.py:538} INFO - Filling up the DagBag from /home/ubuntu/.local/lib/python3.10/site-packages/airflow/example_dags/example_params_ui_tutorial.py
[2024-01-27T18:09:26.157+0100] {processor.py:840} INFO - DAG(s) 'example_params_ui_tutorial' retrieved from /home/ubuntu/.local/lib/python3.10/site-packages/airflow/example_dags/example_params_ui_tutorial.py
[2024-01-27T18:09:26.494+0100] {logging_mixin.py:188} INFO - [2024-01-27T18:09:26.493+0100] {dag.py:3033} INFO - Sync 1 DAGs
[2024-01-27T18:09:26.540+0100] {logging_mixin.py:188} INFO - [2024-01-27T18:09:26.540+0100] {dag.py:3820} INFO - Setting next_dagrun for example_params_ui_tutorial to None, run_after=None
[2024-01-27T18:09:27.272+0100] {processor.py:183} INFO - Processing /home/ubuntu/.local/lib/python3.10/site-packages/airflow/example_dags/example_params_ui_tutorial.py took 1.270 seconds
[2024-01-27T18:11:13.402+0100] {processor.py:161} INFO - Started process (PID=9154) to work on /home/ubuntu/.local/lib/python3.10/site-packages/airflow/example_dags/example_params_ui_tutorial.py
[2024-01-27T18:11:13.405+0100] {processor.py:830} INFO - Processing file /home/ubuntu/.local/lib/python3.10/site-packages/airflow/example_dags/example_params_ui_tutorial.py for tasks to queue
[2024-01-27T18:11:13.420+0100] {logging_mixin.py:188} INFO - [2024-01-27T18:11:13.419+0100] {dagbag.py:538} INFO - Filling up the DagBag from /home/ubuntu/.local/lib/python3.10/site-packages/airflow/example_dags/example_params_ui_tutorial.py
[2024-01-27T18:11:13.458+0100] {processor.py:840} INFO - DAG(s) 'example_params_ui_tutorial' retrieved from /home/ubuntu/.local/lib/python3.10/site-packages/airflow/example_dags/example_params_ui_tutorial.py
[2024-01-27T18:11:13.808+0100] {logging_mixin.py:188} INFO - [2024-01-27T18:11:13.808+0100] {dag.py:3033} INFO - Sync 1 DAGs
[2024-01-27T18:11:13.885+0100] {logging_mixin.py:188} INFO - [2024-01-27T18:11:13.885+0100] {dag.py:3820} INFO - Setting next_dagrun for example_params_ui_tutorial to None, run_after=None
[2024-01-27T18:11:14.549+0100] {processor.py:183} INFO - Processing /home/ubuntu/.local/lib/python3.10/site-packages/airflow/example_dags/example_params_ui_tutorial.py took 1.156 seconds
[2024-01-27T18:14:37.908+0100] {processor.py:161} INFO - Started process (PID=9263) to work on /home/ubuntu/.local/lib/python3.10/site-packages/airflow/example_dags/example_params_ui_tutorial.py
[2024-01-27T18:14:37.951+0100] {processor.py:830} INFO - Processing file /home/ubuntu/.local/lib/python3.10/site-packages/airflow/example_dags/example_params_ui_tutorial.py for tasks to queue
[2024-01-27T18:14:37.958+0100] {logging_mixin.py:188} INFO - [2024-01-27T18:14:37.952+0100] {dagbag.py:538} INFO - Filling up the DagBag from /home/ubuntu/.local/lib/python3.10/site-packages/airflow/example_dags/example_params_ui_tutorial.py
[2024-01-27T18:14:38.134+0100] {processor.py:840} INFO - DAG(s) 'example_params_ui_tutorial' retrieved from /home/ubuntu/.local/lib/python3.10/site-packages/airflow/example_dags/example_params_ui_tutorial.py
[2024-01-27T18:14:38.562+0100] {logging_mixin.py:188} INFO - [2024-01-27T18:14:38.561+0100] {dag.py:3033} INFO - Sync 1 DAGs
[2024-01-27T18:14:38.719+0100] {logging_mixin.py:188} INFO - [2024-01-27T18:14:38.719+0100] {dag.py:3820} INFO - Setting next_dagrun for example_params_ui_tutorial to None, run_after=None
[2024-01-27T18:14:39.141+0100] {processor.py:183} INFO - Processing /home/ubuntu/.local/lib/python3.10/site-packages/airflow/example_dags/example_params_ui_tutorial.py took 1.242 seconds
[2024-01-27T18:18:09.087+0100] {processor.py:161} INFO - Started process (PID=9373) to work on /home/ubuntu/.local/lib/python3.10/site-packages/airflow/example_dags/example_params_ui_tutorial.py
[2024-01-27T18:18:09.151+0100] {processor.py:830} INFO - Processing file /home/ubuntu/.local/lib/python3.10/site-packages/airflow/example_dags/example_params_ui_tutorial.py for tasks to queue
[2024-01-27T18:18:09.152+0100] {logging_mixin.py:188} INFO - [2024-01-27T18:18:09.152+0100] {dagbag.py:538} INFO - Filling up the DagBag from /home/ubuntu/.local/lib/python3.10/site-packages/airflow/example_dags/example_params_ui_tutorial.py
[2024-01-27T18:18:09.235+0100] {processor.py:840} INFO - DAG(s) 'example_params_ui_tutorial' retrieved from /home/ubuntu/.local/lib/python3.10/site-packages/airflow/example_dags/example_params_ui_tutorial.py
[2024-01-27T18:18:09.729+0100] {logging_mixin.py:188} INFO - [2024-01-27T18:18:09.721+0100] {dag.py:3033} INFO - Sync 1 DAGs
[2024-01-27T18:18:09.786+0100] {logging_mixin.py:188} INFO - [2024-01-27T18:18:09.785+0100] {dag.py:3820} INFO - Setting next_dagrun for example_params_ui_tutorial to None, run_after=None
[2024-01-27T18:18:10.496+0100] {processor.py:183} INFO - Processing /home/ubuntu/.local/lib/python3.10/site-packages/airflow/example_dags/example_params_ui_tutorial.py took 1.420 seconds
[2024-01-27T18:21:41.906+0100] {processor.py:161} INFO - Started process (PID=9579) to work on /home/ubuntu/.local/lib/python3.10/site-packages/airflow/example_dags/example_params_ui_tutorial.py
[2024-01-27T18:21:41.913+0100] {processor.py:830} INFO - Processing file /home/ubuntu/.local/lib/python3.10/site-packages/airflow/example_dags/example_params_ui_tutorial.py for tasks to queue
[2024-01-27T18:21:41.915+0100] {logging_mixin.py:188} INFO - [2024-01-27T18:21:41.914+0100] {dagbag.py:538} INFO - Filling up the DagBag from /home/ubuntu/.local/lib/python3.10/site-packages/airflow/example_dags/example_params_ui_tutorial.py
[2024-01-27T18:21:41.964+0100] {processor.py:840} INFO - DAG(s) 'example_params_ui_tutorial' retrieved from /home/ubuntu/.local/lib/python3.10/site-packages/airflow/example_dags/example_params_ui_tutorial.py
[2024-01-27T18:21:42.401+0100] {logging_mixin.py:188} INFO - [2024-01-27T18:21:42.400+0100] {dag.py:3033} INFO - Sync 1 DAGs
[2024-01-27T18:21:42.429+0100] {logging_mixin.py:188} INFO - [2024-01-27T18:21:42.428+0100] {dag.py:3820} INFO - Setting next_dagrun for example_params_ui_tutorial to None, run_after=None
[2024-01-27T18:21:42.533+0100] {processor.py:183} INFO - Processing /home/ubuntu/.local/lib/python3.10/site-packages/airflow/example_dags/example_params_ui_tutorial.py took 0.653 seconds
[2024-01-27T18:23:41.851+0100] {processor.py:161} INFO - Started process (PID=9710) to work on /home/ubuntu/.local/lib/python3.10/site-packages/airflow/example_dags/example_params_ui_tutorial.py
[2024-01-27T18:23:41.903+0100] {processor.py:830} INFO - Processing file /home/ubuntu/.local/lib/python3.10/site-packages/airflow/example_dags/example_params_ui_tutorial.py for tasks to queue
[2024-01-27T18:23:41.904+0100] {logging_mixin.py:188} INFO - [2024-01-27T18:23:41.904+0100] {dagbag.py:538} INFO - Filling up the DagBag from /home/ubuntu/.local/lib/python3.10/site-packages/airflow/example_dags/example_params_ui_tutorial.py
[2024-01-27T18:23:42.050+0100] {processor.py:840} INFO - DAG(s) 'example_params_ui_tutorial' retrieved from /home/ubuntu/.local/lib/python3.10/site-packages/airflow/example_dags/example_params_ui_tutorial.py
[2024-01-27T18:23:42.458+0100] {logging_mixin.py:188} INFO - [2024-01-27T18:23:42.458+0100] {dag.py:3033} INFO - Sync 1 DAGs
[2024-01-27T18:23:42.500+0100] {logging_mixin.py:188} INFO - [2024-01-27T18:23:42.499+0100] {dag.py:3820} INFO - Setting next_dagrun for example_params_ui_tutorial to None, run_after=None
[2024-01-27T18:23:43.106+0100] {processor.py:183} INFO - Processing /home/ubuntu/.local/lib/python3.10/site-packages/airflow/example_dags/example_params_ui_tutorial.py took 1.284 seconds
[2024-01-27T18:25:32.177+0100] {processor.py:161} INFO - Started process (PID=9776) to work on /home/ubuntu/.local/lib/python3.10/site-packages/airflow/example_dags/example_params_ui_tutorial.py
[2024-01-27T18:25:32.246+0100] {processor.py:830} INFO - Processing file /home/ubuntu/.local/lib/python3.10/site-packages/airflow/example_dags/example_params_ui_tutorial.py for tasks to queue
[2024-01-27T18:25:32.258+0100] {logging_mixin.py:188} INFO - [2024-01-27T18:25:32.257+0100] {dagbag.py:538} INFO - Filling up the DagBag from /home/ubuntu/.local/lib/python3.10/site-packages/airflow/example_dags/example_params_ui_tutorial.py
[2024-01-27T18:25:32.392+0100] {processor.py:840} INFO - DAG(s) 'example_params_ui_tutorial' retrieved from /home/ubuntu/.local/lib/python3.10/site-packages/airflow/example_dags/example_params_ui_tutorial.py
[2024-01-27T18:25:32.801+0100] {logging_mixin.py:188} INFO - [2024-01-27T18:25:32.801+0100] {dag.py:3033} INFO - Sync 1 DAGs
[2024-01-27T18:25:32.873+0100] {logging_mixin.py:188} INFO - [2024-01-27T18:25:32.873+0100] {dag.py:3820} INFO - Setting next_dagrun for example_params_ui_tutorial to None, run_after=None
[2024-01-27T18:25:33.268+0100] {processor.py:183} INFO - Processing /home/ubuntu/.local/lib/python3.10/site-packages/airflow/example_dags/example_params_ui_tutorial.py took 1.133 seconds
[2024-01-27T18:29:26.248+0100] {processor.py:161} INFO - Started process (PID=9911) to work on /home/ubuntu/.local/lib/python3.10/site-packages/airflow/example_dags/example_params_ui_tutorial.py
[2024-01-27T18:29:26.282+0100] {processor.py:830} INFO - Processing file /home/ubuntu/.local/lib/python3.10/site-packages/airflow/example_dags/example_params_ui_tutorial.py for tasks to queue
[2024-01-27T18:29:26.358+0100] {logging_mixin.py:188} INFO - [2024-01-27T18:29:26.291+0100] {dagbag.py:538} INFO - Filling up the DagBag from /home/ubuntu/.local/lib/python3.10/site-packages/airflow/example_dags/example_params_ui_tutorial.py
[2024-01-27T18:29:30.573+0100] {processor.py:840} INFO - DAG(s) 'example_params_ui_tutorial' retrieved from /home/ubuntu/.local/lib/python3.10/site-packages/airflow/example_dags/example_params_ui_tutorial.py
[2024-01-27T18:29:38.211+0100] {logging_mixin.py:188} INFO - [2024-01-27T18:29:38.211+0100] {dag.py:3033} INFO - Sync 1 DAGs
[2024-01-27T18:29:42.756+0100] {logging_mixin.py:188} INFO - [2024-01-27T18:29:42.755+0100] {dag.py:3820} INFO - Setting next_dagrun for example_params_ui_tutorial to None, run_after=None
[2024-01-27T18:29:44.646+0100] {processor.py:183} INFO - Processing /home/ubuntu/.local/lib/python3.10/site-packages/airflow/example_dags/example_params_ui_tutorial.py took 18.452 seconds
[2024-01-27T18:33:49.449+0100] {processor.py:161} INFO - Started process (PID=10019) to work on /home/ubuntu/.local/lib/python3.10/site-packages/airflow/example_dags/example_params_ui_tutorial.py
[2024-01-27T18:33:49.477+0100] {processor.py:830} INFO - Processing file /home/ubuntu/.local/lib/python3.10/site-packages/airflow/example_dags/example_params_ui_tutorial.py for tasks to queue
[2024-01-27T18:33:49.516+0100] {logging_mixin.py:188} INFO - [2024-01-27T18:33:49.512+0100] {dagbag.py:538} INFO - Filling up the DagBag from /home/ubuntu/.local/lib/python3.10/site-packages/airflow/example_dags/example_params_ui_tutorial.py
[2024-01-27T18:33:49.765+0100] {processor.py:840} INFO - DAG(s) 'example_params_ui_tutorial' retrieved from /home/ubuntu/.local/lib/python3.10/site-packages/airflow/example_dags/example_params_ui_tutorial.py
[2024-01-27T18:33:50.199+0100] {logging_mixin.py:188} INFO - [2024-01-27T18:33:50.199+0100] {dag.py:3033} INFO - Sync 1 DAGs
[2024-01-27T18:33:50.310+0100] {logging_mixin.py:188} INFO - [2024-01-27T18:33:50.310+0100] {dag.py:3820} INFO - Setting next_dagrun for example_params_ui_tutorial to None, run_after=None
[2024-01-27T18:33:50.936+0100] {processor.py:183} INFO - Processing /home/ubuntu/.local/lib/python3.10/site-packages/airflow/example_dags/example_params_ui_tutorial.py took 1.503 seconds
[2024-01-27T18:36:00.980+0100] {processor.py:161} INFO - Started process (PID=10104) to work on /home/ubuntu/.local/lib/python3.10/site-packages/airflow/example_dags/example_params_ui_tutorial.py
[2024-01-27T18:36:01.043+0100] {processor.py:830} INFO - Processing file /home/ubuntu/.local/lib/python3.10/site-packages/airflow/example_dags/example_params_ui_tutorial.py for tasks to queue
[2024-01-27T18:36:01.051+0100] {logging_mixin.py:188} INFO - [2024-01-27T18:36:01.051+0100] {dagbag.py:538} INFO - Filling up the DagBag from /home/ubuntu/.local/lib/python3.10/site-packages/airflow/example_dags/example_params_ui_tutorial.py
[2024-01-27T18:36:01.249+0100] {processor.py:840} INFO - DAG(s) 'example_params_ui_tutorial' retrieved from /home/ubuntu/.local/lib/python3.10/site-packages/airflow/example_dags/example_params_ui_tutorial.py
[2024-01-27T18:36:01.614+0100] {logging_mixin.py:188} INFO - [2024-01-27T18:36:01.612+0100] {dag.py:3033} INFO - Sync 1 DAGs
[2024-01-27T18:36:01.701+0100] {logging_mixin.py:188} INFO - [2024-01-27T18:36:01.700+0100] {dag.py:3820} INFO - Setting next_dagrun for example_params_ui_tutorial to None, run_after=None
[2024-01-27T18:36:01.973+0100] {processor.py:183} INFO - Processing /home/ubuntu/.local/lib/python3.10/site-packages/airflow/example_dags/example_params_ui_tutorial.py took 1.030 seconds
[2024-01-27T18:39:36.910+0100] {processor.py:161} INFO - Started process (PID=10229) to work on /home/ubuntu/.local/lib/python3.10/site-packages/airflow/example_dags/example_params_ui_tutorial.py
[2024-01-27T18:39:36.966+0100] {processor.py:830} INFO - Processing file /home/ubuntu/.local/lib/python3.10/site-packages/airflow/example_dags/example_params_ui_tutorial.py for tasks to queue
[2024-01-27T18:39:36.968+0100] {logging_mixin.py:188} INFO - [2024-01-27T18:39:36.967+0100] {dagbag.py:538} INFO - Filling up the DagBag from /home/ubuntu/.local/lib/python3.10/site-packages/airflow/example_dags/example_params_ui_tutorial.py
[2024-01-27T18:39:37.101+0100] {processor.py:840} INFO - DAG(s) 'example_params_ui_tutorial' retrieved from /home/ubuntu/.local/lib/python3.10/site-packages/airflow/example_dags/example_params_ui_tutorial.py
[2024-01-27T18:39:37.453+0100] {logging_mixin.py:188} INFO - [2024-01-27T18:39:37.452+0100] {dag.py:3033} INFO - Sync 1 DAGs
[2024-01-27T18:39:37.564+0100] {logging_mixin.py:188} INFO - [2024-01-27T18:39:37.564+0100] {dag.py:3820} INFO - Setting next_dagrun for example_params_ui_tutorial to None, run_after=None
[2024-01-27T18:39:38.115+0100] {processor.py:183} INFO - Processing /home/ubuntu/.local/lib/python3.10/site-packages/airflow/example_dags/example_params_ui_tutorial.py took 1.237 seconds
[2024-01-27T18:43:15.348+0100] {processor.py:161} INFO - Started process (PID=10359) to work on /home/ubuntu/.local/lib/python3.10/site-packages/airflow/example_dags/example_params_ui_tutorial.py
[2024-01-27T18:43:15.379+0100] {processor.py:830} INFO - Processing file /home/ubuntu/.local/lib/python3.10/site-packages/airflow/example_dags/example_params_ui_tutorial.py for tasks to queue
[2024-01-27T18:43:15.388+0100] {logging_mixin.py:188} INFO - [2024-01-27T18:43:15.381+0100] {dagbag.py:538} INFO - Filling up the DagBag from /home/ubuntu/.local/lib/python3.10/site-packages/airflow/example_dags/example_params_ui_tutorial.py
[2024-01-27T18:43:15.540+0100] {processor.py:840} INFO - DAG(s) 'example_params_ui_tutorial' retrieved from /home/ubuntu/.local/lib/python3.10/site-packages/airflow/example_dags/example_params_ui_tutorial.py
[2024-01-27T18:43:15.955+0100] {logging_mixin.py:188} INFO - [2024-01-27T18:43:15.955+0100] {dag.py:3033} INFO - Sync 1 DAGs
[2024-01-27T18:43:16.016+0100] {logging_mixin.py:188} INFO - [2024-01-27T18:43:16.016+0100] {dag.py:3820} INFO - Setting next_dagrun for example_params_ui_tutorial to None, run_after=None
[2024-01-27T18:43:16.525+0100] {processor.py:183} INFO - Processing /home/ubuntu/.local/lib/python3.10/site-packages/airflow/example_dags/example_params_ui_tutorial.py took 1.186 seconds
[2024-01-27T18:47:03.758+0100] {processor.py:161} INFO - Started process (PID=10557) to work on /home/ubuntu/.local/lib/python3.10/site-packages/airflow/example_dags/example_params_ui_tutorial.py
[2024-01-27T18:47:03.811+0100] {processor.py:830} INFO - Processing file /home/ubuntu/.local/lib/python3.10/site-packages/airflow/example_dags/example_params_ui_tutorial.py for tasks to queue
[2024-01-27T18:47:03.835+0100] {logging_mixin.py:188} INFO - [2024-01-27T18:47:03.834+0100] {dagbag.py:538} INFO - Filling up the DagBag from /home/ubuntu/.local/lib/python3.10/site-packages/airflow/example_dags/example_params_ui_tutorial.py
[2024-01-27T18:47:03.946+0100] {processor.py:840} INFO - DAG(s) 'example_params_ui_tutorial' retrieved from /home/ubuntu/.local/lib/python3.10/site-packages/airflow/example_dags/example_params_ui_tutorial.py
[2024-01-27T18:47:04.415+0100] {logging_mixin.py:188} INFO - [2024-01-27T18:47:04.415+0100] {dag.py:3033} INFO - Sync 1 DAGs
[2024-01-27T18:47:04.525+0100] {logging_mixin.py:188} INFO - [2024-01-27T18:47:04.525+0100] {dag.py:3820} INFO - Setting next_dagrun for example_params_ui_tutorial to None, run_after=None
[2024-01-27T18:47:05.283+0100] {processor.py:183} INFO - Processing /home/ubuntu/.local/lib/python3.10/site-packages/airflow/example_dags/example_params_ui_tutorial.py took 1.594 seconds
[2024-01-27T18:50:23.201+0100] {processor.py:161} INFO - Started process (PID=10714) to work on /home/ubuntu/.local/lib/python3.10/site-packages/airflow/example_dags/example_params_ui_tutorial.py
[2024-01-27T18:50:23.276+0100] {processor.py:830} INFO - Processing file /home/ubuntu/.local/lib/python3.10/site-packages/airflow/example_dags/example_params_ui_tutorial.py for tasks to queue
[2024-01-27T18:50:23.301+0100] {logging_mixin.py:188} INFO - [2024-01-27T18:50:23.299+0100] {dagbag.py:538} INFO - Filling up the DagBag from /home/ubuntu/.local/lib/python3.10/site-packages/airflow/example_dags/example_params_ui_tutorial.py
[2024-01-27T18:50:23.397+0100] {processor.py:840} INFO - DAG(s) 'example_params_ui_tutorial' retrieved from /home/ubuntu/.local/lib/python3.10/site-packages/airflow/example_dags/example_params_ui_tutorial.py
[2024-01-27T18:50:23.750+0100] {logging_mixin.py:188} INFO - [2024-01-27T18:50:23.750+0100] {dag.py:3033} INFO - Sync 1 DAGs
[2024-01-27T18:50:23.832+0100] {logging_mixin.py:188} INFO - [2024-01-27T18:50:23.832+0100] {dag.py:3820} INFO - Setting next_dagrun for example_params_ui_tutorial to None, run_after=None
[2024-01-27T18:50:24.392+0100] {processor.py:183} INFO - Processing /home/ubuntu/.local/lib/python3.10/site-packages/airflow/example_dags/example_params_ui_tutorial.py took 1.214 seconds
[2024-01-27T18:54:37.893+0100] {processor.py:161} INFO - Started process (PID=10829) to work on /home/ubuntu/.local/lib/python3.10/site-packages/airflow/example_dags/example_params_ui_tutorial.py
[2024-01-27T18:54:37.937+0100] {processor.py:830} INFO - Processing file /home/ubuntu/.local/lib/python3.10/site-packages/airflow/example_dags/example_params_ui_tutorial.py for tasks to queue
[2024-01-27T18:54:37.951+0100] {logging_mixin.py:188} INFO - [2024-01-27T18:54:37.950+0100] {dagbag.py:538} INFO - Filling up the DagBag from /home/ubuntu/.local/lib/python3.10/site-packages/airflow/example_dags/example_params_ui_tutorial.py
[2024-01-27T18:54:38.109+0100] {processor.py:840} INFO - DAG(s) 'example_params_ui_tutorial' retrieved from /home/ubuntu/.local/lib/python3.10/site-packages/airflow/example_dags/example_params_ui_tutorial.py
[2024-01-27T18:54:38.800+0100] {logging_mixin.py:188} INFO - [2024-01-27T18:54:38.800+0100] {dag.py:3033} INFO - Sync 1 DAGs
[2024-01-27T18:54:38.949+0100] {logging_mixin.py:188} INFO - [2024-01-27T18:54:38.948+0100] {dag.py:3820} INFO - Setting next_dagrun for example_params_ui_tutorial to None, run_after=None
[2024-01-27T18:54:39.781+0100] {processor.py:183} INFO - Processing /home/ubuntu/.local/lib/python3.10/site-packages/airflow/example_dags/example_params_ui_tutorial.py took 1.919 seconds
[2024-01-27T18:57:12.864+0100] {processor.py:161} INFO - Started process (PID=10887) to work on /home/ubuntu/.local/lib/python3.10/site-packages/airflow/example_dags/example_params_ui_tutorial.py
[2024-01-27T18:57:12.892+0100] {processor.py:830} INFO - Processing file /home/ubuntu/.local/lib/python3.10/site-packages/airflow/example_dags/example_params_ui_tutorial.py for tasks to queue
[2024-01-27T18:57:12.893+0100] {logging_mixin.py:188} INFO - [2024-01-27T18:57:12.893+0100] {dagbag.py:538} INFO - Filling up the DagBag from /home/ubuntu/.local/lib/python3.10/site-packages/airflow/example_dags/example_params_ui_tutorial.py
[2024-01-27T18:57:12.967+0100] {processor.py:840} INFO - DAG(s) 'example_params_ui_tutorial' retrieved from /home/ubuntu/.local/lib/python3.10/site-packages/airflow/example_dags/example_params_ui_tutorial.py
[2024-01-27T18:57:13.431+0100] {logging_mixin.py:188} INFO - [2024-01-27T18:57:13.430+0100] {dag.py:3033} INFO - Sync 1 DAGs
[2024-01-27T18:57:13.503+0100] {logging_mixin.py:188} INFO - [2024-01-27T18:57:13.503+0100] {dag.py:3820} INFO - Setting next_dagrun for example_params_ui_tutorial to None, run_after=None
[2024-01-27T18:57:13.973+0100] {processor.py:183} INFO - Processing /home/ubuntu/.local/lib/python3.10/site-packages/airflow/example_dags/example_params_ui_tutorial.py took 1.125 seconds
[2024-01-27T18:59:27.329+0100] {processor.py:161} INFO - Started process (PID=10966) to work on /home/ubuntu/.local/lib/python3.10/site-packages/airflow/example_dags/example_params_ui_tutorial.py
[2024-01-27T18:59:27.434+0100] {processor.py:830} INFO - Processing file /home/ubuntu/.local/lib/python3.10/site-packages/airflow/example_dags/example_params_ui_tutorial.py for tasks to queue
[2024-01-27T18:59:27.439+0100] {logging_mixin.py:188} INFO - [2024-01-27T18:59:27.438+0100] {dagbag.py:538} INFO - Filling up the DagBag from /home/ubuntu/.local/lib/python3.10/site-packages/airflow/example_dags/example_params_ui_tutorial.py
[2024-01-27T18:59:27.631+0100] {processor.py:840} INFO - DAG(s) 'example_params_ui_tutorial' retrieved from /home/ubuntu/.local/lib/python3.10/site-packages/airflow/example_dags/example_params_ui_tutorial.py
[2024-01-27T18:59:27.960+0100] {logging_mixin.py:188} INFO - [2024-01-27T18:59:27.960+0100] {dag.py:3033} INFO - Sync 1 DAGs
[2024-01-27T18:59:27.985+0100] {logging_mixin.py:188} INFO - [2024-01-27T18:59:27.984+0100] {dag.py:3820} INFO - Setting next_dagrun for example_params_ui_tutorial to None, run_after=None
[2024-01-27T18:59:28.850+0100] {processor.py:183} INFO - Processing /home/ubuntu/.local/lib/python3.10/site-packages/airflow/example_dags/example_params_ui_tutorial.py took 1.662 seconds
[2024-01-27T19:01:40.846+0100] {processor.py:161} INFO - Started process (PID=11024) to work on /home/ubuntu/.local/lib/python3.10/site-packages/airflow/example_dags/example_params_ui_tutorial.py
[2024-01-27T19:01:40.908+0100] {processor.py:830} INFO - Processing file /home/ubuntu/.local/lib/python3.10/site-packages/airflow/example_dags/example_params_ui_tutorial.py for tasks to queue
[2024-01-27T19:01:40.910+0100] {logging_mixin.py:188} INFO - [2024-01-27T19:01:40.909+0100] {dagbag.py:538} INFO - Filling up the DagBag from /home/ubuntu/.local/lib/python3.10/site-packages/airflow/example_dags/example_params_ui_tutorial.py
[2024-01-27T19:01:41.048+0100] {processor.py:840} INFO - DAG(s) 'example_params_ui_tutorial' retrieved from /home/ubuntu/.local/lib/python3.10/site-packages/airflow/example_dags/example_params_ui_tutorial.py
[2024-01-27T19:01:41.141+0100] {logging_mixin.py:188} INFO - [2024-01-27T19:01:41.140+0100] {dag.py:3033} INFO - Sync 1 DAGs
[2024-01-27T19:01:41.162+0100] {logging_mixin.py:188} INFO - [2024-01-27T19:01:41.162+0100] {dag.py:3820} INFO - Setting next_dagrun for example_params_ui_tutorial to None, run_after=None
[2024-01-27T19:01:41.741+0100] {processor.py:183} INFO - Processing /home/ubuntu/.local/lib/python3.10/site-packages/airflow/example_dags/example_params_ui_tutorial.py took 0.902 seconds
[2024-01-27T19:03:53.187+0100] {processor.py:161} INFO - Started process (PID=11082) to work on /home/ubuntu/.local/lib/python3.10/site-packages/airflow/example_dags/example_params_ui_tutorial.py
[2024-01-27T19:03:53.199+0100] {processor.py:830} INFO - Processing file /home/ubuntu/.local/lib/python3.10/site-packages/airflow/example_dags/example_params_ui_tutorial.py for tasks to queue
[2024-01-27T19:03:53.202+0100] {logging_mixin.py:188} INFO - [2024-01-27T19:03:53.201+0100] {dagbag.py:538} INFO - Filling up the DagBag from /home/ubuntu/.local/lib/python3.10/site-packages/airflow/example_dags/example_params_ui_tutorial.py
[2024-01-27T19:03:53.239+0100] {processor.py:840} INFO - DAG(s) 'example_params_ui_tutorial' retrieved from /home/ubuntu/.local/lib/python3.10/site-packages/airflow/example_dags/example_params_ui_tutorial.py
[2024-01-27T19:03:53.348+0100] {logging_mixin.py:188} INFO - [2024-01-27T19:03:53.348+0100] {dag.py:3033} INFO - Sync 1 DAGs
[2024-01-27T19:03:53.372+0100] {logging_mixin.py:188} INFO - [2024-01-27T19:03:53.372+0100] {dag.py:3820} INFO - Setting next_dagrun for example_params_ui_tutorial to None, run_after=None
[2024-01-27T19:03:54.043+0100] {processor.py:183} INFO - Processing /home/ubuntu/.local/lib/python3.10/site-packages/airflow/example_dags/example_params_ui_tutorial.py took 0.865 seconds
[2024-01-27T19:06:01.934+0100] {processor.py:161} INFO - Started process (PID=11136) to work on /home/ubuntu/.local/lib/python3.10/site-packages/airflow/example_dags/example_params_ui_tutorial.py
[2024-01-27T19:06:01.944+0100] {processor.py:830} INFO - Processing file /home/ubuntu/.local/lib/python3.10/site-packages/airflow/example_dags/example_params_ui_tutorial.py for tasks to queue
[2024-01-27T19:06:01.947+0100] {logging_mixin.py:188} INFO - [2024-01-27T19:06:01.946+0100] {dagbag.py:538} INFO - Filling up the DagBag from /home/ubuntu/.local/lib/python3.10/site-packages/airflow/example_dags/example_params_ui_tutorial.py
[2024-01-27T19:06:02.088+0100] {processor.py:840} INFO - DAG(s) 'example_params_ui_tutorial' retrieved from /home/ubuntu/.local/lib/python3.10/site-packages/airflow/example_dags/example_params_ui_tutorial.py
[2024-01-27T19:06:02.614+0100] {logging_mixin.py:188} INFO - [2024-01-27T19:06:02.614+0100] {dag.py:3033} INFO - Sync 1 DAGs
[2024-01-27T19:06:02.632+0100] {logging_mixin.py:188} INFO - [2024-01-27T19:06:02.632+0100] {dag.py:3820} INFO - Setting next_dagrun for example_params_ui_tutorial to None, run_after=None
[2024-01-27T19:06:03.221+0100] {processor.py:183} INFO - Processing /home/ubuntu/.local/lib/python3.10/site-packages/airflow/example_dags/example_params_ui_tutorial.py took 1.313 seconds
[2024-01-27T19:08:15.261+0100] {processor.py:161} INFO - Started process (PID=11191) to work on /home/ubuntu/.local/lib/python3.10/site-packages/airflow/example_dags/example_params_ui_tutorial.py
[2024-01-27T19:08:15.324+0100] {processor.py:830} INFO - Processing file /home/ubuntu/.local/lib/python3.10/site-packages/airflow/example_dags/example_params_ui_tutorial.py for tasks to queue
[2024-01-27T19:08:15.345+0100] {logging_mixin.py:188} INFO - [2024-01-27T19:08:15.326+0100] {dagbag.py:538} INFO - Filling up the DagBag from /home/ubuntu/.local/lib/python3.10/site-packages/airflow/example_dags/example_params_ui_tutorial.py
[2024-01-27T19:08:15.518+0100] {processor.py:840} INFO - DAG(s) 'example_params_ui_tutorial' retrieved from /home/ubuntu/.local/lib/python3.10/site-packages/airflow/example_dags/example_params_ui_tutorial.py
[2024-01-27T19:08:15.779+0100] {logging_mixin.py:188} INFO - [2024-01-27T19:08:15.778+0100] {dag.py:3033} INFO - Sync 1 DAGs
[2024-01-27T19:08:15.813+0100] {logging_mixin.py:188} INFO - [2024-01-27T19:08:15.813+0100] {dag.py:3820} INFO - Setting next_dagrun for example_params_ui_tutorial to None, run_after=None
[2024-01-27T19:08:16.638+0100] {processor.py:183} INFO - Processing /home/ubuntu/.local/lib/python3.10/site-packages/airflow/example_dags/example_params_ui_tutorial.py took 1.433 seconds
