[2024-01-27T17:53:36.133+0100] {processor.py:161} INFO - Started process (PID=8317) to work on /home/ubuntu/.local/lib/python3.10/site-packages/airflow/example_dags/example_branch_day_of_week_operator.py
[2024-01-27T17:53:36.134+0100] {processor.py:830} INFO - Processing file /home/ubuntu/.local/lib/python3.10/site-packages/airflow/example_dags/example_branch_day_of_week_operator.py for tasks to queue
[2024-01-27T17:53:36.135+0100] {logging_mixin.py:188} INFO - [2024-01-27T17:53:36.135+0100] {dagbag.py:538} INFO - Filling up the DagBag from /home/ubuntu/.local/lib/python3.10/site-packages/airflow/example_dags/example_branch_day_of_week_operator.py
[2024-01-27T17:53:36.146+0100] {processor.py:840} INFO - DAG(s) 'example_weekday_branch_operator' retrieved from /home/ubuntu/.local/lib/python3.10/site-packages/airflow/example_dags/example_branch_day_of_week_operator.py
[2024-01-27T17:53:36.409+0100] {logging_mixin.py:188} INFO - [2024-01-27T17:53:36.409+0100] {dag.py:3033} INFO - Sync 1 DAGs
[2024-01-27T17:53:36.432+0100] {logging_mixin.py:188} INFO - [2024-01-27T17:53:36.432+0100] {dag.py:3820} INFO - Setting next_dagrun for example_weekday_branch_operator to 2024-01-26T00:00:00+00:00, run_after=2024-01-27T00:00:00+00:00
[2024-01-27T17:53:36.632+0100] {processor.py:183} INFO - Processing /home/ubuntu/.local/lib/python3.10/site-packages/airflow/example_dags/example_branch_day_of_week_operator.py took 0.505 seconds
[2024-01-27T17:54:49.023+0100] {processor.py:161} INFO - Started process (PID=8378) to work on /home/ubuntu/.local/lib/python3.10/site-packages/airflow/example_dags/example_branch_day_of_week_operator.py
[2024-01-27T17:54:49.026+0100] {processor.py:830} INFO - Processing file /home/ubuntu/.local/lib/python3.10/site-packages/airflow/example_dags/example_branch_day_of_week_operator.py for tasks to queue
[2024-01-27T17:54:49.027+0100] {logging_mixin.py:188} INFO - [2024-01-27T17:54:49.026+0100] {dagbag.py:538} INFO - Filling up the DagBag from /home/ubuntu/.local/lib/python3.10/site-packages/airflow/example_dags/example_branch_day_of_week_operator.py
[2024-01-27T17:54:49.046+0100] {processor.py:840} INFO - DAG(s) 'example_weekday_branch_operator' retrieved from /home/ubuntu/.local/lib/python3.10/site-packages/airflow/example_dags/example_branch_day_of_week_operator.py
[2024-01-27T17:54:49.070+0100] {logging_mixin.py:188} INFO - [2024-01-27T17:54:49.070+0100] {dag.py:3033} INFO - Sync 1 DAGs
[2024-01-27T17:54:49.098+0100] {logging_mixin.py:188} INFO - [2024-01-27T17:54:49.098+0100] {dag.py:3820} INFO - Setting next_dagrun for example_weekday_branch_operator to 2024-01-26T00:00:00+00:00, run_after=2024-01-27T00:00:00+00:00
[2024-01-27T17:54:49.144+0100] {processor.py:183} INFO - Processing /home/ubuntu/.local/lib/python3.10/site-packages/airflow/example_dags/example_branch_day_of_week_operator.py took 0.125 seconds
[2024-01-27T17:56:00.460+0100] {processor.py:161} INFO - Started process (PID=8440) to work on /home/ubuntu/.local/lib/python3.10/site-packages/airflow/example_dags/example_branch_day_of_week_operator.py
[2024-01-27T17:56:00.488+0100] {processor.py:830} INFO - Processing file /home/ubuntu/.local/lib/python3.10/site-packages/airflow/example_dags/example_branch_day_of_week_operator.py for tasks to queue
[2024-01-27T17:56:00.496+0100] {logging_mixin.py:188} INFO - [2024-01-27T17:56:00.493+0100] {dagbag.py:538} INFO - Filling up the DagBag from /home/ubuntu/.local/lib/python3.10/site-packages/airflow/example_dags/example_branch_day_of_week_operator.py
[2024-01-27T17:56:00.519+0100] {processor.py:840} INFO - DAG(s) 'example_weekday_branch_operator' retrieved from /home/ubuntu/.local/lib/python3.10/site-packages/airflow/example_dags/example_branch_day_of_week_operator.py
[2024-01-27T17:56:00.547+0100] {logging_mixin.py:188} INFO - [2024-01-27T17:56:00.547+0100] {dag.py:3033} INFO - Sync 1 DAGs
[2024-01-27T17:56:00.573+0100] {logging_mixin.py:188} INFO - [2024-01-27T17:56:00.572+0100] {dag.py:3820} INFO - Setting next_dagrun for example_weekday_branch_operator to 2024-01-26T00:00:00+00:00, run_after=2024-01-27T00:00:00+00:00
[2024-01-27T17:56:00.682+0100] {processor.py:183} INFO - Processing /home/ubuntu/.local/lib/python3.10/site-packages/airflow/example_dags/example_branch_day_of_week_operator.py took 0.238 seconds
[2024-01-27T17:57:15.416+0100] {processor.py:161} INFO - Started process (PID=8512) to work on /home/ubuntu/.local/lib/python3.10/site-packages/airflow/example_dags/example_branch_day_of_week_operator.py
[2024-01-27T17:57:15.458+0100] {processor.py:830} INFO - Processing file /home/ubuntu/.local/lib/python3.10/site-packages/airflow/example_dags/example_branch_day_of_week_operator.py for tasks to queue
[2024-01-27T17:57:15.459+0100] {logging_mixin.py:188} INFO - [2024-01-27T17:57:15.459+0100] {dagbag.py:538} INFO - Filling up the DagBag from /home/ubuntu/.local/lib/python3.10/site-packages/airflow/example_dags/example_branch_day_of_week_operator.py
[2024-01-27T17:57:15.497+0100] {processor.py:840} INFO - DAG(s) 'example_weekday_branch_operator' retrieved from /home/ubuntu/.local/lib/python3.10/site-packages/airflow/example_dags/example_branch_day_of_week_operator.py
[2024-01-27T17:57:15.555+0100] {logging_mixin.py:188} INFO - [2024-01-27T17:57:15.555+0100] {dag.py:3033} INFO - Sync 1 DAGs
[2024-01-27T17:57:15.594+0100] {logging_mixin.py:188} INFO - [2024-01-27T17:57:15.594+0100] {dag.py:3820} INFO - Setting next_dagrun for example_weekday_branch_operator to 2024-01-26T00:00:00+00:00, run_after=2024-01-27T00:00:00+00:00
[2024-01-27T17:57:15.760+0100] {processor.py:183} INFO - Processing /home/ubuntu/.local/lib/python3.10/site-packages/airflow/example_dags/example_branch_day_of_week_operator.py took 0.359 seconds
[2024-01-27T17:58:28.633+0100] {processor.py:161} INFO - Started process (PID=8639) to work on /home/ubuntu/.local/lib/python3.10/site-packages/airflow/example_dags/example_branch_day_of_week_operator.py
[2024-01-27T17:58:28.678+0100] {processor.py:830} INFO - Processing file /home/ubuntu/.local/lib/python3.10/site-packages/airflow/example_dags/example_branch_day_of_week_operator.py for tasks to queue
[2024-01-27T17:58:28.679+0100] {logging_mixin.py:188} INFO - [2024-01-27T17:58:28.679+0100] {dagbag.py:538} INFO - Filling up the DagBag from /home/ubuntu/.local/lib/python3.10/site-packages/airflow/example_dags/example_branch_day_of_week_operator.py
[2024-01-27T17:58:28.724+0100] {processor.py:840} INFO - DAG(s) 'example_weekday_branch_operator' retrieved from /home/ubuntu/.local/lib/python3.10/site-packages/airflow/example_dags/example_branch_day_of_week_operator.py
[2024-01-27T17:58:28.814+0100] {logging_mixin.py:188} INFO - [2024-01-27T17:58:28.814+0100] {dag.py:3033} INFO - Sync 1 DAGs
[2024-01-27T17:58:28.837+0100] {logging_mixin.py:188} INFO - [2024-01-27T17:58:28.837+0100] {dag.py:3820} INFO - Setting next_dagrun for example_weekday_branch_operator to 2024-01-26T00:00:00+00:00, run_after=2024-01-27T00:00:00+00:00
[2024-01-27T17:58:29.006+0100] {processor.py:183} INFO - Processing /home/ubuntu/.local/lib/python3.10/site-packages/airflow/example_dags/example_branch_day_of_week_operator.py took 0.395 seconds
[2024-01-27T17:59:42.828+0100] {processor.py:161} INFO - Started process (PID=8703) to work on /home/ubuntu/.local/lib/python3.10/site-packages/airflow/example_dags/example_branch_day_of_week_operator.py
[2024-01-27T17:59:42.831+0100] {processor.py:830} INFO - Processing file /home/ubuntu/.local/lib/python3.10/site-packages/airflow/example_dags/example_branch_day_of_week_operator.py for tasks to queue
[2024-01-27T17:59:42.832+0100] {logging_mixin.py:188} INFO - [2024-01-27T17:59:42.832+0100] {dagbag.py:538} INFO - Filling up the DagBag from /home/ubuntu/.local/lib/python3.10/site-packages/airflow/example_dags/example_branch_day_of_week_operator.py
[2024-01-27T17:59:42.845+0100] {processor.py:840} INFO - DAG(s) 'example_weekday_branch_operator' retrieved from /home/ubuntu/.local/lib/python3.10/site-packages/airflow/example_dags/example_branch_day_of_week_operator.py
[2024-01-27T17:59:42.871+0100] {logging_mixin.py:188} INFO - [2024-01-27T17:59:42.870+0100] {dag.py:3033} INFO - Sync 1 DAGs
[2024-01-27T17:59:42.895+0100] {logging_mixin.py:188} INFO - [2024-01-27T17:59:42.895+0100] {dag.py:3820} INFO - Setting next_dagrun for example_weekday_branch_operator to 2024-01-26T00:00:00+00:00, run_after=2024-01-27T00:00:00+00:00
[2024-01-27T17:59:42.962+0100] {processor.py:183} INFO - Processing /home/ubuntu/.local/lib/python3.10/site-packages/airflow/example_dags/example_branch_day_of_week_operator.py took 0.138 seconds
[2024-01-27T18:00:52.852+0100] {processor.py:161} INFO - Started process (PID=8766) to work on /home/ubuntu/.local/lib/python3.10/site-packages/airflow/example_dags/example_branch_day_of_week_operator.py
[2024-01-27T18:00:52.854+0100] {processor.py:830} INFO - Processing file /home/ubuntu/.local/lib/python3.10/site-packages/airflow/example_dags/example_branch_day_of_week_operator.py for tasks to queue
[2024-01-27T18:00:52.855+0100] {logging_mixin.py:188} INFO - [2024-01-27T18:00:52.855+0100] {dagbag.py:538} INFO - Filling up the DagBag from /home/ubuntu/.local/lib/python3.10/site-packages/airflow/example_dags/example_branch_day_of_week_operator.py
[2024-01-27T18:00:52.865+0100] {processor.py:840} INFO - DAG(s) 'example_weekday_branch_operator' retrieved from /home/ubuntu/.local/lib/python3.10/site-packages/airflow/example_dags/example_branch_day_of_week_operator.py
[2024-01-27T18:00:52.886+0100] {logging_mixin.py:188} INFO - [2024-01-27T18:00:52.886+0100] {dag.py:3033} INFO - Sync 1 DAGs
[2024-01-27T18:00:52.909+0100] {logging_mixin.py:188} INFO - [2024-01-27T18:00:52.908+0100] {dag.py:3820} INFO - Setting next_dagrun for example_weekday_branch_operator to 2024-01-26T00:00:00+00:00, run_after=2024-01-27T00:00:00+00:00
[2024-01-27T18:00:53.094+0100] {processor.py:183} INFO - Processing /home/ubuntu/.local/lib/python3.10/site-packages/airflow/example_dags/example_branch_day_of_week_operator.py took 0.251 seconds
[2024-01-27T18:02:24.087+0100] {processor.py:161} INFO - Started process (PID=8838) to work on /home/ubuntu/.local/lib/python3.10/site-packages/airflow/example_dags/example_branch_day_of_week_operator.py
[2024-01-27T18:02:24.118+0100] {processor.py:830} INFO - Processing file /home/ubuntu/.local/lib/python3.10/site-packages/airflow/example_dags/example_branch_day_of_week_operator.py for tasks to queue
[2024-01-27T18:02:24.133+0100] {logging_mixin.py:188} INFO - [2024-01-27T18:02:24.132+0100] {dagbag.py:538} INFO - Filling up the DagBag from /home/ubuntu/.local/lib/python3.10/site-packages/airflow/example_dags/example_branch_day_of_week_operator.py
[2024-01-27T18:02:24.183+0100] {processor.py:840} INFO - DAG(s) 'example_weekday_branch_operator' retrieved from /home/ubuntu/.local/lib/python3.10/site-packages/airflow/example_dags/example_branch_day_of_week_operator.py
[2024-01-27T18:02:24.323+0100] {logging_mixin.py:188} INFO - [2024-01-27T18:02:24.322+0100] {dag.py:3033} INFO - Sync 1 DAGs
[2024-01-27T18:02:24.444+0100] {logging_mixin.py:188} INFO - [2024-01-27T18:02:24.444+0100] {dag.py:3820} INFO - Setting next_dagrun for example_weekday_branch_operator to 2024-01-26T00:00:00+00:00, run_after=2024-01-27T00:00:00+00:00
[2024-01-27T18:02:24.657+0100] {processor.py:183} INFO - Processing /home/ubuntu/.local/lib/python3.10/site-packages/airflow/example_dags/example_branch_day_of_week_operator.py took 0.594 seconds
[2024-01-27T18:05:17.616+0100] {processor.py:161} INFO - Started process (PID=8932) to work on /home/ubuntu/.local/lib/python3.10/site-packages/airflow/example_dags/example_branch_day_of_week_operator.py
[2024-01-27T18:05:17.692+0100] {processor.py:830} INFO - Processing file /home/ubuntu/.local/lib/python3.10/site-packages/airflow/example_dags/example_branch_day_of_week_operator.py for tasks to queue
[2024-01-27T18:05:17.701+0100] {logging_mixin.py:188} INFO - [2024-01-27T18:05:17.693+0100] {dagbag.py:538} INFO - Filling up the DagBag from /home/ubuntu/.local/lib/python3.10/site-packages/airflow/example_dags/example_branch_day_of_week_operator.py
[2024-01-27T18:05:17.796+0100] {processor.py:840} INFO - DAG(s) 'example_weekday_branch_operator' retrieved from /home/ubuntu/.local/lib/python3.10/site-packages/airflow/example_dags/example_branch_day_of_week_operator.py
[2024-01-27T18:05:17.837+0100] {logging_mixin.py:188} INFO - [2024-01-27T18:05:17.837+0100] {dag.py:3033} INFO - Sync 1 DAGs
[2024-01-27T18:05:17.876+0100] {logging_mixin.py:188} INFO - [2024-01-27T18:05:17.876+0100] {dag.py:3820} INFO - Setting next_dagrun for example_weekday_branch_operator to 2024-01-26T00:00:00+00:00, run_after=2024-01-27T00:00:00+00:00
[2024-01-27T18:05:18.321+0100] {processor.py:183} INFO - Processing /home/ubuntu/.local/lib/python3.10/site-packages/airflow/example_dags/example_branch_day_of_week_operator.py took 0.786 seconds
[2024-01-27T18:07:07.162+0100] {processor.py:161} INFO - Started process (PID=8982) to work on /home/ubuntu/.local/lib/python3.10/site-packages/airflow/example_dags/example_branch_day_of_week_operator.py
[2024-01-27T18:07:07.219+0100] {processor.py:830} INFO - Processing file /home/ubuntu/.local/lib/python3.10/site-packages/airflow/example_dags/example_branch_day_of_week_operator.py for tasks to queue
[2024-01-27T18:07:07.231+0100] {logging_mixin.py:188} INFO - [2024-01-27T18:07:07.229+0100] {dagbag.py:538} INFO - Filling up the DagBag from /home/ubuntu/.local/lib/python3.10/site-packages/airflow/example_dags/example_branch_day_of_week_operator.py
[2024-01-27T18:07:07.390+0100] {processor.py:840} INFO - DAG(s) 'example_weekday_branch_operator' retrieved from /home/ubuntu/.local/lib/python3.10/site-packages/airflow/example_dags/example_branch_day_of_week_operator.py
[2024-01-27T18:07:07.705+0100] {logging_mixin.py:188} INFO - [2024-01-27T18:07:07.704+0100] {dag.py:3033} INFO - Sync 1 DAGs
[2024-01-27T18:07:07.951+0100] {logging_mixin.py:188} INFO - [2024-01-27T18:07:07.951+0100] {dag.py:3820} INFO - Setting next_dagrun for example_weekday_branch_operator to 2024-01-26T00:00:00+00:00, run_after=2024-01-27T00:00:00+00:00
[2024-01-27T18:07:08.733+0100] {processor.py:183} INFO - Processing /home/ubuntu/.local/lib/python3.10/site-packages/airflow/example_dags/example_branch_day_of_week_operator.py took 1.595 seconds
[2024-01-27T18:09:06.096+0100] {processor.py:161} INFO - Started process (PID=9048) to work on /home/ubuntu/.local/lib/python3.10/site-packages/airflow/example_dags/example_branch_day_of_week_operator.py
[2024-01-27T18:09:06.102+0100] {processor.py:830} INFO - Processing file /home/ubuntu/.local/lib/python3.10/site-packages/airflow/example_dags/example_branch_day_of_week_operator.py for tasks to queue
[2024-01-27T18:09:06.103+0100] {logging_mixin.py:188} INFO - [2024-01-27T18:09:06.103+0100] {dagbag.py:538} INFO - Filling up the DagBag from /home/ubuntu/.local/lib/python3.10/site-packages/airflow/example_dags/example_branch_day_of_week_operator.py
[2024-01-27T18:09:06.123+0100] {processor.py:840} INFO - DAG(s) 'example_weekday_branch_operator' retrieved from /home/ubuntu/.local/lib/python3.10/site-packages/airflow/example_dags/example_branch_day_of_week_operator.py
[2024-01-27T18:09:06.177+0100] {logging_mixin.py:188} INFO - [2024-01-27T18:09:06.177+0100] {dag.py:3033} INFO - Sync 1 DAGs
[2024-01-27T18:09:06.266+0100] {logging_mixin.py:188} INFO - [2024-01-27T18:09:06.265+0100] {dag.py:3820} INFO - Setting next_dagrun for example_weekday_branch_operator to 2024-01-26T00:00:00+00:00, run_after=2024-01-27T00:00:00+00:00
[2024-01-27T18:09:06.653+0100] {processor.py:183} INFO - Processing /home/ubuntu/.local/lib/python3.10/site-packages/airflow/example_dags/example_branch_day_of_week_operator.py took 0.589 seconds
[2024-01-27T18:10:51.299+0100] {processor.py:161} INFO - Started process (PID=9146) to work on /home/ubuntu/.local/lib/python3.10/site-packages/airflow/example_dags/example_branch_day_of_week_operator.py
[2024-01-27T18:10:51.345+0100] {processor.py:830} INFO - Processing file /home/ubuntu/.local/lib/python3.10/site-packages/airflow/example_dags/example_branch_day_of_week_operator.py for tasks to queue
[2024-01-27T18:10:51.353+0100] {logging_mixin.py:188} INFO - [2024-01-27T18:10:51.346+0100] {dagbag.py:538} INFO - Filling up the DagBag from /home/ubuntu/.local/lib/python3.10/site-packages/airflow/example_dags/example_branch_day_of_week_operator.py
[2024-01-27T18:10:51.400+0100] {processor.py:840} INFO - DAG(s) 'example_weekday_branch_operator' retrieved from /home/ubuntu/.local/lib/python3.10/site-packages/airflow/example_dags/example_branch_day_of_week_operator.py
[2024-01-27T18:10:51.511+0100] {logging_mixin.py:188} INFO - [2024-01-27T18:10:51.510+0100] {dag.py:3033} INFO - Sync 1 DAGs
[2024-01-27T18:10:51.911+0100] {logging_mixin.py:188} INFO - [2024-01-27T18:10:51.910+0100] {dag.py:3820} INFO - Setting next_dagrun for example_weekday_branch_operator to 2024-01-26T00:00:00+00:00, run_after=2024-01-27T00:00:00+00:00
[2024-01-27T18:10:52.522+0100] {processor.py:183} INFO - Processing /home/ubuntu/.local/lib/python3.10/site-packages/airflow/example_dags/example_branch_day_of_week_operator.py took 1.258 seconds
[2024-01-27T18:12:35.180+0100] {processor.py:161} INFO - Started process (PID=9202) to work on /home/ubuntu/.local/lib/python3.10/site-packages/airflow/example_dags/example_branch_day_of_week_operator.py
[2024-01-27T18:12:35.220+0100] {processor.py:830} INFO - Processing file /home/ubuntu/.local/lib/python3.10/site-packages/airflow/example_dags/example_branch_day_of_week_operator.py for tasks to queue
[2024-01-27T18:12:35.223+0100] {logging_mixin.py:188} INFO - [2024-01-27T18:12:35.222+0100] {dagbag.py:538} INFO - Filling up the DagBag from /home/ubuntu/.local/lib/python3.10/site-packages/airflow/example_dags/example_branch_day_of_week_operator.py
[2024-01-27T18:12:35.282+0100] {processor.py:840} INFO - DAG(s) 'example_weekday_branch_operator' retrieved from /home/ubuntu/.local/lib/python3.10/site-packages/airflow/example_dags/example_branch_day_of_week_operator.py
[2024-01-27T18:12:35.318+0100] {logging_mixin.py:188} INFO - [2024-01-27T18:12:35.318+0100] {dag.py:3033} INFO - Sync 1 DAGs
[2024-01-27T18:12:35.364+0100] {logging_mixin.py:188} INFO - [2024-01-27T18:12:35.364+0100] {dag.py:3820} INFO - Setting next_dagrun for example_weekday_branch_operator to 2024-01-26T00:00:00+00:00, run_after=2024-01-27T00:00:00+00:00
[2024-01-27T18:12:36.036+0100] {processor.py:183} INFO - Processing /home/ubuntu/.local/lib/python3.10/site-packages/airflow/example_dags/example_branch_day_of_week_operator.py took 0.880 seconds
[2024-01-27T18:14:18.322+0100] {processor.py:161} INFO - Started process (PID=9254) to work on /home/ubuntu/.local/lib/python3.10/site-packages/airflow/example_dags/example_branch_day_of_week_operator.py
[2024-01-27T18:14:18.423+0100] {processor.py:830} INFO - Processing file /home/ubuntu/.local/lib/python3.10/site-packages/airflow/example_dags/example_branch_day_of_week_operator.py for tasks to queue
[2024-01-27T18:14:18.425+0100] {logging_mixin.py:188} INFO - [2024-01-27T18:14:18.424+0100] {dagbag.py:538} INFO - Filling up the DagBag from /home/ubuntu/.local/lib/python3.10/site-packages/airflow/example_dags/example_branch_day_of_week_operator.py
[2024-01-27T18:14:18.524+0100] {processor.py:840} INFO - DAG(s) 'example_weekday_branch_operator' retrieved from /home/ubuntu/.local/lib/python3.10/site-packages/airflow/example_dags/example_branch_day_of_week_operator.py
[2024-01-27T18:14:19.129+0100] {logging_mixin.py:188} INFO - [2024-01-27T18:14:19.129+0100] {dag.py:3033} INFO - Sync 1 DAGs
[2024-01-27T18:14:19.193+0100] {logging_mixin.py:188} INFO - [2024-01-27T18:14:19.193+0100] {dag.py:3820} INFO - Setting next_dagrun for example_weekday_branch_operator to 2024-01-26T00:00:00+00:00, run_after=2024-01-27T00:00:00+00:00
[2024-01-27T18:14:19.650+0100] {processor.py:183} INFO - Processing /home/ubuntu/.local/lib/python3.10/site-packages/airflow/example_dags/example_branch_day_of_week_operator.py took 1.355 seconds
[2024-01-27T18:16:05.947+0100] {processor.py:161} INFO - Started process (PID=9303) to work on /home/ubuntu/.local/lib/python3.10/site-packages/airflow/example_dags/example_branch_day_of_week_operator.py
[2024-01-27T18:16:06.013+0100] {processor.py:830} INFO - Processing file /home/ubuntu/.local/lib/python3.10/site-packages/airflow/example_dags/example_branch_day_of_week_operator.py for tasks to queue
[2024-01-27T18:16:06.015+0100] {logging_mixin.py:188} INFO - [2024-01-27T18:16:06.014+0100] {dagbag.py:538} INFO - Filling up the DagBag from /home/ubuntu/.local/lib/python3.10/site-packages/airflow/example_dags/example_branch_day_of_week_operator.py
[2024-01-27T18:16:06.065+0100] {processor.py:840} INFO - DAG(s) 'example_weekday_branch_operator' retrieved from /home/ubuntu/.local/lib/python3.10/site-packages/airflow/example_dags/example_branch_day_of_week_operator.py
[2024-01-27T18:16:06.196+0100] {logging_mixin.py:188} INFO - [2024-01-27T18:16:06.196+0100] {dag.py:3033} INFO - Sync 1 DAGs
[2024-01-27T18:16:06.505+0100] {logging_mixin.py:188} INFO - [2024-01-27T18:16:06.505+0100] {dag.py:3820} INFO - Setting next_dagrun for example_weekday_branch_operator to 2024-01-26T00:00:00+00:00, run_after=2024-01-27T00:00:00+00:00
[2024-01-27T18:16:07.224+0100] {processor.py:183} INFO - Processing /home/ubuntu/.local/lib/python3.10/site-packages/airflow/example_dags/example_branch_day_of_week_operator.py took 1.283 seconds
[2024-01-27T18:17:49.984+0100] {processor.py:161} INFO - Started process (PID=9366) to work on /home/ubuntu/.local/lib/python3.10/site-packages/airflow/example_dags/example_branch_day_of_week_operator.py
[2024-01-27T18:17:50.037+0100] {processor.py:830} INFO - Processing file /home/ubuntu/.local/lib/python3.10/site-packages/airflow/example_dags/example_branch_day_of_week_operator.py for tasks to queue
[2024-01-27T18:17:50.039+0100] {logging_mixin.py:188} INFO - [2024-01-27T18:17:50.038+0100] {dagbag.py:538} INFO - Filling up the DagBag from /home/ubuntu/.local/lib/python3.10/site-packages/airflow/example_dags/example_branch_day_of_week_operator.py
[2024-01-27T18:17:50.075+0100] {processor.py:840} INFO - DAG(s) 'example_weekday_branch_operator' retrieved from /home/ubuntu/.local/lib/python3.10/site-packages/airflow/example_dags/example_branch_day_of_week_operator.py
[2024-01-27T18:17:50.549+0100] {logging_mixin.py:188} INFO - [2024-01-27T18:17:50.548+0100] {dag.py:3033} INFO - Sync 1 DAGs
[2024-01-27T18:17:50.647+0100] {logging_mixin.py:188} INFO - [2024-01-27T18:17:50.646+0100] {dag.py:3820} INFO - Setting next_dagrun for example_weekday_branch_operator to 2024-01-26T00:00:00+00:00, run_after=2024-01-27T00:00:00+00:00
[2024-01-27T18:17:51.285+0100] {processor.py:183} INFO - Processing /home/ubuntu/.local/lib/python3.10/site-packages/airflow/example_dags/example_branch_day_of_week_operator.py took 1.333 seconds
[2024-01-27T18:19:30.736+0100] {processor.py:161} INFO - Started process (PID=9511) to work on /home/ubuntu/.local/lib/python3.10/site-packages/airflow/example_dags/example_branch_day_of_week_operator.py
[2024-01-27T18:19:30.740+0100] {processor.py:830} INFO - Processing file /home/ubuntu/.local/lib/python3.10/site-packages/airflow/example_dags/example_branch_day_of_week_operator.py for tasks to queue
[2024-01-27T18:19:30.742+0100] {logging_mixin.py:188} INFO - [2024-01-27T18:19:30.741+0100] {dagbag.py:538} INFO - Filling up the DagBag from /home/ubuntu/.local/lib/python3.10/site-packages/airflow/example_dags/example_branch_day_of_week_operator.py
[2024-01-27T18:19:30.817+0100] {processor.py:840} INFO - DAG(s) 'example_weekday_branch_operator' retrieved from /home/ubuntu/.local/lib/python3.10/site-packages/airflow/example_dags/example_branch_day_of_week_operator.py
[2024-01-27T18:19:31.046+0100] {logging_mixin.py:188} INFO - [2024-01-27T18:19:31.045+0100] {dag.py:3033} INFO - Sync 1 DAGs
[2024-01-27T18:19:31.274+0100] {logging_mixin.py:188} INFO - [2024-01-27T18:19:31.274+0100] {dag.py:3820} INFO - Setting next_dagrun for example_weekday_branch_operator to 2024-01-26T00:00:00+00:00, run_after=2024-01-27T00:00:00+00:00
[2024-01-27T18:19:31.761+0100] {processor.py:183} INFO - Processing /home/ubuntu/.local/lib/python3.10/site-packages/airflow/example_dags/example_branch_day_of_week_operator.py took 1.048 seconds
[2024-01-27T18:21:21.527+0100] {processor.py:161} INFO - Started process (PID=9566) to work on /home/ubuntu/.local/lib/python3.10/site-packages/airflow/example_dags/example_branch_day_of_week_operator.py
[2024-01-27T18:21:21.575+0100] {processor.py:830} INFO - Processing file /home/ubuntu/.local/lib/python3.10/site-packages/airflow/example_dags/example_branch_day_of_week_operator.py for tasks to queue
[2024-01-27T18:21:21.583+0100] {logging_mixin.py:188} INFO - [2024-01-27T18:21:21.576+0100] {dagbag.py:538} INFO - Filling up the DagBag from /home/ubuntu/.local/lib/python3.10/site-packages/airflow/example_dags/example_branch_day_of_week_operator.py
[2024-01-27T18:21:21.651+0100] {processor.py:840} INFO - DAG(s) 'example_weekday_branch_operator' retrieved from /home/ubuntu/.local/lib/python3.10/site-packages/airflow/example_dags/example_branch_day_of_week_operator.py
[2024-01-27T18:21:21.753+0100] {logging_mixin.py:188} INFO - [2024-01-27T18:21:21.752+0100] {dag.py:3033} INFO - Sync 1 DAGs
[2024-01-27T18:21:21.895+0100] {logging_mixin.py:188} INFO - [2024-01-27T18:21:21.894+0100] {dag.py:3820} INFO - Setting next_dagrun for example_weekday_branch_operator to 2024-01-26T00:00:00+00:00, run_after=2024-01-27T00:00:00+00:00
[2024-01-27T18:21:22.531+0100] {processor.py:183} INFO - Processing /home/ubuntu/.local/lib/python3.10/site-packages/airflow/example_dags/example_branch_day_of_week_operator.py took 1.025 seconds
[2024-01-27T18:23:16.289+0100] {processor.py:161} INFO - Started process (PID=9688) to work on /home/ubuntu/.local/lib/python3.10/site-packages/airflow/example_dags/example_branch_day_of_week_operator.py
[2024-01-27T18:23:16.345+0100] {processor.py:830} INFO - Processing file /home/ubuntu/.local/lib/python3.10/site-packages/airflow/example_dags/example_branch_day_of_week_operator.py for tasks to queue
[2024-01-27T18:23:16.355+0100] {logging_mixin.py:188} INFO - [2024-01-27T18:23:16.354+0100] {dagbag.py:538} INFO - Filling up the DagBag from /home/ubuntu/.local/lib/python3.10/site-packages/airflow/example_dags/example_branch_day_of_week_operator.py
[2024-01-27T18:23:16.470+0100] {processor.py:840} INFO - DAG(s) 'example_weekday_branch_operator' retrieved from /home/ubuntu/.local/lib/python3.10/site-packages/airflow/example_dags/example_branch_day_of_week_operator.py
[2024-01-27T18:23:16.604+0100] {logging_mixin.py:188} INFO - [2024-01-27T18:23:16.604+0100] {dag.py:3033} INFO - Sync 1 DAGs
[2024-01-27T18:23:16.773+0100] {logging_mixin.py:188} INFO - [2024-01-27T18:23:16.772+0100] {dag.py:3820} INFO - Setting next_dagrun for example_weekday_branch_operator to 2024-01-26T00:00:00+00:00, run_after=2024-01-27T00:00:00+00:00
[2024-01-27T18:23:17.177+0100] {processor.py:183} INFO - Processing /home/ubuntu/.local/lib/python3.10/site-packages/airflow/example_dags/example_branch_day_of_week_operator.py took 0.916 seconds
[2024-01-27T18:25:08.514+0100] {processor.py:161} INFO - Started process (PID=9765) to work on /home/ubuntu/.local/lib/python3.10/site-packages/airflow/example_dags/example_branch_day_of_week_operator.py
[2024-01-27T18:25:08.574+0100] {processor.py:830} INFO - Processing file /home/ubuntu/.local/lib/python3.10/site-packages/airflow/example_dags/example_branch_day_of_week_operator.py for tasks to queue
[2024-01-27T18:25:08.577+0100] {logging_mixin.py:188} INFO - [2024-01-27T18:25:08.575+0100] {dagbag.py:538} INFO - Filling up the DagBag from /home/ubuntu/.local/lib/python3.10/site-packages/airflow/example_dags/example_branch_day_of_week_operator.py
[2024-01-27T18:25:08.603+0100] {processor.py:840} INFO - DAG(s) 'example_weekday_branch_operator' retrieved from /home/ubuntu/.local/lib/python3.10/site-packages/airflow/example_dags/example_branch_day_of_week_operator.py
[2024-01-27T18:25:09.225+0100] {logging_mixin.py:188} INFO - [2024-01-27T18:25:09.225+0100] {dag.py:3033} INFO - Sync 1 DAGs
[2024-01-27T18:25:09.257+0100] {logging_mixin.py:188} INFO - [2024-01-27T18:25:09.256+0100] {dag.py:3820} INFO - Setting next_dagrun for example_weekday_branch_operator to 2024-01-26T00:00:00+00:00, run_after=2024-01-27T00:00:00+00:00
[2024-01-27T18:25:09.831+0100] {processor.py:183} INFO - Processing /home/ubuntu/.local/lib/python3.10/site-packages/airflow/example_dags/example_branch_day_of_week_operator.py took 1.364 seconds
[2024-01-27T18:27:07.909+0100] {processor.py:161} INFO - Started process (PID=9828) to work on /home/ubuntu/.local/lib/python3.10/site-packages/airflow/example_dags/example_branch_day_of_week_operator.py
[2024-01-27T18:27:07.974+0100] {processor.py:830} INFO - Processing file /home/ubuntu/.local/lib/python3.10/site-packages/airflow/example_dags/example_branch_day_of_week_operator.py for tasks to queue
[2024-01-27T18:27:07.976+0100] {logging_mixin.py:188} INFO - [2024-01-27T18:27:07.975+0100] {dagbag.py:538} INFO - Filling up the DagBag from /home/ubuntu/.local/lib/python3.10/site-packages/airflow/example_dags/example_branch_day_of_week_operator.py
[2024-01-27T18:27:08.028+0100] {processor.py:840} INFO - DAG(s) 'example_weekday_branch_operator' retrieved from /home/ubuntu/.local/lib/python3.10/site-packages/airflow/example_dags/example_branch_day_of_week_operator.py
[2024-01-27T18:27:08.264+0100] {logging_mixin.py:188} INFO - [2024-01-27T18:27:08.263+0100] {dag.py:3033} INFO - Sync 1 DAGs
[2024-01-27T18:27:08.434+0100] {logging_mixin.py:188} INFO - [2024-01-27T18:27:08.433+0100] {dag.py:3820} INFO - Setting next_dagrun for example_weekday_branch_operator to 2024-01-26T00:00:00+00:00, run_after=2024-01-27T00:00:00+00:00
[2024-01-27T18:27:09.029+0100] {processor.py:183} INFO - Processing /home/ubuntu/.local/lib/python3.10/site-packages/airflow/example_dags/example_branch_day_of_week_operator.py took 1.156 seconds
[2024-01-27T18:33:21.279+0100] {processor.py:161} INFO - Started process (PID=10004) to work on /home/ubuntu/.local/lib/python3.10/site-packages/airflow/example_dags/example_branch_day_of_week_operator.py
[2024-01-27T18:33:21.369+0100] {processor.py:830} INFO - Processing file /home/ubuntu/.local/lib/python3.10/site-packages/airflow/example_dags/example_branch_day_of_week_operator.py for tasks to queue
[2024-01-27T18:33:21.384+0100] {logging_mixin.py:188} INFO - [2024-01-27T18:33:21.370+0100] {dagbag.py:538} INFO - Filling up the DagBag from /home/ubuntu/.local/lib/python3.10/site-packages/airflow/example_dags/example_branch_day_of_week_operator.py
[2024-01-27T18:33:21.451+0100] {processor.py:840} INFO - DAG(s) 'example_weekday_branch_operator' retrieved from /home/ubuntu/.local/lib/python3.10/site-packages/airflow/example_dags/example_branch_day_of_week_operator.py
[2024-01-27T18:33:21.647+0100] {logging_mixin.py:188} INFO - [2024-01-27T18:33:21.646+0100] {dag.py:3033} INFO - Sync 1 DAGs
[2024-01-27T18:33:21.817+0100] {logging_mixin.py:188} INFO - [2024-01-27T18:33:21.817+0100] {dag.py:3820} INFO - Setting next_dagrun for example_weekday_branch_operator to 2024-01-26T00:00:00+00:00, run_after=2024-01-27T00:00:00+00:00
[2024-01-27T18:33:22.153+0100] {processor.py:183} INFO - Processing /home/ubuntu/.local/lib/python3.10/site-packages/airflow/example_dags/example_branch_day_of_week_operator.py took 0.894 seconds
[2024-01-27T18:35:41.218+0100] {processor.py:161} INFO - Started process (PID=10092) to work on /home/ubuntu/.local/lib/python3.10/site-packages/airflow/example_dags/example_branch_day_of_week_operator.py
[2024-01-27T18:35:41.273+0100] {processor.py:830} INFO - Processing file /home/ubuntu/.local/lib/python3.10/site-packages/airflow/example_dags/example_branch_day_of_week_operator.py for tasks to queue
[2024-01-27T18:35:41.295+0100] {logging_mixin.py:188} INFO - [2024-01-27T18:35:41.294+0100] {dagbag.py:538} INFO - Filling up the DagBag from /home/ubuntu/.local/lib/python3.10/site-packages/airflow/example_dags/example_branch_day_of_week_operator.py
[2024-01-27T18:35:41.432+0100] {processor.py:840} INFO - DAG(s) 'example_weekday_branch_operator' retrieved from /home/ubuntu/.local/lib/python3.10/site-packages/airflow/example_dags/example_branch_day_of_week_operator.py
[2024-01-27T18:35:41.484+0100] {logging_mixin.py:188} INFO - [2024-01-27T18:35:41.484+0100] {dag.py:3033} INFO - Sync 1 DAGs
[2024-01-27T18:35:41.573+0100] {logging_mixin.py:188} INFO - [2024-01-27T18:35:41.573+0100] {dag.py:3820} INFO - Setting next_dagrun for example_weekday_branch_operator to 2024-01-26T00:00:00+00:00, run_after=2024-01-27T00:00:00+00:00
[2024-01-27T18:35:41.946+0100] {processor.py:183} INFO - Processing /home/ubuntu/.local/lib/python3.10/site-packages/airflow/example_dags/example_branch_day_of_week_operator.py took 0.738 seconds
[2024-01-27T18:37:31.955+0100] {processor.py:161} INFO - Started process (PID=10160) to work on /home/ubuntu/.local/lib/python3.10/site-packages/airflow/example_dags/example_branch_day_of_week_operator.py
[2024-01-27T18:37:31.973+0100] {processor.py:830} INFO - Processing file /home/ubuntu/.local/lib/python3.10/site-packages/airflow/example_dags/example_branch_day_of_week_operator.py for tasks to queue
[2024-01-27T18:37:31.975+0100] {logging_mixin.py:188} INFO - [2024-01-27T18:37:31.974+0100] {dagbag.py:538} INFO - Filling up the DagBag from /home/ubuntu/.local/lib/python3.10/site-packages/airflow/example_dags/example_branch_day_of_week_operator.py
[2024-01-27T18:37:31.998+0100] {processor.py:840} INFO - DAG(s) 'example_weekday_branch_operator' retrieved from /home/ubuntu/.local/lib/python3.10/site-packages/airflow/example_dags/example_branch_day_of_week_operator.py
[2024-01-27T18:37:32.098+0100] {logging_mixin.py:188} INFO - [2024-01-27T18:37:32.098+0100] {dag.py:3033} INFO - Sync 1 DAGs
[2024-01-27T18:37:32.348+0100] {logging_mixin.py:188} INFO - [2024-01-27T18:37:32.348+0100] {dag.py:3820} INFO - Setting next_dagrun for example_weekday_branch_operator to 2024-01-26T00:00:00+00:00, run_after=2024-01-27T00:00:00+00:00
[2024-01-27T18:37:32.800+0100] {processor.py:183} INFO - Processing /home/ubuntu/.local/lib/python3.10/site-packages/airflow/example_dags/example_branch_day_of_week_operator.py took 0.861 seconds
[2024-01-27T18:39:15.483+0100] {processor.py:161} INFO - Started process (PID=10223) to work on /home/ubuntu/.local/lib/python3.10/site-packages/airflow/example_dags/example_branch_day_of_week_operator.py
[2024-01-27T18:39:15.550+0100] {processor.py:830} INFO - Processing file /home/ubuntu/.local/lib/python3.10/site-packages/airflow/example_dags/example_branch_day_of_week_operator.py for tasks to queue
[2024-01-27T18:39:15.552+0100] {logging_mixin.py:188} INFO - [2024-01-27T18:39:15.551+0100] {dagbag.py:538} INFO - Filling up the DagBag from /home/ubuntu/.local/lib/python3.10/site-packages/airflow/example_dags/example_branch_day_of_week_operator.py
[2024-01-27T18:39:15.647+0100] {processor.py:840} INFO - DAG(s) 'example_weekday_branch_operator' retrieved from /home/ubuntu/.local/lib/python3.10/site-packages/airflow/example_dags/example_branch_day_of_week_operator.py
[2024-01-27T18:39:16.349+0100] {logging_mixin.py:188} INFO - [2024-01-27T18:39:16.341+0100] {dag.py:3033} INFO - Sync 1 DAGs
[2024-01-27T18:39:16.495+0100] {logging_mixin.py:188} INFO - [2024-01-27T18:39:16.494+0100] {dag.py:3820} INFO - Setting next_dagrun for example_weekday_branch_operator to 2024-01-26T00:00:00+00:00, run_after=2024-01-27T00:00:00+00:00
[2024-01-27T18:39:17.177+0100] {processor.py:183} INFO - Processing /home/ubuntu/.local/lib/python3.10/site-packages/airflow/example_dags/example_branch_day_of_week_operator.py took 1.715 seconds
[2024-01-27T18:41:02.995+0100] {processor.py:161} INFO - Started process (PID=10285) to work on /home/ubuntu/.local/lib/python3.10/site-packages/airflow/example_dags/example_branch_day_of_week_operator.py
[2024-01-27T18:41:03.047+0100] {processor.py:830} INFO - Processing file /home/ubuntu/.local/lib/python3.10/site-packages/airflow/example_dags/example_branch_day_of_week_operator.py for tasks to queue
[2024-01-27T18:41:03.050+0100] {logging_mixin.py:188} INFO - [2024-01-27T18:41:03.049+0100] {dagbag.py:538} INFO - Filling up the DagBag from /home/ubuntu/.local/lib/python3.10/site-packages/airflow/example_dags/example_branch_day_of_week_operator.py
[2024-01-27T18:41:03.083+0100] {processor.py:840} INFO - DAG(s) 'example_weekday_branch_operator' retrieved from /home/ubuntu/.local/lib/python3.10/site-packages/airflow/example_dags/example_branch_day_of_week_operator.py
[2024-01-27T18:41:03.432+0100] {logging_mixin.py:188} INFO - [2024-01-27T18:41:03.432+0100] {dag.py:3033} INFO - Sync 1 DAGs
[2024-01-27T18:41:03.568+0100] {logging_mixin.py:188} INFO - [2024-01-27T18:41:03.568+0100] {dag.py:3820} INFO - Setting next_dagrun for example_weekday_branch_operator to 2024-01-26T00:00:00+00:00, run_after=2024-01-27T00:00:00+00:00
[2024-01-27T18:41:04.164+0100] {processor.py:183} INFO - Processing /home/ubuntu/.local/lib/python3.10/site-packages/airflow/example_dags/example_branch_day_of_week_operator.py took 1.178 seconds
[2024-01-27T18:42:51.298+0100] {processor.py:161} INFO - Started process (PID=10351) to work on /home/ubuntu/.local/lib/python3.10/site-packages/airflow/example_dags/example_branch_day_of_week_operator.py
[2024-01-27T18:42:51.349+0100] {processor.py:830} INFO - Processing file /home/ubuntu/.local/lib/python3.10/site-packages/airflow/example_dags/example_branch_day_of_week_operator.py for tasks to queue
[2024-01-27T18:42:51.356+0100] {logging_mixin.py:188} INFO - [2024-01-27T18:42:51.350+0100] {dagbag.py:538} INFO - Filling up the DagBag from /home/ubuntu/.local/lib/python3.10/site-packages/airflow/example_dags/example_branch_day_of_week_operator.py
[2024-01-27T18:42:51.437+0100] {processor.py:840} INFO - DAG(s) 'example_weekday_branch_operator' retrieved from /home/ubuntu/.local/lib/python3.10/site-packages/airflow/example_dags/example_branch_day_of_week_operator.py
[2024-01-27T18:42:51.747+0100] {logging_mixin.py:188} INFO - [2024-01-27T18:42:51.747+0100] {dag.py:3033} INFO - Sync 1 DAGs
[2024-01-27T18:42:51.922+0100] {logging_mixin.py:188} INFO - [2024-01-27T18:42:51.922+0100] {dag.py:3820} INFO - Setting next_dagrun for example_weekday_branch_operator to 2024-01-26T00:00:00+00:00, run_after=2024-01-27T00:00:00+00:00
[2024-01-27T18:42:52.266+0100] {processor.py:183} INFO - Processing /home/ubuntu/.local/lib/python3.10/site-packages/airflow/example_dags/example_branch_day_of_week_operator.py took 1.004 seconds
[2024-01-27T18:44:47.543+0100] {processor.py:161} INFO - Started process (PID=10419) to work on /home/ubuntu/.local/lib/python3.10/site-packages/airflow/example_dags/example_branch_day_of_week_operator.py
[2024-01-27T18:44:47.562+0100] {processor.py:830} INFO - Processing file /home/ubuntu/.local/lib/python3.10/site-packages/airflow/example_dags/example_branch_day_of_week_operator.py for tasks to queue
[2024-01-27T18:44:47.565+0100] {logging_mixin.py:188} INFO - [2024-01-27T18:44:47.564+0100] {dagbag.py:538} INFO - Filling up the DagBag from /home/ubuntu/.local/lib/python3.10/site-packages/airflow/example_dags/example_branch_day_of_week_operator.py
[2024-01-27T18:44:47.595+0100] {processor.py:840} INFO - DAG(s) 'example_weekday_branch_operator' retrieved from /home/ubuntu/.local/lib/python3.10/site-packages/airflow/example_dags/example_branch_day_of_week_operator.py
[2024-01-27T18:44:47.714+0100] {logging_mixin.py:188} INFO - [2024-01-27T18:44:47.713+0100] {dag.py:3033} INFO - Sync 1 DAGs
[2024-01-27T18:44:47.895+0100] {logging_mixin.py:188} INFO - [2024-01-27T18:44:47.894+0100] {dag.py:3820} INFO - Setting next_dagrun for example_weekday_branch_operator to 2024-01-26T00:00:00+00:00, run_after=2024-01-27T00:00:00+00:00
[2024-01-27T18:44:48.474+0100] {processor.py:183} INFO - Processing /home/ubuntu/.local/lib/python3.10/site-packages/airflow/example_dags/example_branch_day_of_week_operator.py took 0.954 seconds
[2024-01-27T18:46:42.957+0100] {processor.py:161} INFO - Started process (PID=10530) to work on /home/ubuntu/.local/lib/python3.10/site-packages/airflow/example_dags/example_branch_day_of_week_operator.py
[2024-01-27T18:46:43.022+0100] {processor.py:830} INFO - Processing file /home/ubuntu/.local/lib/python3.10/site-packages/airflow/example_dags/example_branch_day_of_week_operator.py for tasks to queue
[2024-01-27T18:46:43.024+0100] {logging_mixin.py:188} INFO - [2024-01-27T18:46:43.023+0100] {dagbag.py:538} INFO - Filling up the DagBag from /home/ubuntu/.local/lib/python3.10/site-packages/airflow/example_dags/example_branch_day_of_week_operator.py
[2024-01-27T18:46:43.125+0100] {processor.py:840} INFO - DAG(s) 'example_weekday_branch_operator' retrieved from /home/ubuntu/.local/lib/python3.10/site-packages/airflow/example_dags/example_branch_day_of_week_operator.py
[2024-01-27T18:46:43.322+0100] {logging_mixin.py:188} INFO - [2024-01-27T18:46:43.322+0100] {dag.py:3033} INFO - Sync 1 DAGs
[2024-01-27T18:46:43.735+0100] {logging_mixin.py:188} INFO - [2024-01-27T18:46:43.735+0100] {dag.py:3820} INFO - Setting next_dagrun for example_weekday_branch_operator to 2024-01-26T00:00:00+00:00, run_after=2024-01-27T00:00:00+00:00
[2024-01-27T18:46:44.398+0100] {processor.py:183} INFO - Processing /home/ubuntu/.local/lib/python3.10/site-packages/airflow/example_dags/example_branch_day_of_week_operator.py took 1.486 seconds
[2024-01-27T18:48:29.976+0100] {processor.py:161} INFO - Started process (PID=10652) to work on /home/ubuntu/.local/lib/python3.10/site-packages/airflow/example_dags/example_branch_day_of_week_operator.py
[2024-01-27T18:48:30.035+0100] {processor.py:830} INFO - Processing file /home/ubuntu/.local/lib/python3.10/site-packages/airflow/example_dags/example_branch_day_of_week_operator.py for tasks to queue
[2024-01-27T18:48:30.038+0100] {logging_mixin.py:188} INFO - [2024-01-27T18:48:30.037+0100] {dagbag.py:538} INFO - Filling up the DagBag from /home/ubuntu/.local/lib/python3.10/site-packages/airflow/example_dags/example_branch_day_of_week_operator.py
[2024-01-27T18:48:30.142+0100] {processor.py:840} INFO - DAG(s) 'example_weekday_branch_operator' retrieved from /home/ubuntu/.local/lib/python3.10/site-packages/airflow/example_dags/example_branch_day_of_week_operator.py
[2024-01-27T18:48:30.261+0100] {logging_mixin.py:188} INFO - [2024-01-27T18:48:30.260+0100] {dag.py:3033} INFO - Sync 1 DAGs
[2024-01-27T18:48:30.372+0100] {logging_mixin.py:188} INFO - [2024-01-27T18:48:30.372+0100] {dag.py:3820} INFO - Setting next_dagrun for example_weekday_branch_operator to 2024-01-26T00:00:00+00:00, run_after=2024-01-27T00:00:00+00:00
[2024-01-27T18:48:30.906+0100] {processor.py:183} INFO - Processing /home/ubuntu/.local/lib/python3.10/site-packages/airflow/example_dags/example_branch_day_of_week_operator.py took 0.939 seconds
[2024-01-27T18:50:06.921+0100] {processor.py:161} INFO - Started process (PID=10708) to work on /home/ubuntu/.local/lib/python3.10/site-packages/airflow/example_dags/example_branch_day_of_week_operator.py
[2024-01-27T18:50:06.959+0100] {processor.py:830} INFO - Processing file /home/ubuntu/.local/lib/python3.10/site-packages/airflow/example_dags/example_branch_day_of_week_operator.py for tasks to queue
[2024-01-27T18:50:06.967+0100] {logging_mixin.py:188} INFO - [2024-01-27T18:50:06.967+0100] {dagbag.py:538} INFO - Filling up the DagBag from /home/ubuntu/.local/lib/python3.10/site-packages/airflow/example_dags/example_branch_day_of_week_operator.py
[2024-01-27T18:50:07.034+0100] {processor.py:840} INFO - DAG(s) 'example_weekday_branch_operator' retrieved from /home/ubuntu/.local/lib/python3.10/site-packages/airflow/example_dags/example_branch_day_of_week_operator.py
[2024-01-27T18:50:07.129+0100] {logging_mixin.py:188} INFO - [2024-01-27T18:50:07.129+0100] {dag.py:3033} INFO - Sync 1 DAGs
[2024-01-27T18:50:07.245+0100] {logging_mixin.py:188} INFO - [2024-01-27T18:50:07.244+0100] {dag.py:3820} INFO - Setting next_dagrun for example_weekday_branch_operator to 2024-01-26T00:00:00+00:00, run_after=2024-01-27T00:00:00+00:00
[2024-01-27T18:50:07.735+0100] {processor.py:183} INFO - Processing /home/ubuntu/.local/lib/python3.10/site-packages/airflow/example_dags/example_branch_day_of_week_operator.py took 0.823 seconds
[2024-01-27T18:51:51.645+0100] {processor.py:161} INFO - Started process (PID=10762) to work on /home/ubuntu/.local/lib/python3.10/site-packages/airflow/example_dags/example_branch_day_of_week_operator.py
[2024-01-27T18:51:51.666+0100] {processor.py:830} INFO - Processing file /home/ubuntu/.local/lib/python3.10/site-packages/airflow/example_dags/example_branch_day_of_week_operator.py for tasks to queue
[2024-01-27T18:51:51.670+0100] {logging_mixin.py:188} INFO - [2024-01-27T18:51:51.668+0100] {dagbag.py:538} INFO - Filling up the DagBag from /home/ubuntu/.local/lib/python3.10/site-packages/airflow/example_dags/example_branch_day_of_week_operator.py
[2024-01-27T18:51:51.733+0100] {processor.py:840} INFO - DAG(s) 'example_weekday_branch_operator' retrieved from /home/ubuntu/.local/lib/python3.10/site-packages/airflow/example_dags/example_branch_day_of_week_operator.py
[2024-01-27T18:51:51.805+0100] {logging_mixin.py:188} INFO - [2024-01-27T18:51:51.797+0100] {dag.py:3033} INFO - Sync 1 DAGs
[2024-01-27T18:51:51.922+0100] {logging_mixin.py:188} INFO - [2024-01-27T18:51:51.921+0100] {dag.py:3820} INFO - Setting next_dagrun for example_weekday_branch_operator to 2024-01-26T00:00:00+00:00, run_after=2024-01-27T00:00:00+00:00
[2024-01-27T18:51:52.670+0100] {processor.py:183} INFO - Processing /home/ubuntu/.local/lib/python3.10/site-packages/airflow/example_dags/example_branch_day_of_week_operator.py took 1.082 seconds
[2024-01-27T18:54:06.460+0100] {processor.py:161} INFO - Started process (PID=10821) to work on /home/ubuntu/.local/lib/python3.10/site-packages/airflow/example_dags/example_branch_day_of_week_operator.py
[2024-01-27T18:54:06.590+0100] {processor.py:830} INFO - Processing file /home/ubuntu/.local/lib/python3.10/site-packages/airflow/example_dags/example_branch_day_of_week_operator.py for tasks to queue
[2024-01-27T18:54:06.611+0100] {logging_mixin.py:188} INFO - [2024-01-27T18:54:06.610+0100] {dagbag.py:538} INFO - Filling up the DagBag from /home/ubuntu/.local/lib/python3.10/site-packages/airflow/example_dags/example_branch_day_of_week_operator.py
[2024-01-27T18:54:06.819+0100] {processor.py:840} INFO - DAG(s) 'example_weekday_branch_operator' retrieved from /home/ubuntu/.local/lib/python3.10/site-packages/airflow/example_dags/example_branch_day_of_week_operator.py
[2024-01-27T18:54:07.105+0100] {logging_mixin.py:188} INFO - [2024-01-27T18:54:07.104+0100] {dag.py:3033} INFO - Sync 1 DAGs
[2024-01-27T18:54:07.404+0100] {logging_mixin.py:188} INFO - [2024-01-27T18:54:07.395+0100] {dag.py:3820} INFO - Setting next_dagrun for example_weekday_branch_operator to 2024-01-26T00:00:00+00:00, run_after=2024-01-27T00:00:00+00:00
[2024-01-27T18:54:08.164+0100] {processor.py:183} INFO - Processing /home/ubuntu/.local/lib/python3.10/site-packages/airflow/example_dags/example_branch_day_of_week_operator.py took 1.719 seconds
[2024-01-27T18:56:44.323+0100] {processor.py:161} INFO - Started process (PID=10876) to work on /home/ubuntu/.local/lib/python3.10/site-packages/airflow/example_dags/example_branch_day_of_week_operator.py
[2024-01-27T18:56:44.362+0100] {processor.py:830} INFO - Processing file /home/ubuntu/.local/lib/python3.10/site-packages/airflow/example_dags/example_branch_day_of_week_operator.py for tasks to queue
[2024-01-27T18:56:44.416+0100] {logging_mixin.py:188} INFO - [2024-01-27T18:56:44.415+0100] {dagbag.py:538} INFO - Filling up the DagBag from /home/ubuntu/.local/lib/python3.10/site-packages/airflow/example_dags/example_branch_day_of_week_operator.py
[2024-01-27T18:56:44.497+0100] {processor.py:840} INFO - DAG(s) 'example_weekday_branch_operator' retrieved from /home/ubuntu/.local/lib/python3.10/site-packages/airflow/example_dags/example_branch_day_of_week_operator.py
[2024-01-27T18:56:44.684+0100] {logging_mixin.py:188} INFO - [2024-01-27T18:56:44.683+0100] {dag.py:3033} INFO - Sync 1 DAGs
[2024-01-27T18:56:44.729+0100] {logging_mixin.py:188} INFO - [2024-01-27T18:56:44.729+0100] {dag.py:3820} INFO - Setting next_dagrun for example_weekday_branch_operator to 2024-01-26T00:00:00+00:00, run_after=2024-01-27T00:00:00+00:00
[2024-01-27T18:56:45.342+0100] {processor.py:183} INFO - Processing /home/ubuntu/.local/lib/python3.10/site-packages/airflow/example_dags/example_branch_day_of_week_operator.py took 1.062 seconds
[2024-01-27T18:59:01.131+0100] {processor.py:161} INFO - Started process (PID=10957) to work on /home/ubuntu/.local/lib/python3.10/site-packages/airflow/example_dags/example_branch_day_of_week_operator.py
[2024-01-27T18:59:01.175+0100] {processor.py:830} INFO - Processing file /home/ubuntu/.local/lib/python3.10/site-packages/airflow/example_dags/example_branch_day_of_week_operator.py for tasks to queue
[2024-01-27T18:59:01.185+0100] {logging_mixin.py:188} INFO - [2024-01-27T18:59:01.176+0100] {dagbag.py:538} INFO - Filling up the DagBag from /home/ubuntu/.local/lib/python3.10/site-packages/airflow/example_dags/example_branch_day_of_week_operator.py
[2024-01-27T18:59:01.283+0100] {processor.py:840} INFO - DAG(s) 'example_weekday_branch_operator' retrieved from /home/ubuntu/.local/lib/python3.10/site-packages/airflow/example_dags/example_branch_day_of_week_operator.py
[2024-01-27T18:59:01.446+0100] {logging_mixin.py:188} INFO - [2024-01-27T18:59:01.437+0100] {dag.py:3033} INFO - Sync 1 DAGs
[2024-01-27T18:59:01.641+0100] {logging_mixin.py:188} INFO - [2024-01-27T18:59:01.640+0100] {dag.py:3820} INFO - Setting next_dagrun for example_weekday_branch_operator to 2024-01-26T00:00:00+00:00, run_after=2024-01-27T00:00:00+00:00
[2024-01-27T18:59:02.379+0100] {processor.py:183} INFO - Processing /home/ubuntu/.local/lib/python3.10/site-packages/airflow/example_dags/example_branch_day_of_week_operator.py took 1.279 seconds
[2024-01-27T19:01:13.152+0100] {processor.py:161} INFO - Started process (PID=11016) to work on /home/ubuntu/.local/lib/python3.10/site-packages/airflow/example_dags/example_branch_day_of_week_operator.py
[2024-01-27T19:01:13.195+0100] {processor.py:830} INFO - Processing file /home/ubuntu/.local/lib/python3.10/site-packages/airflow/example_dags/example_branch_day_of_week_operator.py for tasks to queue
[2024-01-27T19:01:13.198+0100] {logging_mixin.py:188} INFO - [2024-01-27T19:01:13.197+0100] {dagbag.py:538} INFO - Filling up the DagBag from /home/ubuntu/.local/lib/python3.10/site-packages/airflow/example_dags/example_branch_day_of_week_operator.py
[2024-01-27T19:01:13.265+0100] {processor.py:840} INFO - DAG(s) 'example_weekday_branch_operator' retrieved from /home/ubuntu/.local/lib/python3.10/site-packages/airflow/example_dags/example_branch_day_of_week_operator.py
[2024-01-27T19:01:13.501+0100] {logging_mixin.py:188} INFO - [2024-01-27T19:01:13.491+0100] {dag.py:3033} INFO - Sync 1 DAGs
[2024-01-27T19:01:13.800+0100] {logging_mixin.py:188} INFO - [2024-01-27T19:01:13.800+0100] {dag.py:3820} INFO - Setting next_dagrun for example_weekday_branch_operator to 2024-01-26T00:00:00+00:00, run_after=2024-01-27T00:00:00+00:00
[2024-01-27T19:01:14.727+0100] {processor.py:183} INFO - Processing /home/ubuntu/.local/lib/python3.10/site-packages/airflow/example_dags/example_branch_day_of_week_operator.py took 1.632 seconds
[2024-01-27T19:03:22.447+0100] {processor.py:161} INFO - Started process (PID=11071) to work on /home/ubuntu/.local/lib/python3.10/site-packages/airflow/example_dags/example_branch_day_of_week_operator.py
[2024-01-27T19:03:22.454+0100] {processor.py:830} INFO - Processing file /home/ubuntu/.local/lib/python3.10/site-packages/airflow/example_dags/example_branch_day_of_week_operator.py for tasks to queue
[2024-01-27T19:03:22.456+0100] {logging_mixin.py:188} INFO - [2024-01-27T19:03:22.455+0100] {dagbag.py:538} INFO - Filling up the DagBag from /home/ubuntu/.local/lib/python3.10/site-packages/airflow/example_dags/example_branch_day_of_week_operator.py
[2024-01-27T19:03:22.489+0100] {processor.py:840} INFO - DAG(s) 'example_weekday_branch_operator' retrieved from /home/ubuntu/.local/lib/python3.10/site-packages/airflow/example_dags/example_branch_day_of_week_operator.py
[2024-01-27T19:03:22.570+0100] {logging_mixin.py:188} INFO - [2024-01-27T19:03:22.569+0100] {dag.py:3033} INFO - Sync 1 DAGs
[2024-01-27T19:03:22.730+0100] {logging_mixin.py:188} INFO - [2024-01-27T19:03:22.727+0100] {dag.py:3820} INFO - Setting next_dagrun for example_weekday_branch_operator to 2024-01-26T00:00:00+00:00, run_after=2024-01-27T00:00:00+00:00
[2024-01-27T19:03:23.353+0100] {processor.py:183} INFO - Processing /home/ubuntu/.local/lib/python3.10/site-packages/airflow/example_dags/example_branch_day_of_week_operator.py took 0.924 seconds
[2024-01-27T19:05:36.744+0100] {processor.py:161} INFO - Started process (PID=11126) to work on /home/ubuntu/.local/lib/python3.10/site-packages/airflow/example_dags/example_branch_day_of_week_operator.py
[2024-01-27T19:05:36.804+0100] {processor.py:830} INFO - Processing file /home/ubuntu/.local/lib/python3.10/site-packages/airflow/example_dags/example_branch_day_of_week_operator.py for tasks to queue
[2024-01-27T19:05:36.806+0100] {logging_mixin.py:188} INFO - [2024-01-27T19:05:36.805+0100] {dagbag.py:538} INFO - Filling up the DagBag from /home/ubuntu/.local/lib/python3.10/site-packages/airflow/example_dags/example_branch_day_of_week_operator.py
[2024-01-27T19:05:37.004+0100] {processor.py:840} INFO - DAG(s) 'example_weekday_branch_operator' retrieved from /home/ubuntu/.local/lib/python3.10/site-packages/airflow/example_dags/example_branch_day_of_week_operator.py
[2024-01-27T19:05:37.292+0100] {logging_mixin.py:188} INFO - [2024-01-27T19:05:37.292+0100] {dag.py:3033} INFO - Sync 1 DAGs
[2024-01-27T19:05:37.482+0100] {logging_mixin.py:188} INFO - [2024-01-27T19:05:37.481+0100] {dag.py:3820} INFO - Setting next_dagrun for example_weekday_branch_operator to 2024-01-26T00:00:00+00:00, run_after=2024-01-27T00:00:00+00:00
[2024-01-27T19:05:38.154+0100] {processor.py:183} INFO - Processing /home/ubuntu/.local/lib/python3.10/site-packages/airflow/example_dags/example_branch_day_of_week_operator.py took 1.445 seconds
[2024-01-27T19:07:45.770+0100] {processor.py:161} INFO - Started process (PID=11181) to work on /home/ubuntu/.local/lib/python3.10/site-packages/airflow/example_dags/example_branch_day_of_week_operator.py
[2024-01-27T19:07:45.802+0100] {processor.py:830} INFO - Processing file /home/ubuntu/.local/lib/python3.10/site-packages/airflow/example_dags/example_branch_day_of_week_operator.py for tasks to queue
[2024-01-27T19:07:45.814+0100] {logging_mixin.py:188} INFO - [2024-01-27T19:07:45.812+0100] {dagbag.py:538} INFO - Filling up the DagBag from /home/ubuntu/.local/lib/python3.10/site-packages/airflow/example_dags/example_branch_day_of_week_operator.py
[2024-01-27T19:07:45.974+0100] {processor.py:840} INFO - DAG(s) 'example_weekday_branch_operator' retrieved from /home/ubuntu/.local/lib/python3.10/site-packages/airflow/example_dags/example_branch_day_of_week_operator.py
[2024-01-27T19:07:46.221+0100] {logging_mixin.py:188} INFO - [2024-01-27T19:07:46.220+0100] {dag.py:3033} INFO - Sync 1 DAGs
[2024-01-27T19:07:46.521+0100] {logging_mixin.py:188} INFO - [2024-01-27T19:07:46.520+0100] {dag.py:3820} INFO - Setting next_dagrun for example_weekday_branch_operator to 2024-01-26T00:00:00+00:00, run_after=2024-01-27T00:00:00+00:00
[2024-01-27T19:07:47.400+0100] {processor.py:183} INFO - Processing /home/ubuntu/.local/lib/python3.10/site-packages/airflow/example_dags/example_branch_day_of_week_operator.py took 1.677 seconds
