[2024-01-27T17:54:07.563+0100] {processor.py:161} INFO - Started process (PID=8339) to work on /home/ubuntu/.local/lib/python3.10/site-packages/airflow/example_dags/example_kubernetes_executor.py
[2024-01-27T17:54:07.564+0100] {processor.py:830} INFO - Processing file /home/ubuntu/.local/lib/python3.10/site-packages/airflow/example_dags/example_kubernetes_executor.py for tasks to queue
[2024-01-27T17:54:07.565+0100] {logging_mixin.py:188} INFO - [2024-01-27T17:54:07.564+0100] {dagbag.py:538} INFO - Filling up the DagBag from /home/ubuntu/.local/lib/python3.10/site-packages/airflow/example_dags/example_kubernetes_executor.py
[2024-01-27T17:54:10.965+0100] {processor.py:840} INFO - DAG(s) 'example_kubernetes_executor' retrieved from /home/ubuntu/.local/lib/python3.10/site-packages/airflow/example_dags/example_kubernetes_executor.py
[2024-01-27T17:54:10.996+0100] {logging_mixin.py:188} WARNING - /home/ubuntu/.local/lib/python3.10/site-packages/airflow/serialization/serialized_objects.py:1563 DeprecationWarning: This module is deprecated. The `cncf.kubernetes` provider before version 7.4.0 uses this module - you should migrate to a newer version of `cncf.kubernetes` to get rid of this warning. If you import the module via `airflow.kubernetes` import, please use `cncf.kubernetes' provider 7.4.0+ and switch all your imports to use `apache.airflow.providers.cncf.kubernetes` to get rid of the warning.
[2024-01-27T17:54:11.100+0100] {logging_mixin.py:188} INFO - [2024-01-27T17:54:11.099+0100] {dag.py:3033} INFO - Sync 1 DAGs
[2024-01-27T17:54:11.112+0100] {logging_mixin.py:188} INFO - [2024-01-27T17:54:11.112+0100] {dag.py:3820} INFO - Setting next_dagrun for example_kubernetes_executor to None, run_after=None
[2024-01-27T17:54:11.264+0100] {processor.py:183} INFO - Processing /home/ubuntu/.local/lib/python3.10/site-packages/airflow/example_dags/example_kubernetes_executor.py took 3.706 seconds
[2024-01-27T17:55:27.903+0100] {processor.py:161} INFO - Started process (PID=8409) to work on /home/ubuntu/.local/lib/python3.10/site-packages/airflow/example_dags/example_kubernetes_executor.py
[2024-01-27T17:55:27.911+0100] {processor.py:830} INFO - Processing file /home/ubuntu/.local/lib/python3.10/site-packages/airflow/example_dags/example_kubernetes_executor.py for tasks to queue
[2024-01-27T17:55:27.914+0100] {logging_mixin.py:188} INFO - [2024-01-27T17:55:27.913+0100] {dagbag.py:538} INFO - Filling up the DagBag from /home/ubuntu/.local/lib/python3.10/site-packages/airflow/example_dags/example_kubernetes_executor.py
[2024-01-27T17:55:28.447+0100] {processor.py:840} INFO - DAG(s) 'example_kubernetes_executor' retrieved from /home/ubuntu/.local/lib/python3.10/site-packages/airflow/example_dags/example_kubernetes_executor.py
[2024-01-27T17:55:28.471+0100] {logging_mixin.py:188} WARNING - /home/ubuntu/.local/lib/python3.10/site-packages/airflow/serialization/serialized_objects.py:1563 DeprecationWarning: This module is deprecated. The `cncf.kubernetes` provider before version 7.4.0 uses this module - you should migrate to a newer version of `cncf.kubernetes` to get rid of this warning. If you import the module via `airflow.kubernetes` import, please use `cncf.kubernetes' provider 7.4.0+ and switch all your imports to use `apache.airflow.providers.cncf.kubernetes` to get rid of the warning.
[2024-01-27T17:55:28.491+0100] {logging_mixin.py:188} INFO - [2024-01-27T17:55:28.490+0100] {dag.py:3033} INFO - Sync 1 DAGs
[2024-01-27T17:55:28.503+0100] {logging_mixin.py:188} INFO - [2024-01-27T17:55:28.503+0100] {dag.py:3820} INFO - Setting next_dagrun for example_kubernetes_executor to None, run_after=None
[2024-01-27T17:55:28.651+0100] {processor.py:183} INFO - Processing /home/ubuntu/.local/lib/python3.10/site-packages/airflow/example_dags/example_kubernetes_executor.py took 0.752 seconds
[2024-01-27T17:56:45.606+0100] {processor.py:161} INFO - Started process (PID=8474) to work on /home/ubuntu/.local/lib/python3.10/site-packages/airflow/example_dags/example_kubernetes_executor.py
[2024-01-27T17:56:45.608+0100] {processor.py:830} INFO - Processing file /home/ubuntu/.local/lib/python3.10/site-packages/airflow/example_dags/example_kubernetes_executor.py for tasks to queue
[2024-01-27T17:56:45.609+0100] {logging_mixin.py:188} INFO - [2024-01-27T17:56:45.609+0100] {dagbag.py:538} INFO - Filling up the DagBag from /home/ubuntu/.local/lib/python3.10/site-packages/airflow/example_dags/example_kubernetes_executor.py
[2024-01-27T17:56:46.057+0100] {processor.py:840} INFO - DAG(s) 'example_kubernetes_executor' retrieved from /home/ubuntu/.local/lib/python3.10/site-packages/airflow/example_dags/example_kubernetes_executor.py
[2024-01-27T17:56:46.071+0100] {logging_mixin.py:188} WARNING - /home/ubuntu/.local/lib/python3.10/site-packages/airflow/serialization/serialized_objects.py:1563 DeprecationWarning: This module is deprecated. The `cncf.kubernetes` provider before version 7.4.0 uses this module - you should migrate to a newer version of `cncf.kubernetes` to get rid of this warning. If you import the module via `airflow.kubernetes` import, please use `cncf.kubernetes' provider 7.4.0+ and switch all your imports to use `apache.airflow.providers.cncf.kubernetes` to get rid of the warning.
[2024-01-27T17:56:46.085+0100] {logging_mixin.py:188} INFO - [2024-01-27T17:56:46.083+0100] {dag.py:3033} INFO - Sync 1 DAGs
[2024-01-27T17:56:46.098+0100] {logging_mixin.py:188} INFO - [2024-01-27T17:56:46.097+0100] {dag.py:3820} INFO - Setting next_dagrun for example_kubernetes_executor to None, run_after=None
[2024-01-27T17:56:46.241+0100] {processor.py:183} INFO - Processing /home/ubuntu/.local/lib/python3.10/site-packages/airflow/example_dags/example_kubernetes_executor.py took 0.640 seconds
[2024-01-27T17:57:57.016+0100] {processor.py:161} INFO - Started process (PID=8549) to work on /home/ubuntu/.local/lib/python3.10/site-packages/airflow/example_dags/example_kubernetes_executor.py
[2024-01-27T17:57:57.030+0100] {processor.py:830} INFO - Processing file /home/ubuntu/.local/lib/python3.10/site-packages/airflow/example_dags/example_kubernetes_executor.py for tasks to queue
[2024-01-27T17:57:57.031+0100] {logging_mixin.py:188} INFO - [2024-01-27T17:57:57.030+0100] {dagbag.py:538} INFO - Filling up the DagBag from /home/ubuntu/.local/lib/python3.10/site-packages/airflow/example_dags/example_kubernetes_executor.py
[2024-01-27T17:57:57.473+0100] {processor.py:840} INFO - DAG(s) 'example_kubernetes_executor' retrieved from /home/ubuntu/.local/lib/python3.10/site-packages/airflow/example_dags/example_kubernetes_executor.py
[2024-01-27T17:57:57.489+0100] {logging_mixin.py:188} WARNING - /home/ubuntu/.local/lib/python3.10/site-packages/airflow/serialization/serialized_objects.py:1563 DeprecationWarning: This module is deprecated. The `cncf.kubernetes` provider before version 7.4.0 uses this module - you should migrate to a newer version of `cncf.kubernetes` to get rid of this warning. If you import the module via `airflow.kubernetes` import, please use `cncf.kubernetes' provider 7.4.0+ and switch all your imports to use `apache.airflow.providers.cncf.kubernetes` to get rid of the warning.
[2024-01-27T17:57:57.500+0100] {logging_mixin.py:188} INFO - [2024-01-27T17:57:57.500+0100] {dag.py:3033} INFO - Sync 1 DAGs
[2024-01-27T17:57:57.512+0100] {logging_mixin.py:188} INFO - [2024-01-27T17:57:57.512+0100] {dag.py:3820} INFO - Setting next_dagrun for example_kubernetes_executor to None, run_after=None
[2024-01-27T17:57:57.676+0100] {processor.py:183} INFO - Processing /home/ubuntu/.local/lib/python3.10/site-packages/airflow/example_dags/example_kubernetes_executor.py took 0.672 seconds
[2024-01-27T17:59:10.389+0100] {processor.py:161} INFO - Started process (PID=8672) to work on /home/ubuntu/.local/lib/python3.10/site-packages/airflow/example_dags/example_kubernetes_executor.py
[2024-01-27T17:59:10.428+0100] {processor.py:830} INFO - Processing file /home/ubuntu/.local/lib/python3.10/site-packages/airflow/example_dags/example_kubernetes_executor.py for tasks to queue
[2024-01-27T17:59:10.429+0100] {logging_mixin.py:188} INFO - [2024-01-27T17:59:10.429+0100] {dagbag.py:538} INFO - Filling up the DagBag from /home/ubuntu/.local/lib/python3.10/site-packages/airflow/example_dags/example_kubernetes_executor.py
[2024-01-27T17:59:10.720+0100] {processor.py:840} INFO - DAG(s) 'example_kubernetes_executor' retrieved from /home/ubuntu/.local/lib/python3.10/site-packages/airflow/example_dags/example_kubernetes_executor.py
[2024-01-27T17:59:10.732+0100] {logging_mixin.py:188} WARNING - /home/ubuntu/.local/lib/python3.10/site-packages/airflow/serialization/serialized_objects.py:1563 DeprecationWarning: This module is deprecated. The `cncf.kubernetes` provider before version 7.4.0 uses this module - you should migrate to a newer version of `cncf.kubernetes` to get rid of this warning. If you import the module via `airflow.kubernetes` import, please use `cncf.kubernetes' provider 7.4.0+ and switch all your imports to use `apache.airflow.providers.cncf.kubernetes` to get rid of the warning.
[2024-01-27T17:59:10.742+0100] {logging_mixin.py:188} INFO - [2024-01-27T17:59:10.741+0100] {dag.py:3033} INFO - Sync 1 DAGs
[2024-01-27T17:59:10.753+0100] {logging_mixin.py:188} INFO - [2024-01-27T17:59:10.753+0100] {dag.py:3820} INFO - Setting next_dagrun for example_kubernetes_executor to None, run_after=None
[2024-01-27T17:59:10.905+0100] {processor.py:183} INFO - Processing /home/ubuntu/.local/lib/python3.10/site-packages/airflow/example_dags/example_kubernetes_executor.py took 0.520 seconds
[2024-01-27T18:00:22.518+0100] {processor.py:161} INFO - Started process (PID=8734) to work on /home/ubuntu/.local/lib/python3.10/site-packages/airflow/example_dags/example_kubernetes_executor.py
[2024-01-27T18:00:22.520+0100] {processor.py:830} INFO - Processing file /home/ubuntu/.local/lib/python3.10/site-packages/airflow/example_dags/example_kubernetes_executor.py for tasks to queue
[2024-01-27T18:00:22.522+0100] {logging_mixin.py:188} INFO - [2024-01-27T18:00:22.522+0100] {dagbag.py:538} INFO - Filling up the DagBag from /home/ubuntu/.local/lib/python3.10/site-packages/airflow/example_dags/example_kubernetes_executor.py
[2024-01-27T18:00:23.144+0100] {processor.py:840} INFO - DAG(s) 'example_kubernetes_executor' retrieved from /home/ubuntu/.local/lib/python3.10/site-packages/airflow/example_dags/example_kubernetes_executor.py
[2024-01-27T18:00:23.155+0100] {logging_mixin.py:188} WARNING - /home/ubuntu/.local/lib/python3.10/site-packages/airflow/serialization/serialized_objects.py:1563 DeprecationWarning: This module is deprecated. The `cncf.kubernetes` provider before version 7.4.0 uses this module - you should migrate to a newer version of `cncf.kubernetes` to get rid of this warning. If you import the module via `airflow.kubernetes` import, please use `cncf.kubernetes' provider 7.4.0+ and switch all your imports to use `apache.airflow.providers.cncf.kubernetes` to get rid of the warning.
[2024-01-27T18:00:23.164+0100] {logging_mixin.py:188} INFO - [2024-01-27T18:00:23.163+0100] {dag.py:3033} INFO - Sync 1 DAGs
[2024-01-27T18:00:23.173+0100] {logging_mixin.py:188} INFO - [2024-01-27T18:00:23.173+0100] {dag.py:3820} INFO - Setting next_dagrun for example_kubernetes_executor to None, run_after=None
[2024-01-27T18:00:23.243+0100] {processor.py:183} INFO - Processing /home/ubuntu/.local/lib/python3.10/site-packages/airflow/example_dags/example_kubernetes_executor.py took 0.755 seconds
[2024-01-27T18:01:32.170+0100] {processor.py:161} INFO - Started process (PID=8796) to work on /home/ubuntu/.local/lib/python3.10/site-packages/airflow/example_dags/example_kubernetes_executor.py
[2024-01-27T18:01:32.173+0100] {processor.py:830} INFO - Processing file /home/ubuntu/.local/lib/python3.10/site-packages/airflow/example_dags/example_kubernetes_executor.py for tasks to queue
[2024-01-27T18:01:32.175+0100] {logging_mixin.py:188} INFO - [2024-01-27T18:01:32.174+0100] {dagbag.py:538} INFO - Filling up the DagBag from /home/ubuntu/.local/lib/python3.10/site-packages/airflow/example_dags/example_kubernetes_executor.py
[2024-01-27T18:01:32.690+0100] {processor.py:840} INFO - DAG(s) 'example_kubernetes_executor' retrieved from /home/ubuntu/.local/lib/python3.10/site-packages/airflow/example_dags/example_kubernetes_executor.py
[2024-01-27T18:01:32.702+0100] {logging_mixin.py:188} WARNING - /home/ubuntu/.local/lib/python3.10/site-packages/airflow/serialization/serialized_objects.py:1563 DeprecationWarning: This module is deprecated. The `cncf.kubernetes` provider before version 7.4.0 uses this module - you should migrate to a newer version of `cncf.kubernetes` to get rid of this warning. If you import the module via `airflow.kubernetes` import, please use `cncf.kubernetes' provider 7.4.0+ and switch all your imports to use `apache.airflow.providers.cncf.kubernetes` to get rid of the warning.
[2024-01-27T18:01:32.720+0100] {logging_mixin.py:188} INFO - [2024-01-27T18:01:32.720+0100] {dag.py:3033} INFO - Sync 1 DAGs
[2024-01-27T18:01:32.731+0100] {logging_mixin.py:188} INFO - [2024-01-27T18:01:32.731+0100] {dag.py:3820} INFO - Setting next_dagrun for example_kubernetes_executor to None, run_after=None
[2024-01-27T18:01:32.770+0100] {processor.py:183} INFO - Processing /home/ubuntu/.local/lib/python3.10/site-packages/airflow/example_dags/example_kubernetes_executor.py took 0.604 seconds
[2024-01-27T18:04:06.944+0100] {processor.py:161} INFO - Started process (PID=8897) to work on /home/ubuntu/.local/lib/python3.10/site-packages/airflow/example_dags/example_kubernetes_executor.py
[2024-01-27T18:04:06.972+0100] {processor.py:830} INFO - Processing file /home/ubuntu/.local/lib/python3.10/site-packages/airflow/example_dags/example_kubernetes_executor.py for tasks to queue
[2024-01-27T18:04:06.974+0100] {logging_mixin.py:188} INFO - [2024-01-27T18:04:06.973+0100] {dagbag.py:538} INFO - Filling up the DagBag from /home/ubuntu/.local/lib/python3.10/site-packages/airflow/example_dags/example_kubernetes_executor.py
[2024-01-27T18:04:08.650+0100] {processor.py:840} INFO - DAG(s) 'example_kubernetes_executor' retrieved from /home/ubuntu/.local/lib/python3.10/site-packages/airflow/example_dags/example_kubernetes_executor.py
[2024-01-27T18:04:08.675+0100] {logging_mixin.py:188} WARNING - /home/ubuntu/.local/lib/python3.10/site-packages/airflow/serialization/serialized_objects.py:1563 DeprecationWarning: This module is deprecated. The `cncf.kubernetes` provider before version 7.4.0 uses this module - you should migrate to a newer version of `cncf.kubernetes` to get rid of this warning. If you import the module via `airflow.kubernetes` import, please use `cncf.kubernetes' provider 7.4.0+ and switch all your imports to use `apache.airflow.providers.cncf.kubernetes` to get rid of the warning.
[2024-01-27T18:04:08.717+0100] {logging_mixin.py:188} INFO - [2024-01-27T18:04:08.716+0100] {dag.py:3033} INFO - Sync 1 DAGs
[2024-01-27T18:04:08.736+0100] {logging_mixin.py:188} INFO - [2024-01-27T18:04:08.736+0100] {dag.py:3820} INFO - Setting next_dagrun for example_kubernetes_executor to None, run_after=None
[2024-01-27T18:04:08.919+0100] {processor.py:183} INFO - Processing /home/ubuntu/.local/lib/python3.10/site-packages/airflow/example_dags/example_kubernetes_executor.py took 1.982 seconds
[2024-01-27T18:07:44.269+0100] {processor.py:161} INFO - Started process (PID=9001) to work on /home/ubuntu/.local/lib/python3.10/site-packages/airflow/example_dags/example_kubernetes_executor.py
[2024-01-27T18:07:44.341+0100] {processor.py:830} INFO - Processing file /home/ubuntu/.local/lib/python3.10/site-packages/airflow/example_dags/example_kubernetes_executor.py for tasks to queue
[2024-01-27T18:07:44.351+0100] {logging_mixin.py:188} INFO - [2024-01-27T18:07:44.343+0100] {dagbag.py:538} INFO - Filling up the DagBag from /home/ubuntu/.local/lib/python3.10/site-packages/airflow/example_dags/example_kubernetes_executor.py
[2024-01-27T18:07:48.180+0100] {processor.py:840} INFO - DAG(s) 'example_kubernetes_executor' retrieved from /home/ubuntu/.local/lib/python3.10/site-packages/airflow/example_dags/example_kubernetes_executor.py
[2024-01-27T18:07:48.201+0100] {logging_mixin.py:188} WARNING - /home/ubuntu/.local/lib/python3.10/site-packages/airflow/serialization/serialized_objects.py:1563 DeprecationWarning: This module is deprecated. The `cncf.kubernetes` provider before version 7.4.0 uses this module - you should migrate to a newer version of `cncf.kubernetes` to get rid of this warning. If you import the module via `airflow.kubernetes` import, please use `cncf.kubernetes' provider 7.4.0+ and switch all your imports to use `apache.airflow.providers.cncf.kubernetes` to get rid of the warning.
[2024-01-27T18:07:48.218+0100] {logging_mixin.py:188} INFO - [2024-01-27T18:07:48.217+0100] {dag.py:3033} INFO - Sync 1 DAGs
[2024-01-27T18:07:48.234+0100] {logging_mixin.py:188} INFO - [2024-01-27T18:07:48.233+0100] {dag.py:3820} INFO - Setting next_dagrun for example_kubernetes_executor to None, run_after=None
[2024-01-27T18:07:48.711+0100] {processor.py:183} INFO - Processing /home/ubuntu/.local/lib/python3.10/site-packages/airflow/example_dags/example_kubernetes_executor.py took 4.508 seconds
[2024-01-27T18:11:23.858+0100] {processor.py:161} INFO - Started process (PID=9158) to work on /home/ubuntu/.local/lib/python3.10/site-packages/airflow/example_dags/example_kubernetes_executor.py
[2024-01-27T18:11:23.878+0100] {processor.py:830} INFO - Processing file /home/ubuntu/.local/lib/python3.10/site-packages/airflow/example_dags/example_kubernetes_executor.py for tasks to queue
[2024-01-27T18:11:23.881+0100] {logging_mixin.py:188} INFO - [2024-01-27T18:11:23.879+0100] {dagbag.py:538} INFO - Filling up the DagBag from /home/ubuntu/.local/lib/python3.10/site-packages/airflow/example_dags/example_kubernetes_executor.py
[2024-01-27T18:11:25.700+0100] {processor.py:840} INFO - DAG(s) 'example_kubernetes_executor' retrieved from /home/ubuntu/.local/lib/python3.10/site-packages/airflow/example_dags/example_kubernetes_executor.py
[2024-01-27T18:11:25.726+0100] {logging_mixin.py:188} WARNING - /home/ubuntu/.local/lib/python3.10/site-packages/airflow/serialization/serialized_objects.py:1563 DeprecationWarning: This module is deprecated. The `cncf.kubernetes` provider before version 7.4.0 uses this module - you should migrate to a newer version of `cncf.kubernetes` to get rid of this warning. If you import the module via `airflow.kubernetes` import, please use `cncf.kubernetes' provider 7.4.0+ and switch all your imports to use `apache.airflow.providers.cncf.kubernetes` to get rid of the warning.
[2024-01-27T18:11:25.745+0100] {logging_mixin.py:188} INFO - [2024-01-27T18:11:25.744+0100] {dag.py:3033} INFO - Sync 1 DAGs
[2024-01-27T18:11:25.764+0100] {logging_mixin.py:188} INFO - [2024-01-27T18:11:25.764+0100] {dag.py:3820} INFO - Setting next_dagrun for example_kubernetes_executor to None, run_after=None
[2024-01-27T18:11:26.448+0100] {processor.py:183} INFO - Processing /home/ubuntu/.local/lib/python3.10/site-packages/airflow/example_dags/example_kubernetes_executor.py took 2.606 seconds
[2024-01-27T18:14:48.986+0100] {processor.py:161} INFO - Started process (PID=9267) to work on /home/ubuntu/.local/lib/python3.10/site-packages/airflow/example_dags/example_kubernetes_executor.py
[2024-01-27T18:14:49.023+0100] {processor.py:830} INFO - Processing file /home/ubuntu/.local/lib/python3.10/site-packages/airflow/example_dags/example_kubernetes_executor.py for tasks to queue
[2024-01-27T18:14:49.032+0100] {logging_mixin.py:188} INFO - [2024-01-27T18:14:49.031+0100] {dagbag.py:538} INFO - Filling up the DagBag from /home/ubuntu/.local/lib/python3.10/site-packages/airflow/example_dags/example_kubernetes_executor.py
[2024-01-27T18:14:50.215+0100] {processor.py:840} INFO - DAG(s) 'example_kubernetes_executor' retrieved from /home/ubuntu/.local/lib/python3.10/site-packages/airflow/example_dags/example_kubernetes_executor.py
[2024-01-27T18:14:50.241+0100] {logging_mixin.py:188} WARNING - /home/ubuntu/.local/lib/python3.10/site-packages/airflow/serialization/serialized_objects.py:1563 DeprecationWarning: This module is deprecated. The `cncf.kubernetes` provider before version 7.4.0 uses this module - you should migrate to a newer version of `cncf.kubernetes` to get rid of this warning. If you import the module via `airflow.kubernetes` import, please use `cncf.kubernetes' provider 7.4.0+ and switch all your imports to use `apache.airflow.providers.cncf.kubernetes` to get rid of the warning.
[2024-01-27T18:14:50.274+0100] {logging_mixin.py:188} INFO - [2024-01-27T18:14:50.272+0100] {dag.py:3033} INFO - Sync 1 DAGs
[2024-01-27T18:14:50.304+0100] {logging_mixin.py:188} INFO - [2024-01-27T18:14:50.304+0100] {dag.py:3820} INFO - Setting next_dagrun for example_kubernetes_executor to None, run_after=None
[2024-01-27T18:14:51.023+0100] {processor.py:183} INFO - Processing /home/ubuntu/.local/lib/python3.10/site-packages/airflow/example_dags/example_kubernetes_executor.py took 2.041 seconds
[2024-01-27T18:18:19.898+0100] {processor.py:161} INFO - Started process (PID=9383) to work on /home/ubuntu/.local/lib/python3.10/site-packages/airflow/example_dags/example_kubernetes_executor.py
[2024-01-27T18:18:19.941+0100] {processor.py:830} INFO - Processing file /home/ubuntu/.local/lib/python3.10/site-packages/airflow/example_dags/example_kubernetes_executor.py for tasks to queue
[2024-01-27T18:18:19.951+0100] {logging_mixin.py:188} INFO - [2024-01-27T18:18:19.949+0100] {dagbag.py:538} INFO - Filling up the DagBag from /home/ubuntu/.local/lib/python3.10/site-packages/airflow/example_dags/example_kubernetes_executor.py
[2024-01-27T18:18:23.171+0100] {processor.py:840} INFO - DAG(s) 'example_kubernetes_executor' retrieved from /home/ubuntu/.local/lib/python3.10/site-packages/airflow/example_dags/example_kubernetes_executor.py
[2024-01-27T18:18:23.198+0100] {logging_mixin.py:188} WARNING - /home/ubuntu/.local/lib/python3.10/site-packages/airflow/serialization/serialized_objects.py:1563 DeprecationWarning: This module is deprecated. The `cncf.kubernetes` provider before version 7.4.0 uses this module - you should migrate to a newer version of `cncf.kubernetes` to get rid of this warning. If you import the module via `airflow.kubernetes` import, please use `cncf.kubernetes' provider 7.4.0+ and switch all your imports to use `apache.airflow.providers.cncf.kubernetes` to get rid of the warning.
[2024-01-27T18:18:23.333+0100] {logging_mixin.py:188} INFO - [2024-01-27T18:18:23.332+0100] {dag.py:3033} INFO - Sync 1 DAGs
[2024-01-27T18:18:23.358+0100] {logging_mixin.py:188} INFO - [2024-01-27T18:18:23.357+0100] {dag.py:3820} INFO - Setting next_dagrun for example_kubernetes_executor to None, run_after=None
[2024-01-27T18:18:23.869+0100] {processor.py:183} INFO - Processing /home/ubuntu/.local/lib/python3.10/site-packages/airflow/example_dags/example_kubernetes_executor.py took 4.163 seconds
[2024-01-27T18:21:53.107+0100] {processor.py:161} INFO - Started process (PID=9583) to work on /home/ubuntu/.local/lib/python3.10/site-packages/airflow/example_dags/example_kubernetes_executor.py
[2024-01-27T18:21:53.175+0100] {processor.py:830} INFO - Processing file /home/ubuntu/.local/lib/python3.10/site-packages/airflow/example_dags/example_kubernetes_executor.py for tasks to queue
[2024-01-27T18:21:53.177+0100] {logging_mixin.py:188} INFO - [2024-01-27T18:21:53.176+0100] {dagbag.py:538} INFO - Filling up the DagBag from /home/ubuntu/.local/lib/python3.10/site-packages/airflow/example_dags/example_kubernetes_executor.py
[2024-01-27T18:21:55.244+0100] {processor.py:840} INFO - DAG(s) 'example_kubernetes_executor' retrieved from /home/ubuntu/.local/lib/python3.10/site-packages/airflow/example_dags/example_kubernetes_executor.py
[2024-01-27T18:21:55.264+0100] {logging_mixin.py:188} WARNING - /home/ubuntu/.local/lib/python3.10/site-packages/airflow/serialization/serialized_objects.py:1563 DeprecationWarning: This module is deprecated. The `cncf.kubernetes` provider before version 7.4.0 uses this module - you should migrate to a newer version of `cncf.kubernetes` to get rid of this warning. If you import the module via `airflow.kubernetes` import, please use `cncf.kubernetes' provider 7.4.0+ and switch all your imports to use `apache.airflow.providers.cncf.kubernetes` to get rid of the warning.
[2024-01-27T18:21:55.290+0100] {logging_mixin.py:188} INFO - [2024-01-27T18:21:55.289+0100] {dag.py:3033} INFO - Sync 1 DAGs
[2024-01-27T18:21:55.339+0100] {logging_mixin.py:188} INFO - [2024-01-27T18:21:55.332+0100] {dag.py:3820} INFO - Setting next_dagrun for example_kubernetes_executor to None, run_after=None
[2024-01-27T18:21:55.943+0100] {processor.py:183} INFO - Processing /home/ubuntu/.local/lib/python3.10/site-packages/airflow/example_dags/example_kubernetes_executor.py took 2.867 seconds
[2024-01-27T18:25:42.426+0100] {processor.py:161} INFO - Started process (PID=9782) to work on /home/ubuntu/.local/lib/python3.10/site-packages/airflow/example_dags/example_kubernetes_executor.py
[2024-01-27T18:25:42.434+0100] {processor.py:830} INFO - Processing file /home/ubuntu/.local/lib/python3.10/site-packages/airflow/example_dags/example_kubernetes_executor.py for tasks to queue
[2024-01-27T18:25:42.442+0100] {logging_mixin.py:188} INFO - [2024-01-27T18:25:42.438+0100] {dagbag.py:538} INFO - Filling up the DagBag from /home/ubuntu/.local/lib/python3.10/site-packages/airflow/example_dags/example_kubernetes_executor.py
[2024-01-27T18:25:45.688+0100] {processor.py:840} INFO - DAG(s) 'example_kubernetes_executor' retrieved from /home/ubuntu/.local/lib/python3.10/site-packages/airflow/example_dags/example_kubernetes_executor.py
[2024-01-27T18:25:45.758+0100] {logging_mixin.py:188} WARNING - /home/ubuntu/.local/lib/python3.10/site-packages/airflow/serialization/serialized_objects.py:1563 DeprecationWarning: This module is deprecated. The `cncf.kubernetes` provider before version 7.4.0 uses this module - you should migrate to a newer version of `cncf.kubernetes` to get rid of this warning. If you import the module via `airflow.kubernetes` import, please use `cncf.kubernetes' provider 7.4.0+ and switch all your imports to use `apache.airflow.providers.cncf.kubernetes` to get rid of the warning.
[2024-01-27T18:25:45.887+0100] {logging_mixin.py:188} INFO - [2024-01-27T18:25:45.886+0100] {dag.py:3033} INFO - Sync 1 DAGs
[2024-01-27T18:25:46.105+0100] {logging_mixin.py:188} INFO - [2024-01-27T18:25:46.105+0100] {dag.py:3820} INFO - Setting next_dagrun for example_kubernetes_executor to None, run_after=None
[2024-01-27T18:25:46.795+0100] {processor.py:183} INFO - Processing /home/ubuntu/.local/lib/python3.10/site-packages/airflow/example_dags/example_kubernetes_executor.py took 4.407 seconds
[2024-01-27T18:34:29.046+0100] {processor.py:161} INFO - Started process (PID=10038) to work on /home/ubuntu/.local/lib/python3.10/site-packages/airflow/example_dags/example_kubernetes_executor.py
[2024-01-27T18:34:29.174+0100] {processor.py:830} INFO - Processing file /home/ubuntu/.local/lib/python3.10/site-packages/airflow/example_dags/example_kubernetes_executor.py for tasks to queue
[2024-01-27T18:34:29.177+0100] {logging_mixin.py:188} INFO - [2024-01-27T18:34:29.176+0100] {dagbag.py:538} INFO - Filling up the DagBag from /home/ubuntu/.local/lib/python3.10/site-packages/airflow/example_dags/example_kubernetes_executor.py
[2024-01-27T18:34:31.082+0100] {processor.py:840} INFO - DAG(s) 'example_kubernetes_executor' retrieved from /home/ubuntu/.local/lib/python3.10/site-packages/airflow/example_dags/example_kubernetes_executor.py
[2024-01-27T18:34:31.109+0100] {logging_mixin.py:188} WARNING - /home/ubuntu/.local/lib/python3.10/site-packages/airflow/serialization/serialized_objects.py:1563 DeprecationWarning: This module is deprecated. The `cncf.kubernetes` provider before version 7.4.0 uses this module - you should migrate to a newer version of `cncf.kubernetes` to get rid of this warning. If you import the module via `airflow.kubernetes` import, please use `cncf.kubernetes' provider 7.4.0+ and switch all your imports to use `apache.airflow.providers.cncf.kubernetes` to get rid of the warning.
[2024-01-27T18:34:31.130+0100] {logging_mixin.py:188} INFO - [2024-01-27T18:34:31.129+0100] {dag.py:3033} INFO - Sync 1 DAGs
[2024-01-27T18:34:31.148+0100] {logging_mixin.py:188} INFO - [2024-01-27T18:34:31.148+0100] {dag.py:3820} INFO - Setting next_dagrun for example_kubernetes_executor to None, run_after=None
[2024-01-27T18:34:31.739+0100] {processor.py:183} INFO - Processing /home/ubuntu/.local/lib/python3.10/site-packages/airflow/example_dags/example_kubernetes_executor.py took 2.700 seconds
[2024-01-27T18:37:59.598+0100] {processor.py:161} INFO - Started process (PID=10178) to work on /home/ubuntu/.local/lib/python3.10/site-packages/airflow/example_dags/example_kubernetes_executor.py
[2024-01-27T18:37:59.630+0100] {processor.py:830} INFO - Processing file /home/ubuntu/.local/lib/python3.10/site-packages/airflow/example_dags/example_kubernetes_executor.py for tasks to queue
[2024-01-27T18:37:59.654+0100] {logging_mixin.py:188} INFO - [2024-01-27T18:37:59.632+0100] {dagbag.py:538} INFO - Filling up the DagBag from /home/ubuntu/.local/lib/python3.10/site-packages/airflow/example_dags/example_kubernetes_executor.py
[2024-01-27T18:38:01.201+0100] {processor.py:840} INFO - DAG(s) 'example_kubernetes_executor' retrieved from /home/ubuntu/.local/lib/python3.10/site-packages/airflow/example_dags/example_kubernetes_executor.py
[2024-01-27T18:38:01.311+0100] {logging_mixin.py:188} WARNING - /home/ubuntu/.local/lib/python3.10/site-packages/airflow/serialization/serialized_objects.py:1563 DeprecationWarning: This module is deprecated. The `cncf.kubernetes` provider before version 7.4.0 uses this module - you should migrate to a newer version of `cncf.kubernetes` to get rid of this warning. If you import the module via `airflow.kubernetes` import, please use `cncf.kubernetes' provider 7.4.0+ and switch all your imports to use `apache.airflow.providers.cncf.kubernetes` to get rid of the warning.
[2024-01-27T18:38:01.371+0100] {logging_mixin.py:188} INFO - [2024-01-27T18:38:01.370+0100] {dag.py:3033} INFO - Sync 1 DAGs
[2024-01-27T18:38:01.457+0100] {logging_mixin.py:188} INFO - [2024-01-27T18:38:01.456+0100] {dag.py:3820} INFO - Setting next_dagrun for example_kubernetes_executor to None, run_after=None
[2024-01-27T18:38:01.799+0100] {processor.py:183} INFO - Processing /home/ubuntu/.local/lib/python3.10/site-packages/airflow/example_dags/example_kubernetes_executor.py took 2.207 seconds
[2024-01-27T18:41:25.808+0100] {processor.py:161} INFO - Started process (PID=10299) to work on /home/ubuntu/.local/lib/python3.10/site-packages/airflow/example_dags/example_kubernetes_executor.py
[2024-01-27T18:41:25.907+0100] {processor.py:830} INFO - Processing file /home/ubuntu/.local/lib/python3.10/site-packages/airflow/example_dags/example_kubernetes_executor.py for tasks to queue
[2024-01-27T18:41:25.924+0100] {logging_mixin.py:188} INFO - [2024-01-27T18:41:25.916+0100] {dagbag.py:538} INFO - Filling up the DagBag from /home/ubuntu/.local/lib/python3.10/site-packages/airflow/example_dags/example_kubernetes_executor.py
[2024-01-27T18:41:28.407+0100] {processor.py:840} INFO - DAG(s) 'example_kubernetes_executor' retrieved from /home/ubuntu/.local/lib/python3.10/site-packages/airflow/example_dags/example_kubernetes_executor.py
[2024-01-27T18:41:28.494+0100] {logging_mixin.py:188} WARNING - /home/ubuntu/.local/lib/python3.10/site-packages/airflow/serialization/serialized_objects.py:1563 DeprecationWarning: This module is deprecated. The `cncf.kubernetes` provider before version 7.4.0 uses this module - you should migrate to a newer version of `cncf.kubernetes` to get rid of this warning. If you import the module via `airflow.kubernetes` import, please use `cncf.kubernetes' provider 7.4.0+ and switch all your imports to use `apache.airflow.providers.cncf.kubernetes` to get rid of the warning.
[2024-01-27T18:41:28.653+0100] {logging_mixin.py:188} INFO - [2024-01-27T18:41:28.652+0100] {dag.py:3033} INFO - Sync 1 DAGs
[2024-01-27T18:41:28.822+0100] {logging_mixin.py:188} INFO - [2024-01-27T18:41:28.822+0100] {dag.py:3820} INFO - Setting next_dagrun for example_kubernetes_executor to None, run_after=None
[2024-01-27T18:41:29.680+0100] {processor.py:183} INFO - Processing /home/ubuntu/.local/lib/python3.10/site-packages/airflow/example_dags/example_kubernetes_executor.py took 3.908 seconds
[2024-01-27T18:45:24.490+0100] {processor.py:161} INFO - Started process (PID=10431) to work on /home/ubuntu/.local/lib/python3.10/site-packages/airflow/example_dags/example_kubernetes_executor.py
[2024-01-27T18:45:24.522+0100] {processor.py:830} INFO - Processing file /home/ubuntu/.local/lib/python3.10/site-packages/airflow/example_dags/example_kubernetes_executor.py for tasks to queue
[2024-01-27T18:45:24.568+0100] {logging_mixin.py:188} INFO - [2024-01-27T18:45:24.567+0100] {dagbag.py:538} INFO - Filling up the DagBag from /home/ubuntu/.local/lib/python3.10/site-packages/airflow/example_dags/example_kubernetes_executor.py
[2024-01-27T18:45:25.470+0100] {processor.py:840} INFO - DAG(s) 'example_kubernetes_executor' retrieved from /home/ubuntu/.local/lib/python3.10/site-packages/airflow/example_dags/example_kubernetes_executor.py
[2024-01-27T18:45:25.500+0100] {logging_mixin.py:188} WARNING - /home/ubuntu/.local/lib/python3.10/site-packages/airflow/serialization/serialized_objects.py:1563 DeprecationWarning: This module is deprecated. The `cncf.kubernetes` provider before version 7.4.0 uses this module - you should migrate to a newer version of `cncf.kubernetes` to get rid of this warning. If you import the module via `airflow.kubernetes` import, please use `cncf.kubernetes' provider 7.4.0+ and switch all your imports to use `apache.airflow.providers.cncf.kubernetes` to get rid of the warning.
[2024-01-27T18:45:25.519+0100] {logging_mixin.py:188} INFO - [2024-01-27T18:45:25.518+0100] {dag.py:3033} INFO - Sync 1 DAGs
[2024-01-27T18:45:25.536+0100] {logging_mixin.py:188} INFO - [2024-01-27T18:45:25.536+0100] {dag.py:3820} INFO - Setting next_dagrun for example_kubernetes_executor to None, run_after=None
[2024-01-27T18:45:26.242+0100] {processor.py:183} INFO - Processing /home/ubuntu/.local/lib/python3.10/site-packages/airflow/example_dags/example_kubernetes_executor.py took 1.787 seconds
[2024-01-27T18:48:58.310+0100] {processor.py:161} INFO - Started process (PID=10666) to work on /home/ubuntu/.local/lib/python3.10/site-packages/airflow/example_dags/example_kubernetes_executor.py
[2024-01-27T18:48:58.368+0100] {processor.py:830} INFO - Processing file /home/ubuntu/.local/lib/python3.10/site-packages/airflow/example_dags/example_kubernetes_executor.py for tasks to queue
[2024-01-27T18:48:58.369+0100] {logging_mixin.py:188} INFO - [2024-01-27T18:48:58.368+0100] {dagbag.py:538} INFO - Filling up the DagBag from /home/ubuntu/.local/lib/python3.10/site-packages/airflow/example_dags/example_kubernetes_executor.py
[2024-01-27T18:48:59.270+0100] {processor.py:840} INFO - DAG(s) 'example_kubernetes_executor' retrieved from /home/ubuntu/.local/lib/python3.10/site-packages/airflow/example_dags/example_kubernetes_executor.py
[2024-01-27T18:48:59.304+0100] {logging_mixin.py:188} WARNING - /home/ubuntu/.local/lib/python3.10/site-packages/airflow/serialization/serialized_objects.py:1563 DeprecationWarning: This module is deprecated. The `cncf.kubernetes` provider before version 7.4.0 uses this module - you should migrate to a newer version of `cncf.kubernetes` to get rid of this warning. If you import the module via `airflow.kubernetes` import, please use `cncf.kubernetes' provider 7.4.0+ and switch all your imports to use `apache.airflow.providers.cncf.kubernetes` to get rid of the warning.
[2024-01-27T18:48:59.436+0100] {logging_mixin.py:188} INFO - [2024-01-27T18:48:59.423+0100] {dag.py:3033} INFO - Sync 1 DAGs
[2024-01-27T18:48:59.503+0100] {logging_mixin.py:188} INFO - [2024-01-27T18:48:59.503+0100] {dag.py:3820} INFO - Setting next_dagrun for example_kubernetes_executor to None, run_after=None
[2024-01-27T18:49:00.008+0100] {processor.py:183} INFO - Processing /home/ubuntu/.local/lib/python3.10/site-packages/airflow/example_dags/example_kubernetes_executor.py took 1.726 seconds
[2024-01-27T18:52:23.477+0100] {processor.py:161} INFO - Started process (PID=10776) to work on /home/ubuntu/.local/lib/python3.10/site-packages/airflow/example_dags/example_kubernetes_executor.py
[2024-01-27T18:52:23.563+0100] {processor.py:830} INFO - Processing file /home/ubuntu/.local/lib/python3.10/site-packages/airflow/example_dags/example_kubernetes_executor.py for tasks to queue
[2024-01-27T18:52:23.571+0100] {logging_mixin.py:188} INFO - [2024-01-27T18:52:23.565+0100] {dagbag.py:538} INFO - Filling up the DagBag from /home/ubuntu/.local/lib/python3.10/site-packages/airflow/example_dags/example_kubernetes_executor.py
[2024-01-27T18:52:25.303+0100] {processor.py:840} INFO - DAG(s) 'example_kubernetes_executor' retrieved from /home/ubuntu/.local/lib/python3.10/site-packages/airflow/example_dags/example_kubernetes_executor.py
[2024-01-27T18:52:25.411+0100] {logging_mixin.py:188} WARNING - /home/ubuntu/.local/lib/python3.10/site-packages/airflow/serialization/serialized_objects.py:1563 DeprecationWarning: This module is deprecated. The `cncf.kubernetes` provider before version 7.4.0 uses this module - you should migrate to a newer version of `cncf.kubernetes` to get rid of this warning. If you import the module via `airflow.kubernetes` import, please use `cncf.kubernetes' provider 7.4.0+ and switch all your imports to use `apache.airflow.providers.cncf.kubernetes` to get rid of the warning.
[2024-01-27T18:52:25.458+0100] {logging_mixin.py:188} INFO - [2024-01-27T18:52:25.457+0100] {dag.py:3033} INFO - Sync 1 DAGs
[2024-01-27T18:52:25.622+0100] {logging_mixin.py:188} INFO - [2024-01-27T18:52:25.621+0100] {dag.py:3820} INFO - Setting next_dagrun for example_kubernetes_executor to None, run_after=None
[2024-01-27T18:52:26.262+0100] {processor.py:183} INFO - Processing /home/ubuntu/.local/lib/python3.10/site-packages/airflow/example_dags/example_kubernetes_executor.py took 2.838 seconds
[2024-01-27T18:57:35.436+0100] {processor.py:161} INFO - Started process (PID=10900) to work on /home/ubuntu/.local/lib/python3.10/site-packages/airflow/example_dags/example_kubernetes_executor.py
[2024-01-27T18:57:35.483+0100] {processor.py:830} INFO - Processing file /home/ubuntu/.local/lib/python3.10/site-packages/airflow/example_dags/example_kubernetes_executor.py for tasks to queue
[2024-01-27T18:57:35.497+0100] {logging_mixin.py:188} INFO - [2024-01-27T18:57:35.485+0100] {dagbag.py:538} INFO - Filling up the DagBag from /home/ubuntu/.local/lib/python3.10/site-packages/airflow/example_dags/example_kubernetes_executor.py
[2024-01-27T18:57:38.128+0100] {processor.py:840} INFO - DAG(s) 'example_kubernetes_executor' retrieved from /home/ubuntu/.local/lib/python3.10/site-packages/airflow/example_dags/example_kubernetes_executor.py
[2024-01-27T18:57:38.168+0100] {logging_mixin.py:188} WARNING - /home/ubuntu/.local/lib/python3.10/site-packages/airflow/serialization/serialized_objects.py:1563 DeprecationWarning: This module is deprecated. The `cncf.kubernetes` provider before version 7.4.0 uses this module - you should migrate to a newer version of `cncf.kubernetes` to get rid of this warning. If you import the module via `airflow.kubernetes` import, please use `cncf.kubernetes' provider 7.4.0+ and switch all your imports to use `apache.airflow.providers.cncf.kubernetes` to get rid of the warning.
[2024-01-27T18:57:38.205+0100] {logging_mixin.py:188} INFO - [2024-01-27T18:57:38.204+0100] {dag.py:3033} INFO - Sync 1 DAGs
[2024-01-27T18:57:38.232+0100] {logging_mixin.py:188} INFO - [2024-01-27T18:57:38.232+0100] {dag.py:3820} INFO - Setting next_dagrun for example_kubernetes_executor to None, run_after=None
[2024-01-27T18:57:38.516+0100] {processor.py:183} INFO - Processing /home/ubuntu/.local/lib/python3.10/site-packages/airflow/example_dags/example_kubernetes_executor.py took 3.107 seconds
[2024-01-27T19:01:50.026+0100] {processor.py:161} INFO - Started process (PID=11030) to work on /home/ubuntu/.local/lib/python3.10/site-packages/airflow/example_dags/example_kubernetes_executor.py
[2024-01-27T19:01:50.066+0100] {processor.py:830} INFO - Processing file /home/ubuntu/.local/lib/python3.10/site-packages/airflow/example_dags/example_kubernetes_executor.py for tasks to queue
[2024-01-27T19:01:50.093+0100] {logging_mixin.py:188} INFO - [2024-01-27T19:01:50.092+0100] {dagbag.py:538} INFO - Filling up the DagBag from /home/ubuntu/.local/lib/python3.10/site-packages/airflow/example_dags/example_kubernetes_executor.py
[2024-01-27T19:01:52.749+0100] {processor.py:840} INFO - DAG(s) 'example_kubernetes_executor' retrieved from /home/ubuntu/.local/lib/python3.10/site-packages/airflow/example_dags/example_kubernetes_executor.py
[2024-01-27T19:01:52.948+0100] {logging_mixin.py:188} WARNING - /home/ubuntu/.local/lib/python3.10/site-packages/airflow/serialization/serialized_objects.py:1563 DeprecationWarning: This module is deprecated. The `cncf.kubernetes` provider before version 7.4.0 uses this module - you should migrate to a newer version of `cncf.kubernetes` to get rid of this warning. If you import the module via `airflow.kubernetes` import, please use `cncf.kubernetes' provider 7.4.0+ and switch all your imports to use `apache.airflow.providers.cncf.kubernetes` to get rid of the warning.
[2024-01-27T19:01:53.053+0100] {logging_mixin.py:188} INFO - [2024-01-27T19:01:53.051+0100] {dag.py:3033} INFO - Sync 1 DAGs
[2024-01-27T19:01:53.084+0100] {logging_mixin.py:188} INFO - [2024-01-27T19:01:53.083+0100] {dag.py:3820} INFO - Setting next_dagrun for example_kubernetes_executor to None, run_after=None
[2024-01-27T19:01:53.695+0100] {processor.py:183} INFO - Processing /home/ubuntu/.local/lib/python3.10/site-packages/airflow/example_dags/example_kubernetes_executor.py took 3.715 seconds
[2024-01-27T19:06:17.786+0100] {processor.py:161} INFO - Started process (PID=11141) to work on /home/ubuntu/.local/lib/python3.10/site-packages/airflow/example_dags/example_kubernetes_executor.py
[2024-01-27T19:06:17.844+0100] {processor.py:830} INFO - Processing file /home/ubuntu/.local/lib/python3.10/site-packages/airflow/example_dags/example_kubernetes_executor.py for tasks to queue
[2024-01-27T19:06:17.854+0100] {logging_mixin.py:188} INFO - [2024-01-27T19:06:17.852+0100] {dagbag.py:538} INFO - Filling up the DagBag from /home/ubuntu/.local/lib/python3.10/site-packages/airflow/example_dags/example_kubernetes_executor.py
[2024-01-27T19:06:20.186+0100] {processor.py:840} INFO - DAG(s) 'example_kubernetes_executor' retrieved from /home/ubuntu/.local/lib/python3.10/site-packages/airflow/example_dags/example_kubernetes_executor.py
[2024-01-27T19:06:20.509+0100] {logging_mixin.py:188} WARNING - /home/ubuntu/.local/lib/python3.10/site-packages/airflow/serialization/serialized_objects.py:1563 DeprecationWarning: This module is deprecated. The `cncf.kubernetes` provider before version 7.4.0 uses this module - you should migrate to a newer version of `cncf.kubernetes` to get rid of this warning. If you import the module via `airflow.kubernetes` import, please use `cncf.kubernetes' provider 7.4.0+ and switch all your imports to use `apache.airflow.providers.cncf.kubernetes` to get rid of the warning.
[2024-01-27T19:06:20.637+0100] {logging_mixin.py:188} INFO - [2024-01-27T19:06:20.636+0100] {dag.py:3033} INFO - Sync 1 DAGs
[2024-01-27T19:06:20.748+0100] {logging_mixin.py:188} INFO - [2024-01-27T19:06:20.747+0100] {dag.py:3820} INFO - Setting next_dagrun for example_kubernetes_executor to None, run_after=None
[2024-01-27T19:06:21.339+0100] {processor.py:183} INFO - Processing /home/ubuntu/.local/lib/python3.10/site-packages/airflow/example_dags/example_kubernetes_executor.py took 3.566 seconds
