[2024-01-27T17:53:09.901+0100] {processor.py:161} INFO - Started process (PID=8283) to work on /home/ubuntu/.local/lib/python3.10/site-packages/airflow/example_dags/tutorial_taskflow_api_virtualenv.py
[2024-01-27T17:53:09.903+0100] {processor.py:830} INFO - Processing file /home/ubuntu/.local/lib/python3.10/site-packages/airflow/example_dags/tutorial_taskflow_api_virtualenv.py for tasks to queue
[2024-01-27T17:53:09.904+0100] {logging_mixin.py:188} INFO - [2024-01-27T17:53:09.904+0100] {dagbag.py:538} INFO - Filling up the DagBag from /home/ubuntu/.local/lib/python3.10/site-packages/airflow/example_dags/tutorial_taskflow_api_virtualenv.py
[2024-01-27T17:53:09.933+0100] {processor.py:840} INFO - DAG(s) 'tutorial_taskflow_api_virtualenv' retrieved from /home/ubuntu/.local/lib/python3.10/site-packages/airflow/example_dags/tutorial_taskflow_api_virtualenv.py
[2024-01-27T17:53:10.383+0100] {logging_mixin.py:188} INFO - [2024-01-27T17:53:10.383+0100] {dag.py:3033} INFO - Sync 1 DAGs
[2024-01-27T17:53:10.420+0100] {logging_mixin.py:188} INFO - [2024-01-27T17:53:10.420+0100] {dag.py:3820} INFO - Setting next_dagrun for tutorial_taskflow_api_virtualenv to None, run_after=None
[2024-01-27T17:53:10.723+0100] {processor.py:183} INFO - Processing /home/ubuntu/.local/lib/python3.10/site-packages/airflow/example_dags/tutorial_taskflow_api_virtualenv.py took 0.864 seconds
[2024-01-27T17:54:27.547+0100] {processor.py:161} INFO - Started process (PID=8350) to work on /home/ubuntu/.local/lib/python3.10/site-packages/airflow/example_dags/tutorial_taskflow_api_virtualenv.py
[2024-01-27T17:54:27.555+0100] {processor.py:830} INFO - Processing file /home/ubuntu/.local/lib/python3.10/site-packages/airflow/example_dags/tutorial_taskflow_api_virtualenv.py for tasks to queue
[2024-01-27T17:54:27.556+0100] {logging_mixin.py:188} INFO - [2024-01-27T17:54:27.556+0100] {dagbag.py:538} INFO - Filling up the DagBag from /home/ubuntu/.local/lib/python3.10/site-packages/airflow/example_dags/tutorial_taskflow_api_virtualenv.py
[2024-01-27T17:54:27.566+0100] {processor.py:840} INFO - DAG(s) 'tutorial_taskflow_api_virtualenv' retrieved from /home/ubuntu/.local/lib/python3.10/site-packages/airflow/example_dags/tutorial_taskflow_api_virtualenv.py
[2024-01-27T17:54:27.619+0100] {logging_mixin.py:188} INFO - [2024-01-27T17:54:27.615+0100] {dag.py:3033} INFO - Sync 1 DAGs
[2024-01-27T17:54:27.708+0100] {logging_mixin.py:188} INFO - [2024-01-27T17:54:27.707+0100] {dag.py:3820} INFO - Setting next_dagrun for tutorial_taskflow_api_virtualenv to None, run_after=None
[2024-01-27T17:54:27.862+0100] {processor.py:183} INFO - Processing /home/ubuntu/.local/lib/python3.10/site-packages/airflow/example_dags/tutorial_taskflow_api_virtualenv.py took 0.320 seconds
[2024-01-27T17:55:08.500+0100] {processor.py:161} INFO - Started process (PID=8394) to work on /home/ubuntu/.local/lib/python3.10/site-packages/airflow/example_dags/tutorial_taskflow_api_virtualenv.py
[2024-01-27T17:55:08.503+0100] {processor.py:830} INFO - Processing file /home/ubuntu/.local/lib/python3.10/site-packages/airflow/example_dags/tutorial_taskflow_api_virtualenv.py for tasks to queue
[2024-01-27T17:55:08.504+0100] {logging_mixin.py:188} INFO - [2024-01-27T17:55:08.504+0100] {dagbag.py:538} INFO - Filling up the DagBag from /home/ubuntu/.local/lib/python3.10/site-packages/airflow/example_dags/tutorial_taskflow_api_virtualenv.py
[2024-01-27T17:55:08.519+0100] {processor.py:840} INFO - DAG(s) 'tutorial_taskflow_api_virtualenv' retrieved from /home/ubuntu/.local/lib/python3.10/site-packages/airflow/example_dags/tutorial_taskflow_api_virtualenv.py
[2024-01-27T17:55:08.545+0100] {logging_mixin.py:188} INFO - [2024-01-27T17:55:08.545+0100] {dag.py:3033} INFO - Sync 1 DAGs
[2024-01-27T17:55:08.567+0100] {logging_mixin.py:188} INFO - [2024-01-27T17:55:08.566+0100] {dag.py:3820} INFO - Setting next_dagrun for tutorial_taskflow_api_virtualenv to None, run_after=None
[2024-01-27T17:55:08.627+0100] {processor.py:183} INFO - Processing /home/ubuntu/.local/lib/python3.10/site-packages/airflow/example_dags/tutorial_taskflow_api_virtualenv.py took 0.134 seconds
[2024-01-27T17:56:21.236+0100] {processor.py:161} INFO - Started process (PID=8455) to work on /home/ubuntu/.local/lib/python3.10/site-packages/airflow/example_dags/tutorial_taskflow_api_virtualenv.py
[2024-01-27T17:56:21.292+0100] {processor.py:830} INFO - Processing file /home/ubuntu/.local/lib/python3.10/site-packages/airflow/example_dags/tutorial_taskflow_api_virtualenv.py for tasks to queue
[2024-01-27T17:56:21.303+0100] {logging_mixin.py:188} INFO - [2024-01-27T17:56:21.297+0100] {dagbag.py:538} INFO - Filling up the DagBag from /home/ubuntu/.local/lib/python3.10/site-packages/airflow/example_dags/tutorial_taskflow_api_virtualenv.py
[2024-01-27T17:56:21.339+0100] {processor.py:840} INFO - DAG(s) 'tutorial_taskflow_api_virtualenv' retrieved from /home/ubuntu/.local/lib/python3.10/site-packages/airflow/example_dags/tutorial_taskflow_api_virtualenv.py
[2024-01-27T17:56:21.434+0100] {logging_mixin.py:188} INFO - [2024-01-27T17:56:21.434+0100] {dag.py:3033} INFO - Sync 1 DAGs
[2024-01-27T17:56:21.476+0100] {logging_mixin.py:188} INFO - [2024-01-27T17:56:21.476+0100] {dag.py:3820} INFO - Setting next_dagrun for tutorial_taskflow_api_virtualenv to None, run_after=None
[2024-01-27T17:56:21.756+0100] {processor.py:183} INFO - Processing /home/ubuntu/.local/lib/python3.10/site-packages/airflow/example_dags/tutorial_taskflow_api_virtualenv.py took 0.529 seconds
[2024-01-27T17:56:59.754+0100] {processor.py:161} INFO - Started process (PID=8485) to work on /home/ubuntu/.local/lib/python3.10/site-packages/airflow/example_dags/tutorial_taskflow_api_virtualenv.py
[2024-01-27T17:56:59.756+0100] {processor.py:830} INFO - Processing file /home/ubuntu/.local/lib/python3.10/site-packages/airflow/example_dags/tutorial_taskflow_api_virtualenv.py for tasks to queue
[2024-01-27T17:56:59.758+0100] {logging_mixin.py:188} INFO - [2024-01-27T17:56:59.757+0100] {dagbag.py:538} INFO - Filling up the DagBag from /home/ubuntu/.local/lib/python3.10/site-packages/airflow/example_dags/tutorial_taskflow_api_virtualenv.py
[2024-01-27T17:56:59.767+0100] {processor.py:840} INFO - DAG(s) 'tutorial_taskflow_api_virtualenv' retrieved from /home/ubuntu/.local/lib/python3.10/site-packages/airflow/example_dags/tutorial_taskflow_api_virtualenv.py
[2024-01-27T17:56:59.793+0100] {logging_mixin.py:188} INFO - [2024-01-27T17:56:59.792+0100] {dag.py:3033} INFO - Sync 1 DAGs
[2024-01-27T17:56:59.806+0100] {logging_mixin.py:188} INFO - [2024-01-27T17:56:59.806+0100] {dag.py:3820} INFO - Setting next_dagrun for tutorial_taskflow_api_virtualenv to None, run_after=None
[2024-01-27T17:56:59.887+0100] {processor.py:183} INFO - Processing /home/ubuntu/.local/lib/python3.10/site-packages/airflow/example_dags/tutorial_taskflow_api_virtualenv.py took 0.137 seconds
[2024-01-27T17:58:11.789+0100] {processor.py:161} INFO - Started process (PID=8584) to work on /home/ubuntu/.local/lib/python3.10/site-packages/airflow/example_dags/tutorial_taskflow_api_virtualenv.py
[2024-01-27T17:58:11.812+0100] {processor.py:830} INFO - Processing file /home/ubuntu/.local/lib/python3.10/site-packages/airflow/example_dags/tutorial_taskflow_api_virtualenv.py for tasks to queue
[2024-01-27T17:58:11.813+0100] {logging_mixin.py:188} INFO - [2024-01-27T17:58:11.813+0100] {dagbag.py:538} INFO - Filling up the DagBag from /home/ubuntu/.local/lib/python3.10/site-packages/airflow/example_dags/tutorial_taskflow_api_virtualenv.py
[2024-01-27T17:58:11.824+0100] {processor.py:840} INFO - DAG(s) 'tutorial_taskflow_api_virtualenv' retrieved from /home/ubuntu/.local/lib/python3.10/site-packages/airflow/example_dags/tutorial_taskflow_api_virtualenv.py
[2024-01-27T17:58:11.845+0100] {logging_mixin.py:188} INFO - [2024-01-27T17:58:11.845+0100] {dag.py:3033} INFO - Sync 1 DAGs
[2024-01-27T17:58:11.855+0100] {logging_mixin.py:188} INFO - [2024-01-27T17:58:11.855+0100] {dag.py:3820} INFO - Setting next_dagrun for tutorial_taskflow_api_virtualenv to None, run_after=None
[2024-01-27T17:58:12.254+0100] {processor.py:183} INFO - Processing /home/ubuntu/.local/lib/python3.10/site-packages/airflow/example_dags/tutorial_taskflow_api_virtualenv.py took 0.479 seconds
[2024-01-27T17:58:49.636+0100] {processor.py:161} INFO - Started process (PID=8656) to work on /home/ubuntu/.local/lib/python3.10/site-packages/airflow/example_dags/tutorial_taskflow_api_virtualenv.py
[2024-01-27T17:58:49.638+0100] {processor.py:830} INFO - Processing file /home/ubuntu/.local/lib/python3.10/site-packages/airflow/example_dags/tutorial_taskflow_api_virtualenv.py for tasks to queue
[2024-01-27T17:58:49.639+0100] {logging_mixin.py:188} INFO - [2024-01-27T17:58:49.639+0100] {dagbag.py:538} INFO - Filling up the DagBag from /home/ubuntu/.local/lib/python3.10/site-packages/airflow/example_dags/tutorial_taskflow_api_virtualenv.py
[2024-01-27T17:58:49.650+0100] {processor.py:840} INFO - DAG(s) 'tutorial_taskflow_api_virtualenv' retrieved from /home/ubuntu/.local/lib/python3.10/site-packages/airflow/example_dags/tutorial_taskflow_api_virtualenv.py
[2024-01-27T17:58:49.674+0100] {logging_mixin.py:188} INFO - [2024-01-27T17:58:49.673+0100] {dag.py:3033} INFO - Sync 1 DAGs
[2024-01-27T17:58:49.691+0100] {logging_mixin.py:188} INFO - [2024-01-27T17:58:49.691+0100] {dag.py:3820} INFO - Setting next_dagrun for tutorial_taskflow_api_virtualenv to None, run_after=None
[2024-01-27T17:58:49.740+0100] {processor.py:183} INFO - Processing /home/ubuntu/.local/lib/python3.10/site-packages/airflow/example_dags/tutorial_taskflow_api_virtualenv.py took 0.108 seconds
[2024-01-27T18:00:01.539+0100] {processor.py:161} INFO - Started process (PID=8718) to work on /home/ubuntu/.local/lib/python3.10/site-packages/airflow/example_dags/tutorial_taskflow_api_virtualenv.py
[2024-01-27T18:00:01.551+0100] {processor.py:830} INFO - Processing file /home/ubuntu/.local/lib/python3.10/site-packages/airflow/example_dags/tutorial_taskflow_api_virtualenv.py for tasks to queue
[2024-01-27T18:00:01.552+0100] {logging_mixin.py:188} INFO - [2024-01-27T18:00:01.552+0100] {dagbag.py:538} INFO - Filling up the DagBag from /home/ubuntu/.local/lib/python3.10/site-packages/airflow/example_dags/tutorial_taskflow_api_virtualenv.py
[2024-01-27T18:00:01.565+0100] {processor.py:840} INFO - DAG(s) 'tutorial_taskflow_api_virtualenv' retrieved from /home/ubuntu/.local/lib/python3.10/site-packages/airflow/example_dags/tutorial_taskflow_api_virtualenv.py
[2024-01-27T18:00:01.607+0100] {logging_mixin.py:188} INFO - [2024-01-27T18:00:01.607+0100] {dag.py:3033} INFO - Sync 1 DAGs
[2024-01-27T18:00:01.627+0100] {logging_mixin.py:188} INFO - [2024-01-27T18:00:01.627+0100] {dag.py:3820} INFO - Setting next_dagrun for tutorial_taskflow_api_virtualenv to None, run_after=None
[2024-01-27T18:00:01.931+0100] {processor.py:183} INFO - Processing /home/ubuntu/.local/lib/python3.10/site-packages/airflow/example_dags/tutorial_taskflow_api_virtualenv.py took 0.400 seconds
[2024-01-27T18:01:11.343+0100] {processor.py:161} INFO - Started process (PID=8780) to work on /home/ubuntu/.local/lib/python3.10/site-packages/airflow/example_dags/tutorial_taskflow_api_virtualenv.py
[2024-01-27T18:01:11.352+0100] {processor.py:830} INFO - Processing file /home/ubuntu/.local/lib/python3.10/site-packages/airflow/example_dags/tutorial_taskflow_api_virtualenv.py for tasks to queue
[2024-01-27T18:01:11.353+0100] {logging_mixin.py:188} INFO - [2024-01-27T18:01:11.353+0100] {dagbag.py:538} INFO - Filling up the DagBag from /home/ubuntu/.local/lib/python3.10/site-packages/airflow/example_dags/tutorial_taskflow_api_virtualenv.py
[2024-01-27T18:01:11.365+0100] {processor.py:840} INFO - DAG(s) 'tutorial_taskflow_api_virtualenv' retrieved from /home/ubuntu/.local/lib/python3.10/site-packages/airflow/example_dags/tutorial_taskflow_api_virtualenv.py
[2024-01-27T18:01:11.412+0100] {logging_mixin.py:188} INFO - [2024-01-27T18:01:11.412+0100] {dag.py:3033} INFO - Sync 1 DAGs
[2024-01-27T18:01:11.541+0100] {logging_mixin.py:188} INFO - [2024-01-27T18:01:11.541+0100] {dag.py:3820} INFO - Setting next_dagrun for tutorial_taskflow_api_virtualenv to None, run_after=None
[2024-01-27T18:01:11.701+0100] {processor.py:183} INFO - Processing /home/ubuntu/.local/lib/python3.10/site-packages/airflow/example_dags/tutorial_taskflow_api_virtualenv.py took 0.362 seconds
[2024-01-27T18:03:01.011+0100] {processor.py:161} INFO - Started process (PID=8862) to work on /home/ubuntu/.local/lib/python3.10/site-packages/airflow/example_dags/tutorial_taskflow_api_virtualenv.py
[2024-01-27T18:03:01.047+0100] {processor.py:830} INFO - Processing file /home/ubuntu/.local/lib/python3.10/site-packages/airflow/example_dags/tutorial_taskflow_api_virtualenv.py for tasks to queue
[2024-01-27T18:03:01.094+0100] {logging_mixin.py:188} INFO - [2024-01-27T18:03:01.093+0100] {dagbag.py:538} INFO - Filling up the DagBag from /home/ubuntu/.local/lib/python3.10/site-packages/airflow/example_dags/tutorial_taskflow_api_virtualenv.py
[2024-01-27T18:03:01.234+0100] {processor.py:840} INFO - DAG(s) 'tutorial_taskflow_api_virtualenv' retrieved from /home/ubuntu/.local/lib/python3.10/site-packages/airflow/example_dags/tutorial_taskflow_api_virtualenv.py
[2024-01-27T18:03:01.390+0100] {logging_mixin.py:188} INFO - [2024-01-27T18:03:01.389+0100] {dag.py:3033} INFO - Sync 1 DAGs
[2024-01-27T18:03:01.453+0100] {logging_mixin.py:188} INFO - [2024-01-27T18:03:01.452+0100] {dag.py:3820} INFO - Setting next_dagrun for tutorial_taskflow_api_virtualenv to None, run_after=None
[2024-01-27T18:03:01.938+0100] {processor.py:183} INFO - Processing /home/ubuntu/.local/lib/python3.10/site-packages/airflow/example_dags/tutorial_taskflow_api_virtualenv.py took 0.952 seconds
[2024-01-27T18:04:35.804+0100] {processor.py:161} INFO - Started process (PID=8910) to work on /home/ubuntu/.local/lib/python3.10/site-packages/airflow/example_dags/tutorial_taskflow_api_virtualenv.py
[2024-01-27T18:04:35.818+0100] {processor.py:830} INFO - Processing file /home/ubuntu/.local/lib/python3.10/site-packages/airflow/example_dags/tutorial_taskflow_api_virtualenv.py for tasks to queue
[2024-01-27T18:04:35.854+0100] {logging_mixin.py:188} INFO - [2024-01-27T18:04:35.853+0100] {dagbag.py:538} INFO - Filling up the DagBag from /home/ubuntu/.local/lib/python3.10/site-packages/airflow/example_dags/tutorial_taskflow_api_virtualenv.py
[2024-01-27T18:04:35.919+0100] {processor.py:840} INFO - DAG(s) 'tutorial_taskflow_api_virtualenv' retrieved from /home/ubuntu/.local/lib/python3.10/site-packages/airflow/example_dags/tutorial_taskflow_api_virtualenv.py
[2024-01-27T18:04:36.056+0100] {logging_mixin.py:188} INFO - [2024-01-27T18:04:36.055+0100] {dag.py:3033} INFO - Sync 1 DAGs
[2024-01-27T18:04:36.177+0100] {logging_mixin.py:188} INFO - [2024-01-27T18:04:36.177+0100] {dag.py:3820} INFO - Setting next_dagrun for tutorial_taskflow_api_virtualenv to None, run_after=None
[2024-01-27T18:04:36.923+0100] {processor.py:183} INFO - Processing /home/ubuntu/.local/lib/python3.10/site-packages/airflow/example_dags/tutorial_taskflow_api_virtualenv.py took 1.141 seconds
[2024-01-27T18:06:17.296+0100] {processor.py:161} INFO - Started process (PID=8957) to work on /home/ubuntu/.local/lib/python3.10/site-packages/airflow/example_dags/tutorial_taskflow_api_virtualenv.py
[2024-01-27T18:06:17.304+0100] {processor.py:830} INFO - Processing file /home/ubuntu/.local/lib/python3.10/site-packages/airflow/example_dags/tutorial_taskflow_api_virtualenv.py for tasks to queue
[2024-01-27T18:06:17.306+0100] {logging_mixin.py:188} INFO - [2024-01-27T18:06:17.305+0100] {dagbag.py:538} INFO - Filling up the DagBag from /home/ubuntu/.local/lib/python3.10/site-packages/airflow/example_dags/tutorial_taskflow_api_virtualenv.py
[2024-01-27T18:06:17.323+0100] {processor.py:840} INFO - DAG(s) 'tutorial_taskflow_api_virtualenv' retrieved from /home/ubuntu/.local/lib/python3.10/site-packages/airflow/example_dags/tutorial_taskflow_api_virtualenv.py
[2024-01-27T18:06:17.355+0100] {logging_mixin.py:188} INFO - [2024-01-27T18:06:17.355+0100] {dag.py:3033} INFO - Sync 1 DAGs
[2024-01-27T18:06:17.372+0100] {logging_mixin.py:188} INFO - [2024-01-27T18:06:17.372+0100] {dag.py:3820} INFO - Setting next_dagrun for tutorial_taskflow_api_virtualenv to None, run_after=None
[2024-01-27T18:06:17.837+0100] {processor.py:183} INFO - Processing /home/ubuntu/.local/lib/python3.10/site-packages/airflow/example_dags/tutorial_taskflow_api_virtualenv.py took 0.554 seconds
[2024-01-27T18:08:22.084+0100] {processor.py:161} INFO - Started process (PID=9021) to work on /home/ubuntu/.local/lib/python3.10/site-packages/airflow/example_dags/tutorial_taskflow_api_virtualenv.py
[2024-01-27T18:08:22.112+0100] {processor.py:830} INFO - Processing file /home/ubuntu/.local/lib/python3.10/site-packages/airflow/example_dags/tutorial_taskflow_api_virtualenv.py for tasks to queue
[2024-01-27T18:08:22.113+0100] {logging_mixin.py:188} INFO - [2024-01-27T18:08:22.113+0100] {dagbag.py:538} INFO - Filling up the DagBag from /home/ubuntu/.local/lib/python3.10/site-packages/airflow/example_dags/tutorial_taskflow_api_virtualenv.py
[2024-01-27T18:08:22.155+0100] {processor.py:840} INFO - DAG(s) 'tutorial_taskflow_api_virtualenv' retrieved from /home/ubuntu/.local/lib/python3.10/site-packages/airflow/example_dags/tutorial_taskflow_api_virtualenv.py
[2024-01-27T18:08:22.682+0100] {logging_mixin.py:188} INFO - [2024-01-27T18:08:22.681+0100] {dag.py:3033} INFO - Sync 1 DAGs
[2024-01-27T18:08:22.731+0100] {logging_mixin.py:188} INFO - [2024-01-27T18:08:22.730+0100] {dag.py:3820} INFO - Setting next_dagrun for tutorial_taskflow_api_virtualenv to None, run_after=None
[2024-01-27T18:08:23.483+0100] {processor.py:183} INFO - Processing /home/ubuntu/.local/lib/python3.10/site-packages/airflow/example_dags/tutorial_taskflow_api_virtualenv.py took 1.424 seconds
[2024-01-27T18:10:10.376+0100] {processor.py:161} INFO - Started process (PID=9084) to work on /home/ubuntu/.local/lib/python3.10/site-packages/airflow/example_dags/tutorial_taskflow_api_virtualenv.py
[2024-01-27T18:10:10.386+0100] {processor.py:830} INFO - Processing file /home/ubuntu/.local/lib/python3.10/site-packages/airflow/example_dags/tutorial_taskflow_api_virtualenv.py for tasks to queue
[2024-01-27T18:10:10.388+0100] {logging_mixin.py:188} INFO - [2024-01-27T18:10:10.387+0100] {dagbag.py:538} INFO - Filling up the DagBag from /home/ubuntu/.local/lib/python3.10/site-packages/airflow/example_dags/tutorial_taskflow_api_virtualenv.py
[2024-01-27T18:10:10.448+0100] {processor.py:840} INFO - DAG(s) 'tutorial_taskflow_api_virtualenv' retrieved from /home/ubuntu/.local/lib/python3.10/site-packages/airflow/example_dags/tutorial_taskflow_api_virtualenv.py
[2024-01-27T18:10:10.564+0100] {logging_mixin.py:188} INFO - [2024-01-27T18:10:10.563+0100] {dag.py:3033} INFO - Sync 1 DAGs
[2024-01-27T18:10:10.666+0100] {logging_mixin.py:188} INFO - [2024-01-27T18:10:10.665+0100] {dag.py:3820} INFO - Setting next_dagrun for tutorial_taskflow_api_virtualenv to None, run_after=None
[2024-01-27T18:10:11.269+0100] {processor.py:183} INFO - Processing /home/ubuntu/.local/lib/python3.10/site-packages/airflow/example_dags/tutorial_taskflow_api_virtualenv.py took 0.907 seconds
[2024-01-27T18:11:56.661+0100] {processor.py:161} INFO - Started process (PID=9174) to work on /home/ubuntu/.local/lib/python3.10/site-packages/airflow/example_dags/tutorial_taskflow_api_virtualenv.py
[2024-01-27T18:11:56.702+0100] {processor.py:830} INFO - Processing file /home/ubuntu/.local/lib/python3.10/site-packages/airflow/example_dags/tutorial_taskflow_api_virtualenv.py for tasks to queue
[2024-01-27T18:11:56.704+0100] {logging_mixin.py:188} INFO - [2024-01-27T18:11:56.703+0100] {dagbag.py:538} INFO - Filling up the DagBag from /home/ubuntu/.local/lib/python3.10/site-packages/airflow/example_dags/tutorial_taskflow_api_virtualenv.py
[2024-01-27T18:11:56.750+0100] {processor.py:840} INFO - DAG(s) 'tutorial_taskflow_api_virtualenv' retrieved from /home/ubuntu/.local/lib/python3.10/site-packages/airflow/example_dags/tutorial_taskflow_api_virtualenv.py
[2024-01-27T18:11:56.899+0100] {logging_mixin.py:188} INFO - [2024-01-27T18:11:56.899+0100] {dag.py:3033} INFO - Sync 1 DAGs
[2024-01-27T18:11:56.955+0100] {logging_mixin.py:188} INFO - [2024-01-27T18:11:56.955+0100] {dag.py:3820} INFO - Setting next_dagrun for tutorial_taskflow_api_virtualenv to None, run_after=None
[2024-01-27T18:11:57.469+0100] {processor.py:183} INFO - Processing /home/ubuntu/.local/lib/python3.10/site-packages/airflow/example_dags/tutorial_taskflow_api_virtualenv.py took 0.836 seconds
[2024-01-27T18:13:37.271+0100] {processor.py:161} INFO - Started process (PID=9231) to work on /home/ubuntu/.local/lib/python3.10/site-packages/airflow/example_dags/tutorial_taskflow_api_virtualenv.py
[2024-01-27T18:13:37.331+0100] {processor.py:830} INFO - Processing file /home/ubuntu/.local/lib/python3.10/site-packages/airflow/example_dags/tutorial_taskflow_api_virtualenv.py for tasks to queue
[2024-01-27T18:13:37.340+0100] {logging_mixin.py:188} INFO - [2024-01-27T18:13:37.339+0100] {dagbag.py:538} INFO - Filling up the DagBag from /home/ubuntu/.local/lib/python3.10/site-packages/airflow/example_dags/tutorial_taskflow_api_virtualenv.py
[2024-01-27T18:13:37.435+0100] {processor.py:840} INFO - DAG(s) 'tutorial_taskflow_api_virtualenv' retrieved from /home/ubuntu/.local/lib/python3.10/site-packages/airflow/example_dags/tutorial_taskflow_api_virtualenv.py
[2024-01-27T18:13:37.502+0100] {logging_mixin.py:188} INFO - [2024-01-27T18:13:37.502+0100] {dag.py:3033} INFO - Sync 1 DAGs
[2024-01-27T18:13:37.615+0100] {logging_mixin.py:188} INFO - [2024-01-27T18:13:37.614+0100] {dag.py:3820} INFO - Setting next_dagrun for tutorial_taskflow_api_virtualenv to None, run_after=None
[2024-01-27T18:13:38.422+0100] {processor.py:183} INFO - Processing /home/ubuntu/.local/lib/python3.10/site-packages/airflow/example_dags/tutorial_taskflow_api_virtualenv.py took 1.191 seconds
[2024-01-27T18:15:21.356+0100] {processor.py:161} INFO - Started process (PID=9278) to work on /home/ubuntu/.local/lib/python3.10/site-packages/airflow/example_dags/tutorial_taskflow_api_virtualenv.py
[2024-01-27T18:15:21.398+0100] {processor.py:830} INFO - Processing file /home/ubuntu/.local/lib/python3.10/site-packages/airflow/example_dags/tutorial_taskflow_api_virtualenv.py for tasks to queue
[2024-01-27T18:15:21.408+0100] {logging_mixin.py:188} INFO - [2024-01-27T18:15:21.399+0100] {dagbag.py:538} INFO - Filling up the DagBag from /home/ubuntu/.local/lib/python3.10/site-packages/airflow/example_dags/tutorial_taskflow_api_virtualenv.py
[2024-01-27T18:15:21.464+0100] {processor.py:840} INFO - DAG(s) 'tutorial_taskflow_api_virtualenv' retrieved from /home/ubuntu/.local/lib/python3.10/site-packages/airflow/example_dags/tutorial_taskflow_api_virtualenv.py
[2024-01-27T18:15:21.671+0100] {logging_mixin.py:188} INFO - [2024-01-27T18:15:21.671+0100] {dag.py:3033} INFO - Sync 1 DAGs
[2024-01-27T18:15:21.851+0100] {logging_mixin.py:188} INFO - [2024-01-27T18:15:21.851+0100] {dag.py:3820} INFO - Setting next_dagrun for tutorial_taskflow_api_virtualenv to None, run_after=None
[2024-01-27T18:15:22.500+0100] {processor.py:183} INFO - Processing /home/ubuntu/.local/lib/python3.10/site-packages/airflow/example_dags/tutorial_taskflow_api_virtualenv.py took 1.172 seconds
[2024-01-27T18:17:06.594+0100] {processor.py:161} INFO - Started process (PID=9331) to work on /home/ubuntu/.local/lib/python3.10/site-packages/airflow/example_dags/tutorial_taskflow_api_virtualenv.py
[2024-01-27T18:17:06.692+0100] {processor.py:830} INFO - Processing file /home/ubuntu/.local/lib/python3.10/site-packages/airflow/example_dags/tutorial_taskflow_api_virtualenv.py for tasks to queue
[2024-01-27T18:17:06.693+0100] {logging_mixin.py:188} INFO - [2024-01-27T18:17:06.693+0100] {dagbag.py:538} INFO - Filling up the DagBag from /home/ubuntu/.local/lib/python3.10/site-packages/airflow/example_dags/tutorial_taskflow_api_virtualenv.py
[2024-01-27T18:17:06.779+0100] {processor.py:840} INFO - DAG(s) 'tutorial_taskflow_api_virtualenv' retrieved from /home/ubuntu/.local/lib/python3.10/site-packages/airflow/example_dags/tutorial_taskflow_api_virtualenv.py
[2024-01-27T18:17:07.001+0100] {logging_mixin.py:188} INFO - [2024-01-27T18:17:07.000+0100] {dag.py:3033} INFO - Sync 1 DAGs
[2024-01-27T18:17:07.059+0100] {logging_mixin.py:188} INFO - [2024-01-27T18:17:07.059+0100] {dag.py:3820} INFO - Setting next_dagrun for tutorial_taskflow_api_virtualenv to None, run_after=None
[2024-01-27T18:17:07.549+0100] {processor.py:183} INFO - Processing /home/ubuntu/.local/lib/python3.10/site-packages/airflow/example_dags/tutorial_taskflow_api_virtualenv.py took 0.992 seconds
[2024-01-27T18:18:51.166+0100] {processor.py:161} INFO - Started process (PID=9410) to work on /home/ubuntu/.local/lib/python3.10/site-packages/airflow/example_dags/tutorial_taskflow_api_virtualenv.py
[2024-01-27T18:18:51.206+0100] {processor.py:830} INFO - Processing file /home/ubuntu/.local/lib/python3.10/site-packages/airflow/example_dags/tutorial_taskflow_api_virtualenv.py for tasks to queue
[2024-01-27T18:18:51.210+0100] {logging_mixin.py:188} INFO - [2024-01-27T18:18:51.208+0100] {dagbag.py:538} INFO - Filling up the DagBag from /home/ubuntu/.local/lib/python3.10/site-packages/airflow/example_dags/tutorial_taskflow_api_virtualenv.py
[2024-01-27T18:18:51.266+0100] {processor.py:840} INFO - DAG(s) 'tutorial_taskflow_api_virtualenv' retrieved from /home/ubuntu/.local/lib/python3.10/site-packages/airflow/example_dags/tutorial_taskflow_api_virtualenv.py
[2024-01-27T18:18:51.381+0100] {logging_mixin.py:188} INFO - [2024-01-27T18:18:51.381+0100] {dag.py:3033} INFO - Sync 1 DAGs
[2024-01-27T18:18:51.838+0100] {logging_mixin.py:188} INFO - [2024-01-27T18:18:51.832+0100] {dag.py:3820} INFO - Setting next_dagrun for tutorial_taskflow_api_virtualenv to None, run_after=None
[2024-01-27T18:18:52.440+0100] {processor.py:183} INFO - Processing /home/ubuntu/.local/lib/python3.10/site-packages/airflow/example_dags/tutorial_taskflow_api_virtualenv.py took 1.300 seconds
[2024-01-27T18:20:40.033+0100] {processor.py:161} INFO - Started process (PID=9541) to work on /home/ubuntu/.local/lib/python3.10/site-packages/airflow/example_dags/tutorial_taskflow_api_virtualenv.py
[2024-01-27T18:20:40.085+0100] {processor.py:830} INFO - Processing file /home/ubuntu/.local/lib/python3.10/site-packages/airflow/example_dags/tutorial_taskflow_api_virtualenv.py for tasks to queue
[2024-01-27T18:20:40.087+0100] {logging_mixin.py:188} INFO - [2024-01-27T18:20:40.086+0100] {dagbag.py:538} INFO - Filling up the DagBag from /home/ubuntu/.local/lib/python3.10/site-packages/airflow/example_dags/tutorial_taskflow_api_virtualenv.py
[2024-01-27T18:20:40.146+0100] {processor.py:840} INFO - DAG(s) 'tutorial_taskflow_api_virtualenv' retrieved from /home/ubuntu/.local/lib/python3.10/site-packages/airflow/example_dags/tutorial_taskflow_api_virtualenv.py
[2024-01-27T18:20:40.325+0100] {logging_mixin.py:188} INFO - [2024-01-27T18:20:40.325+0100] {dag.py:3033} INFO - Sync 1 DAGs
[2024-01-27T18:20:40.421+0100] {logging_mixin.py:188} INFO - [2024-01-27T18:20:40.420+0100] {dag.py:3820} INFO - Setting next_dagrun for tutorial_taskflow_api_virtualenv to None, run_after=None
[2024-01-27T18:20:40.875+0100] {processor.py:183} INFO - Processing /home/ubuntu/.local/lib/python3.10/site-packages/airflow/example_dags/tutorial_taskflow_api_virtualenv.py took 0.852 seconds
[2024-01-27T18:22:28.444+0100] {processor.py:161} INFO - Started process (PID=9620) to work on /home/ubuntu/.local/lib/python3.10/site-packages/airflow/example_dags/tutorial_taskflow_api_virtualenv.py
[2024-01-27T18:22:28.494+0100] {processor.py:830} INFO - Processing file /home/ubuntu/.local/lib/python3.10/site-packages/airflow/example_dags/tutorial_taskflow_api_virtualenv.py for tasks to queue
[2024-01-27T18:22:28.506+0100] {logging_mixin.py:188} INFO - [2024-01-27T18:22:28.505+0100] {dagbag.py:538} INFO - Filling up the DagBag from /home/ubuntu/.local/lib/python3.10/site-packages/airflow/example_dags/tutorial_taskflow_api_virtualenv.py
[2024-01-27T18:22:28.627+0100] {processor.py:840} INFO - DAG(s) 'tutorial_taskflow_api_virtualenv' retrieved from /home/ubuntu/.local/lib/python3.10/site-packages/airflow/example_dags/tutorial_taskflow_api_virtualenv.py
[2024-01-27T18:22:28.898+0100] {logging_mixin.py:188} INFO - [2024-01-27T18:22:28.898+0100] {dag.py:3033} INFO - Sync 1 DAGs
[2024-01-27T18:22:29.002+0100] {logging_mixin.py:188} INFO - [2024-01-27T18:22:29.001+0100] {dag.py:3820} INFO - Setting next_dagrun for tutorial_taskflow_api_virtualenv to None, run_after=None
[2024-01-27T18:22:29.712+0100] {processor.py:183} INFO - Processing /home/ubuntu/.local/lib/python3.10/site-packages/airflow/example_dags/tutorial_taskflow_api_virtualenv.py took 1.329 seconds
[2024-01-27T18:24:28.189+0100] {processor.py:161} INFO - Started process (PID=9731) to work on /home/ubuntu/.local/lib/python3.10/site-packages/airflow/example_dags/tutorial_taskflow_api_virtualenv.py
[2024-01-27T18:24:28.224+0100] {processor.py:830} INFO - Processing file /home/ubuntu/.local/lib/python3.10/site-packages/airflow/example_dags/tutorial_taskflow_api_virtualenv.py for tasks to queue
[2024-01-27T18:24:28.233+0100] {logging_mixin.py:188} INFO - [2024-01-27T18:24:28.225+0100] {dagbag.py:538} INFO - Filling up the DagBag from /home/ubuntu/.local/lib/python3.10/site-packages/airflow/example_dags/tutorial_taskflow_api_virtualenv.py
[2024-01-27T18:24:28.299+0100] {processor.py:840} INFO - DAG(s) 'tutorial_taskflow_api_virtualenv' retrieved from /home/ubuntu/.local/lib/python3.10/site-packages/airflow/example_dags/tutorial_taskflow_api_virtualenv.py
[2024-01-27T18:24:28.420+0100] {logging_mixin.py:188} INFO - [2024-01-27T18:24:28.419+0100] {dag.py:3033} INFO - Sync 1 DAGs
[2024-01-27T18:24:28.517+0100] {logging_mixin.py:188} INFO - [2024-01-27T18:24:28.516+0100] {dag.py:3820} INFO - Setting next_dagrun for tutorial_taskflow_api_virtualenv to None, run_after=None
[2024-01-27T18:24:28.829+0100] {processor.py:183} INFO - Processing /home/ubuntu/.local/lib/python3.10/site-packages/airflow/example_dags/tutorial_taskflow_api_virtualenv.py took 0.672 seconds
[2024-01-27T18:26:24.183+0100] {processor.py:161} INFO - Started process (PID=9799) to work on /home/ubuntu/.local/lib/python3.10/site-packages/airflow/example_dags/tutorial_taskflow_api_virtualenv.py
[2024-01-27T18:26:24.264+0100] {processor.py:830} INFO - Processing file /home/ubuntu/.local/lib/python3.10/site-packages/airflow/example_dags/tutorial_taskflow_api_virtualenv.py for tasks to queue
[2024-01-27T18:26:24.266+0100] {logging_mixin.py:188} INFO - [2024-01-27T18:26:24.266+0100] {dagbag.py:538} INFO - Filling up the DagBag from /home/ubuntu/.local/lib/python3.10/site-packages/airflow/example_dags/tutorial_taskflow_api_virtualenv.py
[2024-01-27T18:26:24.318+0100] {processor.py:840} INFO - DAG(s) 'tutorial_taskflow_api_virtualenv' retrieved from /home/ubuntu/.local/lib/python3.10/site-packages/airflow/example_dags/tutorial_taskflow_api_virtualenv.py
[2024-01-27T18:26:24.460+0100] {logging_mixin.py:188} INFO - [2024-01-27T18:26:24.460+0100] {dag.py:3033} INFO - Sync 1 DAGs
[2024-01-27T18:26:24.608+0100] {logging_mixin.py:188} INFO - [2024-01-27T18:26:24.607+0100] {dag.py:3820} INFO - Setting next_dagrun for tutorial_taskflow_api_virtualenv to None, run_after=None
[2024-01-27T18:26:25.399+0100] {processor.py:183} INFO - Processing /home/ubuntu/.local/lib/python3.10/site-packages/airflow/example_dags/tutorial_taskflow_api_virtualenv.py took 1.235 seconds
[2024-01-27T18:32:40.756+0100] {processor.py:161} INFO - Started process (PID=9981) to work on /home/ubuntu/.local/lib/python3.10/site-packages/airflow/example_dags/tutorial_taskflow_api_virtualenv.py
[2024-01-27T18:32:40.854+0100] {processor.py:830} INFO - Processing file /home/ubuntu/.local/lib/python3.10/site-packages/airflow/example_dags/tutorial_taskflow_api_virtualenv.py for tasks to queue
[2024-01-27T18:32:40.856+0100] {logging_mixin.py:188} INFO - [2024-01-27T18:32:40.855+0100] {dagbag.py:538} INFO - Filling up the DagBag from /home/ubuntu/.local/lib/python3.10/site-packages/airflow/example_dags/tutorial_taskflow_api_virtualenv.py
[2024-01-27T18:32:40.928+0100] {processor.py:840} INFO - DAG(s) 'tutorial_taskflow_api_virtualenv' retrieved from /home/ubuntu/.local/lib/python3.10/site-packages/airflow/example_dags/tutorial_taskflow_api_virtualenv.py
[2024-01-27T18:32:41.700+0100] {logging_mixin.py:188} INFO - [2024-01-27T18:32:41.693+0100] {dag.py:3033} INFO - Sync 1 DAGs
[2024-01-27T18:32:41.739+0100] {logging_mixin.py:188} INFO - [2024-01-27T18:32:41.738+0100] {dag.py:3820} INFO - Setting next_dagrun for tutorial_taskflow_api_virtualenv to None, run_after=None
[2024-01-27T18:32:42.236+0100] {processor.py:183} INFO - Processing /home/ubuntu/.local/lib/python3.10/site-packages/airflow/example_dags/tutorial_taskflow_api_virtualenv.py took 1.487 seconds
[2024-01-27T18:35:00.428+0100] {processor.py:161} INFO - Started process (PID=10057) to work on /home/ubuntu/.local/lib/python3.10/site-packages/airflow/example_dags/tutorial_taskflow_api_virtualenv.py
[2024-01-27T18:35:00.461+0100] {processor.py:830} INFO - Processing file /home/ubuntu/.local/lib/python3.10/site-packages/airflow/example_dags/tutorial_taskflow_api_virtualenv.py for tasks to queue
[2024-01-27T18:35:00.469+0100] {logging_mixin.py:188} INFO - [2024-01-27T18:35:00.462+0100] {dagbag.py:538} INFO - Filling up the DagBag from /home/ubuntu/.local/lib/python3.10/site-packages/airflow/example_dags/tutorial_taskflow_api_virtualenv.py
[2024-01-27T18:35:00.560+0100] {processor.py:840} INFO - DAG(s) 'tutorial_taskflow_api_virtualenv' retrieved from /home/ubuntu/.local/lib/python3.10/site-packages/airflow/example_dags/tutorial_taskflow_api_virtualenv.py
[2024-01-27T18:35:00.676+0100] {logging_mixin.py:188} INFO - [2024-01-27T18:35:00.676+0100] {dag.py:3033} INFO - Sync 1 DAGs
[2024-01-27T18:35:00.819+0100] {logging_mixin.py:188} INFO - [2024-01-27T18:35:00.818+0100] {dag.py:3820} INFO - Setting next_dagrun for tutorial_taskflow_api_virtualenv to None, run_after=None
[2024-01-27T18:35:01.143+0100] {processor.py:183} INFO - Processing /home/ubuntu/.local/lib/python3.10/site-packages/airflow/example_dags/tutorial_taskflow_api_virtualenv.py took 0.772 seconds
[2024-01-27T18:36:47.593+0100] {processor.py:161} INFO - Started process (PID=10127) to work on /home/ubuntu/.local/lib/python3.10/site-packages/airflow/example_dags/tutorial_taskflow_api_virtualenv.py
[2024-01-27T18:36:47.647+0100] {processor.py:830} INFO - Processing file /home/ubuntu/.local/lib/python3.10/site-packages/airflow/example_dags/tutorial_taskflow_api_virtualenv.py for tasks to queue
[2024-01-27T18:36:47.649+0100] {logging_mixin.py:188} INFO - [2024-01-27T18:36:47.648+0100] {dagbag.py:538} INFO - Filling up the DagBag from /home/ubuntu/.local/lib/python3.10/site-packages/airflow/example_dags/tutorial_taskflow_api_virtualenv.py
[2024-01-27T18:36:47.686+0100] {processor.py:840} INFO - DAG(s) 'tutorial_taskflow_api_virtualenv' retrieved from /home/ubuntu/.local/lib/python3.10/site-packages/airflow/example_dags/tutorial_taskflow_api_virtualenv.py
[2024-01-27T18:36:47.826+0100] {logging_mixin.py:188} INFO - [2024-01-27T18:36:47.818+0100] {dag.py:3033} INFO - Sync 1 DAGs
[2024-01-27T18:36:47.879+0100] {logging_mixin.py:188} INFO - [2024-01-27T18:36:47.879+0100] {dag.py:3820} INFO - Setting next_dagrun for tutorial_taskflow_api_virtualenv to None, run_after=None
[2024-01-27T18:36:48.763+0100] {processor.py:183} INFO - Processing /home/ubuntu/.local/lib/python3.10/site-packages/airflow/example_dags/tutorial_taskflow_api_virtualenv.py took 1.206 seconds
[2024-01-27T18:38:31.330+0100] {processor.py:161} INFO - Started process (PID=10197) to work on /home/ubuntu/.local/lib/python3.10/site-packages/airflow/example_dags/tutorial_taskflow_api_virtualenv.py
[2024-01-27T18:38:31.417+0100] {processor.py:830} INFO - Processing file /home/ubuntu/.local/lib/python3.10/site-packages/airflow/example_dags/tutorial_taskflow_api_virtualenv.py for tasks to queue
[2024-01-27T18:38:31.419+0100] {logging_mixin.py:188} INFO - [2024-01-27T18:38:31.418+0100] {dagbag.py:538} INFO - Filling up the DagBag from /home/ubuntu/.local/lib/python3.10/site-packages/airflow/example_dags/tutorial_taskflow_api_virtualenv.py
[2024-01-27T18:38:31.505+0100] {processor.py:840} INFO - DAG(s) 'tutorial_taskflow_api_virtualenv' retrieved from /home/ubuntu/.local/lib/python3.10/site-packages/airflow/example_dags/tutorial_taskflow_api_virtualenv.py
[2024-01-27T18:38:31.693+0100] {logging_mixin.py:188} INFO - [2024-01-27T18:38:31.693+0100] {dag.py:3033} INFO - Sync 1 DAGs
[2024-01-27T18:38:31.830+0100] {logging_mixin.py:188} INFO - [2024-01-27T18:38:31.830+0100] {dag.py:3820} INFO - Setting next_dagrun for tutorial_taskflow_api_virtualenv to None, run_after=None
[2024-01-27T18:38:32.448+0100] {processor.py:183} INFO - Processing /home/ubuntu/.local/lib/python3.10/site-packages/airflow/example_dags/tutorial_taskflow_api_virtualenv.py took 1.160 seconds
[2024-01-27T18:40:20.173+0100] {processor.py:161} INFO - Started process (PID=10253) to work on /home/ubuntu/.local/lib/python3.10/site-packages/airflow/example_dags/tutorial_taskflow_api_virtualenv.py
[2024-01-27T18:40:20.215+0100] {processor.py:830} INFO - Processing file /home/ubuntu/.local/lib/python3.10/site-packages/airflow/example_dags/tutorial_taskflow_api_virtualenv.py for tasks to queue
[2024-01-27T18:40:20.224+0100] {logging_mixin.py:188} INFO - [2024-01-27T18:40:20.216+0100] {dagbag.py:538} INFO - Filling up the DagBag from /home/ubuntu/.local/lib/python3.10/site-packages/airflow/example_dags/tutorial_taskflow_api_virtualenv.py
[2024-01-27T18:40:20.256+0100] {processor.py:840} INFO - DAG(s) 'tutorial_taskflow_api_virtualenv' retrieved from /home/ubuntu/.local/lib/python3.10/site-packages/airflow/example_dags/tutorial_taskflow_api_virtualenv.py
[2024-01-27T18:40:20.387+0100] {logging_mixin.py:188} INFO - [2024-01-27T18:40:20.386+0100] {dag.py:3033} INFO - Sync 1 DAGs
[2024-01-27T18:40:20.463+0100] {logging_mixin.py:188} INFO - [2024-01-27T18:40:20.462+0100] {dag.py:3820} INFO - Setting next_dagrun for tutorial_taskflow_api_virtualenv to None, run_after=None
[2024-01-27T18:40:21.242+0100] {processor.py:183} INFO - Processing /home/ubuntu/.local/lib/python3.10/site-packages/airflow/example_dags/tutorial_taskflow_api_virtualenv.py took 1.088 seconds
[2024-01-27T18:42:06.131+0100] {processor.py:161} INFO - Started process (PID=10318) to work on /home/ubuntu/.local/lib/python3.10/site-packages/airflow/example_dags/tutorial_taskflow_api_virtualenv.py
[2024-01-27T18:42:06.137+0100] {processor.py:830} INFO - Processing file /home/ubuntu/.local/lib/python3.10/site-packages/airflow/example_dags/tutorial_taskflow_api_virtualenv.py for tasks to queue
[2024-01-27T18:42:06.138+0100] {logging_mixin.py:188} INFO - [2024-01-27T18:42:06.138+0100] {dagbag.py:538} INFO - Filling up the DagBag from /home/ubuntu/.local/lib/python3.10/site-packages/airflow/example_dags/tutorial_taskflow_api_virtualenv.py
[2024-01-27T18:42:06.153+0100] {processor.py:840} INFO - DAG(s) 'tutorial_taskflow_api_virtualenv' retrieved from /home/ubuntu/.local/lib/python3.10/site-packages/airflow/example_dags/tutorial_taskflow_api_virtualenv.py
[2024-01-27T18:42:06.293+0100] {logging_mixin.py:188} INFO - [2024-01-27T18:42:06.293+0100] {dag.py:3033} INFO - Sync 1 DAGs
[2024-01-27T18:42:06.380+0100] {logging_mixin.py:188} INFO - [2024-01-27T18:42:06.379+0100] {dag.py:3820} INFO - Setting next_dagrun for tutorial_taskflow_api_virtualenv to None, run_after=None
[2024-01-27T18:42:07.025+0100] {processor.py:183} INFO - Processing /home/ubuntu/.local/lib/python3.10/site-packages/airflow/example_dags/tutorial_taskflow_api_virtualenv.py took 0.927 seconds
[2024-01-27T18:44:01.893+0100] {processor.py:161} INFO - Started process (PID=10381) to work on /home/ubuntu/.local/lib/python3.10/site-packages/airflow/example_dags/tutorial_taskflow_api_virtualenv.py
[2024-01-27T18:44:01.971+0100] {processor.py:830} INFO - Processing file /home/ubuntu/.local/lib/python3.10/site-packages/airflow/example_dags/tutorial_taskflow_api_virtualenv.py for tasks to queue
[2024-01-27T18:44:01.996+0100] {logging_mixin.py:188} INFO - [2024-01-27T18:44:01.972+0100] {dagbag.py:538} INFO - Filling up the DagBag from /home/ubuntu/.local/lib/python3.10/site-packages/airflow/example_dags/tutorial_taskflow_api_virtualenv.py
[2024-01-27T18:44:02.075+0100] {processor.py:840} INFO - DAG(s) 'tutorial_taskflow_api_virtualenv' retrieved from /home/ubuntu/.local/lib/python3.10/site-packages/airflow/example_dags/tutorial_taskflow_api_virtualenv.py
[2024-01-27T18:44:02.813+0100] {logging_mixin.py:188} INFO - [2024-01-27T18:44:02.812+0100] {dag.py:3033} INFO - Sync 1 DAGs
[2024-01-27T18:44:02.933+0100] {logging_mixin.py:188} INFO - [2024-01-27T18:44:02.933+0100] {dag.py:3820} INFO - Setting next_dagrun for tutorial_taskflow_api_virtualenv to None, run_after=None
[2024-01-27T18:44:03.624+0100] {processor.py:183} INFO - Processing /home/ubuntu/.local/lib/python3.10/site-packages/airflow/example_dags/tutorial_taskflow_api_virtualenv.py took 1.780 seconds
[2024-01-27T18:46:00.095+0100] {processor.py:161} INFO - Started process (PID=10456) to work on /home/ubuntu/.local/lib/python3.10/site-packages/airflow/example_dags/tutorial_taskflow_api_virtualenv.py
[2024-01-27T18:46:00.115+0100] {processor.py:830} INFO - Processing file /home/ubuntu/.local/lib/python3.10/site-packages/airflow/example_dags/tutorial_taskflow_api_virtualenv.py for tasks to queue
[2024-01-27T18:46:00.123+0100] {logging_mixin.py:188} INFO - [2024-01-27T18:46:00.121+0100] {dagbag.py:538} INFO - Filling up the DagBag from /home/ubuntu/.local/lib/python3.10/site-packages/airflow/example_dags/tutorial_taskflow_api_virtualenv.py
[2024-01-27T18:46:00.142+0100] {processor.py:840} INFO - DAG(s) 'tutorial_taskflow_api_virtualenv' retrieved from /home/ubuntu/.local/lib/python3.10/site-packages/airflow/example_dags/tutorial_taskflow_api_virtualenv.py
[2024-01-27T18:46:00.280+0100] {logging_mixin.py:188} INFO - [2024-01-27T18:46:00.280+0100] {dag.py:3033} INFO - Sync 1 DAGs
[2024-01-27T18:46:00.323+0100] {logging_mixin.py:188} INFO - [2024-01-27T18:46:00.322+0100] {dag.py:3820} INFO - Setting next_dagrun for tutorial_taskflow_api_virtualenv to None, run_after=None
[2024-01-27T18:46:00.646+0100] {processor.py:183} INFO - Processing /home/ubuntu/.local/lib/python3.10/site-packages/airflow/example_dags/tutorial_taskflow_api_virtualenv.py took 0.569 seconds
[2024-01-27T18:47:47.481+0100] {processor.py:161} INFO - Started process (PID=10621) to work on /home/ubuntu/.local/lib/python3.10/site-packages/airflow/example_dags/tutorial_taskflow_api_virtualenv.py
[2024-01-27T18:47:47.506+0100] {processor.py:830} INFO - Processing file /home/ubuntu/.local/lib/python3.10/site-packages/airflow/example_dags/tutorial_taskflow_api_virtualenv.py for tasks to queue
[2024-01-27T18:47:47.562+0100] {logging_mixin.py:188} INFO - [2024-01-27T18:47:47.507+0100] {dagbag.py:538} INFO - Filling up the DagBag from /home/ubuntu/.local/lib/python3.10/site-packages/airflow/example_dags/tutorial_taskflow_api_virtualenv.py
[2024-01-27T18:47:47.689+0100] {processor.py:840} INFO - DAG(s) 'tutorial_taskflow_api_virtualenv' retrieved from /home/ubuntu/.local/lib/python3.10/site-packages/airflow/example_dags/tutorial_taskflow_api_virtualenv.py
[2024-01-27T18:47:47.884+0100] {logging_mixin.py:188} INFO - [2024-01-27T18:47:47.883+0100] {dag.py:3033} INFO - Sync 1 DAGs
[2024-01-27T18:47:48.000+0100] {logging_mixin.py:188} INFO - [2024-01-27T18:47:47.999+0100] {dag.py:3820} INFO - Setting next_dagrun for tutorial_taskflow_api_virtualenv to None, run_after=None
[2024-01-27T18:47:48.587+0100] {processor.py:183} INFO - Processing /home/ubuntu/.local/lib/python3.10/site-packages/airflow/example_dags/tutorial_taskflow_api_virtualenv.py took 1.145 seconds
[2024-01-27T18:49:26.031+0100] {processor.py:161} INFO - Started process (PID=10680) to work on /home/ubuntu/.local/lib/python3.10/site-packages/airflow/example_dags/tutorial_taskflow_api_virtualenv.py
[2024-01-27T18:49:26.049+0100] {processor.py:830} INFO - Processing file /home/ubuntu/.local/lib/python3.10/site-packages/airflow/example_dags/tutorial_taskflow_api_virtualenv.py for tasks to queue
[2024-01-27T18:49:26.051+0100] {logging_mixin.py:188} INFO - [2024-01-27T18:49:26.050+0100] {dagbag.py:538} INFO - Filling up the DagBag from /home/ubuntu/.local/lib/python3.10/site-packages/airflow/example_dags/tutorial_taskflow_api_virtualenv.py
[2024-01-27T18:49:26.088+0100] {processor.py:840} INFO - DAG(s) 'tutorial_taskflow_api_virtualenv' retrieved from /home/ubuntu/.local/lib/python3.10/site-packages/airflow/example_dags/tutorial_taskflow_api_virtualenv.py
[2024-01-27T18:49:26.164+0100] {logging_mixin.py:188} INFO - [2024-01-27T18:49:26.163+0100] {dag.py:3033} INFO - Sync 1 DAGs
[2024-01-27T18:49:26.244+0100] {logging_mixin.py:188} INFO - [2024-01-27T18:49:26.244+0100] {dag.py:3820} INFO - Setting next_dagrun for tutorial_taskflow_api_virtualenv to None, run_after=None
[2024-01-27T18:49:26.935+0100] {processor.py:183} INFO - Processing /home/ubuntu/.local/lib/python3.10/site-packages/airflow/example_dags/tutorial_taskflow_api_virtualenv.py took 0.947 seconds
[2024-01-27T18:51:08.476+0100] {processor.py:161} INFO - Started process (PID=10735) to work on /home/ubuntu/.local/lib/python3.10/site-packages/airflow/example_dags/tutorial_taskflow_api_virtualenv.py
[2024-01-27T18:51:08.577+0100] {processor.py:830} INFO - Processing file /home/ubuntu/.local/lib/python3.10/site-packages/airflow/example_dags/tutorial_taskflow_api_virtualenv.py for tasks to queue
[2024-01-27T18:51:08.585+0100] {logging_mixin.py:188} INFO - [2024-01-27T18:51:08.578+0100] {dagbag.py:538} INFO - Filling up the DagBag from /home/ubuntu/.local/lib/python3.10/site-packages/airflow/example_dags/tutorial_taskflow_api_virtualenv.py
[2024-01-27T18:51:08.635+0100] {processor.py:840} INFO - DAG(s) 'tutorial_taskflow_api_virtualenv' retrieved from /home/ubuntu/.local/lib/python3.10/site-packages/airflow/example_dags/tutorial_taskflow_api_virtualenv.py
[2024-01-27T18:51:08.740+0100] {logging_mixin.py:188} INFO - [2024-01-27T18:51:08.740+0100] {dag.py:3033} INFO - Sync 1 DAGs
[2024-01-27T18:51:08.760+0100] {logging_mixin.py:188} INFO - [2024-01-27T18:51:08.759+0100] {dag.py:3820} INFO - Setting next_dagrun for tutorial_taskflow_api_virtualenv to None, run_after=None
[2024-01-27T18:51:09.239+0100] {processor.py:183} INFO - Processing /home/ubuntu/.local/lib/python3.10/site-packages/airflow/example_dags/tutorial_taskflow_api_virtualenv.py took 0.798 seconds
[2024-01-27T18:53:08.257+0100] {processor.py:161} INFO - Started process (PID=10794) to work on /home/ubuntu/.local/lib/python3.10/site-packages/airflow/example_dags/tutorial_taskflow_api_virtualenv.py
[2024-01-27T18:53:08.326+0100] {processor.py:830} INFO - Processing file /home/ubuntu/.local/lib/python3.10/site-packages/airflow/example_dags/tutorial_taskflow_api_virtualenv.py for tasks to queue
[2024-01-27T18:53:08.336+0100] {logging_mixin.py:188} INFO - [2024-01-27T18:53:08.335+0100] {dagbag.py:538} INFO - Filling up the DagBag from /home/ubuntu/.local/lib/python3.10/site-packages/airflow/example_dags/tutorial_taskflow_api_virtualenv.py
[2024-01-27T18:53:08.420+0100] {processor.py:840} INFO - DAG(s) 'tutorial_taskflow_api_virtualenv' retrieved from /home/ubuntu/.local/lib/python3.10/site-packages/airflow/example_dags/tutorial_taskflow_api_virtualenv.py
[2024-01-27T18:53:09.482+0100] {logging_mixin.py:188} INFO - [2024-01-27T18:53:09.482+0100] {dag.py:3033} INFO - Sync 1 DAGs
[2024-01-27T18:53:09.614+0100] {logging_mixin.py:188} INFO - [2024-01-27T18:53:09.614+0100] {dag.py:3820} INFO - Setting next_dagrun for tutorial_taskflow_api_virtualenv to None, run_after=None
[2024-01-27T18:53:10.570+0100] {processor.py:183} INFO - Processing /home/ubuntu/.local/lib/python3.10/site-packages/airflow/example_dags/tutorial_taskflow_api_virtualenv.py took 2.355 seconds
[2024-01-27T18:55:42.519+0100] {processor.py:161} INFO - Started process (PID=10851) to work on /home/ubuntu/.local/lib/python3.10/site-packages/airflow/example_dags/tutorial_taskflow_api_virtualenv.py
[2024-01-27T18:55:42.584+0100] {processor.py:830} INFO - Processing file /home/ubuntu/.local/lib/python3.10/site-packages/airflow/example_dags/tutorial_taskflow_api_virtualenv.py for tasks to queue
[2024-01-27T18:55:42.586+0100] {logging_mixin.py:188} INFO - [2024-01-27T18:55:42.585+0100] {dagbag.py:538} INFO - Filling up the DagBag from /home/ubuntu/.local/lib/python3.10/site-packages/airflow/example_dags/tutorial_taskflow_api_virtualenv.py
[2024-01-27T18:55:42.710+0100] {processor.py:840} INFO - DAG(s) 'tutorial_taskflow_api_virtualenv' retrieved from /home/ubuntu/.local/lib/python3.10/site-packages/airflow/example_dags/tutorial_taskflow_api_virtualenv.py
[2024-01-27T18:55:43.063+0100] {logging_mixin.py:188} INFO - [2024-01-27T18:55:43.053+0100] {dag.py:3033} INFO - Sync 1 DAGs
[2024-01-27T18:55:43.179+0100] {logging_mixin.py:188} INFO - [2024-01-27T18:55:43.169+0100] {dag.py:3820} INFO - Setting next_dagrun for tutorial_taskflow_api_virtualenv to None, run_after=None
[2024-01-27T18:55:43.841+0100] {processor.py:183} INFO - Processing /home/ubuntu/.local/lib/python3.10/site-packages/airflow/example_dags/tutorial_taskflow_api_virtualenv.py took 1.404 seconds
[2024-01-27T18:58:16.080+0100] {processor.py:161} INFO - Started process (PID=10933) to work on /home/ubuntu/.local/lib/python3.10/site-packages/airflow/example_dags/tutorial_taskflow_api_virtualenv.py
[2024-01-27T18:58:16.084+0100] {processor.py:830} INFO - Processing file /home/ubuntu/.local/lib/python3.10/site-packages/airflow/example_dags/tutorial_taskflow_api_virtualenv.py for tasks to queue
[2024-01-27T18:58:16.086+0100] {logging_mixin.py:188} INFO - [2024-01-27T18:58:16.085+0100] {dagbag.py:538} INFO - Filling up the DagBag from /home/ubuntu/.local/lib/python3.10/site-packages/airflow/example_dags/tutorial_taskflow_api_virtualenv.py
[2024-01-27T18:58:16.103+0100] {processor.py:840} INFO - DAG(s) 'tutorial_taskflow_api_virtualenv' retrieved from /home/ubuntu/.local/lib/python3.10/site-packages/airflow/example_dags/tutorial_taskflow_api_virtualenv.py
[2024-01-27T18:58:16.468+0100] {logging_mixin.py:188} INFO - [2024-01-27T18:58:16.468+0100] {dag.py:3033} INFO - Sync 1 DAGs
[2024-01-27T18:58:16.495+0100] {logging_mixin.py:188} INFO - [2024-01-27T18:58:16.494+0100] {dag.py:3820} INFO - Setting next_dagrun for tutorial_taskflow_api_virtualenv to None, run_after=None
[2024-01-27T18:58:17.068+0100] {processor.py:183} INFO - Processing /home/ubuntu/.local/lib/python3.10/site-packages/airflow/example_dags/tutorial_taskflow_api_virtualenv.py took 0.997 seconds
[2024-01-27T19:00:21.355+0100] {processor.py:161} INFO - Started process (PID=10989) to work on /home/ubuntu/.local/lib/python3.10/site-packages/airflow/example_dags/tutorial_taskflow_api_virtualenv.py
[2024-01-27T19:00:21.462+0100] {processor.py:830} INFO - Processing file /home/ubuntu/.local/lib/python3.10/site-packages/airflow/example_dags/tutorial_taskflow_api_virtualenv.py for tasks to queue
[2024-01-27T19:00:21.480+0100] {logging_mixin.py:188} INFO - [2024-01-27T19:00:21.479+0100] {dagbag.py:538} INFO - Filling up the DagBag from /home/ubuntu/.local/lib/python3.10/site-packages/airflow/example_dags/tutorial_taskflow_api_virtualenv.py
[2024-01-27T19:00:21.575+0100] {processor.py:840} INFO - DAG(s) 'tutorial_taskflow_api_virtualenv' retrieved from /home/ubuntu/.local/lib/python3.10/site-packages/airflow/example_dags/tutorial_taskflow_api_virtualenv.py
[2024-01-27T19:00:21.705+0100] {logging_mixin.py:188} INFO - [2024-01-27T19:00:21.704+0100] {dag.py:3033} INFO - Sync 1 DAGs
[2024-01-27T19:00:21.799+0100] {logging_mixin.py:188} INFO - [2024-01-27T19:00:21.799+0100] {dag.py:3820} INFO - Setting next_dagrun for tutorial_taskflow_api_virtualenv to None, run_after=None
[2024-01-27T19:00:22.513+0100] {processor.py:183} INFO - Processing /home/ubuntu/.local/lib/python3.10/site-packages/airflow/example_dags/tutorial_taskflow_api_virtualenv.py took 1.209 seconds
[2024-01-27T19:02:29.231+0100] {processor.py:161} INFO - Started process (PID=11045) to work on /home/ubuntu/.local/lib/python3.10/site-packages/airflow/example_dags/tutorial_taskflow_api_virtualenv.py
[2024-01-27T19:02:29.287+0100] {processor.py:830} INFO - Processing file /home/ubuntu/.local/lib/python3.10/site-packages/airflow/example_dags/tutorial_taskflow_api_virtualenv.py for tasks to queue
[2024-01-27T19:02:29.321+0100] {logging_mixin.py:188} INFO - [2024-01-27T19:02:29.310+0100] {dagbag.py:538} INFO - Filling up the DagBag from /home/ubuntu/.local/lib/python3.10/site-packages/airflow/example_dags/tutorial_taskflow_api_virtualenv.py
[2024-01-27T19:02:29.398+0100] {processor.py:840} INFO - DAG(s) 'tutorial_taskflow_api_virtualenv' retrieved from /home/ubuntu/.local/lib/python3.10/site-packages/airflow/example_dags/tutorial_taskflow_api_virtualenv.py
[2024-01-27T19:02:29.561+0100] {logging_mixin.py:188} INFO - [2024-01-27T19:02:29.560+0100] {dag.py:3033} INFO - Sync 1 DAGs
[2024-01-27T19:02:29.691+0100] {logging_mixin.py:188} INFO - [2024-01-27T19:02:29.681+0100] {dag.py:3820} INFO - Setting next_dagrun for tutorial_taskflow_api_virtualenv to None, run_after=None
[2024-01-27T19:02:30.851+0100] {processor.py:183} INFO - Processing /home/ubuntu/.local/lib/python3.10/site-packages/airflow/example_dags/tutorial_taskflow_api_virtualenv.py took 1.693 seconds
[2024-01-27T19:04:47.207+0100] {processor.py:161} INFO - Started process (PID=11102) to work on /home/ubuntu/.local/lib/python3.10/site-packages/airflow/example_dags/tutorial_taskflow_api_virtualenv.py
[2024-01-27T19:04:47.333+0100] {processor.py:830} INFO - Processing file /home/ubuntu/.local/lib/python3.10/site-packages/airflow/example_dags/tutorial_taskflow_api_virtualenv.py for tasks to queue
[2024-01-27T19:04:47.335+0100] {logging_mixin.py:188} INFO - [2024-01-27T19:04:47.334+0100] {dagbag.py:538} INFO - Filling up the DagBag from /home/ubuntu/.local/lib/python3.10/site-packages/airflow/example_dags/tutorial_taskflow_api_virtualenv.py
[2024-01-27T19:04:47.413+0100] {processor.py:840} INFO - DAG(s) 'tutorial_taskflow_api_virtualenv' retrieved from /home/ubuntu/.local/lib/python3.10/site-packages/airflow/example_dags/tutorial_taskflow_api_virtualenv.py
[2024-01-27T19:04:47.660+0100] {logging_mixin.py:188} INFO - [2024-01-27T19:04:47.652+0100] {dag.py:3033} INFO - Sync 1 DAGs
[2024-01-27T19:04:47.829+0100] {logging_mixin.py:188} INFO - [2024-01-27T19:04:47.828+0100] {dag.py:3820} INFO - Setting next_dagrun for tutorial_taskflow_api_virtualenv to None, run_after=None
[2024-01-27T19:04:48.738+0100] {processor.py:183} INFO - Processing /home/ubuntu/.local/lib/python3.10/site-packages/airflow/example_dags/tutorial_taskflow_api_virtualenv.py took 1.620 seconds
[2024-01-27T19:06:58.825+0100] {processor.py:161} INFO - Started process (PID=11157) to work on /home/ubuntu/.local/lib/python3.10/site-packages/airflow/example_dags/tutorial_taskflow_api_virtualenv.py
[2024-01-27T19:06:58.957+0100] {processor.py:830} INFO - Processing file /home/ubuntu/.local/lib/python3.10/site-packages/airflow/example_dags/tutorial_taskflow_api_virtualenv.py for tasks to queue
[2024-01-27T19:06:58.989+0100] {logging_mixin.py:188} INFO - [2024-01-27T19:06:58.973+0100] {dagbag.py:538} INFO - Filling up the DagBag from /home/ubuntu/.local/lib/python3.10/site-packages/airflow/example_dags/tutorial_taskflow_api_virtualenv.py
[2024-01-27T19:06:59.126+0100] {processor.py:840} INFO - DAG(s) 'tutorial_taskflow_api_virtualenv' retrieved from /home/ubuntu/.local/lib/python3.10/site-packages/airflow/example_dags/tutorial_taskflow_api_virtualenv.py
[2024-01-27T19:06:59.309+0100] {logging_mixin.py:188} INFO - [2024-01-27T19:06:59.308+0100] {dag.py:3033} INFO - Sync 1 DAGs
[2024-01-27T19:06:59.426+0100] {logging_mixin.py:188} INFO - [2024-01-27T19:06:59.426+0100] {dag.py:3820} INFO - Setting next_dagrun for tutorial_taskflow_api_virtualenv to None, run_after=None
[2024-01-27T19:07:00.107+0100] {processor.py:183} INFO - Processing /home/ubuntu/.local/lib/python3.10/site-packages/airflow/example_dags/tutorial_taskflow_api_virtualenv.py took 1.324 seconds
[2024-01-27T19:09:22.574+0100] {processor.py:161} INFO - Started process (PID=11214) to work on /home/ubuntu/.local/lib/python3.10/site-packages/airflow/example_dags/tutorial_taskflow_api_virtualenv.py
[2024-01-27T19:09:22.621+0100] {processor.py:830} INFO - Processing file /home/ubuntu/.local/lib/python3.10/site-packages/airflow/example_dags/tutorial_taskflow_api_virtualenv.py for tasks to queue
[2024-01-27T19:09:22.633+0100] {logging_mixin.py:188} INFO - [2024-01-27T19:09:22.631+0100] {dagbag.py:538} INFO - Filling up the DagBag from /home/ubuntu/.local/lib/python3.10/site-packages/airflow/example_dags/tutorial_taskflow_api_virtualenv.py
[2024-01-27T19:09:22.695+0100] {processor.py:840} INFO - DAG(s) 'tutorial_taskflow_api_virtualenv' retrieved from /home/ubuntu/.local/lib/python3.10/site-packages/airflow/example_dags/tutorial_taskflow_api_virtualenv.py
[2024-01-27T19:09:22.852+0100] {logging_mixin.py:188} INFO - [2024-01-27T19:09:22.841+0100] {dag.py:3033} INFO - Sync 1 DAGs
[2024-01-27T19:09:22.930+0100] {logging_mixin.py:188} INFO - [2024-01-27T19:09:22.929+0100] {dag.py:3820} INFO - Setting next_dagrun for tutorial_taskflow_api_virtualenv to None, run_after=None
[2024-01-27T19:09:23.599+0100] {processor.py:183} INFO - Processing /home/ubuntu/.local/lib/python3.10/site-packages/airflow/example_dags/tutorial_taskflow_api_virtualenv.py took 1.065 seconds
