[2024-01-27T17:53:32.131+0100] {processor.py:161} INFO - Started process (PID=8311) to work on /home/ubuntu/.local/lib/python3.10/site-packages/airflow/example_dags/plugins/listener_plugin.py
[2024-01-27T17:53:32.132+0100] {processor.py:830} INFO - Processing file /home/ubuntu/.local/lib/python3.10/site-packages/airflow/example_dags/plugins/listener_plugin.py for tasks to queue
[2024-01-27T17:53:32.133+0100] {logging_mixin.py:188} INFO - [2024-01-27T17:53:32.133+0100] {dagbag.py:538} INFO - Filling up the DagBag from /home/ubuntu/.local/lib/python3.10/site-packages/airflow/example_dags/plugins/listener_plugin.py
[2024-01-27T17:53:32.137+0100] {processor.py:842} WARNING - No viable dags retrieved from /home/ubuntu/.local/lib/python3.10/site-packages/airflow/example_dags/plugins/listener_plugin.py
[2024-01-27T17:53:32.150+0100] {processor.py:183} INFO - Processing /home/ubuntu/.local/lib/python3.10/site-packages/airflow/example_dags/plugins/listener_plugin.py took 0.023 seconds
[2024-01-27T17:54:43.950+0100] {processor.py:161} INFO - Started process (PID=8374) to work on /home/ubuntu/.local/lib/python3.10/site-packages/airflow/example_dags/plugins/listener_plugin.py
[2024-01-27T17:54:43.953+0100] {processor.py:830} INFO - Processing file /home/ubuntu/.local/lib/python3.10/site-packages/airflow/example_dags/plugins/listener_plugin.py for tasks to queue
[2024-01-27T17:54:43.954+0100] {logging_mixin.py:188} INFO - [2024-01-27T17:54:43.954+0100] {dagbag.py:538} INFO - Filling up the DagBag from /home/ubuntu/.local/lib/python3.10/site-packages/airflow/example_dags/plugins/listener_plugin.py
[2024-01-27T17:54:43.958+0100] {processor.py:842} WARNING - No viable dags retrieved from /home/ubuntu/.local/lib/python3.10/site-packages/airflow/example_dags/plugins/listener_plugin.py
[2024-01-27T17:54:43.971+0100] {processor.py:183} INFO - Processing /home/ubuntu/.local/lib/python3.10/site-packages/airflow/example_dags/plugins/listener_plugin.py took 0.027 seconds
[2024-01-27T17:55:55.253+0100] {processor.py:161} INFO - Started process (PID=8436) to work on /home/ubuntu/.local/lib/python3.10/site-packages/airflow/example_dags/plugins/listener_plugin.py
[2024-01-27T17:55:55.258+0100] {processor.py:830} INFO - Processing file /home/ubuntu/.local/lib/python3.10/site-packages/airflow/example_dags/plugins/listener_plugin.py for tasks to queue
[2024-01-27T17:55:55.259+0100] {logging_mixin.py:188} INFO - [2024-01-27T17:55:55.258+0100] {dagbag.py:538} INFO - Filling up the DagBag from /home/ubuntu/.local/lib/python3.10/site-packages/airflow/example_dags/plugins/listener_plugin.py
[2024-01-27T17:55:55.267+0100] {processor.py:842} WARNING - No viable dags retrieved from /home/ubuntu/.local/lib/python3.10/site-packages/airflow/example_dags/plugins/listener_plugin.py
[2024-01-27T17:55:55.303+0100] {processor.py:183} INFO - Processing /home/ubuntu/.local/lib/python3.10/site-packages/airflow/example_dags/plugins/listener_plugin.py took 0.051 seconds
[2024-01-27T17:57:10.387+0100] {processor.py:161} INFO - Started process (PID=8508) to work on /home/ubuntu/.local/lib/python3.10/site-packages/airflow/example_dags/plugins/listener_plugin.py
[2024-01-27T17:57:10.407+0100] {processor.py:830} INFO - Processing file /home/ubuntu/.local/lib/python3.10/site-packages/airflow/example_dags/plugins/listener_plugin.py for tasks to queue
[2024-01-27T17:57:10.408+0100] {logging_mixin.py:188} INFO - [2024-01-27T17:57:10.407+0100] {dagbag.py:538} INFO - Filling up the DagBag from /home/ubuntu/.local/lib/python3.10/site-packages/airflow/example_dags/plugins/listener_plugin.py
[2024-01-27T17:57:10.415+0100] {processor.py:842} WARNING - No viable dags retrieved from /home/ubuntu/.local/lib/python3.10/site-packages/airflow/example_dags/plugins/listener_plugin.py
[2024-01-27T17:57:10.456+0100] {processor.py:183} INFO - Processing /home/ubuntu/.local/lib/python3.10/site-packages/airflow/example_dags/plugins/listener_plugin.py took 0.073 seconds
[2024-01-27T17:58:24.635+0100] {processor.py:161} INFO - Started process (PID=8608) to work on /home/ubuntu/.local/lib/python3.10/site-packages/airflow/example_dags/plugins/listener_plugin.py
[2024-01-27T17:58:24.637+0100] {processor.py:830} INFO - Processing file /home/ubuntu/.local/lib/python3.10/site-packages/airflow/example_dags/plugins/listener_plugin.py for tasks to queue
[2024-01-27T17:58:24.639+0100] {logging_mixin.py:188} INFO - [2024-01-27T17:58:24.638+0100] {dagbag.py:538} INFO - Filling up the DagBag from /home/ubuntu/.local/lib/python3.10/site-packages/airflow/example_dags/plugins/listener_plugin.py
[2024-01-27T17:58:24.644+0100] {processor.py:842} WARNING - No viable dags retrieved from /home/ubuntu/.local/lib/python3.10/site-packages/airflow/example_dags/plugins/listener_plugin.py
[2024-01-27T17:58:24.666+0100] {processor.py:183} INFO - Processing /home/ubuntu/.local/lib/python3.10/site-packages/airflow/example_dags/plugins/listener_plugin.py took 0.037 seconds
[2024-01-27T17:59:37.244+0100] {processor.py:161} INFO - Started process (PID=8699) to work on /home/ubuntu/.local/lib/python3.10/site-packages/airflow/example_dags/plugins/listener_plugin.py
[2024-01-27T17:59:37.295+0100] {processor.py:830} INFO - Processing file /home/ubuntu/.local/lib/python3.10/site-packages/airflow/example_dags/plugins/listener_plugin.py for tasks to queue
[2024-01-27T17:59:37.296+0100] {logging_mixin.py:188} INFO - [2024-01-27T17:59:37.295+0100] {dagbag.py:538} INFO - Filling up the DagBag from /home/ubuntu/.local/lib/python3.10/site-packages/airflow/example_dags/plugins/listener_plugin.py
[2024-01-27T17:59:37.335+0100] {processor.py:842} WARNING - No viable dags retrieved from /home/ubuntu/.local/lib/python3.10/site-packages/airflow/example_dags/plugins/listener_plugin.py
[2024-01-27T17:59:37.356+0100] {processor.py:183} INFO - Processing /home/ubuntu/.local/lib/python3.10/site-packages/airflow/example_dags/plugins/listener_plugin.py took 0.120 seconds
[2024-01-27T18:00:47.599+0100] {processor.py:161} INFO - Started process (PID=8762) to work on /home/ubuntu/.local/lib/python3.10/site-packages/airflow/example_dags/plugins/listener_plugin.py
[2024-01-27T18:00:47.602+0100] {processor.py:830} INFO - Processing file /home/ubuntu/.local/lib/python3.10/site-packages/airflow/example_dags/plugins/listener_plugin.py for tasks to queue
[2024-01-27T18:00:47.603+0100] {logging_mixin.py:188} INFO - [2024-01-27T18:00:47.602+0100] {dagbag.py:538} INFO - Filling up the DagBag from /home/ubuntu/.local/lib/python3.10/site-packages/airflow/example_dags/plugins/listener_plugin.py
[2024-01-27T18:00:47.607+0100] {processor.py:842} WARNING - No viable dags retrieved from /home/ubuntu/.local/lib/python3.10/site-packages/airflow/example_dags/plugins/listener_plugin.py
[2024-01-27T18:00:47.635+0100] {processor.py:183} INFO - Processing /home/ubuntu/.local/lib/python3.10/site-packages/airflow/example_dags/plugins/listener_plugin.py took 0.040 seconds
[2024-01-27T18:02:16.132+0100] {processor.py:161} INFO - Started process (PID=8829) to work on /home/ubuntu/.local/lib/python3.10/site-packages/airflow/example_dags/plugins/listener_plugin.py
[2024-01-27T18:02:16.182+0100] {processor.py:830} INFO - Processing file /home/ubuntu/.local/lib/python3.10/site-packages/airflow/example_dags/plugins/listener_plugin.py for tasks to queue
[2024-01-27T18:02:16.184+0100] {logging_mixin.py:188} INFO - [2024-01-27T18:02:16.183+0100] {dagbag.py:538} INFO - Filling up the DagBag from /home/ubuntu/.local/lib/python3.10/site-packages/airflow/example_dags/plugins/listener_plugin.py
[2024-01-27T18:02:16.198+0100] {processor.py:842} WARNING - No viable dags retrieved from /home/ubuntu/.local/lib/python3.10/site-packages/airflow/example_dags/plugins/listener_plugin.py
[2024-01-27T18:02:16.344+0100] {processor.py:183} INFO - Processing /home/ubuntu/.local/lib/python3.10/site-packages/airflow/example_dags/plugins/listener_plugin.py took 0.283 seconds
[2024-01-27T18:03:30.256+0100] {processor.py:161} INFO - Started process (PID=8880) to work on /home/ubuntu/.local/lib/python3.10/site-packages/airflow/example_dags/plugins/listener_plugin.py
[2024-01-27T18:03:30.280+0100] {processor.py:830} INFO - Processing file /home/ubuntu/.local/lib/python3.10/site-packages/airflow/example_dags/plugins/listener_plugin.py for tasks to queue
[2024-01-27T18:03:30.288+0100] {logging_mixin.py:188} INFO - [2024-01-27T18:03:30.287+0100] {dagbag.py:538} INFO - Filling up the DagBag from /home/ubuntu/.local/lib/python3.10/site-packages/airflow/example_dags/plugins/listener_plugin.py
[2024-01-27T18:03:30.316+0100] {processor.py:842} WARNING - No viable dags retrieved from /home/ubuntu/.local/lib/python3.10/site-packages/airflow/example_dags/plugins/listener_plugin.py
[2024-01-27T18:03:30.387+0100] {processor.py:183} INFO - Processing /home/ubuntu/.local/lib/python3.10/site-packages/airflow/example_dags/plugins/listener_plugin.py took 0.161 seconds
[2024-01-27T18:05:09.451+0100] {processor.py:161} INFO - Started process (PID=8928) to work on /home/ubuntu/.local/lib/python3.10/site-packages/airflow/example_dags/plugins/listener_plugin.py
[2024-01-27T18:05:09.473+0100] {processor.py:830} INFO - Processing file /home/ubuntu/.local/lib/python3.10/site-packages/airflow/example_dags/plugins/listener_plugin.py for tasks to queue
[2024-01-27T18:05:09.475+0100] {logging_mixin.py:188} INFO - [2024-01-27T18:05:09.474+0100] {dagbag.py:538} INFO - Filling up the DagBag from /home/ubuntu/.local/lib/python3.10/site-packages/airflow/example_dags/plugins/listener_plugin.py
[2024-01-27T18:05:09.493+0100] {processor.py:842} WARNING - No viable dags retrieved from /home/ubuntu/.local/lib/python3.10/site-packages/airflow/example_dags/plugins/listener_plugin.py
[2024-01-27T18:05:09.539+0100] {processor.py:183} INFO - Processing /home/ubuntu/.local/lib/python3.10/site-packages/airflow/example_dags/plugins/listener_plugin.py took 0.106 seconds
[2024-01-27T18:06:56.615+0100] {processor.py:161} INFO - Started process (PID=8978) to work on /home/ubuntu/.local/lib/python3.10/site-packages/airflow/example_dags/plugins/listener_plugin.py
[2024-01-27T18:06:56.657+0100] {processor.py:830} INFO - Processing file /home/ubuntu/.local/lib/python3.10/site-packages/airflow/example_dags/plugins/listener_plugin.py for tasks to queue
[2024-01-27T18:06:56.671+0100] {logging_mixin.py:188} INFO - [2024-01-27T18:06:56.658+0100] {dagbag.py:538} INFO - Filling up the DagBag from /home/ubuntu/.local/lib/python3.10/site-packages/airflow/example_dags/plugins/listener_plugin.py
[2024-01-27T18:06:56.708+0100] {processor.py:842} WARNING - No viable dags retrieved from /home/ubuntu/.local/lib/python3.10/site-packages/airflow/example_dags/plugins/listener_plugin.py
[2024-01-27T18:06:56.819+0100] {processor.py:183} INFO - Processing /home/ubuntu/.local/lib/python3.10/site-packages/airflow/example_dags/plugins/listener_plugin.py took 0.262 seconds
[2024-01-27T18:08:56.964+0100] {processor.py:161} INFO - Started process (PID=9044) to work on /home/ubuntu/.local/lib/python3.10/site-packages/airflow/example_dags/plugins/listener_plugin.py
[2024-01-27T18:08:57.014+0100] {processor.py:830} INFO - Processing file /home/ubuntu/.local/lib/python3.10/site-packages/airflow/example_dags/plugins/listener_plugin.py for tasks to queue
[2024-01-27T18:08:57.041+0100] {logging_mixin.py:188} INFO - [2024-01-27T18:08:57.040+0100] {dagbag.py:538} INFO - Filling up the DagBag from /home/ubuntu/.local/lib/python3.10/site-packages/airflow/example_dags/plugins/listener_plugin.py
[2024-01-27T18:08:57.054+0100] {processor.py:842} WARNING - No viable dags retrieved from /home/ubuntu/.local/lib/python3.10/site-packages/airflow/example_dags/plugins/listener_plugin.py
[2024-01-27T18:08:57.151+0100] {processor.py:183} INFO - Processing /home/ubuntu/.local/lib/python3.10/site-packages/airflow/example_dags/plugins/listener_plugin.py took 0.221 seconds
[2024-01-27T18:10:43.244+0100] {processor.py:161} INFO - Started process (PID=9142) to work on /home/ubuntu/.local/lib/python3.10/site-packages/airflow/example_dags/plugins/listener_plugin.py
[2024-01-27T18:10:43.287+0100] {processor.py:830} INFO - Processing file /home/ubuntu/.local/lib/python3.10/site-packages/airflow/example_dags/plugins/listener_plugin.py for tasks to queue
[2024-01-27T18:10:43.289+0100] {logging_mixin.py:188} INFO - [2024-01-27T18:10:43.288+0100] {dagbag.py:538} INFO - Filling up the DagBag from /home/ubuntu/.local/lib/python3.10/site-packages/airflow/example_dags/plugins/listener_plugin.py
[2024-01-27T18:10:43.298+0100] {processor.py:842} WARNING - No viable dags retrieved from /home/ubuntu/.local/lib/python3.10/site-packages/airflow/example_dags/plugins/listener_plugin.py
[2024-01-27T18:10:43.425+0100] {processor.py:183} INFO - Processing /home/ubuntu/.local/lib/python3.10/site-packages/airflow/example_dags/plugins/listener_plugin.py took 0.216 seconds
[2024-01-27T18:12:27.772+0100] {processor.py:161} INFO - Started process (PID=9198) to work on /home/ubuntu/.local/lib/python3.10/site-packages/airflow/example_dags/plugins/listener_plugin.py
[2024-01-27T18:12:27.780+0100] {processor.py:830} INFO - Processing file /home/ubuntu/.local/lib/python3.10/site-packages/airflow/example_dags/plugins/listener_plugin.py for tasks to queue
[2024-01-27T18:12:27.782+0100] {logging_mixin.py:188} INFO - [2024-01-27T18:12:27.782+0100] {dagbag.py:538} INFO - Filling up the DagBag from /home/ubuntu/.local/lib/python3.10/site-packages/airflow/example_dags/plugins/listener_plugin.py
[2024-01-27T18:12:27.787+0100] {processor.py:842} WARNING - No viable dags retrieved from /home/ubuntu/.local/lib/python3.10/site-packages/airflow/example_dags/plugins/listener_plugin.py
[2024-01-27T18:12:27.813+0100] {processor.py:183} INFO - Processing /home/ubuntu/.local/lib/python3.10/site-packages/airflow/example_dags/plugins/listener_plugin.py took 0.056 seconds
[2024-01-27T18:14:10.240+0100] {processor.py:161} INFO - Started process (PID=9250) to work on /home/ubuntu/.local/lib/python3.10/site-packages/airflow/example_dags/plugins/listener_plugin.py
[2024-01-27T18:14:10.273+0100] {processor.py:830} INFO - Processing file /home/ubuntu/.local/lib/python3.10/site-packages/airflow/example_dags/plugins/listener_plugin.py for tasks to queue
[2024-01-27T18:14:10.281+0100] {logging_mixin.py:188} INFO - [2024-01-27T18:14:10.274+0100] {dagbag.py:538} INFO - Filling up the DagBag from /home/ubuntu/.local/lib/python3.10/site-packages/airflow/example_dags/plugins/listener_plugin.py
[2024-01-27T18:14:10.305+0100] {processor.py:842} WARNING - No viable dags retrieved from /home/ubuntu/.local/lib/python3.10/site-packages/airflow/example_dags/plugins/listener_plugin.py
[2024-01-27T18:14:10.452+0100] {processor.py:183} INFO - Processing /home/ubuntu/.local/lib/python3.10/site-packages/airflow/example_dags/plugins/listener_plugin.py took 0.228 seconds
[2024-01-27T18:15:57.327+0100] {processor.py:161} INFO - Started process (PID=9299) to work on /home/ubuntu/.local/lib/python3.10/site-packages/airflow/example_dags/plugins/listener_plugin.py
[2024-01-27T18:15:57.333+0100] {processor.py:830} INFO - Processing file /home/ubuntu/.local/lib/python3.10/site-packages/airflow/example_dags/plugins/listener_plugin.py for tasks to queue
[2024-01-27T18:15:57.336+0100] {logging_mixin.py:188} INFO - [2024-01-27T18:15:57.335+0100] {dagbag.py:538} INFO - Filling up the DagBag from /home/ubuntu/.local/lib/python3.10/site-packages/airflow/example_dags/plugins/listener_plugin.py
[2024-01-27T18:15:57.368+0100] {processor.py:842} WARNING - No viable dags retrieved from /home/ubuntu/.local/lib/python3.10/site-packages/airflow/example_dags/plugins/listener_plugin.py
[2024-01-27T18:15:57.949+0100] {processor.py:183} INFO - Processing /home/ubuntu/.local/lib/python3.10/site-packages/airflow/example_dags/plugins/listener_plugin.py took 0.629 seconds
[2024-01-27T18:17:41.133+0100] {processor.py:161} INFO - Started process (PID=9362) to work on /home/ubuntu/.local/lib/python3.10/site-packages/airflow/example_dags/plugins/listener_plugin.py
[2024-01-27T18:17:41.207+0100] {processor.py:830} INFO - Processing file /home/ubuntu/.local/lib/python3.10/site-packages/airflow/example_dags/plugins/listener_plugin.py for tasks to queue
[2024-01-27T18:17:41.749+0100] {logging_mixin.py:188} INFO - [2024-01-27T18:17:41.209+0100] {dagbag.py:538} INFO - Filling up the DagBag from /home/ubuntu/.local/lib/python3.10/site-packages/airflow/example_dags/plugins/listener_plugin.py
[2024-01-27T18:17:41.816+0100] {processor.py:842} WARNING - No viable dags retrieved from /home/ubuntu/.local/lib/python3.10/site-packages/airflow/example_dags/plugins/listener_plugin.py
[2024-01-27T18:17:41.879+0100] {processor.py:183} INFO - Processing /home/ubuntu/.local/lib/python3.10/site-packages/airflow/example_dags/plugins/listener_plugin.py took 0.763 seconds
[2024-01-27T18:19:22.379+0100] {processor.py:161} INFO - Started process (PID=9504) to work on /home/ubuntu/.local/lib/python3.10/site-packages/airflow/example_dags/plugins/listener_plugin.py
[2024-01-27T18:19:22.451+0100] {processor.py:830} INFO - Processing file /home/ubuntu/.local/lib/python3.10/site-packages/airflow/example_dags/plugins/listener_plugin.py for tasks to queue
[2024-01-27T18:19:22.453+0100] {logging_mixin.py:188} INFO - [2024-01-27T18:19:22.452+0100] {dagbag.py:538} INFO - Filling up the DagBag from /home/ubuntu/.local/lib/python3.10/site-packages/airflow/example_dags/plugins/listener_plugin.py
[2024-01-27T18:19:22.474+0100] {processor.py:842} WARNING - No viable dags retrieved from /home/ubuntu/.local/lib/python3.10/site-packages/airflow/example_dags/plugins/listener_plugin.py
[2024-01-27T18:19:22.523+0100] {processor.py:183} INFO - Processing /home/ubuntu/.local/lib/python3.10/site-packages/airflow/example_dags/plugins/listener_plugin.py took 0.152 seconds
[2024-01-27T18:21:12.694+0100] {processor.py:161} INFO - Started process (PID=9559) to work on /home/ubuntu/.local/lib/python3.10/site-packages/airflow/example_dags/plugins/listener_plugin.py
[2024-01-27T18:21:12.766+0100] {processor.py:830} INFO - Processing file /home/ubuntu/.local/lib/python3.10/site-packages/airflow/example_dags/plugins/listener_plugin.py for tasks to queue
[2024-01-27T18:21:12.774+0100] {logging_mixin.py:188} INFO - [2024-01-27T18:21:12.767+0100] {dagbag.py:538} INFO - Filling up the DagBag from /home/ubuntu/.local/lib/python3.10/site-packages/airflow/example_dags/plugins/listener_plugin.py
[2024-01-27T18:21:12.786+0100] {processor.py:842} WARNING - No viable dags retrieved from /home/ubuntu/.local/lib/python3.10/site-packages/airflow/example_dags/plugins/listener_plugin.py
[2024-01-27T18:21:13.541+0100] {processor.py:183} INFO - Processing /home/ubuntu/.local/lib/python3.10/site-packages/airflow/example_dags/plugins/listener_plugin.py took 0.881 seconds
[2024-01-27T18:23:07.278+0100] {processor.py:161} INFO - Started process (PID=9681) to work on /home/ubuntu/.local/lib/python3.10/site-packages/airflow/example_dags/plugins/listener_plugin.py
[2024-01-27T18:23:07.318+0100] {processor.py:830} INFO - Processing file /home/ubuntu/.local/lib/python3.10/site-packages/airflow/example_dags/plugins/listener_plugin.py for tasks to queue
[2024-01-27T18:23:07.320+0100] {logging_mixin.py:188} INFO - [2024-01-27T18:23:07.319+0100] {dagbag.py:538} INFO - Filling up the DagBag from /home/ubuntu/.local/lib/python3.10/site-packages/airflow/example_dags/plugins/listener_plugin.py
[2024-01-27T18:23:07.334+0100] {processor.py:842} WARNING - No viable dags retrieved from /home/ubuntu/.local/lib/python3.10/site-packages/airflow/example_dags/plugins/listener_plugin.py
[2024-01-27T18:23:07.483+0100] {processor.py:183} INFO - Processing /home/ubuntu/.local/lib/python3.10/site-packages/airflow/example_dags/plugins/listener_plugin.py took 0.219 seconds
[2024-01-27T18:24:59.616+0100] {processor.py:161} INFO - Started process (PID=9758) to work on /home/ubuntu/.local/lib/python3.10/site-packages/airflow/example_dags/plugins/listener_plugin.py
[2024-01-27T18:24:59.622+0100] {processor.py:830} INFO - Processing file /home/ubuntu/.local/lib/python3.10/site-packages/airflow/example_dags/plugins/listener_plugin.py for tasks to queue
[2024-01-27T18:24:59.625+0100] {logging_mixin.py:188} INFO - [2024-01-27T18:24:59.624+0100] {dagbag.py:538} INFO - Filling up the DagBag from /home/ubuntu/.local/lib/python3.10/site-packages/airflow/example_dags/plugins/listener_plugin.py
[2024-01-27T18:24:59.690+0100] {processor.py:842} WARNING - No viable dags retrieved from /home/ubuntu/.local/lib/python3.10/site-packages/airflow/example_dags/plugins/listener_plugin.py
[2024-01-27T18:24:59.759+0100] {processor.py:183} INFO - Processing /home/ubuntu/.local/lib/python3.10/site-packages/airflow/example_dags/plugins/listener_plugin.py took 0.162 seconds
[2024-01-27T18:26:59.454+0100] {processor.py:161} INFO - Started process (PID=9823) to work on /home/ubuntu/.local/lib/python3.10/site-packages/airflow/example_dags/plugins/listener_plugin.py
[2024-01-27T18:26:59.509+0100] {processor.py:830} INFO - Processing file /home/ubuntu/.local/lib/python3.10/site-packages/airflow/example_dags/plugins/listener_plugin.py for tasks to queue
[2024-01-27T18:26:59.510+0100] {logging_mixin.py:188} INFO - [2024-01-27T18:26:59.509+0100] {dagbag.py:538} INFO - Filling up the DagBag from /home/ubuntu/.local/lib/python3.10/site-packages/airflow/example_dags/plugins/listener_plugin.py
[2024-01-27T18:26:59.535+0100] {processor.py:842} WARNING - No viable dags retrieved from /home/ubuntu/.local/lib/python3.10/site-packages/airflow/example_dags/plugins/listener_plugin.py
[2024-01-27T18:26:59.573+0100] {processor.py:183} INFO - Processing /home/ubuntu/.local/lib/python3.10/site-packages/airflow/example_dags/plugins/listener_plugin.py took 0.148 seconds
[2024-01-27T18:33:12.298+0100] {processor.py:161} INFO - Started process (PID=10000) to work on /home/ubuntu/.local/lib/python3.10/site-packages/airflow/example_dags/plugins/listener_plugin.py
[2024-01-27T18:33:12.373+0100] {processor.py:830} INFO - Processing file /home/ubuntu/.local/lib/python3.10/site-packages/airflow/example_dags/plugins/listener_plugin.py for tasks to queue
[2024-01-27T18:33:12.378+0100] {logging_mixin.py:188} INFO - [2024-01-27T18:33:12.377+0100] {dagbag.py:538} INFO - Filling up the DagBag from /home/ubuntu/.local/lib/python3.10/site-packages/airflow/example_dags/plugins/listener_plugin.py
[2024-01-27T18:33:12.418+0100] {processor.py:842} WARNING - No viable dags retrieved from /home/ubuntu/.local/lib/python3.10/site-packages/airflow/example_dags/plugins/listener_plugin.py
[2024-01-27T18:33:12.468+0100] {processor.py:183} INFO - Processing /home/ubuntu/.local/lib/python3.10/site-packages/airflow/example_dags/plugins/listener_plugin.py took 0.177 seconds
[2024-01-27T18:35:32.451+0100] {processor.py:161} INFO - Started process (PID=10084) to work on /home/ubuntu/.local/lib/python3.10/site-packages/airflow/example_dags/plugins/listener_plugin.py
[2024-01-27T18:35:32.482+0100] {processor.py:830} INFO - Processing file /home/ubuntu/.local/lib/python3.10/site-packages/airflow/example_dags/plugins/listener_plugin.py for tasks to queue
[2024-01-27T18:35:32.491+0100] {logging_mixin.py:188} INFO - [2024-01-27T18:35:32.483+0100] {dagbag.py:538} INFO - Filling up the DagBag from /home/ubuntu/.local/lib/python3.10/site-packages/airflow/example_dags/plugins/listener_plugin.py
[2024-01-27T18:35:32.540+0100] {processor.py:842} WARNING - No viable dags retrieved from /home/ubuntu/.local/lib/python3.10/site-packages/airflow/example_dags/plugins/listener_plugin.py
[2024-01-27T18:35:32.678+0100] {processor.py:183} INFO - Processing /home/ubuntu/.local/lib/python3.10/site-packages/airflow/example_dags/plugins/listener_plugin.py took 0.250 seconds
[2024-01-27T18:37:22.400+0100] {processor.py:161} INFO - Started process (PID=10154) to work on /home/ubuntu/.local/lib/python3.10/site-packages/airflow/example_dags/plugins/listener_plugin.py
[2024-01-27T18:37:22.461+0100] {processor.py:830} INFO - Processing file /home/ubuntu/.local/lib/python3.10/site-packages/airflow/example_dags/plugins/listener_plugin.py for tasks to queue
[2024-01-27T18:37:22.478+0100] {logging_mixin.py:188} INFO - [2024-01-27T18:37:22.477+0100] {dagbag.py:538} INFO - Filling up the DagBag from /home/ubuntu/.local/lib/python3.10/site-packages/airflow/example_dags/plugins/listener_plugin.py
[2024-01-27T18:37:22.513+0100] {processor.py:842} WARNING - No viable dags retrieved from /home/ubuntu/.local/lib/python3.10/site-packages/airflow/example_dags/plugins/listener_plugin.py
[2024-01-27T18:37:22.584+0100] {processor.py:183} INFO - Processing /home/ubuntu/.local/lib/python3.10/site-packages/airflow/example_dags/plugins/listener_plugin.py took 0.217 seconds
[2024-01-27T18:39:07.029+0100] {processor.py:161} INFO - Started process (PID=10217) to work on /home/ubuntu/.local/lib/python3.10/site-packages/airflow/example_dags/plugins/listener_plugin.py
[2024-01-27T18:39:07.079+0100] {processor.py:830} INFO - Processing file /home/ubuntu/.local/lib/python3.10/site-packages/airflow/example_dags/plugins/listener_plugin.py for tasks to queue
[2024-01-27T18:39:07.090+0100] {logging_mixin.py:188} INFO - [2024-01-27T18:39:07.080+0100] {dagbag.py:538} INFO - Filling up the DagBag from /home/ubuntu/.local/lib/python3.10/site-packages/airflow/example_dags/plugins/listener_plugin.py
[2024-01-27T18:39:07.127+0100] {processor.py:842} WARNING - No viable dags retrieved from /home/ubuntu/.local/lib/python3.10/site-packages/airflow/example_dags/plugins/listener_plugin.py
[2024-01-27T18:39:07.278+0100] {processor.py:183} INFO - Processing /home/ubuntu/.local/lib/python3.10/site-packages/airflow/example_dags/plugins/listener_plugin.py took 0.293 seconds
[2024-01-27T18:40:53.885+0100] {processor.py:161} INFO - Started process (PID=10280) to work on /home/ubuntu/.local/lib/python3.10/site-packages/airflow/example_dags/plugins/listener_plugin.py
[2024-01-27T18:40:53.941+0100] {processor.py:830} INFO - Processing file /home/ubuntu/.local/lib/python3.10/site-packages/airflow/example_dags/plugins/listener_plugin.py for tasks to queue
[2024-01-27T18:40:53.959+0100] {logging_mixin.py:188} INFO - [2024-01-27T18:40:53.958+0100] {dagbag.py:538} INFO - Filling up the DagBag from /home/ubuntu/.local/lib/python3.10/site-packages/airflow/example_dags/plugins/listener_plugin.py
[2024-01-27T18:40:53.973+0100] {processor.py:842} WARNING - No viable dags retrieved from /home/ubuntu/.local/lib/python3.10/site-packages/airflow/example_dags/plugins/listener_plugin.py
[2024-01-27T18:40:54.001+0100] {processor.py:183} INFO - Processing /home/ubuntu/.local/lib/python3.10/site-packages/airflow/example_dags/plugins/listener_plugin.py took 0.152 seconds
[2024-01-27T18:42:42.303+0100] {processor.py:161} INFO - Started process (PID=10347) to work on /home/ubuntu/.local/lib/python3.10/site-packages/airflow/example_dags/plugins/listener_plugin.py
[2024-01-27T18:42:42.339+0100] {processor.py:830} INFO - Processing file /home/ubuntu/.local/lib/python3.10/site-packages/airflow/example_dags/plugins/listener_plugin.py for tasks to queue
[2024-01-27T18:42:42.346+0100] {logging_mixin.py:188} INFO - [2024-01-27T18:42:42.340+0100] {dagbag.py:538} INFO - Filling up the DagBag from /home/ubuntu/.local/lib/python3.10/site-packages/airflow/example_dags/plugins/listener_plugin.py
[2024-01-27T18:42:42.354+0100] {processor.py:842} WARNING - No viable dags retrieved from /home/ubuntu/.local/lib/python3.10/site-packages/airflow/example_dags/plugins/listener_plugin.py
[2024-01-27T18:42:42.394+0100] {processor.py:183} INFO - Processing /home/ubuntu/.local/lib/python3.10/site-packages/airflow/example_dags/plugins/listener_plugin.py took 0.118 seconds
[2024-01-27T18:44:38.604+0100] {processor.py:161} INFO - Started process (PID=10412) to work on /home/ubuntu/.local/lib/python3.10/site-packages/airflow/example_dags/plugins/listener_plugin.py
[2024-01-27T18:44:38.652+0100] {processor.py:830} INFO - Processing file /home/ubuntu/.local/lib/python3.10/site-packages/airflow/example_dags/plugins/listener_plugin.py for tasks to queue
[2024-01-27T18:44:38.654+0100] {logging_mixin.py:188} INFO - [2024-01-27T18:44:38.652+0100] {dagbag.py:538} INFO - Filling up the DagBag from /home/ubuntu/.local/lib/python3.10/site-packages/airflow/example_dags/plugins/listener_plugin.py
[2024-01-27T18:44:38.660+0100] {processor.py:842} WARNING - No viable dags retrieved from /home/ubuntu/.local/lib/python3.10/site-packages/airflow/example_dags/plugins/listener_plugin.py
[2024-01-27T18:44:38.727+0100] {processor.py:183} INFO - Processing /home/ubuntu/.local/lib/python3.10/site-packages/airflow/example_dags/plugins/listener_plugin.py took 0.150 seconds
[2024-01-27T18:46:33.897+0100] {processor.py:161} INFO - Started process (PID=10487) to work on /home/ubuntu/.local/lib/python3.10/site-packages/airflow/example_dags/plugins/listener_plugin.py
[2024-01-27T18:46:33.946+0100] {processor.py:830} INFO - Processing file /home/ubuntu/.local/lib/python3.10/site-packages/airflow/example_dags/plugins/listener_plugin.py for tasks to queue
[2024-01-27T18:46:33.948+0100] {logging_mixin.py:188} INFO - [2024-01-27T18:46:33.948+0100] {dagbag.py:538} INFO - Filling up the DagBag from /home/ubuntu/.local/lib/python3.10/site-packages/airflow/example_dags/plugins/listener_plugin.py
[2024-01-27T18:46:33.964+0100] {processor.py:842} WARNING - No viable dags retrieved from /home/ubuntu/.local/lib/python3.10/site-packages/airflow/example_dags/plugins/listener_plugin.py
[2024-01-27T18:46:34.075+0100] {processor.py:183} INFO - Processing /home/ubuntu/.local/lib/python3.10/site-packages/airflow/example_dags/plugins/listener_plugin.py took 0.202 seconds
[2024-01-27T18:48:22.396+0100] {processor.py:161} INFO - Started process (PID=10648) to work on /home/ubuntu/.local/lib/python3.10/site-packages/airflow/example_dags/plugins/listener_plugin.py
[2024-01-27T18:48:22.410+0100] {processor.py:830} INFO - Processing file /home/ubuntu/.local/lib/python3.10/site-packages/airflow/example_dags/plugins/listener_plugin.py for tasks to queue
[2024-01-27T18:48:22.412+0100] {logging_mixin.py:188} INFO - [2024-01-27T18:48:22.411+0100] {dagbag.py:538} INFO - Filling up the DagBag from /home/ubuntu/.local/lib/python3.10/site-packages/airflow/example_dags/plugins/listener_plugin.py
[2024-01-27T18:48:22.426+0100] {processor.py:842} WARNING - No viable dags retrieved from /home/ubuntu/.local/lib/python3.10/site-packages/airflow/example_dags/plugins/listener_plugin.py
[2024-01-27T18:48:22.512+0100] {processor.py:183} INFO - Processing /home/ubuntu/.local/lib/python3.10/site-packages/airflow/example_dags/plugins/listener_plugin.py took 0.137 seconds
[2024-01-27T18:49:57.927+0100] {processor.py:161} INFO - Started process (PID=10704) to work on /home/ubuntu/.local/lib/python3.10/site-packages/airflow/example_dags/plugins/listener_plugin.py
[2024-01-27T18:49:57.962+0100] {processor.py:830} INFO - Processing file /home/ubuntu/.local/lib/python3.10/site-packages/airflow/example_dags/plugins/listener_plugin.py for tasks to queue
[2024-01-27T18:49:57.964+0100] {logging_mixin.py:188} INFO - [2024-01-27T18:49:57.963+0100] {dagbag.py:538} INFO - Filling up the DagBag from /home/ubuntu/.local/lib/python3.10/site-packages/airflow/example_dags/plugins/listener_plugin.py
[2024-01-27T18:49:58.057+0100] {processor.py:842} WARNING - No viable dags retrieved from /home/ubuntu/.local/lib/python3.10/site-packages/airflow/example_dags/plugins/listener_plugin.py
[2024-01-27T18:49:58.804+0100] {processor.py:183} INFO - Processing /home/ubuntu/.local/lib/python3.10/site-packages/airflow/example_dags/plugins/listener_plugin.py took 0.931 seconds
[2024-01-27T18:51:43.177+0100] {processor.py:161} INFO - Started process (PID=10756) to work on /home/ubuntu/.local/lib/python3.10/site-packages/airflow/example_dags/plugins/listener_plugin.py
[2024-01-27T18:51:43.202+0100] {processor.py:830} INFO - Processing file /home/ubuntu/.local/lib/python3.10/site-packages/airflow/example_dags/plugins/listener_plugin.py for tasks to queue
[2024-01-27T18:51:43.214+0100] {logging_mixin.py:188} INFO - [2024-01-27T18:51:43.213+0100] {dagbag.py:538} INFO - Filling up the DagBag from /home/ubuntu/.local/lib/python3.10/site-packages/airflow/example_dags/plugins/listener_plugin.py
[2024-01-27T18:51:43.243+0100] {processor.py:842} WARNING - No viable dags retrieved from /home/ubuntu/.local/lib/python3.10/site-packages/airflow/example_dags/plugins/listener_plugin.py
[2024-01-27T18:51:43.568+0100] {processor.py:183} INFO - Processing /home/ubuntu/.local/lib/python3.10/site-packages/airflow/example_dags/plugins/listener_plugin.py took 0.458 seconds
[2024-01-27T18:53:57.442+0100] {processor.py:161} INFO - Started process (PID=10816) to work on /home/ubuntu/.local/lib/python3.10/site-packages/airflow/example_dags/plugins/listener_plugin.py
[2024-01-27T18:53:57.491+0100] {processor.py:830} INFO - Processing file /home/ubuntu/.local/lib/python3.10/site-packages/airflow/example_dags/plugins/listener_plugin.py for tasks to queue
[2024-01-27T18:53:57.493+0100] {logging_mixin.py:188} INFO - [2024-01-27T18:53:57.492+0100] {dagbag.py:538} INFO - Filling up the DagBag from /home/ubuntu/.local/lib/python3.10/site-packages/airflow/example_dags/plugins/listener_plugin.py
[2024-01-27T18:53:57.559+0100] {processor.py:842} WARNING - No viable dags retrieved from /home/ubuntu/.local/lib/python3.10/site-packages/airflow/example_dags/plugins/listener_plugin.py
[2024-01-27T18:53:57.841+0100] {processor.py:183} INFO - Processing /home/ubuntu/.local/lib/python3.10/site-packages/airflow/example_dags/plugins/listener_plugin.py took 0.416 seconds
[2024-01-27T18:56:32.584+0100] {processor.py:161} INFO - Started process (PID=10872) to work on /home/ubuntu/.local/lib/python3.10/site-packages/airflow/example_dags/plugins/listener_plugin.py
[2024-01-27T18:56:32.666+0100] {processor.py:830} INFO - Processing file /home/ubuntu/.local/lib/python3.10/site-packages/airflow/example_dags/plugins/listener_plugin.py for tasks to queue
[2024-01-27T18:56:32.677+0100] {logging_mixin.py:188} INFO - [2024-01-27T18:56:32.676+0100] {dagbag.py:538} INFO - Filling up the DagBag from /home/ubuntu/.local/lib/python3.10/site-packages/airflow/example_dags/plugins/listener_plugin.py
[2024-01-27T18:56:32.804+0100] {processor.py:842} WARNING - No viable dags retrieved from /home/ubuntu/.local/lib/python3.10/site-packages/airflow/example_dags/plugins/listener_plugin.py
[2024-01-27T18:56:33.492+0100] {processor.py:183} INFO - Processing /home/ubuntu/.local/lib/python3.10/site-packages/airflow/example_dags/plugins/listener_plugin.py took 1.000 seconds
[2024-01-27T18:58:52.181+0100] {processor.py:161} INFO - Started process (PID=10953) to work on /home/ubuntu/.local/lib/python3.10/site-packages/airflow/example_dags/plugins/listener_plugin.py
[2024-01-27T18:58:52.225+0100] {processor.py:830} INFO - Processing file /home/ubuntu/.local/lib/python3.10/site-packages/airflow/example_dags/plugins/listener_plugin.py for tasks to queue
[2024-01-27T18:58:52.229+0100] {logging_mixin.py:188} INFO - [2024-01-27T18:58:52.228+0100] {dagbag.py:538} INFO - Filling up the DagBag from /home/ubuntu/.local/lib/python3.10/site-packages/airflow/example_dags/plugins/listener_plugin.py
[2024-01-27T18:58:52.239+0100] {processor.py:842} WARNING - No viable dags retrieved from /home/ubuntu/.local/lib/python3.10/site-packages/airflow/example_dags/plugins/listener_plugin.py
[2024-01-27T18:58:52.342+0100] {processor.py:183} INFO - Processing /home/ubuntu/.local/lib/python3.10/site-packages/airflow/example_dags/plugins/listener_plugin.py took 0.195 seconds
[2024-01-27T19:01:02.950+0100] {processor.py:161} INFO - Started process (PID=11009) to work on /home/ubuntu/.local/lib/python3.10/site-packages/airflow/example_dags/plugins/listener_plugin.py
[2024-01-27T19:01:02.956+0100] {processor.py:830} INFO - Processing file /home/ubuntu/.local/lib/python3.10/site-packages/airflow/example_dags/plugins/listener_plugin.py for tasks to queue
[2024-01-27T19:01:02.961+0100] {logging_mixin.py:188} INFO - [2024-01-27T19:01:02.957+0100] {dagbag.py:538} INFO - Filling up the DagBag from /home/ubuntu/.local/lib/python3.10/site-packages/airflow/example_dags/plugins/listener_plugin.py
[2024-01-27T19:01:02.972+0100] {processor.py:842} WARNING - No viable dags retrieved from /home/ubuntu/.local/lib/python3.10/site-packages/airflow/example_dags/plugins/listener_plugin.py
[2024-01-27T19:01:03.160+0100] {processor.py:183} INFO - Processing /home/ubuntu/.local/lib/python3.10/site-packages/airflow/example_dags/plugins/listener_plugin.py took 0.308 seconds
[2024-01-27T19:03:10.511+0100] {processor.py:161} INFO - Started process (PID=11067) to work on /home/ubuntu/.local/lib/python3.10/site-packages/airflow/example_dags/plugins/listener_plugin.py
[2024-01-27T19:03:10.555+0100] {processor.py:830} INFO - Processing file /home/ubuntu/.local/lib/python3.10/site-packages/airflow/example_dags/plugins/listener_plugin.py for tasks to queue
[2024-01-27T19:03:10.560+0100] {logging_mixin.py:188} INFO - [2024-01-27T19:03:10.559+0100] {dagbag.py:538} INFO - Filling up the DagBag from /home/ubuntu/.local/lib/python3.10/site-packages/airflow/example_dags/plugins/listener_plugin.py
[2024-01-27T19:03:10.611+0100] {processor.py:842} WARNING - No viable dags retrieved from /home/ubuntu/.local/lib/python3.10/site-packages/airflow/example_dags/plugins/listener_plugin.py
[2024-01-27T19:03:10.726+0100] {processor.py:183} INFO - Processing /home/ubuntu/.local/lib/python3.10/site-packages/airflow/example_dags/plugins/listener_plugin.py took 0.248 seconds
[2024-01-27T19:05:26.906+0100] {processor.py:161} INFO - Started process (PID=11122) to work on /home/ubuntu/.local/lib/python3.10/site-packages/airflow/example_dags/plugins/listener_plugin.py
[2024-01-27T19:05:27.025+0100] {processor.py:830} INFO - Processing file /home/ubuntu/.local/lib/python3.10/site-packages/airflow/example_dags/plugins/listener_plugin.py for tasks to queue
[2024-01-27T19:05:27.032+0100] {logging_mixin.py:188} INFO - [2024-01-27T19:05:27.031+0100] {dagbag.py:538} INFO - Filling up the DagBag from /home/ubuntu/.local/lib/python3.10/site-packages/airflow/example_dags/plugins/listener_plugin.py
[2024-01-27T19:05:27.045+0100] {processor.py:842} WARNING - No viable dags retrieved from /home/ubuntu/.local/lib/python3.10/site-packages/airflow/example_dags/plugins/listener_plugin.py
[2024-01-27T19:05:27.175+0100] {processor.py:183} INFO - Processing /home/ubuntu/.local/lib/python3.10/site-packages/airflow/example_dags/plugins/listener_plugin.py took 0.297 seconds
[2024-01-27T19:07:35.403+0100] {processor.py:161} INFO - Started process (PID=11177) to work on /home/ubuntu/.local/lib/python3.10/site-packages/airflow/example_dags/plugins/listener_plugin.py
[2024-01-27T19:07:35.521+0100] {processor.py:830} INFO - Processing file /home/ubuntu/.local/lib/python3.10/site-packages/airflow/example_dags/plugins/listener_plugin.py for tasks to queue
[2024-01-27T19:07:35.539+0100] {logging_mixin.py:188} INFO - [2024-01-27T19:07:35.536+0100] {dagbag.py:538} INFO - Filling up the DagBag from /home/ubuntu/.local/lib/python3.10/site-packages/airflow/example_dags/plugins/listener_plugin.py
[2024-01-27T19:07:35.558+0100] {processor.py:842} WARNING - No viable dags retrieved from /home/ubuntu/.local/lib/python3.10/site-packages/airflow/example_dags/plugins/listener_plugin.py
[2024-01-27T19:07:35.726+0100] {processor.py:183} INFO - Processing /home/ubuntu/.local/lib/python3.10/site-packages/airflow/example_dags/plugins/listener_plugin.py took 0.360 seconds
