[2024-01-27T17:53:29.338+0100] {processor.py:161} INFO - Started process (PID=8304) to work on /home/ubuntu/.local/lib/python3.10/site-packages/airflow/example_dags/plugins/workday.py
[2024-01-27T17:53:29.339+0100] {processor.py:830} INFO - Processing file /home/ubuntu/.local/lib/python3.10/site-packages/airflow/example_dags/plugins/workday.py for tasks to queue
[2024-01-27T17:53:29.341+0100] {logging_mixin.py:188} INFO - [2024-01-27T17:53:29.340+0100] {dagbag.py:538} INFO - Filling up the DagBag from /home/ubuntu/.local/lib/python3.10/site-packages/airflow/example_dags/plugins/workday.py
[2024-01-27T17:53:30.854+0100] {processor.py:842} WARNING - No viable dags retrieved from /home/ubuntu/.local/lib/python3.10/site-packages/airflow/example_dags/plugins/workday.py
[2024-01-27T17:53:30.867+0100] {processor.py:183} INFO - Processing /home/ubuntu/.local/lib/python3.10/site-packages/airflow/example_dags/plugins/workday.py took 1.534 seconds
[2024-01-27T17:54:42.467+0100] {processor.py:161} INFO - Started process (PID=8367) to work on /home/ubuntu/.local/lib/python3.10/site-packages/airflow/example_dags/plugins/workday.py
[2024-01-27T17:54:42.469+0100] {processor.py:830} INFO - Processing file /home/ubuntu/.local/lib/python3.10/site-packages/airflow/example_dags/plugins/workday.py for tasks to queue
[2024-01-27T17:54:42.470+0100] {logging_mixin.py:188} INFO - [2024-01-27T17:54:42.470+0100] {dagbag.py:538} INFO - Filling up the DagBag from /home/ubuntu/.local/lib/python3.10/site-packages/airflow/example_dags/plugins/workday.py
[2024-01-27T17:54:43.308+0100] {processor.py:842} WARNING - No viable dags retrieved from /home/ubuntu/.local/lib/python3.10/site-packages/airflow/example_dags/plugins/workday.py
[2024-01-27T17:54:43.316+0100] {processor.py:183} INFO - Processing /home/ubuntu/.local/lib/python3.10/site-packages/airflow/example_dags/plugins/workday.py took 0.853 seconds
[2024-01-27T17:55:52.779+0100] {processor.py:161} INFO - Started process (PID=8429) to work on /home/ubuntu/.local/lib/python3.10/site-packages/airflow/example_dags/plugins/workday.py
[2024-01-27T17:55:52.781+0100] {processor.py:830} INFO - Processing file /home/ubuntu/.local/lib/python3.10/site-packages/airflow/example_dags/plugins/workday.py for tasks to queue
[2024-01-27T17:55:52.782+0100] {logging_mixin.py:188} INFO - [2024-01-27T17:55:52.782+0100] {dagbag.py:538} INFO - Filling up the DagBag from /home/ubuntu/.local/lib/python3.10/site-packages/airflow/example_dags/plugins/workday.py
[2024-01-27T17:55:53.908+0100] {processor.py:842} WARNING - No viable dags retrieved from /home/ubuntu/.local/lib/python3.10/site-packages/airflow/example_dags/plugins/workday.py
[2024-01-27T17:55:53.924+0100] {processor.py:183} INFO - Processing /home/ubuntu/.local/lib/python3.10/site-packages/airflow/example_dags/plugins/workday.py took 1.150 seconds
[2024-01-27T17:57:08.795+0100] {processor.py:161} INFO - Started process (PID=8494) to work on /home/ubuntu/.local/lib/python3.10/site-packages/airflow/example_dags/plugins/workday.py
[2024-01-27T17:57:08.798+0100] {processor.py:830} INFO - Processing file /home/ubuntu/.local/lib/python3.10/site-packages/airflow/example_dags/plugins/workday.py for tasks to queue
[2024-01-27T17:57:08.799+0100] {logging_mixin.py:188} INFO - [2024-01-27T17:57:08.799+0100] {dagbag.py:538} INFO - Filling up the DagBag from /home/ubuntu/.local/lib/python3.10/site-packages/airflow/example_dags/plugins/workday.py
[2024-01-27T17:57:09.897+0100] {processor.py:842} WARNING - No viable dags retrieved from /home/ubuntu/.local/lib/python3.10/site-packages/airflow/example_dags/plugins/workday.py
[2024-01-27T17:57:09.908+0100] {processor.py:183} INFO - Processing /home/ubuntu/.local/lib/python3.10/site-packages/airflow/example_dags/plugins/workday.py took 1.117 seconds
[2024-01-27T17:58:22.032+0100] {processor.py:161} INFO - Started process (PID=8592) to work on /home/ubuntu/.local/lib/python3.10/site-packages/airflow/example_dags/plugins/workday.py
[2024-01-27T17:58:22.070+0100] {processor.py:830} INFO - Processing file /home/ubuntu/.local/lib/python3.10/site-packages/airflow/example_dags/plugins/workday.py for tasks to queue
[2024-01-27T17:58:22.072+0100] {logging_mixin.py:188} INFO - [2024-01-27T17:58:22.071+0100] {dagbag.py:538} INFO - Filling up the DagBag from /home/ubuntu/.local/lib/python3.10/site-packages/airflow/example_dags/plugins/workday.py
[2024-01-27T17:58:23.364+0100] {processor.py:842} WARNING - No viable dags retrieved from /home/ubuntu/.local/lib/python3.10/site-packages/airflow/example_dags/plugins/workday.py
[2024-01-27T17:58:23.387+0100] {processor.py:183} INFO - Processing /home/ubuntu/.local/lib/python3.10/site-packages/airflow/example_dags/plugins/workday.py took 1.364 seconds
[2024-01-27T17:59:34.842+0100] {processor.py:161} INFO - Started process (PID=8692) to work on /home/ubuntu/.local/lib/python3.10/site-packages/airflow/example_dags/plugins/workday.py
[2024-01-27T17:59:34.853+0100] {processor.py:830} INFO - Processing file /home/ubuntu/.local/lib/python3.10/site-packages/airflow/example_dags/plugins/workday.py for tasks to queue
[2024-01-27T17:59:34.855+0100] {logging_mixin.py:188} INFO - [2024-01-27T17:59:34.854+0100] {dagbag.py:538} INFO - Filling up the DagBag from /home/ubuntu/.local/lib/python3.10/site-packages/airflow/example_dags/plugins/workday.py
[2024-01-27T17:59:35.927+0100] {processor.py:842} WARNING - No viable dags retrieved from /home/ubuntu/.local/lib/python3.10/site-packages/airflow/example_dags/plugins/workday.py
[2024-01-27T17:59:35.967+0100] {processor.py:183} INFO - Processing /home/ubuntu/.local/lib/python3.10/site-packages/airflow/example_dags/plugins/workday.py took 1.132 seconds
[2024-01-27T18:00:46.481+0100] {processor.py:161} INFO - Started process (PID=8755) to work on /home/ubuntu/.local/lib/python3.10/site-packages/airflow/example_dags/plugins/workday.py
[2024-01-27T18:00:46.484+0100] {processor.py:830} INFO - Processing file /home/ubuntu/.local/lib/python3.10/site-packages/airflow/example_dags/plugins/workday.py for tasks to queue
[2024-01-27T18:00:46.486+0100] {logging_mixin.py:188} INFO - [2024-01-27T18:00:46.485+0100] {dagbag.py:538} INFO - Filling up the DagBag from /home/ubuntu/.local/lib/python3.10/site-packages/airflow/example_dags/plugins/workday.py
[2024-01-27T18:00:47.190+0100] {processor.py:842} WARNING - No viable dags retrieved from /home/ubuntu/.local/lib/python3.10/site-packages/airflow/example_dags/plugins/workday.py
[2024-01-27T18:00:47.198+0100] {processor.py:183} INFO - Processing /home/ubuntu/.local/lib/python3.10/site-packages/airflow/example_dags/plugins/workday.py took 0.721 seconds
[2024-01-27T18:02:12.074+0100] {processor.py:161} INFO - Started process (PID=8819) to work on /home/ubuntu/.local/lib/python3.10/site-packages/airflow/example_dags/plugins/workday.py
[2024-01-27T18:02:12.087+0100] {processor.py:830} INFO - Processing file /home/ubuntu/.local/lib/python3.10/site-packages/airflow/example_dags/plugins/workday.py for tasks to queue
[2024-01-27T18:02:12.090+0100] {logging_mixin.py:188} INFO - [2024-01-27T18:02:12.088+0100] {dagbag.py:538} INFO - Filling up the DagBag from /home/ubuntu/.local/lib/python3.10/site-packages/airflow/example_dags/plugins/workday.py
[2024-01-27T18:02:14.832+0100] {processor.py:842} WARNING - No viable dags retrieved from /home/ubuntu/.local/lib/python3.10/site-packages/airflow/example_dags/plugins/workday.py
[2024-01-27T18:02:14.861+0100] {processor.py:183} INFO - Processing /home/ubuntu/.local/lib/python3.10/site-packages/airflow/example_dags/plugins/workday.py took 2.801 seconds
[2024-01-27T18:03:26.465+0100] {processor.py:161} INFO - Started process (PID=8873) to work on /home/ubuntu/.local/lib/python3.10/site-packages/airflow/example_dags/plugins/workday.py
[2024-01-27T18:03:26.523+0100] {processor.py:830} INFO - Processing file /home/ubuntu/.local/lib/python3.10/site-packages/airflow/example_dags/plugins/workday.py for tasks to queue
[2024-01-27T18:03:26.525+0100] {logging_mixin.py:188} INFO - [2024-01-27T18:03:26.525+0100] {dagbag.py:538} INFO - Filling up the DagBag from /home/ubuntu/.local/lib/python3.10/site-packages/airflow/example_dags/plugins/workday.py
[2024-01-27T18:03:28.636+0100] {processor.py:842} WARNING - No viable dags retrieved from /home/ubuntu/.local/lib/python3.10/site-packages/airflow/example_dags/plugins/workday.py
[2024-01-27T18:03:28.649+0100] {processor.py:183} INFO - Processing /home/ubuntu/.local/lib/python3.10/site-packages/airflow/example_dags/plugins/workday.py took 2.198 seconds
[2024-01-27T18:05:04.326+0100] {processor.py:161} INFO - Started process (PID=8921) to work on /home/ubuntu/.local/lib/python3.10/site-packages/airflow/example_dags/plugins/workday.py
[2024-01-27T18:05:04.364+0100] {processor.py:830} INFO - Processing file /home/ubuntu/.local/lib/python3.10/site-packages/airflow/example_dags/plugins/workday.py for tasks to queue
[2024-01-27T18:05:04.387+0100] {logging_mixin.py:188} INFO - [2024-01-27T18:05:04.386+0100] {dagbag.py:538} INFO - Filling up the DagBag from /home/ubuntu/.local/lib/python3.10/site-packages/airflow/example_dags/plugins/workday.py
[2024-01-27T18:05:06.655+0100] {processor.py:842} WARNING - No viable dags retrieved from /home/ubuntu/.local/lib/python3.10/site-packages/airflow/example_dags/plugins/workday.py
[2024-01-27T18:05:07.434+0100] {processor.py:183} INFO - Processing /home/ubuntu/.local/lib/python3.10/site-packages/airflow/example_dags/plugins/workday.py took 3.147 seconds
[2024-01-27T18:06:49.124+0100] {processor.py:161} INFO - Started process (PID=8970) to work on /home/ubuntu/.local/lib/python3.10/site-packages/airflow/example_dags/plugins/workday.py
[2024-01-27T18:06:49.179+0100] {processor.py:830} INFO - Processing file /home/ubuntu/.local/lib/python3.10/site-packages/airflow/example_dags/plugins/workday.py for tasks to queue
[2024-01-27T18:06:49.193+0100] {logging_mixin.py:188} INFO - [2024-01-27T18:06:49.191+0100] {dagbag.py:538} INFO - Filling up the DagBag from /home/ubuntu/.local/lib/python3.10/site-packages/airflow/example_dags/plugins/workday.py
[2024-01-27T18:06:54.414+0100] {processor.py:842} WARNING - No viable dags retrieved from /home/ubuntu/.local/lib/python3.10/site-packages/airflow/example_dags/plugins/workday.py
[2024-01-27T18:06:54.484+0100] {processor.py:183} INFO - Processing /home/ubuntu/.local/lib/python3.10/site-packages/airflow/example_dags/plugins/workday.py took 5.391 seconds
[2024-01-27T18:08:52.715+0100] {processor.py:161} INFO - Started process (PID=9037) to work on /home/ubuntu/.local/lib/python3.10/site-packages/airflow/example_dags/plugins/workday.py
[2024-01-27T18:08:52.719+0100] {processor.py:830} INFO - Processing file /home/ubuntu/.local/lib/python3.10/site-packages/airflow/example_dags/plugins/workday.py for tasks to queue
[2024-01-27T18:08:52.722+0100] {logging_mixin.py:188} INFO - [2024-01-27T18:08:52.720+0100] {dagbag.py:538} INFO - Filling up the DagBag from /home/ubuntu/.local/lib/python3.10/site-packages/airflow/example_dags/plugins/workday.py
[2024-01-27T18:08:54.921+0100] {processor.py:842} WARNING - No viable dags retrieved from /home/ubuntu/.local/lib/python3.10/site-packages/airflow/example_dags/plugins/workday.py
[2024-01-27T18:08:54.997+0100] {processor.py:183} INFO - Processing /home/ubuntu/.local/lib/python3.10/site-packages/airflow/example_dags/plugins/workday.py took 2.289 seconds
[2024-01-27T18:10:39.421+0100] {processor.py:161} INFO - Started process (PID=9135) to work on /home/ubuntu/.local/lib/python3.10/site-packages/airflow/example_dags/plugins/workday.py
[2024-01-27T18:10:39.451+0100] {processor.py:830} INFO - Processing file /home/ubuntu/.local/lib/python3.10/site-packages/airflow/example_dags/plugins/workday.py for tasks to queue
[2024-01-27T18:10:39.453+0100] {logging_mixin.py:188} INFO - [2024-01-27T18:10:39.452+0100] {dagbag.py:538} INFO - Filling up the DagBag from /home/ubuntu/.local/lib/python3.10/site-packages/airflow/example_dags/plugins/workday.py
[2024-01-27T18:10:41.627+0100] {processor.py:842} WARNING - No viable dags retrieved from /home/ubuntu/.local/lib/python3.10/site-packages/airflow/example_dags/plugins/workday.py
[2024-01-27T18:10:41.664+0100] {processor.py:183} INFO - Processing /home/ubuntu/.local/lib/python3.10/site-packages/airflow/example_dags/plugins/workday.py took 2.250 seconds
[2024-01-27T18:12:23.163+0100] {processor.py:161} INFO - Started process (PID=9191) to work on /home/ubuntu/.local/lib/python3.10/site-packages/airflow/example_dags/plugins/workday.py
[2024-01-27T18:12:23.167+0100] {processor.py:830} INFO - Processing file /home/ubuntu/.local/lib/python3.10/site-packages/airflow/example_dags/plugins/workday.py for tasks to queue
[2024-01-27T18:12:23.170+0100] {logging_mixin.py:188} INFO - [2024-01-27T18:12:23.169+0100] {dagbag.py:538} INFO - Filling up the DagBag from /home/ubuntu/.local/lib/python3.10/site-packages/airflow/example_dags/plugins/workday.py
[2024-01-27T18:12:26.400+0100] {processor.py:842} WARNING - No viable dags retrieved from /home/ubuntu/.local/lib/python3.10/site-packages/airflow/example_dags/plugins/workday.py
[2024-01-27T18:12:26.427+0100] {processor.py:183} INFO - Processing /home/ubuntu/.local/lib/python3.10/site-packages/airflow/example_dags/plugins/workday.py took 3.285 seconds
[2024-01-27T18:14:05.409+0100] {processor.py:161} INFO - Started process (PID=9243) to work on /home/ubuntu/.local/lib/python3.10/site-packages/airflow/example_dags/plugins/workday.py
[2024-01-27T18:14:05.447+0100] {processor.py:830} INFO - Processing file /home/ubuntu/.local/lib/python3.10/site-packages/airflow/example_dags/plugins/workday.py for tasks to queue
[2024-01-27T18:14:05.456+0100] {logging_mixin.py:188} INFO - [2024-01-27T18:14:05.455+0100] {dagbag.py:538} INFO - Filling up the DagBag from /home/ubuntu/.local/lib/python3.10/site-packages/airflow/example_dags/plugins/workday.py
[2024-01-27T18:14:07.617+0100] {processor.py:842} WARNING - No viable dags retrieved from /home/ubuntu/.local/lib/python3.10/site-packages/airflow/example_dags/plugins/workday.py
[2024-01-27T18:14:07.716+0100] {processor.py:183} INFO - Processing /home/ubuntu/.local/lib/python3.10/site-packages/airflow/example_dags/plugins/workday.py took 2.320 seconds
[2024-01-27T18:15:52.042+0100] {processor.py:161} INFO - Started process (PID=9292) to work on /home/ubuntu/.local/lib/python3.10/site-packages/airflow/example_dags/plugins/workday.py
[2024-01-27T18:15:52.091+0100] {processor.py:830} INFO - Processing file /home/ubuntu/.local/lib/python3.10/site-packages/airflow/example_dags/plugins/workday.py for tasks to queue
[2024-01-27T18:15:52.156+0100] {logging_mixin.py:188} INFO - [2024-01-27T18:15:52.149+0100] {dagbag.py:538} INFO - Filling up the DagBag from /home/ubuntu/.local/lib/python3.10/site-packages/airflow/example_dags/plugins/workday.py
[2024-01-27T18:15:55.542+0100] {processor.py:842} WARNING - No viable dags retrieved from /home/ubuntu/.local/lib/python3.10/site-packages/airflow/example_dags/plugins/workday.py
[2024-01-27T18:15:55.561+0100] {processor.py:183} INFO - Processing /home/ubuntu/.local/lib/python3.10/site-packages/airflow/example_dags/plugins/workday.py took 3.530 seconds
[2024-01-27T18:17:35.290+0100] {processor.py:161} INFO - Started process (PID=9350) to work on /home/ubuntu/.local/lib/python3.10/site-packages/airflow/example_dags/plugins/workday.py
[2024-01-27T18:17:35.325+0100] {processor.py:830} INFO - Processing file /home/ubuntu/.local/lib/python3.10/site-packages/airflow/example_dags/plugins/workday.py for tasks to queue
[2024-01-27T18:17:35.343+0100] {logging_mixin.py:188} INFO - [2024-01-27T18:17:35.342+0100] {dagbag.py:538} INFO - Filling up the DagBag from /home/ubuntu/.local/lib/python3.10/site-packages/airflow/example_dags/plugins/workday.py
[2024-01-27T18:17:38.693+0100] {processor.py:842} WARNING - No viable dags retrieved from /home/ubuntu/.local/lib/python3.10/site-packages/airflow/example_dags/plugins/workday.py
[2024-01-27T18:17:38.827+0100] {processor.py:183} INFO - Processing /home/ubuntu/.local/lib/python3.10/site-packages/airflow/example_dags/plugins/workday.py took 3.565 seconds
[2024-01-27T18:19:16.380+0100] {processor.py:161} INFO - Started process (PID=9483) to work on /home/ubuntu/.local/lib/python3.10/site-packages/airflow/example_dags/plugins/workday.py
[2024-01-27T18:19:16.385+0100] {processor.py:830} INFO - Processing file /home/ubuntu/.local/lib/python3.10/site-packages/airflow/example_dags/plugins/workday.py for tasks to queue
[2024-01-27T18:19:16.387+0100] {logging_mixin.py:188} INFO - [2024-01-27T18:19:16.386+0100] {dagbag.py:538} INFO - Filling up the DagBag from /home/ubuntu/.local/lib/python3.10/site-packages/airflow/example_dags/plugins/workday.py
[2024-01-27T18:19:20.559+0100] {processor.py:842} WARNING - No viable dags retrieved from /home/ubuntu/.local/lib/python3.10/site-packages/airflow/example_dags/plugins/workday.py
[2024-01-27T18:19:20.683+0100] {processor.py:183} INFO - Processing /home/ubuntu/.local/lib/python3.10/site-packages/airflow/example_dags/plugins/workday.py took 4.334 seconds
[2024-01-27T18:21:07.119+0100] {processor.py:161} INFO - Started process (PID=9552) to work on /home/ubuntu/.local/lib/python3.10/site-packages/airflow/example_dags/plugins/workday.py
[2024-01-27T18:21:07.156+0100] {processor.py:830} INFO - Processing file /home/ubuntu/.local/lib/python3.10/site-packages/airflow/example_dags/plugins/workday.py for tasks to queue
[2024-01-27T18:21:07.192+0100] {logging_mixin.py:188} INFO - [2024-01-27T18:21:07.174+0100] {dagbag.py:538} INFO - Filling up the DagBag from /home/ubuntu/.local/lib/python3.10/site-packages/airflow/example_dags/plugins/workday.py
[2024-01-27T18:21:10.763+0100] {processor.py:842} WARNING - No viable dags retrieved from /home/ubuntu/.local/lib/python3.10/site-packages/airflow/example_dags/plugins/workday.py
[2024-01-27T18:21:10.844+0100] {processor.py:183} INFO - Processing /home/ubuntu/.local/lib/python3.10/site-packages/airflow/example_dags/plugins/workday.py took 3.753 seconds
[2024-01-27T18:23:00.183+0100] {processor.py:161} INFO - Started process (PID=9661) to work on /home/ubuntu/.local/lib/python3.10/site-packages/airflow/example_dags/plugins/workday.py
[2024-01-27T18:23:00.199+0100] {processor.py:830} INFO - Processing file /home/ubuntu/.local/lib/python3.10/site-packages/airflow/example_dags/plugins/workday.py for tasks to queue
[2024-01-27T18:23:00.202+0100] {logging_mixin.py:188} INFO - [2024-01-27T18:23:00.201+0100] {dagbag.py:538} INFO - Filling up the DagBag from /home/ubuntu/.local/lib/python3.10/site-packages/airflow/example_dags/plugins/workday.py
[2024-01-27T18:23:04.728+0100] {processor.py:842} WARNING - No viable dags retrieved from /home/ubuntu/.local/lib/python3.10/site-packages/airflow/example_dags/plugins/workday.py
[2024-01-27T18:23:04.867+0100] {processor.py:183} INFO - Processing /home/ubuntu/.local/lib/python3.10/site-packages/airflow/example_dags/plugins/workday.py took 4.694 seconds
[2024-01-27T18:24:56.544+0100] {processor.py:161} INFO - Started process (PID=9751) to work on /home/ubuntu/.local/lib/python3.10/site-packages/airflow/example_dags/plugins/workday.py
[2024-01-27T18:24:56.550+0100] {processor.py:830} INFO - Processing file /home/ubuntu/.local/lib/python3.10/site-packages/airflow/example_dags/plugins/workday.py for tasks to queue
[2024-01-27T18:24:56.555+0100] {logging_mixin.py:188} INFO - [2024-01-27T18:24:56.551+0100] {dagbag.py:538} INFO - Filling up the DagBag from /home/ubuntu/.local/lib/python3.10/site-packages/airflow/example_dags/plugins/workday.py
[2024-01-27T18:24:57.946+0100] {processor.py:842} WARNING - No viable dags retrieved from /home/ubuntu/.local/lib/python3.10/site-packages/airflow/example_dags/plugins/workday.py
[2024-01-27T18:24:57.957+0100] {processor.py:183} INFO - Processing /home/ubuntu/.local/lib/python3.10/site-packages/airflow/example_dags/plugins/workday.py took 1.426 seconds
[2024-01-27T18:26:53.038+0100] {processor.py:161} INFO - Started process (PID=9816) to work on /home/ubuntu/.local/lib/python3.10/site-packages/airflow/example_dags/plugins/workday.py
[2024-01-27T18:26:53.076+0100] {processor.py:830} INFO - Processing file /home/ubuntu/.local/lib/python3.10/site-packages/airflow/example_dags/plugins/workday.py for tasks to queue
[2024-01-27T18:26:53.086+0100] {logging_mixin.py:188} INFO - [2024-01-27T18:26:53.085+0100] {dagbag.py:538} INFO - Filling up the DagBag from /home/ubuntu/.local/lib/python3.10/site-packages/airflow/example_dags/plugins/workday.py
[2024-01-27T18:26:57.547+0100] {processor.py:842} WARNING - No viable dags retrieved from /home/ubuntu/.local/lib/python3.10/site-packages/airflow/example_dags/plugins/workday.py
[2024-01-27T18:26:57.608+0100] {processor.py:183} INFO - Processing /home/ubuntu/.local/lib/python3.10/site-packages/airflow/example_dags/plugins/workday.py took 4.584 seconds
[2024-01-27T18:33:06.027+0100] {processor.py:161} INFO - Started process (PID=9993) to work on /home/ubuntu/.local/lib/python3.10/site-packages/airflow/example_dags/plugins/workday.py
[2024-01-27T18:33:06.040+0100] {processor.py:830} INFO - Processing file /home/ubuntu/.local/lib/python3.10/site-packages/airflow/example_dags/plugins/workday.py for tasks to queue
[2024-01-27T18:33:06.042+0100] {logging_mixin.py:188} INFO - [2024-01-27T18:33:06.041+0100] {dagbag.py:538} INFO - Filling up the DagBag from /home/ubuntu/.local/lib/python3.10/site-packages/airflow/example_dags/plugins/workday.py
[2024-01-27T18:33:10.129+0100] {processor.py:842} WARNING - No viable dags retrieved from /home/ubuntu/.local/lib/python3.10/site-packages/airflow/example_dags/plugins/workday.py
[2024-01-27T18:33:10.241+0100] {processor.py:183} INFO - Processing /home/ubuntu/.local/lib/python3.10/site-packages/airflow/example_dags/plugins/workday.py took 4.235 seconds
[2024-01-27T18:35:27.066+0100] {processor.py:161} INFO - Started process (PID=10077) to work on /home/ubuntu/.local/lib/python3.10/site-packages/airflow/example_dags/plugins/workday.py
[2024-01-27T18:35:27.085+0100] {processor.py:830} INFO - Processing file /home/ubuntu/.local/lib/python3.10/site-packages/airflow/example_dags/plugins/workday.py for tasks to queue
[2024-01-27T18:35:27.095+0100] {logging_mixin.py:188} INFO - [2024-01-27T18:35:27.094+0100] {dagbag.py:538} INFO - Filling up the DagBag from /home/ubuntu/.local/lib/python3.10/site-packages/airflow/example_dags/plugins/workday.py
[2024-01-27T18:35:30.642+0100] {processor.py:842} WARNING - No viable dags retrieved from /home/ubuntu/.local/lib/python3.10/site-packages/airflow/example_dags/plugins/workday.py
[2024-01-27T18:35:30.686+0100] {processor.py:183} INFO - Processing /home/ubuntu/.local/lib/python3.10/site-packages/airflow/example_dags/plugins/workday.py took 3.655 seconds
[2024-01-27T18:37:16.735+0100] {processor.py:161} INFO - Started process (PID=10147) to work on /home/ubuntu/.local/lib/python3.10/site-packages/airflow/example_dags/plugins/workday.py
[2024-01-27T18:37:16.768+0100] {processor.py:830} INFO - Processing file /home/ubuntu/.local/lib/python3.10/site-packages/airflow/example_dags/plugins/workday.py for tasks to queue
[2024-01-27T18:37:16.770+0100] {logging_mixin.py:188} INFO - [2024-01-27T18:37:16.769+0100] {dagbag.py:538} INFO - Filling up the DagBag from /home/ubuntu/.local/lib/python3.10/site-packages/airflow/example_dags/plugins/workday.py
[2024-01-27T18:37:20.472+0100] {processor.py:842} WARNING - No viable dags retrieved from /home/ubuntu/.local/lib/python3.10/site-packages/airflow/example_dags/plugins/workday.py
[2024-01-27T18:37:20.662+0100] {processor.py:183} INFO - Processing /home/ubuntu/.local/lib/python3.10/site-packages/airflow/example_dags/plugins/workday.py took 3.942 seconds
[2024-01-27T18:39:01.012+0100] {processor.py:161} INFO - Started process (PID=10210) to work on /home/ubuntu/.local/lib/python3.10/site-packages/airflow/example_dags/plugins/workday.py
[2024-01-27T18:39:01.073+0100] {processor.py:830} INFO - Processing file /home/ubuntu/.local/lib/python3.10/site-packages/airflow/example_dags/plugins/workday.py for tasks to queue
[2024-01-27T18:39:01.075+0100] {logging_mixin.py:188} INFO - [2024-01-27T18:39:01.074+0100] {dagbag.py:538} INFO - Filling up the DagBag from /home/ubuntu/.local/lib/python3.10/site-packages/airflow/example_dags/plugins/workday.py
[2024-01-27T18:39:04.364+0100] {processor.py:842} WARNING - No viable dags retrieved from /home/ubuntu/.local/lib/python3.10/site-packages/airflow/example_dags/plugins/workday.py
[2024-01-27T18:39:04.496+0100] {processor.py:183} INFO - Processing /home/ubuntu/.local/lib/python3.10/site-packages/airflow/example_dags/plugins/workday.py took 3.498 seconds
[2024-01-27T18:40:44.234+0100] {processor.py:161} INFO - Started process (PID=10273) to work on /home/ubuntu/.local/lib/python3.10/site-packages/airflow/example_dags/plugins/workday.py
[2024-01-27T18:40:44.308+0100] {processor.py:830} INFO - Processing file /home/ubuntu/.local/lib/python3.10/site-packages/airflow/example_dags/plugins/workday.py for tasks to queue
[2024-01-27T18:40:44.310+0100] {logging_mixin.py:188} INFO - [2024-01-27T18:40:44.309+0100] {dagbag.py:538} INFO - Filling up the DagBag from /home/ubuntu/.local/lib/python3.10/site-packages/airflow/example_dags/plugins/workday.py
[2024-01-27T18:40:51.279+0100] {processor.py:842} WARNING - No viable dags retrieved from /home/ubuntu/.local/lib/python3.10/site-packages/airflow/example_dags/plugins/workday.py
[2024-01-27T18:40:51.693+0100] {processor.py:183} INFO - Processing /home/ubuntu/.local/lib/python3.10/site-packages/airflow/example_dags/plugins/workday.py took 7.493 seconds
[2024-01-27T18:42:34.427+0100] {processor.py:161} INFO - Started process (PID=10338) to work on /home/ubuntu/.local/lib/python3.10/site-packages/airflow/example_dags/plugins/workday.py
[2024-01-27T18:42:34.540+0100] {processor.py:830} INFO - Processing file /home/ubuntu/.local/lib/python3.10/site-packages/airflow/example_dags/plugins/workday.py for tasks to queue
[2024-01-27T18:42:34.550+0100] {logging_mixin.py:188} INFO - [2024-01-27T18:42:34.543+0100] {dagbag.py:538} INFO - Filling up the DagBag from /home/ubuntu/.local/lib/python3.10/site-packages/airflow/example_dags/plugins/workday.py
[2024-01-27T18:42:40.138+0100] {processor.py:842} WARNING - No viable dags retrieved from /home/ubuntu/.local/lib/python3.10/site-packages/airflow/example_dags/plugins/workday.py
[2024-01-27T18:42:40.229+0100] {processor.py:183} INFO - Processing /home/ubuntu/.local/lib/python3.10/site-packages/airflow/example_dags/plugins/workday.py took 5.815 seconds
[2024-01-27T18:44:32.500+0100] {processor.py:161} INFO - Started process (PID=10400) to work on /home/ubuntu/.local/lib/python3.10/site-packages/airflow/example_dags/plugins/workday.py
[2024-01-27T18:44:32.614+0100] {processor.py:830} INFO - Processing file /home/ubuntu/.local/lib/python3.10/site-packages/airflow/example_dags/plugins/workday.py for tasks to queue
[2024-01-27T18:44:32.616+0100] {logging_mixin.py:188} INFO - [2024-01-27T18:44:32.615+0100] {dagbag.py:538} INFO - Filling up the DagBag from /home/ubuntu/.local/lib/python3.10/site-packages/airflow/example_dags/plugins/workday.py
[2024-01-27T18:44:36.242+0100] {processor.py:842} WARNING - No viable dags retrieved from /home/ubuntu/.local/lib/python3.10/site-packages/airflow/example_dags/plugins/workday.py
[2024-01-27T18:44:36.292+0100] {processor.py:183} INFO - Processing /home/ubuntu/.local/lib/python3.10/site-packages/airflow/example_dags/plugins/workday.py took 3.800 seconds
[2024-01-27T18:46:27.421+0100] {processor.py:161} INFO - Started process (PID=10473) to work on /home/ubuntu/.local/lib/python3.10/site-packages/airflow/example_dags/plugins/workday.py
[2024-01-27T18:46:27.468+0100] {processor.py:830} INFO - Processing file /home/ubuntu/.local/lib/python3.10/site-packages/airflow/example_dags/plugins/workday.py for tasks to queue
[2024-01-27T18:46:27.470+0100] {logging_mixin.py:188} INFO - [2024-01-27T18:46:27.469+0100] {dagbag.py:538} INFO - Filling up the DagBag from /home/ubuntu/.local/lib/python3.10/site-packages/airflow/example_dags/plugins/workday.py
[2024-01-27T18:46:31.675+0100] {processor.py:842} WARNING - No viable dags retrieved from /home/ubuntu/.local/lib/python3.10/site-packages/airflow/example_dags/plugins/workday.py
[2024-01-27T18:46:31.869+0100] {processor.py:183} INFO - Processing /home/ubuntu/.local/lib/python3.10/site-packages/airflow/example_dags/plugins/workday.py took 4.506 seconds
[2024-01-27T18:48:14.279+0100] {processor.py:161} INFO - Started process (PID=10641) to work on /home/ubuntu/.local/lib/python3.10/site-packages/airflow/example_dags/plugins/workday.py
[2024-01-27T18:48:14.282+0100] {processor.py:830} INFO - Processing file /home/ubuntu/.local/lib/python3.10/site-packages/airflow/example_dags/plugins/workday.py for tasks to queue
[2024-01-27T18:48:14.285+0100] {logging_mixin.py:188} INFO - [2024-01-27T18:48:14.283+0100] {dagbag.py:538} INFO - Filling up the DagBag from /home/ubuntu/.local/lib/python3.10/site-packages/airflow/example_dags/plugins/workday.py
[2024-01-27T18:48:20.425+0100] {processor.py:842} WARNING - No viable dags retrieved from /home/ubuntu/.local/lib/python3.10/site-packages/airflow/example_dags/plugins/workday.py
[2024-01-27T18:48:20.463+0100] {processor.py:183} INFO - Processing /home/ubuntu/.local/lib/python3.10/site-packages/airflow/example_dags/plugins/workday.py took 6.192 seconds
[2024-01-27T18:49:51.679+0100] {processor.py:161} INFO - Started process (PID=10694) to work on /home/ubuntu/.local/lib/python3.10/site-packages/airflow/example_dags/plugins/workday.py
[2024-01-27T18:49:51.684+0100] {processor.py:830} INFO - Processing file /home/ubuntu/.local/lib/python3.10/site-packages/airflow/example_dags/plugins/workday.py for tasks to queue
[2024-01-27T18:49:51.686+0100] {logging_mixin.py:188} INFO - [2024-01-27T18:49:51.685+0100] {dagbag.py:538} INFO - Filling up the DagBag from /home/ubuntu/.local/lib/python3.10/site-packages/airflow/example_dags/plugins/workday.py
[2024-01-27T18:49:55.800+0100] {processor.py:842} WARNING - No viable dags retrieved from /home/ubuntu/.local/lib/python3.10/site-packages/airflow/example_dags/plugins/workday.py
[2024-01-27T18:49:55.885+0100] {processor.py:183} INFO - Processing /home/ubuntu/.local/lib/python3.10/site-packages/airflow/example_dags/plugins/workday.py took 4.231 seconds
[2024-01-27T18:51:37.691+0100] {processor.py:161} INFO - Started process (PID=10749) to work on /home/ubuntu/.local/lib/python3.10/site-packages/airflow/example_dags/plugins/workday.py
[2024-01-27T18:51:37.763+0100] {processor.py:830} INFO - Processing file /home/ubuntu/.local/lib/python3.10/site-packages/airflow/example_dags/plugins/workday.py for tasks to queue
[2024-01-27T18:51:37.765+0100] {logging_mixin.py:188} INFO - [2024-01-27T18:51:37.764+0100] {dagbag.py:538} INFO - Filling up the DagBag from /home/ubuntu/.local/lib/python3.10/site-packages/airflow/example_dags/plugins/workday.py
[2024-01-27T18:51:41.023+0100] {processor.py:842} WARNING - No viable dags retrieved from /home/ubuntu/.local/lib/python3.10/site-packages/airflow/example_dags/plugins/workday.py
[2024-01-27T18:51:41.064+0100] {processor.py:183} INFO - Processing /home/ubuntu/.local/lib/python3.10/site-packages/airflow/example_dags/plugins/workday.py took 3.443 seconds
[2024-01-27T18:53:46.979+0100] {processor.py:161} INFO - Started process (PID=10809) to work on /home/ubuntu/.local/lib/python3.10/site-packages/airflow/example_dags/plugins/workday.py
[2024-01-27T18:53:47.109+0100] {processor.py:830} INFO - Processing file /home/ubuntu/.local/lib/python3.10/site-packages/airflow/example_dags/plugins/workday.py for tasks to queue
[2024-01-27T18:53:47.112+0100] {logging_mixin.py:188} INFO - [2024-01-27T18:53:47.110+0100] {dagbag.py:538} INFO - Filling up the DagBag from /home/ubuntu/.local/lib/python3.10/site-packages/airflow/example_dags/plugins/workday.py
[2024-01-27T18:53:54.843+0100] {processor.py:842} WARNING - No viable dags retrieved from /home/ubuntu/.local/lib/python3.10/site-packages/airflow/example_dags/plugins/workday.py
[2024-01-27T18:53:54.942+0100] {processor.py:183} INFO - Processing /home/ubuntu/.local/lib/python3.10/site-packages/airflow/example_dags/plugins/workday.py took 7.973 seconds
[2024-01-27T18:56:22.446+0100] {processor.py:161} INFO - Started process (PID=10864) to work on /home/ubuntu/.local/lib/python3.10/site-packages/airflow/example_dags/plugins/workday.py
[2024-01-27T18:56:22.486+0100] {processor.py:830} INFO - Processing file /home/ubuntu/.local/lib/python3.10/site-packages/airflow/example_dags/plugins/workday.py for tasks to queue
[2024-01-27T18:56:22.488+0100] {logging_mixin.py:188} INFO - [2024-01-27T18:56:22.487+0100] {dagbag.py:538} INFO - Filling up the DagBag from /home/ubuntu/.local/lib/python3.10/site-packages/airflow/example_dags/plugins/workday.py
[2024-01-27T18:56:29.852+0100] {processor.py:842} WARNING - No viable dags retrieved from /home/ubuntu/.local/lib/python3.10/site-packages/airflow/example_dags/plugins/workday.py
[2024-01-27T18:56:29.936+0100] {processor.py:183} INFO - Processing /home/ubuntu/.local/lib/python3.10/site-packages/airflow/example_dags/plugins/workday.py took 7.538 seconds
[2024-01-27T18:58:47.878+0100] {processor.py:161} INFO - Started process (PID=10946) to work on /home/ubuntu/.local/lib/python3.10/site-packages/airflow/example_dags/plugins/workday.py
[2024-01-27T18:58:47.928+0100] {processor.py:830} INFO - Processing file /home/ubuntu/.local/lib/python3.10/site-packages/airflow/example_dags/plugins/workday.py for tasks to queue
[2024-01-27T18:58:47.931+0100] {logging_mixin.py:188} INFO - [2024-01-27T18:58:47.930+0100] {dagbag.py:538} INFO - Filling up the DagBag from /home/ubuntu/.local/lib/python3.10/site-packages/airflow/example_dags/plugins/workday.py
[2024-01-27T18:58:49.583+0100] {processor.py:842} WARNING - No viable dags retrieved from /home/ubuntu/.local/lib/python3.10/site-packages/airflow/example_dags/plugins/workday.py
[2024-01-27T18:58:49.604+0100] {processor.py:183} INFO - Processing /home/ubuntu/.local/lib/python3.10/site-packages/airflow/example_dags/plugins/workday.py took 1.760 seconds
[2024-01-27T19:00:55.205+0100] {processor.py:161} INFO - Started process (PID=11002) to work on /home/ubuntu/.local/lib/python3.10/site-packages/airflow/example_dags/plugins/workday.py
[2024-01-27T19:00:55.219+0100] {processor.py:830} INFO - Processing file /home/ubuntu/.local/lib/python3.10/site-packages/airflow/example_dags/plugins/workday.py for tasks to queue
[2024-01-27T19:00:55.236+0100] {logging_mixin.py:188} INFO - [2024-01-27T19:00:55.228+0100] {dagbag.py:538} INFO - Filling up the DagBag from /home/ubuntu/.local/lib/python3.10/site-packages/airflow/example_dags/plugins/workday.py
[2024-01-27T19:01:00.279+0100] {processor.py:842} WARNING - No viable dags retrieved from /home/ubuntu/.local/lib/python3.10/site-packages/airflow/example_dags/plugins/workday.py
[2024-01-27T19:01:00.292+0100] {processor.py:183} INFO - Processing /home/ubuntu/.local/lib/python3.10/site-packages/airflow/example_dags/plugins/workday.py took 5.096 seconds
[2024-01-27T19:03:02.181+0100] {processor.py:161} INFO - Started process (PID=11060) to work on /home/ubuntu/.local/lib/python3.10/site-packages/airflow/example_dags/plugins/workday.py
[2024-01-27T19:03:02.235+0100] {processor.py:830} INFO - Processing file /home/ubuntu/.local/lib/python3.10/site-packages/airflow/example_dags/plugins/workday.py for tasks to queue
[2024-01-27T19:03:02.269+0100] {logging_mixin.py:188} INFO - [2024-01-27T19:03:02.257+0100] {dagbag.py:538} INFO - Filling up the DagBag from /home/ubuntu/.local/lib/python3.10/site-packages/airflow/example_dags/plugins/workday.py
[2024-01-27T19:03:07.924+0100] {processor.py:842} WARNING - No viable dags retrieved from /home/ubuntu/.local/lib/python3.10/site-packages/airflow/example_dags/plugins/workday.py
[2024-01-27T19:03:08.457+0100] {processor.py:183} INFO - Processing /home/ubuntu/.local/lib/python3.10/site-packages/airflow/example_dags/plugins/workday.py took 6.286 seconds
[2024-01-27T19:05:20.516+0100] {processor.py:161} INFO - Started process (PID=11115) to work on /home/ubuntu/.local/lib/python3.10/site-packages/airflow/example_dags/plugins/workday.py
[2024-01-27T19:05:20.561+0100] {processor.py:830} INFO - Processing file /home/ubuntu/.local/lib/python3.10/site-packages/airflow/example_dags/plugins/workday.py for tasks to queue
[2024-01-27T19:05:20.588+0100] {logging_mixin.py:188} INFO - [2024-01-27T19:05:20.583+0100] {dagbag.py:538} INFO - Filling up the DagBag from /home/ubuntu/.local/lib/python3.10/site-packages/airflow/example_dags/plugins/workday.py
[2024-01-27T19:05:25.338+0100] {processor.py:842} WARNING - No viable dags retrieved from /home/ubuntu/.local/lib/python3.10/site-packages/airflow/example_dags/plugins/workday.py
[2024-01-27T19:05:25.409+0100] {processor.py:183} INFO - Processing /home/ubuntu/.local/lib/python3.10/site-packages/airflow/example_dags/plugins/workday.py took 4.954 seconds
[2024-01-27T19:07:28.667+0100] {processor.py:161} INFO - Started process (PID=11170) to work on /home/ubuntu/.local/lib/python3.10/site-packages/airflow/example_dags/plugins/workday.py
[2024-01-27T19:07:28.698+0100] {processor.py:830} INFO - Processing file /home/ubuntu/.local/lib/python3.10/site-packages/airflow/example_dags/plugins/workday.py for tasks to queue
[2024-01-27T19:07:28.709+0100] {logging_mixin.py:188} INFO - [2024-01-27T19:07:28.708+0100] {dagbag.py:538} INFO - Filling up the DagBag from /home/ubuntu/.local/lib/python3.10/site-packages/airflow/example_dags/plugins/workday.py
[2024-01-27T19:07:32.481+0100] {processor.py:842} WARNING - No viable dags retrieved from /home/ubuntu/.local/lib/python3.10/site-packages/airflow/example_dags/plugins/workday.py
[2024-01-27T19:07:32.499+0100] {processor.py:183} INFO - Processing /home/ubuntu/.local/lib/python3.10/site-packages/airflow/example_dags/plugins/workday.py took 3.862 seconds
