[2024-01-30T23:16:59.415+0100] {processor.py:161} INFO - Started process (PID=5218) to work on /home/ubuntu/.local/lib/python3.10/site-packages/airflow/example_dags/subdags/subdag.py
[2024-01-30T23:16:59.424+0100] {processor.py:830} INFO - Processing file /home/ubuntu/.local/lib/python3.10/site-packages/airflow/example_dags/subdags/subdag.py for tasks to queue
[2024-01-30T23:16:59.429+0100] {logging_mixin.py:188} INFO - [2024-01-30T23:16:59.429+0100] {dagbag.py:538} INFO - Filling up the DagBag from /home/ubuntu/.local/lib/python3.10/site-packages/airflow/example_dags/subdags/subdag.py
[2024-01-30T23:16:59.441+0100] {processor.py:842} WARNING - No viable dags retrieved from /home/ubuntu/.local/lib/python3.10/site-packages/airflow/example_dags/subdags/subdag.py
[2024-01-30T23:16:59.483+0100] {processor.py:183} INFO - Processing /home/ubuntu/.local/lib/python3.10/site-packages/airflow/example_dags/subdags/subdag.py took 0.084 seconds
[2024-01-30T23:19:18.416+0100] {processor.py:161} INFO - Started process (PID=7592) to work on /home/ubuntu/.local/lib/python3.10/site-packages/airflow/example_dags/subdags/subdag.py
[2024-01-30T23:19:18.437+0100] {processor.py:830} INFO - Processing file /home/ubuntu/.local/lib/python3.10/site-packages/airflow/example_dags/subdags/subdag.py for tasks to queue
[2024-01-30T23:19:18.439+0100] {logging_mixin.py:188} INFO - [2024-01-30T23:19:18.438+0100] {dagbag.py:538} INFO - Filling up the DagBag from /home/ubuntu/.local/lib/python3.10/site-packages/airflow/example_dags/subdags/subdag.py
[2024-01-30T23:19:18.448+0100] {processor.py:842} WARNING - No viable dags retrieved from /home/ubuntu/.local/lib/python3.10/site-packages/airflow/example_dags/subdags/subdag.py
[2024-01-30T23:19:18.475+0100] {processor.py:183} INFO - Processing /home/ubuntu/.local/lib/python3.10/site-packages/airflow/example_dags/subdags/subdag.py took 0.065 seconds
[2024-01-30T23:20:50.815+0100] {processor.py:161} INFO - Started process (PID=7739) to work on /home/ubuntu/.local/lib/python3.10/site-packages/airflow/example_dags/subdags/subdag.py
[2024-01-30T23:20:50.848+0100] {processor.py:830} INFO - Processing file /home/ubuntu/.local/lib/python3.10/site-packages/airflow/example_dags/subdags/subdag.py for tasks to queue
[2024-01-30T23:20:50.868+0100] {logging_mixin.py:188} INFO - [2024-01-30T23:20:50.868+0100] {dagbag.py:538} INFO - Filling up the DagBag from /home/ubuntu/.local/lib/python3.10/site-packages/airflow/example_dags/subdags/subdag.py
[2024-01-30T23:20:50.875+0100] {processor.py:842} WARNING - No viable dags retrieved from /home/ubuntu/.local/lib/python3.10/site-packages/airflow/example_dags/subdags/subdag.py
[2024-01-30T23:20:50.931+0100] {processor.py:183} INFO - Processing /home/ubuntu/.local/lib/python3.10/site-packages/airflow/example_dags/subdags/subdag.py took 0.130 seconds
[2024-01-30T23:22:24.180+0100] {processor.py:161} INFO - Started process (PID=7807) to work on /home/ubuntu/.local/lib/python3.10/site-packages/airflow/example_dags/subdags/subdag.py
[2024-01-30T23:22:24.200+0100] {processor.py:830} INFO - Processing file /home/ubuntu/.local/lib/python3.10/site-packages/airflow/example_dags/subdags/subdag.py for tasks to queue
[2024-01-30T23:22:24.202+0100] {logging_mixin.py:188} INFO - [2024-01-30T23:22:24.201+0100] {dagbag.py:538} INFO - Filling up the DagBag from /home/ubuntu/.local/lib/python3.10/site-packages/airflow/example_dags/subdags/subdag.py
[2024-01-30T23:22:24.209+0100] {processor.py:842} WARNING - No viable dags retrieved from /home/ubuntu/.local/lib/python3.10/site-packages/airflow/example_dags/subdags/subdag.py
[2024-01-30T23:22:24.258+0100] {processor.py:183} INFO - Processing /home/ubuntu/.local/lib/python3.10/site-packages/airflow/example_dags/subdags/subdag.py took 0.086 seconds
[2024-01-30T23:24:40.610+0100] {processor.py:161} INFO - Started process (PID=7906) to work on /home/ubuntu/.local/lib/python3.10/site-packages/airflow/example_dags/subdags/subdag.py
[2024-01-30T23:24:40.614+0100] {processor.py:830} INFO - Processing file /home/ubuntu/.local/lib/python3.10/site-packages/airflow/example_dags/subdags/subdag.py for tasks to queue
[2024-01-30T23:24:40.615+0100] {logging_mixin.py:188} INFO - [2024-01-30T23:24:40.615+0100] {dagbag.py:538} INFO - Filling up the DagBag from /home/ubuntu/.local/lib/python3.10/site-packages/airflow/example_dags/subdags/subdag.py
[2024-01-30T23:24:40.631+0100] {processor.py:842} WARNING - No viable dags retrieved from /home/ubuntu/.local/lib/python3.10/site-packages/airflow/example_dags/subdags/subdag.py
[2024-01-30T23:24:40.687+0100] {processor.py:183} INFO - Processing /home/ubuntu/.local/lib/python3.10/site-packages/airflow/example_dags/subdags/subdag.py took 0.087 seconds
[2024-01-30T23:25:38.197+0100] {processor.py:161} INFO - Started process (PID=7961) to work on /home/ubuntu/.local/lib/python3.10/site-packages/airflow/example_dags/subdags/subdag.py
[2024-01-30T23:25:38.200+0100] {processor.py:830} INFO - Processing file /home/ubuntu/.local/lib/python3.10/site-packages/airflow/example_dags/subdags/subdag.py for tasks to queue
[2024-01-30T23:25:38.202+0100] {logging_mixin.py:188} INFO - [2024-01-30T23:25:38.201+0100] {dagbag.py:538} INFO - Filling up the DagBag from /home/ubuntu/.local/lib/python3.10/site-packages/airflow/example_dags/subdags/subdag.py
[2024-01-30T23:25:38.206+0100] {processor.py:842} WARNING - No viable dags retrieved from /home/ubuntu/.local/lib/python3.10/site-packages/airflow/example_dags/subdags/subdag.py
[2024-01-30T23:25:38.222+0100] {processor.py:183} INFO - Processing /home/ubuntu/.local/lib/python3.10/site-packages/airflow/example_dags/subdags/subdag.py took 0.030 seconds
[2024-01-30T23:27:00.203+0100] {processor.py:161} INFO - Started process (PID=8032) to work on /home/ubuntu/.local/lib/python3.10/site-packages/airflow/example_dags/subdags/subdag.py
[2024-01-30T23:27:00.242+0100] {processor.py:830} INFO - Processing file /home/ubuntu/.local/lib/python3.10/site-packages/airflow/example_dags/subdags/subdag.py for tasks to queue
[2024-01-30T23:27:00.249+0100] {logging_mixin.py:188} INFO - [2024-01-30T23:27:00.244+0100] {dagbag.py:538} INFO - Filling up the DagBag from /home/ubuntu/.local/lib/python3.10/site-packages/airflow/example_dags/subdags/subdag.py
[2024-01-30T23:27:00.263+0100] {processor.py:842} WARNING - No viable dags retrieved from /home/ubuntu/.local/lib/python3.10/site-packages/airflow/example_dags/subdags/subdag.py
[2024-01-30T23:27:00.304+0100] {processor.py:183} INFO - Processing /home/ubuntu/.local/lib/python3.10/site-packages/airflow/example_dags/subdags/subdag.py took 0.119 seconds
[2024-01-30T23:28:31.707+0100] {processor.py:161} INFO - Started process (PID=8120) to work on /home/ubuntu/.local/lib/python3.10/site-packages/airflow/example_dags/subdags/subdag.py
[2024-01-30T23:28:31.724+0100] {processor.py:830} INFO - Processing file /home/ubuntu/.local/lib/python3.10/site-packages/airflow/example_dags/subdags/subdag.py for tasks to queue
[2024-01-30T23:28:31.735+0100] {logging_mixin.py:188} INFO - [2024-01-30T23:28:31.731+0100] {dagbag.py:538} INFO - Filling up the DagBag from /home/ubuntu/.local/lib/python3.10/site-packages/airflow/example_dags/subdags/subdag.py
[2024-01-30T23:28:31.738+0100] {processor.py:842} WARNING - No viable dags retrieved from /home/ubuntu/.local/lib/python3.10/site-packages/airflow/example_dags/subdags/subdag.py
[2024-01-30T23:28:31.767+0100] {processor.py:183} INFO - Processing /home/ubuntu/.local/lib/python3.10/site-packages/airflow/example_dags/subdags/subdag.py took 0.076 seconds
[2024-01-30T23:29:52.516+0100] {processor.py:161} INFO - Started process (PID=8197) to work on /home/ubuntu/.local/lib/python3.10/site-packages/airflow/example_dags/subdags/subdag.py
[2024-01-30T23:29:52.549+0100] {processor.py:830} INFO - Processing file /home/ubuntu/.local/lib/python3.10/site-packages/airflow/example_dags/subdags/subdag.py for tasks to queue
[2024-01-30T23:29:52.551+0100] {logging_mixin.py:188} INFO - [2024-01-30T23:29:52.550+0100] {dagbag.py:538} INFO - Filling up the DagBag from /home/ubuntu/.local/lib/python3.10/site-packages/airflow/example_dags/subdags/subdag.py
[2024-01-30T23:29:52.560+0100] {processor.py:842} WARNING - No viable dags retrieved from /home/ubuntu/.local/lib/python3.10/site-packages/airflow/example_dags/subdags/subdag.py
[2024-01-30T23:29:52.625+0100] {processor.py:183} INFO - Processing /home/ubuntu/.local/lib/python3.10/site-packages/airflow/example_dags/subdags/subdag.py took 0.120 seconds
[2024-01-30T23:31:03.871+0100] {processor.py:161} INFO - Started process (PID=8265) to work on /home/ubuntu/.local/lib/python3.10/site-packages/airflow/example_dags/subdags/subdag.py
[2024-01-30T23:31:03.875+0100] {processor.py:830} INFO - Processing file /home/ubuntu/.local/lib/python3.10/site-packages/airflow/example_dags/subdags/subdag.py for tasks to queue
[2024-01-30T23:31:03.876+0100] {logging_mixin.py:188} INFO - [2024-01-30T23:31:03.876+0100] {dagbag.py:538} INFO - Filling up the DagBag from /home/ubuntu/.local/lib/python3.10/site-packages/airflow/example_dags/subdags/subdag.py
[2024-01-30T23:31:03.882+0100] {processor.py:842} WARNING - No viable dags retrieved from /home/ubuntu/.local/lib/python3.10/site-packages/airflow/example_dags/subdags/subdag.py
[2024-01-30T23:31:03.926+0100] {processor.py:183} INFO - Processing /home/ubuntu/.local/lib/python3.10/site-packages/airflow/example_dags/subdags/subdag.py took 0.061 seconds
[2024-01-30T23:32:27.233+0100] {processor.py:161} INFO - Started process (PID=8334) to work on /home/ubuntu/.local/lib/python3.10/site-packages/airflow/example_dags/subdags/subdag.py
[2024-01-30T23:32:27.263+0100] {processor.py:830} INFO - Processing file /home/ubuntu/.local/lib/python3.10/site-packages/airflow/example_dags/subdags/subdag.py for tasks to queue
[2024-01-30T23:32:27.269+0100] {logging_mixin.py:188} INFO - [2024-01-30T23:32:27.264+0100] {dagbag.py:538} INFO - Filling up the DagBag from /home/ubuntu/.local/lib/python3.10/site-packages/airflow/example_dags/subdags/subdag.py
[2024-01-30T23:32:27.281+0100] {processor.py:842} WARNING - No viable dags retrieved from /home/ubuntu/.local/lib/python3.10/site-packages/airflow/example_dags/subdags/subdag.py
[2024-01-30T23:32:27.345+0100] {processor.py:183} INFO - Processing /home/ubuntu/.local/lib/python3.10/site-packages/airflow/example_dags/subdags/subdag.py took 0.121 seconds
[2024-01-30T23:33:51.998+0100] {processor.py:161} INFO - Started process (PID=8409) to work on /home/ubuntu/.local/lib/python3.10/site-packages/airflow/example_dags/subdags/subdag.py
[2024-01-30T23:33:52.015+0100] {processor.py:830} INFO - Processing file /home/ubuntu/.local/lib/python3.10/site-packages/airflow/example_dags/subdags/subdag.py for tasks to queue
[2024-01-30T23:33:52.027+0100] {logging_mixin.py:188} INFO - [2024-01-30T23:33:52.026+0100] {dagbag.py:538} INFO - Filling up the DagBag from /home/ubuntu/.local/lib/python3.10/site-packages/airflow/example_dags/subdags/subdag.py
[2024-01-30T23:33:52.038+0100] {processor.py:842} WARNING - No viable dags retrieved from /home/ubuntu/.local/lib/python3.10/site-packages/airflow/example_dags/subdags/subdag.py
[2024-01-30T23:33:52.055+0100] {processor.py:183} INFO - Processing /home/ubuntu/.local/lib/python3.10/site-packages/airflow/example_dags/subdags/subdag.py took 0.061 seconds
[2024-01-30T23:35:16.723+0100] {processor.py:161} INFO - Started process (PID=8480) to work on /home/ubuntu/.local/lib/python3.10/site-packages/airflow/example_dags/subdags/subdag.py
[2024-01-30T23:35:16.746+0100] {processor.py:830} INFO - Processing file /home/ubuntu/.local/lib/python3.10/site-packages/airflow/example_dags/subdags/subdag.py for tasks to queue
[2024-01-30T23:35:16.748+0100] {logging_mixin.py:188} INFO - [2024-01-30T23:35:16.747+0100] {dagbag.py:538} INFO - Filling up the DagBag from /home/ubuntu/.local/lib/python3.10/site-packages/airflow/example_dags/subdags/subdag.py
[2024-01-30T23:35:16.762+0100] {processor.py:842} WARNING - No viable dags retrieved from /home/ubuntu/.local/lib/python3.10/site-packages/airflow/example_dags/subdags/subdag.py
[2024-01-30T23:35:16.805+0100] {processor.py:183} INFO - Processing /home/ubuntu/.local/lib/python3.10/site-packages/airflow/example_dags/subdags/subdag.py took 0.106 seconds
[2024-01-30T23:36:56.119+0100] {processor.py:161} INFO - Started process (PID=8564) to work on /home/ubuntu/.local/lib/python3.10/site-packages/airflow/example_dags/subdags/subdag.py
[2024-01-30T23:36:56.164+0100] {processor.py:830} INFO - Processing file /home/ubuntu/.local/lib/python3.10/site-packages/airflow/example_dags/subdags/subdag.py for tasks to queue
[2024-01-30T23:36:56.171+0100] {logging_mixin.py:188} INFO - [2024-01-30T23:36:56.170+0100] {dagbag.py:538} INFO - Filling up the DagBag from /home/ubuntu/.local/lib/python3.10/site-packages/airflow/example_dags/subdags/subdag.py
[2024-01-30T23:36:56.195+0100] {processor.py:842} WARNING - No viable dags retrieved from /home/ubuntu/.local/lib/python3.10/site-packages/airflow/example_dags/subdags/subdag.py
[2024-01-30T23:36:56.313+0100] {processor.py:183} INFO - Processing /home/ubuntu/.local/lib/python3.10/site-packages/airflow/example_dags/subdags/subdag.py took 0.211 seconds
[2024-01-30T23:38:26.274+0100] {processor.py:161} INFO - Started process (PID=8639) to work on /home/ubuntu/.local/lib/python3.10/site-packages/airflow/example_dags/subdags/subdag.py
[2024-01-30T23:38:26.277+0100] {processor.py:830} INFO - Processing file /home/ubuntu/.local/lib/python3.10/site-packages/airflow/example_dags/subdags/subdag.py for tasks to queue
[2024-01-30T23:38:26.279+0100] {logging_mixin.py:188} INFO - [2024-01-30T23:38:26.278+0100] {dagbag.py:538} INFO - Filling up the DagBag from /home/ubuntu/.local/lib/python3.10/site-packages/airflow/example_dags/subdags/subdag.py
[2024-01-30T23:38:26.283+0100] {processor.py:842} WARNING - No viable dags retrieved from /home/ubuntu/.local/lib/python3.10/site-packages/airflow/example_dags/subdags/subdag.py
[2024-01-30T23:38:26.299+0100] {processor.py:183} INFO - Processing /home/ubuntu/.local/lib/python3.10/site-packages/airflow/example_dags/subdags/subdag.py took 0.029 seconds
[2024-01-30T23:39:42.371+0100] {processor.py:161} INFO - Started process (PID=8703) to work on /home/ubuntu/.local/lib/python3.10/site-packages/airflow/example_dags/subdags/subdag.py
[2024-01-30T23:39:42.403+0100] {processor.py:830} INFO - Processing file /home/ubuntu/.local/lib/python3.10/site-packages/airflow/example_dags/subdags/subdag.py for tasks to queue
[2024-01-30T23:39:42.409+0100] {logging_mixin.py:188} INFO - [2024-01-30T23:39:42.408+0100] {dagbag.py:538} INFO - Filling up the DagBag from /home/ubuntu/.local/lib/python3.10/site-packages/airflow/example_dags/subdags/subdag.py
[2024-01-30T23:39:42.415+0100] {processor.py:842} WARNING - No viable dags retrieved from /home/ubuntu/.local/lib/python3.10/site-packages/airflow/example_dags/subdags/subdag.py
[2024-01-30T23:39:42.459+0100] {processor.py:183} INFO - Processing /home/ubuntu/.local/lib/python3.10/site-packages/airflow/example_dags/subdags/subdag.py took 0.101 seconds
[2024-01-30T23:40:55.425+0100] {processor.py:161} INFO - Started process (PID=8768) to work on /home/ubuntu/.local/lib/python3.10/site-packages/airflow/example_dags/subdags/subdag.py
[2024-01-30T23:40:55.429+0100] {processor.py:830} INFO - Processing file /home/ubuntu/.local/lib/python3.10/site-packages/airflow/example_dags/subdags/subdag.py for tasks to queue
[2024-01-30T23:40:55.435+0100] {logging_mixin.py:188} INFO - [2024-01-30T23:40:55.431+0100] {dagbag.py:538} INFO - Filling up the DagBag from /home/ubuntu/.local/lib/python3.10/site-packages/airflow/example_dags/subdags/subdag.py
[2024-01-30T23:40:55.460+0100] {processor.py:842} WARNING - No viable dags retrieved from /home/ubuntu/.local/lib/python3.10/site-packages/airflow/example_dags/subdags/subdag.py
[2024-01-30T23:40:55.478+0100] {processor.py:183} INFO - Processing /home/ubuntu/.local/lib/python3.10/site-packages/airflow/example_dags/subdags/subdag.py took 0.067 seconds
[2024-01-30T23:42:04.206+0100] {processor.py:161} INFO - Started process (PID=8829) to work on /home/ubuntu/.local/lib/python3.10/site-packages/airflow/example_dags/subdags/subdag.py
[2024-01-30T23:42:04.209+0100] {processor.py:830} INFO - Processing file /home/ubuntu/.local/lib/python3.10/site-packages/airflow/example_dags/subdags/subdag.py for tasks to queue
[2024-01-30T23:42:04.212+0100] {logging_mixin.py:188} INFO - [2024-01-30T23:42:04.211+0100] {dagbag.py:538} INFO - Filling up the DagBag from /home/ubuntu/.local/lib/python3.10/site-packages/airflow/example_dags/subdags/subdag.py
[2024-01-30T23:42:04.216+0100] {processor.py:842} WARNING - No viable dags retrieved from /home/ubuntu/.local/lib/python3.10/site-packages/airflow/example_dags/subdags/subdag.py
[2024-01-30T23:42:04.237+0100] {processor.py:183} INFO - Processing /home/ubuntu/.local/lib/python3.10/site-packages/airflow/example_dags/subdags/subdag.py took 0.037 seconds
[2024-01-30T23:43:15.151+0100] {processor.py:161} INFO - Started process (PID=8896) to work on /home/ubuntu/.local/lib/python3.10/site-packages/airflow/example_dags/subdags/subdag.py
[2024-01-30T23:43:15.172+0100] {processor.py:830} INFO - Processing file /home/ubuntu/.local/lib/python3.10/site-packages/airflow/example_dags/subdags/subdag.py for tasks to queue
[2024-01-30T23:43:15.180+0100] {logging_mixin.py:188} INFO - [2024-01-30T23:43:15.179+0100] {dagbag.py:538} INFO - Filling up the DagBag from /home/ubuntu/.local/lib/python3.10/site-packages/airflow/example_dags/subdags/subdag.py
[2024-01-30T23:43:15.205+0100] {processor.py:842} WARNING - No viable dags retrieved from /home/ubuntu/.local/lib/python3.10/site-packages/airflow/example_dags/subdags/subdag.py
[2024-01-30T23:43:15.276+0100] {processor.py:183} INFO - Processing /home/ubuntu/.local/lib/python3.10/site-packages/airflow/example_dags/subdags/subdag.py took 0.131 seconds
[2024-01-30T23:44:24.360+0100] {processor.py:161} INFO - Started process (PID=8957) to work on /home/ubuntu/.local/lib/python3.10/site-packages/airflow/example_dags/subdags/subdag.py
[2024-01-30T23:44:24.363+0100] {processor.py:830} INFO - Processing file /home/ubuntu/.local/lib/python3.10/site-packages/airflow/example_dags/subdags/subdag.py for tasks to queue
[2024-01-30T23:44:24.365+0100] {logging_mixin.py:188} INFO - [2024-01-30T23:44:24.364+0100] {dagbag.py:538} INFO - Filling up the DagBag from /home/ubuntu/.local/lib/python3.10/site-packages/airflow/example_dags/subdags/subdag.py
[2024-01-30T23:44:24.369+0100] {processor.py:842} WARNING - No viable dags retrieved from /home/ubuntu/.local/lib/python3.10/site-packages/airflow/example_dags/subdags/subdag.py
[2024-01-30T23:44:24.385+0100] {processor.py:183} INFO - Processing /home/ubuntu/.local/lib/python3.10/site-packages/airflow/example_dags/subdags/subdag.py took 0.031 seconds
[2024-01-30T23:45:33.097+0100] {processor.py:161} INFO - Started process (PID=9034) to work on /home/ubuntu/.local/lib/python3.10/site-packages/airflow/example_dags/subdags/subdag.py
[2024-01-30T23:45:33.105+0100] {processor.py:830} INFO - Processing file /home/ubuntu/.local/lib/python3.10/site-packages/airflow/example_dags/subdags/subdag.py for tasks to queue
[2024-01-30T23:45:33.106+0100] {logging_mixin.py:188} INFO - [2024-01-30T23:45:33.106+0100] {dagbag.py:538} INFO - Filling up the DagBag from /home/ubuntu/.local/lib/python3.10/site-packages/airflow/example_dags/subdags/subdag.py
[2024-01-30T23:45:33.127+0100] {processor.py:842} WARNING - No viable dags retrieved from /home/ubuntu/.local/lib/python3.10/site-packages/airflow/example_dags/subdags/subdag.py
[2024-01-30T23:45:33.160+0100] {processor.py:183} INFO - Processing /home/ubuntu/.local/lib/python3.10/site-packages/airflow/example_dags/subdags/subdag.py took 0.077 seconds
[2024-01-30T23:46:36.930+0100] {processor.py:161} INFO - Started process (PID=9093) to work on /home/ubuntu/.local/lib/python3.10/site-packages/airflow/example_dags/subdags/subdag.py
[2024-01-30T23:46:36.933+0100] {processor.py:830} INFO - Processing file /home/ubuntu/.local/lib/python3.10/site-packages/airflow/example_dags/subdags/subdag.py for tasks to queue
[2024-01-30T23:46:36.934+0100] {logging_mixin.py:188} INFO - [2024-01-30T23:46:36.933+0100] {dagbag.py:538} INFO - Filling up the DagBag from /home/ubuntu/.local/lib/python3.10/site-packages/airflow/example_dags/subdags/subdag.py
[2024-01-30T23:46:36.938+0100] {processor.py:842} WARNING - No viable dags retrieved from /home/ubuntu/.local/lib/python3.10/site-packages/airflow/example_dags/subdags/subdag.py
[2024-01-30T23:46:36.954+0100] {processor.py:183} INFO - Processing /home/ubuntu/.local/lib/python3.10/site-packages/airflow/example_dags/subdags/subdag.py took 0.029 seconds
[2024-01-30T23:47:44.595+0100] {processor.py:161} INFO - Started process (PID=9162) to work on /home/ubuntu/.local/lib/python3.10/site-packages/airflow/example_dags/subdags/subdag.py
[2024-01-30T23:47:44.612+0100] {processor.py:830} INFO - Processing file /home/ubuntu/.local/lib/python3.10/site-packages/airflow/example_dags/subdags/subdag.py for tasks to queue
[2024-01-30T23:47:44.630+0100] {logging_mixin.py:188} INFO - [2024-01-30T23:47:44.629+0100] {dagbag.py:538} INFO - Filling up the DagBag from /home/ubuntu/.local/lib/python3.10/site-packages/airflow/example_dags/subdags/subdag.py
[2024-01-30T23:47:44.634+0100] {processor.py:842} WARNING - No viable dags retrieved from /home/ubuntu/.local/lib/python3.10/site-packages/airflow/example_dags/subdags/subdag.py
[2024-01-30T23:47:44.651+0100] {processor.py:183} INFO - Processing /home/ubuntu/.local/lib/python3.10/site-packages/airflow/example_dags/subdags/subdag.py took 0.063 seconds
[2024-01-30T23:48:51.754+0100] {processor.py:161} INFO - Started process (PID=9222) to work on /home/ubuntu/.local/lib/python3.10/site-packages/airflow/example_dags/subdags/subdag.py
[2024-01-30T23:48:51.758+0100] {processor.py:830} INFO - Processing file /home/ubuntu/.local/lib/python3.10/site-packages/airflow/example_dags/subdags/subdag.py for tasks to queue
[2024-01-30T23:48:51.760+0100] {logging_mixin.py:188} INFO - [2024-01-30T23:48:51.759+0100] {dagbag.py:538} INFO - Filling up the DagBag from /home/ubuntu/.local/lib/python3.10/site-packages/airflow/example_dags/subdags/subdag.py
[2024-01-30T23:48:51.764+0100] {processor.py:842} WARNING - No viable dags retrieved from /home/ubuntu/.local/lib/python3.10/site-packages/airflow/example_dags/subdags/subdag.py
[2024-01-30T23:48:51.782+0100] {processor.py:183} INFO - Processing /home/ubuntu/.local/lib/python3.10/site-packages/airflow/example_dags/subdags/subdag.py took 0.038 seconds
[2024-01-30T23:49:56.929+0100] {processor.py:161} INFO - Started process (PID=9284) to work on /home/ubuntu/.local/lib/python3.10/site-packages/airflow/example_dags/subdags/subdag.py
[2024-01-30T23:49:56.948+0100] {processor.py:830} INFO - Processing file /home/ubuntu/.local/lib/python3.10/site-packages/airflow/example_dags/subdags/subdag.py for tasks to queue
[2024-01-30T23:49:56.959+0100] {logging_mixin.py:188} INFO - [2024-01-30T23:49:56.959+0100] {dagbag.py:538} INFO - Filling up the DagBag from /home/ubuntu/.local/lib/python3.10/site-packages/airflow/example_dags/subdags/subdag.py
[2024-01-30T23:49:56.965+0100] {processor.py:842} WARNING - No viable dags retrieved from /home/ubuntu/.local/lib/python3.10/site-packages/airflow/example_dags/subdags/subdag.py
[2024-01-30T23:49:56.983+0100] {processor.py:183} INFO - Processing /home/ubuntu/.local/lib/python3.10/site-packages/airflow/example_dags/subdags/subdag.py took 0.064 seconds
[2024-01-30T23:51:00.435+0100] {processor.py:161} INFO - Started process (PID=9344) to work on /home/ubuntu/.local/lib/python3.10/site-packages/airflow/example_dags/subdags/subdag.py
[2024-01-30T23:51:00.442+0100] {processor.py:830} INFO - Processing file /home/ubuntu/.local/lib/python3.10/site-packages/airflow/example_dags/subdags/subdag.py for tasks to queue
[2024-01-30T23:51:00.444+0100] {logging_mixin.py:188} INFO - [2024-01-30T23:51:00.443+0100] {dagbag.py:538} INFO - Filling up the DagBag from /home/ubuntu/.local/lib/python3.10/site-packages/airflow/example_dags/subdags/subdag.py
[2024-01-30T23:51:00.448+0100] {processor.py:842} WARNING - No viable dags retrieved from /home/ubuntu/.local/lib/python3.10/site-packages/airflow/example_dags/subdags/subdag.py
[2024-01-30T23:51:00.486+0100] {processor.py:183} INFO - Processing /home/ubuntu/.local/lib/python3.10/site-packages/airflow/example_dags/subdags/subdag.py took 0.069 seconds
[2024-01-30T23:52:25.745+0100] {processor.py:161} INFO - Started process (PID=9489) to work on /home/ubuntu/.local/lib/python3.10/site-packages/airflow/example_dags/subdags/subdag.py
[2024-01-30T23:52:25.775+0100] {processor.py:830} INFO - Processing file /home/ubuntu/.local/lib/python3.10/site-packages/airflow/example_dags/subdags/subdag.py for tasks to queue
[2024-01-30T23:52:25.781+0100] {logging_mixin.py:188} INFO - [2024-01-30T23:52:25.780+0100] {dagbag.py:538} INFO - Filling up the DagBag from /home/ubuntu/.local/lib/python3.10/site-packages/airflow/example_dags/subdags/subdag.py
[2024-01-30T23:52:25.784+0100] {processor.py:842} WARNING - No viable dags retrieved from /home/ubuntu/.local/lib/python3.10/site-packages/airflow/example_dags/subdags/subdag.py
[2024-01-30T23:52:25.818+0100] {processor.py:183} INFO - Processing /home/ubuntu/.local/lib/python3.10/site-packages/airflow/example_dags/subdags/subdag.py took 0.077 seconds
[2024-01-30T23:53:27.750+0100] {processor.py:161} INFO - Started process (PID=9535) to work on /home/ubuntu/.local/lib/python3.10/site-packages/airflow/example_dags/subdags/subdag.py
[2024-01-30T23:53:27.783+0100] {processor.py:830} INFO - Processing file /home/ubuntu/.local/lib/python3.10/site-packages/airflow/example_dags/subdags/subdag.py for tasks to queue
[2024-01-30T23:53:27.788+0100] {logging_mixin.py:188} INFO - [2024-01-30T23:53:27.788+0100] {dagbag.py:538} INFO - Filling up the DagBag from /home/ubuntu/.local/lib/python3.10/site-packages/airflow/example_dags/subdags/subdag.py
[2024-01-30T23:53:27.795+0100] {processor.py:842} WARNING - No viable dags retrieved from /home/ubuntu/.local/lib/python3.10/site-packages/airflow/example_dags/subdags/subdag.py
[2024-01-30T23:53:27.826+0100] {processor.py:183} INFO - Processing /home/ubuntu/.local/lib/python3.10/site-packages/airflow/example_dags/subdags/subdag.py took 0.081 seconds
[2024-01-30T23:55:27.543+0100] {processor.py:161} INFO - Started process (PID=9615) to work on /home/ubuntu/.local/lib/python3.10/site-packages/airflow/example_dags/subdags/subdag.py
[2024-01-30T23:55:27.571+0100] {processor.py:830} INFO - Processing file /home/ubuntu/.local/lib/python3.10/site-packages/airflow/example_dags/subdags/subdag.py for tasks to queue
[2024-01-30T23:55:27.585+0100] {logging_mixin.py:188} INFO - [2024-01-30T23:55:27.584+0100] {dagbag.py:538} INFO - Filling up the DagBag from /home/ubuntu/.local/lib/python3.10/site-packages/airflow/example_dags/subdags/subdag.py
[2024-01-30T23:55:27.596+0100] {processor.py:842} WARNING - No viable dags retrieved from /home/ubuntu/.local/lib/python3.10/site-packages/airflow/example_dags/subdags/subdag.py
[2024-01-30T23:55:27.973+0100] {processor.py:183} INFO - Processing /home/ubuntu/.local/lib/python3.10/site-packages/airflow/example_dags/subdags/subdag.py took 0.445 seconds
[2024-01-30T23:56:34.288+0100] {processor.py:161} INFO - Started process (PID=9659) to work on /home/ubuntu/.local/lib/python3.10/site-packages/airflow/example_dags/subdags/subdag.py
[2024-01-30T23:56:34.303+0100] {processor.py:830} INFO - Processing file /home/ubuntu/.local/lib/python3.10/site-packages/airflow/example_dags/subdags/subdag.py for tasks to queue
[2024-01-30T23:56:34.309+0100] {logging_mixin.py:188} INFO - [2024-01-30T23:56:34.309+0100] {dagbag.py:538} INFO - Filling up the DagBag from /home/ubuntu/.local/lib/python3.10/site-packages/airflow/example_dags/subdags/subdag.py
[2024-01-30T23:56:34.316+0100] {processor.py:842} WARNING - No viable dags retrieved from /home/ubuntu/.local/lib/python3.10/site-packages/airflow/example_dags/subdags/subdag.py
[2024-01-30T23:56:34.378+0100] {processor.py:183} INFO - Processing /home/ubuntu/.local/lib/python3.10/site-packages/airflow/example_dags/subdags/subdag.py took 0.107 seconds
[2024-01-30T23:57:41.887+0100] {processor.py:161} INFO - Started process (PID=9710) to work on /home/ubuntu/.local/lib/python3.10/site-packages/airflow/example_dags/subdags/subdag.py
[2024-01-30T23:57:41.914+0100] {processor.py:830} INFO - Processing file /home/ubuntu/.local/lib/python3.10/site-packages/airflow/example_dags/subdags/subdag.py for tasks to queue
[2024-01-30T23:57:41.927+0100] {logging_mixin.py:188} INFO - [2024-01-30T23:57:41.914+0100] {dagbag.py:538} INFO - Filling up the DagBag from /home/ubuntu/.local/lib/python3.10/site-packages/airflow/example_dags/subdags/subdag.py
[2024-01-30T23:57:41.952+0100] {processor.py:842} WARNING - No viable dags retrieved from /home/ubuntu/.local/lib/python3.10/site-packages/airflow/example_dags/subdags/subdag.py
[2024-01-30T23:57:41.993+0100] {processor.py:183} INFO - Processing /home/ubuntu/.local/lib/python3.10/site-packages/airflow/example_dags/subdags/subdag.py took 0.130 seconds
[2024-01-30T23:58:53.240+0100] {processor.py:161} INFO - Started process (PID=9755) to work on /home/ubuntu/.local/lib/python3.10/site-packages/airflow/example_dags/subdags/subdag.py
[2024-01-30T23:58:53.273+0100] {processor.py:830} INFO - Processing file /home/ubuntu/.local/lib/python3.10/site-packages/airflow/example_dags/subdags/subdag.py for tasks to queue
[2024-01-30T23:58:53.275+0100] {logging_mixin.py:188} INFO - [2024-01-30T23:58:53.274+0100] {dagbag.py:538} INFO - Filling up the DagBag from /home/ubuntu/.local/lib/python3.10/site-packages/airflow/example_dags/subdags/subdag.py
[2024-01-30T23:58:53.310+0100] {processor.py:842} WARNING - No viable dags retrieved from /home/ubuntu/.local/lib/python3.10/site-packages/airflow/example_dags/subdags/subdag.py
[2024-01-30T23:58:53.368+0100] {processor.py:183} INFO - Processing /home/ubuntu/.local/lib/python3.10/site-packages/airflow/example_dags/subdags/subdag.py took 0.162 seconds
[2024-01-31T00:00:05.315+0100] {processor.py:161} INFO - Started process (PID=9807) to work on /home/ubuntu/.local/lib/python3.10/site-packages/airflow/example_dags/subdags/subdag.py
[2024-01-31T00:00:05.352+0100] {processor.py:830} INFO - Processing file /home/ubuntu/.local/lib/python3.10/site-packages/airflow/example_dags/subdags/subdag.py for tasks to queue
[2024-01-31T00:00:05.354+0100] {logging_mixin.py:188} INFO - [2024-01-31T00:00:05.353+0100] {dagbag.py:538} INFO - Filling up the DagBag from /home/ubuntu/.local/lib/python3.10/site-packages/airflow/example_dags/subdags/subdag.py
[2024-01-31T00:00:05.368+0100] {processor.py:842} WARNING - No viable dags retrieved from /home/ubuntu/.local/lib/python3.10/site-packages/airflow/example_dags/subdags/subdag.py
[2024-01-31T00:00:05.432+0100] {processor.py:183} INFO - Processing /home/ubuntu/.local/lib/python3.10/site-packages/airflow/example_dags/subdags/subdag.py took 0.149 seconds
[2024-01-31T00:01:23.004+0100] {processor.py:161} INFO - Started process (PID=9887) to work on /home/ubuntu/.local/lib/python3.10/site-packages/airflow/example_dags/subdags/subdag.py
[2024-01-31T00:01:23.051+0100] {processor.py:830} INFO - Processing file /home/ubuntu/.local/lib/python3.10/site-packages/airflow/example_dags/subdags/subdag.py for tasks to queue
[2024-01-31T00:01:23.057+0100] {logging_mixin.py:188} INFO - [2024-01-31T00:01:23.052+0100] {dagbag.py:538} INFO - Filling up the DagBag from /home/ubuntu/.local/lib/python3.10/site-packages/airflow/example_dags/subdags/subdag.py
[2024-01-31T00:01:23.073+0100] {processor.py:842} WARNING - No viable dags retrieved from /home/ubuntu/.local/lib/python3.10/site-packages/airflow/example_dags/subdags/subdag.py
[2024-01-31T00:01:23.135+0100] {processor.py:183} INFO - Processing /home/ubuntu/.local/lib/python3.10/site-packages/airflow/example_dags/subdags/subdag.py took 0.140 seconds
[2024-01-31T00:02:40.017+0100] {processor.py:161} INFO - Started process (PID=9933) to work on /home/ubuntu/.local/lib/python3.10/site-packages/airflow/example_dags/subdags/subdag.py
[2024-01-31T00:02:40.046+0100] {processor.py:830} INFO - Processing file /home/ubuntu/.local/lib/python3.10/site-packages/airflow/example_dags/subdags/subdag.py for tasks to queue
[2024-01-31T00:02:40.053+0100] {logging_mixin.py:188} INFO - [2024-01-31T00:02:40.047+0100] {dagbag.py:538} INFO - Filling up the DagBag from /home/ubuntu/.local/lib/python3.10/site-packages/airflow/example_dags/subdags/subdag.py
[2024-01-31T00:02:40.062+0100] {processor.py:842} WARNING - No viable dags retrieved from /home/ubuntu/.local/lib/python3.10/site-packages/airflow/example_dags/subdags/subdag.py
[2024-01-31T00:02:40.153+0100] {processor.py:183} INFO - Processing /home/ubuntu/.local/lib/python3.10/site-packages/airflow/example_dags/subdags/subdag.py took 0.152 seconds
[2024-01-31T00:03:34.481+0100] {processor.py:161} INFO - Started process (PID=9995) to work on /home/ubuntu/.local/lib/python3.10/site-packages/airflow/example_dags/subdags/subdag.py
[2024-01-31T00:03:34.490+0100] {processor.py:830} INFO - Processing file /home/ubuntu/.local/lib/python3.10/site-packages/airflow/example_dags/subdags/subdag.py for tasks to queue
[2024-01-31T00:03:34.494+0100] {logging_mixin.py:188} INFO - [2024-01-31T00:03:34.493+0100] {dagbag.py:538} INFO - Filling up the DagBag from /home/ubuntu/.local/lib/python3.10/site-packages/airflow/example_dags/subdags/subdag.py
[2024-01-31T00:03:34.497+0100] {processor.py:842} WARNING - No viable dags retrieved from /home/ubuntu/.local/lib/python3.10/site-packages/airflow/example_dags/subdags/subdag.py
[2024-01-31T00:03:34.514+0100] {processor.py:183} INFO - Processing /home/ubuntu/.local/lib/python3.10/site-packages/airflow/example_dags/subdags/subdag.py took 0.040 seconds
[2024-01-31T00:04:46.193+0100] {processor.py:161} INFO - Started process (PID=10056) to work on /home/ubuntu/.local/lib/python3.10/site-packages/airflow/example_dags/subdags/subdag.py
[2024-01-31T00:04:46.196+0100] {processor.py:830} INFO - Processing file /home/ubuntu/.local/lib/python3.10/site-packages/airflow/example_dags/subdags/subdag.py for tasks to queue
[2024-01-31T00:04:46.197+0100] {logging_mixin.py:188} INFO - [2024-01-31T00:04:46.197+0100] {dagbag.py:538} INFO - Filling up the DagBag from /home/ubuntu/.local/lib/python3.10/site-packages/airflow/example_dags/subdags/subdag.py
[2024-01-31T00:04:46.209+0100] {processor.py:842} WARNING - No viable dags retrieved from /home/ubuntu/.local/lib/python3.10/site-packages/airflow/example_dags/subdags/subdag.py
[2024-01-31T00:04:46.239+0100] {processor.py:183} INFO - Processing /home/ubuntu/.local/lib/python3.10/site-packages/airflow/example_dags/subdags/subdag.py took 0.051 seconds
[2024-01-31T00:05:57.544+0100] {processor.py:161} INFO - Started process (PID=10120) to work on /home/ubuntu/.local/lib/python3.10/site-packages/airflow/example_dags/subdags/subdag.py
[2024-01-31T00:05:57.547+0100] {processor.py:830} INFO - Processing file /home/ubuntu/.local/lib/python3.10/site-packages/airflow/example_dags/subdags/subdag.py for tasks to queue
[2024-01-31T00:05:57.549+0100] {logging_mixin.py:188} INFO - [2024-01-31T00:05:57.548+0100] {dagbag.py:538} INFO - Filling up the DagBag from /home/ubuntu/.local/lib/python3.10/site-packages/airflow/example_dags/subdags/subdag.py
[2024-01-31T00:05:57.552+0100] {processor.py:842} WARNING - No viable dags retrieved from /home/ubuntu/.local/lib/python3.10/site-packages/airflow/example_dags/subdags/subdag.py
[2024-01-31T00:05:57.572+0100] {processor.py:183} INFO - Processing /home/ubuntu/.local/lib/python3.10/site-packages/airflow/example_dags/subdags/subdag.py took 0.033 seconds
[2024-01-31T00:07:14.207+0100] {processor.py:161} INFO - Started process (PID=10188) to work on /home/ubuntu/.local/lib/python3.10/site-packages/airflow/example_dags/subdags/subdag.py
[2024-01-31T00:07:14.210+0100] {processor.py:830} INFO - Processing file /home/ubuntu/.local/lib/python3.10/site-packages/airflow/example_dags/subdags/subdag.py for tasks to queue
[2024-01-31T00:07:14.211+0100] {logging_mixin.py:188} INFO - [2024-01-31T00:07:14.211+0100] {dagbag.py:538} INFO - Filling up the DagBag from /home/ubuntu/.local/lib/python3.10/site-packages/airflow/example_dags/subdags/subdag.py
[2024-01-31T00:07:14.215+0100] {processor.py:842} WARNING - No viable dags retrieved from /home/ubuntu/.local/lib/python3.10/site-packages/airflow/example_dags/subdags/subdag.py
[2024-01-31T00:07:14.229+0100] {processor.py:183} INFO - Processing /home/ubuntu/.local/lib/python3.10/site-packages/airflow/example_dags/subdags/subdag.py took 0.027 seconds
[2024-01-31T00:08:23.741+0100] {processor.py:161} INFO - Started process (PID=10250) to work on /home/ubuntu/.local/lib/python3.10/site-packages/airflow/example_dags/subdags/subdag.py
[2024-01-31T00:08:23.744+0100] {processor.py:830} INFO - Processing file /home/ubuntu/.local/lib/python3.10/site-packages/airflow/example_dags/subdags/subdag.py for tasks to queue
[2024-01-31T00:08:23.746+0100] {logging_mixin.py:188} INFO - [2024-01-31T00:08:23.745+0100] {dagbag.py:538} INFO - Filling up the DagBag from /home/ubuntu/.local/lib/python3.10/site-packages/airflow/example_dags/subdags/subdag.py
[2024-01-31T00:08:23.750+0100] {processor.py:842} WARNING - No viable dags retrieved from /home/ubuntu/.local/lib/python3.10/site-packages/airflow/example_dags/subdags/subdag.py
[2024-01-31T00:08:23.767+0100] {processor.py:183} INFO - Processing /home/ubuntu/.local/lib/python3.10/site-packages/airflow/example_dags/subdags/subdag.py took 0.030 seconds
[2024-01-31T00:09:35.991+0100] {processor.py:161} INFO - Started process (PID=10311) to work on /home/ubuntu/.local/lib/python3.10/site-packages/airflow/example_dags/subdags/subdag.py
[2024-01-31T00:09:35.994+0100] {processor.py:830} INFO - Processing file /home/ubuntu/.local/lib/python3.10/site-packages/airflow/example_dags/subdags/subdag.py for tasks to queue
[2024-01-31T00:09:35.996+0100] {logging_mixin.py:188} INFO - [2024-01-31T00:09:35.995+0100] {dagbag.py:538} INFO - Filling up the DagBag from /home/ubuntu/.local/lib/python3.10/site-packages/airflow/example_dags/subdags/subdag.py
[2024-01-31T00:09:35.999+0100] {processor.py:842} WARNING - No viable dags retrieved from /home/ubuntu/.local/lib/python3.10/site-packages/airflow/example_dags/subdags/subdag.py
[2024-01-31T00:09:36.049+0100] {processor.py:183} INFO - Processing /home/ubuntu/.local/lib/python3.10/site-packages/airflow/example_dags/subdags/subdag.py took 0.062 seconds
[2024-01-31T00:10:46.998+0100] {processor.py:161} INFO - Started process (PID=10372) to work on /home/ubuntu/.local/lib/python3.10/site-packages/airflow/example_dags/subdags/subdag.py
[2024-01-31T00:10:47.001+0100] {processor.py:830} INFO - Processing file /home/ubuntu/.local/lib/python3.10/site-packages/airflow/example_dags/subdags/subdag.py for tasks to queue
[2024-01-31T00:10:47.003+0100] {logging_mixin.py:188} INFO - [2024-01-31T00:10:47.003+0100] {dagbag.py:538} INFO - Filling up the DagBag from /home/ubuntu/.local/lib/python3.10/site-packages/airflow/example_dags/subdags/subdag.py
[2024-01-31T00:10:47.006+0100] {processor.py:842} WARNING - No viable dags retrieved from /home/ubuntu/.local/lib/python3.10/site-packages/airflow/example_dags/subdags/subdag.py
[2024-01-31T00:10:47.021+0100] {processor.py:183} INFO - Processing /home/ubuntu/.local/lib/python3.10/site-packages/airflow/example_dags/subdags/subdag.py took 0.028 seconds
[2024-01-31T00:12:16.725+0100] {processor.py:161} INFO - Started process (PID=10535) to work on /home/ubuntu/.local/lib/python3.10/site-packages/airflow/example_dags/subdags/subdag.py
[2024-01-31T00:12:16.756+0100] {processor.py:830} INFO - Processing file /home/ubuntu/.local/lib/python3.10/site-packages/airflow/example_dags/subdags/subdag.py for tasks to queue
[2024-01-31T00:12:16.757+0100] {logging_mixin.py:188} INFO - [2024-01-31T00:12:16.756+0100] {dagbag.py:538} INFO - Filling up the DagBag from /home/ubuntu/.local/lib/python3.10/site-packages/airflow/example_dags/subdags/subdag.py
[2024-01-31T00:12:16.761+0100] {processor.py:842} WARNING - No viable dags retrieved from /home/ubuntu/.local/lib/python3.10/site-packages/airflow/example_dags/subdags/subdag.py
[2024-01-31T00:12:16.800+0100] {processor.py:183} INFO - Processing /home/ubuntu/.local/lib/python3.10/site-packages/airflow/example_dags/subdags/subdag.py took 0.091 seconds
[2024-01-31T00:13:55.516+0100] {processor.py:161} INFO - Started process (PID=10607) to work on /home/ubuntu/.local/lib/python3.10/site-packages/airflow/example_dags/subdags/subdag.py
[2024-01-31T00:13:55.518+0100] {processor.py:830} INFO - Processing file /home/ubuntu/.local/lib/python3.10/site-packages/airflow/example_dags/subdags/subdag.py for tasks to queue
[2024-01-31T00:13:55.520+0100] {logging_mixin.py:188} INFO - [2024-01-31T00:13:55.519+0100] {dagbag.py:538} INFO - Filling up the DagBag from /home/ubuntu/.local/lib/python3.10/site-packages/airflow/example_dags/subdags/subdag.py
[2024-01-31T00:13:55.524+0100] {processor.py:842} WARNING - No viable dags retrieved from /home/ubuntu/.local/lib/python3.10/site-packages/airflow/example_dags/subdags/subdag.py
[2024-01-31T00:13:55.542+0100] {processor.py:183} INFO - Processing /home/ubuntu/.local/lib/python3.10/site-packages/airflow/example_dags/subdags/subdag.py took 0.031 seconds
[2024-01-31T00:15:23.047+0100] {processor.py:161} INFO - Started process (PID=10675) to work on /home/ubuntu/.local/lib/python3.10/site-packages/airflow/example_dags/subdags/subdag.py
[2024-01-31T00:15:23.056+0100] {processor.py:830} INFO - Processing file /home/ubuntu/.local/lib/python3.10/site-packages/airflow/example_dags/subdags/subdag.py for tasks to queue
[2024-01-31T00:15:23.058+0100] {logging_mixin.py:188} INFO - [2024-01-31T00:15:23.057+0100] {dagbag.py:538} INFO - Filling up the DagBag from /home/ubuntu/.local/lib/python3.10/site-packages/airflow/example_dags/subdags/subdag.py
[2024-01-31T00:15:23.062+0100] {processor.py:842} WARNING - No viable dags retrieved from /home/ubuntu/.local/lib/python3.10/site-packages/airflow/example_dags/subdags/subdag.py
[2024-01-31T00:15:23.075+0100] {processor.py:183} INFO - Processing /home/ubuntu/.local/lib/python3.10/site-packages/airflow/example_dags/subdags/subdag.py took 0.037 seconds
[2024-01-31T00:16:46.618+0100] {processor.py:161} INFO - Started process (PID=10745) to work on /home/ubuntu/.local/lib/python3.10/site-packages/airflow/example_dags/subdags/subdag.py
[2024-01-31T00:16:46.622+0100] {processor.py:830} INFO - Processing file /home/ubuntu/.local/lib/python3.10/site-packages/airflow/example_dags/subdags/subdag.py for tasks to queue
[2024-01-31T00:16:46.624+0100] {logging_mixin.py:188} INFO - [2024-01-31T00:16:46.623+0100] {dagbag.py:538} INFO - Filling up the DagBag from /home/ubuntu/.local/lib/python3.10/site-packages/airflow/example_dags/subdags/subdag.py
[2024-01-31T00:16:46.627+0100] {processor.py:842} WARNING - No viable dags retrieved from /home/ubuntu/.local/lib/python3.10/site-packages/airflow/example_dags/subdags/subdag.py
[2024-01-31T00:16:46.647+0100] {processor.py:183} INFO - Processing /home/ubuntu/.local/lib/python3.10/site-packages/airflow/example_dags/subdags/subdag.py took 0.033 seconds
[2024-01-31T00:18:14.742+0100] {processor.py:161} INFO - Started process (PID=10846) to work on /home/ubuntu/.local/lib/python3.10/site-packages/airflow/example_dags/subdags/subdag.py
[2024-01-31T00:18:14.746+0100] {processor.py:830} INFO - Processing file /home/ubuntu/.local/lib/python3.10/site-packages/airflow/example_dags/subdags/subdag.py for tasks to queue
[2024-01-31T00:18:14.747+0100] {logging_mixin.py:188} INFO - [2024-01-31T00:18:14.747+0100] {dagbag.py:538} INFO - Filling up the DagBag from /home/ubuntu/.local/lib/python3.10/site-packages/airflow/example_dags/subdags/subdag.py
[2024-01-31T00:18:14.762+0100] {processor.py:842} WARNING - No viable dags retrieved from /home/ubuntu/.local/lib/python3.10/site-packages/airflow/example_dags/subdags/subdag.py
[2024-01-31T00:18:14.797+0100] {processor.py:183} INFO - Processing /home/ubuntu/.local/lib/python3.10/site-packages/airflow/example_dags/subdags/subdag.py took 0.060 seconds
[2024-01-31T00:19:33.319+0100] {processor.py:161} INFO - Started process (PID=10985) to work on /home/ubuntu/.local/lib/python3.10/site-packages/airflow/example_dags/subdags/subdag.py
[2024-01-31T00:19:33.344+0100] {processor.py:830} INFO - Processing file /home/ubuntu/.local/lib/python3.10/site-packages/airflow/example_dags/subdags/subdag.py for tasks to queue
[2024-01-31T00:19:33.346+0100] {logging_mixin.py:188} INFO - [2024-01-31T00:19:33.346+0100] {dagbag.py:538} INFO - Filling up the DagBag from /home/ubuntu/.local/lib/python3.10/site-packages/airflow/example_dags/subdags/subdag.py
[2024-01-31T00:19:33.373+0100] {processor.py:842} WARNING - No viable dags retrieved from /home/ubuntu/.local/lib/python3.10/site-packages/airflow/example_dags/subdags/subdag.py
[2024-01-31T00:19:33.403+0100] {processor.py:183} INFO - Processing /home/ubuntu/.local/lib/python3.10/site-packages/airflow/example_dags/subdags/subdag.py took 0.095 seconds
[2024-01-31T00:21:38.114+0100] {processor.py:161} INFO - Started process (PID=11070) to work on /home/ubuntu/.local/lib/python3.10/site-packages/airflow/example_dags/subdags/subdag.py
[2024-01-31T00:21:38.151+0100] {processor.py:830} INFO - Processing file /home/ubuntu/.local/lib/python3.10/site-packages/airflow/example_dags/subdags/subdag.py for tasks to queue
[2024-01-31T00:21:38.153+0100] {logging_mixin.py:188} INFO - [2024-01-31T00:21:38.152+0100] {dagbag.py:538} INFO - Filling up the DagBag from /home/ubuntu/.local/lib/python3.10/site-packages/airflow/example_dags/subdags/subdag.py
[2024-01-31T00:21:38.160+0100] {processor.py:842} WARNING - No viable dags retrieved from /home/ubuntu/.local/lib/python3.10/site-packages/airflow/example_dags/subdags/subdag.py
[2024-01-31T00:21:38.227+0100] {processor.py:183} INFO - Processing /home/ubuntu/.local/lib/python3.10/site-packages/airflow/example_dags/subdags/subdag.py took 0.123 seconds
[2024-01-31T00:22:50.277+0100] {processor.py:161} INFO - Started process (PID=11115) to work on /home/ubuntu/.local/lib/python3.10/site-packages/airflow/example_dags/subdags/subdag.py
[2024-01-31T00:22:50.306+0100] {processor.py:830} INFO - Processing file /home/ubuntu/.local/lib/python3.10/site-packages/airflow/example_dags/subdags/subdag.py for tasks to queue
[2024-01-31T00:22:50.308+0100] {logging_mixin.py:188} INFO - [2024-01-31T00:22:50.307+0100] {dagbag.py:538} INFO - Filling up the DagBag from /home/ubuntu/.local/lib/python3.10/site-packages/airflow/example_dags/subdags/subdag.py
[2024-01-31T00:22:50.320+0100] {processor.py:842} WARNING - No viable dags retrieved from /home/ubuntu/.local/lib/python3.10/site-packages/airflow/example_dags/subdags/subdag.py
[2024-01-31T00:22:50.386+0100] {processor.py:183} INFO - Processing /home/ubuntu/.local/lib/python3.10/site-packages/airflow/example_dags/subdags/subdag.py took 0.119 seconds
[2024-01-31T00:24:01.004+0100] {processor.py:161} INFO - Started process (PID=11161) to work on /home/ubuntu/.local/lib/python3.10/site-packages/airflow/example_dags/subdags/subdag.py
[2024-01-31T00:24:01.030+0100] {processor.py:830} INFO - Processing file /home/ubuntu/.local/lib/python3.10/site-packages/airflow/example_dags/subdags/subdag.py for tasks to queue
[2024-01-31T00:24:01.035+0100] {logging_mixin.py:188} INFO - [2024-01-31T00:24:01.031+0100] {dagbag.py:538} INFO - Filling up the DagBag from /home/ubuntu/.local/lib/python3.10/site-packages/airflow/example_dags/subdags/subdag.py
[2024-01-31T00:24:01.044+0100] {processor.py:842} WARNING - No viable dags retrieved from /home/ubuntu/.local/lib/python3.10/site-packages/airflow/example_dags/subdags/subdag.py
[2024-01-31T00:24:01.094+0100] {processor.py:183} INFO - Processing /home/ubuntu/.local/lib/python3.10/site-packages/airflow/example_dags/subdags/subdag.py took 0.112 seconds
[2024-01-31T00:25:03.112+0100] {processor.py:161} INFO - Started process (PID=11221) to work on /home/ubuntu/.local/lib/python3.10/site-packages/airflow/example_dags/subdags/subdag.py
[2024-01-31T00:25:03.143+0100] {processor.py:830} INFO - Processing file /home/ubuntu/.local/lib/python3.10/site-packages/airflow/example_dags/subdags/subdag.py for tasks to queue
[2024-01-31T00:25:03.148+0100] {logging_mixin.py:188} INFO - [2024-01-31T00:25:03.144+0100] {dagbag.py:538} INFO - Filling up the DagBag from /home/ubuntu/.local/lib/python3.10/site-packages/airflow/example_dags/subdags/subdag.py
[2024-01-31T00:25:03.157+0100] {processor.py:842} WARNING - No viable dags retrieved from /home/ubuntu/.local/lib/python3.10/site-packages/airflow/example_dags/subdags/subdag.py
[2024-01-31T00:25:03.202+0100] {processor.py:183} INFO - Processing /home/ubuntu/.local/lib/python3.10/site-packages/airflow/example_dags/subdags/subdag.py took 0.095 seconds
[2024-01-31T00:26:08.544+0100] {processor.py:161} INFO - Started process (PID=11280) to work on /home/ubuntu/.local/lib/python3.10/site-packages/airflow/example_dags/subdags/subdag.py
[2024-01-31T00:26:08.547+0100] {processor.py:830} INFO - Processing file /home/ubuntu/.local/lib/python3.10/site-packages/airflow/example_dags/subdags/subdag.py for tasks to queue
[2024-01-31T00:26:08.549+0100] {logging_mixin.py:188} INFO - [2024-01-31T00:26:08.549+0100] {dagbag.py:538} INFO - Filling up the DagBag from /home/ubuntu/.local/lib/python3.10/site-packages/airflow/example_dags/subdags/subdag.py
[2024-01-31T00:26:08.553+0100] {processor.py:842} WARNING - No viable dags retrieved from /home/ubuntu/.local/lib/python3.10/site-packages/airflow/example_dags/subdags/subdag.py
[2024-01-31T00:26:08.571+0100] {processor.py:183} INFO - Processing /home/ubuntu/.local/lib/python3.10/site-packages/airflow/example_dags/subdags/subdag.py took 0.031 seconds
[2024-01-31T00:27:21.747+0100] {processor.py:161} INFO - Started process (PID=11347) to work on /home/ubuntu/.local/lib/python3.10/site-packages/airflow/example_dags/subdags/subdag.py
[2024-01-31T00:27:21.750+0100] {processor.py:830} INFO - Processing file /home/ubuntu/.local/lib/python3.10/site-packages/airflow/example_dags/subdags/subdag.py for tasks to queue
[2024-01-31T00:27:21.752+0100] {logging_mixin.py:188} INFO - [2024-01-31T00:27:21.751+0100] {dagbag.py:538} INFO - Filling up the DagBag from /home/ubuntu/.local/lib/python3.10/site-packages/airflow/example_dags/subdags/subdag.py
[2024-01-31T00:27:21.756+0100] {processor.py:842} WARNING - No viable dags retrieved from /home/ubuntu/.local/lib/python3.10/site-packages/airflow/example_dags/subdags/subdag.py
[2024-01-31T00:27:21.788+0100] {processor.py:183} INFO - Processing /home/ubuntu/.local/lib/python3.10/site-packages/airflow/example_dags/subdags/subdag.py took 0.050 seconds
[2024-01-31T00:28:47.957+0100] {processor.py:161} INFO - Started process (PID=11505) to work on /home/ubuntu/.local/lib/python3.10/site-packages/airflow/example_dags/subdags/subdag.py
[2024-01-31T00:28:47.999+0100] {processor.py:830} INFO - Processing file /home/ubuntu/.local/lib/python3.10/site-packages/airflow/example_dags/subdags/subdag.py for tasks to queue
[2024-01-31T00:28:48.005+0100] {logging_mixin.py:188} INFO - [2024-01-31T00:28:48.004+0100] {dagbag.py:538} INFO - Filling up the DagBag from /home/ubuntu/.local/lib/python3.10/site-packages/airflow/example_dags/subdags/subdag.py
[2024-01-31T00:28:48.026+0100] {processor.py:842} WARNING - No viable dags retrieved from /home/ubuntu/.local/lib/python3.10/site-packages/airflow/example_dags/subdags/subdag.py
[2024-01-31T00:28:48.086+0100] {processor.py:183} INFO - Processing /home/ubuntu/.local/lib/python3.10/site-packages/airflow/example_dags/subdags/subdag.py took 0.152 seconds
[2024-01-31T00:30:05.260+0100] {processor.py:161} INFO - Started process (PID=11572) to work on /home/ubuntu/.local/lib/python3.10/site-packages/airflow/example_dags/subdags/subdag.py
[2024-01-31T00:30:05.262+0100] {processor.py:830} INFO - Processing file /home/ubuntu/.local/lib/python3.10/site-packages/airflow/example_dags/subdags/subdag.py for tasks to queue
[2024-01-31T00:30:05.264+0100] {logging_mixin.py:188} INFO - [2024-01-31T00:30:05.264+0100] {dagbag.py:538} INFO - Filling up the DagBag from /home/ubuntu/.local/lib/python3.10/site-packages/airflow/example_dags/subdags/subdag.py
[2024-01-31T00:30:05.268+0100] {processor.py:842} WARNING - No viable dags retrieved from /home/ubuntu/.local/lib/python3.10/site-packages/airflow/example_dags/subdags/subdag.py
[2024-01-31T00:30:05.286+0100] {processor.py:183} INFO - Processing /home/ubuntu/.local/lib/python3.10/site-packages/airflow/example_dags/subdags/subdag.py took 0.031 seconds
[2024-01-31T00:31:24.070+0100] {processor.py:161} INFO - Started process (PID=11637) to work on /home/ubuntu/.local/lib/python3.10/site-packages/airflow/example_dags/subdags/subdag.py
[2024-01-31T00:31:24.072+0100] {processor.py:830} INFO - Processing file /home/ubuntu/.local/lib/python3.10/site-packages/airflow/example_dags/subdags/subdag.py for tasks to queue
[2024-01-31T00:31:24.078+0100] {logging_mixin.py:188} INFO - [2024-01-31T00:31:24.077+0100] {dagbag.py:538} INFO - Filling up the DagBag from /home/ubuntu/.local/lib/python3.10/site-packages/airflow/example_dags/subdags/subdag.py
[2024-01-31T00:31:24.091+0100] {processor.py:842} WARNING - No viable dags retrieved from /home/ubuntu/.local/lib/python3.10/site-packages/airflow/example_dags/subdags/subdag.py
[2024-01-31T00:31:24.107+0100] {processor.py:183} INFO - Processing /home/ubuntu/.local/lib/python3.10/site-packages/airflow/example_dags/subdags/subdag.py took 0.041 seconds
[2024-01-31T00:32:41.295+0100] {processor.py:161} INFO - Started process (PID=11701) to work on /home/ubuntu/.local/lib/python3.10/site-packages/airflow/example_dags/subdags/subdag.py
[2024-01-31T00:32:41.299+0100] {processor.py:830} INFO - Processing file /home/ubuntu/.local/lib/python3.10/site-packages/airflow/example_dags/subdags/subdag.py for tasks to queue
[2024-01-31T00:32:41.302+0100] {logging_mixin.py:188} INFO - [2024-01-31T00:32:41.301+0100] {dagbag.py:538} INFO - Filling up the DagBag from /home/ubuntu/.local/lib/python3.10/site-packages/airflow/example_dags/subdags/subdag.py
[2024-01-31T00:32:41.307+0100] {processor.py:842} WARNING - No viable dags retrieved from /home/ubuntu/.local/lib/python3.10/site-packages/airflow/example_dags/subdags/subdag.py
[2024-01-31T00:32:41.329+0100] {processor.py:183} INFO - Processing /home/ubuntu/.local/lib/python3.10/site-packages/airflow/example_dags/subdags/subdag.py took 0.038 seconds
[2024-01-31T00:33:57.188+0100] {processor.py:161} INFO - Started process (PID=11782) to work on /home/ubuntu/.local/lib/python3.10/site-packages/airflow/example_dags/subdags/subdag.py
[2024-01-31T00:33:57.191+0100] {processor.py:830} INFO - Processing file /home/ubuntu/.local/lib/python3.10/site-packages/airflow/example_dags/subdags/subdag.py for tasks to queue
[2024-01-31T00:33:57.193+0100] {logging_mixin.py:188} INFO - [2024-01-31T00:33:57.192+0100] {dagbag.py:538} INFO - Filling up the DagBag from /home/ubuntu/.local/lib/python3.10/site-packages/airflow/example_dags/subdags/subdag.py
[2024-01-31T00:33:57.197+0100] {processor.py:842} WARNING - No viable dags retrieved from /home/ubuntu/.local/lib/python3.10/site-packages/airflow/example_dags/subdags/subdag.py
[2024-01-31T00:33:57.214+0100] {processor.py:183} INFO - Processing /home/ubuntu/.local/lib/python3.10/site-packages/airflow/example_dags/subdags/subdag.py took 0.043 seconds
[2024-01-31T00:35:05.604+0100] {processor.py:161} INFO - Started process (PID=11845) to work on /home/ubuntu/.local/lib/python3.10/site-packages/airflow/example_dags/subdags/subdag.py
[2024-01-31T00:35:05.606+0100] {processor.py:830} INFO - Processing file /home/ubuntu/.local/lib/python3.10/site-packages/airflow/example_dags/subdags/subdag.py for tasks to queue
[2024-01-31T00:35:05.610+0100] {logging_mixin.py:188} INFO - [2024-01-31T00:35:05.609+0100] {dagbag.py:538} INFO - Filling up the DagBag from /home/ubuntu/.local/lib/python3.10/site-packages/airflow/example_dags/subdags/subdag.py
[2024-01-31T00:35:05.618+0100] {processor.py:842} WARNING - No viable dags retrieved from /home/ubuntu/.local/lib/python3.10/site-packages/airflow/example_dags/subdags/subdag.py
[2024-01-31T00:35:05.644+0100] {processor.py:183} INFO - Processing /home/ubuntu/.local/lib/python3.10/site-packages/airflow/example_dags/subdags/subdag.py took 0.044 seconds
[2024-01-31T00:36:11.736+0100] {processor.py:161} INFO - Started process (PID=11906) to work on /home/ubuntu/.local/lib/python3.10/site-packages/airflow/example_dags/subdags/subdag.py
[2024-01-31T00:36:11.739+0100] {processor.py:830} INFO - Processing file /home/ubuntu/.local/lib/python3.10/site-packages/airflow/example_dags/subdags/subdag.py for tasks to queue
[2024-01-31T00:36:11.741+0100] {logging_mixin.py:188} INFO - [2024-01-31T00:36:11.741+0100] {dagbag.py:538} INFO - Filling up the DagBag from /home/ubuntu/.local/lib/python3.10/site-packages/airflow/example_dags/subdags/subdag.py
[2024-01-31T00:36:11.746+0100] {processor.py:842} WARNING - No viable dags retrieved from /home/ubuntu/.local/lib/python3.10/site-packages/airflow/example_dags/subdags/subdag.py
[2024-01-31T00:36:11.759+0100] {processor.py:183} INFO - Processing /home/ubuntu/.local/lib/python3.10/site-packages/airflow/example_dags/subdags/subdag.py took 0.027 seconds
[2024-01-31T00:37:19.383+0100] {processor.py:161} INFO - Started process (PID=11967) to work on /home/ubuntu/.local/lib/python3.10/site-packages/airflow/example_dags/subdags/subdag.py
[2024-01-31T00:37:19.386+0100] {processor.py:830} INFO - Processing file /home/ubuntu/.local/lib/python3.10/site-packages/airflow/example_dags/subdags/subdag.py for tasks to queue
[2024-01-31T00:37:19.391+0100] {logging_mixin.py:188} INFO - [2024-01-31T00:37:19.387+0100] {dagbag.py:538} INFO - Filling up the DagBag from /home/ubuntu/.local/lib/python3.10/site-packages/airflow/example_dags/subdags/subdag.py
[2024-01-31T00:37:19.399+0100] {processor.py:842} WARNING - No viable dags retrieved from /home/ubuntu/.local/lib/python3.10/site-packages/airflow/example_dags/subdags/subdag.py
[2024-01-31T00:37:19.416+0100] {processor.py:183} INFO - Processing /home/ubuntu/.local/lib/python3.10/site-packages/airflow/example_dags/subdags/subdag.py took 0.037 seconds
[2024-01-31T00:38:32.986+0100] {processor.py:161} INFO - Started process (PID=12038) to work on /home/ubuntu/.local/lib/python3.10/site-packages/airflow/example_dags/subdags/subdag.py
[2024-01-31T00:38:33.005+0100] {processor.py:830} INFO - Processing file /home/ubuntu/.local/lib/python3.10/site-packages/airflow/example_dags/subdags/subdag.py for tasks to queue
[2024-01-31T00:38:33.007+0100] {logging_mixin.py:188} INFO - [2024-01-31T00:38:33.006+0100] {dagbag.py:538} INFO - Filling up the DagBag from /home/ubuntu/.local/lib/python3.10/site-packages/airflow/example_dags/subdags/subdag.py
[2024-01-31T00:38:33.050+0100] {processor.py:842} WARNING - No viable dags retrieved from /home/ubuntu/.local/lib/python3.10/site-packages/airflow/example_dags/subdags/subdag.py
[2024-01-31T00:38:33.070+0100] {processor.py:183} INFO - Processing /home/ubuntu/.local/lib/python3.10/site-packages/airflow/example_dags/subdags/subdag.py took 0.098 seconds
[2024-01-31T00:39:40.566+0100] {processor.py:161} INFO - Started process (PID=12098) to work on /home/ubuntu/.local/lib/python3.10/site-packages/airflow/example_dags/subdags/subdag.py
[2024-01-31T00:39:40.570+0100] {processor.py:830} INFO - Processing file /home/ubuntu/.local/lib/python3.10/site-packages/airflow/example_dags/subdags/subdag.py for tasks to queue
[2024-01-31T00:39:40.572+0100] {logging_mixin.py:188} INFO - [2024-01-31T00:39:40.571+0100] {dagbag.py:538} INFO - Filling up the DagBag from /home/ubuntu/.local/lib/python3.10/site-packages/airflow/example_dags/subdags/subdag.py
[2024-01-31T00:39:40.576+0100] {processor.py:842} WARNING - No viable dags retrieved from /home/ubuntu/.local/lib/python3.10/site-packages/airflow/example_dags/subdags/subdag.py
[2024-01-31T00:39:40.610+0100] {processor.py:183} INFO - Processing /home/ubuntu/.local/lib/python3.10/site-packages/airflow/example_dags/subdags/subdag.py took 0.048 seconds
[2024-01-31T00:40:51.164+0100] {processor.py:161} INFO - Started process (PID=12160) to work on /home/ubuntu/.local/lib/python3.10/site-packages/airflow/example_dags/subdags/subdag.py
[2024-01-31T00:40:51.166+0100] {processor.py:830} INFO - Processing file /home/ubuntu/.local/lib/python3.10/site-packages/airflow/example_dags/subdags/subdag.py for tasks to queue
[2024-01-31T00:40:51.168+0100] {logging_mixin.py:188} INFO - [2024-01-31T00:40:51.167+0100] {dagbag.py:538} INFO - Filling up the DagBag from /home/ubuntu/.local/lib/python3.10/site-packages/airflow/example_dags/subdags/subdag.py
[2024-01-31T00:40:51.172+0100] {processor.py:842} WARNING - No viable dags retrieved from /home/ubuntu/.local/lib/python3.10/site-packages/airflow/example_dags/subdags/subdag.py
[2024-01-31T00:40:51.189+0100] {processor.py:183} INFO - Processing /home/ubuntu/.local/lib/python3.10/site-packages/airflow/example_dags/subdags/subdag.py took 0.029 seconds
[2024-01-31T00:42:00.574+0100] {processor.py:161} INFO - Started process (PID=12221) to work on /home/ubuntu/.local/lib/python3.10/site-packages/airflow/example_dags/subdags/subdag.py
[2024-01-31T00:42:00.583+0100] {processor.py:830} INFO - Processing file /home/ubuntu/.local/lib/python3.10/site-packages/airflow/example_dags/subdags/subdag.py for tasks to queue
[2024-01-31T00:42:00.592+0100] {logging_mixin.py:188} INFO - [2024-01-31T00:42:00.591+0100] {dagbag.py:538} INFO - Filling up the DagBag from /home/ubuntu/.local/lib/python3.10/site-packages/airflow/example_dags/subdags/subdag.py
[2024-01-31T00:42:00.606+0100] {processor.py:842} WARNING - No viable dags retrieved from /home/ubuntu/.local/lib/python3.10/site-packages/airflow/example_dags/subdags/subdag.py
[2024-01-31T00:42:00.625+0100] {processor.py:183} INFO - Processing /home/ubuntu/.local/lib/python3.10/site-packages/airflow/example_dags/subdags/subdag.py took 0.056 seconds
[2024-01-31T00:43:07.782+0100] {processor.py:161} INFO - Started process (PID=12284) to work on /home/ubuntu/.local/lib/python3.10/site-packages/airflow/example_dags/subdags/subdag.py
[2024-01-31T00:43:07.790+0100] {processor.py:830} INFO - Processing file /home/ubuntu/.local/lib/python3.10/site-packages/airflow/example_dags/subdags/subdag.py for tasks to queue
[2024-01-31T00:43:07.792+0100] {logging_mixin.py:188} INFO - [2024-01-31T00:43:07.791+0100] {dagbag.py:538} INFO - Filling up the DagBag from /home/ubuntu/.local/lib/python3.10/site-packages/airflow/example_dags/subdags/subdag.py
[2024-01-31T00:43:07.795+0100] {processor.py:842} WARNING - No viable dags retrieved from /home/ubuntu/.local/lib/python3.10/site-packages/airflow/example_dags/subdags/subdag.py
[2024-01-31T00:43:07.816+0100] {processor.py:183} INFO - Processing /home/ubuntu/.local/lib/python3.10/site-packages/airflow/example_dags/subdags/subdag.py took 0.037 seconds
[2024-01-31T00:44:15.073+0100] {processor.py:161} INFO - Started process (PID=12345) to work on /home/ubuntu/.local/lib/python3.10/site-packages/airflow/example_dags/subdags/subdag.py
[2024-01-31T00:44:15.076+0100] {processor.py:830} INFO - Processing file /home/ubuntu/.local/lib/python3.10/site-packages/airflow/example_dags/subdags/subdag.py for tasks to queue
[2024-01-31T00:44:15.078+0100] {logging_mixin.py:188} INFO - [2024-01-31T00:44:15.077+0100] {dagbag.py:538} INFO - Filling up the DagBag from /home/ubuntu/.local/lib/python3.10/site-packages/airflow/example_dags/subdags/subdag.py
[2024-01-31T00:44:15.082+0100] {processor.py:842} WARNING - No viable dags retrieved from /home/ubuntu/.local/lib/python3.10/site-packages/airflow/example_dags/subdags/subdag.py
[2024-01-31T00:44:15.102+0100] {processor.py:183} INFO - Processing /home/ubuntu/.local/lib/python3.10/site-packages/airflow/example_dags/subdags/subdag.py took 0.034 seconds
[2024-01-31T00:45:24.773+0100] {processor.py:161} INFO - Started process (PID=12406) to work on /home/ubuntu/.local/lib/python3.10/site-packages/airflow/example_dags/subdags/subdag.py
[2024-01-31T00:45:24.775+0100] {processor.py:830} INFO - Processing file /home/ubuntu/.local/lib/python3.10/site-packages/airflow/example_dags/subdags/subdag.py for tasks to queue
[2024-01-31T00:45:24.777+0100] {logging_mixin.py:188} INFO - [2024-01-31T00:45:24.777+0100] {dagbag.py:538} INFO - Filling up the DagBag from /home/ubuntu/.local/lib/python3.10/site-packages/airflow/example_dags/subdags/subdag.py
[2024-01-31T00:45:24.781+0100] {processor.py:842} WARNING - No viable dags retrieved from /home/ubuntu/.local/lib/python3.10/site-packages/airflow/example_dags/subdags/subdag.py
[2024-01-31T00:45:24.801+0100] {processor.py:183} INFO - Processing /home/ubuntu/.local/lib/python3.10/site-packages/airflow/example_dags/subdags/subdag.py took 0.048 seconds
                                                                                                                                                                                                                                     