[2024-02-01T14:07:33.669+0100] {processor.py:161} INFO - Started process (PID=6127) to work on /home/ubuntu/.local/lib/python3.10/site-packages/airflow/example_dags/subdags/subdag.py
[2024-02-01T14:07:33.680+0100] {processor.py:830} INFO - Processing file /home/ubuntu/.local/lib/python3.10/site-packages/airflow/example_dags/subdags/subdag.py for tasks to queue
[2024-02-01T14:07:33.682+0100] {logging_mixin.py:188} INFO - [2024-02-01T14:07:33.681+0100] {dagbag.py:538} INFO - Filling up the DagBag from /home/ubuntu/.local/lib/python3.10/site-packages/airflow/example_dags/subdags/subdag.py
[2024-02-01T14:07:33.704+0100] {processor.py:842} WARNING - No viable dags retrieved from /home/ubuntu/.local/lib/python3.10/site-packages/airflow/example_dags/subdags/subdag.py
[2024-02-01T14:07:33.766+0100] {processor.py:183} INFO - Processing /home/ubuntu/.local/lib/python3.10/site-packages/airflow/example_dags/subdags/subdag.py took 0.121 seconds
[2024-02-01T14:11:12.323+0100] {processor.py:161} INFO - Started process (PID=6217) to work on /home/ubuntu/.local/lib/python3.10/site-packages/airflow/example_dags/subdags/subdag.py
[2024-02-01T14:11:12.370+0100] {processor.py:830} INFO - Processing file /home/ubuntu/.local/lib/python3.10/site-packages/airflow/example_dags/subdags/subdag.py for tasks to queue
[2024-02-01T14:11:12.371+0100] {logging_mixin.py:188} INFO - [2024-02-01T14:11:12.371+0100] {dagbag.py:538} INFO - Filling up the DagBag from /home/ubuntu/.local/lib/python3.10/site-packages/airflow/example_dags/subdags/subdag.py
[2024-02-01T14:11:12.377+0100] {processor.py:842} WARNING - No viable dags retrieved from /home/ubuntu/.local/lib/python3.10/site-packages/airflow/example_dags/subdags/subdag.py
[2024-02-01T14:11:12.404+0100] {processor.py:183} INFO - Processing /home/ubuntu/.local/lib/python3.10/site-packages/airflow/example_dags/subdags/subdag.py took 0.108 seconds
[2024-02-01T14:12:57.970+0100] {processor.py:161} INFO - Started process (PID=6278) to work on /home/ubuntu/.local/lib/python3.10/site-packages/airflow/example_dags/subdags/subdag.py
[2024-02-01T14:12:57.980+0100] {processor.py:830} INFO - Processing file /home/ubuntu/.local/lib/python3.10/site-packages/airflow/example_dags/subdags/subdag.py for tasks to queue
[2024-02-01T14:12:57.983+0100] {logging_mixin.py:188} INFO - [2024-02-01T14:12:57.982+0100] {dagbag.py:538} INFO - Filling up the DagBag from /home/ubuntu/.local/lib/python3.10/site-packages/airflow/example_dags/subdags/subdag.py
[2024-02-01T14:12:57.995+0100] {processor.py:842} WARNING - No viable dags retrieved from /home/ubuntu/.local/lib/python3.10/site-packages/airflow/example_dags/subdags/subdag.py
[2024-02-01T14:12:58.216+0100] {processor.py:183} INFO - Processing /home/ubuntu/.local/lib/python3.10/site-packages/airflow/example_dags/subdags/subdag.py took 0.362 seconds
[2024-02-01T14:14:48.494+0100] {processor.py:161} INFO - Started process (PID=6407) to work on /home/ubuntu/.local/lib/python3.10/site-packages/airflow/example_dags/subdags/subdag.py
[2024-02-01T14:14:48.566+0100] {processor.py:830} INFO - Processing file /home/ubuntu/.local/lib/python3.10/site-packages/airflow/example_dags/subdags/subdag.py for tasks to queue
[2024-02-01T14:14:48.567+0100] {logging_mixin.py:188} INFO - [2024-02-01T14:14:48.567+0100] {dagbag.py:538} INFO - Filling up the DagBag from /home/ubuntu/.local/lib/python3.10/site-packages/airflow/example_dags/subdags/subdag.py
[2024-02-01T14:14:48.602+0100] {processor.py:842} WARNING - No viable dags retrieved from /home/ubuntu/.local/lib/python3.10/site-packages/airflow/example_dags/subdags/subdag.py
[2024-02-01T14:14:48.724+0100] {processor.py:183} INFO - Processing /home/ubuntu/.local/lib/python3.10/site-packages/airflow/example_dags/subdags/subdag.py took 0.282 seconds
[2024-02-01T14:16:50.037+0100] {processor.py:161} INFO - Started process (PID=6635) to work on /home/ubuntu/.local/lib/python3.10/site-packages/airflow/example_dags/subdags/subdag.py
[2024-02-01T14:16:50.134+0100] {processor.py:830} INFO - Processing file /home/ubuntu/.local/lib/python3.10/site-packages/airflow/example_dags/subdags/subdag.py for tasks to queue
[2024-02-01T14:16:50.136+0100] {logging_mixin.py:188} INFO - [2024-02-01T14:16:50.135+0100] {dagbag.py:538} INFO - Filling up the DagBag from /home/ubuntu/.local/lib/python3.10/site-packages/airflow/example_dags/subdags/subdag.py
[2024-02-01T14:16:50.150+0100] {processor.py:842} WARNING - No viable dags retrieved from /home/ubuntu/.local/lib/python3.10/site-packages/airflow/example_dags/subdags/subdag.py
[2024-02-01T14:16:50.305+0100] {processor.py:183} INFO - Processing /home/ubuntu/.local/lib/python3.10/site-packages/airflow/example_dags/subdags/subdag.py took 0.315 seconds
[2024-02-01T14:20:21.140+0100] {processor.py:161} INFO - Started process (PID=7553) to work on /home/ubuntu/.local/lib/python3.10/site-packages/airflow/example_dags/subdags/subdag.py
[2024-02-01T14:20:21.149+0100] {processor.py:830} INFO - Processing file /home/ubuntu/.local/lib/python3.10/site-packages/airflow/example_dags/subdags/subdag.py for tasks to queue
[2024-02-01T14:20:21.152+0100] {logging_mixin.py:188} INFO - [2024-02-01T14:20:21.150+0100] {dagbag.py:538} INFO - Filling up the DagBag from /home/ubuntu/.local/lib/python3.10/site-packages/airflow/example_dags/subdags/subdag.py
[2024-02-01T14:20:21.267+0100] {processor.py:842} WARNING - No viable dags retrieved from /home/ubuntu/.local/lib/python3.10/site-packages/airflow/example_dags/subdags/subdag.py
[2024-02-01T14:20:21.542+0100] {processor.py:183} INFO - Processing /home/ubuntu/.local/lib/python3.10/site-packages/airflow/example_dags/subdags/subdag.py took 0.416 seconds
[2024-02-01T14:23:24.494+0100] {processor.py:161} INFO - Started process (PID=8005) to work on /home/ubuntu/.local/lib/python3.10/site-packages/airflow/example_dags/subdags/subdag.py
[2024-02-01T14:23:24.678+0100] {processor.py:830} INFO - Processing file /home/ubuntu/.local/lib/python3.10/site-packages/airflow/example_dags/subdags/subdag.py for tasks to queue
[2024-02-01T14:23:24.875+0100] {logging_mixin.py:188} INFO - [2024-02-01T14:23:24.680+0100] {dagbag.py:538} INFO - Filling up the DagBag from /home/ubuntu/.local/lib/python3.10/site-packages/airflow/example_dags/subdags/subdag.py
[2024-02-01T14:23:24.917+0100] {processor.py:842} WARNING - No viable dags retrieved from /home/ubuntu/.local/lib/python3.10/site-packages/airflow/example_dags/subdags/subdag.py
[2024-02-01T14:23:27.770+0100] {processor.py:183} INFO - Processing /home/ubuntu/.local/lib/python3.10/site-packages/airflow/example_dags/subdags/subdag.py took 3.307 seconds
[2024-02-01T14:26:04.830+0100] {processor.py:161} INFO - Started process (PID=8096) to work on /home/ubuntu/.local/lib/python3.10/site-packages/airflow/example_dags/subdags/subdag.py
[2024-02-01T14:26:04.902+0100] {processor.py:830} INFO - Processing file /home/ubuntu/.local/lib/python3.10/site-packages/airflow/example_dags/subdags/subdag.py for tasks to queue
[2024-02-01T14:26:04.903+0100] {logging_mixin.py:188} INFO - [2024-02-01T14:26:04.903+0100] {dagbag.py:538} INFO - Filling up the DagBag from /home/ubuntu/.local/lib/python3.10/site-packages/airflow/example_dags/subdags/subdag.py
[2024-02-01T14:26:04.916+0100] {processor.py:842} WARNING - No viable dags retrieved from /home/ubuntu/.local/lib/python3.10/site-packages/airflow/example_dags/subdags/subdag.py
[2024-02-01T14:26:05.091+0100] {processor.py:183} INFO - Processing /home/ubuntu/.local/lib/python3.10/site-packages/airflow/example_dags/subdags/subdag.py took 0.317 seconds
[2024-02-01T14:29:22.176+0100] {processor.py:161} INFO - Started process (PID=8177) to work on /home/ubuntu/.local/lib/python3.10/site-packages/airflow/example_dags/subdags/subdag.py
[2024-02-01T14:29:22.207+0100] {processor.py:830} INFO - Processing file /home/ubuntu/.local/lib/python3.10/site-packages/airflow/example_dags/subdags/subdag.py for tasks to queue
[2024-02-01T14:29:22.218+0100] {logging_mixin.py:188} INFO - [2024-02-01T14:29:22.208+0100] {dagbag.py:538} INFO - Filling up the DagBag from /home/ubuntu/.local/lib/python3.10/site-packages/airflow/example_dags/subdags/subdag.py
[2024-02-01T14:29:22.295+0100] {processor.py:842} WARNING - No viable dags retrieved from /home/ubuntu/.local/lib/python3.10/site-packages/airflow/example_dags/subdags/subdag.py
[2024-02-01T14:29:22.459+0100] {processor.py:183} INFO - Processing /home/ubuntu/.local/lib/python3.10/site-packages/airflow/example_dags/subdags/subdag.py took 0.303 seconds
[2024-02-01T14:32:01.477+0100] {processor.py:161} INFO - Started process (PID=8342) to work on /home/ubuntu/.local/lib/python3.10/site-packages/airflow/example_dags/subdags/subdag.py
[2024-02-01T14:32:01.558+0100] {processor.py:830} INFO - Processing file /home/ubuntu/.local/lib/python3.10/site-packages/airflow/example_dags/subdags/subdag.py for tasks to queue
[2024-02-01T14:32:01.560+0100] {logging_mixin.py:188} INFO - [2024-02-01T14:32:01.559+0100] {dagbag.py:538} INFO - Filling up the DagBag from /home/ubuntu/.local/lib/python3.10/site-packages/airflow/example_dags/subdags/subdag.py
[2024-02-01T14:32:01.572+0100] {processor.py:842} WARNING - No viable dags retrieved from /home/ubuntu/.local/lib/python3.10/site-packages/airflow/example_dags/subdags/subdag.py
[2024-02-01T14:32:01.683+0100] {processor.py:183} INFO - Processing /home/ubuntu/.local/lib/python3.10/site-packages/airflow/example_dags/subdags/subdag.py took 0.228 seconds
[2024-02-01T14:34:20.326+0100] {processor.py:161} INFO - Started process (PID=8733) to work on /home/ubuntu/.local/lib/python3.10/site-packages/airflow/example_dags/subdags/subdag.py
[2024-02-01T14:34:20.370+0100] {processor.py:830} INFO - Processing file /home/ubuntu/.local/lib/python3.10/site-packages/airflow/example_dags/subdags/subdag.py for tasks to queue
[2024-02-01T14:34:20.374+0100] {logging_mixin.py:188} INFO - [2024-02-01T14:34:20.373+0100] {dagbag.py:538} INFO - Filling up the DagBag from /home/ubuntu/.local/lib/python3.10/site-packages/airflow/example_dags/subdags/subdag.py
[2024-02-01T14:34:20.392+0100] {processor.py:842} WARNING - No viable dags retrieved from /home/ubuntu/.local/lib/python3.10/site-packages/airflow/example_dags/subdags/subdag.py
[2024-02-01T14:34:20.466+0100] {processor.py:183} INFO - Processing /home/ubuntu/.local/lib/python3.10/site-packages/airflow/example_dags/subdags/subdag.py took 0.157 seconds
[2024-02-01T14:36:29.811+0100] {processor.py:161} INFO - Started process (PID=8931) to work on /home/ubuntu/.local/lib/python3.10/site-packages/airflow/example_dags/subdags/subdag.py
[2024-02-01T14:36:29.869+0100] {processor.py:830} INFO - Processing file /home/ubuntu/.local/lib/python3.10/site-packages/airflow/example_dags/subdags/subdag.py for tasks to queue
[2024-02-01T14:36:29.871+0100] {logging_mixin.py:188} INFO - [2024-02-01T14:36:29.870+0100] {dagbag.py:538} INFO - Filling up the DagBag from /home/ubuntu/.local/lib/python3.10/site-packages/airflow/example_dags/subdags/subdag.py
[2024-02-01T14:36:29.919+0100] {processor.py:842} WARNING - No viable dags retrieved from /home/ubuntu/.local/lib/python3.10/site-packages/airflow/example_dags/subdags/subdag.py
[2024-02-01T14:36:29.996+0100] {processor.py:183} INFO - Processing /home/ubuntu/.local/lib/python3.10/site-packages/airflow/example_dags/subdags/subdag.py took 0.301 seconds
[2024-02-01T14:39:14.395+0100] {processor.py:161} INFO - Started process (PID=9352) to work on /home/ubuntu/.local/lib/python3.10/site-packages/airflow/example_dags/subdags/subdag.py
[2024-02-01T14:39:14.636+0100] {processor.py:830} INFO - Processing file /home/ubuntu/.local/lib/python3.10/site-packages/airflow/example_dags/subdags/subdag.py for tasks to queue
[2024-02-01T14:39:14.673+0100] {logging_mixin.py:188} INFO - [2024-02-01T14:39:14.664+0100] {dagbag.py:538} INFO - Filling up the DagBag from /home/ubuntu/.local/lib/python3.10/site-packages/airflow/example_dags/subdags/subdag.py
[2024-02-01T14:39:14.693+0100] {processor.py:842} WARNING - No viable dags retrieved from /home/ubuntu/.local/lib/python3.10/site-packages/airflow/example_dags/subdags/subdag.py
[2024-02-01T14:39:14.902+0100] {processor.py:183} INFO - Processing /home/ubuntu/.local/lib/python3.10/site-packages/airflow/example_dags/subdags/subdag.py took 0.561 seconds
[2024-02-01T14:43:52.526+0100] {processor.py:161} INFO - Started process (PID=10105) to work on /home/ubuntu/.local/lib/python3.10/site-packages/airflow/example_dags/subdags/subdag.py
[2024-02-01T14:43:52.680+0100] {processor.py:830} INFO - Processing file /home/ubuntu/.local/lib/python3.10/site-packages/airflow/example_dags/subdags/subdag.py for tasks to queue
[2024-02-01T14:43:52.681+0100] {logging_mixin.py:188} INFO - [2024-02-01T14:43:52.681+0100] {dagbag.py:538} INFO - Filling up the DagBag from /home/ubuntu/.local/lib/python3.10/site-packages/airflow/example_dags/subdags/subdag.py
[2024-02-01T14:43:52.691+0100] {processor.py:842} WARNING - No viable dags retrieved from /home/ubuntu/.local/lib/python3.10/site-packages/airflow/example_dags/subdags/subdag.py
[2024-02-01T14:43:52.785+0100] {processor.py:183} INFO - Processing /home/ubuntu/.local/lib/python3.10/site-packages/airflow/example_dags/subdags/subdag.py took 0.287 seconds
[2024-02-01T14:49:26.744+0100] {processor.py:161} INFO - Started process (PID=10278) to work on /home/ubuntu/.local/lib/python3.10/site-packages/airflow/example_dags/subdags/subdag.py
[2024-02-01T14:49:26.786+0100] {processor.py:830} INFO - Processing file /home/ubuntu/.local/lib/python3.10/site-packages/airflow/example_dags/subdags/subdag.py for tasks to queue
[2024-02-01T14:49:26.788+0100] {logging_mixin.py:188} INFO - [2024-02-01T14:49:26.787+0100] {dagbag.py:538} INFO - Filling up the DagBag from /home/ubuntu/.local/lib/python3.10/site-packages/airflow/example_dags/subdags/subdag.py
[2024-02-01T14:49:26.801+0100] {processor.py:842} WARNING - No viable dags retrieved from /home/ubuntu/.local/lib/python3.10/site-packages/airflow/example_dags/subdags/subdag.py
[2024-02-01T14:49:27.011+0100] {processor.py:183} INFO - Processing /home/ubuntu/.local/lib/python3.10/site-packages/airflow/example_dags/subdags/subdag.py took 0.297 seconds
[2024-02-01T14:53:44.834+0100] {processor.py:161} INFO - Started process (PID=10770) to work on /home/ubuntu/.local/lib/python3.10/site-packages/airflow/example_dags/subdags/subdag.py
[2024-02-01T14:53:44.952+0100] {processor.py:830} INFO - Processing file /home/ubuntu/.local/lib/python3.10/site-packages/airflow/example_dags/subdags/subdag.py for tasks to queue
[2024-02-01T14:53:44.978+0100] {logging_mixin.py:188} INFO - [2024-02-01T14:53:44.967+0100] {dagbag.py:538} INFO - Filling up the DagBag from /home/ubuntu/.local/lib/python3.10/site-packages/airflow/example_dags/subdags/subdag.py
[2024-02-01T14:53:45.004+0100] {processor.py:842} WARNING - No viable dags retrieved from /home/ubuntu/.local/lib/python3.10/site-packages/airflow/example_dags/subdags/subdag.py
[2024-02-01T14:53:45.225+0100] {processor.py:183} INFO - Processing /home/ubuntu/.local/lib/python3.10/site-packages/airflow/example_dags/subdags/subdag.py took 0.421 seconds
[2024-02-01T14:59:18.907+0100] {processor.py:161} INFO - Started process (PID=11600) to work on /home/ubuntu/.local/lib/python3.10/site-packages/airflow/example_dags/subdags/subdag.py
[2024-02-01T14:59:19.056+0100] {processor.py:830} INFO - Processing file /home/ubuntu/.local/lib/python3.10/site-packages/airflow/example_dags/subdags/subdag.py for tasks to queue
[2024-02-01T14:59:19.060+0100] {logging_mixin.py:188} INFO - [2024-02-01T14:59:19.057+0100] {dagbag.py:538} INFO - Filling up the DagBag from /home/ubuntu/.local/lib/python3.10/site-packages/airflow/example_dags/subdags/subdag.py
[2024-02-01T14:59:19.064+0100] {processor.py:842} WARNING - No viable dags retrieved from /home/ubuntu/.local/lib/python3.10/site-packages/airflow/example_dags/subdags/subdag.py
[2024-02-01T14:59:19.180+0100] {processor.py:183} INFO - Processing /home/ubuntu/.local/lib/python3.10/site-packages/airflow/example_dags/subdags/subdag.py took 0.296 seconds
[2024-02-01T15:03:23.892+0100] {processor.py:161} INFO - Started process (PID=11759) to work on /home/ubuntu/.local/lib/python3.10/site-packages/airflow/example_dags/subdags/subdag.py
[2024-02-01T15:03:24.016+0100] {processor.py:830} INFO - Processing file /home/ubuntu/.local/lib/python3.10/site-packages/airflow/example_dags/subdags/subdag.py for tasks to queue
[2024-02-01T15:03:24.018+0100] {logging_mixin.py:188} INFO - [2024-02-01T15:03:24.017+0100] {dagbag.py:538} INFO - Filling up the DagBag from /home/ubuntu/.local/lib/python3.10/site-packages/airflow/example_dags/subdags/subdag.py
[2024-02-01T15:03:24.061+0100] {processor.py:842} WARNING - No viable dags retrieved from /home/ubuntu/.local/lib/python3.10/site-packages/airflow/example_dags/subdags/subdag.py
[2024-02-01T15:03:24.249+0100] {processor.py:183} INFO - Processing /home/ubuntu/.local/lib/python3.10/site-packages/airflow/example_dags/subdags/subdag.py took 0.373 seconds
[2024-02-01T16:02:25.710+0100] {processor.py:161} INFO - Started process (PID=8881) to work on /home/ubuntu/.local/lib/python3.10/site-packages/airflow/example_dags/subdags/subdag.py
[2024-02-01T16:02:25.830+0100] {processor.py:830} INFO - Processing file /home/ubuntu/.local/lib/python3.10/site-packages/airflow/example_dags/subdags/subdag.py for tasks to queue
[2024-02-01T16:02:25.870+0100] {logging_mixin.py:188} INFO - [2024-02-01T16:02:25.869+0100] {dagbag.py:538} INFO - Filling up the DagBag from /home/ubuntu/.local/lib/python3.10/site-packages/airflow/example_dags/subdags/subdag.py
[2024-02-01T16:02:25.903+0100] {processor.py:842} WARNING - No viable dags retrieved from /home/ubuntu/.local/lib/python3.10/site-packages/airflow/example_dags/subdags/subdag.py
[2024-02-01T16:02:25.972+0100] {processor.py:183} INFO - Processing /home/ubuntu/.local/lib/python3.10/site-packages/airflow/example_dags/subdags/subdag.py took 0.276 seconds
