[2024-01-30T23:17:06.309+0100] {processor.py:161} INFO - Started process (PID=5489) to work on /home/ubuntu/.local/lib/python3.10/site-packages/airflow/example_dags/plugins/event_listener.py
[2024-01-30T23:17:06.318+0100] {processor.py:830} INFO - Processing file /home/ubuntu/.local/lib/python3.10/site-packages/airflow/example_dags/plugins/event_listener.py for tasks to queue
[2024-01-30T23:17:06.324+0100] {logging_mixin.py:188} INFO - [2024-01-30T23:17:06.322+0100] {dagbag.py:538} INFO - Filling up the DagBag from /home/ubuntu/.local/lib/python3.10/site-packages/airflow/example_dags/plugins/event_listener.py
[2024-01-30T23:17:06.375+0100] {processor.py:842} WARNING - No viable dags retrieved from /home/ubuntu/.local/lib/python3.10/site-packages/airflow/example_dags/plugins/event_listener.py
[2024-01-30T23:17:06.795+0100] {processor.py:183} INFO - Processing /home/ubuntu/.local/lib/python3.10/site-packages/airflow/example_dags/plugins/event_listener.py took 0.538 seconds
[2024-01-30T23:19:29.193+0100] {processor.py:161} INFO - Started process (PID=7607) to work on /home/ubuntu/.local/lib/python3.10/site-packages/airflow/example_dags/plugins/event_listener.py
[2024-01-30T23:19:29.227+0100] {processor.py:830} INFO - Processing file /home/ubuntu/.local/lib/python3.10/site-packages/airflow/example_dags/plugins/event_listener.py for tasks to queue
[2024-01-30T23:19:29.236+0100] {logging_mixin.py:188} INFO - [2024-01-30T23:19:29.231+0100] {dagbag.py:538} INFO - Filling up the DagBag from /home/ubuntu/.local/lib/python3.10/site-packages/airflow/example_dags/plugins/event_listener.py
[2024-01-30T23:19:29.252+0100] {processor.py:842} WARNING - No viable dags retrieved from /home/ubuntu/.local/lib/python3.10/site-packages/airflow/example_dags/plugins/event_listener.py
[2024-01-30T23:19:29.286+0100] {processor.py:183} INFO - Processing /home/ubuntu/.local/lib/python3.10/site-packages/airflow/example_dags/plugins/event_listener.py took 0.101 seconds
[2024-01-30T23:20:58.040+0100] {processor.py:161} INFO - Started process (PID=7750) to work on /home/ubuntu/.local/lib/python3.10/site-packages/airflow/example_dags/plugins/event_listener.py
[2024-01-30T23:20:58.081+0100] {processor.py:830} INFO - Processing file /home/ubuntu/.local/lib/python3.10/site-packages/airflow/example_dags/plugins/event_listener.py for tasks to queue
[2024-01-30T23:20:58.082+0100] {logging_mixin.py:188} INFO - [2024-01-30T23:20:58.082+0100] {dagbag.py:538} INFO - Filling up the DagBag from /home/ubuntu/.local/lib/python3.10/site-packages/airflow/example_dags/plugins/event_listener.py
[2024-01-30T23:20:58.090+0100] {processor.py:842} WARNING - No viable dags retrieved from /home/ubuntu/.local/lib/python3.10/site-packages/airflow/example_dags/plugins/event_listener.py
[2024-01-30T23:20:58.402+0100] {processor.py:183} INFO - Processing /home/ubuntu/.local/lib/python3.10/site-packages/airflow/example_dags/plugins/event_listener.py took 0.394 seconds
[2024-01-30T23:22:29.548+0100] {processor.py:161} INFO - Started process (PID=7816) to work on /home/ubuntu/.local/lib/python3.10/site-packages/airflow/example_dags/plugins/event_listener.py
[2024-01-30T23:22:29.580+0100] {processor.py:830} INFO - Processing file /home/ubuntu/.local/lib/python3.10/site-packages/airflow/example_dags/plugins/event_listener.py for tasks to queue
[2024-01-30T23:22:29.585+0100] {logging_mixin.py:188} INFO - [2024-01-30T23:22:29.584+0100] {dagbag.py:538} INFO - Filling up the DagBag from /home/ubuntu/.local/lib/python3.10/site-packages/airflow/example_dags/plugins/event_listener.py
[2024-01-30T23:22:29.600+0100] {processor.py:842} WARNING - No viable dags retrieved from /home/ubuntu/.local/lib/python3.10/site-packages/airflow/example_dags/plugins/event_listener.py
[2024-01-30T23:22:29.683+0100] {processor.py:183} INFO - Processing /home/ubuntu/.local/lib/python3.10/site-packages/airflow/example_dags/plugins/event_listener.py took 0.147 seconds
[2024-01-30T23:24:45.432+0100] {processor.py:161} INFO - Started process (PID=7915) to work on /home/ubuntu/.local/lib/python3.10/site-packages/airflow/example_dags/plugins/event_listener.py
[2024-01-30T23:24:45.436+0100] {processor.py:830} INFO - Processing file /home/ubuntu/.local/lib/python3.10/site-packages/airflow/example_dags/plugins/event_listener.py for tasks to queue
[2024-01-30T23:24:45.438+0100] {logging_mixin.py:188} INFO - [2024-01-30T23:24:45.437+0100] {dagbag.py:538} INFO - Filling up the DagBag from /home/ubuntu/.local/lib/python3.10/site-packages/airflow/example_dags/plugins/event_listener.py
[2024-01-30T23:24:45.442+0100] {processor.py:842} WARNING - No viable dags retrieved from /home/ubuntu/.local/lib/python3.10/site-packages/airflow/example_dags/plugins/event_listener.py
[2024-01-30T23:24:45.461+0100] {processor.py:183} INFO - Processing /home/ubuntu/.local/lib/python3.10/site-packages/airflow/example_dags/plugins/event_listener.py took 0.035 seconds
[2024-01-30T23:26:10.097+0100] {processor.py:161} INFO - Started process (PID=7991) to work on /home/ubuntu/.local/lib/python3.10/site-packages/airflow/example_dags/plugins/event_listener.py
[2024-01-30T23:26:10.099+0100] {processor.py:830} INFO - Processing file /home/ubuntu/.local/lib/python3.10/site-packages/airflow/example_dags/plugins/event_listener.py for tasks to queue
[2024-01-30T23:26:10.101+0100] {logging_mixin.py:188} INFO - [2024-01-30T23:26:10.100+0100] {dagbag.py:538} INFO - Filling up the DagBag from /home/ubuntu/.local/lib/python3.10/site-packages/airflow/example_dags/plugins/event_listener.py
[2024-01-30T23:26:10.105+0100] {processor.py:842} WARNING - No viable dags retrieved from /home/ubuntu/.local/lib/python3.10/site-packages/airflow/example_dags/plugins/event_listener.py
[2024-01-30T23:26:10.175+0100] {processor.py:183} INFO - Processing /home/ubuntu/.local/lib/python3.10/site-packages/airflow/example_dags/plugins/event_listener.py took 0.083 seconds
[2024-01-30T23:27:37.646+0100] {processor.py:161} INFO - Started process (PID=8079) to work on /home/ubuntu/.local/lib/python3.10/site-packages/airflow/example_dags/plugins/event_listener.py
[2024-01-30T23:27:37.649+0100] {processor.py:830} INFO - Processing file /home/ubuntu/.local/lib/python3.10/site-packages/airflow/example_dags/plugins/event_listener.py for tasks to queue
[2024-01-30T23:27:37.652+0100] {logging_mixin.py:188} INFO - [2024-01-30T23:27:37.652+0100] {dagbag.py:538} INFO - Filling up the DagBag from /home/ubuntu/.local/lib/python3.10/site-packages/airflow/example_dags/plugins/event_listener.py
[2024-01-30T23:27:37.657+0100] {processor.py:842} WARNING - No viable dags retrieved from /home/ubuntu/.local/lib/python3.10/site-packages/airflow/example_dags/plugins/event_listener.py
[2024-01-30T23:27:37.678+0100] {processor.py:183} INFO - Processing /home/ubuntu/.local/lib/python3.10/site-packages/airflow/example_dags/plugins/event_listener.py took 0.037 seconds
[2024-01-30T23:28:36.363+0100] {processor.py:161} INFO - Started process (PID=8129) to work on /home/ubuntu/.local/lib/python3.10/site-packages/airflow/example_dags/plugins/event_listener.py
[2024-01-30T23:28:36.366+0100] {processor.py:830} INFO - Processing file /home/ubuntu/.local/lib/python3.10/site-packages/airflow/example_dags/plugins/event_listener.py for tasks to queue
[2024-01-30T23:28:36.368+0100] {logging_mixin.py:188} INFO - [2024-01-30T23:28:36.367+0100] {dagbag.py:538} INFO - Filling up the DagBag from /home/ubuntu/.local/lib/python3.10/site-packages/airflow/example_dags/plugins/event_listener.py
[2024-01-30T23:28:36.372+0100] {processor.py:842} WARNING - No viable dags retrieved from /home/ubuntu/.local/lib/python3.10/site-packages/airflow/example_dags/plugins/event_listener.py
[2024-01-30T23:28:36.393+0100] {processor.py:183} INFO - Processing /home/ubuntu/.local/lib/python3.10/site-packages/airflow/example_dags/plugins/event_listener.py took 0.034 seconds
[2024-01-30T23:29:56.598+0100] {processor.py:161} INFO - Started process (PID=8208) to work on /home/ubuntu/.local/lib/python3.10/site-packages/airflow/example_dags/plugins/event_listener.py
[2024-01-30T23:29:56.601+0100] {processor.py:830} INFO - Processing file /home/ubuntu/.local/lib/python3.10/site-packages/airflow/example_dags/plugins/event_listener.py for tasks to queue
[2024-01-30T23:29:56.604+0100] {logging_mixin.py:188} INFO - [2024-01-30T23:29:56.602+0100] {dagbag.py:538} INFO - Filling up the DagBag from /home/ubuntu/.local/lib/python3.10/site-packages/airflow/example_dags/plugins/event_listener.py
[2024-01-30T23:29:56.608+0100] {processor.py:842} WARNING - No viable dags retrieved from /home/ubuntu/.local/lib/python3.10/site-packages/airflow/example_dags/plugins/event_listener.py
[2024-01-30T23:29:56.634+0100] {processor.py:183} INFO - Processing /home/ubuntu/.local/lib/python3.10/site-packages/airflow/example_dags/plugins/event_listener.py took 0.042 seconds
[2024-01-30T23:31:07.387+0100] {processor.py:161} INFO - Started process (PID=8274) to work on /home/ubuntu/.local/lib/python3.10/site-packages/airflow/example_dags/plugins/event_listener.py
[2024-01-30T23:31:07.404+0100] {processor.py:830} INFO - Processing file /home/ubuntu/.local/lib/python3.10/site-packages/airflow/example_dags/plugins/event_listener.py for tasks to queue
[2024-01-30T23:31:07.406+0100] {logging_mixin.py:188} INFO - [2024-01-30T23:31:07.405+0100] {dagbag.py:538} INFO - Filling up the DagBag from /home/ubuntu/.local/lib/python3.10/site-packages/airflow/example_dags/plugins/event_listener.py
[2024-01-30T23:31:07.409+0100] {processor.py:842} WARNING - No viable dags retrieved from /home/ubuntu/.local/lib/python3.10/site-packages/airflow/example_dags/plugins/event_listener.py
[2024-01-30T23:31:07.427+0100] {processor.py:183} INFO - Processing /home/ubuntu/.local/lib/python3.10/site-packages/airflow/example_dags/plugins/event_listener.py took 0.044 seconds
[2024-01-30T23:32:31.241+0100] {processor.py:161} INFO - Started process (PID=8343) to work on /home/ubuntu/.local/lib/python3.10/site-packages/airflow/example_dags/plugins/event_listener.py
[2024-01-30T23:32:31.267+0100] {processor.py:830} INFO - Processing file /home/ubuntu/.local/lib/python3.10/site-packages/airflow/example_dags/plugins/event_listener.py for tasks to queue
[2024-01-30T23:32:31.275+0100] {logging_mixin.py:188} INFO - [2024-01-30T23:32:31.269+0100] {dagbag.py:538} INFO - Filling up the DagBag from /home/ubuntu/.local/lib/python3.10/site-packages/airflow/example_dags/plugins/event_listener.py
[2024-01-30T23:32:31.297+0100] {processor.py:842} WARNING - No viable dags retrieved from /home/ubuntu/.local/lib/python3.10/site-packages/airflow/example_dags/plugins/event_listener.py
[2024-01-30T23:32:31.399+0100] {processor.py:183} INFO - Processing /home/ubuntu/.local/lib/python3.10/site-packages/airflow/example_dags/plugins/event_listener.py took 0.179 seconds
[2024-01-30T23:33:56.114+0100] {processor.py:161} INFO - Started process (PID=8420) to work on /home/ubuntu/.local/lib/python3.10/site-packages/airflow/example_dags/plugins/event_listener.py
[2024-01-30T23:33:56.142+0100] {processor.py:830} INFO - Processing file /home/ubuntu/.local/lib/python3.10/site-packages/airflow/example_dags/plugins/event_listener.py for tasks to queue
[2024-01-30T23:33:56.143+0100] {logging_mixin.py:188} INFO - [2024-01-30T23:33:56.142+0100] {dagbag.py:538} INFO - Filling up the DagBag from /home/ubuntu/.local/lib/python3.10/site-packages/airflow/example_dags/plugins/event_listener.py
[2024-01-30T23:33:56.163+0100] {processor.py:842} WARNING - No viable dags retrieved from /home/ubuntu/.local/lib/python3.10/site-packages/airflow/example_dags/plugins/event_listener.py
[2024-01-30T23:33:56.202+0100] {processor.py:183} INFO - Processing /home/ubuntu/.local/lib/python3.10/site-packages/airflow/example_dags/plugins/event_listener.py took 0.120 seconds
[2024-01-30T23:35:20.379+0100] {processor.py:161} INFO - Started process (PID=8489) to work on /home/ubuntu/.local/lib/python3.10/site-packages/airflow/example_dags/plugins/event_listener.py
[2024-01-30T23:35:20.413+0100] {processor.py:830} INFO - Processing file /home/ubuntu/.local/lib/python3.10/site-packages/airflow/example_dags/plugins/event_listener.py for tasks to queue
[2024-01-30T23:35:20.414+0100] {logging_mixin.py:188} INFO - [2024-01-30T23:35:20.414+0100] {dagbag.py:538} INFO - Filling up the DagBag from /home/ubuntu/.local/lib/python3.10/site-packages/airflow/example_dags/plugins/event_listener.py
[2024-01-30T23:35:20.421+0100] {processor.py:842} WARNING - No viable dags retrieved from /home/ubuntu/.local/lib/python3.10/site-packages/airflow/example_dags/plugins/event_listener.py
[2024-01-30T23:35:20.486+0100] {processor.py:183} INFO - Processing /home/ubuntu/.local/lib/python3.10/site-packages/airflow/example_dags/plugins/event_listener.py took 0.131 seconds
[2024-01-30T23:37:01.523+0100] {processor.py:161} INFO - Started process (PID=8573) to work on /home/ubuntu/.local/lib/python3.10/site-packages/airflow/example_dags/plugins/event_listener.py
[2024-01-30T23:37:01.526+0100] {processor.py:830} INFO - Processing file /home/ubuntu/.local/lib/python3.10/site-packages/airflow/example_dags/plugins/event_listener.py for tasks to queue
[2024-01-30T23:37:01.529+0100] {logging_mixin.py:188} INFO - [2024-01-30T23:37:01.528+0100] {dagbag.py:538} INFO - Filling up the DagBag from /home/ubuntu/.local/lib/python3.10/site-packages/airflow/example_dags/plugins/event_listener.py
[2024-01-30T23:37:01.556+0100] {processor.py:842} WARNING - No viable dags retrieved from /home/ubuntu/.local/lib/python3.10/site-packages/airflow/example_dags/plugins/event_listener.py
[2024-01-30T23:37:01.576+0100] {processor.py:183} INFO - Processing /home/ubuntu/.local/lib/python3.10/site-packages/airflow/example_dags/plugins/event_listener.py took 0.057 seconds
[2024-01-30T23:38:29.621+0100] {processor.py:161} INFO - Started process (PID=8648) to work on /home/ubuntu/.local/lib/python3.10/site-packages/airflow/example_dags/plugins/event_listener.py
[2024-01-30T23:38:29.630+0100] {processor.py:830} INFO - Processing file /home/ubuntu/.local/lib/python3.10/site-packages/airflow/example_dags/plugins/event_listener.py for tasks to queue
[2024-01-30T23:38:29.632+0100] {logging_mixin.py:188} INFO - [2024-01-30T23:38:29.631+0100] {dagbag.py:538} INFO - Filling up the DagBag from /home/ubuntu/.local/lib/python3.10/site-packages/airflow/example_dags/plugins/event_listener.py
[2024-01-30T23:38:29.636+0100] {processor.py:842} WARNING - No viable dags retrieved from /home/ubuntu/.local/lib/python3.10/site-packages/airflow/example_dags/plugins/event_listener.py
[2024-01-30T23:38:29.654+0100] {processor.py:183} INFO - Processing /home/ubuntu/.local/lib/python3.10/site-packages/airflow/example_dags/plugins/event_listener.py took 0.039 seconds
[2024-01-30T23:39:46.381+0100] {processor.py:161} INFO - Started process (PID=8712) to work on /home/ubuntu/.local/lib/python3.10/site-packages/airflow/example_dags/plugins/event_listener.py
[2024-01-30T23:39:46.384+0100] {processor.py:830} INFO - Processing file /home/ubuntu/.local/lib/python3.10/site-packages/airflow/example_dags/plugins/event_listener.py for tasks to queue
[2024-01-30T23:39:46.408+0100] {logging_mixin.py:188} INFO - [2024-01-30T23:39:46.407+0100] {dagbag.py:538} INFO - Filling up the DagBag from /home/ubuntu/.local/lib/python3.10/site-packages/airflow/example_dags/plugins/event_listener.py
[2024-01-30T23:39:46.413+0100] {processor.py:842} WARNING - No viable dags retrieved from /home/ubuntu/.local/lib/python3.10/site-packages/airflow/example_dags/plugins/event_listener.py
[2024-01-30T23:39:46.453+0100] {processor.py:183} INFO - Processing /home/ubuntu/.local/lib/python3.10/site-packages/airflow/example_dags/plugins/event_listener.py took 0.077 seconds
[2024-01-30T23:40:58.943+0100] {processor.py:161} INFO - Started process (PID=8777) to work on /home/ubuntu/.local/lib/python3.10/site-packages/airflow/example_dags/plugins/event_listener.py
[2024-01-30T23:40:58.947+0100] {processor.py:830} INFO - Processing file /home/ubuntu/.local/lib/python3.10/site-packages/airflow/example_dags/plugins/event_listener.py for tasks to queue
[2024-01-30T23:40:58.949+0100] {logging_mixin.py:188} INFO - [2024-01-30T23:40:58.948+0100] {dagbag.py:538} INFO - Filling up the DagBag from /home/ubuntu/.local/lib/python3.10/site-packages/airflow/example_dags/plugins/event_listener.py
[2024-01-30T23:40:58.955+0100] {processor.py:842} WARNING - No viable dags retrieved from /home/ubuntu/.local/lib/python3.10/site-packages/airflow/example_dags/plugins/event_listener.py
[2024-01-30T23:40:58.977+0100] {processor.py:183} INFO - Processing /home/ubuntu/.local/lib/python3.10/site-packages/airflow/example_dags/plugins/event_listener.py took 0.039 seconds
[2024-01-30T23:42:08.780+0100] {processor.py:161} INFO - Started process (PID=8838) to work on /home/ubuntu/.local/lib/python3.10/site-packages/airflow/example_dags/plugins/event_listener.py
[2024-01-30T23:42:08.790+0100] {processor.py:830} INFO - Processing file /home/ubuntu/.local/lib/python3.10/site-packages/airflow/example_dags/plugins/event_listener.py for tasks to queue
[2024-01-30T23:42:08.798+0100] {logging_mixin.py:188} INFO - [2024-01-30T23:42:08.794+0100] {dagbag.py:538} INFO - Filling up the DagBag from /home/ubuntu/.local/lib/python3.10/site-packages/airflow/example_dags/plugins/event_listener.py
[2024-01-30T23:42:08.824+0100] {processor.py:842} WARNING - No viable dags retrieved from /home/ubuntu/.local/lib/python3.10/site-packages/airflow/example_dags/plugins/event_listener.py
[2024-01-30T23:42:08.850+0100] {processor.py:183} INFO - Processing /home/ubuntu/.local/lib/python3.10/site-packages/airflow/example_dags/plugins/event_listener.py took 0.074 seconds
[2024-01-30T23:43:19.690+0100] {processor.py:161} INFO - Started process (PID=8905) to work on /home/ubuntu/.local/lib/python3.10/site-packages/airflow/example_dags/plugins/event_listener.py
[2024-01-30T23:43:19.701+0100] {processor.py:830} INFO - Processing file /home/ubuntu/.local/lib/python3.10/site-packages/airflow/example_dags/plugins/event_listener.py for tasks to queue
[2024-01-30T23:43:19.704+0100] {logging_mixin.py:188} INFO - [2024-01-30T23:43:19.704+0100] {dagbag.py:538} INFO - Filling up the DagBag from /home/ubuntu/.local/lib/python3.10/site-packages/airflow/example_dags/plugins/event_listener.py
[2024-01-30T23:43:19.707+0100] {processor.py:842} WARNING - No viable dags retrieved from /home/ubuntu/.local/lib/python3.10/site-packages/airflow/example_dags/plugins/event_listener.py
[2024-01-30T23:43:19.723+0100] {processor.py:183} INFO - Processing /home/ubuntu/.local/lib/python3.10/site-packages/airflow/example_dags/plugins/event_listener.py took 0.037 seconds
[2024-01-30T23:44:27.411+0100] {processor.py:161} INFO - Started process (PID=8966) to work on /home/ubuntu/.local/lib/python3.10/site-packages/airflow/example_dags/plugins/event_listener.py
[2024-01-30T23:44:27.423+0100] {processor.py:830} INFO - Processing file /home/ubuntu/.local/lib/python3.10/site-packages/airflow/example_dags/plugins/event_listener.py for tasks to queue
[2024-01-30T23:44:27.427+0100] {logging_mixin.py:188} INFO - [2024-01-30T23:44:27.426+0100] {dagbag.py:538} INFO - Filling up the DagBag from /home/ubuntu/.local/lib/python3.10/site-packages/airflow/example_dags/plugins/event_listener.py
[2024-01-30T23:44:27.433+0100] {processor.py:842} WARNING - No viable dags retrieved from /home/ubuntu/.local/lib/python3.10/site-packages/airflow/example_dags/plugins/event_listener.py
[2024-01-30T23:44:27.450+0100] {processor.py:183} INFO - Processing /home/ubuntu/.local/lib/python3.10/site-packages/airflow/example_dags/plugins/event_listener.py took 0.045 seconds
[2024-01-30T23:45:36.836+0100] {processor.py:161} INFO - Started process (PID=9043) to work on /home/ubuntu/.local/lib/python3.10/site-packages/airflow/example_dags/plugins/event_listener.py
[2024-01-30T23:45:36.840+0100] {processor.py:830} INFO - Processing file /home/ubuntu/.local/lib/python3.10/site-packages/airflow/example_dags/plugins/event_listener.py for tasks to queue
[2024-01-30T23:45:36.841+0100] {logging_mixin.py:188} INFO - [2024-01-30T23:45:36.841+0100] {dagbag.py:538} INFO - Filling up the DagBag from /home/ubuntu/.local/lib/python3.10/site-packages/airflow/example_dags/plugins/event_listener.py
[2024-01-30T23:45:36.845+0100] {processor.py:842} WARNING - No viable dags retrieved from /home/ubuntu/.local/lib/python3.10/site-packages/airflow/example_dags/plugins/event_listener.py
[2024-01-30T23:45:36.859+0100] {processor.py:183} INFO - Processing /home/ubuntu/.local/lib/python3.10/site-packages/airflow/example_dags/plugins/event_listener.py took 0.027 seconds
[2024-01-30T23:46:40.410+0100] {processor.py:161} INFO - Started process (PID=9102) to work on /home/ubuntu/.local/lib/python3.10/site-packages/airflow/example_dags/plugins/event_listener.py
[2024-01-30T23:46:40.414+0100] {processor.py:830} INFO - Processing file /home/ubuntu/.local/lib/python3.10/site-packages/airflow/example_dags/plugins/event_listener.py for tasks to queue
[2024-01-30T23:46:40.417+0100] {logging_mixin.py:188} INFO - [2024-01-30T23:46:40.416+0100] {dagbag.py:538} INFO - Filling up the DagBag from /home/ubuntu/.local/lib/python3.10/site-packages/airflow/example_dags/plugins/event_listener.py
[2024-01-30T23:46:40.420+0100] {processor.py:842} WARNING - No viable dags retrieved from /home/ubuntu/.local/lib/python3.10/site-packages/airflow/example_dags/plugins/event_listener.py
[2024-01-30T23:46:40.438+0100] {processor.py:183} INFO - Processing /home/ubuntu/.local/lib/python3.10/site-packages/airflow/example_dags/plugins/event_listener.py took 0.034 seconds
[2024-01-30T23:47:48.984+0100] {processor.py:161} INFO - Started process (PID=9171) to work on /home/ubuntu/.local/lib/python3.10/site-packages/airflow/example_dags/plugins/event_listener.py
[2024-01-30T23:47:48.987+0100] {processor.py:830} INFO - Processing file /home/ubuntu/.local/lib/python3.10/site-packages/airflow/example_dags/plugins/event_listener.py for tasks to queue
[2024-01-30T23:47:48.997+0100] {logging_mixin.py:188} INFO - [2024-01-30T23:47:48.997+0100] {dagbag.py:538} INFO - Filling up the DagBag from /home/ubuntu/.local/lib/python3.10/site-packages/airflow/example_dags/plugins/event_listener.py
[2024-01-30T23:47:49.004+0100] {processor.py:842} WARNING - No viable dags retrieved from /home/ubuntu/.local/lib/python3.10/site-packages/airflow/example_dags/plugins/event_listener.py
[2024-01-30T23:47:49.026+0100] {processor.py:183} INFO - Processing /home/ubuntu/.local/lib/python3.10/site-packages/airflow/example_dags/plugins/event_listener.py took 0.048 seconds
[2024-01-30T23:48:55.737+0100] {processor.py:161} INFO - Started process (PID=9233) to work on /home/ubuntu/.local/lib/python3.10/site-packages/airflow/example_dags/plugins/event_listener.py
[2024-01-30T23:48:55.740+0100] {processor.py:830} INFO - Processing file /home/ubuntu/.local/lib/python3.10/site-packages/airflow/example_dags/plugins/event_listener.py for tasks to queue
[2024-01-30T23:48:55.742+0100] {logging_mixin.py:188} INFO - [2024-01-30T23:48:55.741+0100] {dagbag.py:538} INFO - Filling up the DagBag from /home/ubuntu/.local/lib/python3.10/site-packages/airflow/example_dags/plugins/event_listener.py
[2024-01-30T23:48:55.761+0100] {processor.py:842} WARNING - No viable dags retrieved from /home/ubuntu/.local/lib/python3.10/site-packages/airflow/example_dags/plugins/event_listener.py
[2024-01-30T23:48:55.780+0100] {processor.py:183} INFO - Processing /home/ubuntu/.local/lib/python3.10/site-packages/airflow/example_dags/plugins/event_listener.py took 0.050 seconds
[2024-01-30T23:50:00.615+0100] {processor.py:161} INFO - Started process (PID=9293) to work on /home/ubuntu/.local/lib/python3.10/site-packages/airflow/example_dags/plugins/event_listener.py
[2024-01-30T23:50:00.617+0100] {processor.py:830} INFO - Processing file /home/ubuntu/.local/lib/python3.10/site-packages/airflow/example_dags/plugins/event_listener.py for tasks to queue
[2024-01-30T23:50:00.619+0100] {logging_mixin.py:188} INFO - [2024-01-30T23:50:00.618+0100] {dagbag.py:538} INFO - Filling up the DagBag from /home/ubuntu/.local/lib/python3.10/site-packages/airflow/example_dags/plugins/event_listener.py
[2024-01-30T23:50:00.622+0100] {processor.py:842} WARNING - No viable dags retrieved from /home/ubuntu/.local/lib/python3.10/site-packages/airflow/example_dags/plugins/event_listener.py
[2024-01-30T23:50:00.650+0100] {processor.py:183} INFO - Processing /home/ubuntu/.local/lib/python3.10/site-packages/airflow/example_dags/plugins/event_listener.py took 0.041 seconds
[2024-01-30T23:51:04.419+0100] {processor.py:161} INFO - Started process (PID=9353) to work on /home/ubuntu/.local/lib/python3.10/site-packages/airflow/example_dags/plugins/event_listener.py
[2024-01-30T23:51:04.421+0100] {processor.py:830} INFO - Processing file /home/ubuntu/.local/lib/python3.10/site-packages/airflow/example_dags/plugins/event_listener.py for tasks to queue
[2024-01-30T23:51:04.424+0100] {logging_mixin.py:188} INFO - [2024-01-30T23:51:04.423+0100] {dagbag.py:538} INFO - Filling up the DagBag from /home/ubuntu/.local/lib/python3.10/site-packages/airflow/example_dags/plugins/event_listener.py
[2024-01-30T23:51:04.427+0100] {processor.py:842} WARNING - No viable dags retrieved from /home/ubuntu/.local/lib/python3.10/site-packages/airflow/example_dags/plugins/event_listener.py
[2024-01-30T23:51:04.444+0100] {processor.py:183} INFO - Processing /home/ubuntu/.local/lib/python3.10/site-packages/airflow/example_dags/plugins/event_listener.py took 0.032 seconds
[2024-01-30T23:52:33.074+0100] {processor.py:161} INFO - Started process (PID=9498) to work on /home/ubuntu/.local/lib/python3.10/site-packages/airflow/example_dags/plugins/event_listener.py
[2024-01-30T23:52:33.140+0100] {processor.py:830} INFO - Processing file /home/ubuntu/.local/lib/python3.10/site-packages/airflow/example_dags/plugins/event_listener.py for tasks to queue
[2024-01-30T23:52:33.150+0100] {logging_mixin.py:188} INFO - [2024-01-30T23:52:33.150+0100] {dagbag.py:538} INFO - Filling up the DagBag from /home/ubuntu/.local/lib/python3.10/site-packages/airflow/example_dags/plugins/event_listener.py
[2024-01-30T23:52:33.182+0100] {processor.py:842} WARNING - No viable dags retrieved from /home/ubuntu/.local/lib/python3.10/site-packages/airflow/example_dags/plugins/event_listener.py
[2024-01-30T23:52:33.226+0100] {processor.py:183} INFO - Processing /home/ubuntu/.local/lib/python3.10/site-packages/airflow/example_dags/plugins/event_listener.py took 0.182 seconds
[2024-01-30T23:54:31.271+0100] {processor.py:161} INFO - Started process (PID=9584) to work on /home/ubuntu/.local/lib/python3.10/site-packages/airflow/example_dags/plugins/event_listener.py
[2024-01-30T23:54:31.308+0100] {processor.py:830} INFO - Processing file /home/ubuntu/.local/lib/python3.10/site-packages/airflow/example_dags/plugins/event_listener.py for tasks to queue
[2024-01-30T23:54:31.309+0100] {logging_mixin.py:188} INFO - [2024-01-30T23:54:31.309+0100] {dagbag.py:538} INFO - Filling up the DagBag from /home/ubuntu/.local/lib/python3.10/site-packages/airflow/example_dags/plugins/event_listener.py
[2024-01-30T23:54:31.321+0100] {processor.py:842} WARNING - No viable dags retrieved from /home/ubuntu/.local/lib/python3.10/site-packages/airflow/example_dags/plugins/event_listener.py
[2024-01-30T23:54:31.404+0100] {processor.py:183} INFO - Processing /home/ubuntu/.local/lib/python3.10/site-packages/airflow/example_dags/plugins/event_listener.py took 0.142 seconds
[2024-01-30T23:56:40.539+0100] {processor.py:161} INFO - Started process (PID=9668) to work on /home/ubuntu/.local/lib/python3.10/site-packages/airflow/example_dags/plugins/event_listener.py
[2024-01-30T23:56:40.581+0100] {processor.py:830} INFO - Processing file /home/ubuntu/.local/lib/python3.10/site-packages/airflow/example_dags/plugins/event_listener.py for tasks to queue
[2024-01-30T23:56:40.588+0100] {logging_mixin.py:188} INFO - [2024-01-30T23:56:40.582+0100] {dagbag.py:538} INFO - Filling up the DagBag from /home/ubuntu/.local/lib/python3.10/site-packages/airflow/example_dags/plugins/event_listener.py
[2024-01-30T23:56:40.618+0100] {processor.py:842} WARNING - No viable dags retrieved from /home/ubuntu/.local/lib/python3.10/site-packages/airflow/example_dags/plugins/event_listener.py
[2024-01-30T23:56:40.772+0100] {processor.py:183} INFO - Processing /home/ubuntu/.local/lib/python3.10/site-packages/airflow/example_dags/plugins/event_listener.py took 0.243 seconds
[2024-01-30T23:57:47.986+0100] {processor.py:161} INFO - Started process (PID=9720) to work on /home/ubuntu/.local/lib/python3.10/site-packages/airflow/example_dags/plugins/event_listener.py
[2024-01-30T23:57:48.019+0100] {processor.py:830} INFO - Processing file /home/ubuntu/.local/lib/python3.10/site-packages/airflow/example_dags/plugins/event_listener.py for tasks to queue
[2024-01-30T23:57:48.027+0100] {logging_mixin.py:188} INFO - [2024-01-30T23:57:48.026+0100] {dagbag.py:538} INFO - Filling up the DagBag from /home/ubuntu/.local/lib/python3.10/site-packages/airflow/example_dags/plugins/event_listener.py
[2024-01-30T23:57:48.041+0100] {processor.py:842} WARNING - No viable dags retrieved from /home/ubuntu/.local/lib/python3.10/site-packages/airflow/example_dags/plugins/event_listener.py
[2024-01-30T23:57:48.094+0100] {processor.py:183} INFO - Processing /home/ubuntu/.local/lib/python3.10/site-packages/airflow/example_dags/plugins/event_listener.py took 0.150 seconds
[2024-01-30T23:59:00.484+0100] {processor.py:161} INFO - Started process (PID=9766) to work on /home/ubuntu/.local/lib/python3.10/site-packages/airflow/example_dags/plugins/event_listener.py
[2024-01-30T23:59:00.532+0100] {processor.py:830} INFO - Processing file /home/ubuntu/.local/lib/python3.10/site-packages/airflow/example_dags/plugins/event_listener.py for tasks to queue
[2024-01-30T23:59:00.534+0100] {logging_mixin.py:188} INFO - [2024-01-30T23:59:00.533+0100] {dagbag.py:538} INFO - Filling up the DagBag from /home/ubuntu/.local/lib/python3.10/site-packages/airflow/example_dags/plugins/event_listener.py
[2024-01-30T23:59:00.538+0100] {processor.py:842} WARNING - No viable dags retrieved from /home/ubuntu/.local/lib/python3.10/site-packages/airflow/example_dags/plugins/event_listener.py
[2024-01-30T23:59:00.602+0100] {processor.py:183} INFO - Processing /home/ubuntu/.local/lib/python3.10/site-packages/airflow/example_dags/plugins/event_listener.py took 0.169 seconds
[2024-01-31T00:00:12.087+0100] {processor.py:161} INFO - Started process (PID=9816) to work on /home/ubuntu/.local/lib/python3.10/site-packages/airflow/example_dags/plugins/event_listener.py
[2024-01-31T00:00:12.120+0100] {processor.py:830} INFO - Processing file /home/ubuntu/.local/lib/python3.10/site-packages/airflow/example_dags/plugins/event_listener.py for tasks to queue
[2024-01-31T00:00:12.121+0100] {logging_mixin.py:188} INFO - [2024-01-31T00:00:12.121+0100] {dagbag.py:538} INFO - Filling up the DagBag from /home/ubuntu/.local/lib/python3.10/site-packages/airflow/example_dags/plugins/event_listener.py
[2024-01-31T00:00:12.136+0100] {processor.py:842} WARNING - No viable dags retrieved from /home/ubuntu/.local/lib/python3.10/site-packages/airflow/example_dags/plugins/event_listener.py
[2024-01-31T00:00:12.218+0100] {processor.py:183} INFO - Processing /home/ubuntu/.local/lib/python3.10/site-packages/airflow/example_dags/plugins/event_listener.py took 0.152 seconds
[2024-01-31T00:01:30.415+0100] {processor.py:161} INFO - Started process (PID=9898) to work on /home/ubuntu/.local/lib/python3.10/site-packages/airflow/example_dags/plugins/event_listener.py
[2024-01-31T00:01:30.437+0100] {processor.py:830} INFO - Processing file /home/ubuntu/.local/lib/python3.10/site-packages/airflow/example_dags/plugins/event_listener.py for tasks to queue
[2024-01-31T00:01:30.442+0100] {logging_mixin.py:188} INFO - [2024-01-31T00:01:30.438+0100] {dagbag.py:538} INFO - Filling up the DagBag from /home/ubuntu/.local/lib/python3.10/site-packages/airflow/example_dags/plugins/event_listener.py
[2024-01-31T00:01:30.451+0100] {processor.py:842} WARNING - No viable dags retrieved from /home/ubuntu/.local/lib/python3.10/site-packages/airflow/example_dags/plugins/event_listener.py
[2024-01-31T00:01:30.525+0100] {processor.py:183} INFO - Processing /home/ubuntu/.local/lib/python3.10/site-packages/airflow/example_dags/plugins/event_listener.py took 0.125 seconds
[2024-01-31T00:02:46.986+0100] {processor.py:161} INFO - Started process (PID=9942) to work on /home/ubuntu/.local/lib/python3.10/site-packages/airflow/example_dags/plugins/event_listener.py
[2024-01-31T00:02:47.078+0100] {processor.py:830} INFO - Processing file /home/ubuntu/.local/lib/python3.10/site-packages/airflow/example_dags/plugins/event_listener.py for tasks to queue
[2024-01-31T00:02:47.102+0100] {logging_mixin.py:188} INFO - [2024-01-31T00:02:47.102+0100] {dagbag.py:538} INFO - Filling up the DagBag from /home/ubuntu/.local/lib/python3.10/site-packages/airflow/example_dags/plugins/event_listener.py
[2024-01-31T00:02:47.182+0100] {processor.py:842} WARNING - No viable dags retrieved from /home/ubuntu/.local/lib/python3.10/site-packages/airflow/example_dags/plugins/event_listener.py
[2024-01-31T00:02:47.313+0100] {processor.py:183} INFO - Processing /home/ubuntu/.local/lib/python3.10/site-packages/airflow/example_dags/plugins/event_listener.py took 0.337 seconds
[2024-01-31T00:04:07.898+0100] {processor.py:161} INFO - Started process (PID=10027) to work on /home/ubuntu/.local/lib/python3.10/site-packages/airflow/example_dags/plugins/event_listener.py
[2024-01-31T00:04:07.906+0100] {processor.py:830} INFO - Processing file /home/ubuntu/.local/lib/python3.10/site-packages/airflow/example_dags/plugins/event_listener.py for tasks to queue
[2024-01-31T00:04:07.923+0100] {logging_mixin.py:188} INFO - [2024-01-31T00:04:07.922+0100] {dagbag.py:538} INFO - Filling up the DagBag from /home/ubuntu/.local/lib/python3.10/site-packages/airflow/example_dags/plugins/event_listener.py
[2024-01-31T00:04:07.949+0100] {processor.py:842} WARNING - No viable dags retrieved from /home/ubuntu/.local/lib/python3.10/site-packages/airflow/example_dags/plugins/event_listener.py
[2024-01-31T00:04:07.963+0100] {processor.py:183} INFO - Processing /home/ubuntu/.local/lib/python3.10/site-packages/airflow/example_dags/plugins/event_listener.py took 0.073 seconds
[2024-01-31T00:05:19.592+0100] {processor.py:161} INFO - Started process (PID=10089) to work on /home/ubuntu/.local/lib/python3.10/site-packages/airflow/example_dags/plugins/event_listener.py
[2024-01-31T00:05:19.596+0100] {processor.py:830} INFO - Processing file /home/ubuntu/.local/lib/python3.10/site-packages/airflow/example_dags/plugins/event_listener.py for tasks to queue
[2024-01-31T00:05:19.597+0100] {logging_mixin.py:188} INFO - [2024-01-31T00:05:19.597+0100] {dagbag.py:538} INFO - Filling up the DagBag from /home/ubuntu/.local/lib/python3.10/site-packages/airflow/example_dags/plugins/event_listener.py
[2024-01-31T00:05:19.601+0100] {processor.py:842} WARNING - No viable dags retrieved from /home/ubuntu/.local/lib/python3.10/site-packages/airflow/example_dags/plugins/event_listener.py
[2024-01-31T00:05:19.623+0100] {processor.py:183} INFO - Processing /home/ubuntu/.local/lib/python3.10/site-packages/airflow/example_dags/plugins/event_listener.py took 0.036 seconds
[2024-01-31T00:06:32.466+0100] {processor.py:161} INFO - Started process (PID=10151) to work on /home/ubuntu/.local/lib/python3.10/site-packages/airflow/example_dags/plugins/event_listener.py
[2024-01-31T00:06:32.468+0100] {processor.py:830} INFO - Processing file /home/ubuntu/.local/lib/python3.10/site-packages/airflow/example_dags/plugins/event_listener.py for tasks to queue
[2024-01-31T00:06:32.470+0100] {logging_mixin.py:188} INFO - [2024-01-31T00:06:32.469+0100] {dagbag.py:538} INFO - Filling up the DagBag from /home/ubuntu/.local/lib/python3.10/site-packages/airflow/example_dags/plugins/event_listener.py
[2024-01-31T00:06:32.478+0100] {processor.py:842} WARNING - No viable dags retrieved from /home/ubuntu/.local/lib/python3.10/site-packages/airflow/example_dags/plugins/event_listener.py
[2024-01-31T00:06:32.501+0100] {processor.py:183} INFO - Processing /home/ubuntu/.local/lib/python3.10/site-packages/airflow/example_dags/plugins/event_listener.py took 0.040 seconds
[2024-01-31T00:07:46.756+0100] {processor.py:161} INFO - Started process (PID=10218) to work on /home/ubuntu/.local/lib/python3.10/site-packages/airflow/example_dags/plugins/event_listener.py
[2024-01-31T00:07:46.759+0100] {processor.py:830} INFO - Processing file /home/ubuntu/.local/lib/python3.10/site-packages/airflow/example_dags/plugins/event_listener.py for tasks to queue
[2024-01-31T00:07:46.761+0100] {logging_mixin.py:188} INFO - [2024-01-31T00:07:46.761+0100] {dagbag.py:538} INFO - Filling up the DagBag from /home/ubuntu/.local/lib/python3.10/site-packages/airflow/example_dags/plugins/event_listener.py
[2024-01-31T00:07:46.766+0100] {processor.py:842} WARNING - No viable dags retrieved from /home/ubuntu/.local/lib/python3.10/site-packages/airflow/example_dags/plugins/event_listener.py
[2024-01-31T00:07:46.789+0100] {processor.py:183} INFO - Processing /home/ubuntu/.local/lib/python3.10/site-packages/airflow/example_dags/plugins/event_listener.py took 0.062 seconds
[2024-01-31T00:08:55.275+0100] {processor.py:161} INFO - Started process (PID=10279) to work on /home/ubuntu/.local/lib/python3.10/site-packages/airflow/example_dags/plugins/event_listener.py
[2024-01-31T00:08:55.278+0100] {processor.py:830} INFO - Processing file /home/ubuntu/.local/lib/python3.10/site-packages/airflow/example_dags/plugins/event_listener.py for tasks to queue
[2024-01-31T00:08:55.280+0100] {logging_mixin.py:188} INFO - [2024-01-31T00:08:55.280+0100] {dagbag.py:538} INFO - Filling up the DagBag from /home/ubuntu/.local/lib/python3.10/site-packages/airflow/example_dags/plugins/event_listener.py
[2024-01-31T00:08:55.296+0100] {processor.py:842} WARNING - No viable dags retrieved from /home/ubuntu/.local/lib/python3.10/site-packages/airflow/example_dags/plugins/event_listener.py
[2024-01-31T00:08:55.311+0100] {processor.py:183} INFO - Processing /home/ubuntu/.local/lib/python3.10/site-packages/airflow/example_dags/plugins/event_listener.py took 0.041 seconds
[2024-01-31T00:10:10.231+0100] {processor.py:161} INFO - Started process (PID=10344) to work on /home/ubuntu/.local/lib/python3.10/site-packages/airflow/example_dags/plugins/event_listener.py
[2024-01-31T00:10:10.234+0100] {processor.py:830} INFO - Processing file /home/ubuntu/.local/lib/python3.10/site-packages/airflow/example_dags/plugins/event_listener.py for tasks to queue
[2024-01-31T00:10:10.235+0100] {logging_mixin.py:188} INFO - [2024-01-31T00:10:10.234+0100] {dagbag.py:538} INFO - Filling up the DagBag from /home/ubuntu/.local/lib/python3.10/site-packages/airflow/example_dags/plugins/event_listener.py
[2024-01-31T00:10:10.240+0100] {processor.py:842} WARNING - No viable dags retrieved from /home/ubuntu/.local/lib/python3.10/site-packages/airflow/example_dags/plugins/event_listener.py
[2024-01-31T00:10:10.257+0100] {processor.py:183} INFO - Processing /home/ubuntu/.local/lib/python3.10/site-packages/airflow/example_dags/plugins/event_listener.py took 0.031 seconds
[2024-01-31T00:11:24.456+0100] {processor.py:161} INFO - Started process (PID=10476) to work on /home/ubuntu/.local/lib/python3.10/site-packages/airflow/example_dags/plugins/event_listener.py
[2024-01-31T00:11:24.465+0100] {processor.py:830} INFO - Processing file /home/ubuntu/.local/lib/python3.10/site-packages/airflow/example_dags/plugins/event_listener.py for tasks to queue
[2024-01-31T00:11:24.466+0100] {logging_mixin.py:188} INFO - [2024-01-31T00:11:24.466+0100] {dagbag.py:538} INFO - Filling up the DagBag from /home/ubuntu/.local/lib/python3.10/site-packages/airflow/example_dags/plugins/event_listener.py
[2024-01-31T00:11:24.493+0100] {processor.py:842} WARNING - No viable dags retrieved from /home/ubuntu/.local/lib/python3.10/site-packages/airflow/example_dags/plugins/event_listener.py
[2024-01-31T00:11:24.604+0100] {processor.py:183} INFO - Processing /home/ubuntu/.local/lib/python3.10/site-packages/airflow/example_dags/plugins/event_listener.py took 0.157 seconds
[2024-01-31T00:13:04.007+0100] {processor.py:161} INFO - Started process (PID=10574) to work on /home/ubuntu/.local/lib/python3.10/site-packages/airflow/example_dags/plugins/event_listener.py
[2024-01-31T00:13:04.080+0100] {processor.py:830} INFO - Processing file /home/ubuntu/.local/lib/python3.10/site-packages/airflow/example_dags/plugins/event_listener.py for tasks to queue
[2024-01-31T00:13:04.081+0100] {logging_mixin.py:188} INFO - [2024-01-31T00:13:04.081+0100] {dagbag.py:538} INFO - Filling up the DagBag from /home/ubuntu/.local/lib/python3.10/site-packages/airflow/example_dags/plugins/event_listener.py
[2024-01-31T00:13:04.113+0100] {processor.py:842} WARNING - No viable dags retrieved from /home/ubuntu/.local/lib/python3.10/site-packages/airflow/example_dags/plugins/event_listener.py
[2024-01-31T00:13:04.163+0100] {processor.py:183} INFO - Processing /home/ubuntu/.local/lib/python3.10/site-packages/airflow/example_dags/plugins/event_listener.py took 0.163 seconds
[2024-01-31T00:14:38.407+0100] {processor.py:161} INFO - Started process (PID=10642) to work on /home/ubuntu/.local/lib/python3.10/site-packages/airflow/example_dags/plugins/event_listener.py
[2024-01-31T00:14:38.461+0100] {processor.py:830} INFO - Processing file /home/ubuntu/.local/lib/python3.10/site-packages/airflow/example_dags/plugins/event_listener.py for tasks to queue
[2024-01-31T00:14:38.462+0100] {logging_mixin.py:188} INFO - [2024-01-31T00:14:38.462+0100] {dagbag.py:538} INFO - Filling up the DagBag from /home/ubuntu/.local/lib/python3.10/site-packages/airflow/example_dags/plugins/event_listener.py
[2024-01-31T00:14:38.471+0100] {processor.py:842} WARNING - No viable dags retrieved from /home/ubuntu/.local/lib/python3.10/site-packages/airflow/example_dags/plugins/event_listener.py
[2024-01-31T00:14:38.529+0100] {processor.py:183} INFO - Processing /home/ubuntu/.local/lib/python3.10/site-packages/airflow/example_dags/plugins/event_listener.py took 0.137 seconds
[2024-01-31T00:15:59.294+0100] {processor.py:161} INFO - Started process (PID=10710) to work on /home/ubuntu/.local/lib/python3.10/site-packages/airflow/example_dags/plugins/event_listener.py
[2024-01-31T00:15:59.320+0100] {processor.py:830} INFO - Processing file /home/ubuntu/.local/lib/python3.10/site-packages/airflow/example_dags/plugins/event_listener.py for tasks to queue
[2024-01-31T00:15:59.322+0100] {logging_mixin.py:188} INFO - [2024-01-31T00:15:59.321+0100] {dagbag.py:538} INFO - Filling up the DagBag from /home/ubuntu/.local/lib/python3.10/site-packages/airflow/example_dags/plugins/event_listener.py
[2024-01-31T00:15:59.330+0100] {processor.py:842} WARNING - No viable dags retrieved from /home/ubuntu/.local/lib/python3.10/site-packages/airflow/example_dags/plugins/event_listener.py
[2024-01-31T00:15:59.559+0100] {processor.py:183} INFO - Processing /home/ubuntu/.local/lib/python3.10/site-packages/airflow/example_dags/plugins/event_listener.py took 0.271 seconds
[2024-01-31T00:17:29.627+0100] {processor.py:161} INFO - Started process (PID=10801) to work on /home/ubuntu/.local/lib/python3.10/site-packages/airflow/example_dags/plugins/event_listener.py
[2024-01-31T00:17:29.633+0100] {processor.py:830} INFO - Processing file /home/ubuntu/.local/lib/python3.10/site-packages/airflow/example_dags/plugins/event_listener.py for tasks to queue
[2024-01-31T00:17:29.638+0100] {logging_mixin.py:188} INFO - [2024-01-31T00:17:29.637+0100] {dagbag.py:538} INFO - Filling up the DagBag from /home/ubuntu/.local/lib/python3.10/site-packages/airflow/example_dags/plugins/event_listener.py
[2024-01-31T00:17:29.644+0100] {processor.py:842} WARNING - No viable dags retrieved from /home/ubuntu/.local/lib/python3.10/site-packages/airflow/example_dags/plugins/event_listener.py
[2024-01-31T00:17:29.664+0100] {processor.py:183} INFO - Processing /home/ubuntu/.local/lib/python3.10/site-packages/airflow/example_dags/plugins/event_listener.py took 0.043 seconds
[2024-01-31T00:18:48.723+0100] {processor.py:161} INFO - Started process (PID=10877) to work on /home/ubuntu/.local/lib/python3.10/site-packages/airflow/example_dags/plugins/event_listener.py
[2024-01-31T00:18:48.726+0100] {processor.py:830} INFO - Processing file /home/ubuntu/.local/lib/python3.10/site-packages/airflow/example_dags/plugins/event_listener.py for tasks to queue
[2024-01-31T00:18:48.728+0100] {logging_mixin.py:188} INFO - [2024-01-31T00:18:48.727+0100] {dagbag.py:538} INFO - Filling up the DagBag from /home/ubuntu/.local/lib/python3.10/site-packages/airflow/example_dags/plugins/event_listener.py
[2024-01-31T00:18:48.732+0100] {processor.py:842} WARNING - No viable dags retrieved from /home/ubuntu/.local/lib/python3.10/site-packages/airflow/example_dags/plugins/event_listener.py
[2024-01-31T00:18:48.747+0100] {processor.py:183} INFO - Processing /home/ubuntu/.local/lib/python3.10/site-packages/airflow/example_dags/plugins/event_listener.py took 0.029 seconds
[2024-01-31T00:20:31.534+0100] {processor.py:161} INFO - Started process (PID=11035) to work on /home/ubuntu/.local/lib/python3.10/site-packages/airflow/example_dags/plugins/event_listener.py
[2024-01-31T00:20:31.556+0100] {processor.py:830} INFO - Processing file /home/ubuntu/.local/lib/python3.10/site-packages/airflow/example_dags/plugins/event_listener.py for tasks to queue
[2024-01-31T00:20:31.557+0100] {logging_mixin.py:188} INFO - [2024-01-31T00:20:31.557+0100] {dagbag.py:538} INFO - Filling up the DagBag from /home/ubuntu/.local/lib/python3.10/site-packages/airflow/example_dags/plugins/event_listener.py
[2024-01-31T00:20:31.566+0100] {processor.py:842} WARNING - No viable dags retrieved from /home/ubuntu/.local/lib/python3.10/site-packages/airflow/example_dags/plugins/event_listener.py
[2024-01-31T00:20:31.614+0100] {processor.py:183} INFO - Processing /home/ubuntu/.local/lib/python3.10/site-packages/airflow/example_dags/plugins/event_listener.py took 0.108 seconds
[2024-01-31T00:21:45.414+0100] {processor.py:161} INFO - Started process (PID=11079) to work on /home/ubuntu/.local/lib/python3.10/site-packages/airflow/example_dags/plugins/event_listener.py
[2024-01-31T00:21:45.449+0100] {processor.py:830} INFO - Processing file /home/ubuntu/.local/lib/python3.10/site-packages/airflow/example_dags/plugins/event_listener.py for tasks to queue
[2024-01-31T00:21:45.451+0100] {logging_mixin.py:188} INFO - [2024-01-31T00:21:45.450+0100] {dagbag.py:538} INFO - Filling up the DagBag from /home/ubuntu/.local/lib/python3.10/site-packages/airflow/example_dags/plugins/event_listener.py
[2024-01-31T00:21:45.459+0100] {processor.py:842} WARNING - No viable dags retrieved from /home/ubuntu/.local/lib/python3.10/site-packages/airflow/example_dags/plugins/event_listener.py
[2024-01-31T00:21:45.547+0100] {processor.py:183} INFO - Processing /home/ubuntu/.local/lib/python3.10/site-packages/airflow/example_dags/plugins/event_listener.py took 0.148 seconds
[2024-01-31T00:22:54.526+0100] {processor.py:161} INFO - Started process (PID=11124) to work on /home/ubuntu/.local/lib/python3.10/site-packages/airflow/example_dags/plugins/event_listener.py
[2024-01-31T00:22:54.558+0100] {processor.py:830} INFO - Processing file /home/ubuntu/.local/lib/python3.10/site-packages/airflow/example_dags/plugins/event_listener.py for tasks to queue
[2024-01-31T00:22:54.569+0100] {logging_mixin.py:188} INFO - [2024-01-31T00:22:54.569+0100] {dagbag.py:538} INFO - Filling up the DagBag from /home/ubuntu/.local/lib/python3.10/site-packages/airflow/example_dags/plugins/event_listener.py
[2024-01-31T00:22:54.579+0100] {processor.py:842} WARNING - No viable dags retrieved from /home/ubuntu/.local/lib/python3.10/site-packages/airflow/example_dags/plugins/event_listener.py
[2024-01-31T00:22:54.631+0100] {processor.py:183} INFO - Processing /home/ubuntu/.local/lib/python3.10/site-packages/airflow/example_dags/plugins/event_listener.py took 0.142 seconds
[2024-01-31T00:24:07.794+0100] {processor.py:161} INFO - Started process (PID=11170) to work on /home/ubuntu/.local/lib/python3.10/site-packages/airflow/example_dags/plugins/event_listener.py
[2024-01-31T00:24:07.838+0100] {processor.py:830} INFO - Processing file /home/ubuntu/.local/lib/python3.10/site-packages/airflow/example_dags/plugins/event_listener.py for tasks to queue
[2024-01-31T00:24:07.851+0100] {logging_mixin.py:188} INFO - [2024-01-31T00:24:07.839+0100] {dagbag.py:538} INFO - Filling up the DagBag from /home/ubuntu/.local/lib/python3.10/site-packages/airflow/example_dags/plugins/event_listener.py
[2024-01-31T00:24:07.855+0100] {processor.py:842} WARNING - No viable dags retrieved from /home/ubuntu/.local/lib/python3.10/site-packages/airflow/example_dags/plugins/event_listener.py
[2024-01-31T00:24:07.888+0100] {processor.py:183} INFO - Processing /home/ubuntu/.local/lib/python3.10/site-packages/airflow/example_dags/plugins/event_listener.py took 0.100 seconds
[2024-01-31T00:25:06.450+0100] {processor.py:161} INFO - Started process (PID=11230) to work on /home/ubuntu/.local/lib/python3.10/site-packages/airflow/example_dags/plugins/event_listener.py
[2024-01-31T00:25:06.453+0100] {processor.py:830} INFO - Processing file /home/ubuntu/.local/lib/python3.10/site-packages/airflow/example_dags/plugins/event_listener.py for tasks to queue
[2024-01-31T00:25:06.462+0100] {logging_mixin.py:188} INFO - [2024-01-31T00:25:06.454+0100] {dagbag.py:538} INFO - Filling up the DagBag from /home/ubuntu/.local/lib/python3.10/site-packages/airflow/example_dags/plugins/event_listener.py
[2024-01-31T00:25:06.468+0100] {processor.py:842} WARNING - No viable dags retrieved from /home/ubuntu/.local/lib/python3.10/site-packages/airflow/example_dags/plugins/event_listener.py
[2024-01-31T00:25:06.498+0100] {processor.py:183} INFO - Processing /home/ubuntu/.local/lib/python3.10/site-packages/airflow/example_dags/plugins/event_listener.py took 0.052 seconds
[2024-01-31T00:26:12.700+0100] {processor.py:161} INFO - Started process (PID=11289) to work on /home/ubuntu/.local/lib/python3.10/site-packages/airflow/example_dags/plugins/event_listener.py
[2024-01-31T00:26:12.703+0100] {processor.py:830} INFO - Processing file /home/ubuntu/.local/lib/python3.10/site-packages/airflow/example_dags/plugins/event_listener.py for tasks to queue
[2024-01-31T00:26:12.705+0100] {logging_mixin.py:188} INFO - [2024-01-31T00:26:12.704+0100] {dagbag.py:538} INFO - Filling up the DagBag from /home/ubuntu/.local/lib/python3.10/site-packages/airflow/example_dags/plugins/event_listener.py
[2024-01-31T00:26:12.709+0100] {processor.py:842} WARNING - No viable dags retrieved from /home/ubuntu/.local/lib/python3.10/site-packages/airflow/example_dags/plugins/event_listener.py
[2024-01-31T00:26:12.730+0100] {processor.py:183} INFO - Processing /home/ubuntu/.local/lib/python3.10/site-packages/airflow/example_dags/plugins/event_listener.py took 0.035 seconds
[2024-01-31T00:27:25.767+0100] {processor.py:161} INFO - Started process (PID=11356) to work on /home/ubuntu/.local/lib/python3.10/site-packages/airflow/example_dags/plugins/event_listener.py
[2024-01-31T00:27:25.788+0100] {processor.py:830} INFO - Processing file /home/ubuntu/.local/lib/python3.10/site-packages/airflow/example_dags/plugins/event_listener.py for tasks to queue
[2024-01-31T00:27:25.790+0100] {logging_mixin.py:188} INFO - [2024-01-31T00:27:25.789+0100] {dagbag.py:538} INFO - Filling up the DagBag from /home/ubuntu/.local/lib/python3.10/site-packages/airflow/example_dags/plugins/event_listener.py
[2024-01-31T00:27:25.794+0100] {processor.py:842} WARNING - No viable dags retrieved from /home/ubuntu/.local/lib/python3.10/site-packages/airflow/example_dags/plugins/event_listener.py
[2024-01-31T00:27:25.840+0100] {processor.py:183} INFO - Processing /home/ubuntu/.local/lib/python3.10/site-packages/airflow/example_dags/plugins/event_listener.py took 0.079 seconds
[2024-01-31T00:28:52.858+0100] {processor.py:161} INFO - Started process (PID=11514) to work on /home/ubuntu/.local/lib/python3.10/site-packages/airflow/example_dags/plugins/event_listener.py
[2024-01-31T00:28:52.861+0100] {processor.py:830} INFO - Processing file /home/ubuntu/.local/lib/python3.10/site-packages/airflow/example_dags/plugins/event_listener.py for tasks to queue
[2024-01-31T00:28:52.862+0100] {logging_mixin.py:188} INFO - [2024-01-31T00:28:52.862+0100] {dagbag.py:538} INFO - Filling up the DagBag from /home/ubuntu/.local/lib/python3.10/site-packages/airflow/example_dags/plugins/event_listener.py
[2024-01-31T00:28:52.868+0100] {processor.py:842} WARNING - No viable dags retrieved from /home/ubuntu/.local/lib/python3.10/site-packages/airflow/example_dags/plugins/event_listener.py
[2024-01-31T00:28:52.884+0100] {processor.py:183} INFO - Processing /home/ubuntu/.local/lib/python3.10/site-packages/airflow/example_dags/plugins/event_listener.py took 0.031 seconds
[2024-01-31T00:30:09.959+0100] {processor.py:161} INFO - Started process (PID=11581) to work on /home/ubuntu/.local/lib/python3.10/site-packages/airflow/example_dags/plugins/event_listener.py
[2024-01-31T00:30:09.991+0100] {processor.py:830} INFO - Processing file /home/ubuntu/.local/lib/python3.10/site-packages/airflow/example_dags/plugins/event_listener.py for tasks to queue
[2024-01-31T00:30:09.993+0100] {logging_mixin.py:188} INFO - [2024-01-31T00:30:09.992+0100] {dagbag.py:538} INFO - Filling up the DagBag from /home/ubuntu/.local/lib/python3.10/site-packages/airflow/example_dags/plugins/event_listener.py
[2024-01-31T00:30:10.018+0100] {processor.py:842} WARNING - No viable dags retrieved from /home/ubuntu/.local/lib/python3.10/site-packages/airflow/example_dags/plugins/event_listener.py
[2024-01-31T00:30:10.084+0100] {processor.py:183} INFO - Processing /home/ubuntu/.local/lib/python3.10/site-packages/airflow/example_dags/plugins/event_listener.py took 0.133 seconds
[2024-01-31T00:31:29.180+0100] {processor.py:161} INFO - Started process (PID=11646) to work on /home/ubuntu/.local/lib/python3.10/site-packages/airflow/example_dags/plugins/event_listener.py
[2024-01-31T00:31:29.186+0100] {processor.py:830} INFO - Processing file /home/ubuntu/.local/lib/python3.10/site-packages/airflow/example_dags/plugins/event_listener.py for tasks to queue
[2024-01-31T00:31:29.189+0100] {logging_mixin.py:188} INFO - [2024-01-31T00:31:29.188+0100] {dagbag.py:538} INFO - Filling up the DagBag from /home/ubuntu/.local/lib/python3.10/site-packages/airflow/example_dags/plugins/event_listener.py
[2024-01-31T00:31:29.193+0100] {processor.py:842} WARNING - No viable dags retrieved from /home/ubuntu/.local/lib/python3.10/site-packages/airflow/example_dags/plugins/event_listener.py
[2024-01-31T00:31:29.209+0100] {processor.py:183} INFO - Processing /home/ubuntu/.local/lib/python3.10/site-packages/airflow/example_dags/plugins/event_listener.py took 0.034 seconds
[2024-01-31T00:32:45.590+0100] {processor.py:161} INFO - Started process (PID=11710) to work on /home/ubuntu/.local/lib/python3.10/site-packages/airflow/example_dags/plugins/event_listener.py
[2024-01-31T00:32:45.592+0100] {processor.py:830} INFO - Processing file /home/ubuntu/.local/lib/python3.10/site-packages/airflow/example_dags/plugins/event_listener.py for tasks to queue
[2024-01-31T00:32:45.593+0100] {logging_mixin.py:188} INFO - [2024-01-31T00:32:45.593+0100] {dagbag.py:538} INFO - Filling up the DagBag from /home/ubuntu/.local/lib/python3.10/site-packages/airflow/example_dags/plugins/event_listener.py
[2024-01-31T00:32:45.600+0100] {processor.py:842} WARNING - No viable dags retrieved from /home/ubuntu/.local/lib/python3.10/site-packages/airflow/example_dags/plugins/event_listener.py
[2024-01-31T00:32:45.618+0100] {processor.py:183} INFO - Processing /home/ubuntu/.local/lib/python3.10/site-packages/airflow/example_dags/plugins/event_listener.py took 0.035 seconds
[2024-01-31T00:34:02.047+0100] {processor.py:161} INFO - Started process (PID=11793) to work on /home/ubuntu/.local/lib/python3.10/site-packages/airflow/example_dags/plugins/event_listener.py
[2024-01-31T00:34:02.050+0100] {processor.py:830} INFO - Processing file /home/ubuntu/.local/lib/python3.10/site-packages/airflow/example_dags/plugins/event_listener.py for tasks to queue
[2024-01-31T00:34:02.052+0100] {logging_mixin.py:188} INFO - [2024-01-31T00:34:02.052+0100] {dagbag.py:538} INFO - Filling up the DagBag from /home/ubuntu/.local/lib/python3.10/site-packages/airflow/example_dags/plugins/event_listener.py
[2024-01-31T00:34:02.056+0100] {processor.py:842} WARNING - No viable dags retrieved from /home/ubuntu/.local/lib/python3.10/site-packages/airflow/example_dags/plugins/event_listener.py
[2024-01-31T00:34:02.074+0100] {processor.py:183} INFO - Processing /home/ubuntu/.local/lib/python3.10/site-packages/airflow/example_dags/plugins/event_listener.py took 0.031 seconds
[2024-01-31T00:35:09.622+0100] {processor.py:161} INFO - Started process (PID=11854) to work on /home/ubuntu/.local/lib/python3.10/site-packages/airflow/example_dags/plugins/event_listener.py
[2024-01-31T00:35:09.624+0100] {processor.py:830} INFO - Processing file /home/ubuntu/.local/lib/python3.10/site-packages/airflow/example_dags/plugins/event_listener.py for tasks to queue
[2024-01-31T00:35:09.626+0100] {logging_mixin.py:188} INFO - [2024-01-31T00:35:09.626+0100] {dagbag.py:538} INFO - Filling up the DagBag from /home/ubuntu/.local/lib/python3.10/site-packages/airflow/example_dags/plugins/event_listener.py
[2024-01-31T00:35:09.630+0100] {processor.py:842} WARNING - No viable dags retrieved from /home/ubuntu/.local/lib/python3.10/site-packages/airflow/example_dags/plugins/event_listener.py
[2024-01-31T00:35:09.648+0100] {processor.py:183} INFO - Processing /home/ubuntu/.local/lib/python3.10/site-packages/airflow/example_dags/plugins/event_listener.py took 0.038 seconds
[2024-01-31T00:36:15.242+0100] {processor.py:161} INFO - Started process (PID=11915) to work on /home/ubuntu/.local/lib/python3.10/site-packages/airflow/example_dags/plugins/event_listener.py
[2024-01-31T00:36:15.245+0100] {processor.py:830} INFO - Processing file /home/ubuntu/.local/lib/python3.10/site-packages/airflow/example_dags/plugins/event_listener.py for tasks to queue
[2024-01-31T00:36:15.246+0100] {logging_mixin.py:188} INFO - [2024-01-31T00:36:15.246+0100] {dagbag.py:538} INFO - Filling up the DagBag from /home/ubuntu/.local/lib/python3.10/site-packages/airflow/example_dags/plugins/event_listener.py
[2024-01-31T00:36:15.250+0100] {processor.py:842} WARNING - No viable dags retrieved from /home/ubuntu/.local/lib/python3.10/site-packages/airflow/example_dags/plugins/event_listener.py
[2024-01-31T00:36:15.267+0100] {processor.py:183} INFO - Processing /home/ubuntu/.local/lib/python3.10/site-packages/airflow/example_dags/plugins/event_listener.py took 0.030 seconds
[2024-01-31T00:37:23.418+0100] {processor.py:161} INFO - Started process (PID=11976) to work on /home/ubuntu/.local/lib/python3.10/site-packages/airflow/example_dags/plugins/event_listener.py
[2024-01-31T00:37:23.421+0100] {processor.py:830} INFO - Processing file /home/ubuntu/.local/lib/python3.10/site-packages/airflow/example_dags/plugins/event_listener.py for tasks to queue
[2024-01-31T00:37:23.426+0100] {logging_mixin.py:188} INFO - [2024-01-31T00:37:23.422+0100] {dagbag.py:538} INFO - Filling up the DagBag from /home/ubuntu/.local/lib/python3.10/site-packages/airflow/example_dags/plugins/event_listener.py
[2024-01-31T00:37:23.430+0100] {processor.py:842} WARNING - No viable dags retrieved from /home/ubuntu/.local/lib/python3.10/site-packages/airflow/example_dags/plugins/event_listener.py
[2024-01-31T00:37:23.448+0100] {processor.py:183} INFO - Processing /home/ubuntu/.local/lib/python3.10/site-packages/airflow/example_dags/plugins/event_listener.py took 0.036 seconds
[2024-01-31T00:38:36.977+0100] {processor.py:161} INFO - Started process (PID=12047) to work on /home/ubuntu/.local/lib/python3.10/site-packages/airflow/example_dags/plugins/event_listener.py
[2024-01-31T00:38:36.980+0100] {processor.py:830} INFO - Processing file /home/ubuntu/.local/lib/python3.10/site-packages/airflow/example_dags/plugins/event_listener.py for tasks to queue
[2024-01-31T00:38:36.982+0100] {logging_mixin.py:188} INFO - [2024-01-31T00:38:36.981+0100] {dagbag.py:538} INFO - Filling up the DagBag from /home/ubuntu/.local/lib/python3.10/site-packages/airflow/example_dags/plugins/event_listener.py
[2024-01-31T00:38:36.987+0100] {processor.py:842} WARNING - No viable dags retrieved from /home/ubuntu/.local/lib/python3.10/site-packages/airflow/example_dags/plugins/event_listener.py
[2024-01-31T00:38:37.014+0100] {processor.py:183} INFO - Processing /home/ubuntu/.local/lib/python3.10/site-packages/airflow/example_dags/plugins/event_listener.py took 0.042 seconds
[2024-01-31T00:39:44.637+0100] {processor.py:161} INFO - Started process (PID=12107) to work on /home/ubuntu/.local/lib/python3.10/site-packages/airflow/example_dags/plugins/event_listener.py
[2024-01-31T00:39:44.639+0100] {processor.py:830} INFO - Processing file /home/ubuntu/.local/lib/python3.10/site-packages/airflow/example_dags/plugins/event_listener.py for tasks to queue
[2024-01-31T00:39:44.646+0100] {logging_mixin.py:188} INFO - [2024-01-31T00:39:44.643+0100] {dagbag.py:538} INFO - Filling up the DagBag from /home/ubuntu/.local/lib/python3.10/site-packages/airflow/example_dags/plugins/event_listener.py
[2024-01-31T00:39:44.674+0100] {processor.py:842} WARNING - No viable dags retrieved from /home/ubuntu/.local/lib/python3.10/site-packages/airflow/example_dags/plugins/event_listener.py
[2024-01-31T00:39:44.689+0100] {processor.py:183} INFO - Processing /home/ubuntu/.local/lib/python3.10/site-packages/airflow/example_dags/plugins/event_listener.py took 0.057 seconds
[2024-01-31T00:40:55.043+0100] {processor.py:161} INFO - Started process (PID=12169) to work on /home/ubuntu/.local/lib/python3.10/site-packages/airflow/example_dags/plugins/event_listener.py
[2024-01-31T00:40:55.052+0100] {processor.py:830} INFO - Processing file /home/ubuntu/.local/lib/python3.10/site-packages/airflow/example_dags/plugins/event_listener.py for tasks to queue
[2024-01-31T00:40:55.054+0100] {logging_mixin.py:188} INFO - [2024-01-31T00:40:55.053+0100] {dagbag.py:538} INFO - Filling up the DagBag from /home/ubuntu/.local/lib/python3.10/site-packages/airflow/example_dags/plugins/event_listener.py
[2024-01-31T00:40:55.058+0100] {processor.py:842} WARNING - No viable dags retrieved from /home/ubuntu/.local/lib/python3.10/site-packages/airflow/example_dags/plugins/event_listener.py
[2024-01-31T00:40:55.074+0100] {processor.py:183} INFO - Processing /home/ubuntu/.local/lib/python3.10/site-packages/airflow/example_dags/plugins/event_listener.py took 0.038 seconds
[2024-01-31T00:42:04.575+0100] {processor.py:161} INFO - Started process (PID=12232) to work on /home/ubuntu/.local/lib/python3.10/site-packages/airflow/example_dags/plugins/event_listener.py
[2024-01-31T00:42:04.578+0100] {processor.py:830} INFO - Processing file /home/ubuntu/.local/lib/python3.10/site-packages/airflow/example_dags/plugins/event_listener.py for tasks to queue
[2024-01-31T00:42:04.580+0100] {logging_mixin.py:188} INFO - [2024-01-31T00:42:04.578+0100] {dagbag.py:538} INFO - Filling up the DagBag from /home/ubuntu/.local/lib/python3.10/site-packages/airflow/example_dags/plugins/event_listener.py
[2024-01-31T00:42:04.583+0100] {processor.py:842} WARNING - No viable dags retrieved from /home/ubuntu/.local/lib/python3.10/site-packages/airflow/example_dags/plugins/event_listener.py
[2024-01-31T00:42:04.602+0100] {processor.py:183} INFO - Processing /home/ubuntu/.local/lib/python3.10/site-packages/airflow/example_dags/plugins/event_listener.py took 0.033 seconds
[2024-01-31T00:43:10.650+0100] {processor.py:161} INFO - Started process (PID=12293) to work on /home/ubuntu/.local/lib/python3.10/site-packages/airflow/example_dags/plugins/event_listener.py
[2024-01-31T00:43:10.652+0100] {processor.py:830} INFO - Processing file /home/ubuntu/.local/lib/python3.10/site-packages/airflow/example_dags/plugins/event_listener.py for tasks to queue
[2024-01-31T00:43:10.655+0100] {logging_mixin.py:188} INFO - [2024-01-31T00:43:10.654+0100] {dagbag.py:538} INFO - Filling up the DagBag from /home/ubuntu/.local/lib/python3.10/site-packages/airflow/example_dags/plugins/event_listener.py
[2024-01-31T00:43:10.658+0100] {processor.py:842} WARNING - No viable dags retrieved from /home/ubuntu/.local/lib/python3.10/site-packages/airflow/example_dags/plugins/event_listener.py
[2024-01-31T00:43:10.673+0100] {processor.py:183} INFO - Processing /home/ubuntu/.local/lib/python3.10/site-packages/airflow/example_dags/plugins/event_listener.py took 0.029 seconds
[2024-01-31T00:44:19.049+0100] {processor.py:161} INFO - Started process (PID=12354) to work on /home/ubuntu/.local/lib/python3.10/site-packages/airflow/example_dags/plugins/event_listener.py
[2024-01-31T00:44:19.054+0100] {processor.py:830} INFO - Processing file /home/ubuntu/.local/lib/python3.10/site-packages/airflow/example_dags/plugins/event_listener.py for tasks to queue
[2024-01-31T00:44:19.056+0100] {logging_mixin.py:188} INFO - [2024-01-31T00:44:19.056+0100] {dagbag.py:538} INFO - Filling up the DagBag from /home/ubuntu/.local/lib/python3.10/site-packages/airflow/example_dags/plugins/event_listener.py
[2024-01-31T00:44:19.061+0100] {processor.py:842} WARNING - No viable dags retrieved from /home/ubuntu/.local/lib/python3.10/site-packages/airflow/example_dags/plugins/event_listener.py
[2024-01-31T00:44:19.111+0100] {processor.py:183} INFO - Processing /home/ubuntu/.local/lib/python3.10/site-packages/airflow/example_dags/plugins/event_listener.py took 0.066 seconds
[2024-01-31T00:45:27.404+0100] {processor.py:161} INFO - Started process (PID=12415) to work on /home/ubuntu/.local/lib/python3.10/site-packages/airflow/example_dags/plugins/event_listener.py
[2024-01-31T00:45:27.409+0100] {processor.py:830} INFO - Processing file /home/ubuntu/.local/lib/python3.10/site-packages/airflow/example_dags/plugins/event_listener.py for tasks to queue
[2024-01-31T00:45:27.411+0100] {logging_mixin.py:188} INFO - [2024-01-31T00:45:27.410+0100] {dagbag.py:538} INFO - Filling up the DagBag from /home/ubuntu/.local/lib/python3.10/site-packages/airflow/example_dags/plugins/event_listener.py
[2024-01-31T00:45:27.419+0100] {processor.py:842} WARNING - No viable dags retrieved from /home/ubuntu/.local/lib/python3.10/site-packages/airflow/example_dags/plugins/event_listener.py
[2024-01-31T00:45:27.436+0100] {processor.py:183} INFO - Processing /home/ubuntu/.local/lib/python3.10/site-packages/airflow/example_dags/plugins/event_listener.py took 0.038 seconds
                                                                                                                                                                                                                                                                                                                                                                                                                                                                                                                                                                                                                                                                                                                                                                                                                                                                                                                                                                                                                           